[2017-10-11 20:09:12] [INFO] test_goto_login: test START 
[2017-10-11 20:09:16] [INFO] [(1, '登录页面跳转测试 ', 'Pass', '2017-10-11 20:09:12', '2017-10-11 20:09:16', '0:00:04', '')]
[2017-10-11 20:09:19] [INFO] <xlrd.book.Book object at 0x0000000003B83588>
[2017-10-11 20:09:19] [INFO] <xlwt.Workbook.Workbook object at 0x0000000003C8B0B8>
[2017-10-11 20:09:39] [INFO] [(2, '正确密码是否可成功登录测试 ', 'Pass', '2017-10-11 20:09:25', '2017-10-11 20:09:39', '0:00:14', '')]
[2017-10-11 20:09:42] [INFO] <xlrd.book.Book object at 0x0000000003B86550>
[2017-10-11 20:09:42] [INFO] <xlwt.Workbook.Workbook object at 0x0000000003C04F98>
[2017-10-11 20:10:05] [INFO] [(3, '是否能顺利跳转到wan 界面 ', 'Pass', '2017-10-11 20:09:47', '2017-10-11 20:10:05', '0:00:18', '')]
[2017-10-11 20:10:08] [INFO] <xlrd.book.Book object at 0x0000000003B6A0F0>
[2017-10-11 20:10:08] [INFO] <xlwt.Workbook.Workbook object at 0x0000000003C0C550>
[2017-10-11 20:10:43] [INFO] 请输入IP地址。
[2017-10-11 20:10:43] [INFO] [(4, '没有IP地址输入时的错误信息提示 ', 'Pass', '2017-10-11 20:10:14', '2017-10-11 20:10:43', '0:00:29', '')]
[2017-10-11 20:10:47] [INFO] <xlrd.book.Book object at 0x0000000003B6A128>
[2017-10-11 20:10:47] [INFO] <xlwt.Workbook.Workbook object at 0x0000000003C117F0>
[2017-10-11 20:11:02] [INFO] [(5, '不填写密码时的提示信息是否正确 ', 'Pass', '2017-10-11 20:10:52', '2017-10-11 20:11:02', '0:00:10', '')]
[2017-10-11 20:11:06] [INFO] <xlrd.book.Book object at 0x0000000003B86550>
[2017-10-11 20:11:06] [INFO] <xlwt.Workbook.Workbook object at 0x0000000003C09630>
[2017-10-11 20:11:19] [INFO] [(6, '登录密码错误时提示信息是否正确 ', 'Pass', '2017-10-11 20:11:11', '2017-10-11 20:11:19', '0:00:08', '')]
[2017-10-11 20:11:22] [INFO] <xlrd.book.Book object at 0x0000000003B864E0>
[2017-10-11 20:11:22] [INFO] <xlwt.Workbook.Workbook object at 0x0000000003C0A390>
[2017-10-11 20:11:58] [INFO] 请输入子网掩码。
[2017-10-11 20:11:58] [INFO] [(7, '不输入子网掩码时的错误信息提示 ', 'Pass', '2017-10-11 20:11:28', '2017-10-11 20:11:58', '0:00:30', '')]
[2017-10-11 20:12:01] [INFO] <xlrd.book.Book object at 0x0000000003B68128>
[2017-10-11 20:12:01] [INFO] <xlwt.Workbook.Workbook object at 0x0000000003C92978>
[2017-10-11 20:12:37] [INFO] 请输入默认网关地址。
[2017-10-11 20:12:37] [INFO] [(8, '不输入默认网关时的错误信息提示 ', 'Pass', '2017-10-11 20:12:07', '2017-10-11 20:12:37', '0:00:30', '')]
[2017-10-11 20:12:41] [INFO] <xlrd.book.Book object at 0x0000000003B68128>
[2017-10-11 20:12:41] [INFO] <xlwt.Workbook.Workbook object at 0x0000000003C16A20>
[2017-10-11 20:13:15] [INFO] IP地址含非法字符，请重新输入。
[2017-10-11 20:13:19] [INFO] IP地址含非法字符，请重新输入。
[2017-10-11 20:13:22] [INFO] IP地址含非法字符，请重新输入。
[2017-10-11 20:13:25] [INFO] IP地址含非法字符，请重新输入。
[2017-10-11 20:13:29] [INFO] IP地址格式错误，请重新输入。
[2017-10-11 20:13:32] [INFO] IP地址含非法字符，请重新输入。
[2017-10-11 20:13:32] [INFO] [(9, '非法格式的IP地址输入时提示信息检查 ', 'Pass', '2017-10-11 20:12:47', '2017-10-11 20:13:32', '0:00:45', '')]
[2017-10-11 20:13:35] [INFO] <xlrd.book.Book object at 0x0000000003B6A0B8>
[2017-10-11 20:13:35] [INFO] <xlwt.Workbook.Workbook object at 0x0000000003CB69B0>
[2017-10-11 20:14:11] [INFO] 子网掩码不正确，请重新输入。
[2017-10-11 20:14:17] [INFO] 子网掩码不正确，请重新输入。
[2017-10-11 20:14:22] [INFO] 子网掩码不正确，请重新输入。
[2017-10-11 20:14:27] [INFO] 子网掩码不正确，请重新输入。
[2017-10-11 20:14:33] [INFO] 子网掩码不正确，请重新输入。
[2017-10-11 20:14:38] [INFO] 子网掩码不正确，请重新输入。
[2017-10-11 20:14:38] [INFO] [(10, '非法格式的子网掩码输入时，提示信息检查 ', 'Pass', '2017-10-11 20:13:41', '2017-10-11 20:14:38', '0:00:57', '')]
[2017-10-11 20:14:41] [INFO] <xlrd.book.Book object at 0x0000000003B6A0F0>
[2017-10-11 20:14:41] [INFO] <xlwt.Workbook.Workbook object at 0x0000000003C19668>
[2017-10-11 20:15:18] [INFO] 默认网关错误，请重新输入。
[2017-10-11 20:15:23] [INFO] 默认网关错误，请重新输入。
[2017-10-11 20:15:28] [INFO] 默认网关错误，请重新输入。
[2017-10-11 20:15:34] [INFO] 默认网关错误，请重新输入。
[2017-10-11 20:15:39] [INFO] 默认网关错误，请重新输入。
[2017-10-11 20:15:44] [INFO] 默认网关错误，请重新输入。
[2017-10-11 20:15:44] [INFO] [(11, '非法格式的默认网关输入时，提示信息检查 ', 'Pass', '2017-10-11 20:14:47', '2017-10-11 20:15:44', '0:00:57', '')]
[2017-10-11 20:15:48] [INFO] <xlrd.book.Book object at 0x0000000003B6B0F0>
[2017-10-11 20:15:48] [INFO] <xlwt.Workbook.Workbook object at 0x0000000003C20710>
[2017-10-11 20:16:36] [INFO] [(12, '是否可以成功设置静态IP ', 'Pass', '2017-10-11 20:15:54', '2017-10-11 20:16:36', '0:00:42', '')]
[2017-10-11 20:16:36] [INFO] 测试完成后将上网方式恢复为自动获取
[2017-10-11 20:17:00] [INFO] <xlrd.book.Book object at 0x0000000003B6A0B8>
[2017-10-11 20:17:00] [INFO] <xlwt.Workbook.Workbook object at 0x0000000003C18BA8>
[2017-10-11 20:17:29] [INFO] [(13, '是否能顺利跳转到lan页面 ', 'Pass', '2017-10-11 20:17:07', '2017-10-11 20:17:29', '0:00:22', '')]
[2017-10-11 20:17:33] [INFO] <xlrd.book.Book object at 0x0000000003B69390>
[2017-10-11 20:17:33] [INFO] <xlwt.Workbook.Workbook object at 0x0000000003D0BC18>
[2017-10-11 20:17:56] [INFO] 默认的局域网地址:
[2017-10-11 20:17:56] [INFO] 默认的dhcp状态是：checkbox_off
[2017-10-11 20:17:56] [INFO] 默认的初始IP地址池：
[2017-10-11 20:17:56] [INFO] 默认的结束IP地址池： 
[2017-10-11 20:17:56] [INFO] [(14, 'lan页面默认项检查 ', 'Pass', '2017-10-11 20:17:38', '2017-10-11 20:17:56', '0:00:18', '')]
[2017-10-11 20:17:59] [INFO] <xlrd.book.Book object at 0x0000000003B69358>
[2017-10-11 20:17:59] [INFO] <xlwt.Workbook.Workbook object at 0x0000000003C0CD30>
[2017-10-11 20:18:34] [INFO] [(15, 'lan页面不输入局域网地址时的提示语检查 ', 'Pass', '2017-10-11 20:18:06', '2017-10-11 20:18:34', '0:00:28', '')]
[2017-10-11 20:18:37] [INFO] <xlrd.book.Book object at 0x0000000003B69320>
[2017-10-11 20:18:37] [INFO] <xlwt.Workbook.Workbook object at 0x0000000003C0FCF8>
[2017-10-11 20:19:08] [INFO] IP地址含非法字符，请重新输入。
[2017-10-11 20:19:10] [INFO] IP地址含非法字符，请重新输入。
[2017-10-11 20:19:12] [INFO] IP地址含非法字符，请重新输入。
[2017-10-11 20:19:14] [INFO] IP地址含非法字符，请重新输入。
[2017-10-11 20:19:16] [INFO] IP地址格式错误，请重新输入。
[2017-10-11 20:19:19] [INFO] IP地址含非法字符，请重新输入。
[2017-10-11 20:19:19] [INFO] [(16, 'lan页面输入格式错误的局域网地址时的提示语检查 ', 'Pass', '2017-10-11 20:18:43', '2017-10-11 20:19:19', '0:00:36', '')]
[2017-10-11 20:19:22] [INFO] <xlrd.book.Book object at 0x0000000003B69390>
[2017-10-11 20:19:22] [INFO] <xlwt.Workbook.Workbook object at 0x0000000003C13E80>
[2017-10-11 20:20:59] [INFO] [(17, 'lan页面修改局域网地址是否可以成功 ', 'Pass', '2017-10-11 20:19:28', '2017-10-11 20:20:59', '0:01:31', '')]
[2017-10-11 20:20:59] [INFO] 测试完成后修改到原来的IP
[2017-10-11 20:22:15] [INFO] <xlrd.book.Book object at 0x0000000003B693C8>
[2017-10-11 20:22:15] [INFO] <xlwt.Workbook.Workbook object at 0x0000000003C4EC88>
[2017-10-11 20:22:56] [INFO] 地址池开始值错误，请重新输入。
[2017-10-11 20:22:56] [INFO] [(18, '开始IP地址非法时提示信息检查 ', 'Pass', '2017-10-11 20:22:22', '2017-10-11 20:22:56', '0:00:34', '')]
[2017-10-11 20:22:59] [INFO] <xlrd.book.Book object at 0x0000000003B693C8>
[2017-10-11 20:22:59] [INFO] <xlwt.Workbook.Workbook object at 0x0000000003C95048>
[2017-10-11 20:23:37] [INFO] 地址池结束值错误，请重新输入。
[2017-10-11 20:23:37] [INFO] [(19, '结束IP地址非法时提示信息检查 ', 'Pass', '2017-10-11 20:23:06', '2017-10-11 20:23:37', '0:00:31', '')]
[2017-10-11 20:23:40] [INFO] <xlrd.book.Book object at 0x0000000003B69390>
[2017-10-11 20:23:40] [INFO] <xlwt.Workbook.Workbook object at 0x0000000003C160B8>
[2017-10-11 20:24:18] [INFO] 地址池结束值不能小于开始值，请重新输入。
[2017-10-11 20:24:18] [INFO] [(20, '开始IP地址大于结束IP地址时，提示语检查 ', 'Pass', '2017-10-11 20:23:45', '2017-10-11 20:24:18', '0:00:33', '')]
[2017-10-11 20:24:21] [INFO] <xlrd.book.Book object at 0x0000000003B693C8>
[2017-10-11 20:24:21] [INFO] <xlwt.Workbook.Workbook object at 0x0000000003D76160>
[2017-10-11 20:25:05] [INFO] [(21, '开始ip地址和结束IP地址都合法时，是否可以成功保存 ', 'Pass', '2017-10-11 20:24:27', '2017-10-11 20:25:05', '0:00:38', '')]
[2017-10-11 20:25:08] [INFO] <xlrd.book.Book object at 0x0000000003B693C8>
[2017-10-11 20:25:08] [INFO] <xlwt.Workbook.Workbook object at 0x0000000003D271D0>
[2017-10-11 20:25:41] [INFO] [(22, 'DHCP 能否被正确关闭 ', 'Pass', '2017-10-11 20:25:14', '2017-10-11 20:25:41', '0:00:27', '')]
[2017-10-11 20:25:44] [INFO] <xlrd.book.Book object at 0x0000000003B69358>
[2017-10-11 20:25:44] [INFO] <xlwt.Workbook.Workbook object at 0x0000000003CB2080>
[2017-10-11 20:26:07] [INFO] [(23, '是否能顺利跳转到无线wifi设置界面 ', 'Pass', '2017-10-11 20:25:50', '2017-10-11 20:26:07', '0:00:17', '')]
[2017-10-11 20:26:10] [INFO] <xlrd.book.Book object at 0x0000000003B4CF28>
[2017-10-11 20:26:10] [INFO] <xlwt.Workbook.Workbook object at 0x0000000003C0EB70>
[2017-10-11 20:26:33] [INFO] wifiname:frt_test
[2017-10-11 20:26:33] [INFO] wifiname:iot123321
[2017-10-11 20:26:33] [INFO] [(24, 'wifi页面默认项检查 ', 'Pass', '2017-10-11 20:26:16', '2017-10-11 20:26:33', '0:00:17', '')]
[2017-10-11 20:26:36] [INFO] <xlrd.book.Book object at 0x0000000003B4CEF0>
[2017-10-11 20:26:36] [INFO] <xlwt.Workbook.Workbook object at 0x0000000003C0EC88>
[2017-10-11 20:31:25] [INFO] [(25, 'wifi名称各种组合是否支持 ', 'Pass', '2017-10-11 20:26:41', '2017-10-11 20:31:25', '0:04:44', '')]
[2017-10-11 20:31:28] [INFO] <xlrd.book.Book object at 0x0000000003B4CFD0>
[2017-10-11 20:31:28] [INFO] <xlwt.Workbook.Workbook object at 0x0000000003CD0DD8>
[2017-10-11 20:31:50] [INFO] 请输入2.4G无线名称。
[2017-10-11 20:31:50] [INFO] [(26, '不输入wifi名称时的提示语检查 ', 'Pass', '2017-10-11 20:31:33', '2017-10-11 20:31:50', '0:00:17', '')]
[2017-10-11 20:31:53] [INFO] <xlrd.book.Book object at 0x0000000003B4CF60>
[2017-10-11 20:31:53] [INFO] <xlwt.Workbook.Workbook object at 0x0000000003C90E10>
[2017-10-11 20:32:41] [INFO] [(27, '不输入wifi密码时是否可以保存成功 ', 'Pass', '2017-10-11 20:31:59', '2017-10-11 20:32:41', '0:00:42', '')]
[2017-10-11 20:32:41] [INFO] 测试完成后恢复wifi密码
[2017-10-11 20:33:06] [INFO] <xlrd.book.Book object at 0x0000000003B4BF60>
[2017-10-11 20:33:06] [INFO] <xlwt.Workbook.Workbook object at 0x0000000003C1DF98>
[2017-10-11 20:33:44] [INFO] [(28, '输入错误格式的wifi 密码，提示语检查 ', 'Pass', '2017-10-11 20:33:11', '2017-10-11 20:33:44', '0:00:33', '')]
[2017-10-11 20:33:44] [INFO] 测试完成恢复wifi密码
[2017-10-11 20:34:11] [INFO] <xlrd.book.Book object at 0x0000000003B4BF60>
[2017-10-11 20:34:11] [INFO] <xlwt.Workbook.Workbook object at 0x0000000003C1AF60>
[2017-10-11 20:37:30] [INFO] [(29, '是否支持各种格式的wifi密码 ', 'Pass', '2017-10-11 20:34:16', '2017-10-11 20:37:30', '0:03:14', '')]
[2017-10-11 20:37:30] [INFO] 测试完成恢复wifi密码
[2017-10-11 20:38:01] [INFO] <xlrd.book.Book object at 0x0000000003B4BEF0>
[2017-10-11 20:38:02] [INFO] <xlwt.Workbook.Workbook object at 0x0000000003C42F28>
[2017-10-11 20:38:32] [INFO] no found
[2017-10-11 20:38:32] [INFO] no found
[2017-10-11 20:38:32] [INFO] no found
[2017-10-11 20:38:32] [INFO] no found
[2017-10-11 20:38:32] [INFO] no found
[2017-10-11 20:38:32] [INFO] no found
[2017-10-11 20:38:32] [INFO] no found
[2017-10-11 20:38:32] [INFO] no found
[2017-10-11 20:38:32] [INFO] no found
[2017-10-11 20:38:32] [INFO] no found
[2017-10-11 20:38:32] [INFO] no found
[2017-10-11 20:38:32] [INFO] no found
[2017-10-11 20:38:32] [INFO] no found
[2017-10-11 20:38:32] [INFO] no found
[2017-10-11 20:38:32] [INFO] no found
[2017-10-11 20:38:32] [INFO] no found
[2017-10-11 20:38:32] [INFO] no found
[2017-10-11 20:38:32] [INFO] no found
[2017-10-11 20:38:32] [INFO] no found
[2017-10-11 20:38:32] [INFO] no found
[2017-10-11 20:38:32] [INFO] no found
[2017-10-11 20:38:32] [INFO] no found
[2017-10-11 20:38:32] [INFO] no found
[2017-10-11 20:38:32] [INFO] no found
[2017-10-11 20:38:32] [INFO] no found
[2017-10-11 20:38:32] [INFO] no found
[2017-10-11 20:38:32] [INFO] no found
[2017-10-11 20:38:32] [INFO] no found
[2017-10-11 20:38:32] [INFO] no found
[2017-10-11 20:38:32] [INFO] no found
[2017-10-11 20:38:32] [INFO] no found
[2017-10-11 20:38:32] [INFO] no found
[2017-10-11 20:38:32] [INFO] no found
[2017-10-11 20:38:32] [INFO] no found
[2017-10-11 20:38:32] [INFO] no found
[2017-10-11 20:38:32] [INFO] no found
[2017-10-11 20:38:32] [INFO] no found
[2017-10-11 20:38:32] [INFO] no found
[2017-10-11 20:38:32] [INFO] no found
[2017-10-11 20:38:32] [INFO] no found
[2017-10-11 20:38:32] [INFO] no found
[2017-10-11 20:38:32] [INFO] no found
[2017-10-11 20:38:32] [INFO] no found
[2017-10-11 20:38:32] [INFO] no found
[2017-10-11 20:38:32] [INFO] no found
[2017-10-11 20:38:32] [INFO] no found
[2017-10-11 20:38:32] [INFO] no found
[2017-10-11 20:38:32] [INFO] no found
[2017-10-11 20:38:32] [INFO] no found
[2017-10-11 20:38:32] [INFO] no found
[2017-10-11 20:38:32] [INFO] no found
[2017-10-11 20:38:32] [INFO] no found
[2017-10-11 20:38:32] [INFO] no found
[2017-10-11 20:38:32] [INFO] no found
[2017-10-11 20:38:32] [INFO] no found
[2017-10-11 20:38:32] [INFO] no found
[2017-10-11 20:38:32] [INFO] no found
[2017-10-11 20:38:32] [INFO] no found
[2017-10-11 20:38:32] [INFO] no found
[2017-10-11 20:38:32] [INFO] no found
[2017-10-11 20:38:32] [INFO] no found
[2017-10-11 20:38:32] [INFO] no found
[2017-10-11 20:38:32] [INFO] no found
[2017-10-11 20:38:32] [INFO] no found
[2017-10-11 20:38:32] [INFO] no found
[2017-10-11 20:38:32] [INFO] no found
[2017-10-11 20:38:32] [INFO] no found
[2017-10-11 20:38:32] [INFO] no found
[2017-10-11 20:38:32] [INFO] no found
[2017-10-11 20:38:32] [INFO] no found
[2017-10-11 20:38:32] [INFO] no found
[2017-10-11 20:38:32] [INFO] no found
[2017-10-11 20:38:32] [INFO] no found
[2017-10-11 20:38:32] [INFO] no found
[2017-10-11 20:38:32] [INFO] no found
[2017-10-11 20:38:32] [INFO] no found
[2017-10-11 20:38:32] [INFO] no found
[2017-10-11 20:38:32] [INFO] no found
[2017-10-11 20:38:32] [INFO] no found
[2017-10-11 20:38:32] [INFO] no found
[2017-10-11 20:38:32] [INFO] no found
[2017-10-11 20:38:32] [INFO] no found
[2017-10-11 20:38:32] [INFO] no found
[2017-10-11 20:38:32] [INFO] no found
[2017-10-11 20:38:32] [INFO] no found
[2017-10-11 20:38:32] [INFO] no found
[2017-10-11 20:38:32] [INFO] no found
[2017-10-11 20:38:32] [INFO] no found
[2017-10-11 20:38:32] [INFO] no found
[2017-10-11 20:38:32] [INFO] no found
[2017-10-11 20:38:32] [INFO] no found
[2017-10-11 20:38:32] [INFO] no found
[2017-10-11 20:38:32] [INFO] no found
[2017-10-11 20:38:32] [INFO] no found
[2017-10-11 20:38:32] [INFO] no found
[2017-10-11 20:38:32] [INFO] no found
[2017-10-11 20:38:32] [INFO] no found
[2017-10-11 20:38:32] [INFO] no found
[2017-10-11 20:38:32] [INFO] no found
[2017-10-11 20:38:32] [INFO] no found
[2017-10-11 20:38:32] [INFO] no found
[2017-10-11 20:38:32] [INFO] no found
[2017-10-11 20:38:32] [INFO] no found
[2017-10-11 20:38:32] [INFO] no found
[2017-10-11 20:38:32] [INFO] no found
[2017-10-11 20:38:32] [INFO] no found
[2017-10-11 20:38:32] [INFO] no found
[2017-10-11 20:38:32] [INFO] no found
[2017-10-11 20:38:32] [INFO] no found
[2017-10-11 20:38:32] [INFO] no found
[2017-10-11 20:38:32] [INFO] no found
[2017-10-11 20:38:32] [INFO] no found
[2017-10-11 20:38:32] [INFO] no found
[2017-10-11 20:38:32] [INFO] no found
[2017-10-11 20:38:32] [INFO] no found
[2017-10-11 20:38:32] [INFO] no found
[2017-10-11 20:38:32] [INFO] no found
[2017-10-11 20:38:32] [INFO] no found
[2017-10-11 20:38:32] [INFO] no found
[2017-10-11 20:38:32] [INFO] no found
[2017-10-11 20:38:32] [INFO] no found
[2017-10-11 20:38:32] [INFO] no found
[2017-10-11 20:38:32] [INFO] no found
[2017-10-11 20:38:32] [INFO] no found
[2017-10-11 20:38:32] [INFO] no found
[2017-10-11 20:38:32] [INFO] no found
[2017-10-11 20:38:32] [INFO] no found
[2017-10-11 20:38:32] [INFO] no found
[2017-10-11 20:38:32] [INFO] no found
[2017-10-11 20:38:32] [INFO] no found
[2017-10-11 20:38:32] [INFO] no found
[2017-10-11 20:38:32] [INFO] no found
[2017-10-11 20:38:32] [INFO] no found
[2017-10-11 20:38:32] [INFO] no found
[2017-10-11 20:38:32] [INFO] no found
[2017-10-11 20:38:32] [INFO] no found
[2017-10-11 20:38:32] [INFO] no found
[2017-10-11 20:38:32] [INFO] no found
[2017-10-11 20:38:32] [INFO] no found
[2017-10-11 20:38:32] [INFO] no found
[2017-10-11 20:38:32] [INFO] no found
[2017-10-11 20:38:32] [INFO] no found
[2017-10-11 20:38:32] [INFO] no found
[2017-10-11 20:38:32] [INFO] no found
[2017-10-11 20:38:32] [INFO] [(30, '关闭wifi 后，查看电脑的无线列表 ', 'Pass', '2017-10-11 20:38:07', '2017-10-11 20:38:32', '0:00:25', '')]
[2017-10-11 20:38:32] [INFO] 测试完成后恢复到wifi打开的状态
[2017-10-11 20:38:41] [INFO] <xlrd.book.Book object at 0x0000000003B4BFD0>
[2017-10-11 20:38:41] [INFO] <xlwt.Workbook.Workbook object at 0x0000000003C1C048>
[2017-10-11 20:39:39] [INFO] no found
[2017-10-11 20:39:39] [INFO] no found
[2017-10-11 20:39:39] [INFO] no found
[2017-10-11 20:39:39] [INFO] no found
[2017-10-11 20:39:39] [INFO] no found
[2017-10-11 20:39:39] [INFO] no found
[2017-10-11 20:39:39] [INFO] no found
[2017-10-11 20:39:39] [INFO] no found
[2017-10-11 20:39:39] [INFO] no found
[2017-10-11 20:39:39] [INFO] no found
[2017-10-11 20:39:39] [INFO] no found
[2017-10-11 20:39:39] [INFO] no found
[2017-10-11 20:39:39] [INFO] no found
[2017-10-11 20:39:39] [INFO] no found
[2017-10-11 20:39:39] [INFO] no found
[2017-10-11 20:39:39] [INFO] no found
[2017-10-11 20:39:39] [INFO] no found
[2017-10-11 20:39:39] [INFO] no found
[2017-10-11 20:39:39] [INFO] no found
[2017-10-11 20:39:39] [INFO] no found
[2017-10-11 20:39:39] [INFO] no found
[2017-10-11 20:39:39] [INFO] no found
[2017-10-11 20:39:39] [INFO] no found
[2017-10-11 20:39:39] [INFO] no found
[2017-10-11 20:39:39] [INFO] no found
[2017-10-11 20:39:39] [INFO] no found
[2017-10-11 20:39:39] [INFO] no found
[2017-10-11 20:39:39] [INFO] no found
[2017-10-11 20:39:39] [INFO] no found
[2017-10-11 20:39:39] [INFO] no found
[2017-10-11 20:39:39] [INFO] no found
[2017-10-11 20:39:39] [INFO] no found
[2017-10-11 20:39:39] [INFO] no found
[2017-10-11 20:39:39] [INFO] no found
[2017-10-11 20:39:39] [INFO] no found
[2017-10-11 20:39:39] [INFO] no found
[2017-10-11 20:39:39] [INFO] no found
[2017-10-11 20:39:39] [INFO] no found
[2017-10-11 20:39:39] [INFO] no found
[2017-10-11 20:39:39] [INFO] no found
[2017-10-11 20:39:39] [INFO] no found
[2017-10-11 20:39:39] [INFO] no found
[2017-10-11 20:39:39] [INFO] no found
[2017-10-11 20:39:39] [INFO] no found
[2017-10-11 20:39:39] [INFO] no found
[2017-10-11 20:39:39] [INFO] no found
[2017-10-11 20:39:39] [INFO] no found
[2017-10-11 20:39:39] [INFO] no found
[2017-10-11 20:39:39] [INFO] no found
[2017-10-11 20:39:39] [INFO] no found
[2017-10-11 20:39:39] [INFO] no found
[2017-10-11 20:39:39] [INFO] no found
[2017-10-11 20:39:39] [INFO] no found
[2017-10-11 20:39:39] [INFO] no found
[2017-10-11 20:39:39] [INFO] no found
[2017-10-11 20:39:39] [INFO] no found
[2017-10-11 20:39:39] [INFO] no found
[2017-10-11 20:39:39] [INFO] no found
[2017-10-11 20:39:39] [INFO] no found
[2017-10-11 20:39:39] [INFO] no found
[2017-10-11 20:39:39] [INFO] no found
[2017-10-11 20:39:39] [INFO] no found
[2017-10-11 20:39:39] [INFO] no found
[2017-10-11 20:39:39] [INFO] no found
[2017-10-11 20:39:39] [INFO] no found
[2017-10-11 20:39:39] [INFO] no found
[2017-10-11 20:39:39] [INFO] no found
[2017-10-11 20:39:39] [INFO] no found
[2017-10-11 20:39:39] [INFO] no found
[2017-10-11 20:39:39] [INFO] no found
[2017-10-11 20:39:39] [INFO] no found
[2017-10-11 20:39:39] [INFO] no found
[2017-10-11 20:39:39] [INFO] no found
[2017-10-11 20:39:39] [INFO] no found
[2017-10-11 20:39:39] [INFO] no found
[2017-10-11 20:39:39] [INFO] no found
[2017-10-11 20:39:39] [INFO] no found
[2017-10-11 20:39:39] [INFO] no found
[2017-10-11 20:39:39] [INFO] no found
[2017-10-11 20:39:39] [INFO] no found
[2017-10-11 20:39:39] [INFO] no found
[2017-10-11 20:39:39] [INFO] no found
[2017-10-11 20:39:39] [INFO] no found
[2017-10-11 20:39:39] [INFO] no found
[2017-10-11 20:39:39] [INFO] no found
[2017-10-11 20:39:39] [INFO] no found
[2017-10-11 20:39:39] [INFO] no found
[2017-10-11 20:39:39] [INFO] no found
[2017-10-11 20:39:39] [INFO] no found
[2017-10-11 20:39:39] [INFO] no found
[2017-10-11 20:39:39] [INFO] no found
[2017-10-11 20:39:39] [INFO] no found
[2017-10-11 20:39:39] [INFO] no found
[2017-10-11 20:39:39] [INFO] no found
[2017-10-11 20:39:39] [INFO] no found
[2017-10-11 20:39:39] [INFO] no found
[2017-10-11 20:39:39] [INFO] no found
[2017-10-11 20:39:39] [INFO] no found
[2017-10-11 20:39:39] [INFO] no found
[2017-10-11 20:39:39] [INFO] no found
[2017-10-11 20:39:39] [INFO] no found
[2017-10-11 20:39:39] [INFO] no found
[2017-10-11 20:39:39] [INFO] no found
[2017-10-11 20:39:39] [INFO] no found
[2017-10-11 20:39:39] [INFO] no found
[2017-10-11 20:39:39] [INFO] no found
[2017-10-11 20:39:39] [INFO] no found
[2017-10-11 20:39:39] [INFO] no found
[2017-10-11 20:39:39] [INFO] no found
[2017-10-11 20:39:39] [INFO] no found
[2017-10-11 20:39:39] [INFO] no found
[2017-10-11 20:39:39] [INFO] no found
[2017-10-11 20:39:39] [INFO] no found
[2017-10-11 20:39:39] [INFO] no found
[2017-10-11 20:39:39] [INFO] no found
[2017-10-11 20:39:39] [INFO] no found
[2017-10-11 20:39:39] [INFO] no found
[2017-10-11 20:39:39] [INFO] no found
[2017-10-11 20:39:39] [INFO] no found
[2017-10-11 20:39:39] [INFO] [(31, '关闭SSID,查看电脑列表能否搜索到wifi名称 ', 'Pass', '2017-10-11 20:38:46', '2017-10-11 20:39:39', '0:00:53', '')]
[2017-10-11 20:39:39] [INFO] 测试完成后关闭ssid隐藏
[2017-10-11 20:40:02] [INFO] <xlrd.book.Book object at 0x0000000003B4AFD0>
[2017-10-11 20:40:02] [INFO] <xlwt.Workbook.Workbook object at 0x0000000003C190B8>
[2017-10-11 20:40:33] [INFO] [(32, '不输入原密码时的提示信息检查 ', 'Pass', '2017-10-11 20:40:08', '2017-10-11 20:40:33', '0:00:25', '')]
[2017-10-11 20:40:36] [INFO] <xlrd.book.Book object at 0x0000000003B82D30>
[2017-10-11 20:40:37] [INFO] <xlwt.Workbook.Workbook object at 0x0000000003C95DA0>
[2017-10-11 20:41:11] [INFO] [(33, '不输入新密码时的提示信息检查 ', 'Pass', '2017-10-11 20:40:42', '2017-10-11 20:41:11', '0:00:29', '')]
[2017-10-11 20:41:14] [INFO] <xlrd.book.Book object at 0x0000000003B84D30>
[2017-10-11 20:41:14] [INFO] <xlwt.Workbook.Workbook object at 0x0000000003CACE10>
[2017-10-11 20:41:48] [INFO] [(34, '确认密码不输入时提示信息检查 ', 'Pass', '2017-10-11 20:41:19', '2017-10-11 20:41:48', '0:00:29', '')]
[2017-10-11 20:41:51] [INFO] <xlrd.book.Book object at 0x0000000003BBB898>
[2017-10-11 20:41:51] [INFO] <xlwt.Workbook.Workbook object at 0x0000000003C23198>
[2017-10-11 20:42:24] [INFO] [(35, '确认密码与新密码不一致时的提示信息检查 ', 'Pass', '2017-10-11 20:41:56', '2017-10-11 20:42:24', '0:00:28', '')]
[2017-10-11 20:42:27] [INFO] <xlrd.book.Book object at 0x0000000003BBC5F8>
[2017-10-11 20:42:27] [INFO] <xlwt.Workbook.Workbook object at 0x0000000003C241D0>
[2017-10-11 20:43:01] [INFO] [(36, '原密码错误时提示信息检查 ', 'Pass', '2017-10-11 20:42:32', '2017-10-11 20:43:01', '0:00:29', '')]
[2017-10-11 20:43:04] [INFO] <xlrd.book.Book object at 0x0000000003BBB908>
[2017-10-11 20:43:04] [INFO] <xlwt.Workbook.Workbook object at 0x0000000003C24240>
[2017-10-11 20:43:37] [INFO] [(37, '新密码格式错误时提示信息检查 ', 'Pass', '2017-10-11 20:43:09', '2017-10-11 20:43:37', '0:00:28', '')]
[2017-10-11 20:43:40] [INFO] <xlrd.book.Book object at 0x0000000003B82D68>
[2017-10-11 20:43:40] [INFO] <xlwt.Workbook.Workbook object at 0x0000000003C1BF60>
[2017-10-11 20:44:44] [INFO] [(38, '修改登录密码查看是否可以登录成功', 'Pass', '2017-10-11 20:43:46', '2017-10-11 20:44:44', '0:00:58', '')]
[2017-10-11 20:44:44] [INFO] 测试完成恢复登录密码
[2017-10-11 20:44:59] [INFO] <xlrd.book.Book object at 0x0000000003B83D30>
[2017-10-11 20:44:59] [INFO] <xlwt.Workbook.Workbook object at 0x0000000003C25CF8>
[2017-10-11 20:45:38] [INFO] [(39, '检查时区能否正确改变 ', 'Pass', '2017-10-11 20:45:05', '2017-10-11 20:45:38', '0:00:33', '')]
[2017-10-11 20:45:38] [INFO] 测试完成恢复时区
[2017-10-11 20:45:43] [INFO] <xlrd.book.Book object at 0x0000000003B82CC0>
[2017-10-11 20:45:43] [INFO] <xlwt.Workbook.Workbook object at 0x0000000003C1BD68>
[2017-10-11 20:46:19] [INFO] ./upgrade/upload.exe E:\wifitest\upgrade\eeee.png
[2017-10-11 20:46:19] [INFO] 开始用autoit3脚本控制选择本地文件
[2017-10-11 20:46:32] [INFO] [(40, '上传错误的升级文件时，错误提示 ', 'Pass', '2017-10-11 20:45:48', '2017-10-11 20:46:32', '0:00:44', '')]
[2017-10-11 20:46:35] [INFO] <xlrd.book.Book object at 0x0000000003B82CF8>
[2017-10-11 20:46:35] [INFO] <xlwt.Workbook.Workbook object at 0x0000000003C1BF98>
[2017-10-11 20:48:33] [INFO] [(41, '重启功能检查 ', 'Pass', '2017-10-11 20:46:41', '2017-10-11 20:48:33', '0:01:52', '')]
[2017-10-11 20:48:36] [INFO] <xlrd.book.Book object at 0x0000000003B82D68>
[2017-10-11 20:48:36] [INFO] <xlwt.Workbook.Workbook object at 0x0000000003D69080>
[2017-10-11 20:49:10] [INFO] [(42, '取消重启检查 ', 'Pass', '2017-10-11 20:48:41', '2017-10-11 20:49:10', '0:00:29', '')]
[2017-10-11 20:49:13] [INFO] <xlrd.book.Book object at 0x0000000003B83D30>
[2017-10-11 20:49:13] [INFO] <xlwt.Workbook.Workbook object at 0x0000000003C9D048>
[2017-10-11 20:49:34] [INFO] [(43, '退出系统 ', 'Pass', '2017-10-11 20:49:18', '2017-10-11 20:49:34', '0:00:16', '')]
[2017-10-11 20:49:37] [INFO] <xlrd.book.Book object at 0x0000000003B835C0>
[2017-10-11 20:49:37] [INFO] <xlwt.Workbook.Workbook object at 0x0000000003C0F198>
[2017-10-11 20:49:37] [INFO] 发送邮件
