[2017-10-10 18:02:30] [INFO] test_goto_login: test START 
[2017-10-10 18:02:34] [INFO] [(1, '登录页面跳转测试 ', 'Pass', '2017-10-10 18:02:30', '2017-10-10 18:02:34', '0:00:04', '')]
[2017-10-10 18:02:37] [INFO] <xlrd.book.Book object at 0x0000000003B826A0>
[2017-10-10 18:02:37] [INFO] <xlwt.Workbook.Workbook object at 0x0000000003C0C1D0>
[2017-10-10 18:02:58] [INFO] [(2, '正确密码是否可成功登录测试 ', 'Pass', '2017-10-10 18:02:42', '2017-10-10 18:02:58', '0:00:16', '')]
[2017-10-10 18:03:01] [INFO] <xlrd.book.Book object at 0x0000000003B83668>
[2017-10-10 18:03:01] [INFO] <xlwt.Workbook.Workbook object at 0x0000000003C0A0F0>
[2017-10-10 18:03:25] [INFO] [(3, '是否能顺利跳转到wan 界面 ', 'Pass', '2017-10-10 18:03:06', '2017-10-10 18:03:25', '0:00:19', '')]
[2017-10-10 18:03:28] [INFO] <xlrd.book.Book object at 0x0000000003B69278>
[2017-10-10 18:03:28] [INFO] <xlwt.Workbook.Workbook object at 0x0000000003C0D6A0>
[2017-10-10 18:04:03] [INFO] 请输入IP地址。
[2017-10-10 18:04:03] [INFO] [(4, '没有IP地址输入时的错误信息提示 ', 'Pass', '2017-10-10 18:03:33', '2017-10-10 18:04:03', '0:00:30', '')]
[2017-10-10 18:04:06] [INFO] <xlrd.book.Book object at 0x0000000003B68240>
[2017-10-10 18:04:06] [INFO] <xlwt.Workbook.Workbook object at 0x0000000003CA0908>
[2017-10-10 18:04:20] [INFO] [(5, '不填写密码时的提示信息是否正确 ', 'Pass', '2017-10-10 18:04:11', '2017-10-10 18:04:20', '0:00:09', '')]
[2017-10-10 18:04:23] [INFO] <xlrd.book.Book object at 0x0000000003B83668>
[2017-10-10 18:04:23] [INFO] <xlwt.Workbook.Workbook object at 0x0000000003BF4160>
[2017-10-10 18:04:36] [INFO] [(6, '登录密码错误时提示信息是否正确 ', 'Pass', '2017-10-10 18:04:28', '2017-10-10 18:04:36', '0:00:08', '')]
[2017-10-10 18:04:39] [INFO] <xlrd.book.Book object at 0x0000000003B83668>
[2017-10-10 18:04:39] [INFO] <xlwt.Workbook.Workbook object at 0x0000000003C0A550>
[2017-10-10 18:05:31] [INFO] 请输入子网掩码。
[2017-10-10 18:05:31] [INFO] [(7, '不输入子网掩码时的错误信息提示 ', 'Pass', '2017-10-10 18:04:45', '2017-10-10 18:05:31', '0:00:46', '')]
[2017-10-10 18:05:34] [INFO] <xlrd.book.Book object at 0x0000000003B68240>
[2017-10-10 18:05:34] [INFO] <xlwt.Workbook.Workbook object at 0x0000000003C13AC8>
[2017-10-10 18:06:10] [INFO] 请输入默认网关地址。
[2017-10-10 18:06:10] [INFO] [(8, '不输入默认网关时的错误信息提示 ', 'Pass', '2017-10-10 18:05:39', '2017-10-10 18:06:10', '0:00:31', '')]
[2017-10-10 18:06:13] [INFO] <xlrd.book.Book object at 0x0000000003B68240>
[2017-10-10 18:06:13] [INFO] <xlwt.Workbook.Workbook object at 0x0000000003CB7B38>
[2017-10-10 18:06:46] [INFO] IP地址含非法字符，请重新输入。
[2017-10-10 18:06:49] [INFO] IP地址含非法字符，请重新输入。
[2017-10-10 18:06:52] [INFO] IP地址含非法字符，请重新输入。
[2017-10-10 18:06:56] [INFO] IP地址含非法字符，请重新输入。
[2017-10-10 18:06:59] [INFO] IP地址格式错误，请重新输入。
[2017-10-10 18:07:02] [INFO] IP地址含非法字符，请重新输入。
[2017-10-10 18:07:02] [INFO] [(9, '非法格式的IP地址输入时提示信息检查 ', 'Pass', '2017-10-10 18:06:18', '2017-10-10 18:07:02', '0:00:44', '')]
[2017-10-10 18:07:05] [INFO] <xlrd.book.Book object at 0x0000000003B68198>
[2017-10-10 18:07:05] [INFO] <xlwt.Workbook.Workbook object at 0x0000000003C15AC8>
[2017-10-10 18:07:43] [INFO] 子网掩码不正确，请重新输入。
[2017-10-10 18:07:48] [INFO] 子网掩码不正确，请重新输入。
[2017-10-10 18:07:53] [INFO] 子网掩码不正确，请重新输入。
[2017-10-10 18:07:58] [INFO] 子网掩码不正确，请重新输入。
[2017-10-10 18:08:04] [INFO] 子网掩码不正确，请重新输入。
[2017-10-10 18:08:09] [INFO] 子网掩码不正确，请重新输入。
[2017-10-10 18:08:09] [INFO] [(10, '非法格式的子网掩码输入时，提示信息检查 ', 'Pass', '2017-10-10 18:07:11', '2017-10-10 18:08:09', '0:00:58', '')]
[2017-10-10 18:08:12] [INFO] <xlrd.book.Book object at 0x0000000003B68208>
[2017-10-10 18:08:12] [INFO] <xlwt.Workbook.Workbook object at 0x0000000003C1C7B8>
[2017-10-10 18:08:48] [INFO] 默认网关错误，请重新输入。
[2017-10-10 18:08:53] [INFO] 默认网关错误，请重新输入。
[2017-10-10 18:08:58] [INFO] 默认网关错误，请重新输入。
[2017-10-10 18:09:04] [INFO] 默认网关错误，请重新输入。
[2017-10-10 18:09:09] [INFO] 默认网关错误，请重新输入。
[2017-10-10 18:09:14] [INFO] 默认网关错误，请重新输入。
[2017-10-10 18:09:14] [INFO] [(11, '非法格式的默认网关输入时，提示信息检查 ', 'Pass', '2017-10-10 18:08:17', '2017-10-10 18:09:14', '0:00:57', '')]
[2017-10-10 18:09:17] [INFO] <xlrd.book.Book object at 0x0000000003B68198>
[2017-10-10 18:09:17] [INFO] <xlwt.Workbook.Workbook object at 0x0000000003CAF7F0>
[2017-10-10 18:10:05] [INFO] [(12, '是否可以成功设置静态IP ', 'Pass', '2017-10-10 18:09:23', '2017-10-10 18:10:05', '0:00:42', '')]
[2017-10-10 18:10:05] [INFO] 测试完成后将上网方式恢复为自动获取
[2017-10-10 18:10:29] [INFO] <xlrd.book.Book object at 0x0000000003B69198>
[2017-10-10 18:10:29] [INFO] <xlwt.Workbook.Workbook object at 0x0000000003C18CF8>
[2017-10-10 18:10:55] [INFO] [(13, '是否能顺利跳转到lan页面 ', 'Pass', '2017-10-10 18:10:34', '2017-10-10 18:10:55', '0:00:21', '')]
[2017-10-10 18:10:58] [INFO] <xlrd.book.Book object at 0x0000000003B5A518>
[2017-10-10 18:10:58] [INFO] <xlwt.Workbook.Workbook object at 0x0000000003C0BDD8>
[2017-10-10 18:11:18] [INFO] 默认的局域网地址:
[2017-10-10 18:11:18] [INFO] 默认的dhcp状态是：checkbox_off
[2017-10-10 18:11:18] [INFO] 默认的初始IP地址池：
[2017-10-10 18:11:18] [INFO] 默认的结束IP地址池： 
[2017-10-10 18:11:18] [INFO] [(14, 'lan页面默认项检查 ', 'Pass', '2017-10-10 18:11:03', '2017-10-10 18:11:18', '0:00:15', '')]
[2017-10-10 18:11:21] [INFO] <xlrd.book.Book object at 0x0000000003B69470>
[2017-10-10 18:11:21] [INFO] <xlwt.Workbook.Workbook object at 0x0000000003C0DE80>
[2017-10-10 18:11:52] [INFO] [(15, 'lan页面不输入局域网地址时的提示语检查 ', 'Pass', '2017-10-10 18:11:26', '2017-10-10 18:11:52', '0:00:26', '')]
[2017-10-10 18:11:55] [INFO] <xlrd.book.Book object at 0x0000000003B6A4A8>
[2017-10-10 18:11:55] [INFO] <xlwt.Workbook.Workbook object at 0x0000000003C0EF28>
[2017-10-10 18:12:23] [INFO] IP地址含非法字符，请重新输入。
[2017-10-10 18:12:26] [INFO] IP地址含非法字符，请重新输入。
[2017-10-10 18:12:28] [INFO] IP地址含非法字符，请重新输入。
[2017-10-10 18:12:30] [INFO] IP地址含非法字符，请重新输入。
[2017-10-10 18:12:32] [INFO] IP地址格式错误，请重新输入。
[2017-10-10 18:12:35] [INFO] IP地址含非法字符，请重新输入。
[2017-10-10 18:12:35] [INFO] [(16, 'lan页面输入格式错误的局域网地址时的提示语检查 ', 'Pass', '2017-10-10 18:12:00', '2017-10-10 18:12:35', '0:00:35', '')]
[2017-10-10 18:12:38] [INFO] <xlrd.book.Book object at 0x0000000003B694A8>
[2017-10-10 18:12:38] [INFO] <xlwt.Workbook.Workbook object at 0x0000000003C1A0B8>
[2017-10-10 18:14:12] [INFO] [(17, 'lan页面修改局域网地址是否可以成功 ', 'Pass', '2017-10-10 18:12:43', '2017-10-10 18:14:12', '0:01:29', '')]
[2017-10-10 18:14:12] [INFO] 测试完成后修改到原来的IP
[2017-10-10 18:15:29] [INFO] <xlrd.book.Book object at 0x0000000003B69438>
[2017-10-10 18:15:29] [INFO] <xlwt.Workbook.Workbook object at 0x0000000003D7DD68>
[2017-10-10 18:16:06] [INFO] 地址池开始值错误，请重新输入。
[2017-10-10 18:16:06] [INFO] [(18, '开始IP地址非法时提示信息检查 ', 'Pass', '2017-10-10 18:15:35', '2017-10-10 18:16:06', '0:00:31', '')]
[2017-10-10 18:16:09] [INFO] <xlrd.book.Book object at 0x0000000003B5A4E0>
[2017-10-10 18:16:09] [INFO] <xlwt.Workbook.Workbook object at 0x0000000003C15208>
[2017-10-10 18:16:43] [INFO] 地址池结束值错误，请重新输入。
[2017-10-10 18:16:43] [INFO] [(19, '结束IP地址非法时提示信息检查 ', 'Pass', '2017-10-10 18:16:14', '2017-10-10 18:16:43', '0:00:29', '')]
[2017-10-10 18:16:46] [INFO] <xlrd.book.Book object at 0x0000000003B694A8>
[2017-10-10 18:16:46] [INFO] <xlwt.Workbook.Workbook object at 0x0000000003C15208>
[2017-10-10 18:17:23] [INFO] 地址池结束值不能小于开始值，请重新输入。
[2017-10-10 18:17:23] [INFO] [(20, '开始IP地址大于结束IP地址时，提示语检查 ', 'Pass', '2017-10-10 18:16:52', '2017-10-10 18:17:23', '0:00:31', '')]
[2017-10-10 18:17:26] [INFO] <xlrd.book.Book object at 0x0000000003B5A4E0>
[2017-10-10 18:17:26] [INFO] <xlwt.Workbook.Workbook object at 0x0000000003C95320>
[2017-10-10 18:18:09] [INFO] [(21, '开始ip地址和结束IP地址都合法时，是否可以成功保存 ', 'Pass', '2017-10-10 18:17:33', '2017-10-10 18:18:09', '0:00:36', '')]
[2017-10-10 18:18:12] [INFO] <xlrd.book.Book object at 0x0000000003B5A4E0>
[2017-10-10 18:18:12] [INFO] <xlwt.Workbook.Workbook object at 0x0000000003C17320>
[2017-10-10 18:18:44] [INFO] [(22, 'DHCP 能否被正确关闭 ', 'Pass', '2017-10-10 18:18:18', '2017-10-10 18:18:44', '0:00:26', '')]
[2017-10-10 18:18:47] [INFO] <xlrd.book.Book object at 0x0000000003B694A8>
[2017-10-10 18:18:47] [INFO] <xlwt.Workbook.Workbook object at 0x0000000003CA31D0>
[2017-10-10 18:19:10] [INFO] [(23, '是否能顺利跳转到无线wifi设置界面 ', 'Pass', '2017-10-10 18:18:53', '2017-10-10 18:19:10', '0:00:17', '')]
[2017-10-10 18:19:13] [INFO] <xlrd.book.Book object at 0x0000000003B6D0F0>
[2017-10-10 18:19:13] [INFO] <xlwt.Workbook.Workbook object at 0x0000000003C0CD30>
[2017-10-10 18:19:36] [INFO] wifiname:frt_test
[2017-10-10 18:19:37] [INFO] wifiname:iot123321
[2017-10-10 18:19:37] [INFO] [(24, 'wifi页面默认项检查 ', 'Pass', '2017-10-10 18:19:19', '2017-10-10 18:19:37', '0:00:18', '')]
[2017-10-10 18:19:40] [INFO] <xlrd.book.Book object at 0x0000000003B6D0B8>
[2017-10-10 18:19:40] [INFO] <xlwt.Workbook.Workbook object at 0x0000000003C8CDD8>
[2017-10-10 18:23:53] [INFO] [(25, 'wifi名称各种组合是否支持 ', 'Pass', '2017-10-10 18:19:46', '2017-10-10 18:23:53', '0:04:07', '')]
[2017-10-10 18:23:57] [INFO] <xlrd.book.Book object at 0x0000000003B6D0F0>
[2017-10-10 18:23:57] [INFO] <xlwt.Workbook.Workbook object at 0x0000000003C53EF0>
[2017-10-10 18:24:20] [INFO] 请输入2.4G无线名称。
[2017-10-10 18:24:20] [INFO] [(26, '不输入wifi名称时的提示语检查 ', 'Pass', '2017-10-10 18:24:03', '2017-10-10 18:24:20', '0:00:17', '')]
[2017-10-10 18:24:24] [INFO] <xlrd.book.Book object at 0x0000000003B6E048>
[2017-10-10 18:24:24] [INFO] <xlwt.Workbook.Workbook object at 0x0000000003C0FF28>
[2017-10-10 18:25:11] [INFO] [(27, '不输入wifi密码时是否可以保存成功 ', 'Pass', '2017-10-10 18:24:29', '2017-10-10 18:25:11', '0:00:42', '')]
[2017-10-10 18:25:11] [INFO] 测试完成后恢复wifi密码
[2017-10-10 18:25:37] [INFO] <xlrd.book.Book object at 0x0000000003B6E080>
[2017-10-10 18:25:37] [INFO] <xlwt.Workbook.Workbook object at 0x0000000003CB30F0>
[2017-10-10 18:26:16] [INFO] [(28, '输入错误格式的wifi 密码，提示语检查 ', 'Pass', '2017-10-10 18:25:42', '2017-10-10 18:26:16', '0:00:34', '')]
[2017-10-10 18:26:16] [INFO] 测试完成恢复wifi密码
[2017-10-10 18:26:42] [INFO] <xlrd.book.Book object at 0x0000000003B4DFD0>
[2017-10-10 18:26:42] [INFO] <xlwt.Workbook.Workbook object at 0x0000000003D6F048>
[2017-10-10 18:29:39] [INFO] [(29, '是否支持各种格式的wifi密码 ', 'Pass', '2017-10-10 18:26:48', '2017-10-10 18:29:39', '0:02:51', '')]
[2017-10-10 18:29:39] [INFO] 测试完成恢复wifi密码
[2017-10-10 18:30:05] [INFO] <xlrd.book.Book object at 0x0000000003B6E080>
[2017-10-10 18:30:05] [INFO] <xlwt.Workbook.Workbook object at 0x0000000003CF60F0>
[2017-10-10 18:30:37] [INFO] no found
[2017-10-10 18:30:37] [INFO] no found
[2017-10-10 18:30:37] [INFO] no found
[2017-10-10 18:30:37] [INFO] no found
[2017-10-10 18:30:37] [INFO] no found
[2017-10-10 18:30:37] [INFO] no found
[2017-10-10 18:30:37] [INFO] no found
[2017-10-10 18:30:37] [INFO] no found
[2017-10-10 18:30:37] [INFO] no found
[2017-10-10 18:30:37] [INFO] no found
[2017-10-10 18:30:37] [INFO] no found
[2017-10-10 18:30:37] [INFO] no found
[2017-10-10 18:30:37] [INFO] no found
[2017-10-10 18:30:37] [INFO] no found
[2017-10-10 18:30:37] [INFO] no found
[2017-10-10 18:30:37] [INFO] no found
[2017-10-10 18:30:37] [INFO] no found
[2017-10-10 18:30:37] [INFO] no found
[2017-10-10 18:30:37] [INFO] no found
[2017-10-10 18:30:37] [INFO] no found
[2017-10-10 18:30:37] [INFO] no found
[2017-10-10 18:30:37] [INFO] no found
[2017-10-10 18:30:37] [INFO] no found
[2017-10-10 18:30:37] [INFO] no found
[2017-10-10 18:30:37] [INFO] no found
[2017-10-10 18:30:37] [INFO] no found
[2017-10-10 18:30:37] [INFO] no found
[2017-10-10 18:30:37] [INFO] no found
[2017-10-10 18:30:37] [INFO] no found
[2017-10-10 18:30:37] [INFO] no found
[2017-10-10 18:30:37] [INFO] no found
[2017-10-10 18:30:37] [INFO] no found
[2017-10-10 18:30:37] [INFO] no found
[2017-10-10 18:30:37] [INFO] no found
[2017-10-10 18:30:37] [INFO] no found
[2017-10-10 18:30:37] [INFO] no found
[2017-10-10 18:30:37] [INFO] no found
[2017-10-10 18:30:37] [INFO] no found
[2017-10-10 18:30:37] [INFO] no found
[2017-10-10 18:30:37] [INFO] no found
[2017-10-10 18:30:37] [INFO] no found
[2017-10-10 18:30:37] [INFO] no found
[2017-10-10 18:30:37] [INFO] no found
[2017-10-10 18:30:37] [INFO] no found
[2017-10-10 18:30:37] [INFO] no found
[2017-10-10 18:30:37] [INFO] no found
[2017-10-10 18:30:37] [INFO] no found
[2017-10-10 18:30:37] [INFO] no found
[2017-10-10 18:30:37] [INFO] no found
[2017-10-10 18:30:37] [INFO] no found
[2017-10-10 18:30:37] [INFO] no found
[2017-10-10 18:30:37] [INFO] no found
[2017-10-10 18:30:37] [INFO] no found
[2017-10-10 18:30:37] [INFO] no found
[2017-10-10 18:30:37] [INFO] no found
[2017-10-10 18:30:37] [INFO] no found
[2017-10-10 18:30:37] [INFO] no found
[2017-10-10 18:30:37] [INFO] no found
[2017-10-10 18:30:37] [INFO] no found
[2017-10-10 18:30:37] [INFO] no found
[2017-10-10 18:30:37] [INFO] no found
[2017-10-10 18:30:37] [INFO] no found
[2017-10-10 18:30:37] [INFO] no found
[2017-10-10 18:30:37] [INFO] no found
[2017-10-10 18:30:37] [INFO] no found
[2017-10-10 18:30:37] [INFO] no found
[2017-10-10 18:30:37] [INFO] no found
[2017-10-10 18:30:37] [INFO] no found
[2017-10-10 18:30:37] [INFO] no found
[2017-10-10 18:30:37] [INFO] no found
[2017-10-10 18:30:37] [INFO] no found
[2017-10-10 18:30:37] [INFO] no found
[2017-10-10 18:30:37] [INFO] no found
[2017-10-10 18:30:37] [INFO] no found
[2017-10-10 18:30:37] [INFO] no found
[2017-10-10 18:30:37] [INFO] no found
[2017-10-10 18:30:37] [INFO] no found
[2017-10-10 18:30:37] [INFO] no found
[2017-10-10 18:30:37] [INFO] no found
[2017-10-10 18:30:37] [INFO] no found
[2017-10-10 18:30:37] [INFO] no found
[2017-10-10 18:30:37] [INFO] no found
[2017-10-10 18:30:37] [INFO] no found
[2017-10-10 18:30:37] [INFO] no found
[2017-10-10 18:30:37] [INFO] no found
[2017-10-10 18:30:37] [INFO] no found
[2017-10-10 18:30:37] [INFO] no found
[2017-10-10 18:30:37] [INFO] no found
[2017-10-10 18:30:37] [INFO] no found
[2017-10-10 18:30:37] [INFO] no found
[2017-10-10 18:30:37] [INFO] no found
[2017-10-10 18:30:37] [INFO] no found
[2017-10-10 18:30:37] [INFO] no found
[2017-10-10 18:30:37] [INFO] no found
[2017-10-10 18:30:37] [INFO] no found
[2017-10-10 18:30:37] [INFO] no found
[2017-10-10 18:30:37] [INFO] no found
[2017-10-10 18:30:37] [INFO] no found
[2017-10-10 18:30:37] [INFO] no found
[2017-10-10 18:30:37] [INFO] no found
[2017-10-10 18:30:37] [INFO] no found
[2017-10-10 18:30:37] [INFO] no found
[2017-10-10 18:30:37] [INFO] no found
[2017-10-10 18:30:37] [INFO] no found
[2017-10-10 18:30:37] [INFO] no found
[2017-10-10 18:30:37] [INFO] no found
[2017-10-10 18:30:37] [INFO] no found
[2017-10-10 18:30:37] [INFO] no found
[2017-10-10 18:30:37] [INFO] no found
[2017-10-10 18:30:37] [INFO] no found
[2017-10-10 18:30:37] [INFO] no found
[2017-10-10 18:30:37] [INFO] no found
[2017-10-10 18:30:37] [INFO] no found
[2017-10-10 18:30:37] [INFO] no found
[2017-10-10 18:30:37] [INFO] no found
[2017-10-10 18:30:37] [INFO] no found
[2017-10-10 18:30:37] [INFO] no found
[2017-10-10 18:30:37] [INFO] no found
[2017-10-10 18:30:37] [INFO] no found
[2017-10-10 18:30:37] [INFO] no found
[2017-10-10 18:30:37] [INFO] no found
[2017-10-10 18:30:37] [INFO] no found
[2017-10-10 18:30:37] [INFO] no found
[2017-10-10 18:30:37] [INFO] no found
[2017-10-10 18:30:37] [INFO] no found
[2017-10-10 18:30:37] [INFO] no found
[2017-10-10 18:30:37] [INFO] no found
[2017-10-10 18:30:37] [INFO] no found
[2017-10-10 18:30:37] [INFO] no found
[2017-10-10 18:30:37] [INFO] no found
[2017-10-10 18:30:37] [INFO] no found
[2017-10-10 18:30:37] [INFO] no found
[2017-10-10 18:30:37] [INFO] no found
[2017-10-10 18:30:37] [INFO] no found
[2017-10-10 18:30:37] [INFO] no found
[2017-10-10 18:30:37] [INFO] no found
[2017-10-10 18:30:37] [INFO] no found
[2017-10-10 18:30:37] [INFO] no found
[2017-10-10 18:30:37] [INFO] no found
[2017-10-10 18:30:37] [INFO] no found
[2017-10-10 18:30:37] [INFO] no found
[2017-10-10 18:30:37] [INFO] no found
[2017-10-10 18:30:37] [INFO] no found
[2017-10-10 18:30:37] [INFO] no found
[2017-10-10 18:30:37] [INFO] [(30, '关闭wifi 后，查看电脑的无线列表 ', 'Pass', '2017-10-10 18:30:11', '2017-10-10 18:30:37', '0:00:26', '')]
[2017-10-10 18:30:37] [INFO] 测试完成后恢复到wifi打开的状态
[2017-10-10 18:30:46] [INFO] <xlrd.book.Book object at 0x0000000003B6E048>
[2017-10-10 18:30:46] [INFO] <xlwt.Workbook.Workbook object at 0x0000000003D3A128>
[2017-10-10 18:31:44] [INFO] no found
[2017-10-10 18:31:44] [INFO] no found
[2017-10-10 18:31:44] [INFO] no found
[2017-10-10 18:31:44] [INFO] no found
[2017-10-10 18:31:44] [INFO] no found
[2017-10-10 18:31:44] [INFO] no found
[2017-10-10 18:31:44] [INFO] no found
[2017-10-10 18:31:44] [INFO] no found
[2017-10-10 18:31:44] [INFO] no found
[2017-10-10 18:31:44] [INFO] no found
[2017-10-10 18:31:44] [INFO] no found
[2017-10-10 18:31:44] [INFO] no found
[2017-10-10 18:31:44] [INFO] no found
[2017-10-10 18:31:44] [INFO] no found
[2017-10-10 18:31:44] [INFO] no found
[2017-10-10 18:31:44] [INFO] no found
[2017-10-10 18:31:44] [INFO] no found
[2017-10-10 18:31:44] [INFO] no found
[2017-10-10 18:31:44] [INFO] no found
[2017-10-10 18:31:44] [INFO] no found
[2017-10-10 18:31:44] [INFO] no found
[2017-10-10 18:31:44] [INFO] no found
[2017-10-10 18:31:44] [INFO] no found
[2017-10-10 18:31:44] [INFO] no found
[2017-10-10 18:31:44] [INFO] no found
[2017-10-10 18:31:44] [INFO] no found
[2017-10-10 18:31:44] [INFO] no found
[2017-10-10 18:31:44] [INFO] no found
[2017-10-10 18:31:44] [INFO] no found
[2017-10-10 18:31:44] [INFO] no found
[2017-10-10 18:31:44] [INFO] no found
[2017-10-10 18:31:44] [INFO] no found
[2017-10-10 18:31:44] [INFO] no found
[2017-10-10 18:31:44] [INFO] no found
[2017-10-10 18:31:44] [INFO] no found
[2017-10-10 18:31:44] [INFO] no found
[2017-10-10 18:31:44] [INFO] no found
[2017-10-10 18:31:44] [INFO] no found
[2017-10-10 18:31:44] [INFO] no found
[2017-10-10 18:31:44] [INFO] no found
[2017-10-10 18:31:44] [INFO] no found
[2017-10-10 18:31:44] [INFO] no found
[2017-10-10 18:31:44] [INFO] no found
[2017-10-10 18:31:44] [INFO] no found
[2017-10-10 18:31:44] [INFO] no found
[2017-10-10 18:31:44] [INFO] no found
[2017-10-10 18:31:44] [INFO] no found
[2017-10-10 18:31:44] [INFO] no found
[2017-10-10 18:31:44] [INFO] no found
[2017-10-10 18:31:44] [INFO] no found
[2017-10-10 18:31:44] [INFO] no found
[2017-10-10 18:31:44] [INFO] no found
[2017-10-10 18:31:44] [INFO] no found
[2017-10-10 18:31:44] [INFO] no found
[2017-10-10 18:31:44] [INFO] no found
[2017-10-10 18:31:44] [INFO] no found
[2017-10-10 18:31:44] [INFO] no found
[2017-10-10 18:31:44] [INFO] no found
[2017-10-10 18:31:44] [INFO] no found
[2017-10-10 18:31:44] [INFO] no found
[2017-10-10 18:31:44] [INFO] no found
[2017-10-10 18:31:44] [INFO] no found
[2017-10-10 18:31:44] [INFO] no found
[2017-10-10 18:31:44] [INFO] no found
[2017-10-10 18:31:44] [INFO] no found
[2017-10-10 18:31:44] [INFO] no found
[2017-10-10 18:31:44] [INFO] no found
[2017-10-10 18:31:44] [INFO] no found
[2017-10-10 18:31:44] [INFO] no found
[2017-10-10 18:31:44] [INFO] no found
[2017-10-10 18:31:44] [INFO] no found
[2017-10-10 18:31:44] [INFO] no found
[2017-10-10 18:31:44] [INFO] no found
[2017-10-10 18:31:44] [INFO] no found
[2017-10-10 18:31:44] [INFO] no found
[2017-10-10 18:31:44] [INFO] no found
[2017-10-10 18:31:44] [INFO] no found
[2017-10-10 18:31:44] [INFO] no found
[2017-10-10 18:31:44] [INFO] no found
[2017-10-10 18:31:44] [INFO] no found
[2017-10-10 18:31:44] [INFO] no found
[2017-10-10 18:31:44] [INFO] no found
[2017-10-10 18:31:44] [INFO] no found
[2017-10-10 18:31:44] [INFO] no found
[2017-10-10 18:31:44] [INFO] no found
[2017-10-10 18:31:44] [INFO] no found
[2017-10-10 18:31:44] [INFO] no found
[2017-10-10 18:31:44] [INFO] no found
[2017-10-10 18:31:44] [INFO] no found
[2017-10-10 18:31:44] [INFO] no found
[2017-10-10 18:31:44] [INFO] no found
[2017-10-10 18:31:44] [INFO] no found
[2017-10-10 18:31:44] [INFO] no found
[2017-10-10 18:31:44] [INFO] no found
[2017-10-10 18:31:44] [INFO] no found
[2017-10-10 18:31:44] [INFO] no found
[2017-10-10 18:31:44] [INFO] no found
[2017-10-10 18:31:44] [INFO] no found
[2017-10-10 18:31:44] [INFO] no found
[2017-10-10 18:31:44] [INFO] no found
[2017-10-10 18:31:44] [INFO] no found
[2017-10-10 18:31:44] [INFO] no found
[2017-10-10 18:31:44] [INFO] no found
[2017-10-10 18:31:44] [INFO] no found
[2017-10-10 18:31:44] [INFO] no found
[2017-10-10 18:31:44] [INFO] no found
[2017-10-10 18:31:44] [INFO] no found
[2017-10-10 18:31:44] [INFO] no found
[2017-10-10 18:31:44] [INFO] no found
[2017-10-10 18:31:44] [INFO] no found
[2017-10-10 18:31:44] [INFO] no found
[2017-10-10 18:31:44] [INFO] no found
[2017-10-10 18:31:44] [INFO] no found
[2017-10-10 18:31:44] [INFO] no found
[2017-10-10 18:31:44] [INFO] no found
[2017-10-10 18:31:44] [INFO] no found
[2017-10-10 18:31:44] [INFO] no found
[2017-10-10 18:31:44] [INFO] no found
[2017-10-10 18:31:44] [INFO] no found
[2017-10-10 18:31:44] [INFO] no found
[2017-10-10 18:31:44] [INFO] no found
[2017-10-10 18:31:44] [INFO] no found
[2017-10-10 18:31:44] [INFO] no found
[2017-10-10 18:31:44] [INFO] no found
[2017-10-10 18:31:44] [INFO] no found
[2017-10-10 18:31:44] [INFO] no found
[2017-10-10 18:31:44] [INFO] no found
[2017-10-10 18:31:44] [INFO] no found
[2017-10-10 18:31:44] [INFO] no found
[2017-10-10 18:31:44] [INFO] no found
[2017-10-10 18:31:44] [INFO] no found
[2017-10-10 18:31:44] [INFO] no found
[2017-10-10 18:31:44] [INFO] no found
[2017-10-10 18:31:44] [INFO] no found
[2017-10-10 18:31:44] [INFO] [(31, '关闭SSID,查看电脑列表能否搜索到wifi名称 ', 'Pass', '2017-10-10 18:30:51', '2017-10-10 18:31:44', '0:00:53', '')]
[2017-10-10 18:31:44] [INFO] 测试完成后关闭ssid隐藏
[2017-10-10 18:32:07] [INFO] <xlrd.book.Book object at 0x0000000003B6C0F0>
[2017-10-10 18:32:07] [INFO] <xlwt.Workbook.Workbook object at 0x0000000003C181D0>
[2017-10-10 18:32:35] [INFO] [(32, '不输入原密码时的提示信息检查 ', 'Pass', '2017-10-10 18:32:12', '2017-10-10 18:32:35', '0:00:23', '')]
[2017-10-10 18:32:38] [INFO] <xlrd.book.Book object at 0x0000000003B82E48>
[2017-10-10 18:32:38] [INFO] <xlwt.Workbook.Workbook object at 0x0000000003C96EB8>
[2017-10-10 18:33:10] [INFO] [(33, '不输入新密码时的提示信息检查 ', 'Pass', '2017-10-10 18:32:44', '2017-10-10 18:33:10', '0:00:26', '')]
[2017-10-10 18:33:13] [INFO] <xlrd.book.Book object at 0x0000000003B82E48>
[2017-10-10 18:33:13] [INFO] <xlwt.Workbook.Workbook object at 0x0000000003D2AF60>
[2017-10-10 18:33:43] [INFO] [(34, '确认密码不输入时提示信息检查 ', 'Pass', '2017-10-10 18:33:18', '2017-10-10 18:33:43', '0:00:25', '')]
[2017-10-10 18:33:46] [INFO] <xlrd.book.Book object at 0x0000000003BBB9B0>
[2017-10-10 18:33:46] [INFO] <xlwt.Workbook.Workbook object at 0x0000000003C23320>
[2017-10-10 18:34:17] [INFO] [(35, '确认密码与新密码不一致时的提示信息检查 ', 'Pass', '2017-10-10 18:33:51', '2017-10-10 18:34:17', '0:00:26', '')]
[2017-10-10 18:34:20] [INFO] <xlrd.book.Book object at 0x0000000003BBA710>
[2017-10-10 18:34:20] [INFO] <xlwt.Workbook.Workbook object at 0x0000000003CA53C8>
[2017-10-10 18:34:51] [INFO] [(36, '原密码错误时提示信息检查 ', 'Pass', '2017-10-10 18:34:26', '2017-10-10 18:34:51', '0:00:25', '')]
[2017-10-10 18:34:54] [INFO] <xlrd.book.Book object at 0x0000000003BBAA20>
[2017-10-10 18:34:54] [INFO] <xlwt.Workbook.Workbook object at 0x0000000003C25400>
[2017-10-10 18:35:24] [INFO] [(37, '新密码格式错误时提示信息检查 ', 'Pass', '2017-10-10 18:34:59', '2017-10-10 18:35:24', '0:00:25', '')]
[2017-10-10 18:35:27] [INFO] <xlrd.book.Book object at 0x0000000003B82E80>
[2017-10-10 18:35:27] [INFO] <xlwt.Workbook.Workbook object at 0x0000000003C1F128>
[2017-10-10 18:36:28] [INFO] [(38, '修改登录密码查看是否可以登录成功', 'Pass', '2017-10-10 18:35:32', '2017-10-10 18:36:28', '0:00:56', '')]
[2017-10-10 18:36:28] [INFO] 测试完成恢复登录密码
[2017-10-10 18:36:43] [INFO] <xlrd.book.Book object at 0x0000000003B82E10>
[2017-10-10 18:36:43] [INFO] <xlwt.Workbook.Workbook object at 0x0000000003C29EB8>
[2017-10-10 18:37:18] [INFO] [(39, '检查时区能否正确改变 ', 'Pass', '2017-10-10 18:36:48', '2017-10-10 18:37:18', '0:00:30', '')]
[2017-10-10 18:37:18] [INFO] 测试完成恢复时区
[2017-10-10 18:37:24] [INFO] <xlrd.book.Book object at 0x0000000003B83DA0>
[2017-10-10 18:37:24] [INFO] <xlwt.Workbook.Workbook object at 0x0000000003C1EEB8>
[2017-10-10 18:37:57] [INFO] ./upgrade/upload.exe E:\wifitest\upgrade\eeee.png
[2017-10-10 18:37:57] [INFO] 开始用autoit3脚本控制选择本地文件
[2017-10-10 18:38:10] [INFO] [(41, '重启路由器 ', 'Pass', '2017-10-10 18:37:29', '2017-10-10 18:38:10', '0:00:41', '')]
[2017-10-10 18:38:13] [INFO] <xlrd.book.Book object at 0x0000000003B82E48>
[2017-10-10 18:38:13] [INFO] <xlwt.Workbook.Workbook object at 0x0000000003C20198>
[2017-10-10 18:40:08] [INFO] [(41, '重启功能检查 ', 'Pass', '2017-10-10 18:38:19', '2017-10-10 18:40:08', '0:01:49', '')]
[2017-10-10 18:40:11] [INFO] <xlrd.book.Book object at 0x0000000003B82E48>
[2017-10-10 18:40:11] [INFO] <xlwt.Workbook.Workbook object at 0x0000000003E0D1D0>
[2017-10-10 18:40:43] [INFO] [(42, '取消重启检查 ', 'Pass', '2017-10-10 18:40:17', '2017-10-10 18:40:43', '0:00:26', '')]
[2017-10-10 18:40:46] [INFO] <xlrd.book.Book object at 0x0000000003B82DD8>
[2017-10-10 18:40:46] [INFO] <xlwt.Workbook.Workbook object at 0x0000000003C1F198>
[2017-10-10 18:41:07] [INFO] [(43, '退出系统 ', 'Pass', '2017-10-10 18:40:51', '2017-10-10 18:41:07', '0:00:16', '')]
[2017-10-10 18:41:10] [INFO] <xlrd.book.Book object at 0x0000000003B826D8>
[2017-10-10 18:41:10] [INFO] <xlwt.Workbook.Workbook object at 0x0000000003C10358>
[2017-10-10 18:41:10] [INFO] 发送邮件
