[2017-10-12 02:55:44] [INFO] test_goto_login: test START 
[2017-10-12 02:55:48] [INFO] [(1, '登录页面跳转测试 ', 'Pass', '2017-10-12 02:55:44', '2017-10-12 02:55:48', '0:00:04', '')]
[2017-10-12 02:55:51] [INFO] <xlrd.book.Book object at 0x0000000003B83588>
[2017-10-12 02:55:51] [INFO] <xlwt.Workbook.Workbook object at 0x0000000003C0B080>
[2017-10-12 02:56:10] [INFO] [(2, '正确密码是否可成功登录测试 ', 'Pass', '2017-10-12 02:55:57', '2017-10-12 02:56:10', '0:00:13', '')]
[2017-10-12 02:56:13] [INFO] <xlrd.book.Book object at 0x0000000003B86550>
[2017-10-12 02:56:13] [INFO] <xlwt.Workbook.Workbook object at 0x0000000003C04F60>
[2017-10-12 02:56:36] [INFO] [(3, '是否能顺利跳转到wan 界面 ', 'Pass', '2017-10-12 02:56:19', '2017-10-12 02:56:36', '0:00:17', '')]
[2017-10-12 02:56:39] [INFO] <xlrd.book.Book object at 0x0000000003B68160>
[2017-10-12 02:56:39] [INFO] <xlwt.Workbook.Workbook object at 0x0000000003C8C588>
[2017-10-12 02:57:15] [INFO] 请输入IP地址。
[2017-10-12 02:57:15] [INFO] [(4, '没有IP地址输入时的错误信息提示 ', 'Pass', '2017-10-12 02:56:45', '2017-10-12 02:57:15', '0:00:30', '')]
[2017-10-12 02:57:18] [INFO] <xlrd.book.Book object at 0x0000000003B6A128>
[2017-10-12 02:57:18] [INFO] <xlwt.Workbook.Workbook object at 0x0000000003C917B8>
[2017-10-12 02:57:33] [INFO] [(5, '不填写密码时的提示信息是否正确 ', 'Pass', '2017-10-12 02:57:23', '2017-10-12 02:57:33', '0:00:10', '')]
[2017-10-12 02:57:36] [INFO] <xlrd.book.Book object at 0x0000000003B86550>
[2017-10-12 02:57:36] [INFO] <xlwt.Workbook.Workbook object at 0x0000000003C095F8>
[2017-10-12 02:57:49] [INFO] [(6, '登录密码错误时提示信息是否正确 ', 'Pass', '2017-10-12 02:57:41', '2017-10-12 02:57:49', '0:00:08', '')]
[2017-10-12 02:57:52] [INFO] <xlrd.book.Book object at 0x0000000003B86550>
[2017-10-12 02:57:52] [INFO] <xlwt.Workbook.Workbook object at 0x0000000003D5A438>
[2017-10-12 02:58:28] [INFO] 请输入子网掩码。
[2017-10-12 02:58:28] [INFO] [(7, '不输入子网掩码时的错误信息提示 ', 'Pass', '2017-10-12 02:57:58', '2017-10-12 02:58:28', '0:00:30', '')]
[2017-10-12 02:58:31] [INFO] <xlrd.book.Book object at 0x0000000003B68128>
[2017-10-12 02:58:31] [INFO] <xlwt.Workbook.Workbook object at 0x0000000003CC3978>
[2017-10-12 02:59:06] [INFO] 请输入默认网关地址。
[2017-10-12 02:59:06] [INFO] [(8, '不输入默认网关时的错误信息提示 ', 'Pass', '2017-10-12 02:58:37', '2017-10-12 02:59:06', '0:00:29', '')]
[2017-10-12 02:59:09] [INFO] <xlrd.book.Book object at 0x0000000003B68128>
[2017-10-12 02:59:09] [INFO] <xlwt.Workbook.Workbook object at 0x0000000003C169E8>
[2017-10-12 02:59:43] [INFO] IP地址含非法字符，请重新输入。
[2017-10-12 02:59:46] [INFO] IP地址含非法字符，请重新输入。
[2017-10-12 02:59:50] [INFO] IP地址含非法字符，请重新输入。
[2017-10-12 02:59:53] [INFO] IP地址含非法字符，请重新输入。
[2017-10-12 02:59:56] [INFO] IP地址格式错误，请重新输入。
[2017-10-12 03:00:00] [INFO] IP地址含非法字符，请重新输入。
[2017-10-12 03:00:00] [INFO] [(9, '非法格式的IP地址输入时提示信息检查 ', 'Pass', '2017-10-12 02:59:15', '2017-10-12 03:00:00', '0:00:45', '')]
[2017-10-12 03:00:03] [INFO] <xlrd.book.Book object at 0x0000000003B6A128>
[2017-10-12 03:00:03] [INFO] <xlwt.Workbook.Workbook object at 0x0000000003C96A58>
[2017-10-12 03:00:38] [INFO] 子网掩码不正确，请重新输入。
[2017-10-12 03:00:44] [INFO] 子网掩码不正确，请重新输入。
[2017-10-12 03:00:49] [INFO] 子网掩码不正确，请重新输入。
[2017-10-12 03:00:54] [INFO] 子网掩码不正确，请重新输入。
[2017-10-12 03:00:59] [INFO] 子网掩码不正确，请重新输入。
[2017-10-12 03:01:05] [INFO] 子网掩码不正确，请重新输入。
[2017-10-12 03:01:05] [INFO] [(10, '非法格式的子网掩码输入时，提示信息检查 ', 'Pass', '2017-10-12 03:00:08', '2017-10-12 03:01:05', '0:00:57', '')]
[2017-10-12 03:01:08] [INFO] <xlrd.book.Book object at 0x0000000003B6A0F0>
[2017-10-12 03:01:08] [INFO] <xlwt.Workbook.Workbook object at 0x0000000003C19668>
[2017-10-12 03:01:44] [INFO] 默认网关错误，请重新输入。
[2017-10-12 03:01:49] [INFO] 默认网关错误，请重新输入。
[2017-10-12 03:01:55] [INFO] 默认网关错误，请重新输入。
[2017-10-12 03:02:00] [INFO] 默认网关错误，请重新输入。
[2017-10-12 03:02:05] [INFO] 默认网关错误，请重新输入。
[2017-10-12 03:02:11] [INFO] 默认网关错误，请重新输入。
[2017-10-12 03:02:11] [INFO] [(11, '非法格式的默认网关输入时，提示信息检查 ', 'Pass', '2017-10-12 03:01:13', '2017-10-12 03:02:11', '0:00:58', '')]
[2017-10-12 03:02:14] [INFO] <xlrd.book.Book object at 0x0000000003B6B0F0>
[2017-10-12 03:02:14] [INFO] <xlwt.Workbook.Workbook object at 0x0000000003C1F748>
[2017-10-12 03:03:02] [INFO] [(12, '是否可以成功设置静态IP ', 'Pass', '2017-10-12 03:02:19', '2017-10-12 03:03:02', '0:00:43', '')]
[2017-10-12 03:03:02] [INFO] 测试完成后将上网方式恢复为自动获取
[2017-10-12 03:03:25] [INFO] <xlrd.book.Book object at 0x0000000003B6A080>
[2017-10-12 03:03:25] [INFO] <xlwt.Workbook.Workbook object at 0x0000000003C99BA8>
[2017-10-12 03:03:53] [INFO] [(13, '是否能顺利跳转到lan页面 ', 'Pass', '2017-10-12 03:03:31', '2017-10-12 03:03:53', '0:00:22', '')]
[2017-10-12 03:03:56] [INFO] <xlrd.book.Book object at 0x0000000003B69438>
[2017-10-12 03:03:56] [INFO] <xlwt.Workbook.Workbook object at 0x0000000003C8BCF8>
[2017-10-12 03:04:19] [INFO] 默认的局域网地址:
[2017-10-12 03:04:19] [INFO] 默认的dhcp状态是：checkbox_off
[2017-10-12 03:04:20] [INFO] 默认的初始IP地址池：
[2017-10-12 03:04:20] [INFO] 默认的结束IP地址池： 
[2017-10-12 03:04:20] [INFO] [(14, 'lan页面默认项检查 ', 'Pass', '2017-10-12 03:04:02', '2017-10-12 03:04:20', '0:00:18', '')]
[2017-10-12 03:04:23] [INFO] <xlrd.book.Book object at 0x0000000003B69358>
[2017-10-12 03:04:23] [INFO] <xlwt.Workbook.Workbook object at 0x0000000003C0CD68>
[2017-10-12 03:04:56] [INFO] [(15, 'lan页面不输入局域网地址时的提示语检查 ', 'Pass', '2017-10-12 03:04:29', '2017-10-12 03:04:56', '0:00:27', '')]
[2017-10-12 03:05:00] [INFO] <xlrd.book.Book object at 0x0000000003B69390>
[2017-10-12 03:05:00] [INFO] <xlwt.Workbook.Workbook object at 0x0000000003C0FE10>
[2017-10-12 03:05:30] [INFO] IP地址含非法字符，请重新输入。
[2017-10-12 03:05:33] [INFO] IP地址含非法字符，请重新输入。
[2017-10-12 03:05:35] [INFO] IP地址含非法字符，请重新输入。
[2017-10-12 03:05:37] [INFO] IP地址含非法字符，请重新输入。
[2017-10-12 03:05:40] [INFO] IP地址格式错误，请重新输入。
[2017-10-12 03:05:42] [INFO] IP地址含非法字符，请重新输入。
[2017-10-12 03:05:42] [INFO] [(16, 'lan页面输入格式错误的局域网地址时的提示语检查 ', 'Pass', '2017-10-12 03:05:05', '2017-10-12 03:05:42', '0:00:37', '')]
[2017-10-12 03:05:45] [INFO] <xlrd.book.Book object at 0x0000000003B69390>
[2017-10-12 03:05:45] [INFO] <xlwt.Workbook.Workbook object at 0x0000000003C93F28>
[2017-10-12 03:07:21] [INFO] [(17, 'lan页面修改局域网地址是否可以成功 ', 'Pass', '2017-10-12 03:05:50', '2017-10-12 03:07:21', '0:01:31', '')]
[2017-10-12 03:07:21] [INFO] 测试完成后修改到原来的IP
[2017-10-12 03:08:37] [INFO] <xlrd.book.Book object at 0x0000000003B693C8>
[2017-10-12 03:08:37] [INFO] <xlwt.Workbook.Workbook object at 0x0000000003CCECC0>
[2017-10-12 03:09:17] [INFO] 地址池开始值错误，请重新输入。
[2017-10-12 03:09:17] [INFO] [(18, '开始IP地址非法时提示信息检查 ', 'Pass', '2017-10-12 03:08:44', '2017-10-12 03:09:17', '0:00:33', '')]
[2017-10-12 03:09:20] [INFO] <xlrd.book.Book object at 0x0000000003B693C8>
[2017-10-12 03:09:20] [INFO] <xlwt.Workbook.Workbook object at 0x0000000003C16080>
[2017-10-12 03:09:58] [INFO] 地址池结束值错误，请重新输入。
[2017-10-12 03:09:58] [INFO] [(19, '结束IP地址非法时提示信息检查 ', 'Pass', '2017-10-12 03:09:27', '2017-10-12 03:09:58', '0:00:31', '')]
[2017-10-12 03:10:01] [INFO] <xlrd.book.Book object at 0x0000000003B69390>
[2017-10-12 03:10:01] [INFO] <xlwt.Workbook.Workbook object at 0x0000000003C16128>
[2017-10-12 03:10:42] [INFO] 地址池结束值不能小于开始值，请重新输入。
[2017-10-12 03:10:42] [INFO] [(20, '开始IP地址大于结束IP地址时，提示语检查 ', 'Pass', '2017-10-12 03:10:08', '2017-10-12 03:10:42', '0:00:34', '')]
[2017-10-12 03:10:45] [INFO] <xlrd.book.Book object at 0x0000000003B693C8>
[2017-10-12 03:10:45] [INFO] <xlwt.Workbook.Workbook object at 0x0000000003CC51D0>
[2017-10-12 03:11:32] [INFO] [(21, '开始ip地址和结束IP地址都合法时，是否可以成功保存 ', 'Pass', '2017-10-12 03:10:53', '2017-10-12 03:11:32', '0:00:39', '')]
[2017-10-12 03:11:35] [INFO] <xlrd.book.Book object at 0x0000000003B69390>
[2017-10-12 03:11:35] [INFO] <xlwt.Workbook.Workbook object at 0x0000000003C15240>
[2017-10-12 03:12:10] [INFO] [(22, 'DHCP 能否被正确关闭 ', 'Pass', '2017-10-12 03:11:42', '2017-10-12 03:12:10', '0:00:28', '')]
[2017-10-12 03:12:13] [INFO] <xlrd.book.Book object at 0x0000000003B69390>
[2017-10-12 03:12:13] [INFO] <xlwt.Workbook.Workbook object at 0x0000000003C120F0>
[2017-10-12 03:12:36] [INFO] [(23, '是否能顺利跳转到无线wifi设置界面 ', 'Pass', '2017-10-12 03:12:19', '2017-10-12 03:12:36', '0:00:17', '')]
[2017-10-12 03:12:40] [INFO] <xlrd.book.Book object at 0x0000000003B4CF98>
[2017-10-12 03:12:40] [INFO] <xlwt.Workbook.Workbook object at 0x0000000003C8CC88>
[2017-10-12 03:13:03] [INFO] wifiname:frt_test
[2017-10-12 03:13:03] [INFO] wifiname:iot123321
[2017-10-12 03:13:03] [INFO] [(24, 'wifi页面默认项检查 ', 'Pass', '2017-10-12 03:12:46', '2017-10-12 03:13:03', '0:00:17', '')]
[2017-10-12 03:13:06] [INFO] <xlrd.book.Book object at 0x0000000003B4CF60>
[2017-10-12 03:13:06] [INFO] <xlwt.Workbook.Workbook object at 0x0000000003C0CCF8>
[2017-10-12 03:17:58] [INFO] [(25, 'wifi名称各种组合是否支持 ', 'Pass', '2017-10-12 03:13:14', '2017-10-12 03:17:58', '0:04:44', '')]
[2017-10-12 03:18:01] [INFO] <xlrd.book.Book object at 0x0000000003B4CF60>
[2017-10-12 03:18:01] [INFO] <xlwt.Workbook.Workbook object at 0x0000000003C51D68>
[2017-10-12 03:18:26] [INFO] 请输入2.4G无线名称。
[2017-10-12 03:18:26] [INFO] [(26, '不输入wifi名称时的提示语检查 ', 'Pass', '2017-10-12 03:18:08', '2017-10-12 03:18:26', '0:00:18', '')]
[2017-10-12 03:18:29] [INFO] <xlrd.book.Book object at 0x0000000003B4CF60>
[2017-10-12 03:18:29] [INFO] <xlwt.Workbook.Workbook object at 0x0000000003C10E80>
[2017-10-12 03:19:18] [INFO] [(27, '不输入wifi密码时是否可以保存成功 ', 'Pass', '2017-10-12 03:18:35', '2017-10-12 03:19:18', '0:00:43', '')]
[2017-10-12 03:19:18] [INFO] 测试完成后恢复wifi密码
[2017-10-12 03:19:43] [INFO] <xlrd.book.Book object at 0x0000000003B4BF60>
[2017-10-12 03:19:43] [INFO] <xlwt.Workbook.Workbook object at 0x0000000003C24048>
[2017-10-12 03:20:22] [INFO] [(28, '输入错误格式的wifi 密码，提示语检查 ', 'Pass', '2017-10-12 03:19:49', '2017-10-12 03:20:22', '0:00:33', '')]
[2017-10-12 03:20:22] [INFO] 测试完成恢复wifi密码
[2017-10-12 03:20:48] [INFO] <xlrd.book.Book object at 0x0000000003B4BF60>
[2017-10-12 03:20:48] [INFO] <xlwt.Workbook.Workbook object at 0x0000000003C19F98>
[2017-10-12 03:24:08] [INFO] [(29, '是否支持各种格式的wifi密码 ', 'Pass', '2017-10-12 03:20:54', '2017-10-12 03:24:08', '0:03:14', '')]
[2017-10-12 03:24:08] [INFO] 测试完成恢复wifi密码
[2017-10-12 03:24:40] [INFO] <xlrd.book.Book object at 0x0000000003B4BF60>
[2017-10-12 03:24:40] [INFO] <xlwt.Workbook.Workbook object at 0x0000000003D85048>
[2017-10-12 03:25:13] [INFO] no found
[2017-10-12 03:25:13] [INFO] no found
[2017-10-12 03:25:13] [INFO] no found
[2017-10-12 03:25:13] [INFO] no found
[2017-10-12 03:25:13] [INFO] no found
[2017-10-12 03:25:13] [INFO] no found
[2017-10-12 03:25:13] [INFO] no found
[2017-10-12 03:25:13] [INFO] no found
[2017-10-12 03:25:13] [INFO] no found
[2017-10-12 03:25:13] [INFO] no found
[2017-10-12 03:25:13] [INFO] no found
[2017-10-12 03:25:13] [INFO] no found
[2017-10-12 03:25:13] [INFO] no found
[2017-10-12 03:25:13] [INFO] no found
[2017-10-12 03:25:13] [INFO] no found
[2017-10-12 03:25:13] [INFO] no found
[2017-10-12 03:25:13] [INFO] no found
[2017-10-12 03:25:13] [INFO] no found
[2017-10-12 03:25:13] [INFO] no found
[2017-10-12 03:25:13] [INFO] no found
[2017-10-12 03:25:13] [INFO] no found
[2017-10-12 03:25:13] [INFO] no found
[2017-10-12 03:25:13] [INFO] no found
[2017-10-12 03:25:13] [INFO] no found
[2017-10-12 03:25:13] [INFO] no found
[2017-10-12 03:25:13] [INFO] no found
[2017-10-12 03:25:13] [INFO] no found
[2017-10-12 03:25:13] [INFO] no found
[2017-10-12 03:25:13] [INFO] no found
[2017-10-12 03:25:13] [INFO] no found
[2017-10-12 03:25:13] [INFO] no found
[2017-10-12 03:25:13] [INFO] no found
[2017-10-12 03:25:13] [INFO] no found
[2017-10-12 03:25:13] [INFO] no found
[2017-10-12 03:25:13] [INFO] no found
[2017-10-12 03:25:13] [INFO] no found
[2017-10-12 03:25:13] [INFO] no found
[2017-10-12 03:25:13] [INFO] no found
[2017-10-12 03:25:13] [INFO] no found
[2017-10-12 03:25:13] [INFO] no found
[2017-10-12 03:25:13] [INFO] no found
[2017-10-12 03:25:13] [INFO] no found
[2017-10-12 03:25:13] [INFO] no found
[2017-10-12 03:25:13] [INFO] no found
[2017-10-12 03:25:13] [INFO] no found
[2017-10-12 03:25:13] [INFO] no found
[2017-10-12 03:25:13] [INFO] no found
[2017-10-12 03:25:13] [INFO] no found
[2017-10-12 03:25:13] [INFO] no found
[2017-10-12 03:25:13] [INFO] no found
[2017-10-12 03:25:13] [INFO] no found
[2017-10-12 03:25:13] [INFO] no found
[2017-10-12 03:25:13] [INFO] no found
[2017-10-12 03:25:13] [INFO] no found
[2017-10-12 03:25:13] [INFO] no found
[2017-10-12 03:25:13] [INFO] no found
[2017-10-12 03:25:13] [INFO] no found
[2017-10-12 03:25:13] [INFO] no found
[2017-10-12 03:25:13] [INFO] no found
[2017-10-12 03:25:13] [INFO] no found
[2017-10-12 03:25:13] [INFO] no found
[2017-10-12 03:25:13] [INFO] no found
[2017-10-12 03:25:13] [INFO] no found
[2017-10-12 03:25:13] [INFO] no found
[2017-10-12 03:25:13] [INFO] no found
[2017-10-12 03:25:13] [INFO] no found
[2017-10-12 03:25:13] [INFO] no found
[2017-10-12 03:25:13] [INFO] no found
[2017-10-12 03:25:13] [INFO] no found
[2017-10-12 03:25:13] [INFO] no found
[2017-10-12 03:25:13] [INFO] no found
[2017-10-12 03:25:13] [INFO] no found
[2017-10-12 03:25:13] [INFO] no found
[2017-10-12 03:25:13] [INFO] no found
[2017-10-12 03:25:13] [INFO] no found
[2017-10-12 03:25:13] [INFO] no found
[2017-10-12 03:25:13] [INFO] no found
[2017-10-12 03:25:13] [INFO] no found
[2017-10-12 03:25:13] [INFO] no found
[2017-10-12 03:25:13] [INFO] no found
[2017-10-12 03:25:13] [INFO] no found
[2017-10-12 03:25:13] [INFO] no found
[2017-10-12 03:25:13] [INFO] no found
[2017-10-12 03:25:13] [INFO] no found
[2017-10-12 03:25:13] [INFO] no found
[2017-10-12 03:25:13] [INFO] no found
[2017-10-12 03:25:13] [INFO] no found
[2017-10-12 03:25:13] [INFO] no found
[2017-10-12 03:25:13] [INFO] no found
[2017-10-12 03:25:13] [INFO] no found
[2017-10-12 03:25:13] [INFO] no found
[2017-10-12 03:25:13] [INFO] no found
[2017-10-12 03:25:13] [INFO] no found
[2017-10-12 03:25:13] [INFO] no found
[2017-10-12 03:25:13] [INFO] no found
[2017-10-12 03:25:13] [INFO] no found
[2017-10-12 03:25:13] [INFO] no found
[2017-10-12 03:25:13] [INFO] no found
[2017-10-12 03:25:13] [INFO] no found
[2017-10-12 03:25:13] [INFO] no found
[2017-10-12 03:25:13] [INFO] no found
[2017-10-12 03:25:13] [INFO] no found
[2017-10-12 03:25:13] [INFO] no found
[2017-10-12 03:25:13] [INFO] no found
[2017-10-12 03:25:13] [INFO] no found
[2017-10-12 03:25:13] [INFO] no found
[2017-10-12 03:25:13] [INFO] no found
[2017-10-12 03:25:13] [INFO] no found
[2017-10-12 03:25:13] [INFO] no found
[2017-10-12 03:25:13] [INFO] no found
[2017-10-12 03:25:13] [INFO] no found
[2017-10-12 03:25:13] [INFO] no found
[2017-10-12 03:25:13] [INFO] no found
[2017-10-12 03:25:13] [INFO] no found
[2017-10-12 03:25:13] [INFO] no found
[2017-10-12 03:25:13] [INFO] no found
[2017-10-12 03:25:13] [INFO] no found
[2017-10-12 03:25:13] [INFO] no found
[2017-10-12 03:25:13] [INFO] no found
[2017-10-12 03:25:13] [INFO] no found
[2017-10-12 03:25:13] [INFO] no found
[2017-10-12 03:25:13] [INFO] no found
[2017-10-12 03:25:13] [INFO] no found
[2017-10-12 03:25:13] [INFO] no found
[2017-10-12 03:25:13] [INFO] no found
[2017-10-12 03:25:13] [INFO] no found
[2017-10-12 03:25:13] [INFO] no found
[2017-10-12 03:25:13] [INFO] no found
[2017-10-12 03:25:13] [INFO] no found
[2017-10-12 03:25:13] [INFO] no found
[2017-10-12 03:25:13] [INFO] no found
[2017-10-12 03:25:13] [INFO] no found
[2017-10-12 03:25:13] [INFO] no found
[2017-10-12 03:25:13] [INFO] no found
[2017-10-12 03:25:13] [INFO] no found
[2017-10-12 03:25:13] [INFO] no found
[2017-10-12 03:25:13] [INFO] no found
[2017-10-12 03:25:13] [INFO] no found
[2017-10-12 03:25:13] [INFO] no found
[2017-10-12 03:25:13] [INFO] no found
[2017-10-12 03:25:13] [INFO] no found
[2017-10-12 03:25:13] [INFO] no found
[2017-10-12 03:25:13] [INFO] no found
[2017-10-12 03:25:13] [INFO] no found
[2017-10-12 03:25:13] [INFO] no found
[2017-10-12 03:25:13] [INFO] no found
[2017-10-12 03:25:13] [INFO] no found
[2017-10-12 03:25:13] [INFO] no found
[2017-10-12 03:25:13] [INFO] no found
[2017-10-12 03:25:13] [INFO] [(30, '关闭wifi 后，查看电脑的无线列表 ', 'Pass', '2017-10-12 03:24:47', '2017-10-12 03:25:13', '0:00:26', '')]
[2017-10-12 03:25:13] [INFO] 测试完成后恢复到wifi打开的状态
[2017-10-12 03:25:22] [INFO] <xlrd.book.Book object at 0x0000000003B4BFD0>
[2017-10-12 03:25:22] [INFO] <xlwt.Workbook.Workbook object at 0x0000000003C1B080>
[2017-10-12 03:26:21] [INFO] no found
[2017-10-12 03:26:21] [INFO] no found
[2017-10-12 03:26:21] [INFO] no found
[2017-10-12 03:26:21] [INFO] no found
[2017-10-12 03:26:21] [INFO] no found
[2017-10-12 03:26:21] [INFO] no found
[2017-10-12 03:26:21] [INFO] no found
[2017-10-12 03:26:21] [INFO] no found
[2017-10-12 03:26:21] [INFO] no found
[2017-10-12 03:26:21] [INFO] no found
[2017-10-12 03:26:21] [INFO] no found
[2017-10-12 03:26:21] [INFO] no found
[2017-10-12 03:26:21] [INFO] no found
[2017-10-12 03:26:21] [INFO] no found
[2017-10-12 03:26:21] [INFO] no found
[2017-10-12 03:26:21] [INFO] no found
[2017-10-12 03:26:21] [INFO] no found
[2017-10-12 03:26:21] [INFO] no found
[2017-10-12 03:26:21] [INFO] no found
[2017-10-12 03:26:21] [INFO] no found
[2017-10-12 03:26:21] [INFO] no found
[2017-10-12 03:26:21] [INFO] no found
[2017-10-12 03:26:21] [INFO] no found
[2017-10-12 03:26:21] [INFO] no found
[2017-10-12 03:26:21] [INFO] no found
[2017-10-12 03:26:21] [INFO] no found
[2017-10-12 03:26:21] [INFO] no found
[2017-10-12 03:26:21] [INFO] no found
[2017-10-12 03:26:21] [INFO] no found
[2017-10-12 03:26:21] [INFO] no found
[2017-10-12 03:26:21] [INFO] no found
[2017-10-12 03:26:21] [INFO] no found
[2017-10-12 03:26:21] [INFO] no found
[2017-10-12 03:26:21] [INFO] no found
[2017-10-12 03:26:21] [INFO] no found
[2017-10-12 03:26:21] [INFO] no found
[2017-10-12 03:26:21] [INFO] no found
[2017-10-12 03:26:21] [INFO] no found
[2017-10-12 03:26:21] [INFO] no found
[2017-10-12 03:26:21] [INFO] no found
[2017-10-12 03:26:21] [INFO] no found
[2017-10-12 03:26:21] [INFO] no found
[2017-10-12 03:26:21] [INFO] no found
[2017-10-12 03:26:21] [INFO] no found
[2017-10-12 03:26:21] [INFO] no found
[2017-10-12 03:26:21] [INFO] no found
[2017-10-12 03:26:21] [INFO] no found
[2017-10-12 03:26:21] [INFO] no found
[2017-10-12 03:26:21] [INFO] no found
[2017-10-12 03:26:21] [INFO] no found
[2017-10-12 03:26:21] [INFO] no found
[2017-10-12 03:26:21] [INFO] no found
[2017-10-12 03:26:21] [INFO] no found
[2017-10-12 03:26:21] [INFO] no found
[2017-10-12 03:26:21] [INFO] no found
[2017-10-12 03:26:21] [INFO] no found
[2017-10-12 03:26:21] [INFO] no found
[2017-10-12 03:26:21] [INFO] no found
[2017-10-12 03:26:21] [INFO] no found
[2017-10-12 03:26:21] [INFO] no found
[2017-10-12 03:26:21] [INFO] no found
[2017-10-12 03:26:21] [INFO] no found
[2017-10-12 03:26:21] [INFO] no found
[2017-10-12 03:26:21] [INFO] no found
[2017-10-12 03:26:21] [INFO] no found
[2017-10-12 03:26:21] [INFO] no found
[2017-10-12 03:26:21] [INFO] no found
[2017-10-12 03:26:21] [INFO] no found
[2017-10-12 03:26:21] [INFO] no found
[2017-10-12 03:26:21] [INFO] no found
[2017-10-12 03:26:21] [INFO] no found
[2017-10-12 03:26:21] [INFO] no found
[2017-10-12 03:26:21] [INFO] no found
[2017-10-12 03:26:21] [INFO] no found
[2017-10-12 03:26:21] [INFO] no found
[2017-10-12 03:26:21] [INFO] no found
[2017-10-12 03:26:21] [INFO] no found
[2017-10-12 03:26:21] [INFO] no found
[2017-10-12 03:26:21] [INFO] no found
[2017-10-12 03:26:21] [INFO] no found
[2017-10-12 03:26:21] [INFO] no found
[2017-10-12 03:26:21] [INFO] no found
[2017-10-12 03:26:21] [INFO] no found
[2017-10-12 03:26:21] [INFO] no found
[2017-10-12 03:26:21] [INFO] no found
[2017-10-12 03:26:21] [INFO] no found
[2017-10-12 03:26:21] [INFO] no found
[2017-10-12 03:26:21] [INFO] no found
[2017-10-12 03:26:21] [INFO] no found
[2017-10-12 03:26:21] [INFO] no found
[2017-10-12 03:26:21] [INFO] no found
[2017-10-12 03:26:21] [INFO] no found
[2017-10-12 03:26:21] [INFO] no found
[2017-10-12 03:26:21] [INFO] no found
[2017-10-12 03:26:21] [INFO] no found
[2017-10-12 03:26:21] [INFO] no found
[2017-10-12 03:26:21] [INFO] no found
[2017-10-12 03:26:21] [INFO] no found
[2017-10-12 03:26:21] [INFO] no found
[2017-10-12 03:26:21] [INFO] no found
[2017-10-12 03:26:21] [INFO] no found
[2017-10-12 03:26:21] [INFO] no found
[2017-10-12 03:26:21] [INFO] no found
[2017-10-12 03:26:21] [INFO] no found
[2017-10-12 03:26:21] [INFO] no found
[2017-10-12 03:26:21] [INFO] no found
[2017-10-12 03:26:21] [INFO] no found
[2017-10-12 03:26:21] [INFO] no found
[2017-10-12 03:26:21] [INFO] no found
[2017-10-12 03:26:21] [INFO] no found
[2017-10-12 03:26:21] [INFO] no found
[2017-10-12 03:26:21] [INFO] no found
[2017-10-12 03:26:21] [INFO] no found
[2017-10-12 03:26:21] [INFO] no found
[2017-10-12 03:26:21] [INFO] no found
[2017-10-12 03:26:21] [INFO] no found
[2017-10-12 03:26:21] [INFO] no found
[2017-10-12 03:26:21] [INFO] no found
[2017-10-12 03:26:21] [INFO] no found
[2017-10-12 03:26:21] [INFO] no found
[2017-10-12 03:26:21] [INFO] no found
[2017-10-12 03:26:21] [INFO] no found
[2017-10-12 03:26:21] [INFO] no found
[2017-10-12 03:26:21] [INFO] no found
[2017-10-12 03:26:21] [INFO] no found
[2017-10-12 03:26:21] [INFO] no found
[2017-10-12 03:26:21] [INFO] no found
[2017-10-12 03:26:21] [INFO] no found
[2017-10-12 03:26:21] [INFO] no found
[2017-10-12 03:26:21] [INFO] no found
[2017-10-12 03:26:21] [INFO] no found
[2017-10-12 03:26:21] [INFO] no found
[2017-10-12 03:26:21] [INFO] no found
[2017-10-12 03:26:21] [INFO] no found
[2017-10-12 03:26:21] [INFO] [(31, '关闭SSID,查看电脑列表能否搜索到wifi名称 ', 'Pass', '2017-10-12 03:25:28', '2017-10-12 03:26:21', '0:00:53', '')]
[2017-10-12 03:26:21] [INFO] 测试完成后关闭ssid隐藏
[2017-10-12 03:26:44] [INFO] <xlrd.book.Book object at 0x0000000003B4AF60>
[2017-10-12 03:26:44] [INFO] <xlwt.Workbook.Workbook object at 0x0000000003CB90B8>
[2017-10-12 03:27:18] [INFO] [(32, '不输入原密码时的提示信息检查 ', 'Pass', '2017-10-12 03:26:52', '2017-10-12 03:27:18', '0:00:26', '')]
[2017-10-12 03:27:21] [INFO] <xlrd.book.Book object at 0x0000000003B82D30>
[2017-10-12 03:27:21] [INFO] <xlwt.Workbook.Workbook object at 0x0000000003C15DA0>
[2017-10-12 03:27:58] [INFO] [(33, '不输入新密码时的提示信息检查 ', 'Pass', '2017-10-12 03:27:28', '2017-10-12 03:27:58', '0:00:30', '')]
[2017-10-12 03:28:01] [INFO] <xlrd.book.Book object at 0x0000000003B84D30>
[2017-10-12 03:28:01] [INFO] <xlwt.Workbook.Workbook object at 0x0000000003C1CE10>
[2017-10-12 03:28:35] [INFO] [(34, '确认密码不输入时提示信息检查 ', 'Pass', '2017-10-12 03:28:07', '2017-10-12 03:28:35', '0:00:28', '')]
[2017-10-12 03:28:38] [INFO] <xlrd.book.Book object at 0x0000000003BBB898>
[2017-10-12 03:28:38] [INFO] <xlwt.Workbook.Workbook object at 0x0000000003CA31D0>
[2017-10-12 03:29:13] [INFO] [(35, '确认密码与新密码不一致时的提示信息检查 ', 'Pass', '2017-10-12 03:28:45', '2017-10-12 03:29:13', '0:00:28', '')]
[2017-10-12 03:29:16] [INFO] <xlrd.book.Book object at 0x0000000003BBD5F8>
[2017-10-12 03:29:16] [INFO] <xlwt.Workbook.Workbook object at 0x0000000003C24208>
[2017-10-12 03:29:51] [INFO] [(36, '原密码错误时提示信息检查 ', 'Pass', '2017-10-12 03:29:22', '2017-10-12 03:29:51', '0:00:29', '')]
[2017-10-12 03:29:54] [INFO] <xlrd.book.Book object at 0x0000000003BBC908>
[2017-10-12 03:29:54] [INFO] <xlwt.Workbook.Workbook object at 0x0000000003CC4278>
[2017-10-12 03:30:29] [INFO] [(37, '新密码格式错误时提示信息检查 ', 'Pass', '2017-10-12 03:30:01', '2017-10-12 03:30:29', '0:00:28', '')]
[2017-10-12 03:30:32] [INFO] <xlrd.book.Book object at 0x0000000003B82D68>
[2017-10-12 03:30:32] [INFO] <xlwt.Workbook.Workbook object at 0x0000000003C1AF98>
[2017-10-12 03:31:38] [INFO] [(38, '修改登录密码查看是否可以登录成功', 'Pass', '2017-10-12 03:30:39', '2017-10-12 03:31:38', '0:00:59', '')]
[2017-10-12 03:31:38] [INFO] 测试完成恢复登录密码
[2017-10-12 03:31:53] [INFO] <xlrd.book.Book object at 0x0000000003B83D30>
[2017-10-12 03:31:53] [INFO] <xlwt.Workbook.Workbook object at 0x0000000003C25D68>
[2017-10-12 03:32:33] [INFO] [(39, '检查时区能否正确改变 ', 'Pass', '2017-10-12 03:32:00', '2017-10-12 03:32:33', '0:00:33', '')]
[2017-10-12 03:32:33] [INFO] 测试完成恢复时区
[2017-10-12 03:32:38] [INFO] <xlrd.book.Book object at 0x0000000003B82D30>
[2017-10-12 03:32:38] [INFO] <xlwt.Workbook.Workbook object at 0x0000000003C1BDD8>
[2017-10-12 03:33:15] [INFO] ./upgrade/upload.exe E:\wifitest\upgrade\eeee.png
[2017-10-12 03:33:15] [INFO] 开始用autoit3脚本控制选择本地文件
[2017-10-12 03:33:28] [INFO] [(40, '上传错误的升级文件时，错误提示 ', 'Pass', '2017-10-12 03:32:44', '2017-10-12 03:33:28', '0:00:44', '')]
[2017-10-12 03:33:32] [INFO] <xlrd.book.Book object at 0x0000000003B82CF8>
[2017-10-12 03:33:32] [INFO] <xlwt.Workbook.Workbook object at 0x0000000003DFBF60>
[2017-10-12 03:35:31] [INFO] [(41, '重启功能检查 ', 'Pass', '2017-10-12 03:33:38', '2017-10-12 03:35:31', '0:01:53', '')]
[2017-10-12 03:35:34] [INFO] <xlrd.book.Book object at 0x0000000003B82D68>
[2017-10-12 03:35:34] [INFO] <xlwt.Workbook.Workbook object at 0x0000000003CDA0B8>
[2017-10-12 03:36:10] [INFO] [(42, '取消重启检查 ', 'Pass', '2017-10-12 03:35:40', '2017-10-12 03:36:10', '0:00:30', '')]
[2017-10-12 03:36:13] [INFO] <xlrd.book.Book object at 0x0000000003B83D30>
[2017-10-12 03:36:13] [INFO] <xlwt.Workbook.Workbook object at 0x0000000003CCB0B8>
[2017-10-12 03:36:34] [INFO] [(43, '退出系统 ', 'Pass', '2017-10-12 03:36:18', '2017-10-12 03:36:34', '0:00:16', '')]
[2017-10-12 03:36:37] [INFO] <xlrd.book.Book object at 0x0000000003B84550>
[2017-10-12 03:36:37] [INFO] <xlwt.Workbook.Workbook object at 0x0000000003C0F198>
[2017-10-12 03:36:37] [INFO] 发送邮件
