[2017-10-10 22:30:32] [INFO] test_goto_login: test START 
[2017-10-10 22:30:36] [INFO] [(1, '登录页面跳转测试 ', 'Pass', '2017-10-10 22:30:32', '2017-10-10 22:30:36', '0:00:04', '')]
[2017-10-10 22:30:39] [INFO] <xlrd.book.Book object at 0x0000000003B826A0>
[2017-10-10 22:30:39] [INFO] <xlwt.Workbook.Workbook object at 0x0000000003C0C1D0>
[2017-10-10 22:30:58] [INFO] [(2, '正确密码是否可成功登录测试 ', 'Pass', '2017-10-10 22:30:45', '2017-10-10 22:30:58', '0:00:13', '')]
[2017-10-10 22:31:02] [INFO] <xlrd.book.Book object at 0x0000000003B83668>
[2017-10-10 22:31:02] [INFO] <xlwt.Workbook.Workbook object at 0x0000000003C0A0F0>
[2017-10-10 22:31:24] [INFO] [(3, '是否能顺利跳转到wan 界面 ', 'Pass', '2017-10-10 22:31:07', '2017-10-10 22:31:24', '0:00:17', '')]
[2017-10-10 22:31:27] [INFO] <xlrd.book.Book object at 0x0000000003B68208>
[2017-10-10 22:31:27] [INFO] <xlwt.Workbook.Workbook object at 0x0000000003C0D668>
[2017-10-10 22:32:02] [INFO] 请输入IP地址。
[2017-10-10 22:32:02] [INFO] [(4, '没有IP地址输入时的错误信息提示 ', 'Pass', '2017-10-10 22:31:32', '2017-10-10 22:32:02', '0:00:30', '')]
[2017-10-10 22:32:05] [INFO] <xlrd.book.Book object at 0x0000000003B68240>
[2017-10-10 22:32:05] [INFO] <xlwt.Workbook.Workbook object at 0x0000000003C10908>
[2017-10-10 22:32:18] [INFO] [(5, '不填写密码时的提示信息是否正确 ', 'Pass', '2017-10-10 22:32:10', '2017-10-10 22:32:18', '0:00:08', '')]
[2017-10-10 22:32:21] [INFO] <xlrd.book.Book object at 0x0000000003B83668>
[2017-10-10 22:32:21] [INFO] <xlwt.Workbook.Workbook object at 0x0000000003CA4160>
[2017-10-10 22:32:34] [INFO] [(6, '登录密码错误时提示信息是否正确 ', 'Pass', '2017-10-10 22:32:26', '2017-10-10 22:32:34', '0:00:08', '')]
[2017-10-10 22:32:37] [INFO] <xlrd.book.Book object at 0x0000000003B83668>
[2017-10-10 22:32:37] [INFO] <xlwt.Workbook.Workbook object at 0x0000000003C0A550>
[2017-10-10 22:33:13] [INFO] 请输入子网掩码。
[2017-10-10 22:33:13] [INFO] [(7, '不输入子网掩码时的错误信息提示 ', 'Pass', '2017-10-10 22:32:43', '2017-10-10 22:33:13', '0:00:30', '')]
[2017-10-10 22:33:16] [INFO] <xlrd.book.Book object at 0x0000000003B68240>
[2017-10-10 22:33:16] [INFO] <xlwt.Workbook.Workbook object at 0x0000000003C13A90>
[2017-10-10 22:33:51] [INFO] 请输入默认网关地址。
[2017-10-10 22:33:51] [INFO] [(8, '不输入默认网关时的错误信息提示 ', 'Pass', '2017-10-10 22:33:21', '2017-10-10 22:33:51', '0:00:30', '')]
[2017-10-10 22:33:54] [INFO] <xlrd.book.Book object at 0x0000000003B681D0>
[2017-10-10 22:33:54] [INFO] <xlwt.Workbook.Workbook object at 0x0000000003D46A90>
[2017-10-10 22:34:28] [INFO] IP地址含非法字符，请重新输入。
[2017-10-10 22:34:31] [INFO] IP地址含非法字符，请重新输入。
[2017-10-10 22:34:34] [INFO] IP地址含非法字符，请重新输入。
[2017-10-10 22:34:37] [INFO] IP地址含非法字符，请重新输入。
[2017-10-10 22:34:41] [INFO] IP地址格式错误，请重新输入。
[2017-10-10 22:34:44] [INFO] IP地址含非法字符，请重新输入。
[2017-10-10 22:34:44] [INFO] [(9, '非法格式的IP地址输入时提示信息检查 ', 'Pass', '2017-10-10 22:33:59', '2017-10-10 22:34:44', '0:00:45', '')]
[2017-10-10 22:34:47] [INFO] <xlrd.book.Book object at 0x0000000003B68208>
[2017-10-10 22:34:47] [INFO] <xlwt.Workbook.Workbook object at 0x0000000003C17A90>
[2017-10-10 22:35:22] [INFO] 子网掩码不正确，请重新输入。
[2017-10-10 22:35:28] [INFO] 子网掩码不正确，请重新输入。
[2017-10-10 22:35:33] [INFO] 子网掩码不正确，请重新输入。
[2017-10-10 22:35:38] [INFO] 子网掩码不正确，请重新输入。
[2017-10-10 22:35:44] [INFO] 子网掩码不正确，请重新输入。
[2017-10-10 22:35:49] [INFO] 子网掩码不正确，请重新输入。
[2017-10-10 22:35:49] [INFO] [(10, '非法格式的子网掩码输入时，提示信息检查 ', 'Pass', '2017-10-10 22:34:52', '2017-10-10 22:35:49', '0:00:57', '')]
[2017-10-10 22:35:52] [INFO] <xlrd.book.Book object at 0x0000000003B68208>
[2017-10-10 22:35:52] [INFO] <xlwt.Workbook.Workbook object at 0x0000000003CBC710>
[2017-10-10 22:36:27] [INFO] 默认网关错误，请重新输入。
[2017-10-10 22:36:33] [INFO] 默认网关错误，请重新输入。
[2017-10-10 22:36:38] [INFO] 默认网关错误，请重新输入。
[2017-10-10 22:36:43] [INFO] 默认网关错误，请重新输入。
[2017-10-10 22:36:49] [INFO] 默认网关错误，请重新输入。
[2017-10-10 22:36:54] [INFO] 默认网关错误，请重新输入。
[2017-10-10 22:36:54] [INFO] [(11, '非法格式的默认网关输入时，提示信息检查 ', 'Pass', '2017-10-10 22:35:57', '2017-10-10 22:36:54', '0:00:57', '')]
[2017-10-10 22:36:57] [INFO] <xlrd.book.Book object at 0x0000000003B681D0>
[2017-10-10 22:36:57] [INFO] <xlwt.Workbook.Workbook object at 0x0000000003C9F7B8>
[2017-10-10 22:37:45] [INFO] [(12, '是否可以成功设置静态IP ', 'Pass', '2017-10-10 22:37:02', '2017-10-10 22:37:45', '0:00:43', '')]
[2017-10-10 22:37:45] [INFO] 测试完成后将上网方式恢复为自动获取
[2017-10-10 22:38:08] [INFO] <xlrd.book.Book object at 0x0000000003B6B128>
[2017-10-10 22:38:08] [INFO] <xlwt.Workbook.Workbook object at 0x0000000003CB9B70>
[2017-10-10 22:38:34] [INFO] [(13, '是否能顺利跳转到lan页面 ', 'Pass', '2017-10-10 22:38:14', '2017-10-10 22:38:34', '0:00:20', '')]
[2017-10-10 22:38:38] [INFO] <xlrd.book.Book object at 0x0000000003B5A518>
[2017-10-10 22:38:38] [INFO] <xlwt.Workbook.Workbook object at 0x0000000003C0BD30>
[2017-10-10 22:38:58] [INFO] 默认的局域网地址:
[2017-10-10 22:38:58] [INFO] 默认的dhcp状态是：checkbox_off
[2017-10-10 22:38:58] [INFO] 默认的初始IP地址池：
[2017-10-10 22:38:58] [INFO] 默认的结束IP地址池： 
[2017-10-10 22:38:58] [INFO] [(14, 'lan页面默认项检查 ', 'Pass', '2017-10-10 22:38:43', '2017-10-10 22:38:58', '0:00:15', '')]
[2017-10-10 22:39:01] [INFO] <xlrd.book.Book object at 0x0000000003B69470>
[2017-10-10 22:39:01] [INFO] <xlwt.Workbook.Workbook object at 0x0000000003C0DDD8>
[2017-10-10 22:39:32] [INFO] [(15, 'lan页面不输入局域网地址时的提示语检查 ', 'Pass', '2017-10-10 22:39:07', '2017-10-10 22:39:32', '0:00:25', '')]
[2017-10-10 22:39:35] [INFO] <xlrd.book.Book object at 0x0000000003B6A4A8>
[2017-10-10 22:39:35] [INFO] <xlwt.Workbook.Workbook object at 0x0000000003C0EE80>
[2017-10-10 22:40:04] [INFO] IP地址含非法字符，请重新输入。
[2017-10-10 22:40:06] [INFO] IP地址含非法字符，请重新输入。
[2017-10-10 22:40:08] [INFO] IP地址含非法字符，请重新输入。
[2017-10-10 22:40:10] [INFO] IP地址含非法字符，请重新输入。
[2017-10-10 22:40:13] [INFO] IP地址格式错误，请重新输入。
[2017-10-10 22:40:15] [INFO] IP地址含非法字符，请重新输入。
[2017-10-10 22:40:15] [INFO] [(16, 'lan页面输入格式错误的局域网地址时的提示语检查 ', 'Pass', '2017-10-10 22:39:41', '2017-10-10 22:40:15', '0:00:34', '')]
[2017-10-10 22:40:18] [INFO] <xlrd.book.Book object at 0x0000000003B694A8>
[2017-10-10 22:40:18] [INFO] <xlwt.Workbook.Workbook object at 0x0000000003D16F98>
[2017-10-10 22:41:52] [INFO] [(17, 'lan页面修改局域网地址是否可以成功 ', 'Pass', '2017-10-10 22:40:23', '2017-10-10 22:41:52', '0:01:29', '')]
[2017-10-10 22:41:52] [INFO] 测试完成后修改到原来的IP
[2017-10-10 22:43:08] [INFO] <xlrd.book.Book object at 0x0000000003B694A8>
[2017-10-10 22:43:08] [INFO] <xlwt.Workbook.Workbook object at 0x0000000003C4ECF8>
[2017-10-10 22:43:44] [INFO] 地址池开始值错误，请重新输入。
[2017-10-10 22:43:44] [INFO] [(18, '开始IP地址非法时提示信息检查 ', 'Pass', '2017-10-10 22:43:14', '2017-10-10 22:43:44', '0:00:30', '')]
[2017-10-10 22:43:48] [INFO] <xlrd.book.Book object at 0x0000000003B5A4E0>
[2017-10-10 22:43:48] [INFO] <xlwt.Workbook.Workbook object at 0x0000000003E06160>
[2017-10-10 22:44:22] [INFO] 地址池结束值错误，请重新输入。
[2017-10-10 22:44:22] [INFO] [(19, '结束IP地址非法时提示信息检查 ', 'Pass', '2017-10-10 22:43:53', '2017-10-10 22:44:22', '0:00:29', '')]
[2017-10-10 22:44:25] [INFO] <xlrd.book.Book object at 0x0000000003B694A8>
[2017-10-10 22:44:25] [INFO] <xlwt.Workbook.Workbook object at 0x0000000003C96128>
[2017-10-10 22:45:01] [INFO] 地址池结束值不能小于开始值，请重新输入。
[2017-10-10 22:45:01] [INFO] [(20, '开始IP地址大于结束IP地址时，提示语检查 ', 'Pass', '2017-10-10 22:44:30', '2017-10-10 22:45:01', '0:00:31', '')]
[2017-10-10 22:45:04] [INFO] <xlrd.book.Book object at 0x0000000003B5A4E0>
[2017-10-10 22:45:04] [INFO] <xlwt.Workbook.Workbook object at 0x0000000003C161D0>
[2017-10-10 22:45:46] [INFO] [(21, '开始ip地址和结束IP地址都合法时，是否可以成功保存 ', 'Pass', '2017-10-10 22:45:10', '2017-10-10 22:45:46', '0:00:36', '')]
[2017-10-10 22:45:49] [INFO] <xlrd.book.Book object at 0x0000000003B5A4E0>
[2017-10-10 22:45:49] [INFO] <xlwt.Workbook.Workbook object at 0x0000000003C97278>
[2017-10-10 22:46:20] [INFO] [(22, 'DHCP 能否被正确关闭 ', 'Pass', '2017-10-10 22:45:55', '2017-10-10 22:46:20', '0:00:25', '')]
[2017-10-10 22:46:23] [INFO] <xlrd.book.Book object at 0x0000000003B69438>
[2017-10-10 22:46:23] [INFO] <xlwt.Workbook.Workbook object at 0x0000000003CA30B8>
[2017-10-10 22:46:45] [INFO] [(23, '是否能顺利跳转到无线wifi设置界面 ', 'Pass', '2017-10-10 22:46:28', '2017-10-10 22:46:45', '0:00:17', '')]
[2017-10-10 22:46:48] [INFO] <xlrd.book.Book object at 0x0000000003B6D0F0>
[2017-10-10 22:46:48] [INFO] <xlwt.Workbook.Workbook object at 0x0000000003C9CC88>
[2017-10-10 22:47:11] [INFO] wifiname:frt_test
[2017-10-10 22:47:11] [INFO] wifiname:iot123321
[2017-10-10 22:47:11] [INFO] [(24, 'wifi页面默认项检查 ', 'Pass', '2017-10-10 22:46:54', '2017-10-10 22:47:11', '0:00:17', '')]
[2017-10-10 22:47:14] [INFO] <xlrd.book.Book object at 0x0000000003B4DFD0>
[2017-10-10 22:47:14] [INFO] <xlwt.Workbook.Workbook object at 0x0000000003C0FC50>
[2017-10-10 22:51:27] [INFO] [(25, 'wifi名称各种组合是否支持 ', 'Pass', '2017-10-10 22:47:20', '2017-10-10 22:51:27', '0:04:07', '')]
[2017-10-10 22:51:30] [INFO] <xlrd.book.Book object at 0x0000000003B6D0F0>
[2017-10-10 22:51:30] [INFO] <xlwt.Workbook.Workbook object at 0x0000000003C51DA0>
[2017-10-10 22:51:54] [INFO] 请输入2.4G无线名称。
[2017-10-10 22:51:54] [INFO] [(26, '不输入wifi名称时的提示语检查 ', 'Pass', '2017-10-10 22:51:37', '2017-10-10 22:51:54', '0:00:17', '')]
[2017-10-10 22:51:57] [INFO] <xlrd.book.Book object at 0x0000000003B6E048>
[2017-10-10 22:51:57] [INFO] <xlwt.Workbook.Workbook object at 0x0000000003C10E10>
[2017-10-10 22:52:46] [INFO] [(27, '不输入wifi密码时是否可以保存成功 ', 'Pass', '2017-10-10 22:52:03', '2017-10-10 22:52:46', '0:00:43', '')]
[2017-10-10 22:52:46] [INFO] 测试完成后恢复wifi密码
[2017-10-10 22:53:12] [INFO] <xlrd.book.Book object at 0x0000000003B4EFD0>
[2017-10-10 22:53:12] [INFO] <xlwt.Workbook.Workbook object at 0x0000000003C9EF28>
[2017-10-10 22:53:51] [INFO] [(28, '输入错误格式的wifi 密码，提示语检查 ', 'Pass', '2017-10-10 22:53:18', '2017-10-10 22:53:51', '0:00:33', '')]
[2017-10-10 22:53:51] [INFO] 测试完成恢复wifi密码
[2017-10-10 22:54:18] [INFO] <xlrd.book.Book object at 0x0000000003B6E080>
[2017-10-10 22:54:18] [INFO] <xlwt.Workbook.Workbook object at 0x0000000003C9BF60>
[2017-10-10 22:57:14] [INFO] [(29, '是否支持各种格式的wifi密码 ', 'Pass', '2017-10-10 22:54:23', '2017-10-10 22:57:14', '0:02:51', '')]
[2017-10-10 22:57:14] [INFO] 测试完成恢复wifi密码
[2017-10-10 22:57:41] [INFO] <xlrd.book.Book object at 0x0000000003B6E080>
[2017-10-10 22:57:41] [INFO] <xlwt.Workbook.Workbook object at 0x0000000003C4A048>
[2017-10-10 22:58:12] [INFO] no found
[2017-10-10 22:58:12] [INFO] no found
[2017-10-10 22:58:12] [INFO] no found
[2017-10-10 22:58:12] [INFO] no found
[2017-10-10 22:58:12] [INFO] no found
[2017-10-10 22:58:12] [INFO] no found
[2017-10-10 22:58:12] [INFO] no found
[2017-10-10 22:58:12] [INFO] no found
[2017-10-10 22:58:12] [INFO] no found
[2017-10-10 22:58:12] [INFO] no found
[2017-10-10 22:58:12] [INFO] no found
[2017-10-10 22:58:12] [INFO] no found
[2017-10-10 22:58:12] [INFO] no found
[2017-10-10 22:58:12] [INFO] no found
[2017-10-10 22:58:12] [INFO] no found
[2017-10-10 22:58:12] [INFO] no found
[2017-10-10 22:58:12] [INFO] no found
[2017-10-10 22:58:12] [INFO] no found
[2017-10-10 22:58:12] [INFO] no found
[2017-10-10 22:58:12] [INFO] no found
[2017-10-10 22:58:12] [INFO] no found
[2017-10-10 22:58:12] [INFO] no found
[2017-10-10 22:58:12] [INFO] no found
[2017-10-10 22:58:12] [INFO] no found
[2017-10-10 22:58:12] [INFO] no found
[2017-10-10 22:58:12] [INFO] no found
[2017-10-10 22:58:12] [INFO] no found
[2017-10-10 22:58:12] [INFO] no found
[2017-10-10 22:58:12] [INFO] no found
[2017-10-10 22:58:12] [INFO] no found
[2017-10-10 22:58:12] [INFO] no found
[2017-10-10 22:58:12] [INFO] no found
[2017-10-10 22:58:12] [INFO] no found
[2017-10-10 22:58:12] [INFO] no found
[2017-10-10 22:58:12] [INFO] no found
[2017-10-10 22:58:12] [INFO] no found
[2017-10-10 22:58:12] [INFO] no found
[2017-10-10 22:58:12] [INFO] no found
[2017-10-10 22:58:12] [INFO] no found
[2017-10-10 22:58:12] [INFO] no found
[2017-10-10 22:58:12] [INFO] no found
[2017-10-10 22:58:12] [INFO] no found
[2017-10-10 22:58:12] [INFO] no found
[2017-10-10 22:58:12] [INFO] no found
[2017-10-10 22:58:12] [INFO] no found
[2017-10-10 22:58:12] [INFO] no found
[2017-10-10 22:58:12] [INFO] no found
[2017-10-10 22:58:12] [INFO] no found
[2017-10-10 22:58:12] [INFO] no found
[2017-10-10 22:58:12] [INFO] no found
[2017-10-10 22:58:12] [INFO] no found
[2017-10-10 22:58:12] [INFO] no found
[2017-10-10 22:58:12] [INFO] no found
[2017-10-10 22:58:12] [INFO] no found
[2017-10-10 22:58:12] [INFO] no found
[2017-10-10 22:58:12] [INFO] no found
[2017-10-10 22:58:12] [INFO] no found
[2017-10-10 22:58:12] [INFO] no found
[2017-10-10 22:58:12] [INFO] no found
[2017-10-10 22:58:12] [INFO] no found
[2017-10-10 22:58:12] [INFO] no found
[2017-10-10 22:58:12] [INFO] no found
[2017-10-10 22:58:12] [INFO] no found
[2017-10-10 22:58:12] [INFO] no found
[2017-10-10 22:58:12] [INFO] no found
[2017-10-10 22:58:12] [INFO] no found
[2017-10-10 22:58:12] [INFO] no found
[2017-10-10 22:58:12] [INFO] no found
[2017-10-10 22:58:12] [INFO] no found
[2017-10-10 22:58:12] [INFO] no found
[2017-10-10 22:58:12] [INFO] no found
[2017-10-10 22:58:12] [INFO] no found
[2017-10-10 22:58:12] [INFO] no found
[2017-10-10 22:58:12] [INFO] no found
[2017-10-10 22:58:12] [INFO] no found
[2017-10-10 22:58:12] [INFO] no found
[2017-10-10 22:58:12] [INFO] no found
[2017-10-10 22:58:12] [INFO] no found
[2017-10-10 22:58:12] [INFO] no found
[2017-10-10 22:58:12] [INFO] no found
[2017-10-10 22:58:12] [INFO] no found
[2017-10-10 22:58:12] [INFO] no found
[2017-10-10 22:58:12] [INFO] no found
[2017-10-10 22:58:12] [INFO] no found
[2017-10-10 22:58:12] [INFO] no found
[2017-10-10 22:58:12] [INFO] no found
[2017-10-10 22:58:12] [INFO] no found
[2017-10-10 22:58:12] [INFO] no found
[2017-10-10 22:58:12] [INFO] no found
[2017-10-10 22:58:12] [INFO] no found
[2017-10-10 22:58:12] [INFO] no found
[2017-10-10 22:58:12] [INFO] no found
[2017-10-10 22:58:12] [INFO] no found
[2017-10-10 22:58:12] [INFO] no found
[2017-10-10 22:58:12] [INFO] no found
[2017-10-10 22:58:12] [INFO] no found
[2017-10-10 22:58:12] [INFO] no found
[2017-10-10 22:58:12] [INFO] no found
[2017-10-10 22:58:12] [INFO] no found
[2017-10-10 22:58:12] [INFO] no found
[2017-10-10 22:58:12] [INFO] no found
[2017-10-10 22:58:12] [INFO] no found
[2017-10-10 22:58:12] [INFO] no found
[2017-10-10 22:58:12] [INFO] no found
[2017-10-10 22:58:12] [INFO] no found
[2017-10-10 22:58:12] [INFO] no found
[2017-10-10 22:58:12] [INFO] no found
[2017-10-10 22:58:12] [INFO] no found
[2017-10-10 22:58:12] [INFO] no found
[2017-10-10 22:58:12] [INFO] no found
[2017-10-10 22:58:12] [INFO] no found
[2017-10-10 22:58:12] [INFO] no found
[2017-10-10 22:58:12] [INFO] no found
[2017-10-10 22:58:12] [INFO] no found
[2017-10-10 22:58:12] [INFO] no found
[2017-10-10 22:58:12] [INFO] no found
[2017-10-10 22:58:12] [INFO] no found
[2017-10-10 22:58:12] [INFO] no found
[2017-10-10 22:58:12] [INFO] no found
[2017-10-10 22:58:12] [INFO] no found
[2017-10-10 22:58:12] [INFO] no found
[2017-10-10 22:58:12] [INFO] no found
[2017-10-10 22:58:12] [INFO] no found
[2017-10-10 22:58:12] [INFO] no found
[2017-10-10 22:58:12] [INFO] no found
[2017-10-10 22:58:12] [INFO] no found
[2017-10-10 22:58:12] [INFO] no found
[2017-10-10 22:58:12] [INFO] no found
[2017-10-10 22:58:12] [INFO] no found
[2017-10-10 22:58:12] [INFO] no found
[2017-10-10 22:58:12] [INFO] no found
[2017-10-10 22:58:12] [INFO] no found
[2017-10-10 22:58:12] [INFO] no found
[2017-10-10 22:58:12] [INFO] no found
[2017-10-10 22:58:12] [INFO] no found
[2017-10-10 22:58:12] [INFO] no found
[2017-10-10 22:58:12] [INFO] no found
[2017-10-10 22:58:12] [INFO] no found
[2017-10-10 22:58:12] [INFO] no found
[2017-10-10 22:58:12] [INFO] [(30, '关闭wifi 后，查看电脑的无线列表 ', 'Pass', '2017-10-10 22:57:46', '2017-10-10 22:58:12', '0:00:26', '')]
[2017-10-10 22:58:12] [INFO] 测试完成后恢复到wifi打开的状态
[2017-10-10 22:58:21] [INFO] <xlrd.book.Book object at 0x0000000003B6D0F0>
[2017-10-10 22:58:21] [INFO] <xlwt.Workbook.Workbook object at 0x0000000003C1C048>
[2017-10-10 22:59:20] [INFO] no found
[2017-10-10 22:59:20] [INFO] no found
[2017-10-10 22:59:20] [INFO] no found
[2017-10-10 22:59:20] [INFO] no found
[2017-10-10 22:59:20] [INFO] no found
[2017-10-10 22:59:20] [INFO] no found
[2017-10-10 22:59:20] [INFO] no found
[2017-10-10 22:59:20] [INFO] no found
[2017-10-10 22:59:20] [INFO] no found
[2017-10-10 22:59:20] [INFO] no found
[2017-10-10 22:59:20] [INFO] no found
[2017-10-10 22:59:20] [INFO] no found
[2017-10-10 22:59:20] [INFO] no found
[2017-10-10 22:59:20] [INFO] no found
[2017-10-10 22:59:20] [INFO] no found
[2017-10-10 22:59:20] [INFO] no found
[2017-10-10 22:59:20] [INFO] no found
[2017-10-10 22:59:20] [INFO] no found
[2017-10-10 22:59:20] [INFO] no found
[2017-10-10 22:59:20] [INFO] no found
[2017-10-10 22:59:20] [INFO] no found
[2017-10-10 22:59:20] [INFO] no found
[2017-10-10 22:59:20] [INFO] no found
[2017-10-10 22:59:20] [INFO] no found
[2017-10-10 22:59:20] [INFO] no found
[2017-10-10 22:59:20] [INFO] no found
[2017-10-10 22:59:20] [INFO] no found
[2017-10-10 22:59:20] [INFO] no found
[2017-10-10 22:59:20] [INFO] no found
[2017-10-10 22:59:20] [INFO] no found
[2017-10-10 22:59:20] [INFO] no found
[2017-10-10 22:59:20] [INFO] no found
[2017-10-10 22:59:20] [INFO] no found
[2017-10-10 22:59:20] [INFO] no found
[2017-10-10 22:59:20] [INFO] no found
[2017-10-10 22:59:20] [INFO] no found
[2017-10-10 22:59:20] [INFO] no found
[2017-10-10 22:59:20] [INFO] no found
[2017-10-10 22:59:20] [INFO] no found
[2017-10-10 22:59:20] [INFO] no found
[2017-10-10 22:59:20] [INFO] no found
[2017-10-10 22:59:20] [INFO] no found
[2017-10-10 22:59:20] [INFO] no found
[2017-10-10 22:59:20] [INFO] no found
[2017-10-10 22:59:20] [INFO] no found
[2017-10-10 22:59:20] [INFO] no found
[2017-10-10 22:59:20] [INFO] no found
[2017-10-10 22:59:20] [INFO] no found
[2017-10-10 22:59:20] [INFO] no found
[2017-10-10 22:59:20] [INFO] no found
[2017-10-10 22:59:20] [INFO] no found
[2017-10-10 22:59:20] [INFO] no found
[2017-10-10 22:59:20] [INFO] no found
[2017-10-10 22:59:20] [INFO] no found
[2017-10-10 22:59:20] [INFO] no found
[2017-10-10 22:59:20] [INFO] no found
[2017-10-10 22:59:20] [INFO] no found
[2017-10-10 22:59:20] [INFO] no found
[2017-10-10 22:59:20] [INFO] no found
[2017-10-10 22:59:20] [INFO] no found
[2017-10-10 22:59:20] [INFO] no found
[2017-10-10 22:59:20] [INFO] no found
[2017-10-10 22:59:20] [INFO] no found
[2017-10-10 22:59:20] [INFO] no found
[2017-10-10 22:59:20] [INFO] no found
[2017-10-10 22:59:20] [INFO] no found
[2017-10-10 22:59:20] [INFO] no found
[2017-10-10 22:59:20] [INFO] no found
[2017-10-10 22:59:20] [INFO] no found
[2017-10-10 22:59:20] [INFO] no found
[2017-10-10 22:59:20] [INFO] no found
[2017-10-10 22:59:20] [INFO] no found
[2017-10-10 22:59:20] [INFO] no found
[2017-10-10 22:59:20] [INFO] no found
[2017-10-10 22:59:20] [INFO] no found
[2017-10-10 22:59:20] [INFO] no found
[2017-10-10 22:59:20] [INFO] no found
[2017-10-10 22:59:20] [INFO] no found
[2017-10-10 22:59:20] [INFO] no found
[2017-10-10 22:59:20] [INFO] no found
[2017-10-10 22:59:20] [INFO] no found
[2017-10-10 22:59:20] [INFO] no found
[2017-10-10 22:59:20] [INFO] no found
[2017-10-10 22:59:20] [INFO] no found
[2017-10-10 22:59:20] [INFO] no found
[2017-10-10 22:59:20] [INFO] no found
[2017-10-10 22:59:20] [INFO] no found
[2017-10-10 22:59:20] [INFO] no found
[2017-10-10 22:59:20] [INFO] no found
[2017-10-10 22:59:20] [INFO] no found
[2017-10-10 22:59:20] [INFO] no found
[2017-10-10 22:59:20] [INFO] no found
[2017-10-10 22:59:20] [INFO] no found
[2017-10-10 22:59:20] [INFO] no found
[2017-10-10 22:59:20] [INFO] no found
[2017-10-10 22:59:20] [INFO] no found
[2017-10-10 22:59:20] [INFO] no found
[2017-10-10 22:59:20] [INFO] no found
[2017-10-10 22:59:20] [INFO] no found
[2017-10-10 22:59:20] [INFO] no found
[2017-10-10 22:59:20] [INFO] no found
[2017-10-10 22:59:20] [INFO] no found
[2017-10-10 22:59:20] [INFO] no found
[2017-10-10 22:59:20] [INFO] no found
[2017-10-10 22:59:20] [INFO] no found
[2017-10-10 22:59:20] [INFO] no found
[2017-10-10 22:59:20] [INFO] no found
[2017-10-10 22:59:20] [INFO] no found
[2017-10-10 22:59:20] [INFO] no found
[2017-10-10 22:59:20] [INFO] no found
[2017-10-10 22:59:20] [INFO] no found
[2017-10-10 22:59:20] [INFO] no found
[2017-10-10 22:59:20] [INFO] no found
[2017-10-10 22:59:20] [INFO] no found
[2017-10-10 22:59:20] [INFO] no found
[2017-10-10 22:59:20] [INFO] no found
[2017-10-10 22:59:20] [INFO] no found
[2017-10-10 22:59:20] [INFO] no found
[2017-10-10 22:59:20] [INFO] no found
[2017-10-10 22:59:20] [INFO] no found
[2017-10-10 22:59:20] [INFO] no found
[2017-10-10 22:59:20] [INFO] no found
[2017-10-10 22:59:20] [INFO] no found
[2017-10-10 22:59:20] [INFO] no found
[2017-10-10 22:59:20] [INFO] no found
[2017-10-10 22:59:20] [INFO] no found
[2017-10-10 22:59:20] [INFO] no found
[2017-10-10 22:59:20] [INFO] no found
[2017-10-10 22:59:20] [INFO] no found
[2017-10-10 22:59:20] [INFO] no found
[2017-10-10 22:59:20] [INFO] no found
[2017-10-10 22:59:20] [INFO] no found
[2017-10-10 22:59:20] [INFO] no found
[2017-10-10 22:59:20] [INFO] no found
[2017-10-10 22:59:20] [INFO] no found
[2017-10-10 22:59:20] [INFO] no found
[2017-10-10 22:59:20] [INFO] no found
[2017-10-10 22:59:20] [INFO] no found
[2017-10-10 22:59:20] [INFO] no found
[2017-10-10 22:59:20] [INFO] no found
[2017-10-10 22:59:20] [INFO] no found
[2017-10-10 22:59:20] [INFO] no found
[2017-10-10 22:59:20] [INFO] no found
[2017-10-10 22:59:20] [INFO] no found
[2017-10-10 22:59:20] [INFO] no found
[2017-10-10 22:59:20] [INFO] no found
[2017-10-10 22:59:20] [INFO] no found
[2017-10-10 22:59:20] [INFO] no found
[2017-10-10 22:59:20] [INFO] no found
[2017-10-10 22:59:20] [INFO] no found
[2017-10-10 22:59:20] [INFO] no found
[2017-10-10 22:59:20] [INFO] no found
[2017-10-10 22:59:20] [INFO] no found
[2017-10-10 22:59:20] [INFO] no found
[2017-10-10 22:59:20] [INFO] no found
[2017-10-10 22:59:20] [INFO] no found
[2017-10-10 22:59:20] [INFO] no found
[2017-10-10 22:59:20] [INFO] no found
[2017-10-10 22:59:20] [INFO] no found
[2017-10-10 22:59:20] [INFO] no found
[2017-10-10 22:59:20] [INFO] no found
[2017-10-10 22:59:20] [INFO] no found
[2017-10-10 22:59:20] [INFO] no found
[2017-10-10 22:59:20] [INFO] no found
[2017-10-10 22:59:20] [INFO] [(31, '关闭SSID,查看电脑列表能否搜索到wifi名称 ', 'Pass', '2017-10-10 22:58:26', '2017-10-10 22:59:20', '0:00:54', '')]
[2017-10-10 22:59:20] [INFO] 测试完成后关闭ssid隐藏
[2017-10-10 22:59:43] [INFO] <xlrd.book.Book object at 0x0000000003B6D0F0>
[2017-10-10 22:59:43] [INFO] <xlwt.Workbook.Workbook object at 0x0000000003DE90F0>
[2017-10-10 23:00:11] [INFO] [(32, '不输入原密码时的提示信息检查 ', 'Pass', '2017-10-10 22:59:48', '2017-10-10 23:00:11', '0:00:23', '')]
[2017-10-10 23:00:14] [INFO] <xlrd.book.Book object at 0x0000000003B82E48>
[2017-10-10 23:00:14] [INFO] <xlwt.Workbook.Workbook object at 0x0000000003C18E10>
[2017-10-10 23:00:45] [INFO] [(33, '不输入新密码时的提示信息检查 ', 'Pass', '2017-10-10 23:00:19', '2017-10-10 23:00:45', '0:00:26', '')]
[2017-10-10 23:00:48] [INFO] <xlrd.book.Book object at 0x0000000003B82E48>
[2017-10-10 23:00:48] [INFO] <xlwt.Workbook.Workbook object at 0x0000000003C1AEB8>
[2017-10-10 23:01:19] [INFO] [(34, '确认密码不输入时提示信息检查 ', 'Pass', '2017-10-10 23:00:54', '2017-10-10 23:01:19', '0:00:25', '')]
[2017-10-10 23:01:22] [INFO] <xlrd.book.Book object at 0x0000000003BBA9B0>
[2017-10-10 23:01:22] [INFO] <xlwt.Workbook.Workbook object at 0x0000000003C22208>
[2017-10-10 23:01:54] [INFO] [(35, '确认密码与新密码不一致时的提示信息检查 ', 'Pass', '2017-10-10 23:01:28', '2017-10-10 23:01:54', '0:00:26', '')]
[2017-10-10 23:01:57] [INFO] <xlrd.book.Book object at 0x0000000003BBA710>
[2017-10-10 23:01:57] [INFO] <xlwt.Workbook.Workbook object at 0x0000000003C242B0>
[2017-10-10 23:02:27] [INFO] [(36, '原密码错误时提示信息检查 ', 'Pass', '2017-10-10 23:02:02', '2017-10-10 23:02:27', '0:00:25', '')]
[2017-10-10 23:02:31] [INFO] <xlrd.book.Book object at 0x0000000003BBAA20>
[2017-10-10 23:02:31] [INFO] <xlwt.Workbook.Workbook object at 0x0000000003D542E8>
[2017-10-10 23:03:01] [INFO] [(37, '新密码格式错误时提示信息检查 ', 'Pass', '2017-10-10 23:02:36', '2017-10-10 23:03:01', '0:00:25', '')]
[2017-10-10 23:03:04] [INFO] <xlrd.book.Book object at 0x0000000003B82E10>
[2017-10-10 23:03:04] [INFO] <xlwt.Workbook.Workbook object at 0x0000000003CBDF28>
[2017-10-10 23:04:05] [INFO] [(38, '修改登录密码查看是否可以登录成功', 'Pass', '2017-10-10 23:03:09', '2017-10-10 23:04:05', '0:00:56', '')]
[2017-10-10 23:04:05] [INFO] 测试完成恢复登录密码
[2017-10-10 23:04:20] [INFO] <xlrd.book.Book object at 0x0000000003B82E10>
[2017-10-10 23:04:20] [INFO] <xlwt.Workbook.Workbook object at 0x0000000003D49DA0>
[2017-10-10 23:04:56] [INFO] [(39, '检查时区能否正确改变 ', 'Pass', '2017-10-10 23:04:26', '2017-10-10 23:04:56', '0:00:30', '')]
[2017-10-10 23:04:56] [INFO] 测试完成恢复时区
[2017-10-10 23:05:01] [INFO] <xlrd.book.Book object at 0x0000000003B83E10>
[2017-10-10 23:05:01] [INFO] <xlwt.Workbook.Workbook object at 0x0000000003C1EE48>
[2017-10-10 23:05:35] [INFO] ./upgrade/upload.exe E:\wifitest\upgrade\eeee.png
[2017-10-10 23:05:35] [INFO] 开始用autoit3脚本控制选择本地文件
[2017-10-10 23:05:48] [INFO] [(41, '重启路由器 ', 'Pass', '2017-10-10 23:05:07', '2017-10-10 23:05:48', '0:00:41', '')]
[2017-10-10 23:05:52] [INFO] <xlrd.book.Book object at 0x0000000003B82E48>
[2017-10-10 23:05:52] [INFO] <xlwt.Workbook.Workbook object at 0x0000000003CA00B8>
[2017-10-10 23:07:47] [INFO] [(41, '重启功能检查 ', 'Pass', '2017-10-10 23:05:57', '2017-10-10 23:07:47', '0:01:50', '')]
[2017-10-10 23:07:50] [INFO] <xlrd.book.Book object at 0x0000000003B82E48>
[2017-10-10 23:07:50] [INFO] <xlwt.Workbook.Workbook object at 0x0000000003CDD0F0>
[2017-10-10 23:08:21] [INFO] [(42, '取消重启检查 ', 'Pass', '2017-10-10 23:07:55', '2017-10-10 23:08:21', '0:00:26', '')]
[2017-10-10 23:08:24] [INFO] <xlrd.book.Book object at 0x0000000003B82E48>
[2017-10-10 23:08:24] [INFO] <xlwt.Workbook.Workbook object at 0x0000000003C1F0F0>
[2017-10-10 23:08:45] [INFO] [(43, '退出系统 ', 'Pass', '2017-10-10 23:08:30', '2017-10-10 23:08:45', '0:00:15', '')]
[2017-10-10 23:08:48] [INFO] <xlrd.book.Book object at 0x0000000003B826D8>
[2017-10-10 23:08:48] [INFO] <xlwt.Workbook.Workbook object at 0x0000000003C11208>
[2017-10-10 23:08:49] [INFO] 发送邮件
