[2017-10-10 16:37:13] [INFO] test_goto_login: test START 
[2017-10-10 16:37:19] [INFO] [(1, '登录页面跳转测试 ', 'Pass', '2017-10-10 16:37:13', '2017-10-10 16:37:19', '0:00:06', '')]
[2017-10-10 16:37:23] [INFO] <xlrd.book.Book object at 0x0000000003B826A0>
[2017-10-10 16:37:23] [INFO] <xlwt.Workbook.Workbook object at 0x0000000003C0C1D0>
[2017-10-10 16:38:03] [INFO] [(2, '正确密码是否可成功登录测试 ', 'Pass', '2017-10-10 16:37:34', '2017-10-10 16:38:03', '0:00:29', '')]
[2017-10-10 16:38:08] [INFO] <xlrd.book.Book object at 0x0000000003B83668>
[2017-10-10 16:38:08] [INFO] <xlwt.Workbook.Workbook object at 0x0000000003C8A0F0>
[2017-10-10 16:38:39] [INFO] [(3, '是否能顺利跳转到wan 界面 ', 'Pass', '2017-10-10 16:38:15', '2017-10-10 16:38:39', '0:00:24', '')]
[2017-10-10 16:38:42] [INFO] <xlrd.book.Book object at 0x0000000003B69278>
[2017-10-10 16:38:42] [INFO] <xlwt.Workbook.Workbook object at 0x0000000003C0D6D8>
[2017-10-10 16:39:19] [INFO] 请输入IP地址。
[2017-10-10 16:39:19] [INFO] [(4, '没有IP地址输入时的错误信息提示 ', 'Pass', '2017-10-10 16:38:49', '2017-10-10 16:39:19', '0:00:30', '')]
[2017-10-10 16:39:22] [INFO] <xlrd.book.Book object at 0x0000000003B68240>
[2017-10-10 16:39:22] [INFO] <xlwt.Workbook.Workbook object at 0x0000000003C10908>
[2017-10-10 16:39:38] [INFO] [(5, '不填写密码时的提示信息是否正确 ', 'Pass', '2017-10-10 16:39:30', '2017-10-10 16:39:38', '0:00:08', '')]
[2017-10-10 16:39:41] [INFO] <xlrd.book.Book object at 0x0000000003B83668>
[2017-10-10 16:39:41] [INFO] <xlwt.Workbook.Workbook object at 0x0000000003BF4128>
[2017-10-10 16:39:57] [INFO] [(6, '登录密码错误时提示信息是否正确 ', 'Pass', '2017-10-10 16:39:48', '2017-10-10 16:39:57', '0:00:09', '')]
[2017-10-10 16:40:00] [INFO] <xlrd.book.Book object at 0x0000000003B83668>
[2017-10-10 16:40:00] [INFO] <xlwt.Workbook.Workbook object at 0x0000000003CBA550>
[2017-10-10 16:40:36] [INFO] 请输入子网掩码。
[2017-10-10 16:40:36] [INFO] [(7, '不输入子网掩码时的错误信息提示 ', 'Pass', '2017-10-10 16:40:06', '2017-10-10 16:40:36', '0:00:30', '')]
[2017-10-10 16:40:39] [INFO] <xlrd.book.Book object at 0x0000000003B68240>
[2017-10-10 16:40:39] [INFO] <xlwt.Workbook.Workbook object at 0x0000000003C13A90>
[2017-10-10 16:41:17] [INFO] 请输入默认网关地址。
[2017-10-10 16:41:17] [INFO] [(8, '不输入默认网关时的错误信息提示 ', 'Pass', '2017-10-10 16:40:46', '2017-10-10 16:41:17', '0:00:31', '')]
[2017-10-10 16:41:20] [INFO] <xlrd.book.Book object at 0x0000000003B68240>
[2017-10-10 16:41:20] [INFO] <xlwt.Workbook.Workbook object at 0x0000000003C96B00>
[2017-10-10 16:41:55] [INFO] IP地址含非法字符，请重新输入。
[2017-10-10 16:41:58] [INFO] IP地址含非法字符，请重新输入。
[2017-10-10 16:42:02] [INFO] IP地址含非法字符，请重新输入。
[2017-10-10 16:42:05] [INFO] IP地址含非法字符，请重新输入。
[2017-10-10 16:42:08] [INFO] IP地址格式错误，请重新输入。
[2017-10-10 16:42:12] [INFO] IP地址含非法字符，请重新输入。
[2017-10-10 16:42:12] [INFO] [(9, '非法格式的IP地址输入时提示信息检查 ', 'Pass', '2017-10-10 16:41:27', '2017-10-10 16:42:12', '0:00:45', '')]
[2017-10-10 16:42:15] [INFO] <xlrd.book.Book object at 0x0000000003B68208>
[2017-10-10 16:42:15] [INFO] <xlwt.Workbook.Workbook object at 0x0000000003C15B00>
[2017-10-10 16:42:52] [INFO] 子网掩码不正确，请重新输入。
[2017-10-10 16:42:57] [INFO] 子网掩码不正确，请重新输入。
[2017-10-10 16:43:03] [INFO] 子网掩码不正确，请重新输入。
[2017-10-10 16:43:08] [INFO] 子网掩码不正确，请重新输入。
[2017-10-10 16:43:13] [INFO] 子网掩码不正确，请重新输入。
[2017-10-10 16:43:19] [INFO] 子网掩码不正确，请重新输入。
[2017-10-10 16:43:19] [INFO] [(10, '非法格式的子网掩码输入时，提示信息检查 ', 'Pass', '2017-10-10 16:42:22', '2017-10-10 16:43:19', '0:00:57', '')]
[2017-10-10 16:43:22] [INFO] <xlrd.book.Book object at 0x0000000003B68198>
[2017-10-10 16:43:22] [INFO] <xlwt.Workbook.Workbook object at 0x0000000003C1C748>
[2017-10-10 16:43:59] [INFO] 默认网关错误，请重新输入。
[2017-10-10 16:44:05] [INFO] 默认网关错误，请重新输入。
[2017-10-10 16:44:10] [INFO] 默认网关错误，请重新输入。
[2017-10-10 16:44:15] [INFO] 默认网关错误，请重新输入。
[2017-10-10 16:44:21] [INFO] 默认网关错误，请重新输入。
[2017-10-10 16:44:26] [INFO] 默认网关错误，请重新输入。
[2017-10-10 16:44:26] [INFO] [(11, '非法格式的默认网关输入时，提示信息检查 ', 'Pass', '2017-10-10 16:43:28', '2017-10-10 16:44:26', '0:00:58', '')]
[2017-10-10 16:44:29] [INFO] <xlrd.book.Book object at 0x0000000003B68208>
[2017-10-10 16:44:29] [INFO] <xlwt.Workbook.Workbook object at 0x0000000003CAF860>
[2017-10-10 16:45:18] [INFO] [(12, '是否可以成功设置静态IP ', 'Pass', '2017-10-10 16:44:35', '2017-10-10 16:45:18', '0:00:43', '')]
[2017-10-10 16:45:18] [INFO] 测试完成后将上网方式恢复为自动获取
[2017-10-10 16:45:42] [INFO] <xlrd.book.Book object at 0x0000000003B69198>
[2017-10-10 16:45:42] [INFO] <xlwt.Workbook.Workbook object at 0x0000000003C19C88>
[2017-10-10 16:46:51] [INFO] [(13, '是否能顺利跳转到lan页面 ', 'Pass', '2017-10-10 16:46:17', '2017-10-10 16:46:51', '0:00:34', '')]
[2017-10-10 16:46:54] [INFO] <xlrd.book.Book object at 0x0000000003B5A518>
[2017-10-10 16:46:54] [INFO] <xlwt.Workbook.Workbook object at 0x0000000003C0BDA0>
[2017-10-10 16:47:20] [INFO] 默认的局域网地址:
[2017-10-10 16:47:20] [INFO] 默认的dhcp状态是：checkbox_off
[2017-10-10 16:47:20] [INFO] 默认的初始IP地址池：
[2017-10-10 16:47:20] [INFO] 默认的结束IP地址池： 
[2017-10-10 16:47:20] [INFO] [(14, 'lan页面默认项检查 ', 'Pass', '2017-10-10 16:47:03', '2017-10-10 16:47:20', '0:00:17', '')]
[2017-10-10 16:47:23] [INFO] <xlrd.book.Book object at 0x0000000003B69470>
[2017-10-10 16:47:23] [INFO] <xlwt.Workbook.Workbook object at 0x0000000003C0DE80>
[2017-10-10 16:47:56] [INFO] [(15, 'lan页面不输入局域网地址时的提示语检查 ', 'Pass', '2017-10-10 16:47:30', '2017-10-10 16:47:56', '0:00:26', '')]
[2017-10-10 16:47:59] [INFO] <xlrd.book.Book object at 0x0000000003B6A4A8>
[2017-10-10 16:47:59] [INFO] <xlwt.Workbook.Workbook object at 0x0000000003C0EEF0>
[2017-10-10 16:48:30] [INFO] IP地址含非法字符，请重新输入。
[2017-10-10 16:48:32] [INFO] IP地址含非法字符，请重新输入。
[2017-10-10 16:48:34] [INFO] IP地址含非法字符，请重新输入。
[2017-10-10 16:48:37] [INFO] IP地址含非法字符，请重新输入。
[2017-10-10 16:48:39] [INFO] IP地址格式错误，请重新输入。
[2017-10-10 16:48:41] [INFO] IP地址含非法字符，请重新输入。
[2017-10-10 16:48:41] [INFO] [(16, 'lan页面输入格式错误的局域网地址时的提示语检查 ', 'Pass', '2017-10-10 16:48:06', '2017-10-10 16:48:41', '0:00:35', '')]
[2017-10-10 16:48:44] [INFO] <xlrd.book.Book object at 0x0000000003B694A8>
[2017-10-10 16:48:44] [INFO] <xlwt.Workbook.Workbook object at 0x0000000003C1A048>
[2017-10-10 16:50:20] [INFO] [(17, 'lan页面修改局域网地址是否可以成功 ', 'Pass', '2017-10-10 16:48:51', '2017-10-10 16:50:20', '0:01:29', '')]
[2017-10-10 16:50:20] [INFO] 测试完成后修改到原来的IP
[2017-10-10 16:51:36] [INFO] <xlrd.book.Book object at 0x0000000003B69438>
[2017-10-10 16:51:36] [INFO] <xlwt.Workbook.Workbook object at 0x0000000003C4ED68>
[2017-10-10 16:52:41] [INFO] 地址池开始值错误，请重新输入。
[2017-10-10 16:52:41] [INFO] [(18, '开始IP地址非法时提示信息检查 ', 'Pass', '2017-10-10 16:51:44', '2017-10-10 16:52:41', '0:00:57', '')]
[2017-10-10 16:52:44] [INFO] <xlrd.book.Book object at 0x0000000003B5A4A8>
[2017-10-10 16:52:44] [INFO] <xlwt.Workbook.Workbook object at 0x0000000003C151D0>
[2017-10-10 16:53:18] [INFO] 地址池结束值错误，请重新输入。
[2017-10-10 16:53:18] [INFO] [(19, '结束IP地址非法时提示信息检查 ', 'Pass', '2017-10-10 16:52:49', '2017-10-10 16:53:18', '0:00:29', '')]
[2017-10-10 16:53:21] [INFO] <xlrd.book.Book object at 0x0000000003B694A8>
[2017-10-10 16:53:21] [INFO] <xlwt.Workbook.Workbook object at 0x0000000003C161D0>
[2017-10-10 16:53:58] [INFO] 地址池结束值不能小于开始值，请重新输入。
[2017-10-10 16:53:58] [INFO] [(20, '开始IP地址大于结束IP地址时，提示语检查 ', 'Pass', '2017-10-10 16:53:27', '2017-10-10 16:53:58', '0:00:31', '')]
[2017-10-10 16:54:01] [INFO] <xlrd.book.Book object at 0x0000000003B5A4E0>
[2017-10-10 16:54:01] [INFO] <xlwt.Workbook.Workbook object at 0x0000000003CB5240>
[2017-10-10 16:54:43] [INFO] [(21, '开始ip地址和结束IP地址都合法时，是否可以成功保存 ', 'Pass', '2017-10-10 16:54:06', '2017-10-10 16:54:43', '0:00:37', '')]
[2017-10-10 16:54:46] [INFO] <xlrd.book.Book object at 0x0000000003B5A4E0>
[2017-10-10 16:54:46] [INFO] <xlwt.Workbook.Workbook object at 0x0000000003C972B0>
[2017-10-10 16:55:16] [INFO] [(22, 'DHCP 能否被正确关闭 ', 'Pass', '2017-10-10 16:54:51', '2017-10-10 16:55:16', '0:00:25', '')]
[2017-10-10 16:55:20] [INFO] <xlrd.book.Book object at 0x0000000003B694A8>
[2017-10-10 16:55:20] [INFO] <xlwt.Workbook.Workbook object at 0x0000000003C13198>
[2017-10-10 16:55:42] [INFO] [(23, '是否能顺利跳转到无线wifi设置界面 ', 'Pass', '2017-10-10 16:55:25', '2017-10-10 16:55:42', '0:00:17', '')]
[2017-10-10 16:55:45] [INFO] <xlrd.book.Book object at 0x0000000003B6D0F0>
[2017-10-10 16:55:45] [INFO] <xlwt.Workbook.Workbook object at 0x0000000003C0CCF8>
[2017-10-10 16:56:19] [INFO] wifiname:frt_test
[2017-10-10 16:56:19] [INFO] wifiname:iot123321
[2017-10-10 16:56:19] [INFO] [(24, 'wifi页面默认项检查 ', 'Pass', '2017-10-10 16:55:50', '2017-10-10 16:56:19', '0:00:29', '')]
[2017-10-10 16:56:22] [INFO] <xlrd.book.Book object at 0x0000000003B6D0B8>
[2017-10-10 16:56:22] [INFO] <xlwt.Workbook.Workbook object at 0x0000000003D3CD68>
[2017-10-10 17:00:40] [INFO] [(25, 'wifi名称各种组合是否支持 ', 'Pass', '2017-10-10 16:56:30', '2017-10-10 17:00:40', '0:04:10', '')]
[2017-10-10 17:00:43] [INFO] <xlrd.book.Book object at 0x0000000003B6D0F0>
[2017-10-10 17:00:43] [INFO] <xlwt.Workbook.Workbook object at 0x0000000003C52E10>
[2017-10-10 17:01:13] [INFO] 请输入2.4G无线名称。
[2017-10-10 17:01:13] [INFO] [(26, '不输入wifi名称时的提示语检查 ', 'Pass', '2017-10-10 17:00:55', '2017-10-10 17:01:13', '0:00:18', '')]
[2017-10-10 17:01:16] [INFO] <xlrd.book.Book object at 0x0000000003B6F048>
[2017-10-10 17:01:16] [INFO] <xlwt.Workbook.Workbook object at 0x0000000003C9FEB8>
[2017-10-10 17:02:06] [INFO] [(27, '不输入wifi密码时是否可以保存成功 ', 'Pass', '2017-10-10 17:01:23', '2017-10-10 17:02:06', '0:00:43', '')]
[2017-10-10 17:02:06] [INFO] 测试完成后恢复wifi密码
[2017-10-10 17:02:32] [INFO] <xlrd.book.Book object at 0x0000000003B4EFD0>
[2017-10-10 17:02:32] [INFO] <xlwt.Workbook.Workbook object at 0x0000000003C22048>
[2017-10-10 17:03:12] [INFO] [(28, '输入错误格式的wifi 密码，提示语检查 ', 'Pass', '2017-10-10 17:02:39', '2017-10-10 17:03:12', '0:00:33', '')]
[2017-10-10 17:03:12] [INFO] 测试完成恢复wifi密码
[2017-10-10 17:03:39] [INFO] <xlrd.book.Book object at 0x0000000003B6F048>
[2017-10-10 17:03:39] [INFO] <xlwt.Workbook.Workbook object at 0x0000000003C1F048>
[2017-10-10 17:06:39] [INFO] [(29, '是否支持各种格式的wifi密码 ', 'Pass', '2017-10-10 17:03:46', '2017-10-10 17:06:39', '0:02:53', '')]
[2017-10-10 17:06:39] [INFO] 测试完成恢复wifi密码
[2017-10-10 17:07:16] [INFO] <xlrd.book.Book object at 0x0000000003B6F048>
[2017-10-10 17:07:16] [INFO] <xlwt.Workbook.Workbook object at 0x0000000003CEA0B8>
[2017-10-10 17:08:11] [INFO] no found
[2017-10-10 17:08:11] [INFO] no found
[2017-10-10 17:08:11] [INFO] no found
[2017-10-10 17:08:11] [INFO] no found
[2017-10-10 17:08:11] [INFO] no found
[2017-10-10 17:08:11] [INFO] no found
[2017-10-10 17:08:11] [INFO] no found
[2017-10-10 17:08:11] [INFO] no found
[2017-10-10 17:08:11] [INFO] no found
[2017-10-10 17:08:11] [INFO] no found
[2017-10-10 17:08:11] [INFO] no found
[2017-10-10 17:08:11] [INFO] no found
[2017-10-10 17:08:11] [INFO] no found
[2017-10-10 17:08:11] [INFO] no found
[2017-10-10 17:08:11] [INFO] no found
[2017-10-10 17:08:11] [INFO] no found
[2017-10-10 17:08:11] [INFO] no found
[2017-10-10 17:08:11] [INFO] no found
[2017-10-10 17:08:11] [INFO] no found
[2017-10-10 17:08:11] [INFO] no found
[2017-10-10 17:08:11] [INFO] no found
[2017-10-10 17:08:11] [INFO] no found
[2017-10-10 17:08:11] [INFO] no found
[2017-10-10 17:08:11] [INFO] no found
[2017-10-10 17:08:11] [INFO] no found
[2017-10-10 17:08:11] [INFO] no found
[2017-10-10 17:08:11] [INFO] no found
[2017-10-10 17:08:11] [INFO] no found
[2017-10-10 17:08:11] [INFO] no found
[2017-10-10 17:08:11] [INFO] no found
[2017-10-10 17:08:11] [INFO] no found
[2017-10-10 17:08:11] [INFO] no found
[2017-10-10 17:08:11] [INFO] no found
[2017-10-10 17:08:11] [INFO] no found
[2017-10-10 17:08:11] [INFO] no found
[2017-10-10 17:08:11] [INFO] no found
[2017-10-10 17:08:11] [INFO] no found
[2017-10-10 17:08:11] [INFO] no found
[2017-10-10 17:08:11] [INFO] no found
[2017-10-10 17:08:11] [INFO] no found
[2017-10-10 17:08:11] [INFO] no found
[2017-10-10 17:08:11] [INFO] no found
[2017-10-10 17:08:11] [INFO] no found
[2017-10-10 17:08:11] [INFO] no found
[2017-10-10 17:08:11] [INFO] no found
[2017-10-10 17:08:11] [INFO] no found
[2017-10-10 17:08:11] [INFO] no found
[2017-10-10 17:08:11] [INFO] no found
[2017-10-10 17:08:11] [INFO] no found
[2017-10-10 17:08:11] [INFO] no found
[2017-10-10 17:08:11] [INFO] no found
[2017-10-10 17:08:11] [INFO] no found
[2017-10-10 17:08:11] [INFO] no found
[2017-10-10 17:08:11] [INFO] no found
[2017-10-10 17:08:11] [INFO] no found
[2017-10-10 17:08:11] [INFO] no found
[2017-10-10 17:08:11] [INFO] no found
[2017-10-10 17:08:11] [INFO] no found
[2017-10-10 17:08:11] [INFO] no found
[2017-10-10 17:08:11] [INFO] no found
[2017-10-10 17:08:11] [INFO] no found
[2017-10-10 17:08:11] [INFO] no found
[2017-10-10 17:08:11] [INFO] no found
[2017-10-10 17:08:11] [INFO] no found
[2017-10-10 17:08:11] [INFO] no found
[2017-10-10 17:08:11] [INFO] no found
[2017-10-10 17:08:11] [INFO] no found
[2017-10-10 17:08:11] [INFO] no found
[2017-10-10 17:08:11] [INFO] no found
[2017-10-10 17:08:11] [INFO] no found
[2017-10-10 17:08:11] [INFO] no found
[2017-10-10 17:08:11] [INFO] no found
[2017-10-10 17:08:11] [INFO] no found
[2017-10-10 17:08:11] [INFO] no found
[2017-10-10 17:08:11] [INFO] no found
[2017-10-10 17:08:11] [INFO] no found
[2017-10-10 17:08:11] [INFO] no found
[2017-10-10 17:08:11] [INFO] no found
[2017-10-10 17:08:11] [INFO] no found
[2017-10-10 17:08:11] [INFO] no found
[2017-10-10 17:08:11] [INFO] no found
[2017-10-10 17:08:11] [INFO] no found
[2017-10-10 17:08:11] [INFO] no found
[2017-10-10 17:08:11] [INFO] no found
[2017-10-10 17:08:11] [INFO] no found
[2017-10-10 17:08:11] [INFO] no found
[2017-10-10 17:08:11] [INFO] no found
[2017-10-10 17:08:11] [INFO] no found
[2017-10-10 17:08:11] [INFO] no found
[2017-10-10 17:08:11] [INFO] no found
[2017-10-10 17:08:11] [INFO] no found
[2017-10-10 17:08:11] [INFO] no found
[2017-10-10 17:08:11] [INFO] no found
[2017-10-10 17:08:11] [INFO] no found
[2017-10-10 17:08:11] [INFO] no found
[2017-10-10 17:08:11] [INFO] no found
[2017-10-10 17:08:11] [INFO] no found
[2017-10-10 17:08:11] [INFO] no found
[2017-10-10 17:08:11] [INFO] no found
[2017-10-10 17:08:11] [INFO] no found
[2017-10-10 17:08:11] [INFO] no found
[2017-10-10 17:08:11] [INFO] no found
[2017-10-10 17:08:11] [INFO] no found
[2017-10-10 17:08:11] [INFO] no found
[2017-10-10 17:08:11] [INFO] no found
[2017-10-10 17:08:11] [INFO] no found
[2017-10-10 17:08:11] [INFO] no found
[2017-10-10 17:08:11] [INFO] no found
[2017-10-10 17:08:11] [INFO] no found
[2017-10-10 17:08:11] [INFO] no found
[2017-10-10 17:08:11] [INFO] no found
[2017-10-10 17:08:11] [INFO] no found
[2017-10-10 17:08:11] [INFO] no found
[2017-10-10 17:08:11] [INFO] no found
[2017-10-10 17:08:11] [INFO] no found
[2017-10-10 17:08:11] [INFO] no found
[2017-10-10 17:08:11] [INFO] no found
[2017-10-10 17:08:11] [INFO] no found
[2017-10-10 17:08:11] [INFO] no found
[2017-10-10 17:08:11] [INFO] no found
[2017-10-10 17:08:11] [INFO] no found
[2017-10-10 17:08:11] [INFO] no found
[2017-10-10 17:08:11] [INFO] no found
[2017-10-10 17:08:11] [INFO] no found
[2017-10-10 17:08:11] [INFO] [(30, '关闭wifi 后，查看电脑的无线列表 ', 'Pass', '2017-10-10 17:07:24', '2017-10-10 17:08:11', '0:00:47', '')]
[2017-10-10 17:08:11] [INFO] 测试完成后恢复到wifi打开的状态
[2017-10-10 17:08:25] [INFO] <xlrd.book.Book object at 0x0000000003B6D0F0>
[2017-10-10 17:08:25] [INFO] <xlwt.Workbook.Workbook object at 0x0000000003D4C0F0>
[2017-10-10 17:09:24] [INFO] no found
[2017-10-10 17:09:24] [INFO] no found
[2017-10-10 17:09:24] [INFO] no found
[2017-10-10 17:09:24] [INFO] no found
[2017-10-10 17:09:24] [INFO] no found
[2017-10-10 17:09:24] [INFO] no found
[2017-10-10 17:09:24] [INFO] no found
[2017-10-10 17:09:24] [INFO] no found
[2017-10-10 17:09:24] [INFO] no found
[2017-10-10 17:09:24] [INFO] no found
[2017-10-10 17:09:24] [INFO] no found
[2017-10-10 17:09:24] [INFO] no found
[2017-10-10 17:09:24] [INFO] no found
[2017-10-10 17:09:24] [INFO] no found
[2017-10-10 17:09:24] [INFO] no found
[2017-10-10 17:09:24] [INFO] no found
[2017-10-10 17:09:24] [INFO] no found
[2017-10-10 17:09:24] [INFO] no found
[2017-10-10 17:09:24] [INFO] no found
[2017-10-10 17:09:24] [INFO] no found
[2017-10-10 17:09:24] [INFO] no found
[2017-10-10 17:09:24] [INFO] no found
[2017-10-10 17:09:24] [INFO] no found
[2017-10-10 17:09:24] [INFO] no found
[2017-10-10 17:09:24] [INFO] no found
[2017-10-10 17:09:24] [INFO] no found
[2017-10-10 17:09:24] [INFO] no found
[2017-10-10 17:09:24] [INFO] no found
[2017-10-10 17:09:24] [INFO] no found
[2017-10-10 17:09:24] [INFO] no found
[2017-10-10 17:09:24] [INFO] no found
[2017-10-10 17:09:24] [INFO] no found
[2017-10-10 17:09:24] [INFO] no found
[2017-10-10 17:09:24] [INFO] no found
[2017-10-10 17:09:24] [INFO] no found
[2017-10-10 17:09:24] [INFO] no found
[2017-10-10 17:09:24] [INFO] no found
[2017-10-10 17:09:24] [INFO] no found
[2017-10-10 17:09:24] [INFO] no found
[2017-10-10 17:09:24] [INFO] no found
[2017-10-10 17:09:24] [INFO] no found
[2017-10-10 17:09:24] [INFO] no found
[2017-10-10 17:09:24] [INFO] no found
[2017-10-10 17:09:24] [INFO] no found
[2017-10-10 17:09:24] [INFO] no found
[2017-10-10 17:09:24] [INFO] no found
[2017-10-10 17:09:24] [INFO] no found
[2017-10-10 17:09:24] [INFO] no found
[2017-10-10 17:09:24] [INFO] no found
[2017-10-10 17:09:24] [INFO] no found
[2017-10-10 17:09:24] [INFO] no found
[2017-10-10 17:09:24] [INFO] no found
[2017-10-10 17:09:24] [INFO] no found
[2017-10-10 17:09:24] [INFO] no found
[2017-10-10 17:09:24] [INFO] no found
[2017-10-10 17:09:24] [INFO] no found
[2017-10-10 17:09:24] [INFO] no found
[2017-10-10 17:09:24] [INFO] no found
[2017-10-10 17:09:24] [INFO] no found
[2017-10-10 17:09:24] [INFO] no found
[2017-10-10 17:09:24] [INFO] no found
[2017-10-10 17:09:24] [INFO] no found
[2017-10-10 17:09:24] [INFO] no found
[2017-10-10 17:09:24] [INFO] no found
[2017-10-10 17:09:24] [INFO] no found
[2017-10-10 17:09:24] [INFO] no found
[2017-10-10 17:09:24] [INFO] no found
[2017-10-10 17:09:24] [INFO] no found
[2017-10-10 17:09:24] [INFO] no found
[2017-10-10 17:09:24] [INFO] no found
[2017-10-10 17:09:24] [INFO] no found
[2017-10-10 17:09:24] [INFO] no found
[2017-10-10 17:09:24] [INFO] no found
[2017-10-10 17:09:24] [INFO] no found
[2017-10-10 17:09:24] [INFO] no found
[2017-10-10 17:09:24] [INFO] no found
[2017-10-10 17:09:24] [INFO] no found
[2017-10-10 17:09:24] [INFO] no found
[2017-10-10 17:09:24] [INFO] no found
[2017-10-10 17:09:24] [INFO] no found
[2017-10-10 17:09:24] [INFO] no found
[2017-10-10 17:09:24] [INFO] no found
[2017-10-10 17:09:24] [INFO] no found
[2017-10-10 17:09:24] [INFO] no found
[2017-10-10 17:09:24] [INFO] no found
[2017-10-10 17:09:24] [INFO] no found
[2017-10-10 17:09:24] [INFO] no found
[2017-10-10 17:09:24] [INFO] no found
[2017-10-10 17:09:24] [INFO] no found
[2017-10-10 17:09:24] [INFO] no found
[2017-10-10 17:09:24] [INFO] no found
[2017-10-10 17:09:24] [INFO] no found
[2017-10-10 17:09:24] [INFO] no found
[2017-10-10 17:09:24] [INFO] no found
[2017-10-10 17:09:24] [INFO] no found
[2017-10-10 17:09:24] [INFO] no found
[2017-10-10 17:09:24] [INFO] no found
[2017-10-10 17:09:24] [INFO] no found
[2017-10-10 17:09:24] [INFO] no found
[2017-10-10 17:09:24] [INFO] no found
[2017-10-10 17:09:24] [INFO] no found
[2017-10-10 17:09:24] [INFO] no found
[2017-10-10 17:09:24] [INFO] no found
[2017-10-10 17:09:24] [INFO] no found
[2017-10-10 17:09:24] [INFO] no found
[2017-10-10 17:09:24] [INFO] no found
[2017-10-10 17:09:24] [INFO] no found
[2017-10-10 17:09:24] [INFO] no found
[2017-10-10 17:09:24] [INFO] no found
[2017-10-10 17:09:24] [INFO] no found
[2017-10-10 17:09:24] [INFO] no found
[2017-10-10 17:09:24] [INFO] no found
[2017-10-10 17:09:24] [INFO] no found
[2017-10-10 17:09:24] [INFO] no found
[2017-10-10 17:09:24] [INFO] no found
[2017-10-10 17:09:24] [INFO] no found
[2017-10-10 17:09:24] [INFO] no found
[2017-10-10 17:09:24] [INFO] no found
[2017-10-10 17:09:24] [INFO] no found
[2017-10-10 17:09:24] [INFO] no found
[2017-10-10 17:09:24] [INFO] no found
[2017-10-10 17:09:24] [INFO] no found
[2017-10-10 17:09:24] [INFO] no found
[2017-10-10 17:09:24] [INFO] no found
[2017-10-10 17:09:24] [INFO] [(31, '关闭SSID,查看电脑列表能否搜索到wifi名称 ', 'Pass', '2017-10-10 17:08:31', '2017-10-10 17:09:24', '0:00:53', '')]
[2017-10-10 17:09:24] [INFO] 测试完成后关闭ssid隐藏
[2017-10-10 17:09:48] [INFO] <xlrd.book.Book object at 0x0000000003B6D0F0>
[2017-10-10 17:09:48] [INFO] <xlwt.Workbook.Workbook object at 0x0000000003C181D0>
[2017-10-10 17:10:18] [INFO] [(32, '不输入原密码时的提示信息检查 ', 'Pass', '2017-10-10 17:09:55', '2017-10-10 17:10:18', '0:00:23', '')]
[2017-10-10 17:10:21] [INFO] <xlrd.book.Book object at 0x0000000003B82E48>
[2017-10-10 17:10:21] [INFO] <xlwt.Workbook.Workbook object at 0x0000000003C16E80>
[2017-10-10 17:10:53] [INFO] [(33, '不输入新密码时的提示信息检查 ', 'Pass', '2017-10-10 17:10:26', '2017-10-10 17:10:53', '0:00:27', '')]
[2017-10-10 17:10:56] [INFO] <xlrd.book.Book object at 0x0000000003B82E48>
[2017-10-10 17:10:56] [INFO] <xlwt.Workbook.Workbook object at 0x0000000003C1AF60>
[2017-10-10 17:11:27] [INFO] [(34, '确认密码不输入时提示信息检查 ', 'Pass', '2017-10-10 17:11:02', '2017-10-10 17:11:27', '0:00:25', '')]
[2017-10-10 17:11:30] [INFO] <xlrd.book.Book object at 0x0000000003BBB978>
[2017-10-10 17:11:30] [INFO] <xlwt.Workbook.Workbook object at 0x0000000003E022E8>
[2017-10-10 17:12:04] [INFO] [(35, '确认密码与新密码不一致时的提示信息检查 ', 'Pass', '2017-10-10 17:11:38', '2017-10-10 17:12:04', '0:00:26', '')]
[2017-10-10 17:12:07] [INFO] <xlrd.book.Book object at 0x0000000003BBD6A0>
[2017-10-10 17:12:07] [INFO] <xlwt.Workbook.Workbook object at 0x0000000003C24320>
[2017-10-10 17:12:44] [INFO] [(36, '原密码错误时提示信息检查 ', 'Pass', '2017-10-10 17:12:16', '2017-10-10 17:12:44', '0:00:28', '')]
[2017-10-10 17:12:47] [INFO] <xlrd.book.Book object at 0x0000000003BBA9E8>
[2017-10-10 17:12:47] [INFO] <xlwt.Workbook.Workbook object at 0x0000000003CD4358>
[2017-10-10 17:13:19] [INFO] [(37, '新密码格式错误时提示信息检查 ', 'Pass', '2017-10-10 17:12:54', '2017-10-10 17:13:19', '0:00:25', '')]
[2017-10-10 17:13:22] [INFO] <xlrd.book.Book object at 0x0000000003B82E80>
[2017-10-10 17:13:22] [INFO] <xlwt.Workbook.Workbook object at 0x0000000003C20160>
[2017-10-10 17:14:27] [INFO] [(38, '修改登录密码查看是否可以登录成功', 'Pass', '2017-10-10 17:13:30', '2017-10-10 17:14:27', '0:00:57', '')]
[2017-10-10 17:14:27] [INFO] 测试完成恢复登录密码
[2017-10-10 17:14:42] [INFO] <xlrd.book.Book object at 0x0000000003B82E10>
[2017-10-10 17:14:42] [INFO] <xlwt.Workbook.Workbook object at 0x0000000003CB9E80>
[2017-10-10 17:15:19] [INFO] [(39, '检查时区能否正确改变 ', 'Pass', '2017-10-10 17:14:49', '2017-10-10 17:15:19', '0:00:30', '')]
[2017-10-10 17:15:19] [INFO] 测试完成恢复时区
[2017-10-10 17:15:26] [INFO] <xlrd.book.Book object at 0x0000000003B83DA0>
[2017-10-10 17:15:26] [INFO] <xlwt.Workbook.Workbook object at 0x0000000003C1DEB8>
[2017-10-10 17:16:01] [INFO] ./upgrade/upload.exe E:\wifitest\upgrade\eeee.png
[2017-10-10 17:16:01] [INFO] 开始用autoit3脚本控制选择本地文件
[2017-10-10 17:16:20] [INFO] [(41, '重启路由器 ', 'Pass', '2017-10-10 17:15:32', '2017-10-10 17:16:20', '0:00:48', '')]
[2017-10-10 17:16:24] [INFO] <xlrd.book.Book object at 0x0000000003B82DD8>
[2017-10-10 17:16:24] [INFO] <xlwt.Workbook.Workbook object at 0x0000000003C200F0>
[2017-10-10 17:18:20] [INFO] [(41, '重启功能检查 ', 'Pass', '2017-10-10 17:16:30', '2017-10-10 17:18:20', '0:01:50', '')]
[2017-10-10 17:18:23] [INFO] <xlrd.book.Book object at 0x0000000003B82E48>
[2017-10-10 17:18:23] [INFO] <xlwt.Workbook.Workbook object at 0x0000000003CCC160>
[2017-10-10 17:18:58] [INFO] [(42, '取消重启检查 ', 'Pass', '2017-10-10 17:18:32', '2017-10-10 17:18:58', '0:00:26', '')]
[2017-10-10 17:19:01] [INFO] <xlrd.book.Book object at 0x0000000003B82E48>
[2017-10-10 17:19:01] [INFO] <xlwt.Workbook.Workbook object at 0x0000000003C1F1D0>
[2017-10-10 17:19:24] [INFO] [(43, '退出系统 ', 'Pass', '2017-10-10 17:19:07', '2017-10-10 17:19:24', '0:00:17', '')]
[2017-10-10 17:19:27] [INFO] <xlrd.book.Book object at 0x0000000003B826D8>
[2017-10-10 17:19:27] [INFO] <xlwt.Workbook.Workbook object at 0x0000000003C92320>
[2017-10-10 17:19:29] [INFO] 发送邮件
