[2017-10-10 11:35:27] [INFO] no found
[2017-10-10 11:35:27] [INFO] no found
[2017-10-10 11:35:27] [INFO] no found
[2017-10-10 11:35:27] [INFO] no found
[2017-10-10 11:35:27] [INFO] no found
[2017-10-10 11:35:27] [INFO] no found
[2017-10-10 11:35:27] [INFO] no found
[2017-10-10 11:35:27] [INFO] no found
[2017-10-10 11:35:27] [INFO] no found
[2017-10-10 11:35:27] [INFO] no found
[2017-10-10 11:35:27] [INFO] no found
[2017-10-10 11:35:27] [INFO] no found
[2017-10-10 11:35:27] [INFO] no found
[2017-10-10 11:35:27] [INFO] no found
[2017-10-10 11:35:27] [INFO] no found
[2017-10-10 11:35:27] [INFO] no found
[2017-10-10 11:35:27] [INFO] no found
[2017-10-10 11:35:27] [INFO] no found
[2017-10-10 11:35:27] [INFO] no found
[2017-10-10 11:35:27] [INFO] no found
[2017-10-10 11:35:27] [INFO] no found
[2017-10-10 11:35:27] [INFO] no found
[2017-10-10 11:35:27] [INFO] no found
[2017-10-10 11:35:27] [INFO] no found
[2017-10-10 11:35:27] [INFO] no found
[2017-10-10 11:35:27] [INFO] no found
[2017-10-10 11:35:27] [INFO] no found
[2017-10-10 11:35:27] [INFO] no found
[2017-10-10 11:35:27] [INFO] no found
[2017-10-10 11:35:27] [INFO] no found
[2017-10-10 11:35:27] [INFO] no found
[2017-10-10 11:35:27] [INFO] no found
[2017-10-10 11:35:27] [INFO] no found
[2017-10-10 11:35:27] [INFO] no found
[2017-10-10 11:35:27] [INFO] no found
[2017-10-10 11:35:27] [INFO] no found
[2017-10-10 11:35:27] [INFO] no found
[2017-10-10 11:35:27] [INFO] no found
[2017-10-10 11:35:27] [INFO] no found
[2017-10-10 11:35:27] [INFO] no found
[2017-10-10 11:35:27] [INFO] no found
[2017-10-10 11:35:27] [INFO] no found
[2017-10-10 11:35:27] [INFO] no found
[2017-10-10 11:35:27] [INFO] no found
[2017-10-10 11:35:27] [INFO] no found
[2017-10-10 11:35:27] [INFO] no found
[2017-10-10 11:35:27] [INFO] no found
[2017-10-10 11:35:27] [INFO] no found
[2017-10-10 11:35:27] [INFO] no found
[2017-10-10 11:35:27] [INFO] no found
[2017-10-10 11:35:27] [INFO] no found
[2017-10-10 11:35:27] [INFO] no found
[2017-10-10 11:35:27] [INFO] no found
[2017-10-10 11:35:27] [INFO] no found
[2017-10-10 11:35:27] [INFO] no found
[2017-10-10 11:35:27] [INFO] no found
[2017-10-10 11:35:27] [INFO] no found
[2017-10-10 11:35:27] [INFO] no found
[2017-10-10 11:35:27] [INFO] no found
[2017-10-10 11:35:27] [INFO] no found
[2017-10-10 11:35:27] [INFO] no found
[2017-10-10 11:35:27] [INFO] no found
[2017-10-10 11:35:27] [INFO] no found
[2017-10-10 11:35:27] [INFO] no found
[2017-10-10 11:35:27] [INFO] no found
[2017-10-10 11:35:27] [INFO] no found
[2017-10-10 11:35:27] [INFO] no found
[2017-10-10 11:35:27] [INFO] no found
[2017-10-10 11:35:27] [INFO] no found
[2017-10-10 11:35:27] [INFO] no found
[2017-10-10 11:35:27] [INFO] no found
[2017-10-10 11:35:27] [INFO] no found
[2017-10-10 11:35:27] [INFO] no found
[2017-10-10 11:35:27] [INFO] no found
[2017-10-10 11:35:27] [INFO] no found
[2017-10-10 11:35:27] [INFO] no found
[2017-10-10 11:35:27] [INFO] no found
[2017-10-10 11:35:27] [INFO] no found
[2017-10-10 11:35:27] [INFO] no found
[2017-10-10 11:35:27] [INFO] no found
[2017-10-10 11:35:27] [INFO] no found
[2017-10-10 11:35:27] [INFO] no found
[2017-10-10 11:35:27] [INFO] no found
[2017-10-10 11:35:27] [INFO] no found
[2017-10-10 11:35:27] [INFO] no found
[2017-10-10 11:35:27] [INFO] no found
[2017-10-10 11:35:27] [INFO] no found
[2017-10-10 11:35:27] [INFO] no found
[2017-10-10 11:35:27] [INFO] no found
[2017-10-10 11:35:27] [INFO] no found
[2017-10-10 11:35:27] [INFO] no found
[2017-10-10 11:35:27] [INFO] no found
[2017-10-10 11:35:27] [INFO] no found
[2017-10-10 11:35:27] [INFO] no found
[2017-10-10 11:35:27] [INFO] no found
[2017-10-10 11:35:27] [INFO] no found
[2017-10-10 11:35:27] [INFO] no found
[2017-10-10 11:35:27] [INFO] no found
[2017-10-10 11:35:27] [INFO] no found
[2017-10-10 11:35:27] [INFO] no found
[2017-10-10 11:35:27] [INFO] no found
[2017-10-10 11:35:27] [INFO] no found
[2017-10-10 11:35:27] [INFO] no found
[2017-10-10 11:35:27] [INFO] no found
[2017-10-10 11:35:27] [INFO] no found
[2017-10-10 11:35:27] [INFO] no found
[2017-10-10 11:35:27] [INFO] no found
[2017-10-10 11:35:27] [INFO] no found
[2017-10-10 11:35:27] [INFO] no found
[2017-10-10 11:35:27] [INFO] no found
[2017-10-10 11:35:27] [INFO] no found
[2017-10-10 11:35:27] [INFO] no found
[2017-10-10 11:35:27] [INFO] no found
[2017-10-10 11:35:27] [INFO] no found
[2017-10-10 11:35:27] [INFO] no found
[2017-10-10 11:35:27] [INFO] no found
[2017-10-10 11:35:27] [INFO] no found
[2017-10-10 11:35:27] [INFO] no found
[2017-10-10 11:35:27] [INFO] no found
[2017-10-10 11:35:27] [INFO] no found
[2017-10-10 11:35:27] [INFO] no found
[2017-10-10 11:35:27] [INFO] no found
[2017-10-10 11:35:27] [INFO] no found
[2017-10-10 11:35:27] [INFO] no found
[2017-10-10 11:35:27] [INFO] no found
[2017-10-10 11:35:27] [INFO] no found
[2017-10-10 11:35:27] [INFO] no found
[2017-10-10 11:35:27] [INFO] no found
[2017-10-10 11:35:27] [INFO] no found
[2017-10-10 11:35:27] [INFO] no found
[2017-10-10 11:35:27] [INFO] no found
[2017-10-10 11:35:27] [INFO] no found
[2017-10-10 11:35:27] [INFO] no found
[2017-10-10 11:35:27] [INFO] no found
[2017-10-10 11:35:27] [INFO] no found
[2017-10-10 11:35:27] [INFO] no found
[2017-10-10 11:35:27] [INFO] no found
[2017-10-10 11:35:27] [INFO] no found
[2017-10-10 11:35:27] [INFO] no found
[2017-10-10 11:35:27] [INFO] no found
[2017-10-10 11:35:27] [INFO] no found
[2017-10-10 11:35:27] [INFO] no found
[2017-10-10 11:35:27] [INFO] no found
[2017-10-10 11:35:27] [INFO] no found
[2017-10-10 11:35:27] [INFO] [(31, '关闭SSID,查看电脑列表能否搜索到wifi名称 ', 'Pass', '2017-10-10 11:34:27', '2017-10-10 11:35:27', '0:01:00', '')]
[2017-10-10 11:35:27] [INFO] 测试完成后关闭ssid隐藏
[2017-10-10 11:35:50] [INFO] <xlrd.book.Book object at 0x0000000003B6D080>
[2017-10-10 11:35:50] [INFO] <xlwt.Workbook.Workbook object at 0x0000000003C194A8>
[2017-10-10 11:35:50] [INFO] 发送邮件
