[2017-10-11 20:49:47] [INFO] test_goto_login: test START 
[2017-10-11 20:49:50] [INFO] [(1, '登录页面跳转测试 ', 'Pass', '2017-10-11 20:49:47', '2017-10-11 20:49:50', '0:00:03', '')]
[2017-10-11 20:49:54] [INFO] <xlrd.book.Book object at 0x0000000003B83588>
[2017-10-11 20:49:54] [INFO] <xlwt.Workbook.Workbook object at 0x0000000003C0B080>
[2017-10-11 20:50:13] [INFO] [(2, '正确密码是否可成功登录测试 ', 'Pass', '2017-10-11 20:49:59', '2017-10-11 20:50:13', '0:00:14', '')]
[2017-10-11 20:50:16] [INFO] <xlrd.book.Book object at 0x0000000003B86550>
[2017-10-11 20:50:16] [INFO] <xlwt.Workbook.Workbook object at 0x0000000003D34F98>
[2017-10-11 20:50:38] [INFO] [(3, '是否能顺利跳转到wan 界面 ', 'Pass', '2017-10-11 20:50:21', '2017-10-11 20:50:38', '0:00:17', '')]
[2017-10-11 20:50:42] [INFO] <xlrd.book.Book object at 0x0000000003B68160>
[2017-10-11 20:50:42] [INFO] <xlwt.Workbook.Workbook object at 0x0000000003C8C5C0>
[2017-10-11 20:51:17] [INFO] 请输入IP地址。
[2017-10-11 20:51:17] [INFO] [(4, '没有IP地址输入时的错误信息提示 ', 'Pass', '2017-10-11 20:50:47', '2017-10-11 20:51:17', '0:00:30', '')]
[2017-10-11 20:51:20] [INFO] <xlrd.book.Book object at 0x0000000003B6A0B8>
[2017-10-11 20:51:20] [INFO] <xlwt.Workbook.Workbook object at 0x0000000003C12780>
[2017-10-11 20:51:35] [INFO] [(5, '不填写密码时的提示信息是否正确 ', 'Pass', '2017-10-11 20:51:25', '2017-10-11 20:51:35', '0:00:10', '')]
[2017-10-11 20:51:38] [INFO] <xlrd.book.Book object at 0x0000000003B864E0>
[2017-10-11 20:51:38] [INFO] <xlwt.Workbook.Workbook object at 0x0000000003C095F8>
[2017-10-11 20:51:51] [INFO] [(6, '登录密码错误时提示信息是否正确 ', 'Pass', '2017-10-11 20:51:44', '2017-10-11 20:51:51', '0:00:07', '')]
[2017-10-11 20:51:54] [INFO] <xlrd.book.Book object at 0x0000000003B86550>
[2017-10-11 20:51:54] [INFO] <xlwt.Workbook.Workbook object at 0x0000000003C0A438>
[2017-10-11 20:52:29] [INFO] 请输入子网掩码。
[2017-10-11 20:52:29] [INFO] [(7, '不输入子网掩码时的错误信息提示 ', 'Pass', '2017-10-11 20:51:59', '2017-10-11 20:52:29', '0:00:30', '')]
[2017-10-11 20:52:32] [INFO] <xlrd.book.Book object at 0x0000000003B68128>
[2017-10-11 20:52:32] [INFO] <xlwt.Workbook.Workbook object at 0x0000000003C12978>
[2017-10-11 20:53:08] [INFO] 请输入默认网关地址。
[2017-10-11 20:53:08] [INFO] [(8, '不输入默认网关时的错误信息提示 ', 'Pass', '2017-10-11 20:52:37', '2017-10-11 20:53:08', '0:00:31', '')]
[2017-10-11 20:53:11] [INFO] <xlrd.book.Book object at 0x0000000003B680B8>
[2017-10-11 20:53:11] [INFO] <xlwt.Workbook.Workbook object at 0x0000000003C169B0>
[2017-10-11 20:53:44] [INFO] IP地址含非法字符，请重新输入。
[2017-10-11 20:53:47] [INFO] IP地址含非法字符，请重新输入。
[2017-10-11 20:53:51] [INFO] IP地址含非法字符，请重新输入。
[2017-10-11 20:53:54] [INFO] IP地址含非法字符，请重新输入。
[2017-10-11 20:53:57] [INFO] IP地址格式错误，请重新输入。
[2017-10-11 20:54:01] [INFO] IP地址含非法字符，请重新输入。
[2017-10-11 20:54:01] [INFO] [(9, '非法格式的IP地址输入时提示信息检查 ', 'Pass', '2017-10-11 20:53:16', '2017-10-11 20:54:01', '0:00:45', '')]
[2017-10-11 20:54:04] [INFO] <xlrd.book.Book object at 0x0000000003B6A0B8>
[2017-10-11 20:54:04] [INFO] <xlwt.Workbook.Workbook object at 0x0000000003CC69E8>
[2017-10-11 20:54:39] [INFO] 子网掩码不正确，请重新输入。
[2017-10-11 20:54:44] [INFO] 子网掩码不正确，请重新输入。
[2017-10-11 20:54:50] [INFO] 子网掩码不正确，请重新输入。
[2017-10-11 20:54:55] [INFO] 子网掩码不正确，请重新输入。
[2017-10-11 20:55:00] [INFO] 子网掩码不正确，请重新输入。
[2017-10-11 20:55:06] [INFO] 子网掩码不正确，请重新输入。
[2017-10-11 20:55:06] [INFO] [(10, '非法格式的子网掩码输入时，提示信息检查 ', 'Pass', '2017-10-11 20:54:09', '2017-10-11 20:55:06', '0:00:57', '')]
[2017-10-11 20:55:09] [INFO] <xlrd.book.Book object at 0x0000000003B6A0F0>
[2017-10-11 20:55:09] [INFO] <xlwt.Workbook.Workbook object at 0x0000000003C19668>
[2017-10-11 20:55:44] [INFO] 默认网关错误，请重新输入。
[2017-10-11 20:55:49] [INFO] 默认网关错误，请重新输入。
[2017-10-11 20:55:55] [INFO] 默认网关错误，请重新输入。
[2017-10-11 20:56:00] [INFO] 默认网关错误，请重新输入。
[2017-10-11 20:56:05] [INFO] 默认网关错误，请重新输入。
[2017-10-11 20:56:11] [INFO] 默认网关错误，请重新输入。
[2017-10-11 20:56:11] [INFO] [(11, '非法格式的默认网关输入时，提示信息检查 ', 'Pass', '2017-10-11 20:55:14', '2017-10-11 20:56:11', '0:00:57', '')]
[2017-10-11 20:56:14] [INFO] <xlrd.book.Book object at 0x0000000003B6B0F0>
[2017-10-11 20:56:14] [INFO] <xlwt.Workbook.Workbook object at 0x0000000003DBF710>
[2017-10-11 20:57:02] [INFO] [(12, '是否可以成功设置静态IP ', 'Pass', '2017-10-11 20:56:20', '2017-10-11 20:57:02', '0:00:42', '')]
[2017-10-11 20:57:02] [INFO] 测试完成后将上网方式恢复为自动获取
[2017-10-11 20:57:25] [INFO] <xlrd.book.Book object at 0x0000000003B6A0B8>
[2017-10-11 20:57:25] [INFO] <xlwt.Workbook.Workbook object at 0x0000000003C18B70>
[2017-10-11 20:57:53] [INFO] [(13, '是否能顺利跳转到lan页面 ', 'Pass', '2017-10-11 20:57:31', '2017-10-11 20:57:53', '0:00:22', '')]
[2017-10-11 20:57:56] [INFO] <xlrd.book.Book object at 0x0000000003B69438>
[2017-10-11 20:57:56] [INFO] <xlwt.Workbook.Workbook object at 0x0000000003D6BCC0>
[2017-10-11 20:58:19] [INFO] 默认的局域网地址:
[2017-10-11 20:58:19] [INFO] 默认的dhcp状态是：checkbox_off
[2017-10-11 20:58:19] [INFO] 默认的初始IP地址池：
[2017-10-11 20:58:19] [INFO] 默认的结束IP地址池： 
[2017-10-11 20:58:19] [INFO] [(14, 'lan页面默认项检查 ', 'Pass', '2017-10-11 20:58:01', '2017-10-11 20:58:19', '0:00:18', '')]
[2017-10-11 20:58:22] [INFO] <xlrd.book.Book object at 0x0000000003B69358>
[2017-10-11 20:58:22] [INFO] <xlwt.Workbook.Workbook object at 0x0000000003C0CCF8>
[2017-10-11 20:58:55] [INFO] [(15, 'lan页面不输入局域网地址时的提示语检查 ', 'Pass', '2017-10-11 20:58:27', '2017-10-11 20:58:55', '0:00:28', '')]
[2017-10-11 20:58:58] [INFO] <xlrd.book.Book object at 0x0000000003B69390>
[2017-10-11 20:58:58] [INFO] <xlwt.Workbook.Workbook object at 0x000000000448FDA0>
[2017-10-11 20:59:28] [INFO] IP地址含非法字符，请重新输入。
[2017-10-11 20:59:30] [INFO] IP地址含非法字符，请重新输入。
[2017-10-11 20:59:33] [INFO] IP地址含非法字符，请重新输入。
[2017-10-11 20:59:35] [INFO] IP地址含非法字符，请重新输入。
[2017-10-11 20:59:37] [INFO] IP地址格式错误，请重新输入。
[2017-10-11 20:59:40] [INFO] IP地址含非法字符，请重新输入。
[2017-10-11 20:59:40] [INFO] [(16, 'lan页面输入格式错误的局域网地址时的提示语检查 ', 'Pass', '2017-10-11 20:59:03', '2017-10-11 20:59:40', '0:00:37', '')]
[2017-10-11 20:59:43] [INFO] <xlrd.book.Book object at 0x0000000003B69390>
[2017-10-11 20:59:43] [INFO] <xlwt.Workbook.Workbook object at 0x0000000003C93EF0>
[2017-10-11 21:01:18] [INFO] [(17, 'lan页面修改局域网地址是否可以成功 ', 'Pass', '2017-10-11 20:59:48', '2017-10-11 21:01:18', '0:01:30', '')]
[2017-10-11 21:01:18] [INFO] 测试完成后修改到原来的IP
[2017-10-11 21:02:34] [INFO] <xlrd.book.Book object at 0x0000000003B693C8>
[2017-10-11 21:02:34] [INFO] <xlwt.Workbook.Workbook object at 0x0000000003C4CC88>
[2017-10-11 21:03:12] [INFO] 地址池开始值错误，请重新输入。
[2017-10-11 21:03:12] [INFO] [(18, '开始IP地址非法时提示信息检查 ', 'Pass', '2017-10-11 21:02:40', '2017-10-11 21:03:12', '0:00:32', '')]
[2017-10-11 21:03:16] [INFO] <xlrd.book.Book object at 0x0000000003B693C8>
[2017-10-11 21:03:16] [INFO] <xlwt.Workbook.Workbook object at 0x0000000003C16080>
[2017-10-11 21:03:53] [INFO] 地址池结束值错误，请重新输入。
[2017-10-11 21:03:53] [INFO] [(19, '结束IP地址非法时提示信息检查 ', 'Pass', '2017-10-11 21:03:22', '2017-10-11 21:03:53', '0:00:31', '')]
[2017-10-11 21:03:56] [INFO] <xlrd.book.Book object at 0x0000000003B69390>
[2017-10-11 21:03:56] [INFO] <xlwt.Workbook.Workbook object at 0x0000000003C160B8>
[2017-10-11 21:04:37] [INFO] 地址池结束值不能小于开始值，请重新输入。
[2017-10-11 21:04:37] [INFO] [(20, '开始IP地址大于结束IP地址时，提示语检查 ', 'Pass', '2017-10-11 21:04:02', '2017-10-11 21:04:37', '0:00:35', '')]
[2017-10-11 21:04:40] [INFO] <xlrd.book.Book object at 0x0000000003B693C8>
[2017-10-11 21:04:40] [INFO] <xlwt.Workbook.Workbook object at 0x0000000003C16128>
[2017-10-11 21:05:27] [INFO] [(21, '开始ip地址和结束IP地址都合法时，是否可以成功保存 ', 'Pass', '2017-10-11 21:04:47', '2017-10-11 21:05:27', '0:00:40', '')]
[2017-10-11 21:05:30] [INFO] <xlrd.book.Book object at 0x0000000003B693C8>
[2017-10-11 21:05:30] [INFO] <xlwt.Workbook.Workbook object at 0x0000000003CA71D0>
[2017-10-11 21:06:04] [INFO] [(22, 'DHCP 能否被正确关闭 ', 'Pass', '2017-10-11 21:05:36', '2017-10-11 21:06:04', '0:00:28', '')]
[2017-10-11 21:06:07] [INFO] <xlrd.book.Book object at 0x0000000003B69390>
[2017-10-11 21:06:07] [INFO] <xlwt.Workbook.Workbook object at 0x0000000003C92080>
[2017-10-11 21:06:30] [INFO] [(23, '是否能顺利跳转到无线wifi设置界面 ', 'Pass', '2017-10-11 21:06:13', '2017-10-11 21:06:30', '0:00:17', '')]
[2017-10-11 21:06:33] [INFO] <xlrd.book.Book object at 0x0000000003B4CF98>
[2017-10-11 21:06:33] [INFO] <xlwt.Workbook.Workbook object at 0x0000000003D0EC18>
[2017-10-11 21:06:59] [INFO] wifiname:frt_test
[2017-10-11 21:06:59] [INFO] wifiname:iot123321
[2017-10-11 21:06:59] [INFO] [(24, 'wifi页面默认项检查 ', 'Pass', '2017-10-11 21:06:41', '2017-10-11 21:06:59', '0:00:18', '')]
[2017-10-11 21:07:02] [INFO] <xlrd.book.Book object at 0x0000000003B4CEF0>
[2017-10-11 21:07:02] [INFO] <xlwt.Workbook.Workbook object at 0x0000000003C8EBE0>
[2017-10-11 21:11:53] [INFO] [(25, 'wifi名称各种组合是否支持 ', 'Pass', '2017-10-11 21:07:10', '2017-10-11 21:11:53', '0:04:43', '')]
[2017-10-11 21:11:56] [INFO] <xlrd.book.Book object at 0x0000000003B4CFD0>
[2017-10-11 21:11:56] [INFO] <xlwt.Workbook.Workbook object at 0x0000000003D81D68>
[2017-10-11 21:12:21] [INFO] 请输入2.4G无线名称。
[2017-10-11 21:12:21] [INFO] [(26, '不输入wifi名称时的提示语检查 ', 'Pass', '2017-10-11 21:12:04', '2017-10-11 21:12:21', '0:00:17', '')]
[2017-10-11 21:12:24] [INFO] <xlrd.book.Book object at 0x0000000003B4CF60>
[2017-10-11 21:12:24] [INFO] <xlwt.Workbook.Workbook object at 0x0000000003C10DA0>
[2017-10-11 21:13:13] [INFO] [(27, '不输入wifi密码时是否可以保存成功 ', 'Pass', '2017-10-11 21:12:30', '2017-10-11 21:13:13', '0:00:43', '')]
[2017-10-11 21:13:13] [INFO] 测试完成后恢复wifi密码
[2017-10-11 21:13:38] [INFO] <xlrd.book.Book object at 0x0000000003B4BF60>
[2017-10-11 21:13:38] [INFO] <xlwt.Workbook.Workbook object at 0x0000000003C1EF28>
[2017-10-11 21:14:17] [INFO] [(28, '输入错误格式的wifi 密码，提示语检查 ', 'Pass', '2017-10-11 21:13:43', '2017-10-11 21:14:17', '0:00:34', '')]
[2017-10-11 21:14:17] [INFO] 测试完成恢复wifi密码
[2017-10-11 21:14:43] [INFO] <xlrd.book.Book object at 0x0000000003B4BF28>
[2017-10-11 21:14:43] [INFO] <xlwt.Workbook.Workbook object at 0x0000000003C1AF28>
[2017-10-11 21:18:04] [INFO] [(29, '是否支持各种格式的wifi密码 ', 'Pass', '2017-10-11 21:14:50', '2017-10-11 21:18:04', '0:03:14', '')]
[2017-10-11 21:18:04] [INFO] 测试完成恢复wifi密码
[2017-10-11 21:18:36] [INFO] <xlrd.book.Book object at 0x0000000003B4BF60>
[2017-10-11 21:18:36] [INFO] <xlwt.Workbook.Workbook object at 0x0000000003CC1F98>
[2017-10-11 21:19:09] [INFO] no found
[2017-10-11 21:19:09] [INFO] no found
[2017-10-11 21:19:09] [INFO] no found
[2017-10-11 21:19:09] [INFO] no found
[2017-10-11 21:19:09] [INFO] no found
[2017-10-11 21:19:09] [INFO] no found
[2017-10-11 21:19:09] [INFO] no found
[2017-10-11 21:19:09] [INFO] no found
[2017-10-11 21:19:09] [INFO] no found
[2017-10-11 21:19:09] [INFO] no found
[2017-10-11 21:19:09] [INFO] no found
[2017-10-11 21:19:09] [INFO] no found
[2017-10-11 21:19:09] [INFO] no found
[2017-10-11 21:19:09] [INFO] no found
[2017-10-11 21:19:09] [INFO] no found
[2017-10-11 21:19:09] [INFO] no found
[2017-10-11 21:19:09] [INFO] no found
[2017-10-11 21:19:09] [INFO] no found
[2017-10-11 21:19:09] [INFO] no found
[2017-10-11 21:19:09] [INFO] no found
[2017-10-11 21:19:09] [INFO] no found
[2017-10-11 21:19:09] [INFO] no found
[2017-10-11 21:19:09] [INFO] no found
[2017-10-11 21:19:09] [INFO] no found
[2017-10-11 21:19:09] [INFO] no found
[2017-10-11 21:19:09] [INFO] no found
[2017-10-11 21:19:09] [INFO] no found
[2017-10-11 21:19:09] [INFO] no found
[2017-10-11 21:19:09] [INFO] no found
[2017-10-11 21:19:09] [INFO] no found
[2017-10-11 21:19:09] [INFO] no found
[2017-10-11 21:19:09] [INFO] no found
[2017-10-11 21:19:09] [INFO] no found
[2017-10-11 21:19:09] [INFO] no found
[2017-10-11 21:19:09] [INFO] no found
[2017-10-11 21:19:09] [INFO] no found
[2017-10-11 21:19:09] [INFO] no found
[2017-10-11 21:19:09] [INFO] no found
[2017-10-11 21:19:09] [INFO] no found
[2017-10-11 21:19:09] [INFO] no found
[2017-10-11 21:19:09] [INFO] no found
[2017-10-11 21:19:09] [INFO] no found
[2017-10-11 21:19:09] [INFO] no found
[2017-10-11 21:19:09] [INFO] no found
[2017-10-11 21:19:09] [INFO] no found
[2017-10-11 21:19:09] [INFO] no found
[2017-10-11 21:19:09] [INFO] no found
[2017-10-11 21:19:09] [INFO] no found
[2017-10-11 21:19:09] [INFO] no found
[2017-10-11 21:19:09] [INFO] no found
[2017-10-11 21:19:09] [INFO] no found
[2017-10-11 21:19:09] [INFO] no found
[2017-10-11 21:19:09] [INFO] no found
[2017-10-11 21:19:09] [INFO] no found
[2017-10-11 21:19:09] [INFO] no found
[2017-10-11 21:19:09] [INFO] no found
[2017-10-11 21:19:09] [INFO] no found
[2017-10-11 21:19:09] [INFO] no found
[2017-10-11 21:19:09] [INFO] no found
[2017-10-11 21:19:09] [INFO] no found
[2017-10-11 21:19:09] [INFO] no found
[2017-10-11 21:19:09] [INFO] no found
[2017-10-11 21:19:09] [INFO] no found
[2017-10-11 21:19:09] [INFO] no found
[2017-10-11 21:19:09] [INFO] no found
[2017-10-11 21:19:09] [INFO] no found
[2017-10-11 21:19:09] [INFO] no found
[2017-10-11 21:19:09] [INFO] no found
[2017-10-11 21:19:09] [INFO] no found
[2017-10-11 21:19:09] [INFO] no found
[2017-10-11 21:19:09] [INFO] no found
[2017-10-11 21:19:09] [INFO] no found
[2017-10-11 21:19:09] [INFO] no found
[2017-10-11 21:19:09] [INFO] no found
[2017-10-11 21:19:09] [INFO] no found
[2017-10-11 21:19:09] [INFO] no found
[2017-10-11 21:19:09] [INFO] no found
[2017-10-11 21:19:09] [INFO] no found
[2017-10-11 21:19:09] [INFO] no found
[2017-10-11 21:19:09] [INFO] no found
[2017-10-11 21:19:09] [INFO] no found
[2017-10-11 21:19:09] [INFO] no found
[2017-10-11 21:19:09] [INFO] no found
[2017-10-11 21:19:09] [INFO] no found
[2017-10-11 21:19:09] [INFO] no found
[2017-10-11 21:19:09] [INFO] no found
[2017-10-11 21:19:09] [INFO] no found
[2017-10-11 21:19:09] [INFO] no found
[2017-10-11 21:19:09] [INFO] no found
[2017-10-11 21:19:09] [INFO] no found
[2017-10-11 21:19:09] [INFO] no found
[2017-10-11 21:19:09] [INFO] no found
[2017-10-11 21:19:09] [INFO] no found
[2017-10-11 21:19:09] [INFO] no found
[2017-10-11 21:19:09] [INFO] no found
[2017-10-11 21:19:09] [INFO] no found
[2017-10-11 21:19:09] [INFO] no found
[2017-10-11 21:19:09] [INFO] no found
[2017-10-11 21:19:09] [INFO] no found
[2017-10-11 21:19:09] [INFO] no found
[2017-10-11 21:19:09] [INFO] no found
[2017-10-11 21:19:09] [INFO] no found
[2017-10-11 21:19:09] [INFO] no found
[2017-10-11 21:19:09] [INFO] no found
[2017-10-11 21:19:09] [INFO] no found
[2017-10-11 21:19:09] [INFO] no found
[2017-10-11 21:19:09] [INFO] no found
[2017-10-11 21:19:09] [INFO] no found
[2017-10-11 21:19:09] [INFO] no found
[2017-10-11 21:19:09] [INFO] no found
[2017-10-11 21:19:09] [INFO] no found
[2017-10-11 21:19:09] [INFO] no found
[2017-10-11 21:19:09] [INFO] no found
[2017-10-11 21:19:09] [INFO] no found
[2017-10-11 21:19:09] [INFO] no found
[2017-10-11 21:19:09] [INFO] no found
[2017-10-11 21:19:09] [INFO] no found
[2017-10-11 21:19:09] [INFO] no found
[2017-10-11 21:19:09] [INFO] no found
[2017-10-11 21:19:09] [INFO] no found
[2017-10-11 21:19:09] [INFO] no found
[2017-10-11 21:19:09] [INFO] no found
[2017-10-11 21:19:09] [INFO] no found
[2017-10-11 21:19:09] [INFO] no found
[2017-10-11 21:19:09] [INFO] no found
[2017-10-11 21:19:09] [INFO] no found
[2017-10-11 21:19:09] [INFO] no found
[2017-10-11 21:19:09] [INFO] no found
[2017-10-11 21:19:09] [INFO] no found
[2017-10-11 21:19:09] [INFO] no found
[2017-10-11 21:19:09] [INFO] no found
[2017-10-11 21:19:09] [INFO] no found
[2017-10-11 21:19:09] [INFO] no found
[2017-10-11 21:19:09] [INFO] no found
[2017-10-11 21:19:09] [INFO] [(30, '关闭wifi 后，查看电脑的无线列表 ', 'Pass', '2017-10-11 21:18:43', '2017-10-11 21:19:09', '0:00:26', '')]
[2017-10-11 21:19:09] [INFO] 测试完成后恢复到wifi打开的状态
[2017-10-11 21:19:17] [INFO] <xlrd.book.Book object at 0x0000000003B4BFD0>
[2017-10-11 21:19:17] [INFO] <xlwt.Workbook.Workbook object at 0x0000000003C1C048>
[2017-10-11 21:20:17] [INFO] no found
[2017-10-11 21:20:17] [INFO] no found
[2017-10-11 21:20:17] [INFO] no found
[2017-10-11 21:20:17] [INFO] no found
[2017-10-11 21:20:17] [INFO] no found
[2017-10-11 21:20:17] [INFO] no found
[2017-10-11 21:20:17] [INFO] no found
[2017-10-11 21:20:17] [INFO] no found
[2017-10-11 21:20:17] [INFO] no found
[2017-10-11 21:20:17] [INFO] no found
[2017-10-11 21:20:17] [INFO] no found
[2017-10-11 21:20:17] [INFO] no found
[2017-10-11 21:20:17] [INFO] no found
[2017-10-11 21:20:17] [INFO] no found
[2017-10-11 21:20:17] [INFO] no found
[2017-10-11 21:20:17] [INFO] no found
[2017-10-11 21:20:17] [INFO] no found
[2017-10-11 21:20:17] [INFO] no found
[2017-10-11 21:20:17] [INFO] no found
[2017-10-11 21:20:17] [INFO] no found
[2017-10-11 21:20:17] [INFO] no found
[2017-10-11 21:20:17] [INFO] no found
[2017-10-11 21:20:17] [INFO] no found
[2017-10-11 21:20:17] [INFO] no found
[2017-10-11 21:20:17] [INFO] no found
[2017-10-11 21:20:17] [INFO] no found
[2017-10-11 21:20:17] [INFO] no found
[2017-10-11 21:20:17] [INFO] no found
[2017-10-11 21:20:17] [INFO] no found
[2017-10-11 21:20:17] [INFO] no found
[2017-10-11 21:20:17] [INFO] no found
[2017-10-11 21:20:17] [INFO] no found
[2017-10-11 21:20:17] [INFO] no found
[2017-10-11 21:20:17] [INFO] no found
[2017-10-11 21:20:17] [INFO] no found
[2017-10-11 21:20:17] [INFO] no found
[2017-10-11 21:20:17] [INFO] no found
[2017-10-11 21:20:17] [INFO] no found
[2017-10-11 21:20:17] [INFO] no found
[2017-10-11 21:20:17] [INFO] no found
[2017-10-11 21:20:17] [INFO] no found
[2017-10-11 21:20:17] [INFO] no found
[2017-10-11 21:20:17] [INFO] no found
[2017-10-11 21:20:17] [INFO] no found
[2017-10-11 21:20:17] [INFO] no found
[2017-10-11 21:20:17] [INFO] no found
[2017-10-11 21:20:17] [INFO] no found
[2017-10-11 21:20:17] [INFO] no found
[2017-10-11 21:20:17] [INFO] no found
[2017-10-11 21:20:17] [INFO] no found
[2017-10-11 21:20:17] [INFO] no found
[2017-10-11 21:20:17] [INFO] no found
[2017-10-11 21:20:17] [INFO] no found
[2017-10-11 21:20:17] [INFO] no found
[2017-10-11 21:20:17] [INFO] no found
[2017-10-11 21:20:17] [INFO] no found
[2017-10-11 21:20:17] [INFO] no found
[2017-10-11 21:20:17] [INFO] no found
[2017-10-11 21:20:17] [INFO] no found
[2017-10-11 21:20:17] [INFO] no found
[2017-10-11 21:20:17] [INFO] no found
[2017-10-11 21:20:17] [INFO] no found
[2017-10-11 21:20:17] [INFO] no found
[2017-10-11 21:20:17] [INFO] no found
[2017-10-11 21:20:17] [INFO] no found
[2017-10-11 21:20:17] [INFO] no found
[2017-10-11 21:20:17] [INFO] no found
[2017-10-11 21:20:17] [INFO] no found
[2017-10-11 21:20:17] [INFO] no found
[2017-10-11 21:20:17] [INFO] no found
[2017-10-11 21:20:17] [INFO] no found
[2017-10-11 21:20:17] [INFO] no found
[2017-10-11 21:20:17] [INFO] no found
[2017-10-11 21:20:17] [INFO] no found
[2017-10-11 21:20:17] [INFO] no found
[2017-10-11 21:20:17] [INFO] no found
[2017-10-11 21:20:17] [INFO] no found
[2017-10-11 21:20:17] [INFO] no found
[2017-10-11 21:20:17] [INFO] no found
[2017-10-11 21:20:17] [INFO] no found
[2017-10-11 21:20:17] [INFO] no found
[2017-10-11 21:20:17] [INFO] no found
[2017-10-11 21:20:17] [INFO] no found
[2017-10-11 21:20:17] [INFO] no found
[2017-10-11 21:20:17] [INFO] no found
[2017-10-11 21:20:17] [INFO] no found
[2017-10-11 21:20:17] [INFO] no found
[2017-10-11 21:20:17] [INFO] no found
[2017-10-11 21:20:17] [INFO] no found
[2017-10-11 21:20:17] [INFO] no found
[2017-10-11 21:20:17] [INFO] no found
[2017-10-11 21:20:17] [INFO] no found
[2017-10-11 21:20:17] [INFO] no found
[2017-10-11 21:20:17] [INFO] no found
[2017-10-11 21:20:17] [INFO] no found
[2017-10-11 21:20:17] [INFO] no found
[2017-10-11 21:20:17] [INFO] no found
[2017-10-11 21:20:17] [INFO] no found
[2017-10-11 21:20:17] [INFO] no found
[2017-10-11 21:20:17] [INFO] no found
[2017-10-11 21:20:17] [INFO] no found
[2017-10-11 21:20:17] [INFO] no found
[2017-10-11 21:20:17] [INFO] no found
[2017-10-11 21:20:17] [INFO] no found
[2017-10-11 21:20:17] [INFO] no found
[2017-10-11 21:20:17] [INFO] no found
[2017-10-11 21:20:17] [INFO] no found
[2017-10-11 21:20:17] [INFO] no found
[2017-10-11 21:20:17] [INFO] no found
[2017-10-11 21:20:17] [INFO] no found
[2017-10-11 21:20:17] [INFO] no found
[2017-10-11 21:20:17] [INFO] no found
[2017-10-11 21:20:17] [INFO] no found
[2017-10-11 21:20:17] [INFO] no found
[2017-10-11 21:20:17] [INFO] no found
[2017-10-11 21:20:17] [INFO] no found
[2017-10-11 21:20:17] [INFO] no found
[2017-10-11 21:20:17] [INFO] no found
[2017-10-11 21:20:17] [INFO] no found
[2017-10-11 21:20:17] [INFO] no found
[2017-10-11 21:20:17] [INFO] no found
[2017-10-11 21:20:17] [INFO] no found
[2017-10-11 21:20:17] [INFO] no found
[2017-10-11 21:20:17] [INFO] no found
[2017-10-11 21:20:17] [INFO] no found
[2017-10-11 21:20:17] [INFO] no found
[2017-10-11 21:20:17] [INFO] no found
[2017-10-11 21:20:17] [INFO] no found
[2017-10-11 21:20:17] [INFO] no found
[2017-10-11 21:20:17] [INFO] no found
[2017-10-11 21:20:17] [INFO] no found
[2017-10-11 21:20:17] [INFO] no found
[2017-10-11 21:20:17] [INFO] no found
[2017-10-11 21:20:17] [INFO] no found
[2017-10-11 21:20:17] [INFO] no found
[2017-10-11 21:20:17] [INFO] no found
[2017-10-11 21:20:17] [INFO] no found
[2017-10-11 21:20:17] [INFO] no found
[2017-10-11 21:20:17] [INFO] no found
[2017-10-11 21:20:17] [INFO] no found
[2017-10-11 21:20:17] [INFO] no found
[2017-10-11 21:20:17] [INFO] no found
[2017-10-11 21:20:17] [INFO] no found
[2017-10-11 21:20:17] [INFO] no found
[2017-10-11 21:20:17] [INFO] no found
[2017-10-11 21:20:17] [INFO] no found
[2017-10-11 21:20:17] [INFO] no found
[2017-10-11 21:20:17] [INFO] no found
[2017-10-11 21:20:17] [INFO] no found
[2017-10-11 21:20:17] [INFO] [(31, '关闭SSID,查看电脑列表能否搜索到wifi名称 ', 'Pass', '2017-10-11 21:19:23', '2017-10-11 21:20:17', '0:00:54', '')]
[2017-10-11 21:20:17] [INFO] 测试完成后关闭ssid隐藏
[2017-10-11 21:20:40] [INFO] <xlrd.book.Book object at 0x0000000003B4AF98>
[2017-10-11 21:20:40] [INFO] <xlwt.Workbook.Workbook object at 0x0000000003C1A0B8>
[2017-10-11 21:21:13] [INFO] [(32, '不输入原密码时的提示信息检查 ', 'Pass', '2017-10-11 21:20:47', '2017-10-11 21:21:13', '0:00:26', '')]
[2017-10-11 21:21:16] [INFO] <xlrd.book.Book object at 0x0000000003B82D30>
[2017-10-11 21:21:16] [INFO] <xlwt.Workbook.Workbook object at 0x0000000003C95DA0>
[2017-10-11 21:21:51] [INFO] [(33, '不输入新密码时的提示信息检查 ', 'Pass', '2017-10-11 21:21:22', '2017-10-11 21:21:51', '0:00:29', '')]
[2017-10-11 21:21:54] [INFO] <xlrd.book.Book object at 0x0000000003B84CC0>
[2017-10-11 21:21:54] [INFO] <xlwt.Workbook.Workbook object at 0x0000000003C1CD68>
[2017-10-11 21:22:28] [INFO] [(34, '确认密码不输入时提示信息检查 ', 'Pass', '2017-10-11 21:22:00', '2017-10-11 21:22:28', '0:00:28', '')]
[2017-10-11 21:22:31] [INFO] <xlrd.book.Book object at 0x0000000003BBB898>
[2017-10-11 21:22:31] [INFO] <xlwt.Workbook.Workbook object at 0x0000000003CA31D0>
[2017-10-11 21:23:05] [INFO] [(35, '确认密码与新密码不一致时的提示信息检查 ', 'Pass', '2017-10-11 21:22:37', '2017-10-11 21:23:05', '0:00:28', '')]
[2017-10-11 21:23:08] [INFO] <xlrd.book.Book object at 0x0000000003BBC5F8>
[2017-10-11 21:23:08] [INFO] <xlwt.Workbook.Workbook object at 0x0000000003CC4240>
[2017-10-11 21:23:42] [INFO] [(36, '原密码错误时提示信息检查 ', 'Pass', '2017-10-11 21:23:14', '2017-10-11 21:23:42', '0:00:28', '')]
[2017-10-11 21:23:46] [INFO] <xlrd.book.Book object at 0x0000000003BBB908>
[2017-10-11 21:23:46] [INFO] <xlwt.Workbook.Workbook object at 0x0000000003CA4278>
[2017-10-11 21:24:19] [INFO] [(37, '新密码格式错误时提示信息检查 ', 'Pass', '2017-10-11 21:23:51', '2017-10-11 21:24:19', '0:00:28', '')]
[2017-10-11 21:24:22] [INFO] <xlrd.book.Book object at 0x0000000003B82D68>
[2017-10-11 21:24:22] [INFO] <xlwt.Workbook.Workbook object at 0x0000000003C1BF60>
[2017-10-11 21:25:26] [INFO] [(38, '修改登录密码查看是否可以登录成功', 'Pass', '2017-10-11 21:24:27', '2017-10-11 21:25:26', '0:00:59', '')]
[2017-10-11 21:25:26] [INFO] 测试完成恢复登录密码
[2017-10-11 21:25:41] [INFO] <xlrd.book.Book object at 0x0000000003B83D30>
[2017-10-11 21:25:41] [INFO] <xlwt.Workbook.Workbook object at 0x0000000003CA5D30>
[2017-10-11 21:26:20] [INFO] [(39, '检查时区能否正确改变 ', 'Pass', '2017-10-11 21:25:46', '2017-10-11 21:26:20', '0:00:34', '')]
[2017-10-11 21:26:20] [INFO] 测试完成恢复时区
[2017-10-11 21:26:25] [INFO] <xlrd.book.Book object at 0x0000000003B82D30>
[2017-10-11 21:26:25] [INFO] <xlwt.Workbook.Workbook object at 0x0000000003D5BDD8>
[2017-10-11 21:27:01] [INFO] ./upgrade/upload.exe E:\wifitest\upgrade\eeee.png
[2017-10-11 21:27:01] [INFO] 开始用autoit3脚本控制选择本地文件
[2017-10-11 21:27:15] [INFO] [(40, '上传错误的升级文件时，错误提示 ', 'Pass', '2017-10-11 21:26:30', '2017-10-11 21:27:15', '0:00:45', '')]
[2017-10-11 21:27:18] [INFO] <xlrd.book.Book object at 0x0000000003B82D68>
[2017-10-11 21:27:18] [INFO] <xlwt.Workbook.Workbook object at 0x0000000003C9E080>
[2017-10-11 21:29:56] [INFO] [(41, '重启功能检查 ', 'Pass', '2017-10-11 21:27:23', '2017-10-11 21:29:56', '0:02:33', '')]
[2017-10-11 21:30:00] [INFO] <xlrd.book.Book object at 0x0000000003B82D68>
[2017-10-11 21:30:00] [INFO] <xlwt.Workbook.Workbook object at 0x0000000003D5D048>
[2017-10-11 21:30:34] [INFO] [(42, '取消重启检查 ', 'Pass', '2017-10-11 21:30:05', '2017-10-11 21:30:34', '0:00:29', '')]
[2017-10-11 21:30:37] [INFO] <xlrd.book.Book object at 0x0000000003B83D30>
[2017-10-11 21:30:37] [INFO] <xlwt.Workbook.Workbook object at 0x0000000003CBA080>
[2017-10-11 21:30:57] [INFO] [(43, '退出系统 ', 'Pass', '2017-10-11 21:30:42', '2017-10-11 21:30:57', '0:00:15', '')]
[2017-10-11 21:31:01] [INFO] <xlrd.book.Book object at 0x0000000003B835C0>
[2017-10-11 21:31:01] [INFO] <xlwt.Workbook.Workbook object at 0x0000000003CBF198>
[2017-10-11 21:31:01] [INFO] 发送邮件
