[2017-10-10 21:13:39] [INFO] test_goto_login: test START 
[2017-10-10 21:13:43] [INFO] [(1, '登录页面跳转测试 ', 'Pass', '2017-10-10 21:13:39', '2017-10-10 21:13:43', '0:00:04', '')]
[2017-10-10 21:13:46] [INFO] <xlrd.book.Book object at 0x0000000003B826A0>
[2017-10-10 21:13:46] [INFO] <xlwt.Workbook.Workbook object at 0x0000000003D3C198>
[2017-10-10 21:14:05] [INFO] [(2, '正确密码是否可成功登录测试 ', 'Pass', '2017-10-10 21:13:52', '2017-10-10 21:14:05', '0:00:13', '')]
[2017-10-10 21:14:08] [INFO] <xlrd.book.Book object at 0x0000000003B83668>
[2017-10-10 21:14:08] [INFO] <xlwt.Workbook.Workbook object at 0x0000000003C0A0B8>
[2017-10-10 21:14:31] [INFO] [(3, '是否能顺利跳转到wan 界面 ', 'Pass', '2017-10-10 21:14:14', '2017-10-10 21:14:31', '0:00:17', '')]
[2017-10-10 21:14:34] [INFO] <xlrd.book.Book object at 0x0000000003B69278>
[2017-10-10 21:14:34] [INFO] <xlwt.Workbook.Workbook object at 0x0000000003CAD6A0>
[2017-10-10 21:15:10] [INFO] 请输入IP地址。
[2017-10-10 21:15:10] [INFO] [(4, '没有IP地址输入时的错误信息提示 ', 'Pass', '2017-10-10 21:14:40', '2017-10-10 21:15:10', '0:00:30', '')]
[2017-10-10 21:15:13] [INFO] <xlrd.book.Book object at 0x0000000003B68240>
[2017-10-10 21:15:13] [INFO] <xlwt.Workbook.Workbook object at 0x0000000003CB0908>
[2017-10-10 21:15:26] [INFO] [(5, '不填写密码时的提示信息是否正确 ', 'Pass', '2017-10-10 21:15:19', '2017-10-10 21:15:26', '0:00:07', '')]
[2017-10-10 21:15:29] [INFO] <xlrd.book.Book object at 0x0000000003B845F8>
[2017-10-10 21:15:29] [INFO] <xlwt.Workbook.Workbook object at 0x0000000003BF50F0>
[2017-10-10 21:15:43] [INFO] [(6, '登录密码错误时提示信息是否正确 ', 'Pass', '2017-10-10 21:15:35', '2017-10-10 21:15:43', '0:00:08', '')]
[2017-10-10 21:15:46] [INFO] <xlrd.book.Book object at 0x0000000003B83668>
[2017-10-10 21:15:46] [INFO] <xlwt.Workbook.Workbook object at 0x0000000003C0A518>
[2017-10-10 21:16:21] [INFO] 请输入子网掩码。
[2017-10-10 21:16:21] [INFO] [(7, '不输入子网掩码时的错误信息提示 ', 'Pass', '2017-10-10 21:15:52', '2017-10-10 21:16:21', '0:00:29', '')]
[2017-10-10 21:16:24] [INFO] <xlrd.book.Book object at 0x0000000003B68240>
[2017-10-10 21:16:24] [INFO] <xlwt.Workbook.Workbook object at 0x0000000003C13A58>
[2017-10-10 21:17:00] [INFO] 请输入默认网关地址。
[2017-10-10 21:17:00] [INFO] [(8, '不输入默认网关时的错误信息提示 ', 'Pass', '2017-10-10 21:16:30', '2017-10-10 21:17:00', '0:00:30', '')]
[2017-10-10 21:17:03] [INFO] <xlrd.book.Book object at 0x0000000003B68240>
[2017-10-10 21:17:03] [INFO] <xlwt.Workbook.Workbook object at 0x0000000003CB6B70>
[2017-10-10 21:17:36] [INFO] IP地址含非法字符，请重新输入。
[2017-10-10 21:17:39] [INFO] IP地址含非法字符，请重新输入。
[2017-10-10 21:17:43] [INFO] IP地址含非法字符，请重新输入。
[2017-10-10 21:17:46] [INFO] IP地址含非法字符，请重新输入。
[2017-10-10 21:17:49] [INFO] IP地址格式错误，请重新输入。
[2017-10-10 21:17:52] [INFO] IP地址含非法字符，请重新输入。
[2017-10-10 21:17:52] [INFO] [(9, '非法格式的IP地址输入时提示信息检查 ', 'Pass', '2017-10-10 21:17:09', '2017-10-10 21:17:52', '0:00:43', '')]
[2017-10-10 21:17:56] [INFO] <xlrd.book.Book object at 0x0000000003B68208>
[2017-10-10 21:17:56] [INFO] <xlwt.Workbook.Workbook object at 0x0000000003C15B38>
[2017-10-10 21:18:31] [INFO] 子网掩码不正确，请重新输入。
[2017-10-10 21:18:37] [INFO] 子网掩码不正确，请重新输入。
[2017-10-10 21:18:42] [INFO] 子网掩码不正确，请重新输入。
[2017-10-10 21:18:47] [INFO] 子网掩码不正确，请重新输入。
[2017-10-10 21:18:53] [INFO] 子网掩码不正确，请重新输入。
[2017-10-10 21:18:58] [INFO] 子网掩码不正确，请重新输入。
[2017-10-10 21:18:58] [INFO] [(10, '非法格式的子网掩码输入时，提示信息检查 ', 'Pass', '2017-10-10 21:18:01', '2017-10-10 21:18:58', '0:00:57', '')]
[2017-10-10 21:19:01] [INFO] <xlrd.book.Book object at 0x0000000003B68208>
[2017-10-10 21:19:01] [INFO] <xlwt.Workbook.Workbook object at 0x0000000003C1C780>
[2017-10-10 21:19:38] [INFO] 默认网关错误，请重新输入。
[2017-10-10 21:19:44] [INFO] 默认网关错误，请重新输入。
[2017-10-10 21:19:49] [INFO] 默认网关错误，请重新输入。
[2017-10-10 21:19:54] [INFO] 默认网关错误，请重新输入。
[2017-10-10 21:20:00] [INFO] 默认网关错误，请重新输入。
[2017-10-10 21:20:05] [INFO] 默认网关错误，请重新输入。
[2017-10-10 21:20:05] [INFO] [(11, '非法格式的默认网关输入时，提示信息检查 ', 'Pass', '2017-10-10 21:19:08', '2017-10-10 21:20:05', '0:00:57', '')]
[2017-10-10 21:20:08] [INFO] <xlrd.book.Book object at 0x0000000003B68208>
[2017-10-10 21:20:08] [INFO] <xlwt.Workbook.Workbook object at 0x0000000003C1F860>
[2017-10-10 21:20:57] [INFO] [(12, '是否可以成功设置静态IP ', 'Pass', '2017-10-10 21:20:14', '2017-10-10 21:20:57', '0:00:43', '')]
[2017-10-10 21:20:57] [INFO] 测试完成后将上网方式恢复为自动获取
[2017-10-10 21:21:20] [INFO] <xlrd.book.Book object at 0x0000000003B69198>
[2017-10-10 21:21:20] [INFO] <xlwt.Workbook.Workbook object at 0x0000000003C1AC50>
[2017-10-10 21:21:48] [INFO] [(13, '是否能顺利跳转到lan页面 ', 'Pass', '2017-10-10 21:21:27', '2017-10-10 21:21:48', '0:00:21', '')]
[2017-10-10 21:21:51] [INFO] <xlrd.book.Book object at 0x0000000003B5A320>
[2017-10-10 21:21:51] [INFO] <xlwt.Workbook.Workbook object at 0x0000000003C0BD30>
[2017-10-10 21:22:12] [INFO] 默认的局域网地址:
[2017-10-10 21:22:12] [INFO] 默认的dhcp状态是：checkbox_off
[2017-10-10 21:22:12] [INFO] 默认的初始IP地址池：
[2017-10-10 21:22:12] [INFO] 默认的结束IP地址池： 
[2017-10-10 21:22:12] [INFO] [(14, 'lan页面默认项检查 ', 'Pass', '2017-10-10 21:21:57', '2017-10-10 21:22:12', '0:00:15', '')]
[2017-10-10 21:22:16] [INFO] <xlrd.book.Book object at 0x0000000003B69470>
[2017-10-10 21:22:16] [INFO] <xlwt.Workbook.Workbook object at 0x0000000003CADDD8>
[2017-10-10 21:22:46] [INFO] [(15, 'lan页面不输入局域网地址时的提示语检查 ', 'Pass', '2017-10-10 21:22:21', '2017-10-10 21:22:46', '0:00:25', '')]
[2017-10-10 21:22:50] [INFO] <xlrd.book.Book object at 0x0000000003B6A4A8>
[2017-10-10 21:22:50] [INFO] <xlwt.Workbook.Workbook object at 0x0000000003C0EE80>
[2017-10-10 21:23:18] [INFO] IP地址含非法字符，请重新输入。
[2017-10-10 21:23:20] [INFO] IP地址含非法字符，请重新输入。
[2017-10-10 21:23:22] [INFO] IP地址含非法字符，请重新输入。
[2017-10-10 21:23:24] [INFO] IP地址含非法字符，请重新输入。
[2017-10-10 21:23:26] [INFO] IP地址格式错误，请重新输入。
[2017-10-10 21:23:29] [INFO] IP地址含非法字符，请重新输入。
[2017-10-10 21:23:29] [INFO] [(16, 'lan页面输入格式错误的局域网地址时的提示语检查 ', 'Pass', '2017-10-10 21:22:55', '2017-10-10 21:23:29', '0:00:34', '')]
[2017-10-10 21:23:32] [INFO] <xlrd.book.Book object at 0x0000000003B694A8>
[2017-10-10 21:23:32] [INFO] <xlwt.Workbook.Workbook object at 0x0000000003C1B048>
[2017-10-10 21:25:07] [INFO] [(17, 'lan页面修改局域网地址是否可以成功 ', 'Pass', '2017-10-10 21:23:38', '2017-10-10 21:25:07', '0:01:29', '')]
[2017-10-10 21:25:07] [INFO] 测试完成后修改到原来的IP
[2017-10-10 21:26:24] [INFO] <xlrd.book.Book object at 0x0000000003B69438>
[2017-10-10 21:26:24] [INFO] <xlwt.Workbook.Workbook object at 0x0000000003CDDCF8>
[2017-10-10 21:27:00] [INFO] 地址池开始值错误，请重新输入。
[2017-10-10 21:27:00] [INFO] [(18, '开始IP地址非法时提示信息检查 ', 'Pass', '2017-10-10 21:26:29', '2017-10-10 21:27:00', '0:00:31', '')]
[2017-10-10 21:27:03] [INFO] <xlrd.book.Book object at 0x0000000003B69470>
[2017-10-10 21:27:03] [INFO] <xlwt.Workbook.Workbook object at 0x0000000003C960F0>
[2017-10-10 21:27:37] [INFO] 地址池结束值错误，请重新输入。
[2017-10-10 21:27:37] [INFO] [(19, '结束IP地址非法时提示信息检查 ', 'Pass', '2017-10-10 21:27:09', '2017-10-10 21:27:37', '0:00:28', '')]
[2017-10-10 21:27:41] [INFO] <xlrd.book.Book object at 0x0000000003B694A8>
[2017-10-10 21:27:41] [INFO] <xlwt.Workbook.Workbook object at 0x0000000003C16198>
[2017-10-10 21:28:18] [INFO] 地址池结束值不能小于开始值，请重新输入。
[2017-10-10 21:28:18] [INFO] [(20, '开始IP地址大于结束IP地址时，提示语检查 ', 'Pass', '2017-10-10 21:27:46', '2017-10-10 21:28:18', '0:00:32', '')]
[2017-10-10 21:28:21] [INFO] <xlrd.book.Book object at 0x0000000003B5A4E0>
[2017-10-10 21:28:21] [INFO] <xlwt.Workbook.Workbook object at 0x0000000003C15278>
[2017-10-10 21:29:03] [INFO] [(21, '开始ip地址和结束IP地址都合法时，是否可以成功保存 ', 'Pass', '2017-10-10 21:28:26', '2017-10-10 21:29:03', '0:00:37', '')]
[2017-10-10 21:29:06] [INFO] <xlrd.book.Book object at 0x0000000003B5A4A8>
[2017-10-10 21:29:06] [INFO] <xlwt.Workbook.Workbook object at 0x0000000003C172E8>
[2017-10-10 21:29:37] [INFO] [(22, 'DHCP 能否被正确关闭 ', 'Pass', '2017-10-10 21:29:11', '2017-10-10 21:29:37', '0:00:26', '')]
[2017-10-10 21:29:40] [INFO] <xlrd.book.Book object at 0x0000000003B694A8>
[2017-10-10 21:29:40] [INFO] <xlwt.Workbook.Workbook object at 0x0000000003C93198>
[2017-10-10 21:30:03] [INFO] [(23, '是否能顺利跳转到无线wifi设置界面 ', 'Pass', '2017-10-10 21:29:46', '2017-10-10 21:30:03', '0:00:17', '')]
[2017-10-10 21:30:06] [INFO] <xlrd.book.Book object at 0x0000000003B6D0F0>
[2017-10-10 21:30:06] [INFO] <xlwt.Workbook.Workbook object at 0x0000000003C0CD68>
[2017-10-10 21:30:29] [INFO] wifiname:frt_test
[2017-10-10 21:30:29] [INFO] wifiname:iot123321
[2017-10-10 21:30:29] [INFO] [(24, 'wifi页面默认项检查 ', 'Pass', '2017-10-10 21:30:12', '2017-10-10 21:30:29', '0:00:17', '')]
[2017-10-10 21:30:32] [INFO] <xlrd.book.Book object at 0x0000000003B4DFD0>
[2017-10-10 21:30:32] [INFO] <xlwt.Workbook.Workbook object at 0x0000000003CADD30>
[2017-10-10 21:34:45] [INFO] [(25, 'wifi名称各种组合是否支持 ', 'Pass', '2017-10-10 21:30:37', '2017-10-10 21:34:45', '0:04:08', '')]
[2017-10-10 21:34:48] [INFO] <xlrd.book.Book object at 0x0000000003B6D0F0>
[2017-10-10 21:34:48] [INFO] <xlwt.Workbook.Workbook object at 0x0000000003C52E80>
[2017-10-10 21:35:12] [INFO] 请输入2.4G无线名称。
[2017-10-10 21:35:12] [INFO] [(26, '不输入wifi名称时的提示语检查 ', 'Pass', '2017-10-10 21:34:54', '2017-10-10 21:35:12', '0:00:18', '')]
[2017-10-10 21:35:15] [INFO] <xlrd.book.Book object at 0x0000000003B6E048>
[2017-10-10 21:35:15] [INFO] <xlwt.Workbook.Workbook object at 0x0000000003C10EF0>
[2017-10-10 21:36:05] [INFO] [(27, '不输入wifi密码时是否可以保存成功 ', 'Pass', '2017-10-10 21:35:23', '2017-10-10 21:36:05', '0:00:42', '')]
[2017-10-10 21:36:05] [INFO] 测试完成后恢复wifi密码
[2017-10-10 21:36:30] [INFO] <xlrd.book.Book object at 0x0000000003B6E080>
[2017-10-10 21:36:30] [INFO] <xlwt.Workbook.Workbook object at 0x0000000003C220B8>
[2017-10-10 21:37:10] [INFO] [(28, '输入错误格式的wifi 密码，提示语检查 ', 'Pass', '2017-10-10 21:36:37', '2017-10-10 21:37:10', '0:00:33', '')]
[2017-10-10 21:37:10] [INFO] 测试完成恢复wifi密码
[2017-10-10 21:37:36] [INFO] <xlrd.book.Book object at 0x0000000003B6E080>
[2017-10-10 21:37:36] [INFO] <xlwt.Workbook.Workbook object at 0x0000000003C1F080>
[2017-10-10 21:40:33] [INFO] [(29, '是否支持各种格式的wifi密码 ', 'Pass', '2017-10-10 21:37:43', '2017-10-10 21:40:33', '0:02:50', '')]
[2017-10-10 21:40:33] [INFO] 测试完成恢复wifi密码
[2017-10-10 21:40:59] [INFO] <xlrd.book.Book object at 0x0000000003B6E080>
[2017-10-10 21:40:59] [INFO] <xlwt.Workbook.Workbook object at 0x0000000003CD90F0>
[2017-10-10 21:41:33] [INFO] no found
[2017-10-10 21:41:33] [INFO] no found
[2017-10-10 21:41:33] [INFO] no found
[2017-10-10 21:41:33] [INFO] no found
[2017-10-10 21:41:33] [INFO] no found
[2017-10-10 21:41:33] [INFO] no found
[2017-10-10 21:41:33] [INFO] no found
[2017-10-10 21:41:33] [INFO] no found
[2017-10-10 21:41:33] [INFO] no found
[2017-10-10 21:41:33] [INFO] no found
[2017-10-10 21:41:33] [INFO] no found
[2017-10-10 21:41:33] [INFO] no found
[2017-10-10 21:41:33] [INFO] no found
[2017-10-10 21:41:33] [INFO] no found
[2017-10-10 21:41:33] [INFO] no found
[2017-10-10 21:41:33] [INFO] no found
[2017-10-10 21:41:33] [INFO] no found
[2017-10-10 21:41:33] [INFO] no found
[2017-10-10 21:41:33] [INFO] no found
[2017-10-10 21:41:33] [INFO] no found
[2017-10-10 21:41:33] [INFO] no found
[2017-10-10 21:41:33] [INFO] no found
[2017-10-10 21:41:33] [INFO] no found
[2017-10-10 21:41:33] [INFO] no found
[2017-10-10 21:41:33] [INFO] no found
[2017-10-10 21:41:33] [INFO] no found
[2017-10-10 21:41:33] [INFO] no found
[2017-10-10 21:41:33] [INFO] no found
[2017-10-10 21:41:33] [INFO] no found
[2017-10-10 21:41:33] [INFO] no found
[2017-10-10 21:41:33] [INFO] no found
[2017-10-10 21:41:33] [INFO] no found
[2017-10-10 21:41:33] [INFO] no found
[2017-10-10 21:41:33] [INFO] no found
[2017-10-10 21:41:33] [INFO] no found
[2017-10-10 21:41:33] [INFO] no found
[2017-10-10 21:41:33] [INFO] no found
[2017-10-10 21:41:33] [INFO] no found
[2017-10-10 21:41:33] [INFO] no found
[2017-10-10 21:41:33] [INFO] no found
[2017-10-10 21:41:33] [INFO] no found
[2017-10-10 21:41:33] [INFO] no found
[2017-10-10 21:41:33] [INFO] no found
[2017-10-10 21:41:33] [INFO] no found
[2017-10-10 21:41:33] [INFO] no found
[2017-10-10 21:41:33] [INFO] no found
[2017-10-10 21:41:33] [INFO] no found
[2017-10-10 21:41:33] [INFO] no found
[2017-10-10 21:41:33] [INFO] no found
[2017-10-10 21:41:33] [INFO] no found
[2017-10-10 21:41:33] [INFO] no found
[2017-10-10 21:41:33] [INFO] no found
[2017-10-10 21:41:33] [INFO] no found
[2017-10-10 21:41:33] [INFO] no found
[2017-10-10 21:41:33] [INFO] no found
[2017-10-10 21:41:33] [INFO] no found
[2017-10-10 21:41:33] [INFO] no found
[2017-10-10 21:41:33] [INFO] no found
[2017-10-10 21:41:33] [INFO] no found
[2017-10-10 21:41:33] [INFO] no found
[2017-10-10 21:41:33] [INFO] no found
[2017-10-10 21:41:33] [INFO] no found
[2017-10-10 21:41:33] [INFO] no found
[2017-10-10 21:41:33] [INFO] no found
[2017-10-10 21:41:33] [INFO] no found
[2017-10-10 21:41:33] [INFO] no found
[2017-10-10 21:41:33] [INFO] no found
[2017-10-10 21:41:33] [INFO] no found
[2017-10-10 21:41:33] [INFO] no found
[2017-10-10 21:41:33] [INFO] no found
[2017-10-10 21:41:33] [INFO] no found
[2017-10-10 21:41:33] [INFO] no found
[2017-10-10 21:41:33] [INFO] no found
[2017-10-10 21:41:33] [INFO] no found
[2017-10-10 21:41:33] [INFO] no found
[2017-10-10 21:41:33] [INFO] no found
[2017-10-10 21:41:33] [INFO] no found
[2017-10-10 21:41:33] [INFO] no found
[2017-10-10 21:41:33] [INFO] no found
[2017-10-10 21:41:33] [INFO] no found
[2017-10-10 21:41:33] [INFO] no found
[2017-10-10 21:41:33] [INFO] no found
[2017-10-10 21:41:33] [INFO] no found
[2017-10-10 21:41:33] [INFO] no found
[2017-10-10 21:41:33] [INFO] no found
[2017-10-10 21:41:33] [INFO] no found
[2017-10-10 21:41:33] [INFO] no found
[2017-10-10 21:41:33] [INFO] no found
[2017-10-10 21:41:33] [INFO] no found
[2017-10-10 21:41:33] [INFO] no found
[2017-10-10 21:41:33] [INFO] no found
[2017-10-10 21:41:33] [INFO] no found
[2017-10-10 21:41:33] [INFO] no found
[2017-10-10 21:41:33] [INFO] no found
[2017-10-10 21:41:33] [INFO] no found
[2017-10-10 21:41:33] [INFO] no found
[2017-10-10 21:41:33] [INFO] no found
[2017-10-10 21:41:33] [INFO] no found
[2017-10-10 21:41:33] [INFO] no found
[2017-10-10 21:41:33] [INFO] no found
[2017-10-10 21:41:33] [INFO] no found
[2017-10-10 21:41:33] [INFO] no found
[2017-10-10 21:41:33] [INFO] no found
[2017-10-10 21:41:33] [INFO] no found
[2017-10-10 21:41:33] [INFO] no found
[2017-10-10 21:41:33] [INFO] no found
[2017-10-10 21:41:33] [INFO] no found
[2017-10-10 21:41:33] [INFO] no found
[2017-10-10 21:41:33] [INFO] no found
[2017-10-10 21:41:33] [INFO] no found
[2017-10-10 21:41:33] [INFO] no found
[2017-10-10 21:41:33] [INFO] no found
[2017-10-10 21:41:33] [INFO] no found
[2017-10-10 21:41:33] [INFO] no found
[2017-10-10 21:41:33] [INFO] no found
[2017-10-10 21:41:33] [INFO] no found
[2017-10-10 21:41:33] [INFO] no found
[2017-10-10 21:41:33] [INFO] no found
[2017-10-10 21:41:33] [INFO] no found
[2017-10-10 21:41:33] [INFO] no found
[2017-10-10 21:41:33] [INFO] no found
[2017-10-10 21:41:33] [INFO] no found
[2017-10-10 21:41:33] [INFO] no found
[2017-10-10 21:41:33] [INFO] no found
[2017-10-10 21:41:33] [INFO] no found
[2017-10-10 21:41:33] [INFO] no found
[2017-10-10 21:41:33] [INFO] no found
[2017-10-10 21:41:33] [INFO] no found
[2017-10-10 21:41:33] [INFO] no found
[2017-10-10 21:41:33] [INFO] no found
[2017-10-10 21:41:33] [INFO] no found
[2017-10-10 21:41:33] [INFO] no found
[2017-10-10 21:41:33] [INFO] no found
[2017-10-10 21:41:33] [INFO] no found
[2017-10-10 21:41:33] [INFO] no found
[2017-10-10 21:41:33] [INFO] no found
[2017-10-10 21:41:33] [INFO] no found
[2017-10-10 21:41:33] [INFO] no found
[2017-10-10 21:41:33] [INFO] no found
[2017-10-10 21:41:33] [INFO] [(30, '关闭wifi 后，查看电脑的无线列表 ', 'Pass', '2017-10-10 21:41:06', '2017-10-10 21:41:33', '0:00:27', '')]
[2017-10-10 21:41:33] [INFO] 测试完成后恢复到wifi打开的状态
[2017-10-10 21:41:41] [INFO] <xlrd.book.Book object at 0x0000000003B6D0F0>
[2017-10-10 21:41:41] [INFO] <xlwt.Workbook.Workbook object at 0x0000000003C9A160>
[2017-10-10 21:42:41] [INFO] no found
[2017-10-10 21:42:41] [INFO] no found
[2017-10-10 21:42:41] [INFO] no found
[2017-10-10 21:42:41] [INFO] no found
[2017-10-10 21:42:41] [INFO] no found
[2017-10-10 21:42:41] [INFO] no found
[2017-10-10 21:42:41] [INFO] no found
[2017-10-10 21:42:41] [INFO] no found
[2017-10-10 21:42:41] [INFO] no found
[2017-10-10 21:42:41] [INFO] no found
[2017-10-10 21:42:41] [INFO] no found
[2017-10-10 21:42:41] [INFO] no found
[2017-10-10 21:42:41] [INFO] no found
[2017-10-10 21:42:41] [INFO] no found
[2017-10-10 21:42:41] [INFO] no found
[2017-10-10 21:42:41] [INFO] no found
[2017-10-10 21:42:41] [INFO] no found
[2017-10-10 21:42:41] [INFO] no found
[2017-10-10 21:42:41] [INFO] no found
[2017-10-10 21:42:41] [INFO] no found
[2017-10-10 21:42:41] [INFO] no found
[2017-10-10 21:42:41] [INFO] no found
[2017-10-10 21:42:41] [INFO] no found
[2017-10-10 21:42:41] [INFO] no found
[2017-10-10 21:42:41] [INFO] no found
[2017-10-10 21:42:41] [INFO] no found
[2017-10-10 21:42:41] [INFO] no found
[2017-10-10 21:42:41] [INFO] no found
[2017-10-10 21:42:41] [INFO] no found
[2017-10-10 21:42:41] [INFO] no found
[2017-10-10 21:42:41] [INFO] no found
[2017-10-10 21:42:41] [INFO] no found
[2017-10-10 21:42:41] [INFO] no found
[2017-10-10 21:42:41] [INFO] no found
[2017-10-10 21:42:41] [INFO] no found
[2017-10-10 21:42:41] [INFO] no found
[2017-10-10 21:42:41] [INFO] no found
[2017-10-10 21:42:41] [INFO] no found
[2017-10-10 21:42:41] [INFO] no found
[2017-10-10 21:42:41] [INFO] no found
[2017-10-10 21:42:41] [INFO] no found
[2017-10-10 21:42:41] [INFO] no found
[2017-10-10 21:42:41] [INFO] no found
[2017-10-10 21:42:41] [INFO] no found
[2017-10-10 21:42:41] [INFO] no found
[2017-10-10 21:42:41] [INFO] no found
[2017-10-10 21:42:41] [INFO] no found
[2017-10-10 21:42:41] [INFO] no found
[2017-10-10 21:42:41] [INFO] no found
[2017-10-10 21:42:41] [INFO] no found
[2017-10-10 21:42:41] [INFO] no found
[2017-10-10 21:42:41] [INFO] no found
[2017-10-10 21:42:41] [INFO] no found
[2017-10-10 21:42:41] [INFO] no found
[2017-10-10 21:42:41] [INFO] no found
[2017-10-10 21:42:41] [INFO] no found
[2017-10-10 21:42:41] [INFO] no found
[2017-10-10 21:42:41] [INFO] no found
[2017-10-10 21:42:41] [INFO] no found
[2017-10-10 21:42:41] [INFO] no found
[2017-10-10 21:42:41] [INFO] no found
[2017-10-10 21:42:41] [INFO] no found
[2017-10-10 21:42:41] [INFO] no found
[2017-10-10 21:42:41] [INFO] no found
[2017-10-10 21:42:41] [INFO] no found
[2017-10-10 21:42:41] [INFO] no found
[2017-10-10 21:42:41] [INFO] no found
[2017-10-10 21:42:41] [INFO] no found
[2017-10-10 21:42:41] [INFO] no found
[2017-10-10 21:42:41] [INFO] no found
[2017-10-10 21:42:41] [INFO] no found
[2017-10-10 21:42:41] [INFO] no found
[2017-10-10 21:42:41] [INFO] no found
[2017-10-10 21:42:41] [INFO] no found
[2017-10-10 21:42:41] [INFO] no found
[2017-10-10 21:42:41] [INFO] no found
[2017-10-10 21:42:41] [INFO] no found
[2017-10-10 21:42:41] [INFO] no found
[2017-10-10 21:42:41] [INFO] no found
[2017-10-10 21:42:41] [INFO] no found
[2017-10-10 21:42:41] [INFO] no found
[2017-10-10 21:42:41] [INFO] no found
[2017-10-10 21:42:41] [INFO] no found
[2017-10-10 21:42:41] [INFO] no found
[2017-10-10 21:42:41] [INFO] no found
[2017-10-10 21:42:41] [INFO] no found
[2017-10-10 21:42:41] [INFO] no found
[2017-10-10 21:42:41] [INFO] no found
[2017-10-10 21:42:41] [INFO] no found
[2017-10-10 21:42:41] [INFO] no found
[2017-10-10 21:42:41] [INFO] no found
[2017-10-10 21:42:41] [INFO] no found
[2017-10-10 21:42:41] [INFO] no found
[2017-10-10 21:42:41] [INFO] no found
[2017-10-10 21:42:41] [INFO] no found
[2017-10-10 21:42:41] [INFO] no found
[2017-10-10 21:42:41] [INFO] no found
[2017-10-10 21:42:41] [INFO] no found
[2017-10-10 21:42:41] [INFO] no found
[2017-10-10 21:42:41] [INFO] no found
[2017-10-10 21:42:41] [INFO] no found
[2017-10-10 21:42:41] [INFO] no found
[2017-10-10 21:42:41] [INFO] no found
[2017-10-10 21:42:41] [INFO] no found
[2017-10-10 21:42:41] [INFO] no found
[2017-10-10 21:42:41] [INFO] no found
[2017-10-10 21:42:41] [INFO] no found
[2017-10-10 21:42:41] [INFO] no found
[2017-10-10 21:42:41] [INFO] no found
[2017-10-10 21:42:41] [INFO] no found
[2017-10-10 21:42:41] [INFO] no found
[2017-10-10 21:42:41] [INFO] no found
[2017-10-10 21:42:41] [INFO] no found
[2017-10-10 21:42:41] [INFO] no found
[2017-10-10 21:42:41] [INFO] no found
[2017-10-10 21:42:41] [INFO] no found
[2017-10-10 21:42:41] [INFO] no found
[2017-10-10 21:42:41] [INFO] no found
[2017-10-10 21:42:41] [INFO] no found
[2017-10-10 21:42:41] [INFO] no found
[2017-10-10 21:42:41] [INFO] no found
[2017-10-10 21:42:41] [INFO] no found
[2017-10-10 21:42:41] [INFO] no found
[2017-10-10 21:42:41] [INFO] no found
[2017-10-10 21:42:41] [INFO] no found
[2017-10-10 21:42:41] [INFO] no found
[2017-10-10 21:42:41] [INFO] no found
[2017-10-10 21:42:41] [INFO] no found
[2017-10-10 21:42:41] [INFO] no found
[2017-10-10 21:42:41] [INFO] no found
[2017-10-10 21:42:41] [INFO] no found
[2017-10-10 21:42:41] [INFO] no found
[2017-10-10 21:42:41] [INFO] no found
[2017-10-10 21:42:41] [INFO] no found
[2017-10-10 21:42:41] [INFO] no found
[2017-10-10 21:42:41] [INFO] no found
[2017-10-10 21:42:41] [INFO] no found
[2017-10-10 21:42:41] [INFO] no found
[2017-10-10 21:42:41] [INFO] no found
[2017-10-10 21:42:41] [INFO] [(31, '关闭SSID,查看电脑列表能否搜索到wifi名称 ', 'Pass', '2017-10-10 21:41:47', '2017-10-10 21:42:41', '0:00:54', '')]
[2017-10-10 21:42:41] [INFO] 测试完成后关闭ssid隐藏
[2017-10-10 21:43:04] [INFO] <xlrd.book.Book object at 0x0000000003B6D080>
[2017-10-10 21:43:04] [INFO] <xlwt.Workbook.Workbook object at 0x0000000003C98208>
[2017-10-10 21:43:34] [INFO] [(32, '不输入原密码时的提示信息检查 ', 'Pass', '2017-10-10 21:43:11', '2017-10-10 21:43:34', '0:00:23', '')]
[2017-10-10 21:43:37] [INFO] <xlrd.book.Book object at 0x0000000003B82E48>
[2017-10-10 21:43:37] [INFO] <xlwt.Workbook.Workbook object at 0x0000000003C96F28>
[2017-10-10 21:44:09] [INFO] [(33, '不输入新密码时的提示信息检查 ', 'Pass', '2017-10-10 21:43:43', '2017-10-10 21:44:09', '0:00:26', '')]
[2017-10-10 21:44:12] [INFO] <xlrd.book.Book object at 0x0000000003B83DD8>
[2017-10-10 21:44:12] [INFO] <xlwt.Workbook.Workbook object at 0x0000000003D3AF60>
[2017-10-10 21:44:44] [INFO] [(34, '确认密码不输入时提示信息检查 ', 'Pass', '2017-10-10 21:44:19', '2017-10-10 21:44:44', '0:00:25', '')]
[2017-10-10 21:44:47] [INFO] <xlrd.book.Book object at 0x0000000003BBB9B0>
[2017-10-10 21:44:47] [INFO] <xlwt.Workbook.Workbook object at 0x0000000003CC3320>
[2017-10-10 21:45:18] [INFO] [(35, '确认密码与新密码不一致时的提示信息检查 ', 'Pass', '2017-10-10 21:44:53', '2017-10-10 21:45:18', '0:00:25', '')]
[2017-10-10 21:45:21] [INFO] <xlrd.book.Book object at 0x0000000003BBA710>
[2017-10-10 21:45:21] [INFO] <xlwt.Workbook.Workbook object at 0x0000000003C25390>
[2017-10-10 21:45:51] [INFO] [(36, '原密码错误时提示信息检查 ', 'Pass', '2017-10-10 21:45:27', '2017-10-10 21:45:51', '0:00:24', '')]
[2017-10-10 21:45:55] [INFO] <xlrd.book.Book object at 0x0000000003BBAA20>
[2017-10-10 21:45:55] [INFO] <xlwt.Workbook.Workbook object at 0x0000000003CA5400>
[2017-10-10 21:46:25] [INFO] [(37, '新密码格式错误时提示信息检查 ', 'Pass', '2017-10-10 21:46:00', '2017-10-10 21:46:25', '0:00:25', '')]
[2017-10-10 21:46:28] [INFO] <xlrd.book.Book object at 0x0000000003B82E80>
[2017-10-10 21:46:28] [INFO] <xlwt.Workbook.Workbook object at 0x0000000003C1E198>
[2017-10-10 21:47:29] [INFO] [(38, '修改登录密码查看是否可以登录成功', 'Pass', '2017-10-10 21:46:33', '2017-10-10 21:47:29', '0:00:56', '')]
[2017-10-10 21:47:29] [INFO] 测试完成恢复登录密码
[2017-10-10 21:47:44] [INFO] <xlrd.book.Book object at 0x0000000003B82E10>
[2017-10-10 21:47:44] [INFO] <xlwt.Workbook.Workbook object at 0x0000000003CA8EF0>
[2017-10-10 21:48:20] [INFO] [(39, '检查时区能否正确改变 ', 'Pass', '2017-10-10 21:47:50', '2017-10-10 21:48:20', '0:00:30', '')]
[2017-10-10 21:48:20] [INFO] 测试完成恢复时区
[2017-10-10 21:48:25] [INFO] <xlrd.book.Book object at 0x0000000003B83E10>
[2017-10-10 21:48:25] [INFO] <xlwt.Workbook.Workbook object at 0x0000000003CCEF98>
[2017-10-10 21:48:59] [INFO] ./upgrade/upload.exe E:\wifitest\upgrade\eeee.png
[2017-10-10 21:48:59] [INFO] 开始用autoit3脚本控制选择本地文件
[2017-10-10 21:49:12] [INFO] [(41, '重启路由器 ', 'Pass', '2017-10-10 21:48:31', '2017-10-10 21:49:12', '0:00:41', '')]
[2017-10-10 21:49:15] [INFO] <xlrd.book.Book object at 0x0000000003B82DD8>
[2017-10-10 21:49:15] [INFO] <xlwt.Workbook.Workbook object at 0x0000000003DF0160>
[2017-10-10 21:51:11] [INFO] [(41, '重启功能检查 ', 'Pass', '2017-10-10 21:49:21', '2017-10-10 21:51:11', '0:01:50', '')]
[2017-10-10 21:51:14] [INFO] <xlrd.book.Book object at 0x0000000003B82DD8>
[2017-10-10 21:51:14] [INFO] <xlwt.Workbook.Workbook object at 0x0000000003CCD1D0>
[2017-10-10 21:51:47] [INFO] [(42, '取消重启检查 ', 'Pass', '2017-10-10 21:51:21', '2017-10-10 21:51:47', '0:00:26', '')]
[2017-10-10 21:51:50] [INFO] <xlrd.book.Book object at 0x0000000003B82E48>
[2017-10-10 21:51:51] [INFO] <xlwt.Workbook.Workbook object at 0x0000000003CB0278>
[2017-10-10 21:52:12] [INFO] [(43, '退出系统 ', 'Pass', '2017-10-10 21:51:57', '2017-10-10 21:52:12', '0:00:15', '')]
[2017-10-10 21:52:16] [INFO] <xlrd.book.Book object at 0x0000000003B826D8>
[2017-10-10 21:52:16] [INFO] <xlwt.Workbook.Workbook object at 0x0000000003C10390>
[2017-10-10 21:52:16] [INFO] 发送邮件
