[2017-10-10 20:35:49] [INFO] test_goto_login: test START 
[2017-10-10 20:35:52] [INFO] [(1, '登录页面跳转测试 ', 'Pass', '2017-10-10 20:35:49', '2017-10-10 20:35:52', '0:00:03', '')]
[2017-10-10 20:35:55] [INFO] <xlrd.book.Book object at 0x0000000003B826A0>
[2017-10-10 20:35:55] [INFO] <xlwt.Workbook.Workbook object at 0x0000000003C0C198>
[2017-10-10 20:36:14] [INFO] [(2, '正确密码是否可成功登录测试 ', 'Pass', '2017-10-10 20:36:00', '2017-10-10 20:36:14', '0:00:14', '')]
[2017-10-10 20:36:17] [INFO] <xlrd.book.Book object at 0x0000000003B845F8>
[2017-10-10 20:36:17] [INFO] <xlwt.Workbook.Workbook object at 0x0000000003C0B048>
[2017-10-10 20:36:40] [INFO] [(3, '是否能顺利跳转到wan 界面 ', 'Pass', '2017-10-10 20:36:22', '2017-10-10 20:36:40', '0:00:18', '')]
[2017-10-10 20:36:43] [INFO] <xlrd.book.Book object at 0x0000000003B69278>
[2017-10-10 20:36:43] [INFO] <xlwt.Workbook.Workbook object at 0x0000000003C8D6D8>
[2017-10-10 20:37:18] [INFO] 请输入IP地址。
[2017-10-10 20:37:18] [INFO] [(4, '没有IP地址输入时的错误信息提示 ', 'Pass', '2017-10-10 20:36:48', '2017-10-10 20:37:18', '0:00:30', '')]
[2017-10-10 20:37:21] [INFO] <xlrd.book.Book object at 0x0000000003B68240>
[2017-10-10 20:37:21] [INFO] <xlwt.Workbook.Workbook object at 0x0000000003C908D0>
[2017-10-10 20:37:34] [INFO] [(5, '不填写密码时的提示信息是否正确 ', 'Pass', '2017-10-10 20:37:26', '2017-10-10 20:37:34', '0:00:08', '')]
[2017-10-10 20:37:37] [INFO] <xlrd.book.Book object at 0x0000000003B83668>
[2017-10-10 20:37:37] [INFO] <xlwt.Workbook.Workbook object at 0x0000000003BF4198>
[2017-10-10 20:37:50] [INFO] [(6, '登录密码错误时提示信息是否正确 ', 'Pass', '2017-10-10 20:37:42', '2017-10-10 20:37:50', '0:00:08', '')]
[2017-10-10 20:37:53] [INFO] <xlrd.book.Book object at 0x0000000003B83668>
[2017-10-10 20:37:53] [INFO] <xlwt.Workbook.Workbook object at 0x0000000003C0A518>
[2017-10-10 20:38:28] [INFO] 请输入子网掩码。
[2017-10-10 20:38:28] [INFO] [(7, '不输入子网掩码时的错误信息提示 ', 'Pass', '2017-10-10 20:37:58', '2017-10-10 20:38:28', '0:00:30', '')]
[2017-10-10 20:38:31] [INFO] <xlrd.book.Book object at 0x0000000003B68240>
[2017-10-10 20:38:31] [INFO] <xlwt.Workbook.Workbook object at 0x0000000003C13A90>
[2017-10-10 20:39:06] [INFO] 请输入默认网关地址。
[2017-10-10 20:39:06] [INFO] [(8, '不输入默认网关时的错误信息提示 ', 'Pass', '2017-10-10 20:38:36', '2017-10-10 20:39:06', '0:00:30', '')]
[2017-10-10 20:39:09] [INFO] <xlrd.book.Book object at 0x0000000003B68240>
[2017-10-10 20:39:09] [INFO] <xlwt.Workbook.Workbook object at 0x0000000003C16B00>
[2017-10-10 20:39:42] [INFO] IP地址含非法字符，请重新输入。
[2017-10-10 20:39:46] [INFO] IP地址含非法字符，请重新输入。
[2017-10-10 20:39:49] [INFO] IP地址含非法字符，请重新输入。
[2017-10-10 20:39:52] [INFO] IP地址含非法字符，请重新输入。
[2017-10-10 20:39:56] [INFO] IP地址格式错误，请重新输入。
[2017-10-10 20:39:59] [INFO] IP地址含非法字符，请重新输入。
[2017-10-10 20:39:59] [INFO] [(9, '非法格式的IP地址输入时提示信息检查 ', 'Pass', '2017-10-10 20:39:15', '2017-10-10 20:39:59', '0:00:44', '')]
[2017-10-10 20:40:02] [INFO] <xlrd.book.Book object at 0x0000000003B68208>
[2017-10-10 20:40:02] [INFO] <xlwt.Workbook.Workbook object at 0x0000000003C17A90>
[2017-10-10 20:40:37] [INFO] 子网掩码不正确，请重新输入。
[2017-10-10 20:40:43] [INFO] 子网掩码不正确，请重新输入。
[2017-10-10 20:40:48] [INFO] 子网掩码不正确，请重新输入。
[2017-10-10 20:40:53] [INFO] 子网掩码不正确，请重新输入。
[2017-10-10 20:40:59] [INFO] 子网掩码不正确，请重新输入。
[2017-10-10 20:41:04] [INFO] 子网掩码不正确，请重新输入。
[2017-10-10 20:41:04] [INFO] [(10, '非法格式的子网掩码输入时，提示信息检查 ', 'Pass', '2017-10-10 20:40:07', '2017-10-10 20:41:04', '0:00:57', '')]
[2017-10-10 20:41:07] [INFO] <xlrd.book.Book object at 0x0000000003B68208>
[2017-10-10 20:41:07] [INFO] <xlwt.Workbook.Workbook object at 0x0000000003CBC748>
[2017-10-10 20:41:43] [INFO] 默认网关错误，请重新输入。
[2017-10-10 20:41:48] [INFO] 默认网关错误，请重新输入。
[2017-10-10 20:41:53] [INFO] 默认网关错误，请重新输入。
[2017-10-10 20:41:59] [INFO] 默认网关错误，请重新输入。
[2017-10-10 20:42:04] [INFO] 默认网关错误，请重新输入。
[2017-10-10 20:42:09] [INFO] 默认网关错误，请重新输入。
[2017-10-10 20:42:09] [INFO] [(11, '非法格式的默认网关输入时，提示信息检查 ', 'Pass', '2017-10-10 20:41:12', '2017-10-10 20:42:09', '0:00:57', '')]
[2017-10-10 20:42:12] [INFO] <xlrd.book.Book object at 0x0000000003B68208>
[2017-10-10 20:42:12] [INFO] <xlwt.Workbook.Workbook object at 0x0000000003C1F7B8>
[2017-10-10 20:43:01] [INFO] [(12, '是否可以成功设置静态IP ', 'Pass', '2017-10-10 20:42:19', '2017-10-10 20:43:01', '0:00:42', '')]
[2017-10-10 20:43:01] [INFO] 测试完成后将上网方式恢复为自动获取
[2017-10-10 20:43:24] [INFO] <xlrd.book.Book object at 0x0000000003B69198>
[2017-10-10 20:43:24] [INFO] <xlwt.Workbook.Workbook object at 0x0000000003C19BE0>
[2017-10-10 20:43:51] [INFO] [(13, '是否能顺利跳转到lan页面 ', 'Pass', '2017-10-10 20:43:30', '2017-10-10 20:43:51', '0:00:21', '')]
[2017-10-10 20:43:54] [INFO] <xlrd.book.Book object at 0x0000000003B5A518>
[2017-10-10 20:43:54] [INFO] <xlwt.Workbook.Workbook object at 0x0000000003CABCF8>
[2017-10-10 20:44:15] [INFO] 默认的局域网地址:
[2017-10-10 20:44:15] [INFO] 默认的dhcp状态是：checkbox_off
[2017-10-10 20:44:15] [INFO] 默认的初始IP地址池：
[2017-10-10 20:44:15] [INFO] 默认的结束IP地址池： 
[2017-10-10 20:44:15] [INFO] [(14, 'lan页面默认项检查 ', 'Pass', '2017-10-10 20:43:59', '2017-10-10 20:44:15', '0:00:16', '')]
[2017-10-10 20:44:18] [INFO] <xlrd.book.Book object at 0x0000000003B69470>
[2017-10-10 20:44:18] [INFO] <xlwt.Workbook.Workbook object at 0x0000000003C8DDD8>
[2017-10-10 20:44:48] [INFO] [(15, 'lan页面不输入局域网地址时的提示语检查 ', 'Pass', '2017-10-10 20:44:23', '2017-10-10 20:44:48', '0:00:25', '')]
[2017-10-10 20:44:52] [INFO] <xlrd.book.Book object at 0x0000000003B6A438>
[2017-10-10 20:44:52] [INFO] <xlwt.Workbook.Workbook object at 0x0000000003C0EDD8>
[2017-10-10 20:45:20] [INFO] IP地址含非法字符，请重新输入。
[2017-10-10 20:45:22] [INFO] IP地址含非法字符，请重新输入。
[2017-10-10 20:45:25] [INFO] IP地址含非法字符，请重新输入。
[2017-10-10 20:45:27] [INFO] IP地址含非法字符，请重新输入。
[2017-10-10 20:45:29] [INFO] IP地址格式错误，请重新输入。
[2017-10-10 20:45:31] [INFO] IP地址含非法字符，请重新输入。
[2017-10-10 20:45:31] [INFO] [(16, 'lan页面输入格式错误的局域网地址时的提示语检查 ', 'Pass', '2017-10-10 20:44:57', '2017-10-10 20:45:31', '0:00:34', '')]
[2017-10-10 20:45:35] [INFO] <xlrd.book.Book object at 0x0000000003B694A8>
[2017-10-10 20:45:35] [INFO] <xlwt.Workbook.Workbook object at 0x0000000003C16F60>
[2017-10-10 20:47:08] [INFO] [(17, 'lan页面修改局域网地址是否可以成功 ', 'Pass', '2017-10-10 20:45:40', '2017-10-10 20:47:08', '0:01:28', '')]
[2017-10-10 20:47:08] [INFO] 测试完成后修改到原来的IP
[2017-10-10 20:48:24] [INFO] <xlrd.book.Book object at 0x0000000003B694A8>
[2017-10-10 20:48:24] [INFO] <xlwt.Workbook.Workbook object at 0x0000000003C4DD30>
[2017-10-10 20:49:02] [INFO] 地址池开始值错误，请重新输入。
[2017-10-10 20:49:02] [INFO] [(18, '开始IP地址非法时提示信息检查 ', 'Pass', '2017-10-10 20:48:31', '2017-10-10 20:49:02', '0:00:31', '')]
[2017-10-10 20:49:05] [INFO] <xlrd.book.Book object at 0x0000000003B5A4E0>
[2017-10-10 20:49:05] [INFO] <xlwt.Workbook.Workbook object at 0x0000000003C16160>
[2017-10-10 20:49:40] [INFO] 地址池结束值错误，请重新输入。
[2017-10-10 20:49:40] [INFO] [(19, '结束IP地址非法时提示信息检查 ', 'Pass', '2017-10-10 20:49:11', '2017-10-10 20:49:40', '0:00:29', '')]
[2017-10-10 20:49:43] [INFO] <xlrd.book.Book object at 0x0000000003B694A8>
[2017-10-10 20:49:43] [INFO] <xlwt.Workbook.Workbook object at 0x0000000003C16160>
[2017-10-10 20:50:19] [INFO] 地址池结束值不能小于开始值，请重新输入。
[2017-10-10 20:50:19] [INFO] [(20, '开始IP地址大于结束IP地址时，提示语检查 ', 'Pass', '2017-10-10 20:49:48', '2017-10-10 20:50:19', '0:00:31', '')]
[2017-10-10 20:50:22] [INFO] <xlrd.book.Book object at 0x0000000003B5A4E0>
[2017-10-10 20:50:22] [INFO] <xlwt.Workbook.Workbook object at 0x0000000003C16208>
[2017-10-10 20:51:04] [INFO] [(21, '开始ip地址和结束IP地址都合法时，是否可以成功保存 ', 'Pass', '2017-10-10 20:50:28', '2017-10-10 20:51:04', '0:00:36', '')]
[2017-10-10 20:51:07] [INFO] <xlrd.book.Book object at 0x0000000003B5A4E0>
[2017-10-10 20:51:07] [INFO] <xlwt.Workbook.Workbook object at 0x0000000003C97278>
[2017-10-10 20:51:37] [INFO] [(22, 'DHCP 能否被正确关闭 ', 'Pass', '2017-10-10 20:51:12', '2017-10-10 20:51:37', '0:00:25', '')]
[2017-10-10 20:51:41] [INFO] <xlrd.book.Book object at 0x0000000003B694A8>
[2017-10-10 20:51:41] [INFO] <xlwt.Workbook.Workbook object at 0x0000000003C13160>
[2017-10-10 20:52:03] [INFO] [(23, '是否能顺利跳转到无线wifi设置界面 ', 'Pass', '2017-10-10 20:51:45', '2017-10-10 20:52:03', '0:00:18', '')]
[2017-10-10 20:52:06] [INFO] <xlrd.book.Book object at 0x0000000003B6E0F0>
[2017-10-10 20:52:06] [INFO] <xlwt.Workbook.Workbook object at 0x0000000003C0CCC0>
[2017-10-10 20:52:33] [INFO] wifiname:frt_test
[2017-10-10 20:52:33] [INFO] wifiname:iot123321
[2017-10-10 20:52:33] [INFO] [(24, 'wifi页面默认项检查 ', 'Pass', '2017-10-10 20:52:13', '2017-10-10 20:52:33', '0:00:20', '')]
[2017-10-10 20:52:36] [INFO] <xlrd.book.Book object at 0x0000000003B6D0B8>
[2017-10-10 20:52:36] [INFO] <xlwt.Workbook.Workbook object at 0x0000000003C0DCF8>
[2017-10-10 20:56:50] [INFO] [(25, 'wifi名称各种组合是否支持 ', 'Pass', '2017-10-10 20:52:43', '2017-10-10 20:56:50', '0:04:07', '')]
[2017-10-10 20:56:53] [INFO] <xlrd.book.Book object at 0x0000000003B6D0F0>
[2017-10-10 20:56:53] [INFO] <xlwt.Workbook.Workbook object at 0x0000000003CD2DA0>
[2017-10-10 20:57:16] [INFO] 请输入2.4G无线名称。
[2017-10-10 20:57:16] [INFO] [(26, '不输入wifi名称时的提示语检查 ', 'Pass', '2017-10-10 20:56:58', '2017-10-10 20:57:16', '0:00:18', '')]
[2017-10-10 20:57:19] [INFO] <xlrd.book.Book object at 0x0000000003B6E048>
[2017-10-10 20:57:19] [INFO] <xlwt.Workbook.Workbook object at 0x0000000003C10E80>
[2017-10-10 20:58:07] [INFO] [(27, '不输入wifi密码时是否可以保存成功 ', 'Pass', '2017-10-10 20:57:24', '2017-10-10 20:58:07', '0:00:43', '')]
[2017-10-10 20:58:07] [INFO] 测试完成后恢复wifi密码
[2017-10-10 20:58:32] [INFO] <xlrd.book.Book object at 0x0000000003B6E080>
[2017-10-10 20:58:32] [INFO] <xlwt.Workbook.Workbook object at 0x0000000003C23048>
[2017-10-10 20:59:11] [INFO] [(28, '输入错误格式的wifi 密码，提示语检查 ', 'Pass', '2017-10-10 20:58:38', '2017-10-10 20:59:11', '0:00:33', '')]
[2017-10-10 20:59:11] [INFO] 测试完成恢复wifi密码
[2017-10-10 20:59:37] [INFO] <xlrd.book.Book object at 0x0000000003B6E080>
[2017-10-10 20:59:37] [INFO] <xlwt.Workbook.Workbook object at 0x0000000003C20048>
[2017-10-10 21:02:15] [INFO] [(29, '是否支持各种格式的wifi密码 ', 'Pass', '2017-10-10 20:59:42', '2017-10-10 21:02:15', '0:02:33', '')]
[2017-10-10 21:02:15] [INFO] 测试完成恢复wifi密码
[2017-10-10 21:02:53] [INFO] no found
[2017-10-10 21:02:53] [INFO] no found
[2017-10-10 21:02:53] [INFO] no found
[2017-10-10 21:02:53] [INFO] no found
[2017-10-10 21:02:53] [INFO] no found
[2017-10-10 21:02:53] [INFO] no found
[2017-10-10 21:02:53] [INFO] no found
[2017-10-10 21:02:53] [INFO] no found
[2017-10-10 21:02:53] [INFO] no found
[2017-10-10 21:02:53] [INFO] no found
[2017-10-10 21:02:53] [INFO] no found
[2017-10-10 21:02:53] [INFO] no found
[2017-10-10 21:02:53] [INFO] no found
[2017-10-10 21:02:53] [INFO] no found
[2017-10-10 21:02:53] [INFO] no found
[2017-10-10 21:02:53] [INFO] no found
[2017-10-10 21:02:53] [INFO] no found
[2017-10-10 21:02:53] [INFO] no found
[2017-10-10 21:02:53] [INFO] no found
[2017-10-10 21:02:53] [INFO] no found
[2017-10-10 21:02:53] [INFO] no found
[2017-10-10 21:02:53] [INFO] no found
[2017-10-10 21:02:53] [INFO] no found
[2017-10-10 21:02:53] [INFO] no found
[2017-10-10 21:02:53] [INFO] no found
[2017-10-10 21:02:53] [INFO] no found
[2017-10-10 21:02:53] [INFO] no found
[2017-10-10 21:02:53] [INFO] no found
[2017-10-10 21:02:53] [INFO] no found
[2017-10-10 21:02:53] [INFO] no found
[2017-10-10 21:02:53] [INFO] no found
[2017-10-10 21:02:53] [INFO] no found
[2017-10-10 21:02:53] [INFO] no found
[2017-10-10 21:02:53] [INFO] no found
[2017-10-10 21:02:53] [INFO] no found
[2017-10-10 21:02:53] [INFO] no found
[2017-10-10 21:02:53] [INFO] no found
[2017-10-10 21:02:53] [INFO] no found
[2017-10-10 21:02:53] [INFO] no found
[2017-10-10 21:02:53] [INFO] no found
[2017-10-10 21:02:53] [INFO] no found
[2017-10-10 21:02:53] [INFO] no found
[2017-10-10 21:02:53] [INFO] no found
[2017-10-10 21:02:53] [INFO] no found
[2017-10-10 21:02:53] [INFO] no found
[2017-10-10 21:02:53] [INFO] no found
[2017-10-10 21:02:53] [INFO] no found
[2017-10-10 21:02:53] [INFO] no found
[2017-10-10 21:02:53] [INFO] no found
[2017-10-10 21:02:53] [INFO] no found
[2017-10-10 21:02:53] [INFO] no found
[2017-10-10 21:02:53] [INFO] no found
[2017-10-10 21:02:53] [INFO] no found
[2017-10-10 21:02:53] [INFO] no found
[2017-10-10 21:02:53] [INFO] no found
[2017-10-10 21:02:53] [INFO] no found
[2017-10-10 21:02:53] [INFO] no found
[2017-10-10 21:02:53] [INFO] no found
[2017-10-10 21:02:53] [INFO] no found
[2017-10-10 21:02:53] [INFO] no found
[2017-10-10 21:02:53] [INFO] no found
[2017-10-10 21:02:53] [INFO] no found
[2017-10-10 21:02:53] [INFO] no found
[2017-10-10 21:02:53] [INFO] no found
[2017-10-10 21:02:53] [INFO] no found
[2017-10-10 21:02:53] [INFO] no found
[2017-10-10 21:02:53] [INFO] no found
[2017-10-10 21:02:53] [INFO] no found
[2017-10-10 21:02:53] [INFO] no found
[2017-10-10 21:02:53] [INFO] no found
[2017-10-10 21:02:53] [INFO] no found
[2017-10-10 21:02:53] [INFO] no found
[2017-10-10 21:02:53] [INFO] no found
[2017-10-10 21:02:53] [INFO] no found
[2017-10-10 21:02:53] [INFO] no found
[2017-10-10 21:02:53] [INFO] no found
[2017-10-10 21:02:53] [INFO] no found
[2017-10-10 21:02:53] [INFO] no found
[2017-10-10 21:02:53] [INFO] no found
[2017-10-10 21:02:53] [INFO] no found
[2017-10-10 21:02:53] [INFO] no found
[2017-10-10 21:02:53] [INFO] no found
[2017-10-10 21:02:53] [INFO] no found
[2017-10-10 21:02:53] [INFO] no found
[2017-10-10 21:02:53] [INFO] no found
[2017-10-10 21:02:53] [INFO] no found
[2017-10-10 21:02:53] [INFO] no found
[2017-10-10 21:02:53] [INFO] no found
[2017-10-10 21:02:53] [INFO] no found
[2017-10-10 21:02:53] [INFO] no found
[2017-10-10 21:02:53] [INFO] no found
[2017-10-10 21:02:53] [INFO] no found
[2017-10-10 21:02:53] [INFO] no found
[2017-10-10 21:02:53] [INFO] no found
[2017-10-10 21:02:53] [INFO] no found
[2017-10-10 21:02:53] [INFO] no found
[2017-10-10 21:02:53] [INFO] no found
[2017-10-10 21:02:53] [INFO] no found
[2017-10-10 21:02:53] [INFO] no found
[2017-10-10 21:02:53] [INFO] no found
[2017-10-10 21:02:53] [INFO] no found
[2017-10-10 21:02:53] [INFO] no found
[2017-10-10 21:02:53] [INFO] no found
[2017-10-10 21:02:53] [INFO] no found
[2017-10-10 21:02:53] [INFO] no found
[2017-10-10 21:02:53] [INFO] no found
[2017-10-10 21:02:53] [INFO] no found
[2017-10-10 21:02:53] [INFO] no found
[2017-10-10 21:02:53] [INFO] no found
[2017-10-10 21:02:53] [INFO] no found
[2017-10-10 21:02:53] [INFO] no found
[2017-10-10 21:02:53] [INFO] no found
[2017-10-10 21:02:53] [INFO] no found
[2017-10-10 21:02:53] [INFO] no found
[2017-10-10 21:02:53] [INFO] no found
[2017-10-10 21:02:53] [INFO] no found
[2017-10-10 21:02:53] [INFO] no found
[2017-10-10 21:02:53] [INFO] no found
[2017-10-10 21:02:53] [INFO] no found
[2017-10-10 21:02:53] [INFO] no found
[2017-10-10 21:02:53] [INFO] no found
[2017-10-10 21:02:53] [INFO] no found
[2017-10-10 21:02:53] [INFO] no found
[2017-10-10 21:02:53] [INFO] no found
[2017-10-10 21:02:53] [INFO] no found
[2017-10-10 21:02:53] [INFO] no found
[2017-10-10 21:02:53] [INFO] no found
[2017-10-10 21:02:53] [INFO] no found
[2017-10-10 21:02:53] [INFO] no found
[2017-10-10 21:02:53] [INFO] [(30, '关闭wifi 后，查看电脑的无线列表 ', 'Pass', '2017-10-10 21:02:27', '2017-10-10 21:02:53', '0:00:26', '')]
[2017-10-10 21:02:53] [INFO] 测试完成后恢复到wifi打开的状态
[2017-10-10 21:03:01] [INFO] <xlrd.book.Book object at 0x0000000003B6D0F0>
[2017-10-10 21:03:01] [INFO] <xlwt.Workbook.Workbook object at 0x0000000003C1D080>
[2017-10-10 21:03:59] [INFO] no found
[2017-10-10 21:03:59] [INFO] no found
[2017-10-10 21:03:59] [INFO] no found
[2017-10-10 21:03:59] [INFO] no found
[2017-10-10 21:03:59] [INFO] no found
[2017-10-10 21:03:59] [INFO] no found
[2017-10-10 21:03:59] [INFO] no found
[2017-10-10 21:03:59] [INFO] no found
[2017-10-10 21:03:59] [INFO] no found
[2017-10-10 21:03:59] [INFO] no found
[2017-10-10 21:03:59] [INFO] no found
[2017-10-10 21:03:59] [INFO] no found
[2017-10-10 21:03:59] [INFO] no found
[2017-10-10 21:03:59] [INFO] no found
[2017-10-10 21:03:59] [INFO] no found
[2017-10-10 21:03:59] [INFO] no found
[2017-10-10 21:03:59] [INFO] no found
[2017-10-10 21:03:59] [INFO] no found
[2017-10-10 21:03:59] [INFO] no found
[2017-10-10 21:03:59] [INFO] no found
[2017-10-10 21:03:59] [INFO] no found
[2017-10-10 21:03:59] [INFO] no found
[2017-10-10 21:03:59] [INFO] no found
[2017-10-10 21:03:59] [INFO] no found
[2017-10-10 21:03:59] [INFO] no found
[2017-10-10 21:03:59] [INFO] no found
[2017-10-10 21:03:59] [INFO] no found
[2017-10-10 21:03:59] [INFO] no found
[2017-10-10 21:03:59] [INFO] no found
[2017-10-10 21:03:59] [INFO] no found
[2017-10-10 21:03:59] [INFO] no found
[2017-10-10 21:03:59] [INFO] no found
[2017-10-10 21:03:59] [INFO] no found
[2017-10-10 21:03:59] [INFO] no found
[2017-10-10 21:03:59] [INFO] no found
[2017-10-10 21:03:59] [INFO] no found
[2017-10-10 21:03:59] [INFO] no found
[2017-10-10 21:03:59] [INFO] no found
[2017-10-10 21:03:59] [INFO] no found
[2017-10-10 21:03:59] [INFO] no found
[2017-10-10 21:03:59] [INFO] no found
[2017-10-10 21:03:59] [INFO] no found
[2017-10-10 21:03:59] [INFO] no found
[2017-10-10 21:03:59] [INFO] no found
[2017-10-10 21:03:59] [INFO] no found
[2017-10-10 21:03:59] [INFO] no found
[2017-10-10 21:03:59] [INFO] no found
[2017-10-10 21:03:59] [INFO] no found
[2017-10-10 21:03:59] [INFO] no found
[2017-10-10 21:03:59] [INFO] no found
[2017-10-10 21:03:59] [INFO] no found
[2017-10-10 21:03:59] [INFO] no found
[2017-10-10 21:03:59] [INFO] no found
[2017-10-10 21:03:59] [INFO] no found
[2017-10-10 21:03:59] [INFO] no found
[2017-10-10 21:03:59] [INFO] no found
[2017-10-10 21:03:59] [INFO] no found
[2017-10-10 21:03:59] [INFO] no found
[2017-10-10 21:03:59] [INFO] no found
[2017-10-10 21:03:59] [INFO] [(31, '关闭SSID,查看电脑列表能否搜索到wifi名称 ', 'Pass', '2017-10-10 21:03:07', '2017-10-10 21:03:59', '0:00:52', '')]
[2017-10-10 21:03:59] [INFO] 测试完成后关闭ssid隐藏
[2017-10-10 21:04:23] [INFO] <xlrd.book.Book object at 0x0000000003B6C0F0>
[2017-10-10 21:04:23] [INFO] <xlwt.Workbook.Workbook object at 0x0000000003C18128>
[2017-10-10 21:04:51] [INFO] [(32, '不输入原密码时的提示信息检查 ', 'Pass', '2017-10-10 21:04:28', '2017-10-10 21:04:51', '0:00:23', '')]
[2017-10-10 21:04:54] [INFO] <xlrd.book.Book object at 0x0000000003B82DD8>
[2017-10-10 21:04:54] [INFO] <xlwt.Workbook.Workbook object at 0x0000000003C18DD8>
[2017-10-10 21:05:26] [INFO] [(33, '不输入新密码时的提示信息检查 ', 'Pass', '2017-10-10 21:05:00', '2017-10-10 21:05:26', '0:00:26', '')]
[2017-10-10 21:05:29] [INFO] <xlrd.book.Book object at 0x0000000003B82E48>
[2017-10-10 21:05:29] [INFO] <xlwt.Workbook.Workbook object at 0x0000000003CBAEF0>
[2017-10-10 21:06:00] [INFO] [(34, '确认密码不输入时提示信息检查 ', 'Pass', '2017-10-10 21:05:34', '2017-10-10 21:06:00', '0:00:26', '')]
[2017-10-10 21:06:03] [INFO] <xlrd.book.Book object at 0x0000000003BBB978>
[2017-10-10 21:06:03] [INFO] <xlwt.Workbook.Workbook object at 0x0000000003CA2240>
[2017-10-10 21:06:33] [INFO] [(35, '确认密码与新密码不一致时的提示信息检查 ', 'Pass', '2017-10-10 21:06:08', '2017-10-10 21:06:33', '0:00:25', '')]
[2017-10-10 21:06:36] [INFO] <xlrd.book.Book object at 0x0000000003BBA710>
[2017-10-10 21:06:36] [INFO] <xlwt.Workbook.Workbook object at 0x0000000003C242B0>
[2017-10-10 21:07:07] [INFO] [(36, '原密码错误时提示信息检查 ', 'Pass', '2017-10-10 21:06:41', '2017-10-10 21:07:07', '0:00:26', '')]
[2017-10-10 21:07:10] [INFO] <xlrd.book.Book object at 0x0000000003BBA9B0>
[2017-10-10 21:07:10] [INFO] <xlwt.Workbook.Workbook object at 0x0000000003CA4278>
[2017-10-10 21:07:40] [INFO] [(37, '新密码格式错误时提示信息检查 ', 'Pass', '2017-10-10 21:07:15', '2017-10-10 21:07:40', '0:00:25', '')]
[2017-10-10 21:07:43] [INFO] <xlrd.book.Book object at 0x0000000003B82E80>
[2017-10-10 21:07:43] [INFO] <xlwt.Workbook.Workbook object at 0x0000000003C21048>
[2017-10-10 21:08:44] [INFO] [(38, '修改登录密码查看是否可以登录成功', 'Pass', '2017-10-10 21:07:48', '2017-10-10 21:08:44', '0:00:56', '')]
[2017-10-10 21:08:44] [INFO] 测试完成恢复登录密码
[2017-10-10 21:08:59] [INFO] <xlrd.book.Book object at 0x0000000003B82E10>
[2017-10-10 21:08:59] [INFO] <xlwt.Workbook.Workbook object at 0x0000000003CA9DA0>
[2017-10-10 21:09:36] [INFO] [(39, '检查时区能否正确改变 ', 'Pass', '2017-10-10 21:09:06', '2017-10-10 21:09:36', '0:00:30', '')]
[2017-10-10 21:09:36] [INFO] 测试完成恢复时区
[2017-10-10 21:09:41] [INFO] <xlrd.book.Book object at 0x0000000003B83E10>
[2017-10-10 21:09:41] [INFO] <xlwt.Workbook.Workbook object at 0x0000000003CCEE80>
[2017-10-10 21:10:14] [INFO] ./upgrade/upload.exe E:\wifitest\upgrade\eeee.png
[2017-10-10 21:10:14] [INFO] 开始用autoit3脚本控制选择本地文件
[2017-10-10 21:10:28] [INFO] [(41, '重启路由器 ', 'Pass', '2017-10-10 21:09:46', '2017-10-10 21:10:28', '0:00:42', '')]
[2017-10-10 21:10:31] [INFO] <xlrd.book.Book object at 0x0000000003B82E48>
[2017-10-10 21:10:31] [INFO] <xlwt.Workbook.Workbook object at 0x0000000003CB00B8>
[2017-10-10 21:12:26] [INFO] [(41, '重启功能检查 ', 'Pass', '2017-10-10 21:10:36', '2017-10-10 21:12:26', '0:01:50', '')]
[2017-10-10 21:12:29] [INFO] <xlrd.book.Book object at 0x0000000003B82E48>
[2017-10-10 21:12:29] [INFO] <xlwt.Workbook.Workbook object at 0x0000000003C4C0F0>
[2017-10-10 21:13:02] [INFO] [(42, '取消重启检查 ', 'Pass', '2017-10-10 21:12:36', '2017-10-10 21:13:02', '0:00:26', '')]
[2017-10-10 21:13:05] [INFO] <xlrd.book.Book object at 0x0000000003B82E48>
[2017-10-10 21:13:05] [INFO] <xlwt.Workbook.Workbook object at 0x0000000003D2F128>
[2017-10-10 21:13:27] [INFO] [(43, '退出系统 ', 'Pass', '2017-10-10 21:13:11', '2017-10-10 21:13:27', '0:00:16', '')]
[2017-10-10 21:13:30] [INFO] <xlrd.book.Book object at 0x0000000003B826D8>
[2017-10-10 21:13:30] [INFO] <xlwt.Workbook.Workbook object at 0x0000000003C11240>
[2017-10-10 21:13:30] [INFO] 发送邮件
