[2017-10-11 17:09:55] [INFO] test_goto_login: test START 
[2017-10-11 17:09:59] [INFO] [(1, '登录页面跳转测试 ', 'Pass', '2017-10-11 17:09:55', '2017-10-11 17:09:59', '0:00:04', '')]
[2017-10-11 17:10:02] [INFO] <xlrd.book.Book object at 0x0000000003B86518>
[2017-10-11 17:10:02] [INFO] <xlwt.Workbook.Workbook object at 0x0000000003C02F98>
[2017-10-11 17:10:25] [INFO] [(2, '正确密码是否可成功登录测试 ', 'Pass', '2017-10-11 17:10:09', '2017-10-11 17:10:25', '0:00:16', '')]
[2017-10-11 17:10:28] [INFO] <xlrd.book.Book object at 0x0000000003B87550>
[2017-10-11 17:10:28] [INFO] <xlwt.Workbook.Workbook object at 0x0000000003C990B8>
[2017-10-11 17:10:53] [INFO] [(3, '是否能顺利跳转到wan 界面 ', 'Pass', '2017-10-11 17:10:35', '2017-10-11 17:10:53', '0:00:18', '')]
[2017-10-11 17:10:56] [INFO] <xlrd.book.Book object at 0x0000000003B8A0B8>
[2017-10-11 17:10:56] [INFO] <xlwt.Workbook.Workbook object at 0x0000000003D1C5C0>
[2017-10-11 17:11:37] [INFO] 请输入IP地址。
[2017-10-11 17:11:37] [INFO] [(4, '没有IP地址输入时的错误信息提示 ', 'Pass', '2017-10-11 17:11:03', '2017-10-11 17:11:37', '0:00:34', '')]
[2017-10-11 17:11:40] [INFO] <xlrd.book.Book object at 0x0000000003B6A128>
[2017-10-11 17:11:40] [INFO] <xlwt.Workbook.Workbook object at 0x0000000003CB18D0>
[2017-10-11 17:12:01] [INFO] [(5, '不填写密码时的提示信息是否正确 ', 'Pass', '2017-10-11 17:11:46', '2017-10-11 17:12:01', '0:00:15', '')]
[2017-10-11 17:12:05] [INFO] <xlrd.book.Book object at 0x0000000003B87550>
[2017-10-11 17:12:05] [INFO] <xlwt.Workbook.Workbook object at 0x0000000003C09710>
[2017-10-11 17:12:24] [INFO] [(6, '登录密码错误时提示信息是否正确 ', 'Pass', '2017-10-11 17:12:11', '2017-10-11 17:12:24', '0:00:13', '')]
[2017-10-11 17:12:27] [INFO] <xlrd.book.Book object at 0x0000000003B874E0>
[2017-10-11 17:12:27] [INFO] <xlwt.Workbook.Workbook object at 0x0000000003CBA438>
[2017-10-11 17:13:18] [INFO] 请输入子网掩码。
[2017-10-11 17:13:18] [INFO] [(7, '不输入子网掩码时的错误信息提示 ', 'Pass', '2017-10-11 17:12:33', '2017-10-11 17:13:18', '0:00:45', '')]
[2017-10-11 17:13:21] [INFO] <xlrd.book.Book object at 0x0000000003B680F0>
[2017-10-11 17:13:21] [INFO] <xlwt.Workbook.Workbook object at 0x0000000003CB2A58>
[2017-10-11 17:14:12] [INFO] 请输入默认网关地址。
[2017-10-11 17:14:12] [INFO] [(8, '不输入默认网关时的错误信息提示 ', 'Pass', '2017-10-11 17:13:27', '2017-10-11 17:14:12', '0:00:45', '')]
[2017-10-11 17:14:15] [INFO] <xlrd.book.Book object at 0x0000000003B68128>
[2017-10-11 17:14:15] [INFO] <xlwt.Workbook.Workbook object at 0x0000000003C16B38>
[2017-10-11 17:15:06] [INFO] IP地址含非法字符，请重新输入。
[2017-10-11 17:15:15] [INFO] IP地址含非法字符，请重新输入。
[2017-10-11 17:15:23] [INFO] IP地址含非法字符，请重新输入。
[2017-10-11 17:15:31] [INFO] IP地址含非法字符，请重新输入。
[2017-10-11 17:15:39] [INFO] IP地址格式错误，请重新输入。
[2017-10-11 17:15:48] [INFO] IP地址含非法字符，请重新输入。
[2017-10-11 17:15:48] [INFO] [(9, '非法格式的IP地址输入时提示信息检查 ', 'Pass', '2017-10-11 17:14:21', '2017-10-11 17:15:48', '0:01:27', '')]
[2017-10-11 17:15:51] [INFO] <xlrd.book.Book object at 0x0000000003B6B128>
[2017-10-11 17:15:51] [INFO] <xlwt.Workbook.Workbook object at 0x0000000003C96B38>
[2017-10-11 17:16:42] [INFO] 子网掩码不正确，请重新输入。
[2017-10-11 17:16:53] [INFO] 子网掩码不正确，请重新输入。
[2017-10-11 17:17:03] [INFO] 子网掩码不正确，请重新输入。
[2017-10-11 17:17:14] [INFO] 子网掩码不正确，请重新输入。
[2017-10-11 17:17:24] [INFO] 子网掩码不正确，请重新输入。
[2017-10-11 17:17:34] [INFO] 子网掩码不正确，请重新输入。
[2017-10-11 17:17:34] [INFO] [(10, '非法格式的子网掩码输入时，提示信息检查 ', 'Pass', '2017-10-11 17:15:57', '2017-10-11 17:17:34', '0:01:37', '')]
[2017-10-11 17:17:37] [INFO] <xlrd.book.Book object at 0x0000000003B6A0F0>
[2017-10-11 17:17:37] [INFO] <xlwt.Workbook.Workbook object at 0x0000000003C19710>
[2017-10-11 17:18:31] [INFO] 默认网关错误，请重新输入。
[2017-10-11 17:18:41] [INFO] 默认网关错误，请重新输入。
[2017-10-11 17:18:52] [INFO] 默认网关错误，请重新输入。
[2017-10-11 17:19:02] [INFO] 默认网关错误，请重新输入。
[2017-10-11 17:19:12] [INFO] 默认网关错误，请重新输入。
[2017-10-11 17:19:23] [INFO] 默认网关错误，请重新输入。
[2017-10-11 17:19:23] [INFO] [(11, '非法格式的默认网关输入时，提示信息检查 ', 'Pass', '2017-10-11 17:17:44', '2017-10-11 17:19:23', '0:01:39', '')]
[2017-10-11 17:19:26] [INFO] <xlrd.book.Book object at 0x0000000003B6B0F0>
[2017-10-11 17:19:26] [INFO] <xlwt.Workbook.Workbook object at 0x0000000003C1F7F0>
[2017-10-11 17:20:13] [INFO] [(12, '是否可以成功设置静态IP ', 'Pass', '2017-10-11 17:19:31', '2017-10-11 17:20:13', '0:00:42', '')]
[2017-10-11 17:20:13] [INFO] 测试完成后将上网方式恢复为自动获取
[2017-10-11 17:20:37] [INFO] <xlrd.book.Book object at 0x0000000003B6A0B8>
[2017-10-11 17:20:37] [INFO] <xlwt.Workbook.Workbook object at 0x0000000003C17CC0>
[2017-10-11 17:21:23] [INFO] [(13, '是否能顺利跳转到lan页面 ', 'Pass', '2017-10-11 17:20:45', '2017-10-11 17:21:23', '0:00:38', '')]
[2017-10-11 17:21:26] [INFO] <xlrd.book.Book object at 0x0000000003B69400>
[2017-10-11 17:21:26] [INFO] <xlwt.Workbook.Workbook object at 0x0000000003C0BD68>
[2017-10-11 17:22:04] [INFO] 默认的局域网地址:
[2017-10-11 17:22:04] [INFO] 默认的dhcp状态是：checkbox_off
[2017-10-11 17:22:04] [INFO] 默认的初始IP地址池：
[2017-10-11 17:22:04] [INFO] 默认的结束IP地址池： 
[2017-10-11 17:22:04] [INFO] [(14, 'lan页面默认项检查 ', 'Pass', '2017-10-11 17:21:31', '2017-10-11 17:22:04', '0:00:33', '')]
[2017-10-11 17:22:07] [INFO] <xlrd.book.Book object at 0x0000000003B69160>
[2017-10-11 17:22:07] [INFO] <xlwt.Workbook.Workbook object at 0x0000000003C8CE10>
[2017-10-11 17:23:03] [INFO] [(15, 'lan页面不输入局域网地址时的提示语检查 ', 'Pass', '2017-10-11 17:22:13', '2017-10-11 17:23:02', '0:00:49', '')]
[2017-10-11 17:23:06] [INFO] <xlrd.book.Book object at 0x0000000003B69390>
[2017-10-11 17:23:06] [INFO] <xlwt.Workbook.Workbook object at 0x0000000003C8FEB8>
[2017-10-11 17:23:59] [INFO] IP地址含非法字符，请重新输入。
[2017-10-11 17:24:06] [INFO] IP地址含非法字符，请重新输入。
[2017-10-11 17:24:13] [INFO] IP地址含非法字符，请重新输入。
[2017-10-11 17:24:21] [INFO] IP地址含非法字符，请重新输入。
[2017-10-11 17:24:28] [INFO] IP地址格式错误，请重新输入。
[2017-10-11 17:24:35] [INFO] IP地址含非法字符，请重新输入。
[2017-10-11 17:24:35] [INFO] [(16, 'lan页面输入格式错误的局域网地址时的提示语检查 ', 'Pass', '2017-10-11 17:23:13', '2017-10-11 17:24:35', '0:01:22', '')]
[2017-10-11 17:24:38] [INFO] <xlrd.book.Book object at 0x0000000003B69390>
[2017-10-11 17:24:38] [INFO] <xlwt.Workbook.Workbook object at 0x0000000003CA9048>
[2017-10-11 17:26:34] [INFO] [(17, 'lan页面修改局域网地址是否可以成功 ', 'Pass', '2017-10-11 17:24:43', '2017-10-11 17:26:34', '0:01:51', '')]
[2017-10-11 17:26:34] [INFO] 测试完成后修改到原来的IP
[2017-10-11 17:28:11] [INFO] <xlrd.book.Book object at 0x0000000003B693C8>
[2017-10-11 17:28:11] [INFO] <xlwt.Workbook.Workbook object at 0x0000000003CEDDA0>
[2017-10-11 17:29:11] [INFO] 地址池开始值错误，请重新输入。
[2017-10-11 17:29:11] [INFO] [(18, '开始IP地址非法时提示信息检查 ', 'Pass', '2017-10-11 17:28:18', '2017-10-11 17:29:11', '0:00:53', '')]
[2017-10-11 17:29:14] [INFO] <xlrd.book.Book object at 0x0000000003B693C8>
[2017-10-11 17:29:14] [INFO] <xlwt.Workbook.Workbook object at 0x0000000003CC6198>
[2017-10-11 17:30:10] [INFO] 地址池结束值错误，请重新输入。
[2017-10-11 17:30:10] [INFO] [(19, '结束IP地址非法时提示信息检查 ', 'Pass', '2017-10-11 17:29:19', '2017-10-11 17:30:10', '0:00:51', '')]
[2017-10-11 17:30:13] [INFO] <xlrd.book.Book object at 0x0000000003B69320>
[2017-10-11 17:30:13] [INFO] <xlwt.Workbook.Workbook object at 0x0000000003CB6160>
[2017-10-11 17:30:51] [INFO] 地址池结束值不能小于开始值，请重新输入。
[2017-10-11 17:30:51] [INFO] [(20, '开始IP地址大于结束IP地址时，提示语检查 ', 'Pass', '2017-10-11 17:30:19', '2017-10-11 17:30:51', '0:00:32', '')]
[2017-10-11 17:30:54] [INFO] <xlrd.book.Book object at 0x0000000003B693C8>
[2017-10-11 17:30:54] [INFO] <xlwt.Workbook.Workbook object at 0x0000000003C16278>
[2017-10-11 17:31:37] [INFO] [(21, '开始ip地址和结束IP地址都合法时，是否可以成功保存 ', 'Pass', '2017-10-11 17:31:00', '2017-10-11 17:31:37', '0:00:37', '')]
[2017-10-11 17:31:41] [INFO] <xlrd.book.Book object at 0x0000000003B693C8>
[2017-10-11 17:31:41] [INFO] <xlwt.Workbook.Workbook object at 0x0000000003C15320>
[2017-10-11 17:32:14] [INFO] [(22, 'DHCP 能否被正确关闭 ', 'Pass', '2017-10-11 17:31:46', '2017-10-11 17:32:14', '0:00:28', '')]
[2017-10-11 17:32:17] [INFO] <xlrd.book.Book object at 0x0000000003B69358>
[2017-10-11 17:32:17] [INFO] <xlwt.Workbook.Workbook object at 0x0000000003C121D0>
[2017-10-11 17:32:39] [INFO] [(23, '是否能顺利跳转到无线wifi设置界面 ', 'Pass', '2017-10-11 17:32:22', '2017-10-11 17:32:39', '0:00:17', '')]
[2017-10-11 17:32:42] [INFO] <xlrd.book.Book object at 0x0000000003B4CEF0>
[2017-10-11 17:32:42] [INFO] <xlwt.Workbook.Workbook object at 0x0000000003C8ECC0>
[2017-10-11 17:33:05] [INFO] wifiname:frt_test
[2017-10-11 17:33:05] [INFO] wifiname:iot123321
[2017-10-11 17:33:05] [INFO] [(24, 'wifi页面默认项检查 ', 'Pass', '2017-10-11 17:32:48', '2017-10-11 17:33:05', '0:00:17', '')]
[2017-10-11 17:33:08] [INFO] <xlrd.book.Book object at 0x0000000003B4CF60>
[2017-10-11 17:33:08] [INFO] <xlwt.Workbook.Workbook object at 0x0000000003C9CE10>
[2017-10-11 17:37:55] [INFO] [(25, 'wifi名称各种组合是否支持 ', 'Pass', '2017-10-11 17:33:13', '2017-10-11 17:37:55', '0:04:42', '')]
[2017-10-11 17:37:58] [INFO] <xlrd.book.Book object at 0x0000000003B4CFD0>
[2017-10-11 17:37:58] [INFO] <xlwt.Workbook.Workbook object at 0x0000000003D51F28>
[2017-10-11 17:38:26] [INFO] 请输入2.4G无线名称。
[2017-10-11 17:38:26] [INFO] [(26, '不输入wifi名称时的提示语检查 ', 'Pass', '2017-10-11 17:38:04', '2017-10-11 17:38:26', '0:00:22', '')]
[2017-10-11 17:38:29] [INFO] <xlrd.book.Book object at 0x0000000003B4CF60>
[2017-10-11 17:38:29] [INFO] <xlwt.Workbook.Workbook object at 0x0000000003CA0F60>
[2017-10-11 17:39:37] [INFO] [(27, '不输入wifi密码时是否可以保存成功 ', 'Pass', '2017-10-11 17:38:34', '2017-10-11 17:39:37', '0:01:03', '')]
[2017-10-11 17:39:37] [INFO] 测试完成后恢复wifi密码
[2017-10-11 17:40:13] [INFO] <xlrd.book.Book object at 0x0000000003B4BF60>
[2017-10-11 17:40:13] [INFO] <xlwt.Workbook.Workbook object at 0x0000000003C22160>
[2017-10-11 17:40:51] [INFO] [(28, '输入错误格式的wifi 密码，提示语检查 ', 'Pass', '2017-10-11 17:40:18', '2017-10-11 17:40:51', '0:00:33', '')]
[2017-10-11 17:40:51] [INFO] 测试完成恢复wifi密码
[2017-10-11 17:41:18] [INFO] <xlrd.book.Book object at 0x0000000003B4BF60>
[2017-10-11 17:41:18] [INFO] <xlwt.Workbook.Workbook object at 0x0000000003C1F160>
[2017-10-11 17:45:51] [INFO] [(29, '是否支持各种格式的wifi密码 ', 'Pass', '2017-10-11 17:41:24', '2017-10-11 17:45:51', '0:04:27', '')]
[2017-10-11 17:45:51] [INFO] 测试完成恢复wifi密码
[2017-10-11 17:46:33] [INFO] <xlrd.book.Book object at 0x0000000003B4BEF0>
[2017-10-11 17:46:33] [INFO] <xlwt.Workbook.Workbook object at 0x0000000003CE9128>
[2017-10-11 17:47:26] [INFO] no found
[2017-10-11 17:47:26] [INFO] no found
[2017-10-11 17:47:26] [INFO] no found
[2017-10-11 17:47:26] [INFO] no found
[2017-10-11 17:47:26] [INFO] no found
[2017-10-11 17:47:26] [INFO] no found
[2017-10-11 17:47:26] [INFO] no found
[2017-10-11 17:47:26] [INFO] no found
[2017-10-11 17:47:26] [INFO] no found
[2017-10-11 17:47:26] [INFO] no found
[2017-10-11 17:47:26] [INFO] no found
[2017-10-11 17:47:26] [INFO] no found
[2017-10-11 17:47:26] [INFO] no found
[2017-10-11 17:47:26] [INFO] no found
[2017-10-11 17:47:26] [INFO] no found
[2017-10-11 17:47:26] [INFO] no found
[2017-10-11 17:47:26] [INFO] no found
[2017-10-11 17:47:26] [INFO] no found
[2017-10-11 17:47:26] [INFO] no found
[2017-10-11 17:47:26] [INFO] no found
[2017-10-11 17:47:26] [INFO] no found
[2017-10-11 17:47:26] [INFO] no found
[2017-10-11 17:47:26] [INFO] no found
[2017-10-11 17:47:26] [INFO] no found
[2017-10-11 17:47:26] [INFO] no found
[2017-10-11 17:47:26] [INFO] no found
[2017-10-11 17:47:26] [INFO] no found
[2017-10-11 17:47:26] [INFO] no found
[2017-10-11 17:47:26] [INFO] no found
[2017-10-11 17:47:26] [INFO] no found
[2017-10-11 17:47:26] [INFO] no found
[2017-10-11 17:47:26] [INFO] no found
[2017-10-11 17:47:26] [INFO] no found
[2017-10-11 17:47:26] [INFO] no found
[2017-10-11 17:47:26] [INFO] no found
[2017-10-11 17:47:26] [INFO] no found
[2017-10-11 17:47:26] [INFO] no found
[2017-10-11 17:47:26] [INFO] no found
[2017-10-11 17:47:26] [INFO] no found
[2017-10-11 17:47:26] [INFO] no found
[2017-10-11 17:47:26] [INFO] no found
[2017-10-11 17:47:26] [INFO] no found
[2017-10-11 17:47:26] [INFO] no found
[2017-10-11 17:47:26] [INFO] no found
[2017-10-11 17:47:26] [INFO] no found
[2017-10-11 17:47:26] [INFO] no found
[2017-10-11 17:47:26] [INFO] no found
[2017-10-11 17:47:26] [INFO] no found
[2017-10-11 17:47:27] [INFO] no found
[2017-10-11 17:47:27] [INFO] no found
[2017-10-11 17:47:27] [INFO] no found
[2017-10-11 17:47:27] [INFO] no found
[2017-10-11 17:47:27] [INFO] no found
[2017-10-11 17:47:27] [INFO] no found
[2017-10-11 17:47:27] [INFO] no found
[2017-10-11 17:47:27] [INFO] no found
[2017-10-11 17:47:27] [INFO] no found
[2017-10-11 17:47:27] [INFO] no found
[2017-10-11 17:47:27] [INFO] no found
[2017-10-11 17:47:27] [INFO] no found
[2017-10-11 17:47:27] [INFO] no found
[2017-10-11 17:47:27] [INFO] no found
[2017-10-11 17:47:27] [INFO] no found
[2017-10-11 17:47:27] [INFO] no found
[2017-10-11 17:47:27] [INFO] no found
[2017-10-11 17:47:27] [INFO] no found
[2017-10-11 17:47:27] [INFO] no found
[2017-10-11 17:47:27] [INFO] no found
[2017-10-11 17:47:27] [INFO] no found
[2017-10-11 17:47:27] [INFO] no found
[2017-10-11 17:47:27] [INFO] no found
[2017-10-11 17:47:27] [INFO] no found
[2017-10-11 17:47:27] [INFO] no found
[2017-10-11 17:47:27] [INFO] no found
[2017-10-11 17:47:27] [INFO] no found
[2017-10-11 17:47:27] [INFO] no found
[2017-10-11 17:47:27] [INFO] no found
[2017-10-11 17:47:27] [INFO] no found
[2017-10-11 17:47:27] [INFO] no found
[2017-10-11 17:47:27] [INFO] no found
[2017-10-11 17:47:27] [INFO] no found
[2017-10-11 17:47:27] [INFO] no found
[2017-10-11 17:47:27] [INFO] no found
[2017-10-11 17:47:27] [INFO] no found
[2017-10-11 17:47:27] [INFO] no found
[2017-10-11 17:47:27] [INFO] no found
[2017-10-11 17:47:27] [INFO] no found
[2017-10-11 17:47:27] [INFO] no found
[2017-10-11 17:47:27] [INFO] no found
[2017-10-11 17:47:27] [INFO] no found
[2017-10-11 17:47:27] [INFO] no found
[2017-10-11 17:47:27] [INFO] no found
[2017-10-11 17:47:27] [INFO] no found
[2017-10-11 17:47:27] [INFO] no found
[2017-10-11 17:47:27] [INFO] no found
[2017-10-11 17:47:27] [INFO] no found
[2017-10-11 17:47:27] [INFO] no found
[2017-10-11 17:47:27] [INFO] no found
[2017-10-11 17:47:27] [INFO] no found
[2017-10-11 17:47:27] [INFO] no found
[2017-10-11 17:47:27] [INFO] no found
[2017-10-11 17:47:27] [INFO] no found
[2017-10-11 17:47:27] [INFO] no found
[2017-10-11 17:47:27] [INFO] no found
[2017-10-11 17:47:27] [INFO] no found
[2017-10-11 17:47:27] [INFO] no found
[2017-10-11 17:47:27] [INFO] no found
[2017-10-11 17:47:27] [INFO] no found
[2017-10-11 17:47:27] [INFO] no found
[2017-10-11 17:47:27] [INFO] no found
[2017-10-11 17:47:27] [INFO] no found
[2017-10-11 17:47:27] [INFO] no found
[2017-10-11 17:47:27] [INFO] no found
[2017-10-11 17:47:27] [INFO] no found
[2017-10-11 17:47:27] [INFO] no found
[2017-10-11 17:47:27] [INFO] no found
[2017-10-11 17:47:27] [INFO] no found
[2017-10-11 17:47:27] [INFO] no found
[2017-10-11 17:47:27] [INFO] no found
[2017-10-11 17:47:27] [INFO] no found
[2017-10-11 17:47:27] [INFO] no found
[2017-10-11 17:47:27] [INFO] no found
[2017-10-11 17:47:27] [INFO] no found
[2017-10-11 17:47:27] [INFO] no found
[2017-10-11 17:47:27] [INFO] no found
[2017-10-11 17:47:27] [INFO] no found
[2017-10-11 17:47:27] [INFO] no found
[2017-10-11 17:47:27] [INFO] no found
[2017-10-11 17:47:27] [INFO] no found
[2017-10-11 17:47:27] [INFO] no found
[2017-10-11 17:47:27] [INFO] no found
[2017-10-11 17:47:27] [INFO] no found
[2017-10-11 17:47:27] [INFO] no found
[2017-10-11 17:47:27] [INFO] no found
[2017-10-11 17:47:27] [INFO] no found
[2017-10-11 17:47:27] [INFO] no found
[2017-10-11 17:47:27] [INFO] no found
[2017-10-11 17:47:27] [INFO] no found
[2017-10-11 17:47:27] [INFO] no found
[2017-10-11 17:47:27] [INFO] no found
[2017-10-11 17:47:27] [INFO] no found
[2017-10-11 17:47:27] [INFO] no found
[2017-10-11 17:47:27] [INFO] no found
[2017-10-11 17:47:27] [INFO] no found
[2017-10-11 17:47:27] [INFO] [(30, '关闭wifi 后，查看电脑的无线列表 ', 'Pass', '2017-10-11 17:46:40', '2017-10-11 17:47:27', '0:00:47', '')]
[2017-10-11 17:47:27] [INFO] 测试完成后恢复到wifi打开的状态
[2017-10-11 17:47:40] [INFO] <xlrd.book.Book object at 0x0000000003B4BF98>
[2017-10-11 17:47:40] [INFO] <xlwt.Workbook.Workbook object at 0x0000000003C181D0>
[2017-10-11 17:49:09] [INFO] no found
[2017-10-11 17:49:09] [INFO] no found
[2017-10-11 17:49:09] [INFO] no found
[2017-10-11 17:49:09] [INFO] no found
[2017-10-11 17:49:09] [INFO] no found
[2017-10-11 17:49:09] [INFO] no found
[2017-10-11 17:49:09] [INFO] no found
[2017-10-11 17:49:09] [INFO] no found
[2017-10-11 17:49:09] [INFO] no found
[2017-10-11 17:49:09] [INFO] no found
[2017-10-11 17:49:09] [INFO] no found
[2017-10-11 17:49:09] [INFO] no found
[2017-10-11 17:49:09] [INFO] no found
[2017-10-11 17:49:09] [INFO] no found
[2017-10-11 17:49:09] [INFO] no found
[2017-10-11 17:49:09] [INFO] no found
[2017-10-11 17:49:09] [INFO] no found
[2017-10-11 17:49:09] [INFO] no found
[2017-10-11 17:49:09] [INFO] no found
[2017-10-11 17:49:09] [INFO] no found
[2017-10-11 17:49:09] [INFO] no found
[2017-10-11 17:49:09] [INFO] no found
[2017-10-11 17:49:09] [INFO] no found
[2017-10-11 17:49:09] [INFO] no found
[2017-10-11 17:49:09] [INFO] no found
[2017-10-11 17:49:09] [INFO] no found
[2017-10-11 17:49:09] [INFO] no found
[2017-10-11 17:49:09] [INFO] no found
[2017-10-11 17:49:09] [INFO] no found
[2017-10-11 17:49:09] [INFO] no found
[2017-10-11 17:49:09] [INFO] no found
[2017-10-11 17:49:09] [INFO] no found
[2017-10-11 17:49:09] [INFO] no found
[2017-10-11 17:49:09] [INFO] no found
[2017-10-11 17:49:09] [INFO] no found
[2017-10-11 17:49:09] [INFO] no found
[2017-10-11 17:49:09] [INFO] no found
[2017-10-11 17:49:09] [INFO] no found
[2017-10-11 17:49:09] [INFO] no found
[2017-10-11 17:49:09] [INFO] no found
[2017-10-11 17:49:09] [INFO] no found
[2017-10-11 17:49:09] [INFO] no found
[2017-10-11 17:49:09] [INFO] no found
[2017-10-11 17:49:09] [INFO] no found
[2017-10-11 17:49:09] [INFO] no found
[2017-10-11 17:49:09] [INFO] no found
[2017-10-11 17:49:09] [INFO] no found
[2017-10-11 17:49:09] [INFO] no found
[2017-10-11 17:49:09] [INFO] no found
[2017-10-11 17:49:09] [INFO] no found
[2017-10-11 17:49:09] [INFO] no found
[2017-10-11 17:49:09] [INFO] no found
[2017-10-11 17:49:09] [INFO] no found
[2017-10-11 17:49:09] [INFO] no found
[2017-10-11 17:49:09] [INFO] no found
[2017-10-11 17:49:09] [INFO] no found
[2017-10-11 17:49:09] [INFO] no found
[2017-10-11 17:49:09] [INFO] no found
[2017-10-11 17:49:09] [INFO] no found
[2017-10-11 17:49:09] [INFO] no found
[2017-10-11 17:49:09] [INFO] no found
[2017-10-11 17:49:09] [INFO] no found
[2017-10-11 17:49:09] [INFO] no found
[2017-10-11 17:49:09] [INFO] no found
[2017-10-11 17:49:09] [INFO] no found
[2017-10-11 17:49:09] [INFO] no found
[2017-10-11 17:49:09] [INFO] no found
[2017-10-11 17:49:09] [INFO] no found
[2017-10-11 17:49:09] [INFO] no found
[2017-10-11 17:49:09] [INFO] no found
[2017-10-11 17:49:09] [INFO] no found
[2017-10-11 17:49:09] [INFO] no found
[2017-10-11 17:49:09] [INFO] no found
[2017-10-11 17:49:09] [INFO] no found
[2017-10-11 17:49:09] [INFO] no found
[2017-10-11 17:49:09] [INFO] no found
[2017-10-11 17:49:09] [INFO] no found
[2017-10-11 17:49:09] [INFO] no found
[2017-10-11 17:49:09] [INFO] no found
[2017-10-11 17:49:09] [INFO] no found
[2017-10-11 17:49:09] [INFO] no found
[2017-10-11 17:49:09] [INFO] no found
[2017-10-11 17:49:09] [INFO] no found
[2017-10-11 17:49:09] [INFO] no found
[2017-10-11 17:49:09] [INFO] no found
[2017-10-11 17:49:09] [INFO] no found
[2017-10-11 17:49:09] [INFO] no found
[2017-10-11 17:49:09] [INFO] no found
[2017-10-11 17:49:09] [INFO] no found
[2017-10-11 17:49:09] [INFO] no found
[2017-10-11 17:49:09] [INFO] no found
[2017-10-11 17:49:09] [INFO] no found
[2017-10-11 17:49:09] [INFO] no found
[2017-10-11 17:49:09] [INFO] no found
[2017-10-11 17:49:09] [INFO] no found
[2017-10-11 17:49:09] [INFO] no found
[2017-10-11 17:49:09] [INFO] no found
[2017-10-11 17:49:09] [INFO] no found
[2017-10-11 17:49:09] [INFO] no found
[2017-10-11 17:49:09] [INFO] no found
[2017-10-11 17:49:09] [INFO] no found
[2017-10-11 17:49:09] [INFO] no found
[2017-10-11 17:49:09] [INFO] no found
[2017-10-11 17:49:09] [INFO] no found
[2017-10-11 17:49:09] [INFO] no found
[2017-10-11 17:49:09] [INFO] no found
[2017-10-11 17:49:09] [INFO] no found
[2017-10-11 17:49:09] [INFO] no found
[2017-10-11 17:49:09] [INFO] no found
[2017-10-11 17:49:09] [INFO] no found
[2017-10-11 17:49:09] [INFO] no found
[2017-10-11 17:49:09] [INFO] no found
[2017-10-11 17:49:09] [INFO] no found
[2017-10-11 17:49:09] [INFO] no found
[2017-10-11 17:49:09] [INFO] no found
[2017-10-11 17:49:09] [INFO] no found
[2017-10-11 17:49:09] [INFO] no found
[2017-10-11 17:49:09] [INFO] no found
[2017-10-11 17:49:09] [INFO] no found
[2017-10-11 17:49:09] [INFO] no found
[2017-10-11 17:49:09] [INFO] no found
[2017-10-11 17:49:09] [INFO] no found
[2017-10-11 17:49:09] [INFO] no found
[2017-10-11 17:49:09] [INFO] no found
[2017-10-11 17:49:09] [INFO] [(31, '关闭SSID,查看电脑列表能否搜索到wifi名称 ', 'Pass', '2017-10-11 17:47:46', '2017-10-11 17:49:09', '0:01:23', '')]
[2017-10-11 17:49:09] [INFO] 测试完成后关闭ssid隐藏
[2017-10-11 17:49:42] [INFO] <xlrd.book.Book object at 0x0000000003B4AFD0>
[2017-10-11 17:49:42] [INFO] <xlwt.Workbook.Workbook object at 0x0000000003C96278>
[2017-10-11 17:50:38] [INFO] [(32, '不输入原密码时的提示信息检查 ', 'Pass', '2017-10-11 17:49:47', '2017-10-11 17:50:38', '0:00:51', '')]
[2017-10-11 17:50:41] [INFO] <xlrd.book.Book object at 0x0000000003B82D30>
[2017-10-11 17:50:41] [INFO] <xlwt.Workbook.Workbook object at 0x0000000003D33F60>
[2017-10-11 17:51:40] [INFO] [(33, '不输入新密码时的提示信息检查 ', 'Pass', '2017-10-11 17:50:46', '2017-10-11 17:51:40', '0:00:54', '')]
[2017-10-11 17:51:43] [INFO] <xlrd.book.Book object at 0x0000000003B84D30>
[2017-10-11 17:51:43] [INFO] <xlwt.Workbook.Workbook object at 0x0000000003C1AF98>
[2017-10-11 17:52:42] [INFO] [(34, '确认密码不输入时提示信息检查 ', 'Pass', '2017-10-11 17:51:48', '2017-10-11 17:52:42', '0:00:54', '')]
[2017-10-11 17:52:45] [INFO] <xlrd.book.Book object at 0x0000000003BBB828>
[2017-10-11 17:52:45] [INFO] <xlwt.Workbook.Workbook object at 0x0000000003C21320>
[2017-10-11 17:53:43] [INFO] [(35, '确认密码与新密码不一致时的提示信息检查 ', 'Pass', '2017-10-11 17:52:50', '2017-10-11 17:53:43', '0:00:53', '')]
[2017-10-11 17:53:46] [INFO] <xlrd.book.Book object at 0x0000000003BBD5F8>
[2017-10-11 17:53:46] [INFO] <xlwt.Workbook.Workbook object at 0x0000000003C22400>
[2017-10-11 17:54:45] [INFO] [(36, '原密码错误时提示信息检查 ', 'Pass', '2017-10-11 17:53:51', '2017-10-11 17:54:45', '0:00:54', '')]
[2017-10-11 17:54:48] [INFO] <xlrd.book.Book object at 0x0000000003BBC8D0>
[2017-10-11 17:54:48] [INFO] <xlwt.Workbook.Workbook object at 0x0000000003C22400>
[2017-10-11 17:55:46] [INFO] [(37, '新密码格式错误时提示信息检查 ', 'Pass', '2017-10-11 17:54:53', '2017-10-11 17:55:46', '0:00:53', '')]
[2017-10-11 17:55:49] [INFO] <xlrd.book.Book object at 0x0000000003B82D68>
[2017-10-11 17:55:49] [INFO] <xlwt.Workbook.Workbook object at 0x0000000003C1F198>
[2017-10-11 17:57:33] [INFO] [(38, '修改登录密码查看是否可以登录成功', 'Pass', '2017-10-11 17:55:54', '2017-10-11 17:57:33', '0:01:39', '')]
[2017-10-11 17:57:33] [INFO] 测试完成恢复登录密码
[2017-10-11 17:57:58] [INFO] <xlrd.book.Book object at 0x0000000003B83D30>
[2017-10-11 17:57:58] [INFO] <xlwt.Workbook.Workbook object at 0x0000000003C24F28>
[2017-10-11 17:59:04] [INFO] [(39, '检查时区能否正确改变 ', 'Pass', '2017-10-11 17:58:05', '2017-10-11 17:59:04', '0:00:59', '')]
[2017-10-11 17:59:04] [INFO] 测试完成恢复时区
[2017-10-11 17:59:15] [INFO] <xlrd.book.Book object at 0x0000000003B82D30>
[2017-10-11 17:59:15] [INFO] <xlwt.Workbook.Workbook object at 0x0000000003C1AF98>
[2017-10-11 18:00:17] [INFO] ./upgrade/upload.exe E:\wifitest\upgrade\eeee.png
[2017-10-11 18:00:17] [INFO] 开始用autoit3脚本控制选择本地文件
[2017-10-11 18:00:30] [ERROR] Traceback (most recent call last):
  File "E:\wifitest\testcase\test_firmware_upgrade.py", line 52, in test_FirmwareUpgrade
    self.setuppage.click_begin_upload()
  File "E:\wifitest\webpage\SetupPage.py", line 141, in click_begin_upload
    self.click(beginupload)
  File "E:\wifitest\webpage\BasePage.py", line 134, in click
    element.click()
  File "C:\python\lib\site-packages\selenium\webdriver\remote\webelement.py", line 72, in click
    self._execute(Command.CLICK_ELEMENT)
  File "C:\python\lib\site-packages\selenium\webdriver\remote\webelement.py", line 461, in _execute
    return self._parent.execute(command, params)
  File "C:\python\lib\site-packages\selenium\webdriver\remote\webdriver.py", line 236, in execute
    self.error_handler.check_response(response)
  File "C:\python\lib\site-packages\selenium\webdriver\remote\errorhandler.py", line 192, in check_response
    raise exception_class(message, screen, stacktrace)
selenium.common.exceptions.ElementNotVisibleException: Message: element not visible
  (Session info: chrome=61.0.3163.100)
  (Driver info: chromedriver=2.31.488763 (092de99f48a300323ecf8c2a4e2e7cab51de5ba8),platform=Windows NT 6.1.7601 SP1 x86_64)


[2017-10-11 18:00:30] [INFO] [(40, '上传错误的升级文件时，错误提示 ', 'error', '2017-10-11 17:59:21', '2017-10-11 18:00:30', '0:01:09', 'Message: element not visible\n  (Session info: chrome=61.0.3163.100)\n  (Driver info: chromedriver=2.31.488763 (092de99f48a300323ecf8c2a4e2e7cab51de5ba8),platform=Windows NT 6.1.7601 SP1 x86_64)\n')]
[2017-10-11 18:00:33] [INFO] <xlrd.book.Book object at 0x0000000003B82CF8>
[2017-10-11 18:00:33] [INFO] <xlwt.Workbook.Workbook object at 0x0000000003CC7358>
[2017-10-11 18:02:32] [INFO] [(41, '重启功能检查 ', 'Pass', '2017-10-11 18:00:39', '2017-10-11 18:02:32', '0:01:53', '')]
[2017-10-11 18:02:35] [INFO] <xlrd.book.Book object at 0x0000000003B82D68>
[2017-10-11 18:02:35] [INFO] <xlwt.Workbook.Workbook object at 0x0000000003D782B0>
[2017-10-11 18:03:11] [INFO] [(42, '取消重启检查 ', 'Pass', '2017-10-11 18:02:41', '2017-10-11 18:03:11', '0:00:30', '')]
[2017-10-11 18:03:14] [INFO] <xlrd.book.Book object at 0x0000000003B83D30>
[2017-10-11 18:03:14] [INFO] <xlwt.Workbook.Workbook object at 0x0000000003C1C2B0>
[2017-10-11 18:03:36] [INFO] [(43, '退出系统 ', 'Pass', '2017-10-11 18:03:20', '2017-10-11 18:03:36', '0:00:16', '')]
[2017-10-11 18:03:39] [INFO] <xlrd.book.Book object at 0x0000000003B835C0>
[2017-10-11 18:03:39] [INFO] <xlwt.Workbook.Workbook object at 0x0000000003C0E438>
[2017-10-11 18:03:39] [INFO] 发送邮件
