[2017-10-12 21:00:09] [INFO] test_goto_login: test START 
[2017-10-12 21:00:13] [INFO] [(1, '登录页面跳转测试 ', 'Pass', '2017-10-12 21:00:09', '2017-10-12 21:00:13', '0:00:04', '')]
[2017-10-12 21:00:16] [INFO] <xlrd.book.Book object at 0x0000000003B845C0>
[2017-10-12 21:00:16] [INFO] <xlwt.Workbook.Workbook object at 0x0000000003C0D0B8>
[2017-10-12 21:00:35] [INFO] [(2, '正确密码是否可成功登录测试 ', 'Pass', '2017-10-12 21:00:21', '2017-10-12 21:00:35', '0:00:14', '')]
[2017-10-12 21:00:38] [INFO] <xlrd.book.Book object at 0x0000000003B85588>
[2017-10-12 21:00:38] [INFO] <xlwt.Workbook.Workbook object at 0x0000000003C0B048>
[2017-10-12 21:01:01] [INFO] [(3, '是否能顺利跳转到wan 界面 ', 'Pass', '2017-10-12 21:00:43', '2017-10-12 21:01:01', '0:00:18', '')]
[2017-10-12 21:01:04] [INFO] <xlrd.book.Book object at 0x0000000003B69198>
[2017-10-12 21:01:04] [INFO] <xlwt.Workbook.Workbook object at 0x0000000003D4D5F8>
[2017-10-12 21:01:39] [INFO] 请输入IP地址。
[2017-10-12 21:01:39] [INFO] [(4, '没有IP地址输入时的错误信息提示 ', 'Pass', '2017-10-12 21:01:10', '2017-10-12 21:01:39', '0:00:29', '')]
[2017-10-12 21:01:42] [INFO] <xlrd.book.Book object at 0x0000000003B68160>
[2017-10-12 21:01:42] [INFO] <xlwt.Workbook.Workbook object at 0x0000000003CB17F0>
[2017-10-12 21:01:57] [INFO] [(5, '不填写密码时的提示信息是否正确 ', 'Pass', '2017-10-12 21:01:47', '2017-10-12 21:01:57', '0:00:10', '')]
[2017-10-12 21:02:00] [INFO] <xlrd.book.Book object at 0x0000000003B86518>
[2017-10-12 21:02:00] [INFO] <xlwt.Workbook.Workbook object at 0x0000000003BF4128>
[2017-10-12 21:02:13] [INFO] [(6, '登录密码错误时提示信息是否正确 ', 'Pass', '2017-10-12 21:02:05', '2017-10-12 21:02:13', '0:00:08', '')]
[2017-10-12 21:02:16] [INFO] <xlrd.book.Book object at 0x0000000003B85588>
[2017-10-12 21:02:16] [INFO] <xlwt.Workbook.Workbook object at 0x0000000003C0B470>
[2017-10-12 21:02:51] [INFO] 请输入子网掩码。
[2017-10-12 21:02:51] [INFO] [(7, '不输入子网掩码时的错误信息提示 ', 'Pass', '2017-10-12 21:02:21', '2017-10-12 21:02:51', '0:00:30', '')]
[2017-10-12 21:02:54] [INFO] <xlrd.book.Book object at 0x0000000003B69160>
[2017-10-12 21:02:54] [INFO] <xlwt.Workbook.Workbook object at 0x0000000003C139E8>
[2017-10-12 21:03:29] [INFO] 请输入默认网关地址。
[2017-10-12 21:03:29] [INFO] [(8, '不输入默认网关时的错误信息提示 ', 'Pass', '2017-10-12 21:02:59', '2017-10-12 21:03:29', '0:00:30', '')]
[2017-10-12 21:03:33] [INFO] <xlrd.book.Book object at 0x0000000003B69160>
[2017-10-12 21:03:33] [INFO] <xlwt.Workbook.Workbook object at 0x0000000003CB6A58>
[2017-10-12 21:04:06] [INFO] IP地址含非法字符，请重新输入。
[2017-10-12 21:04:09] [INFO] IP地址含非法字符，请重新输入。
[2017-10-12 21:04:13] [INFO] IP地址含非法字符，请重新输入。
[2017-10-12 21:04:16] [INFO] IP地址含非法字符，请重新输入。
[2017-10-12 21:04:19] [INFO] IP地址格式错误，请重新输入。
[2017-10-12 21:04:23] [INFO] IP地址含非法字符，请重新输入。
[2017-10-12 21:04:23] [INFO] [(9, '非法格式的IP地址输入时提示信息检查 ', 'Pass', '2017-10-12 21:03:38', '2017-10-12 21:04:23', '0:00:45', '')]
[2017-10-12 21:04:26] [INFO] <xlrd.book.Book object at 0x0000000003B6A0F0>
[2017-10-12 21:04:26] [INFO] <xlwt.Workbook.Workbook object at 0x0000000003C159E8>
[2017-10-12 21:05:01] [INFO] 子网掩码不正确，请重新输入。
[2017-10-12 21:05:06] [INFO] 子网掩码不正确，请重新输入。
[2017-10-12 21:05:12] [INFO] 子网掩码不正确，请重新输入。
[2017-10-12 21:05:17] [INFO] 子网掩码不正确，请重新输入。
[2017-10-12 21:05:22] [INFO] 子网掩码不正确，请重新输入。
[2017-10-12 21:05:28] [INFO] 子网掩码不正确，请重新输入。
[2017-10-12 21:05:28] [INFO] [(10, '非法格式的子网掩码输入时，提示信息检查 ', 'Pass', '2017-10-12 21:04:31', '2017-10-12 21:05:28', '0:00:57', '')]
[2017-10-12 21:05:31] [INFO] <xlrd.book.Book object at 0x0000000003B6A128>
[2017-10-12 21:05:31] [INFO] <xlwt.Workbook.Workbook object at 0x0000000003C996D8>
[2017-10-12 21:06:06] [INFO] 默认网关错误，请重新输入。
[2017-10-12 21:06:11] [INFO] 默认网关错误，请重新输入。
[2017-10-12 21:06:17] [INFO] 默认网关错误，请重新输入。
[2017-10-12 21:06:22] [INFO] 默认网关错误，请重新输入。
[2017-10-12 21:06:27] [INFO] 默认网关错误，请重新输入。
[2017-10-12 21:06:33] [INFO] 默认网关错误，请重新输入。
[2017-10-12 21:06:33] [INFO] [(11, '非法格式的默认网关输入时，提示信息检查 ', 'Pass', '2017-10-12 21:05:36', '2017-10-12 21:06:33', '0:00:57', '')]
[2017-10-12 21:06:36] [INFO] <xlrd.book.Book object at 0x0000000003B6A128>
[2017-10-12 21:06:36] [INFO] <xlwt.Workbook.Workbook object at 0x0000000003C20748>
[2017-10-12 21:07:25] [INFO] [(12, '是否可以成功设置静态IP ', 'Pass', '2017-10-12 21:06:42', '2017-10-12 21:07:25', '0:00:43', '')]
[2017-10-12 21:07:25] [INFO] 测试完成后将上网方式恢复为自动获取
[2017-10-12 21:07:48] [INFO] <xlrd.book.Book object at 0x0000000003B6A080>
[2017-10-12 21:07:48] [INFO] <xlwt.Workbook.Workbook object at 0x0000000003C99B38>
[2017-10-12 21:08:16] [INFO] [(13, '是否能顺利跳转到lan页面 ', 'Pass', '2017-10-12 21:07:53', '2017-10-12 21:08:16', '0:00:23', '')]
[2017-10-12 21:08:19] [INFO] <xlrd.book.Book object at 0x0000000003B68400>
[2017-10-12 21:08:19] [INFO] <xlwt.Workbook.Workbook object at 0x0000000003C0BC50>
[2017-10-12 21:08:42] [INFO] 默认的局域网地址:
[2017-10-12 21:08:42] [INFO] 默认的dhcp状态是：checkbox_off
[2017-10-12 21:08:42] [INFO] 默认的初始IP地址池：
[2017-10-12 21:08:42] [INFO] 默认的结束IP地址池： 
[2017-10-12 21:08:42] [INFO] [(14, 'lan页面默认项检查 ', 'Pass', '2017-10-12 21:08:25', '2017-10-12 21:08:42', '0:00:17', '')]
[2017-10-12 21:08:46] [INFO] <xlrd.book.Book object at 0x0000000003B68320>
[2017-10-12 21:08:46] [INFO] <xlwt.Workbook.Workbook object at 0x0000000003C0DCC0>
[2017-10-12 21:09:18] [INFO] [(15, 'lan页面不输入局域网地址时的提示语检查 ', 'Pass', '2017-10-12 21:08:51', '2017-10-12 21:09:18', '0:00:27', '')]
[2017-10-12 21:09:22] [INFO] <xlrd.book.Book object at 0x0000000003B683C8>
[2017-10-12 21:09:22] [INFO] <xlwt.Workbook.Workbook object at 0x0000000003C10DD8>
[2017-10-12 21:09:52] [INFO] IP地址含非法字符，请重新输入。
[2017-10-12 21:09:54] [INFO] IP地址含非法字符，请重新输入。
[2017-10-12 21:09:56] [INFO] IP地址含非法字符，请重新输入。
[2017-10-12 21:09:58] [INFO] IP地址含非法字符，请重新输入。
[2017-10-12 21:10:01] [INFO] IP地址格式错误，请重新输入。
[2017-10-12 21:10:03] [INFO] IP地址含非法字符，请重新输入。
[2017-10-12 21:10:03] [INFO] [(16, 'lan页面输入格式错误的局域网地址时的提示语检查 ', 'Pass', '2017-10-12 21:09:27', '2017-10-12 21:10:03', '0:00:36', '')]
[2017-10-12 21:10:06] [INFO] <xlrd.book.Book object at 0x0000000003B683C8>
[2017-10-12 21:10:06] [INFO] <xlwt.Workbook.Workbook object at 0x0000000003CA3EF0>
[2017-10-12 21:11:42] [INFO] [(17, 'lan页面修改局域网地址是否可以成功 ', 'Pass', '2017-10-12 21:10:11', '2017-10-12 21:11:42', '0:01:31', '')]
[2017-10-12 21:11:42] [INFO] 测试完成后修改到原来的IP
[2017-10-12 21:12:57] [INFO] <xlrd.book.Book object at 0x0000000003B68400>
[2017-10-12 21:12:58] [INFO] <xlwt.Workbook.Workbook object at 0x0000000003CCFCC0>
[2017-10-12 21:13:37] [INFO] 地址池开始值错误，请重新输入。
[2017-10-12 21:13:37] [INFO] [(18, '开始IP地址非法时提示信息检查 ', 'Pass', '2017-10-12 21:13:04', '2017-10-12 21:13:37', '0:00:33', '')]
[2017-10-12 21:13:40] [INFO] <xlrd.book.Book object at 0x0000000003B68400>
[2017-10-12 21:13:40] [INFO] <xlwt.Workbook.Workbook object at 0x0000000003CB60B8>
[2017-10-12 21:14:17] [INFO] 地址池结束值错误，请重新输入。
[2017-10-12 21:14:17] [INFO] [(19, '结束IP地址非法时提示信息检查 ', 'Pass', '2017-10-12 21:13:46', '2017-10-12 21:14:17', '0:00:31', '')]
[2017-10-12 21:14:20] [INFO] <xlrd.book.Book object at 0x0000000003B683C8>
[2017-10-12 21:14:20] [INFO] <xlwt.Workbook.Workbook object at 0x0000000003D260F0>
[2017-10-12 21:14:58] [INFO] 地址池结束值不能小于开始值，请重新输入。
[2017-10-12 21:14:58] [INFO] [(20, '开始IP地址大于结束IP地址时，提示语检查 ', 'Pass', '2017-10-12 21:14:25', '2017-10-12 21:14:58', '0:00:33', '')]
[2017-10-12 21:15:01] [INFO] <xlrd.book.Book object at 0x0000000003B68400>
[2017-10-12 21:15:01] [INFO] <xlwt.Workbook.Workbook object at 0x0000000003C16198>
[2017-10-12 21:15:45] [INFO] [(21, '开始ip地址和结束IP地址都合法时，是否可以成功保存 ', 'Pass', '2017-10-12 21:15:06', '2017-10-12 21:15:45', '0:00:39', '')]
[2017-10-12 21:15:48] [INFO] <xlrd.book.Book object at 0x0000000003B68390>
[2017-10-12 21:15:48] [INFO] <xlwt.Workbook.Workbook object at 0x0000000003D46198>
[2017-10-12 21:16:21] [INFO] [(22, 'DHCP 能否被正确关闭 ', 'Pass', '2017-10-12 21:15:53', '2017-10-12 21:16:21', '0:00:28', '')]
[2017-10-12 21:16:24] [INFO] <xlrd.book.Book object at 0x0000000003B683C8>
[2017-10-12 21:16:24] [INFO] <xlwt.Workbook.Workbook object at 0x0000000003C140B8>
[2017-10-12 21:16:46] [INFO] [(23, '是否能顺利跳转到无线wifi设置界面 ', 'Pass', '2017-10-12 21:16:29', '2017-10-12 21:16:46', '0:00:17', '')]
[2017-10-12 21:16:49] [INFO] <xlrd.book.Book object at 0x0000000003B4DFD0>
[2017-10-12 21:16:49] [INFO] <xlwt.Workbook.Workbook object at 0x0000000003C8EC50>
[2017-10-12 21:17:12] [INFO] wifiname:frt_test
[2017-10-12 21:17:12] [INFO] wifiname:iot123321
[2017-10-12 21:17:12] [INFO] [(24, 'wifi页面默认项检查 ', 'Pass', '2017-10-12 21:16:54', '2017-10-12 21:17:12', '0:00:18', '')]
[2017-10-12 21:17:15] [INFO] <xlrd.book.Book object at 0x0000000003B4DF98>
[2017-10-12 21:17:15] [INFO] <xlwt.Workbook.Workbook object at 0x0000000003C0CCF8>
[2017-10-12 21:19:50] [ERROR] Traceback (most recent call last):
  File "E:\wifitest\testcase\test_wifi_name_legal.py", line 48, in test_wifi_name_legal
    self.wifipage.click_savebutton()
  File "E:\wifitest\webpage\WifiPage.py", line 60, in click_savebutton
    self.click(savebutton)
  File "E:\wifitest\webpage\BasePage.py", line 134, in click
    element.click()
  File "C:\python\lib\site-packages\selenium\webdriver\remote\webelement.py", line 72, in click
    self._execute(Command.CLICK_ELEMENT)
  File "C:\python\lib\site-packages\selenium\webdriver\remote\webelement.py", line 461, in _execute
    return self._parent.execute(command, params)
  File "C:\python\lib\site-packages\selenium\webdriver\remote\webdriver.py", line 236, in execute
    self.error_handler.check_response(response)
  File "C:\python\lib\site-packages\selenium\webdriver\remote\errorhandler.py", line 192, in check_response
    raise exception_class(message, screen, stacktrace)
selenium.common.exceptions.WebDriverException: Message: unknown error: Element <input type="button" value="保存" id="savebutton" class="styled_button_s" onclick="BtnSaveClick();"> is not clickable at point (470, 407). Other element would receive the click: <div id="CreatePopAlertMessage" style="display: inline;">...</div>
  (Session info: chrome=61.0.3163.100)
  (Driver info: chromedriver=2.31.488763 (092de99f48a300323ecf8c2a4e2e7cab51de5ba8),platform=Windows NT 6.1.7601 SP1 x86_64)


[2017-10-12 21:19:50] [INFO] [(25, 'wifi名称各种组合是否支持 ', 'error', '2017-10-12 21:17:20', '2017-10-12 21:19:50', '0:02:30', 'Message: unknown error: Element <input type="button" value="保存" id="savebutton" class="styled_button_s" onclick="BtnSaveClick();"> is not clickable at point (470, 407). Other element would receive the click: <div id="CreatePopAlertMessage" style="display: inline;">...</div>\n  (Session info: chrome=61.0.3163.100)\n  (Driver info: chromedriver=2.31.488763 (092de99f48a300323ecf8c2a4e2e7cab51de5ba8),platform=Windows NT 6.1.7601 SP1 x86_64)\n')]
[2017-10-12 21:19:53] [INFO] <xlrd.book.Book object at 0x0000000003B4DFD0>
[2017-10-12 21:19:53] [INFO] <xlwt.Workbook.Workbook object at 0x0000000003C56DA0>
[2017-10-12 21:20:16] [INFO] 请输入2.4G无线名称。
[2017-10-12 21:20:16] [INFO] [(26, '不输入wifi名称时的提示语检查 ', 'Pass', '2017-10-12 21:19:58', '2017-10-12 21:20:16', '0:00:18', '')]
[2017-10-12 21:20:19] [INFO] <xlrd.book.Book object at 0x0000000003B4DF98>
[2017-10-12 21:20:19] [INFO] <xlwt.Workbook.Workbook object at 0x0000000003C10E48>
[2017-10-12 21:21:06] [INFO] [(27, '不输入wifi密码时是否可以保存成功 ', 'Pass', '2017-10-12 21:20:24', '2017-10-12 21:21:06', '0:00:42', '')]
[2017-10-12 21:21:06] [INFO] 测试完成后恢复wifi密码
[2017-10-12 21:21:32] [INFO] <xlrd.book.Book object at 0x0000000003B4CF98>
[2017-10-12 21:21:32] [INFO] <xlwt.Workbook.Workbook object at 0x0000000003C23048>
[2017-10-12 21:22:11] [INFO] [(28, '输入错误格式的wifi 密码，提示语检查 ', 'Pass', '2017-10-12 21:21:38', '2017-10-12 21:22:11', '0:00:33', '')]
[2017-10-12 21:22:11] [INFO] 测试完成恢复wifi密码
[2017-10-12 21:22:38] [INFO] <xlrd.book.Book object at 0x0000000003B4CF98>
[2017-10-12 21:22:38] [INFO] <xlwt.Workbook.Workbook object at 0x0000000003C1F048>
[2017-10-12 21:26:00] [INFO] [(29, '是否支持各种格式的wifi密码 ', 'Pass', '2017-10-12 21:22:44', '2017-10-12 21:26:00', '0:03:16', '')]
[2017-10-12 21:26:00] [INFO] 测试完成恢复wifi密码
[2017-10-12 21:26:31] [INFO] <xlrd.book.Book object at 0x0000000003B4DF98>
[2017-10-12 21:26:31] [INFO] <xlwt.Workbook.Workbook object at 0x0000000003C48048>
[2017-10-12 21:27:04] [INFO] no found
[2017-10-12 21:27:04] [INFO] no found
[2017-10-12 21:27:04] [INFO] no found
[2017-10-12 21:27:04] [INFO] no found
[2017-10-12 21:27:04] [INFO] no found
[2017-10-12 21:27:04] [INFO] no found
[2017-10-12 21:27:04] [INFO] no found
[2017-10-12 21:27:04] [INFO] no found
[2017-10-12 21:27:04] [INFO] no found
[2017-10-12 21:27:04] [INFO] no found
[2017-10-12 21:27:04] [INFO] no found
[2017-10-12 21:27:04] [INFO] no found
[2017-10-12 21:27:04] [INFO] no found
[2017-10-12 21:27:04] [INFO] no found
[2017-10-12 21:27:04] [INFO] no found
[2017-10-12 21:27:04] [INFO] no found
[2017-10-12 21:27:04] [INFO] no found
[2017-10-12 21:27:04] [INFO] no found
[2017-10-12 21:27:04] [INFO] no found
[2017-10-12 21:27:04] [INFO] no found
[2017-10-12 21:27:04] [INFO] no found
[2017-10-12 21:27:04] [INFO] no found
[2017-10-12 21:27:04] [INFO] no found
[2017-10-12 21:27:04] [INFO] no found
[2017-10-12 21:27:04] [INFO] no found
[2017-10-12 21:27:04] [INFO] no found
[2017-10-12 21:27:04] [INFO] no found
[2017-10-12 21:27:04] [INFO] no found
[2017-10-12 21:27:04] [INFO] no found
[2017-10-12 21:27:04] [INFO] no found
[2017-10-12 21:27:04] [INFO] no found
[2017-10-12 21:27:04] [INFO] no found
[2017-10-12 21:27:04] [INFO] no found
[2017-10-12 21:27:04] [INFO] no found
[2017-10-12 21:27:04] [INFO] no found
[2017-10-12 21:27:04] [INFO] no found
[2017-10-12 21:27:04] [INFO] no found
[2017-10-12 21:27:04] [INFO] no found
[2017-10-12 21:27:04] [INFO] no found
[2017-10-12 21:27:04] [INFO] no found
[2017-10-12 21:27:04] [INFO] no found
[2017-10-12 21:27:04] [INFO] no found
[2017-10-12 21:27:04] [INFO] no found
[2017-10-12 21:27:04] [INFO] no found
[2017-10-12 21:27:04] [INFO] no found
[2017-10-12 21:27:04] [INFO] no found
[2017-10-12 21:27:04] [INFO] no found
[2017-10-12 21:27:04] [INFO] no found
[2017-10-12 21:27:04] [INFO] no found
[2017-10-12 21:27:04] [INFO] no found
[2017-10-12 21:27:04] [INFO] no found
[2017-10-12 21:27:04] [INFO] no found
[2017-10-12 21:27:04] [INFO] no found
[2017-10-12 21:27:04] [INFO] no found
[2017-10-12 21:27:04] [INFO] no found
[2017-10-12 21:27:04] [INFO] no found
[2017-10-12 21:27:04] [INFO] no found
[2017-10-12 21:27:04] [INFO] no found
[2017-10-12 21:27:04] [INFO] no found
[2017-10-12 21:27:04] [INFO] no found
[2017-10-12 21:27:04] [INFO] no found
[2017-10-12 21:27:04] [INFO] no found
[2017-10-12 21:27:04] [INFO] no found
[2017-10-12 21:27:04] [INFO] no found
[2017-10-12 21:27:04] [INFO] no found
[2017-10-12 21:27:04] [INFO] no found
[2017-10-12 21:27:04] [INFO] no found
[2017-10-12 21:27:04] [INFO] no found
[2017-10-12 21:27:04] [INFO] no found
[2017-10-12 21:27:04] [INFO] no found
[2017-10-12 21:27:04] [INFO] no found
[2017-10-12 21:27:04] [INFO] no found
[2017-10-12 21:27:04] [INFO] no found
[2017-10-12 21:27:04] [INFO] no found
[2017-10-12 21:27:04] [INFO] no found
[2017-10-12 21:27:04] [INFO] no found
[2017-10-12 21:27:04] [INFO] no found
[2017-10-12 21:27:04] [INFO] no found
[2017-10-12 21:27:04] [INFO] no found
[2017-10-12 21:27:04] [INFO] no found
[2017-10-12 21:27:04] [INFO] no found
[2017-10-12 21:27:04] [INFO] no found
[2017-10-12 21:27:04] [INFO] no found
[2017-10-12 21:27:04] [INFO] no found
[2017-10-12 21:27:04] [INFO] no found
[2017-10-12 21:27:04] [INFO] no found
[2017-10-12 21:27:04] [INFO] no found
[2017-10-12 21:27:04] [INFO] no found
[2017-10-12 21:27:04] [INFO] no found
[2017-10-12 21:27:04] [INFO] no found
[2017-10-12 21:27:04] [INFO] no found
[2017-10-12 21:27:04] [INFO] no found
[2017-10-12 21:27:04] [INFO] no found
[2017-10-12 21:27:04] [INFO] no found
[2017-10-12 21:27:04] [INFO] no found
[2017-10-12 21:27:04] [INFO] no found
[2017-10-12 21:27:04] [INFO] no found
[2017-10-12 21:27:04] [INFO] no found
[2017-10-12 21:27:04] [INFO] no found
[2017-10-12 21:27:04] [INFO] no found
[2017-10-12 21:27:04] [INFO] no found
[2017-10-12 21:27:04] [INFO] no found
[2017-10-12 21:27:04] [INFO] no found
[2017-10-12 21:27:04] [INFO] no found
[2017-10-12 21:27:04] [INFO] no found
[2017-10-12 21:27:04] [INFO] no found
[2017-10-12 21:27:04] [INFO] no found
[2017-10-12 21:27:04] [INFO] no found
[2017-10-12 21:27:04] [INFO] no found
[2017-10-12 21:27:04] [INFO] no found
[2017-10-12 21:27:04] [INFO] no found
[2017-10-12 21:27:04] [INFO] no found
[2017-10-12 21:27:04] [INFO] no found
[2017-10-12 21:27:04] [INFO] no found
[2017-10-12 21:27:04] [INFO] no found
[2017-10-12 21:27:04] [INFO] no found
[2017-10-12 21:27:04] [INFO] no found
[2017-10-12 21:27:04] [INFO] no found
[2017-10-12 21:27:04] [INFO] no found
[2017-10-12 21:27:04] [INFO] no found
[2017-10-12 21:27:04] [INFO] no found
[2017-10-12 21:27:04] [INFO] no found
[2017-10-12 21:27:04] [INFO] no found
[2017-10-12 21:27:04] [INFO] no found
[2017-10-12 21:27:04] [INFO] no found
[2017-10-12 21:27:04] [INFO] no found
[2017-10-12 21:27:04] [INFO] no found
[2017-10-12 21:27:04] [INFO] no found
[2017-10-12 21:27:04] [INFO] no found
[2017-10-12 21:27:04] [INFO] no found
[2017-10-12 21:27:04] [INFO] no found
[2017-10-12 21:27:04] [INFO] no found
[2017-10-12 21:27:04] [INFO] no found
[2017-10-12 21:27:04] [INFO] no found
[2017-10-12 21:27:04] [INFO] no found
[2017-10-12 21:27:04] [INFO] no found
[2017-10-12 21:27:04] [INFO] no found
[2017-10-12 21:27:04] [INFO] no found
[2017-10-12 21:27:04] [INFO] no found
[2017-10-12 21:27:04] [INFO] no found
[2017-10-12 21:27:04] [INFO] no found
[2017-10-12 21:27:04] [INFO] no found
[2017-10-12 21:27:04] [INFO] no found
[2017-10-12 21:27:04] [INFO] no found
[2017-10-12 21:27:04] [INFO] no found
[2017-10-12 21:27:04] [INFO] no found
[2017-10-12 21:27:04] [INFO] no found
[2017-10-12 21:27:04] [INFO] no found
[2017-10-12 21:27:04] [INFO] no found
[2017-10-12 21:27:04] [INFO] no found
[2017-10-12 21:27:04] [INFO] no found
[2017-10-12 21:27:04] [INFO] no found
[2017-10-12 21:27:04] [INFO] no found
[2017-10-12 21:27:04] [INFO] no found
[2017-10-12 21:27:04] [INFO] no found
[2017-10-12 21:27:04] [INFO] no found
[2017-10-12 21:27:04] [INFO] no found
[2017-10-12 21:27:04] [INFO] no found
[2017-10-12 21:27:04] [INFO] no found
[2017-10-12 21:27:04] [INFO] no found
[2017-10-12 21:27:04] [INFO] no found
[2017-10-12 21:27:04] [INFO] no found
[2017-10-12 21:27:04] [INFO] no found
[2017-10-12 21:27:04] [INFO] no found
[2017-10-12 21:27:04] [INFO] [(30, '关闭wifi 后，查看电脑的无线列表 ', 'Pass', '2017-10-12 21:26:38', '2017-10-12 21:27:04', '0:00:26', '')]
[2017-10-12 21:27:04] [INFO] 测试完成后恢复到wifi打开的状态
[2017-10-12 21:27:13] [INFO] <xlrd.book.Book object at 0x0000000003B4BFD0>
[2017-10-12 21:27:13] [INFO] <xlwt.Workbook.Workbook object at 0x0000000003CBA080>
[2017-10-12 21:28:11] [INFO] no found
[2017-10-12 21:28:11] [INFO] no found
[2017-10-12 21:28:11] [INFO] no found
[2017-10-12 21:28:11] [INFO] no found
[2017-10-12 21:28:11] [INFO] no found
[2017-10-12 21:28:11] [INFO] no found
[2017-10-12 21:28:11] [INFO] no found
[2017-10-12 21:28:11] [INFO] no found
[2017-10-12 21:28:11] [INFO] no found
[2017-10-12 21:28:11] [INFO] no found
[2017-10-12 21:28:11] [INFO] no found
[2017-10-12 21:28:11] [INFO] no found
[2017-10-12 21:28:11] [INFO] no found
[2017-10-12 21:28:11] [INFO] no found
[2017-10-12 21:28:11] [INFO] no found
[2017-10-12 21:28:11] [INFO] no found
[2017-10-12 21:28:11] [INFO] no found
[2017-10-12 21:28:11] [INFO] no found
[2017-10-12 21:28:11] [INFO] no found
[2017-10-12 21:28:11] [INFO] no found
[2017-10-12 21:28:11] [INFO] no found
[2017-10-12 21:28:11] [INFO] no found
[2017-10-12 21:28:11] [INFO] no found
[2017-10-12 21:28:11] [INFO] no found
[2017-10-12 21:28:11] [INFO] no found
[2017-10-12 21:28:11] [INFO] no found
[2017-10-12 21:28:11] [INFO] no found
[2017-10-12 21:28:11] [INFO] no found
[2017-10-12 21:28:11] [INFO] no found
[2017-10-12 21:28:11] [INFO] no found
[2017-10-12 21:28:11] [INFO] no found
[2017-10-12 21:28:11] [INFO] no found
[2017-10-12 21:28:11] [INFO] no found
[2017-10-12 21:28:11] [INFO] no found
[2017-10-12 21:28:11] [INFO] no found
[2017-10-12 21:28:11] [INFO] no found
[2017-10-12 21:28:11] [INFO] no found
[2017-10-12 21:28:11] [INFO] no found
[2017-10-12 21:28:11] [INFO] no found
[2017-10-12 21:28:11] [INFO] no found
[2017-10-12 21:28:11] [INFO] no found
[2017-10-12 21:28:11] [INFO] no found
[2017-10-12 21:28:11] [INFO] no found
[2017-10-12 21:28:11] [INFO] no found
[2017-10-12 21:28:11] [INFO] no found
[2017-10-12 21:28:11] [INFO] no found
[2017-10-12 21:28:11] [INFO] no found
[2017-10-12 21:28:11] [INFO] no found
[2017-10-12 21:28:11] [INFO] no found
[2017-10-12 21:28:11] [INFO] no found
[2017-10-12 21:28:11] [INFO] no found
[2017-10-12 21:28:11] [INFO] no found
[2017-10-12 21:28:11] [INFO] no found
[2017-10-12 21:28:11] [INFO] no found
[2017-10-12 21:28:11] [INFO] no found
[2017-10-12 21:28:11] [INFO] no found
[2017-10-12 21:28:11] [INFO] no found
[2017-10-12 21:28:11] [INFO] no found
[2017-10-12 21:28:11] [INFO] no found
[2017-10-12 21:28:11] [INFO] no found
[2017-10-12 21:28:11] [INFO] no found
[2017-10-12 21:28:11] [INFO] no found
[2017-10-12 21:28:11] [INFO] no found
[2017-10-12 21:28:11] [INFO] no found
[2017-10-12 21:28:11] [INFO] no found
[2017-10-12 21:28:11] [INFO] no found
[2017-10-12 21:28:11] [INFO] no found
[2017-10-12 21:28:11] [INFO] no found
[2017-10-12 21:28:11] [INFO] no found
[2017-10-12 21:28:11] [INFO] no found
[2017-10-12 21:28:11] [INFO] no found
[2017-10-12 21:28:11] [INFO] no found
[2017-10-12 21:28:11] [INFO] no found
[2017-10-12 21:28:11] [INFO] no found
[2017-10-12 21:28:11] [INFO] no found
[2017-10-12 21:28:11] [INFO] no found
[2017-10-12 21:28:11] [INFO] no found
[2017-10-12 21:28:11] [INFO] no found
[2017-10-12 21:28:11] [INFO] no found
[2017-10-12 21:28:11] [INFO] no found
[2017-10-12 21:28:11] [INFO] no found
[2017-10-12 21:28:11] [INFO] no found
[2017-10-12 21:28:11] [INFO] no found
[2017-10-12 21:28:11] [INFO] no found
[2017-10-12 21:28:11] [INFO] no found
[2017-10-12 21:28:11] [INFO] no found
[2017-10-12 21:28:11] [INFO] no found
[2017-10-12 21:28:11] [INFO] no found
[2017-10-12 21:28:11] [INFO] no found
[2017-10-12 21:28:11] [INFO] no found
[2017-10-12 21:28:11] [INFO] no found
[2017-10-12 21:28:11] [INFO] no found
[2017-10-12 21:28:11] [INFO] no found
[2017-10-12 21:28:11] [INFO] no found
[2017-10-12 21:28:11] [INFO] no found
[2017-10-12 21:28:11] [INFO] no found
[2017-10-12 21:28:11] [INFO] no found
[2017-10-12 21:28:11] [INFO] no found
[2017-10-12 21:28:11] [INFO] no found
[2017-10-12 21:28:11] [INFO] no found
[2017-10-12 21:28:11] [INFO] no found
[2017-10-12 21:28:11] [INFO] no found
[2017-10-12 21:28:11] [INFO] no found
[2017-10-12 21:28:11] [INFO] no found
[2017-10-12 21:28:11] [INFO] no found
[2017-10-12 21:28:11] [INFO] no found
[2017-10-12 21:28:11] [INFO] no found
[2017-10-12 21:28:11] [INFO] no found
[2017-10-12 21:28:11] [INFO] no found
[2017-10-12 21:28:11] [INFO] no found
[2017-10-12 21:28:11] [INFO] no found
[2017-10-12 21:28:11] [INFO] no found
[2017-10-12 21:28:11] [INFO] no found
[2017-10-12 21:28:11] [INFO] no found
[2017-10-12 21:28:11] [INFO] no found
[2017-10-12 21:28:11] [INFO] no found
[2017-10-12 21:28:11] [INFO] no found
[2017-10-12 21:28:11] [INFO] no found
[2017-10-12 21:28:11] [INFO] no found
[2017-10-12 21:28:11] [INFO] no found
[2017-10-12 21:28:11] [INFO] no found
[2017-10-12 21:28:11] [INFO] no found
[2017-10-12 21:28:11] [INFO] no found
[2017-10-12 21:28:11] [INFO] no found
[2017-10-12 21:28:11] [INFO] no found
[2017-10-12 21:28:11] [INFO] no found
[2017-10-12 21:28:11] [INFO] no found
[2017-10-12 21:28:11] [INFO] no found
[2017-10-12 21:28:11] [INFO] no found
[2017-10-12 21:28:11] [INFO] no found
[2017-10-12 21:28:11] [INFO] no found
[2017-10-12 21:28:11] [INFO] no found
[2017-10-12 21:28:11] [INFO] no found
[2017-10-12 21:28:11] [INFO] no found
[2017-10-12 21:28:11] [INFO] no found
[2017-10-12 21:28:11] [INFO] no found
[2017-10-12 21:28:11] [INFO] no found
[2017-10-12 21:28:11] [INFO] no found
[2017-10-12 21:28:11] [INFO] no found
[2017-10-12 21:28:11] [INFO] no found
[2017-10-12 21:28:11] [INFO] no found
[2017-10-12 21:28:11] [INFO] no found
[2017-10-12 21:28:11] [INFO] no found
[2017-10-12 21:28:11] [INFO] no found
[2017-10-12 21:28:11] [INFO] no found
[2017-10-12 21:28:11] [INFO] no found
[2017-10-12 21:28:11] [INFO] no found
[2017-10-12 21:28:11] [INFO] no found
[2017-10-12 21:28:11] [INFO] no found
[2017-10-12 21:28:11] [INFO] [(31, '关闭SSID,查看电脑列表能否搜索到wifi名称 ', 'Pass', '2017-10-12 21:27:18', '2017-10-12 21:28:11', '0:00:53', '')]
[2017-10-12 21:28:11] [INFO] 测试完成后关闭ssid隐藏
[2017-10-12 21:28:34] [INFO] <xlrd.book.Book object at 0x0000000003B4BFD0>
[2017-10-12 21:28:34] [INFO] <xlwt.Workbook.Workbook object at 0x0000000003C18128>
[2017-10-12 21:29:06] [INFO] [(32, '不输入原密码时的提示信息检查 ', 'Pass', '2017-10-12 21:28:40', '2017-10-12 21:29:06', '0:00:26', '')]
[2017-10-12 21:29:09] [INFO] <xlrd.book.Book object at 0x0000000003B82D68>
[2017-10-12 21:29:09] [INFO] <xlwt.Workbook.Workbook object at 0x0000000003C15DD8>
[2017-10-12 21:29:43] [INFO] [(33, '不输入新密码时的提示信息检查 ', 'Pass', '2017-10-12 21:29:14', '2017-10-12 21:29:43', '0:00:29', '')]
[2017-10-12 21:29:46] [INFO] <xlrd.book.Book object at 0x0000000003B85CF8>
[2017-10-12 21:29:46] [INFO] <xlwt.Workbook.Workbook object at 0x0000000003CBCE10>
[2017-10-12 21:30:19] [INFO] [(34, '确认密码不输入时提示信息检查 ', 'Pass', '2017-10-12 21:29:51', '2017-10-12 21:30:19', '0:00:28', '')]
[2017-10-12 21:30:23] [INFO] <xlrd.book.Book object at 0x0000000003BBA6A0>
[2017-10-12 21:30:23] [INFO] <xlwt.Workbook.Workbook object at 0x0000000003C23208>
[2017-10-12 21:30:56] [INFO] [(35, '确认密码与新密码不一致时的提示信息检查 ', 'Pass', '2017-10-12 21:30:28', '2017-10-12 21:30:56', '0:00:28', '')]
[2017-10-12 21:30:59] [INFO] <xlrd.book.Book object at 0x0000000003BBB630>
[2017-10-12 21:30:59] [INFO] <xlwt.Workbook.Workbook object at 0x0000000003C24240>
[2017-10-12 21:31:33] [INFO] [(36, '原密码错误时提示信息检查 ', 'Pass', '2017-10-12 21:31:04', '2017-10-12 21:31:33', '0:00:29', '')]
[2017-10-12 21:31:36] [INFO] <xlrd.book.Book object at 0x0000000003BBA860>
[2017-10-12 21:31:36] [INFO] <xlwt.Workbook.Workbook object at 0x0000000003C24278>
[2017-10-12 21:32:09] [INFO] [(37, '新密码格式错误时提示信息检查 ', 'Pass', '2017-10-12 21:31:41', '2017-10-12 21:32:09', '0:00:28', '')]
[2017-10-12 21:32:12] [INFO] <xlrd.book.Book object at 0x0000000003B83D30>
[2017-10-12 21:32:12] [INFO] <xlwt.Workbook.Workbook object at 0x0000000003C9CF60>
[2017-10-12 21:33:16] [INFO] [(38, '修改登录密码查看是否可以登录成功', 'Pass', '2017-10-12 21:32:17', '2017-10-12 21:33:16', '0:00:59', '')]
[2017-10-12 21:33:16] [INFO] 测试完成恢复登录密码
[2017-10-12 21:33:31] [INFO] <xlrd.book.Book object at 0x0000000003B83CF8>
[2017-10-12 21:33:31] [INFO] <xlwt.Workbook.Workbook object at 0x0000000003C25CF8>
[2017-10-12 21:34:09] [INFO] [(39, '检查时区能否正确改变 ', 'Pass', '2017-10-12 21:33:36', '2017-10-12 21:34:09', '0:00:33', '')]
[2017-10-12 21:34:09] [INFO] 测试完成恢复时区
[2017-10-12 21:34:15] [INFO] <xlrd.book.Book object at 0x0000000003B82D68>
[2017-10-12 21:34:15] [INFO] <xlwt.Workbook.Workbook object at 0x0000000003C1BDD8>
[2017-10-12 21:34:51] [INFO] ./upgrade/upload.exe E:\wifitest\upgrade\eeee.png
[2017-10-12 21:34:51] [INFO] 开始用autoit3脚本控制选择本地文件
[2017-10-12 21:35:04] [INFO] [(40, '上传错误的升级文件时，错误提示 ', 'Pass', '2017-10-12 21:34:20', '2017-10-12 21:35:03', '0:00:43', '')]
[2017-10-12 21:35:07] [INFO] <xlrd.book.Book object at 0x0000000003B82DA0>
[2017-10-12 21:35:07] [INFO] <xlwt.Workbook.Workbook object at 0x0000000003C9F0B8>
[2017-10-12 21:37:04] [INFO] [(41, '重启功能检查 ', 'Pass', '2017-10-12 21:35:12', '2017-10-12 21:37:04', '0:01:52', '')]
[2017-10-12 21:37:07] [INFO] <xlrd.book.Book object at 0x0000000003B82DA0>
[2017-10-12 21:37:07] [INFO] <xlwt.Workbook.Workbook object at 0x0000000003D7B080>
[2017-10-12 21:37:42] [INFO] [(42, '取消重启检查 ', 'Pass', '2017-10-12 21:37:13', '2017-10-12 21:37:42', '0:00:29', '')]
[2017-10-12 21:37:45] [INFO] <xlrd.book.Book object at 0x0000000003B83D68>
[2017-10-12 21:37:45] [INFO] <xlwt.Workbook.Workbook object at 0x0000000003C1A0B8>
[2017-10-12 21:38:06] [INFO] [(43, '退出系统 ', 'Pass', '2017-10-12 21:37:50', '2017-10-12 21:38:06', '0:00:16', '')]
[2017-10-12 21:38:09] [INFO] <xlrd.book.Book object at 0x0000000003B835F8>
[2017-10-12 21:38:09] [INFO] <xlwt.Workbook.Workbook object at 0x0000000003C101D0>
[2017-10-12 21:38:10] [INFO] 发送邮件
