[2017-10-13 00:57:35] [INFO] test_goto_login: test START 
[2017-10-13 00:57:39] [INFO] [(1, '登录页面跳转测试 ', 'Pass', '2017-10-13 00:57:35', '2017-10-13 00:57:39', '0:00:04', '')]
[2017-10-13 00:57:42] [INFO] <xlrd.book.Book object at 0x0000000003B845C0>
[2017-10-13 00:57:42] [INFO] <xlwt.Workbook.Workbook object at 0x0000000003C9D0B8>
[2017-10-13 00:58:01] [INFO] [(2, '正确密码是否可成功登录测试 ', 'Pass', '2017-10-13 00:57:47', '2017-10-13 00:58:01', '0:00:14', '')]
[2017-10-13 00:58:04] [INFO] <xlrd.book.Book object at 0x0000000003B85588>
[2017-10-13 00:58:04] [INFO] <xlwt.Workbook.Workbook object at 0x0000000003C0B048>
[2017-10-13 00:58:27] [INFO] [(3, '是否能顺利跳转到wan 界面 ', 'Pass', '2017-10-13 00:58:09', '2017-10-13 00:58:27', '0:00:18', '')]
[2017-10-13 00:58:30] [INFO] <xlrd.book.Book object at 0x0000000003B69198>
[2017-10-13 00:58:30] [INFO] <xlwt.Workbook.Workbook object at 0x0000000003C0D5F8>
[2017-10-13 00:59:05] [INFO] 请输入IP地址。
[2017-10-13 00:59:05] [INFO] [(4, '没有IP地址输入时的错误信息提示 ', 'Pass', '2017-10-13 00:58:35', '2017-10-13 00:59:05', '0:00:30', '')]
[2017-10-13 00:59:08] [INFO] <xlrd.book.Book object at 0x0000000003B68160>
[2017-10-13 00:59:08] [INFO] <xlwt.Workbook.Workbook object at 0x0000000003C91828>
[2017-10-13 00:59:23] [INFO] [(5, '不填写密码时的提示信息是否正确 ', 'Pass', '2017-10-13 00:59:13', '2017-10-13 00:59:23', '0:00:10', '')]
[2017-10-13 00:59:26] [INFO] <xlrd.book.Book object at 0x0000000003B85588>
[2017-10-13 00:59:26] [INFO] <xlwt.Workbook.Workbook object at 0x0000000003BF4198>
[2017-10-13 00:59:40] [INFO] [(6, '登录密码错误时提示信息是否正确 ', 'Pass', '2017-10-13 00:59:31', '2017-10-13 00:59:40', '0:00:09', '')]
[2017-10-13 00:59:43] [INFO] <xlrd.book.Book object at 0x0000000003B85588>
[2017-10-13 00:59:43] [INFO] <xlwt.Workbook.Workbook object at 0x0000000003CBB470>
[2017-10-13 01:00:18] [INFO] 请输入子网掩码。
[2017-10-13 01:00:18] [INFO] [(7, '不输入子网掩码时的错误信息提示 ', 'Pass', '2017-10-13 00:59:48', '2017-10-13 01:00:18', '0:00:30', '')]
[2017-10-13 01:00:21] [INFO] <xlrd.book.Book object at 0x0000000003B69160>
[2017-10-13 01:00:21] [INFO] <xlwt.Workbook.Workbook object at 0x0000000003C929B0>
[2017-10-13 01:00:57] [INFO] 请输入默认网关地址。
[2017-10-13 01:00:57] [INFO] [(8, '不输入默认网关时的错误信息提示 ', 'Pass', '2017-10-13 01:00:26', '2017-10-13 01:00:57', '0:00:31', '')]
[2017-10-13 01:01:00] [INFO] <xlrd.book.Book object at 0x0000000003B69160>
[2017-10-13 01:01:00] [INFO] <xlwt.Workbook.Workbook object at 0x0000000003C16A20>
[2017-10-13 01:01:33] [INFO] IP地址含非法字符，请重新输入。
[2017-10-13 01:01:36] [INFO] IP地址含非法字符，请重新输入。
[2017-10-13 01:01:39] [INFO] IP地址含非法字符，请重新输入。
[2017-10-13 01:01:43] [INFO] IP地址含非法字符，请重新输入。
[2017-10-13 01:01:46] [INFO] IP地址格式错误，请重新输入。
[2017-10-13 01:01:49] [INFO] IP地址含非法字符，请重新输入。
[2017-10-13 01:01:49] [INFO] [(9, '非法格式的IP地址输入时提示信息检查 ', 'Pass', '2017-10-13 01:01:05', '2017-10-13 01:01:49', '0:00:44', '')]
[2017-10-13 01:01:52] [INFO] <xlrd.book.Book object at 0x0000000003B6A128>
[2017-10-13 01:01:52] [INFO] <xlwt.Workbook.Workbook object at 0x0000000003D26A58>
[2017-10-13 01:02:28] [INFO] 子网掩码不正确，请重新输入。
[2017-10-13 01:02:33] [INFO] 子网掩码不正确，请重新输入。
[2017-10-13 01:02:39] [INFO] 子网掩码不正确，请重新输入。
[2017-10-13 01:02:44] [INFO] 子网掩码不正确，请重新输入。
[2017-10-13 01:02:49] [INFO] 子网掩码不正确，请重新输入。
[2017-10-13 01:02:55] [INFO] 子网掩码不正确，请重新输入。
[2017-10-13 01:02:55] [INFO] [(10, '非法格式的子网掩码输入时，提示信息检查 ', 'Pass', '2017-10-13 01:01:57', '2017-10-13 01:02:55', '0:00:58', '')]
[2017-10-13 01:02:58] [INFO] <xlrd.book.Book object at 0x0000000003B6A128>
[2017-10-13 01:02:58] [INFO] <xlwt.Workbook.Workbook object at 0x0000000003D296A0>
[2017-10-13 01:03:33] [INFO] 默认网关错误，请重新输入。
[2017-10-13 01:03:38] [INFO] 默认网关错误，请重新输入。
[2017-10-13 01:03:44] [INFO] 默认网关错误，请重新输入。
[2017-10-13 01:03:49] [INFO] 默认网关错误，请重新输入。
[2017-10-13 01:03:54] [INFO] 默认网关错误，请重新输入。
[2017-10-13 01:04:00] [INFO] 默认网关错误，请重新输入。
[2017-10-13 01:04:00] [INFO] [(11, '非法格式的默认网关输入时，提示信息检查 ', 'Pass', '2017-10-13 01:03:03', '2017-10-13 01:04:00', '0:00:57', '')]
[2017-10-13 01:04:03] [INFO] <xlrd.book.Book object at 0x0000000003B6A128>
[2017-10-13 01:04:03] [INFO] <xlwt.Workbook.Workbook object at 0x0000000003C20748>
[2017-10-13 01:04:50] [INFO] [(12, '是否可以成功设置静态IP ', 'Pass', '2017-10-13 01:04:08', '2017-10-13 01:04:50', '0:00:42', '')]
[2017-10-13 01:04:50] [INFO] 测试完成后将上网方式恢复为自动获取
[2017-10-13 01:05:14] [INFO] <xlrd.book.Book object at 0x0000000003B6A0F0>
[2017-10-13 01:05:14] [INFO] <xlwt.Workbook.Workbook object at 0x0000000003C1AC18>
[2017-10-13 01:05:41] [INFO] [(13, '是否能顺利跳转到lan页面 ', 'Pass', '2017-10-13 01:05:19', '2017-10-13 01:05:41', '0:00:22', '')]
[2017-10-13 01:05:44] [INFO] <xlrd.book.Book object at 0x0000000003B68470>
[2017-10-13 01:05:44] [INFO] <xlwt.Workbook.Workbook object at 0x0000000003C0BD30>
[2017-10-13 01:06:07] [INFO] 默认的局域网地址:
[2017-10-13 01:06:07] [INFO] 默认的dhcp状态是：checkbox_off
[2017-10-13 01:06:07] [INFO] 默认的初始IP地址池：
[2017-10-13 01:06:07] [INFO] 默认的结束IP地址池： 
[2017-10-13 01:06:07] [INFO] [(14, 'lan页面默认项检查 ', 'Pass', '2017-10-13 01:05:50', '2017-10-13 01:06:07', '0:00:17', '')]
[2017-10-13 01:06:10] [INFO] <xlrd.book.Book object at 0x0000000003B68390>
[2017-10-13 01:06:10] [INFO] <xlwt.Workbook.Workbook object at 0x0000000003C0DD68>
[2017-10-13 01:06:44] [INFO] [(15, 'lan页面不输入局域网地址时的提示语检查 ', 'Pass', '2017-10-13 01:06:16', '2017-10-13 01:06:44', '0:00:28', '')]
[2017-10-13 01:06:47] [INFO] <xlrd.book.Book object at 0x0000000003B683C8>
[2017-10-13 01:06:47] [INFO] <xlwt.Workbook.Workbook object at 0x0000000003C10E10>
[2017-10-13 01:07:17] [INFO] IP地址含非法字符，请重新输入。
[2017-10-13 01:07:19] [INFO] IP地址含非法字符，请重新输入。
[2017-10-13 01:07:21] [INFO] IP地址含非法字符，请重新输入。
[2017-10-13 01:07:24] [INFO] IP地址含非法字符，请重新输入。
[2017-10-13 01:07:26] [INFO] IP地址格式错误，请重新输入。
[2017-10-13 01:07:28] [INFO] IP地址含非法字符，请重新输入。
[2017-10-13 01:07:28] [INFO] [(16, 'lan页面输入格式错误的局域网地址时的提示语检查 ', 'Pass', '2017-10-13 01:06:52', '2017-10-13 01:07:28', '0:00:36', '')]
[2017-10-13 01:07:31] [INFO] <xlrd.book.Book object at 0x0000000003B68358>
[2017-10-13 01:07:31] [INFO] <xlwt.Workbook.Workbook object at 0x0000000003C13EB8>
[2017-10-13 01:09:08] [INFO] [(17, 'lan页面修改局域网地址是否可以成功 ', 'Pass', '2017-10-13 01:07:37', '2017-10-13 01:09:08', '0:01:31', '')]
[2017-10-13 01:09:08] [INFO] 测试完成后修改到原来的IP
[2017-10-13 01:10:24] [INFO] <xlrd.book.Book object at 0x0000000003B68390>
[2017-10-13 01:10:24] [INFO] <xlwt.Workbook.Workbook object at 0x0000000003D9FCC0>
[2017-10-13 01:11:03] [INFO] 地址池开始值错误，请重新输入。
[2017-10-13 01:11:03] [INFO] [(18, '开始IP地址非法时提示信息检查 ', 'Pass', '2017-10-13 01:10:30', '2017-10-13 01:11:03', '0:00:33', '')]
[2017-10-13 01:11:06] [INFO] <xlrd.book.Book object at 0x0000000003B68390>
[2017-10-13 01:11:06] [INFO] <xlwt.Workbook.Workbook object at 0x0000000003C960B8>
[2017-10-13 01:11:43] [INFO] 地址池结束值错误，请重新输入。
[2017-10-13 01:11:43] [INFO] [(19, '结束IP地址非法时提示信息检查 ', 'Pass', '2017-10-13 01:11:11', '2017-10-13 01:11:43', '0:00:32', '')]
[2017-10-13 01:11:46] [INFO] <xlrd.book.Book object at 0x0000000003B68320>
[2017-10-13 01:11:46] [INFO] <xlwt.Workbook.Workbook object at 0x0000000003C160B8>
[2017-10-13 01:12:24] [INFO] 地址池结束值不能小于开始值，请重新输入。
[2017-10-13 01:12:24] [INFO] [(20, '开始IP地址大于结束IP地址时，提示语检查 ', 'Pass', '2017-10-13 01:11:51', '2017-10-13 01:12:24', '0:00:33', '')]
[2017-10-13 01:12:27] [INFO] <xlrd.book.Book object at 0x0000000003B68400>
[2017-10-13 01:12:27] [INFO] <xlwt.Workbook.Workbook object at 0x0000000003CA51D0>
[2017-10-13 01:13:11] [INFO] [(21, '开始ip地址和结束IP地址都合法时，是否可以成功保存 ', 'Pass', '2017-10-13 01:12:33', '2017-10-13 01:13:11', '0:00:38', '')]
[2017-10-13 01:13:14] [INFO] <xlrd.book.Book object at 0x0000000003B68400>
[2017-10-13 01:13:14] [INFO] <xlwt.Workbook.Workbook object at 0x0000000003C15240>
[2017-10-13 01:13:48] [INFO] [(22, 'DHCP 能否被正确关闭 ', 'Pass', '2017-10-13 01:13:20', '2017-10-13 01:13:48', '0:00:28', '')]
[2017-10-13 01:13:51] [INFO] <xlrd.book.Book object at 0x0000000003B683C8>
[2017-10-13 01:13:51] [INFO] <xlwt.Workbook.Workbook object at 0x0000000003C13128>
[2017-10-13 01:14:14] [INFO] [(23, '是否能顺利跳转到无线wifi设置界面 ', 'Pass', '2017-10-13 01:13:56', '2017-10-13 01:14:14', '0:00:18', '')]
[2017-10-13 01:14:17] [INFO] <xlrd.book.Book object at 0x0000000003B4DFD0>
[2017-10-13 01:14:17] [INFO] <xlwt.Workbook.Workbook object at 0x0000000003C0EC88>
[2017-10-13 01:14:39] [INFO] wifiname:frt_test
[2017-10-13 01:14:39] [INFO] wifiname:iot123321
[2017-10-13 01:14:39] [INFO] [(24, 'wifi页面默认项检查 ', 'Pass', '2017-10-13 01:14:22', '2017-10-13 01:14:39', '0:00:17', '')]
[2017-10-13 01:14:42] [INFO] <xlrd.book.Book object at 0x0000000003B4DF98>
[2017-10-13 01:14:42] [INFO] <xlwt.Workbook.Workbook object at 0x0000000003C0ECC0>
[2017-10-13 01:15:07] [ERROR] Traceback (most recent call last):
  File "E:\wifitest\testcase\test_wifi_name_legal.py", line 44, in test_wifi_name_legal
    self.wifipage.clear_wifi_name()
  File "E:\wifitest\webpage\WifiPage.py", line 54, in clear_wifi_name
    self.clear(wifiname)
  File "E:\wifitest\webpage\BasePage.py", line 178, in clear
    element.clear()
  File "C:\python\lib\site-packages\selenium\webdriver\remote\webelement.py", line 87, in clear
    self._execute(Command.CLEAR_ELEMENT)
  File "C:\python\lib\site-packages\selenium\webdriver\remote\webelement.py", line 461, in _execute
    return self._parent.execute(command, params)
  File "C:\python\lib\site-packages\selenium\webdriver\remote\webdriver.py", line 236, in execute
    self.error_handler.check_response(response)
  File "C:\python\lib\site-packages\selenium\webdriver\remote\errorhandler.py", line 192, in check_response
    raise exception_class(message, screen, stacktrace)
selenium.common.exceptions.InvalidElementStateException: Message: invalid element state: Element is not currently interactable and may not be manipulated
  (Session info: chrome=61.0.3163.100)
  (Driver info: chromedriver=2.31.488763 (092de99f48a300323ecf8c2a4e2e7cab51de5ba8),platform=Windows NT 6.1.7601 SP1 x86_64)


[2017-10-13 01:15:07] [INFO] [(25, 'wifi名称各种组合是否支持 ', 'error', '2017-10-13 01:14:48', '2017-10-13 01:15:07', '0:00:19', 'Message: invalid element state: Element is not currently interactable and may not be manipulated\n  (Session info: chrome=61.0.3163.100)\n  (Driver info: chromedriver=2.31.488763 (092de99f48a300323ecf8c2a4e2e7cab51de5ba8),platform=Windows NT 6.1.7601 SP1 x86_64)\n')]
[2017-10-13 01:15:10] [INFO] <xlrd.book.Book object at 0x0000000003B4DFD0>
[2017-10-13 01:15:10] [INFO] <xlwt.Workbook.Workbook object at 0x0000000003CF3F60>
[2017-10-13 01:15:33] [ERROR] Traceback (most recent call last):
  File "E:\wifitest\testcase\test_no_wifi_name_enter.py", line 39, in test_no_wifi_name_enter
    self.wifipage.clear_wifi_name()
  File "E:\wifitest\webpage\WifiPage.py", line 54, in clear_wifi_name
    self.clear(wifiname)
  File "E:\wifitest\webpage\BasePage.py", line 178, in clear
    element.clear()
  File "C:\python\lib\site-packages\selenium\webdriver\remote\webelement.py", line 87, in clear
    self._execute(Command.CLEAR_ELEMENT)
  File "C:\python\lib\site-packages\selenium\webdriver\remote\webelement.py", line 461, in _execute
    return self._parent.execute(command, params)
  File "C:\python\lib\site-packages\selenium\webdriver\remote\webdriver.py", line 236, in execute
    self.error_handler.check_response(response)
  File "C:\python\lib\site-packages\selenium\webdriver\remote\errorhandler.py", line 192, in check_response
    raise exception_class(message, screen, stacktrace)
selenium.common.exceptions.InvalidElementStateException: Message: invalid element state: Element is not currently interactable and may not be manipulated
  (Session info: chrome=61.0.3163.100)
  (Driver info: chromedriver=2.31.488763 (092de99f48a300323ecf8c2a4e2e7cab51de5ba8),platform=Windows NT 6.1.7601 SP1 x86_64)


[2017-10-13 01:15:33] [INFO] [(26, '不输入wifi名称时的提示语检查 ', 'error', '2017-10-13 01:15:15', '2017-10-13 01:15:33', '0:00:18', 'Message: invalid element state: Element is not currently interactable and may not be manipulated\n  (Session info: chrome=61.0.3163.100)\n  (Driver info: chromedriver=2.31.488763 (092de99f48a300323ecf8c2a4e2e7cab51de5ba8),platform=Windows NT 6.1.7601 SP1 x86_64)\n')]
[2017-10-13 01:15:36] [INFO] <xlrd.book.Book object at 0x0000000003B4DF98>
[2017-10-13 01:15:36] [INFO] <xlwt.Workbook.Workbook object at 0x0000000003D64F98>
[2017-10-13 01:15:59] [ERROR] Traceback (most recent call last):
  File "E:\wifitest\testcase\test_no_wifi_password_enter.py", line 39, in test_no_wifi_password_enter
    self.wifipage.clear_wifi_password()
  File "E:\wifitest\webpage\WifiPage.py", line 57, in clear_wifi_password
    self.clear(wifipassword)
  File "E:\wifitest\webpage\BasePage.py", line 178, in clear
    element.clear()
  File "C:\python\lib\site-packages\selenium\webdriver\remote\webelement.py", line 87, in clear
    self._execute(Command.CLEAR_ELEMENT)
  File "C:\python\lib\site-packages\selenium\webdriver\remote\webelement.py", line 461, in _execute
    return self._parent.execute(command, params)
  File "C:\python\lib\site-packages\selenium\webdriver\remote\webdriver.py", line 236, in execute
    self.error_handler.check_response(response)
  File "C:\python\lib\site-packages\selenium\webdriver\remote\errorhandler.py", line 192, in check_response
    raise exception_class(message, screen, stacktrace)
selenium.common.exceptions.InvalidElementStateException: Message: invalid element state: Element is not currently interactable and may not be manipulated
  (Session info: chrome=61.0.3163.100)
  (Driver info: chromedriver=2.31.488763 (092de99f48a300323ecf8c2a4e2e7cab51de5ba8),platform=Windows NT 6.1.7601 SP1 x86_64)


[2017-10-13 01:15:59] [INFO] [(27, '不输入wifi密码时是否可以保存成功 ', 'error', '2017-10-13 01:15:41', '2017-10-13 01:15:59', '0:00:18', 'Message: invalid element state: Element is not currently interactable and may not be manipulated\n  (Session info: chrome=61.0.3163.100)\n  (Driver info: chromedriver=2.31.488763 (092de99f48a300323ecf8c2a4e2e7cab51de5ba8),platform=Windows NT 6.1.7601 SP1 x86_64)\n')]
[2017-10-13 01:15:59] [INFO] 测试完成后恢复wifi密码
[2017-10-13 01:16:25] [ERROR] Traceback (most recent call last):
  File "E:\wifitest\testcase\test_illegal_wifi_password.py", line 42, in test_illegal_wifi_password
    self.wifipage.clear_wifi_password()
  File "E:\wifitest\webpage\WifiPage.py", line 57, in clear_wifi_password
    self.clear(wifipassword)
  File "E:\wifitest\webpage\BasePage.py", line 178, in clear
    element.clear()
  File "C:\python\lib\site-packages\selenium\webdriver\remote\webelement.py", line 87, in clear
    self._execute(Command.CLEAR_ELEMENT)
  File "C:\python\lib\site-packages\selenium\webdriver\remote\webelement.py", line 461, in _execute
    return self._parent.execute(command, params)
  File "C:\python\lib\site-packages\selenium\webdriver\remote\webdriver.py", line 236, in execute
    self.error_handler.check_response(response)
  File "C:\python\lib\site-packages\selenium\webdriver\remote\errorhandler.py", line 192, in check_response
    raise exception_class(message, screen, stacktrace)
selenium.common.exceptions.InvalidElementStateException: Message: invalid element state: Element is not currently interactable and may not be manipulated
  (Session info: chrome=61.0.3163.100)
  (Driver info: chromedriver=2.31.488763 (092de99f48a300323ecf8c2a4e2e7cab51de5ba8),platform=Windows NT 6.1.7601 SP1 x86_64)


[2017-10-13 01:16:25] [INFO] [(28, '输入错误格式的wifi 密码，提示语检查 ', 'error', '2017-10-13 01:16:07', '2017-10-13 01:16:25', '0:00:18', 'Message: invalid element state: Element is not currently interactable and may not be manipulated\n  (Session info: chrome=61.0.3163.100)\n  (Driver info: chromedriver=2.31.488763 (092de99f48a300323ecf8c2a4e2e7cab51de5ba8),platform=Windows NT 6.1.7601 SP1 x86_64)\n')]
[2017-10-13 01:16:25] [INFO] 测试完成恢复wifi密码
[2017-10-13 01:16:52] [ERROR] Traceback (most recent call last):
  File "E:\wifitest\testcase\test_legal_wifi_password.py", line 43, in test_legal_wifi_password
    self.wifipage.clear_wifi_password()
  File "E:\wifitest\webpage\WifiPage.py", line 57, in clear_wifi_password
    self.clear(wifipassword)
  File "E:\wifitest\webpage\BasePage.py", line 178, in clear
    element.clear()
  File "C:\python\lib\site-packages\selenium\webdriver\remote\webelement.py", line 87, in clear
    self._execute(Command.CLEAR_ELEMENT)
  File "C:\python\lib\site-packages\selenium\webdriver\remote\webelement.py", line 461, in _execute
    return self._parent.execute(command, params)
  File "C:\python\lib\site-packages\selenium\webdriver\remote\webdriver.py", line 236, in execute
    self.error_handler.check_response(response)
  File "C:\python\lib\site-packages\selenium\webdriver\remote\errorhandler.py", line 192, in check_response
    raise exception_class(message, screen, stacktrace)
selenium.common.exceptions.InvalidElementStateException: Message: invalid element state: Element is not currently interactable and may not be manipulated
  (Session info: chrome=61.0.3163.100)
  (Driver info: chromedriver=2.31.488763 (092de99f48a300323ecf8c2a4e2e7cab51de5ba8),platform=Windows NT 6.1.7601 SP1 x86_64)


[2017-10-13 01:16:52] [INFO] [(29, '是否支持各种格式的wifi密码 ', 'error', '2017-10-13 01:16:33', '2017-10-13 01:16:52', '0:00:19', 'Message: invalid element state: Element is not currently interactable and may not be manipulated\n  (Session info: chrome=61.0.3163.100)\n  (Driver info: chromedriver=2.31.488763 (092de99f48a300323ecf8c2a4e2e7cab51de5ba8),platform=Windows NT 6.1.7601 SP1 x86_64)\n')]
[2017-10-13 01:16:52] [INFO] 测试完成恢复wifi密码
[2017-10-13 01:17:26] [ERROR] Traceback (most recent call last):
  File "E:\wifitest\testcase\test_close_wifi.py", line 42, in test_close_wifi
    self.wifipage.click_wifi_close_confirm()
  File "E:\wifitest\webpage\WifiPage.py", line 71, in click_wifi_close_confirm
    self.click(wificloseconfirm)
  File "E:\wifitest\webpage\BasePage.py", line 134, in click
    element.click()
  File "C:\python\lib\site-packages\selenium\webdriver\remote\webelement.py", line 72, in click
    self._execute(Command.CLICK_ELEMENT)
  File "C:\python\lib\site-packages\selenium\webdriver\remote\webelement.py", line 461, in _execute
    return self._parent.execute(command, params)
  File "C:\python\lib\site-packages\selenium\webdriver\remote\webdriver.py", line 236, in execute
    self.error_handler.check_response(response)
  File "C:\python\lib\site-packages\selenium\webdriver\remote\errorhandler.py", line 192, in check_response
    raise exception_class(message, screen, stacktrace)
selenium.common.exceptions.ElementNotVisibleException: Message: element not visible
  (Session info: chrome=61.0.3163.100)
  (Driver info: chromedriver=2.31.488763 (092de99f48a300323ecf8c2a4e2e7cab51de5ba8),platform=Windows NT 6.1.7601 SP1 x86_64)


[2017-10-13 01:17:26] [INFO] [(30, '关闭wifi 后，查看电脑的无线列表 ', 'error', '2017-10-13 01:17:04', '2017-10-13 01:17:26', '0:00:22', 'Message: element not visible\n  (Session info: chrome=61.0.3163.100)\n  (Driver info: chromedriver=2.31.488763 (092de99f48a300323ecf8c2a4e2e7cab51de5ba8),platform=Windows NT 6.1.7601 SP1 x86_64)\n')]
[2017-10-13 01:17:26] [INFO] 测试完成后恢复到wifi打开的状态
[2017-10-13 01:18:29] [INFO] no found
[2017-10-13 01:18:29] [INFO] no found
[2017-10-13 01:18:29] [INFO] no found
[2017-10-13 01:18:29] [INFO] no found
[2017-10-13 01:18:29] [INFO] no found
[2017-10-13 01:18:29] [INFO] no found
[2017-10-13 01:18:29] [INFO] no found
[2017-10-13 01:18:29] [INFO] no found
[2017-10-13 01:18:29] [INFO] no found
[2017-10-13 01:18:29] [INFO] no found
[2017-10-13 01:18:29] [INFO] no found
[2017-10-13 01:18:29] [INFO] no found
[2017-10-13 01:18:29] [INFO] no found
[2017-10-13 01:18:29] [INFO] no found
[2017-10-13 01:18:29] [INFO] no found
[2017-10-13 01:18:29] [INFO] no found
[2017-10-13 01:18:29] [INFO] no found
[2017-10-13 01:18:29] [INFO] no found
[2017-10-13 01:18:29] [INFO] no found
[2017-10-13 01:18:29] [INFO] no found
[2017-10-13 01:18:29] [INFO] no found
[2017-10-13 01:18:29] [INFO] no found
[2017-10-13 01:18:29] [INFO] no found
[2017-10-13 01:18:29] [INFO] no found
[2017-10-13 01:18:29] [INFO] no found
[2017-10-13 01:18:29] [INFO] no found
[2017-10-13 01:18:29] [INFO] no found
[2017-10-13 01:18:29] [INFO] no found
[2017-10-13 01:18:29] [INFO] no found
[2017-10-13 01:18:29] [INFO] no found
[2017-10-13 01:18:29] [INFO] no found
[2017-10-13 01:18:29] [INFO] no found
[2017-10-13 01:18:29] [INFO] no found
[2017-10-13 01:18:29] [INFO] no found
[2017-10-13 01:18:29] [INFO] no found
[2017-10-13 01:18:29] [INFO] no found
[2017-10-13 01:18:29] [INFO] no found
[2017-10-13 01:18:29] [INFO] no found
[2017-10-13 01:18:29] [INFO] no found
[2017-10-13 01:18:29] [INFO] no found
[2017-10-13 01:18:29] [INFO] no found
[2017-10-13 01:18:29] [INFO] no found
[2017-10-13 01:18:29] [INFO] no found
[2017-10-13 01:18:29] [INFO] no found
[2017-10-13 01:18:29] [INFO] no found
[2017-10-13 01:18:29] [INFO] no found
[2017-10-13 01:18:29] [INFO] no found
[2017-10-13 01:18:29] [INFO] no found
[2017-10-13 01:18:29] [INFO] no found
[2017-10-13 01:18:29] [INFO] no found
[2017-10-13 01:18:29] [INFO] no found
[2017-10-13 01:18:29] [INFO] no found
[2017-10-13 01:18:29] [INFO] no found
[2017-10-13 01:18:29] [INFO] no found
[2017-10-13 01:18:29] [INFO] no found
[2017-10-13 01:18:29] [INFO] no found
[2017-10-13 01:18:29] [INFO] no found
[2017-10-13 01:18:29] [INFO] no found
[2017-10-13 01:18:29] [INFO] no found
[2017-10-13 01:18:29] [INFO] no found
[2017-10-13 01:18:29] [INFO] no found
[2017-10-13 01:18:29] [INFO] no found
[2017-10-13 01:18:29] [INFO] no found
[2017-10-13 01:18:29] [INFO] no found
[2017-10-13 01:18:29] [INFO] no found
[2017-10-13 01:18:29] [INFO] no found
[2017-10-13 01:18:29] [INFO] no found
[2017-10-13 01:18:29] [INFO] no found
[2017-10-13 01:18:29] [INFO] no found
[2017-10-13 01:18:29] [INFO] no found
[2017-10-13 01:18:29] [INFO] no found
[2017-10-13 01:18:29] [INFO] no found
[2017-10-13 01:18:29] [INFO] no found
[2017-10-13 01:18:29] [INFO] no found
[2017-10-13 01:18:29] [INFO] no found
[2017-10-13 01:18:29] [INFO] no found
[2017-10-13 01:18:29] [INFO] no found
[2017-10-13 01:18:29] [INFO] no found
[2017-10-13 01:18:29] [INFO] no found
[2017-10-13 01:18:29] [INFO] no found
[2017-10-13 01:18:29] [INFO] no found
[2017-10-13 01:18:29] [INFO] no found
[2017-10-13 01:18:29] [INFO] no found
[2017-10-13 01:18:29] [INFO] no found
[2017-10-13 01:18:29] [INFO] no found
[2017-10-13 01:18:29] [INFO] no found
[2017-10-13 01:18:29] [INFO] no found
[2017-10-13 01:18:29] [INFO] no found
[2017-10-13 01:18:29] [INFO] no found
[2017-10-13 01:18:29] [INFO] no found
[2017-10-13 01:18:29] [INFO] no found
[2017-10-13 01:18:29] [INFO] no found
[2017-10-13 01:18:29] [INFO] no found
[2017-10-13 01:18:29] [INFO] no found
[2017-10-13 01:18:29] [INFO] no found
[2017-10-13 01:18:29] [INFO] no found
[2017-10-13 01:18:29] [INFO] no found
[2017-10-13 01:18:29] [INFO] no found
[2017-10-13 01:18:29] [INFO] no found
[2017-10-13 01:18:29] [INFO] no found
[2017-10-13 01:18:29] [INFO] no found
[2017-10-13 01:18:29] [INFO] no found
[2017-10-13 01:18:29] [INFO] no found
[2017-10-13 01:18:29] [INFO] no found
[2017-10-13 01:18:29] [INFO] no found
[2017-10-13 01:18:29] [INFO] no found
[2017-10-13 01:18:29] [INFO] no found
[2017-10-13 01:18:29] [INFO] no found
[2017-10-13 01:18:29] [INFO] no found
[2017-10-13 01:18:29] [INFO] no found
[2017-10-13 01:18:29] [INFO] no found
[2017-10-13 01:18:29] [INFO] no found
[2017-10-13 01:18:29] [INFO] no found
[2017-10-13 01:18:29] [INFO] no found
[2017-10-13 01:18:29] [INFO] no found
[2017-10-13 01:18:29] [INFO] no found
[2017-10-13 01:18:29] [INFO] no found
[2017-10-13 01:18:29] [INFO] no found
[2017-10-13 01:18:29] [INFO] no found
[2017-10-13 01:18:29] [INFO] no found
[2017-10-13 01:18:29] [INFO] no found
[2017-10-13 01:18:29] [INFO] no found
[2017-10-13 01:18:29] [INFO] no found
[2017-10-13 01:18:29] [INFO] no found
[2017-10-13 01:18:29] [INFO] no found
[2017-10-13 01:18:29] [INFO] no found
[2017-10-13 01:18:29] [INFO] no found
[2017-10-13 01:18:29] [INFO] no found
[2017-10-13 01:18:29] [INFO] no found
[2017-10-13 01:18:29] [INFO] no found
[2017-10-13 01:18:29] [INFO] no found
[2017-10-13 01:18:29] [INFO] no found
[2017-10-13 01:18:29] [INFO] no found
[2017-10-13 01:18:29] [INFO] no found
[2017-10-13 01:18:29] [INFO] no found
[2017-10-13 01:18:29] [INFO] no found
[2017-10-13 01:18:29] [INFO] no found
[2017-10-13 01:18:29] [INFO] no found
[2017-10-13 01:18:29] [INFO] no found
[2017-10-13 01:18:29] [INFO] [(31, '关闭SSID,查看电脑列表能否搜索到wifi名称 ', 'Pass', '2017-10-13 01:17:35', '2017-10-13 01:18:29', '0:00:54', '')]
[2017-10-13 01:18:29] [INFO] 测试完成后关闭ssid隐藏
[2017-10-13 01:18:52] [INFO] <xlrd.book.Book object at 0x0000000003B4BE10>
[2017-10-13 01:18:52] [INFO] <xlwt.Workbook.Workbook object at 0x0000000003D23F60>
[2017-10-13 01:19:25] [INFO] [(32, '不输入原密码时的提示信息检查 ', 'Pass', '2017-10-13 01:18:59', '2017-10-13 01:19:25', '0:00:26', '')]
[2017-10-13 01:19:28] [INFO] <xlrd.book.Book object at 0x0000000003B82D68>
[2017-10-13 01:19:28] [INFO] <xlwt.Workbook.Workbook object at 0x0000000003C16D30>
[2017-10-13 01:20:02] [INFO] [(33, '不输入新密码时的提示信息检查 ', 'Pass', '2017-10-13 01:19:33', '2017-10-13 01:20:02', '0:00:29', '')]
[2017-10-13 01:20:05] [INFO] <xlrd.book.Book object at 0x0000000003B83D68>
[2017-10-13 01:20:05] [INFO] <xlwt.Workbook.Workbook object at 0x0000000003C1CDD8>
[2017-10-13 01:20:38] [INFO] [(34, '确认密码不输入时提示信息检查 ', 'Pass', '2017-10-13 01:20:10', '2017-10-13 01:20:38', '0:00:28', '')]
[2017-10-13 01:20:41] [INFO] <xlrd.book.Book object at 0x0000000003BBA6A0>
[2017-10-13 01:20:41] [INFO] <xlwt.Workbook.Workbook object at 0x0000000003C231D0>
[2017-10-13 01:21:15] [INFO] [(35, '确认密码与新密码不一致时的提示信息检查 ', 'Pass', '2017-10-13 01:20:46', '2017-10-13 01:21:15', '0:00:29', '')]
[2017-10-13 01:21:18] [INFO] <xlrd.book.Book object at 0x0000000003BBB630>
[2017-10-13 01:21:18] [INFO] <xlwt.Workbook.Workbook object at 0x0000000003CA4240>
[2017-10-13 01:21:52] [INFO] [(36, '原密码错误时提示信息检查 ', 'Pass', '2017-10-13 01:21:24', '2017-10-13 01:21:52', '0:00:28', '')]
[2017-10-13 01:21:55] [INFO] <xlrd.book.Book object at 0x0000000003BBA828>
[2017-10-13 01:21:55] [INFO] <xlwt.Workbook.Workbook object at 0x0000000003C24240>
[2017-10-13 01:22:28] [INFO] [(37, '新密码格式错误时提示信息检查 ', 'Pass', '2017-10-13 01:22:00', '2017-10-13 01:22:28', '0:00:28', '')]
[2017-10-13 01:22:32] [INFO] <xlrd.book.Book object at 0x0000000003B82DA0>
[2017-10-13 01:22:32] [INFO] <xlwt.Workbook.Workbook object at 0x0000000003FCCF60>
[2017-10-13 01:23:36] [INFO] [(38, '修改登录密码查看是否可以登录成功', 'Pass', '2017-10-13 01:22:37', '2017-10-13 01:23:36', '0:00:59', '')]
[2017-10-13 01:23:36] [INFO] 测试完成恢复登录密码
[2017-10-13 01:23:51] [INFO] <xlrd.book.Book object at 0x0000000003B82D68>
[2017-10-13 01:23:51] [INFO] <xlwt.Workbook.Workbook object at 0x0000000003C25D68>
[2017-10-13 01:24:31] [INFO] [(39, '检查时区能否正确改变 ', 'Pass', '2017-10-13 01:23:56', '2017-10-13 01:24:31', '0:00:35', '')]
[2017-10-13 01:24:31] [INFO] 测试完成恢复时区
[2017-10-13 01:24:36] [INFO] <xlrd.book.Book object at 0x0000000003B82D68>
[2017-10-13 01:24:36] [INFO] <xlwt.Workbook.Workbook object at 0x0000000003CBBE10>
[2017-10-13 01:25:15] [INFO] ./upgrade/upload.exe E:\wifitest\upgrade\eeee.png
[2017-10-13 01:25:15] [INFO] 开始用autoit3脚本控制选择本地文件
[2017-10-13 01:25:28] [INFO] [(40, '上传错误的升级文件时，错误提示 ', 'Pass', '2017-10-13 01:24:44', '2017-10-13 01:25:28', '0:00:44', '')]
[2017-10-13 01:25:31] [INFO] <xlrd.book.Book object at 0x0000000003B83D30>
[2017-10-13 01:25:31] [INFO] <xlwt.Workbook.Workbook object at 0x0000000003DF1048>
[2017-10-13 01:28:35] [INFO] [(41, '重启功能检查 ', 'Pass', '2017-10-13 01:25:37', '2017-10-13 01:28:35', '0:02:58', '')]
[2017-10-13 01:28:38] [INFO] <xlrd.book.Book object at 0x0000000003B82DA0>
[2017-10-13 01:28:38] [INFO] <xlwt.Workbook.Workbook object at 0x0000000003D8B048>
[2017-10-13 01:29:13] [INFO] [(42, '取消重启检查 ', 'Pass', '2017-10-13 01:28:44', '2017-10-13 01:29:13', '0:00:29', '')]
[2017-10-13 01:29:17] [INFO] <xlrd.book.Book object at 0x0000000003B83D68>
[2017-10-13 01:29:17] [INFO] <xlwt.Workbook.Workbook object at 0x0000000003CCA0B8>
[2017-10-13 01:29:38] [INFO] [(43, '退出系统 ', 'Pass', '2017-10-13 01:29:22', '2017-10-13 01:29:38', '0:00:16', '')]
[2017-10-13 01:29:41] [INFO] <xlrd.book.Book object at 0x0000000003B835F8>
[2017-10-13 01:29:41] [INFO] <xlwt.Workbook.Workbook object at 0x0000000003C0F198>
[2017-10-13 01:29:41] [INFO] 发送邮件
