[2017-10-11 22:11:51] [INFO] test_goto_login: test START 
[2017-10-11 22:11:54] [INFO] [(1, '登录页面跳转测试 ', 'Pass', '2017-10-11 22:11:51', '2017-10-11 22:11:54', '0:00:03', '')]
[2017-10-11 22:11:57] [INFO] <xlrd.book.Book object at 0x0000000003B83588>
[2017-10-11 22:11:57] [INFO] <xlwt.Workbook.Workbook object at 0x0000000003C0B080>
[2017-10-11 22:12:16] [INFO] [(2, '正确密码是否可成功登录测试 ', 'Pass', '2017-10-11 22:12:02', '2017-10-11 22:12:16', '0:00:14', '')]
[2017-10-11 22:12:19] [INFO] <xlrd.book.Book object at 0x0000000003B864E0>
[2017-10-11 22:12:19] [INFO] <xlwt.Workbook.Workbook object at 0x0000000003C04F28>
[2017-10-11 22:12:42] [INFO] [(3, '是否能顺利跳转到wan 界面 ', 'Pass', '2017-10-11 22:12:25', '2017-10-11 22:12:42', '0:00:17', '')]
[2017-10-11 22:12:45] [INFO] <xlrd.book.Book object at 0x0000000003B68160>
[2017-10-11 22:12:45] [INFO] <xlwt.Workbook.Workbook object at 0x0000000003C0C588>
[2017-10-11 22:13:20] [INFO] 请输入IP地址。
[2017-10-11 22:13:20] [INFO] [(4, '没有IP地址输入时的错误信息提示 ', 'Pass', '2017-10-11 22:12:51', '2017-10-11 22:13:20', '0:00:29', '')]
[2017-10-11 22:13:23] [INFO] <xlrd.book.Book object at 0x0000000003B6A128>
[2017-10-11 22:13:23] [INFO] <xlwt.Workbook.Workbook object at 0x0000000003CB17F0>
[2017-10-11 22:13:39] [INFO] [(5, '不填写密码时的提示信息是否正确 ', 'Pass', '2017-10-11 22:13:29', '2017-10-11 22:13:39', '0:00:10', '')]
[2017-10-11 22:13:42] [INFO] <xlrd.book.Book object at 0x0000000003B86550>
[2017-10-11 22:13:42] [INFO] <xlwt.Workbook.Workbook object at 0x0000000003C09668>
[2017-10-11 22:13:55] [INFO] [(6, '登录密码错误时提示信息是否正确 ', 'Pass', '2017-10-11 22:13:48', '2017-10-11 22:13:55', '0:00:07', '')]
[2017-10-11 22:13:59] [INFO] <xlrd.book.Book object at 0x0000000003B86550>
[2017-10-11 22:13:59] [INFO] <xlwt.Workbook.Workbook object at 0x0000000003C0A438>
[2017-10-11 22:14:34] [INFO] 请输入子网掩码。
[2017-10-11 22:14:34] [INFO] [(7, '不输入子网掩码时的错误信息提示 ', 'Pass', '2017-10-11 22:14:04', '2017-10-11 22:14:34', '0:00:30', '')]
[2017-10-11 22:14:37] [INFO] <xlrd.book.Book object at 0x0000000003B68128>
[2017-10-11 22:14:37] [INFO] <xlwt.Workbook.Workbook object at 0x0000000003C92978>
[2017-10-11 22:15:12] [INFO] 请输入默认网关地址。
[2017-10-11 22:15:12] [INFO] [(8, '不输入默认网关时的错误信息提示 ', 'Pass', '2017-10-11 22:14:42', '2017-10-11 22:15:12', '0:00:30', '')]
[2017-10-11 22:15:15] [INFO] <xlrd.book.Book object at 0x0000000003B68128>
[2017-10-11 22:15:15] [INFO] <xlwt.Workbook.Workbook object at 0x0000000003C16A58>
[2017-10-11 22:15:49] [INFO] IP地址含非法字符，请重新输入。
[2017-10-11 22:15:52] [INFO] IP地址含非法字符，请重新输入。
[2017-10-11 22:15:55] [INFO] IP地址含非法字符，请重新输入。
[2017-10-11 22:15:59] [INFO] IP地址含非法字符，请重新输入。
[2017-10-11 22:16:02] [INFO] IP地址格式错误，请重新输入。
[2017-10-11 22:16:05] [INFO] IP地址含非法字符，请重新输入。
[2017-10-11 22:16:05] [INFO] [(9, '非法格式的IP地址输入时提示信息检查 ', 'Pass', '2017-10-11 22:15:20', '2017-10-11 22:16:05', '0:00:45', '')]
[2017-10-11 22:16:08] [INFO] <xlrd.book.Book object at 0x0000000003B6A128>
[2017-10-11 22:16:08] [INFO] <xlwt.Workbook.Workbook object at 0x0000000003C16A20>
[2017-10-11 22:16:45] [INFO] 子网掩码不正确，请重新输入。
[2017-10-11 22:16:50] [INFO] 子网掩码不正确，请重新输入。
[2017-10-11 22:16:55] [INFO] 子网掩码不正确，请重新输入。
[2017-10-11 22:17:01] [INFO] 子网掩码不正确，请重新输入。
[2017-10-11 22:17:06] [INFO] 子网掩码不正确，请重新输入。
[2017-10-11 22:17:11] [INFO] 子网掩码不正确，请重新输入。
[2017-10-11 22:17:11] [INFO] [(10, '非法格式的子网掩码输入时，提示信息检查 ', 'Pass', '2017-10-11 22:16:14', '2017-10-11 22:17:11', '0:00:57', '')]
[2017-10-11 22:17:14] [INFO] <xlrd.book.Book object at 0x0000000003B6B080>
[2017-10-11 22:17:14] [INFO] <xlwt.Workbook.Workbook object at 0x0000000003CC95F8>
[2017-10-11 22:17:50] [INFO] 默认网关错误，请重新输入。
[2017-10-11 22:17:55] [INFO] 默认网关错误，请重新输入。
[2017-10-11 22:18:00] [INFO] 默认网关错误，请重新输入。
[2017-10-11 22:18:06] [INFO] 默认网关错误，请重新输入。
[2017-10-11 22:18:11] [INFO] 默认网关错误，请重新输入。
[2017-10-11 22:18:16] [INFO] 默认网关错误，请重新输入。
[2017-10-11 22:18:16] [INFO] [(11, '非法格式的默认网关输入时，提示信息检查 ', 'Pass', '2017-10-11 22:17:19', '2017-10-11 22:18:16', '0:00:57', '')]
[2017-10-11 22:18:19] [INFO] <xlrd.book.Book object at 0x0000000003B6B0B8>
[2017-10-11 22:18:19] [INFO] <xlwt.Workbook.Workbook object at 0x0000000003C20710>
[2017-10-11 22:19:07] [INFO] [(12, '是否可以成功设置静态IP ', 'Pass', '2017-10-11 22:18:25', '2017-10-11 22:19:07', '0:00:42', '')]
[2017-10-11 22:19:07] [INFO] 测试完成后将上网方式恢复为自动获取
[2017-10-11 22:19:31] [INFO] <xlrd.book.Book object at 0x0000000003B6A0B8>
[2017-10-11 22:19:31] [INFO] <xlwt.Workbook.Workbook object at 0x0000000003C98BA8>
[2017-10-11 22:19:59] [INFO] [(13, '是否能顺利跳转到lan页面 ', 'Pass', '2017-10-11 22:19:36', '2017-10-11 22:19:59', '0:00:23', '')]
[2017-10-11 22:20:02] [INFO] <xlrd.book.Book object at 0x0000000003B69400>
[2017-10-11 22:20:02] [INFO] <xlwt.Workbook.Workbook object at 0x0000000003CBBC88>
[2017-10-11 22:20:25] [INFO] 默认的局域网地址:
[2017-10-11 22:20:26] [INFO] 默认的dhcp状态是：checkbox_off
[2017-10-11 22:20:26] [INFO] 默认的初始IP地址池：
[2017-10-11 22:20:26] [INFO] 默认的结束IP地址池： 
[2017-10-11 22:20:26] [INFO] [(14, 'lan页面默认项检查 ', 'Pass', '2017-10-11 22:20:08', '2017-10-11 22:20:26', '0:00:18', '')]
[2017-10-11 22:20:29] [INFO] <xlrd.book.Book object at 0x0000000003B69358>
[2017-10-11 22:20:29] [INFO] <xlwt.Workbook.Workbook object at 0x0000000003C0CCF8>
[2017-10-11 22:21:02] [INFO] [(15, 'lan页面不输入局域网地址时的提示语检查 ', 'Pass', '2017-10-11 22:20:34', '2017-10-11 22:21:02', '0:00:28', '')]
[2017-10-11 22:21:05] [INFO] <xlrd.book.Book object at 0x0000000003B69390>
[2017-10-11 22:21:05] [INFO] <xlwt.Workbook.Workbook object at 0x0000000003C0FDD8>
[2017-10-11 22:21:36] [INFO] IP地址含非法字符，请重新输入。
[2017-10-11 22:21:38] [INFO] IP地址含非法字符，请重新输入。
[2017-10-11 22:21:40] [INFO] IP地址含非法字符，请重新输入。
[2017-10-11 22:21:43] [INFO] IP地址含非法字符，请重新输入。
[2017-10-11 22:21:45] [INFO] IP地址格式错误，请重新输入。
[2017-10-11 22:21:47] [INFO] IP地址含非法字符，请重新输入。
[2017-10-11 22:21:47] [INFO] [(16, 'lan页面输入格式错误的局域网地址时的提示语检查 ', 'Pass', '2017-10-11 22:21:11', '2017-10-11 22:21:47', '0:00:36', '')]
[2017-10-11 22:21:50] [INFO] <xlrd.book.Book object at 0x0000000003B69320>
[2017-10-11 22:21:50] [INFO] <xlwt.Workbook.Workbook object at 0x0000000003C13E10>
[2017-10-11 22:23:27] [INFO] [(17, 'lan页面修改局域网地址是否可以成功 ', 'Pass', '2017-10-11 22:21:56', '2017-10-11 22:23:27', '0:01:31', '')]
[2017-10-11 22:23:27] [INFO] 测试完成后修改到原来的IP
[2017-10-11 22:24:43] [INFO] <xlrd.book.Book object at 0x0000000003B693C8>
[2017-10-11 22:24:43] [INFO] <xlwt.Workbook.Workbook object at 0x0000000003C4EC88>
[2017-10-11 22:25:22] [INFO] 地址池开始值错误，请重新输入。
[2017-10-11 22:25:22] [INFO] [(18, '开始IP地址非法时提示信息检查 ', 'Pass', '2017-10-11 22:24:49', '2017-10-11 22:25:22', '0:00:33', '')]
[2017-10-11 22:25:25] [INFO] <xlrd.book.Book object at 0x0000000003B693C8>
[2017-10-11 22:25:25] [INFO] <xlwt.Workbook.Workbook object at 0x0000000003C15080>
[2017-10-11 22:26:01] [INFO] 地址池结束值错误，请重新输入。
[2017-10-11 22:26:01] [INFO] [(19, '结束IP地址非法时提示信息检查 ', 'Pass', '2017-10-11 22:25:30', '2017-10-11 22:26:01', '0:00:31', '')]
[2017-10-11 22:26:04] [INFO] <xlrd.book.Book object at 0x0000000003B69390>
[2017-10-11 22:26:04] [INFO] <xlwt.Workbook.Workbook object at 0x0000000003C160B8>
[2017-10-11 22:26:43] [INFO] 地址池结束值不能小于开始值，请重新输入。
[2017-10-11 22:26:43] [INFO] [(20, '开始IP地址大于结束IP地址时，提示语检查 ', 'Pass', '2017-10-11 22:26:10', '2017-10-11 22:26:43', '0:00:33', '')]
[2017-10-11 22:26:46] [INFO] <xlrd.book.Book object at 0x0000000003B69358>
[2017-10-11 22:26:46] [INFO] <xlwt.Workbook.Workbook object at 0x0000000003C16128>
[2017-10-11 22:27:30] [INFO] [(21, '开始ip地址和结束IP地址都合法时，是否可以成功保存 ', 'Pass', '2017-10-11 22:26:51', '2017-10-11 22:27:29', '0:00:38', '')]
[2017-10-11 22:27:33] [INFO] <xlrd.book.Book object at 0x0000000003B693C8>
[2017-10-11 22:27:33] [INFO] <xlwt.Workbook.Workbook object at 0x0000000003DF5208>
[2017-10-11 22:28:05] [INFO] [(22, 'DHCP 能否被正确关闭 ', 'Pass', '2017-10-11 22:27:38', '2017-10-11 22:28:05', '0:00:27', '')]
[2017-10-11 22:28:08] [INFO] <xlrd.book.Book object at 0x0000000003B69390>
[2017-10-11 22:28:08] [INFO] <xlwt.Workbook.Workbook object at 0x0000000003C92080>
[2017-10-11 22:28:31] [INFO] [(23, '是否能顺利跳转到无线wifi设置界面 ', 'Pass', '2017-10-11 22:28:13', '2017-10-11 22:28:31', '0:00:18', '')]
[2017-10-11 22:28:34] [INFO] <xlrd.book.Book object at 0x0000000003B4CF60>
[2017-10-11 22:28:34] [INFO] <xlwt.Workbook.Workbook object at 0x0000000003C0EC18>
[2017-10-11 22:28:56] [INFO] wifiname:frt_test
[2017-10-11 22:28:56] [INFO] wifiname:iot123321
[2017-10-11 22:28:56] [INFO] [(24, 'wifi页面默认项检查 ', 'Pass', '2017-10-11 22:28:39', '2017-10-11 22:28:56', '0:00:17', '')]
[2017-10-11 22:28:59] [INFO] <xlrd.book.Book object at 0x0000000003B4CF60>
[2017-10-11 22:28:59] [INFO] <xlwt.Workbook.Workbook object at 0x0000000003C8EC88>
[2017-10-11 22:33:47] [INFO] [(25, 'wifi名称各种组合是否支持 ', 'Pass', '2017-10-11 22:29:05', '2017-10-11 22:33:47', '0:04:42', '')]
[2017-10-11 22:33:50] [INFO] <xlrd.book.Book object at 0x0000000003B4CF98>
[2017-10-11 22:33:50] [INFO] <xlwt.Workbook.Workbook object at 0x0000000003CD2D68>
[2017-10-11 22:34:13] [INFO] 请输入2.4G无线名称。
[2017-10-11 22:34:13] [INFO] [(26, '不输入wifi名称时的提示语检查 ', 'Pass', '2017-10-11 22:33:56', '2017-10-11 22:34:13', '0:00:17', '')]
[2017-10-11 22:34:16] [INFO] <xlrd.book.Book object at 0x0000000003B4CF60>
[2017-10-11 22:34:16] [INFO] <xlwt.Workbook.Workbook object at 0x0000000003C10E10>
[2017-10-11 22:34:46] [INFO] [(27, '不输入wifi密码时是否可以保存成功 ', 'Pass', '2017-10-11 22:34:21', '2017-10-11 22:34:46', '0:00:25', '')]
[2017-10-11 22:34:46] [INFO] 测试完成后恢复wifi密码
[2017-10-11 22:35:28] [INFO] [(28, '输入错误格式的wifi 密码，提示语检查 ', 'Pass', '2017-10-11 22:34:55', '2017-10-11 22:35:28', '0:00:33', '')]
[2017-10-11 22:35:28] [INFO] 测试完成恢复wifi密码
[2017-10-11 22:35:55] [INFO] <xlrd.book.Book object at 0x0000000003B4BF60>
[2017-10-11 22:35:55] [INFO] <xlwt.Workbook.Workbook object at 0x0000000003C1AEF0>
[2017-10-11 22:39:15] [INFO] [(29, '是否支持各种格式的wifi密码 ', 'Pass', '2017-10-11 22:36:00', '2017-10-11 22:39:15', '0:03:15', '')]
[2017-10-11 22:39:15] [INFO] 测试完成恢复wifi密码
[2017-10-11 22:39:46] [INFO] <xlrd.book.Book object at 0x0000000003B4BF60>
[2017-10-11 22:39:46] [INFO] <xlwt.Workbook.Workbook object at 0x0000000003E02F28>
[2017-10-11 22:40:16] [INFO] no found
[2017-10-11 22:40:16] [INFO] no found
[2017-10-11 22:40:16] [INFO] no found
[2017-10-11 22:40:16] [INFO] no found
[2017-10-11 22:40:16] [INFO] no found
[2017-10-11 22:40:16] [INFO] no found
[2017-10-11 22:40:16] [INFO] no found
[2017-10-11 22:40:16] [INFO] no found
[2017-10-11 22:40:16] [INFO] no found
[2017-10-11 22:40:16] [INFO] no found
[2017-10-11 22:40:16] [INFO] no found
[2017-10-11 22:40:16] [INFO] no found
[2017-10-11 22:40:16] [INFO] no found
[2017-10-11 22:40:16] [INFO] no found
[2017-10-11 22:40:16] [INFO] no found
[2017-10-11 22:40:16] [INFO] no found
[2017-10-11 22:40:16] [INFO] no found
[2017-10-11 22:40:16] [INFO] no found
[2017-10-11 22:40:16] [INFO] no found
[2017-10-11 22:40:16] [INFO] no found
[2017-10-11 22:40:16] [INFO] no found
[2017-10-11 22:40:16] [INFO] no found
[2017-10-11 22:40:16] [INFO] no found
[2017-10-11 22:40:16] [INFO] no found
[2017-10-11 22:40:16] [INFO] no found
[2017-10-11 22:40:16] [INFO] no found
[2017-10-11 22:40:16] [INFO] no found
[2017-10-11 22:40:16] [INFO] no found
[2017-10-11 22:40:16] [INFO] no found
[2017-10-11 22:40:16] [INFO] no found
[2017-10-11 22:40:16] [INFO] no found
[2017-10-11 22:40:16] [INFO] no found
[2017-10-11 22:40:16] [INFO] no found
[2017-10-11 22:40:16] [INFO] no found
[2017-10-11 22:40:16] [INFO] no found
[2017-10-11 22:40:16] [INFO] no found
[2017-10-11 22:40:16] [INFO] no found
[2017-10-11 22:40:16] [INFO] no found
[2017-10-11 22:40:16] [INFO] no found
[2017-10-11 22:40:16] [INFO] no found
[2017-10-11 22:40:16] [INFO] no found
[2017-10-11 22:40:16] [INFO] no found
[2017-10-11 22:40:16] [INFO] no found
[2017-10-11 22:40:16] [INFO] no found
[2017-10-11 22:40:16] [INFO] no found
[2017-10-11 22:40:16] [INFO] no found
[2017-10-11 22:40:16] [INFO] no found
[2017-10-11 22:40:16] [INFO] no found
[2017-10-11 22:40:16] [INFO] no found
[2017-10-11 22:40:16] [INFO] no found
[2017-10-11 22:40:16] [INFO] no found
[2017-10-11 22:40:16] [INFO] no found
[2017-10-11 22:40:16] [INFO] no found
[2017-10-11 22:40:16] [INFO] no found
[2017-10-11 22:40:16] [INFO] no found
[2017-10-11 22:40:16] [INFO] no found
[2017-10-11 22:40:16] [INFO] no found
[2017-10-11 22:40:16] [INFO] no found
[2017-10-11 22:40:16] [INFO] no found
[2017-10-11 22:40:16] [INFO] no found
[2017-10-11 22:40:16] [INFO] no found
[2017-10-11 22:40:16] [INFO] no found
[2017-10-11 22:40:16] [INFO] no found
[2017-10-11 22:40:16] [INFO] no found
[2017-10-11 22:40:16] [INFO] no found
[2017-10-11 22:40:16] [INFO] no found
[2017-10-11 22:40:16] [INFO] no found
[2017-10-11 22:40:16] [INFO] no found
[2017-10-11 22:40:16] [INFO] no found
[2017-10-11 22:40:16] [INFO] no found
[2017-10-11 22:40:16] [INFO] no found
[2017-10-11 22:40:16] [INFO] no found
[2017-10-11 22:40:16] [INFO] no found
[2017-10-11 22:40:16] [INFO] no found
[2017-10-11 22:40:16] [INFO] no found
[2017-10-11 22:40:16] [INFO] no found
[2017-10-11 22:40:16] [INFO] no found
[2017-10-11 22:40:16] [INFO] no found
[2017-10-11 22:40:16] [INFO] no found
[2017-10-11 22:40:16] [INFO] no found
[2017-10-11 22:40:16] [INFO] no found
[2017-10-11 22:40:16] [INFO] no found
[2017-10-11 22:40:16] [INFO] no found
[2017-10-11 22:40:16] [INFO] no found
[2017-10-11 22:40:16] [INFO] no found
[2017-10-11 22:40:16] [INFO] no found
[2017-10-11 22:40:16] [INFO] no found
[2017-10-11 22:40:16] [INFO] no found
[2017-10-11 22:40:16] [INFO] no found
[2017-10-11 22:40:16] [INFO] no found
[2017-10-11 22:40:16] [INFO] no found
[2017-10-11 22:40:16] [INFO] no found
[2017-10-11 22:40:16] [INFO] no found
[2017-10-11 22:40:16] [INFO] no found
[2017-10-11 22:40:16] [INFO] no found
[2017-10-11 22:40:16] [INFO] no found
[2017-10-11 22:40:16] [INFO] no found
[2017-10-11 22:40:16] [INFO] no found
[2017-10-11 22:40:16] [INFO] no found
[2017-10-11 22:40:16] [INFO] no found
[2017-10-11 22:40:16] [INFO] no found
[2017-10-11 22:40:16] [INFO] no found
[2017-10-11 22:40:16] [INFO] no found
[2017-10-11 22:40:16] [INFO] no found
[2017-10-11 22:40:16] [INFO] no found
[2017-10-11 22:40:16] [INFO] no found
[2017-10-11 22:40:16] [INFO] no found
[2017-10-11 22:40:16] [INFO] no found
[2017-10-11 22:40:16] [INFO] no found
[2017-10-11 22:40:16] [INFO] no found
[2017-10-11 22:40:16] [INFO] no found
[2017-10-11 22:40:16] [INFO] no found
[2017-10-11 22:40:16] [INFO] no found
[2017-10-11 22:40:16] [INFO] no found
[2017-10-11 22:40:16] [INFO] no found
[2017-10-11 22:40:16] [INFO] no found
[2017-10-11 22:40:16] [INFO] no found
[2017-10-11 22:40:16] [INFO] no found
[2017-10-11 22:40:16] [INFO] no found
[2017-10-11 22:40:16] [INFO] no found
[2017-10-11 22:40:16] [INFO] no found
[2017-10-11 22:40:16] [INFO] no found
[2017-10-11 22:40:16] [INFO] no found
[2017-10-11 22:40:16] [INFO] no found
[2017-10-11 22:40:16] [INFO] no found
[2017-10-11 22:40:16] [INFO] no found
[2017-10-11 22:40:16] [INFO] no found
[2017-10-11 22:40:16] [INFO] no found
[2017-10-11 22:40:16] [INFO] no found
[2017-10-11 22:40:16] [INFO] no found
[2017-10-11 22:40:16] [INFO] no found
[2017-10-11 22:40:16] [INFO] no found
[2017-10-11 22:40:16] [INFO] no found
[2017-10-11 22:40:16] [INFO] no found
[2017-10-11 22:40:16] [INFO] no found
[2017-10-11 22:40:16] [INFO] no found
[2017-10-11 22:40:16] [INFO] no found
[2017-10-11 22:40:16] [INFO] no found
[2017-10-11 22:40:16] [INFO] no found
[2017-10-11 22:40:16] [INFO] no found
[2017-10-11 22:40:16] [INFO] no found
[2017-10-11 22:40:16] [INFO] no found
[2017-10-11 22:40:16] [INFO] no found
[2017-10-11 22:40:16] [INFO] no found
[2017-10-11 22:40:16] [INFO] no found
[2017-10-11 22:40:16] [INFO] no found
[2017-10-11 22:40:16] [INFO] no found
[2017-10-11 22:40:16] [INFO] no found
[2017-10-11 22:40:16] [INFO] no found
[2017-10-11 22:40:16] [INFO] [(30, '关闭wifi 后，查看电脑的无线列表 ', 'Pass', '2017-10-11 22:39:51', '2017-10-11 22:40:16', '0:00:25', '')]
[2017-10-11 22:40:16] [INFO] 测试完成后恢复到wifi打开的状态
[2017-10-11 22:40:24] [INFO] <xlrd.book.Book object at 0x0000000003B4BF60>
[2017-10-11 22:40:24] [INFO] <xlwt.Workbook.Workbook object at 0x0000000003C15F60>
[2017-10-11 22:41:22] [INFO] no found
[2017-10-11 22:41:22] [INFO] no found
[2017-10-11 22:41:22] [INFO] no found
[2017-10-11 22:41:22] [INFO] no found
[2017-10-11 22:41:22] [INFO] no found
[2017-10-11 22:41:22] [INFO] no found
[2017-10-11 22:41:22] [INFO] no found
[2017-10-11 22:41:22] [INFO] no found
[2017-10-11 22:41:22] [INFO] no found
[2017-10-11 22:41:22] [INFO] no found
[2017-10-11 22:41:22] [INFO] no found
[2017-10-11 22:41:22] [INFO] no found
[2017-10-11 22:41:22] [INFO] no found
[2017-10-11 22:41:22] [INFO] no found
[2017-10-11 22:41:22] [INFO] no found
[2017-10-11 22:41:22] [INFO] no found
[2017-10-11 22:41:22] [INFO] no found
[2017-10-11 22:41:22] [INFO] no found
[2017-10-11 22:41:22] [INFO] no found
[2017-10-11 22:41:22] [INFO] no found
[2017-10-11 22:41:22] [INFO] no found
[2017-10-11 22:41:22] [INFO] no found
[2017-10-11 22:41:22] [INFO] no found
[2017-10-11 22:41:22] [INFO] no found
[2017-10-11 22:41:22] [INFO] no found
[2017-10-11 22:41:22] [INFO] no found
[2017-10-11 22:41:22] [INFO] no found
[2017-10-11 22:41:22] [INFO] no found
[2017-10-11 22:41:22] [INFO] no found
[2017-10-11 22:41:22] [INFO] no found
[2017-10-11 22:41:22] [INFO] no found
[2017-10-11 22:41:22] [INFO] no found
[2017-10-11 22:41:22] [INFO] no found
[2017-10-11 22:41:22] [INFO] no found
[2017-10-11 22:41:22] [INFO] no found
[2017-10-11 22:41:22] [INFO] no found
[2017-10-11 22:41:22] [INFO] no found
[2017-10-11 22:41:22] [INFO] no found
[2017-10-11 22:41:22] [INFO] no found
[2017-10-11 22:41:22] [INFO] no found
[2017-10-11 22:41:22] [INFO] no found
[2017-10-11 22:41:22] [INFO] no found
[2017-10-11 22:41:22] [INFO] no found
[2017-10-11 22:41:22] [INFO] no found
[2017-10-11 22:41:22] [INFO] no found
[2017-10-11 22:41:22] [INFO] no found
[2017-10-11 22:41:22] [INFO] no found
[2017-10-11 22:41:22] [INFO] no found
[2017-10-11 22:41:22] [INFO] no found
[2017-10-11 22:41:22] [INFO] no found
[2017-10-11 22:41:22] [INFO] no found
[2017-10-11 22:41:22] [INFO] no found
[2017-10-11 22:41:22] [INFO] no found
[2017-10-11 22:41:22] [INFO] no found
[2017-10-11 22:41:22] [INFO] no found
[2017-10-11 22:41:22] [INFO] no found
[2017-10-11 22:41:22] [INFO] no found
[2017-10-11 22:41:22] [INFO] no found
[2017-10-11 22:41:22] [INFO] no found
[2017-10-11 22:41:22] [INFO] no found
[2017-10-11 22:41:22] [INFO] no found
[2017-10-11 22:41:22] [INFO] no found
[2017-10-11 22:41:22] [INFO] no found
[2017-10-11 22:41:22] [INFO] no found
[2017-10-11 22:41:22] [INFO] no found
[2017-10-11 22:41:22] [INFO] no found
[2017-10-11 22:41:22] [INFO] no found
[2017-10-11 22:41:22] [INFO] no found
[2017-10-11 22:41:22] [INFO] no found
[2017-10-11 22:41:22] [INFO] no found
[2017-10-11 22:41:22] [INFO] no found
[2017-10-11 22:41:22] [INFO] no found
[2017-10-11 22:41:22] [INFO] no found
[2017-10-11 22:41:22] [INFO] no found
[2017-10-11 22:41:22] [INFO] no found
[2017-10-11 22:41:22] [INFO] no found
[2017-10-11 22:41:22] [INFO] no found
[2017-10-11 22:41:22] [INFO] no found
[2017-10-11 22:41:22] [INFO] no found
[2017-10-11 22:41:22] [INFO] no found
[2017-10-11 22:41:22] [INFO] no found
[2017-10-11 22:41:22] [INFO] no found
[2017-10-11 22:41:22] [INFO] no found
[2017-10-11 22:41:22] [INFO] no found
[2017-10-11 22:41:22] [INFO] no found
[2017-10-11 22:41:22] [INFO] no found
[2017-10-11 22:41:22] [INFO] no found
[2017-10-11 22:41:22] [INFO] no found
[2017-10-11 22:41:22] [INFO] no found
[2017-10-11 22:41:22] [INFO] no found
[2017-10-11 22:41:22] [INFO] no found
[2017-10-11 22:41:22] [INFO] no found
[2017-10-11 22:41:22] [INFO] no found
[2017-10-11 22:41:22] [INFO] no found
[2017-10-11 22:41:22] [INFO] no found
[2017-10-11 22:41:22] [INFO] no found
[2017-10-11 22:41:22] [INFO] no found
[2017-10-11 22:41:22] [INFO] no found
[2017-10-11 22:41:22] [INFO] no found
[2017-10-11 22:41:22] [INFO] no found
[2017-10-11 22:41:22] [INFO] no found
[2017-10-11 22:41:22] [INFO] no found
[2017-10-11 22:41:22] [INFO] no found
[2017-10-11 22:41:22] [INFO] no found
[2017-10-11 22:41:22] [INFO] no found
[2017-10-11 22:41:22] [INFO] no found
[2017-10-11 22:41:22] [INFO] no found
[2017-10-11 22:41:22] [INFO] no found
[2017-10-11 22:41:22] [INFO] no found
[2017-10-11 22:41:22] [INFO] no found
[2017-10-11 22:41:22] [INFO] no found
[2017-10-11 22:41:22] [INFO] no found
[2017-10-11 22:41:22] [INFO] no found
[2017-10-11 22:41:22] [INFO] no found
[2017-10-11 22:41:22] [INFO] no found
[2017-10-11 22:41:22] [INFO] no found
[2017-10-11 22:41:22] [INFO] no found
[2017-10-11 22:41:22] [INFO] no found
[2017-10-11 22:41:22] [INFO] no found
[2017-10-11 22:41:22] [INFO] no found
[2017-10-11 22:41:22] [INFO] no found
[2017-10-11 22:41:22] [INFO] no found
[2017-10-11 22:41:22] [INFO] no found
[2017-10-11 22:41:22] [INFO] no found
[2017-10-11 22:41:22] [INFO] no found
[2017-10-11 22:41:22] [INFO] no found
[2017-10-11 22:41:22] [INFO] no found
[2017-10-11 22:41:22] [INFO] no found
[2017-10-11 22:41:22] [INFO] no found
[2017-10-11 22:41:22] [INFO] no found
[2017-10-11 22:41:22] [INFO] no found
[2017-10-11 22:41:22] [INFO] no found
[2017-10-11 22:41:22] [INFO] no found
[2017-10-11 22:41:22] [INFO] no found
[2017-10-11 22:41:22] [INFO] [(31, '关闭SSID,查看电脑列表能否搜索到wifi名称 ', 'Pass', '2017-10-11 22:40:29', '2017-10-11 22:41:22', '0:00:53', '')]
[2017-10-11 22:41:22] [INFO] 测试完成后关闭ssid隐藏
[2017-10-11 22:41:45] [INFO] <xlrd.book.Book object at 0x0000000003B4AF60>
[2017-10-11 22:41:45] [INFO] <xlwt.Workbook.Workbook object at 0x0000000003CCA048>
[2017-10-11 22:42:16] [INFO] [(32, '不输入原密码时的提示信息检查 ', 'Pass', '2017-10-11 22:41:51', '2017-10-11 22:42:16', '0:00:25', '')]
[2017-10-11 22:42:20] [INFO] <xlrd.book.Book object at 0x0000000003B82D30>
[2017-10-11 22:42:20] [INFO] <xlwt.Workbook.Workbook object at 0x0000000003C15D68>
[2017-10-11 22:42:54] [INFO] [(33, '不输入新密码时的提示信息检查 ', 'Pass', '2017-10-11 22:42:25', '2017-10-11 22:42:54', '0:00:29', '')]
[2017-10-11 22:42:57] [INFO] <xlrd.book.Book object at 0x0000000003B84D30>
[2017-10-11 22:42:57] [INFO] <xlwt.Workbook.Workbook object at 0x0000000003CACDA0>
[2017-10-11 22:43:30] [INFO] [(34, '确认密码不输入时提示信息检查 ', 'Pass', '2017-10-11 22:43:02', '2017-10-11 22:43:30', '0:00:28', '')]
[2017-10-11 22:43:33] [INFO] <xlrd.book.Book object at 0x0000000003BBB898>
[2017-10-11 22:43:33] [INFO] <xlwt.Workbook.Workbook object at 0x0000000003C23160>
[2017-10-11 22:44:07] [INFO] [(35, '确认密码与新密码不一致时的提示信息检查 ', 'Pass', '2017-10-11 22:43:39', '2017-10-11 22:44:07', '0:00:28', '')]
[2017-10-11 22:44:10] [INFO] <xlrd.book.Book object at 0x0000000003BBC5F8>
[2017-10-11 22:44:10] [INFO] <xlwt.Workbook.Workbook object at 0x0000000003CA41D0>
[2017-10-11 22:44:43] [INFO] [(36, '原密码错误时提示信息检查 ', 'Pass', '2017-10-11 22:44:15', '2017-10-11 22:44:43', '0:00:28', '')]
[2017-10-11 22:44:46] [INFO] <xlrd.book.Book object at 0x0000000003BBC8D0>
[2017-10-11 22:44:46] [INFO] <xlwt.Workbook.Workbook object at 0x0000000003C251D0>
[2017-10-11 22:45:19] [INFO] [(37, '新密码格式错误时提示信息检查 ', 'Pass', '2017-10-11 22:44:52', '2017-10-11 22:45:19', '0:00:27', '')]
[2017-10-11 22:45:22] [INFO] <xlrd.book.Book object at 0x0000000003B82D68>
[2017-10-11 22:45:22] [INFO] <xlwt.Workbook.Workbook object at 0x0000000003C1BEF0>
[2017-10-11 22:46:27] [INFO] [(38, '修改登录密码查看是否可以登录成功', 'Pass', '2017-10-11 22:45:28', '2017-10-11 22:46:27', '0:00:59', '')]
[2017-10-11 22:46:27] [INFO] 测试完成恢复登录密码
[2017-10-11 22:46:42] [INFO] <xlrd.book.Book object at 0x0000000003B83CC0>
[2017-10-11 22:46:42] [INFO] <xlwt.Workbook.Workbook object at 0x0000000003CA5C88>
[2017-10-11 22:47:20] [INFO] [(39, '检查时区能否正确改变 ', 'Pass', '2017-10-11 22:46:47', '2017-10-11 22:47:20', '0:00:33', '')]
[2017-10-11 22:47:20] [INFO] 测试完成恢复时区
[2017-10-11 22:47:25] [INFO] <xlrd.book.Book object at 0x0000000003B82D30>
[2017-10-11 22:47:25] [INFO] <xlwt.Workbook.Workbook object at 0x0000000003CCBD68>
[2017-10-11 22:48:02] [INFO] ./upgrade/upload.exe E:\wifitest\upgrade\eeee.png
[2017-10-11 22:48:02] [INFO] 开始用autoit3脚本控制选择本地文件
[2017-10-11 22:48:14] [INFO] [(40, '上传错误的升级文件时，错误提示 ', 'Pass', '2017-10-11 22:47:31', '2017-10-11 22:48:14', '0:00:43', '')]
[2017-10-11 22:48:17] [INFO] <xlrd.book.Book object at 0x0000000003B82D68>
[2017-10-11 22:48:17] [INFO] <xlwt.Workbook.Workbook object at 0x0000000003C1F048>
[2017-10-11 22:50:16] [INFO] [(41, '重启功能检查 ', 'Pass', '2017-10-11 22:48:23', '2017-10-11 22:50:16', '0:01:53', '')]
[2017-10-11 22:50:19] [INFO] <xlrd.book.Book object at 0x0000000003B82D68>
[2017-10-11 22:50:19] [INFO] <xlwt.Workbook.Workbook object at 0x0000000003CCA048>
[2017-10-11 22:50:54] [INFO] [(42, '取消重启检查 ', 'Pass', '2017-10-11 22:50:24', '2017-10-11 22:50:54', '0:00:30', '')]
[2017-10-11 22:50:57] [INFO] <xlrd.book.Book object at 0x0000000003B83D30>
[2017-10-11 22:50:57] [INFO] <xlwt.Workbook.Workbook object at 0x0000000003C1E048>
[2017-10-11 22:51:18] [INFO] [(43, '退出系统 ', 'Pass', '2017-10-11 22:51:03', '2017-10-11 22:51:18', '0:00:15', '')]
[2017-10-11 22:51:21] [INFO] <xlrd.book.Book object at 0x0000000003B835C0>
[2017-10-11 22:51:21] [INFO] <xlwt.Workbook.Workbook object at 0x0000000003C0F160>
[2017-10-11 22:51:21] [INFO] 发送邮件
