[2017-10-12 00:12:35] [INFO] test_goto_login: test START 
[2017-10-12 00:12:40] [INFO] [(1, '登录页面跳转测试 ', 'Pass', '2017-10-12 00:12:35', '2017-10-12 00:12:40', '0:00:05', '')]
[2017-10-12 00:12:43] [INFO] <xlrd.book.Book object at 0x0000000003B83588>
[2017-10-12 00:12:43] [INFO] <xlwt.Workbook.Workbook object at 0x0000000003C0B0B8>
[2017-10-12 00:13:05] [INFO] [(2, '正确密码是否可成功登录测试 ', 'Pass', '2017-10-12 00:12:50', '2017-10-12 00:13:05', '0:00:15', '')]
[2017-10-12 00:13:08] [INFO] <xlrd.book.Book object at 0x0000000003B86550>
[2017-10-12 00:13:08] [INFO] <xlwt.Workbook.Workbook object at 0x0000000003C04F98>
[2017-10-12 00:13:32] [INFO] [(3, '是否能顺利跳转到wan 界面 ', 'Pass', '2017-10-12 00:13:15', '2017-10-12 00:13:32', '0:00:17', '')]
[2017-10-12 00:13:35] [INFO] <xlrd.book.Book object at 0x0000000003B68160>
[2017-10-12 00:13:35] [INFO] <xlwt.Workbook.Workbook object at 0x0000000003C0C5C0>
[2017-10-12 00:14:12] [INFO] 请输入IP地址。
[2017-10-12 00:14:12] [INFO] [(4, '没有IP地址输入时的错误信息提示 ', 'Pass', '2017-10-12 00:13:43', '2017-10-12 00:14:12', '0:00:29', '')]
[2017-10-12 00:14:15] [INFO] <xlrd.book.Book object at 0x0000000003B6A128>
[2017-10-12 00:14:15] [INFO] <xlwt.Workbook.Workbook object at 0x0000000003D417F0>
[2017-10-12 00:14:32] [INFO] [(5, '不填写密码时的提示信息是否正确 ', 'Pass', '2017-10-12 00:14:22', '2017-10-12 00:14:32', '0:00:10', '')]
[2017-10-12 00:14:35] [INFO] <xlrd.book.Book object at 0x0000000003B86550>
[2017-10-12 00:14:35] [INFO] <xlwt.Workbook.Workbook object at 0x0000000003C09668>
[2017-10-12 00:14:50] [INFO] [(6, '登录密码错误时提示信息是否正确 ', 'Pass', '2017-10-12 00:14:41', '2017-10-12 00:14:50', '0:00:09', '')]
[2017-10-12 00:14:53] [INFO] <xlrd.book.Book object at 0x0000000003B864E0>
[2017-10-12 00:14:53] [INFO] <xlwt.Workbook.Workbook object at 0x0000000003C0A390>
[2017-10-12 00:15:30] [INFO] 请输入子网掩码。
[2017-10-12 00:15:30] [INFO] [(7, '不输入子网掩码时的错误信息提示 ', 'Pass', '2017-10-12 00:15:00', '2017-10-12 00:15:30', '0:00:30', '')]
[2017-10-12 00:15:34] [INFO] <xlrd.book.Book object at 0x0000000003B68128>
[2017-10-12 00:15:34] [INFO] <xlwt.Workbook.Workbook object at 0x0000000003C12978>
[2017-10-12 00:16:11] [INFO] 请输入默认网关地址。
[2017-10-12 00:16:11] [INFO] [(8, '不输入默认网关时的错误信息提示 ', 'Pass', '2017-10-12 00:15:40', '2017-10-12 00:16:11', '0:00:31', '')]
[2017-10-12 00:16:14] [INFO] <xlrd.book.Book object at 0x0000000003B68128>
[2017-10-12 00:16:14] [INFO] <xlwt.Workbook.Workbook object at 0x0000000003C16A58>
[2017-10-12 00:16:50] [INFO] IP地址含非法字符，请重新输入。
[2017-10-12 00:16:54] [INFO] IP地址含非法字符，请重新输入。
[2017-10-12 00:16:57] [INFO] IP地址含非法字符，请重新输入。
[2017-10-12 00:17:00] [INFO] IP地址含非法字符，请重新输入。
[2017-10-12 00:17:03] [INFO] IP地址格式错误，请重新输入。
[2017-10-12 00:17:07] [INFO] IP地址含非法字符，请重新输入。
[2017-10-12 00:17:07] [INFO] [(9, '非法格式的IP地址输入时提示信息检查 ', 'Pass', '2017-10-12 00:16:22', '2017-10-12 00:17:07', '0:00:45', '')]
[2017-10-12 00:17:10] [INFO] <xlrd.book.Book object at 0x0000000003B6A128>
[2017-10-12 00:17:10] [INFO] <xlwt.Workbook.Workbook object at 0x0000000003C14A90>
[2017-10-12 00:17:46] [INFO] 子网掩码不正确，请重新输入。
[2017-10-12 00:17:52] [INFO] 子网掩码不正确，请重新输入。
[2017-10-12 00:17:57] [INFO] 子网掩码不正确，请重新输入。
[2017-10-12 00:18:02] [INFO] 子网掩码不正确，请重新输入。
[2017-10-12 00:18:08] [INFO] 子网掩码不正确，请重新输入。
[2017-10-12 00:18:13] [INFO] 子网掩码不正确，请重新输入。
[2017-10-12 00:18:13] [INFO] [(10, '非法格式的子网掩码输入时，提示信息检查 ', 'Pass', '2017-10-12 00:17:16', '2017-10-12 00:18:13', '0:00:57', '')]
[2017-10-12 00:18:16] [INFO] <xlrd.book.Book object at 0x0000000003B6A0F0>
[2017-10-12 00:18:16] [INFO] <xlwt.Workbook.Workbook object at 0x0000000003C196D8>
[2017-10-12 00:18:54] [INFO] 默认网关错误，请重新输入。
[2017-10-12 00:18:59] [INFO] 默认网关错误，请重新输入。
[2017-10-12 00:19:05] [INFO] 默认网关错误，请重新输入。
[2017-10-12 00:19:10] [INFO] 默认网关错误，请重新输入。
[2017-10-12 00:19:15] [INFO] 默认网关错误，请重新输入。
[2017-10-12 00:19:21] [INFO] 默认网关错误，请重新输入。
[2017-10-12 00:19:21] [INFO] [(11, '非法格式的默认网关输入时，提示信息检查 ', 'Pass', '2017-10-12 00:18:23', '2017-10-12 00:19:21', '0:00:58', '')]
[2017-10-12 00:19:24] [INFO] <xlrd.book.Book object at 0x0000000003B6B0F0>
[2017-10-12 00:19:24] [INFO] <xlwt.Workbook.Workbook object at 0x0000000003CA0780>
[2017-10-12 00:20:13] [INFO] [(12, '是否可以成功设置静态IP ', 'Pass', '2017-10-12 00:19:30', '2017-10-12 00:20:13', '0:00:43', '')]
[2017-10-12 00:20:13] [INFO] 测试完成后将上网方式恢复为自动获取
[2017-10-12 00:20:37] [INFO] <xlrd.book.Book object at 0x0000000003B6A0B8>
[2017-10-12 00:20:37] [INFO] <xlwt.Workbook.Workbook object at 0x0000000003C18BE0>
[2017-10-12 00:21:07] [INFO] [(13, '是否能顺利跳转到lan页面 ', 'Pass', '2017-10-12 00:20:44', '2017-10-12 00:21:07', '0:00:23', '')]
[2017-10-12 00:21:10] [INFO] <xlrd.book.Book object at 0x0000000003B69438>
[2017-10-12 00:21:10] [INFO] <xlwt.Workbook.Workbook object at 0x0000000003C0BCF8>
[2017-10-12 00:21:34] [INFO] 默认的局域网地址:
[2017-10-12 00:21:34] [INFO] 默认的dhcp状态是：checkbox_off
[2017-10-12 00:21:34] [INFO] 默认的初始IP地址池：
[2017-10-12 00:21:34] [INFO] 默认的结束IP地址池： 
[2017-10-12 00:21:34] [INFO] [(14, 'lan页面默认项检查 ', 'Pass', '2017-10-12 00:21:16', '2017-10-12 00:21:34', '0:00:18', '')]
[2017-10-12 00:21:37] [INFO] <xlrd.book.Book object at 0x0000000003B69358>
[2017-10-12 00:21:37] [INFO] <xlwt.Workbook.Workbook object at 0x0000000003C0CD68>
[2017-10-12 00:22:11] [INFO] [(15, 'lan页面不输入局域网地址时的提示语检查 ', 'Pass', '2017-10-12 00:21:43', '2017-10-12 00:22:11', '0:00:28', '')]
[2017-10-12 00:22:15] [INFO] <xlrd.book.Book object at 0x0000000003B69390>
[2017-10-12 00:22:15] [INFO] <xlwt.Workbook.Workbook object at 0x0000000003C0FE48>
[2017-10-12 00:22:46] [INFO] IP地址含非法字符，请重新输入。
[2017-10-12 00:22:48] [INFO] IP地址含非法字符，请重新输入。
[2017-10-12 00:22:50] [INFO] IP地址含非法字符，请重新输入。
[2017-10-12 00:22:53] [INFO] IP地址含非法字符，请重新输入。
[2017-10-12 00:22:55] [INFO] IP地址格式错误，请重新输入。
[2017-10-12 00:22:57] [INFO] IP地址含非法字符，请重新输入。
[2017-10-12 00:22:57] [INFO] [(16, 'lan页面输入格式错误的局域网地址时的提示语检查 ', 'Pass', '2017-10-12 00:22:21', '2017-10-12 00:22:57', '0:00:36', '')]
[2017-10-12 00:23:00] [INFO] <xlrd.book.Book object at 0x0000000003B69390>
[2017-10-12 00:23:00] [INFO] <xlwt.Workbook.Workbook object at 0x0000000003C14EF0>
[2017-10-12 00:24:36] [INFO] [(17, 'lan页面修改局域网地址是否可以成功 ', 'Pass', '2017-10-12 00:23:06', '2017-10-12 00:24:36', '0:01:30', '')]
[2017-10-12 00:24:36] [INFO] 测试完成后修改到原来的IP
[2017-10-12 00:25:52] [INFO] <xlrd.book.Book object at 0x0000000003B693C8>
[2017-10-12 00:25:52] [INFO] <xlwt.Workbook.Workbook object at 0x0000000003C4DD30>
[2017-10-12 00:26:34] [INFO] 地址池开始值错误，请重新输入。
[2017-10-12 00:26:34] [INFO] [(18, '开始IP地址非法时提示信息检查 ', 'Pass', '2017-10-12 00:26:00', '2017-10-12 00:26:34', '0:00:34', '')]
[2017-10-12 00:26:37] [INFO] <xlrd.book.Book object at 0x0000000003B693C8>
[2017-10-12 00:26:37] [INFO] <xlwt.Workbook.Workbook object at 0x0000000003C160F0>
[2017-10-12 00:27:15] [INFO] 地址池结束值错误，请重新输入。
[2017-10-12 00:27:15] [INFO] [(19, '结束IP地址非法时提示信息检查 ', 'Pass', '2017-10-12 00:26:44', '2017-10-12 00:27:15', '0:00:31', '')]
[2017-10-12 00:27:18] [INFO] <xlrd.book.Book object at 0x0000000003B69320>
[2017-10-12 00:27:18] [INFO] <xlwt.Workbook.Workbook object at 0x0000000003D560B8>
[2017-10-12 00:27:58] [INFO] 地址池结束值不能小于开始值，请重新输入。
[2017-10-12 00:27:58] [INFO] [(20, '开始IP地址大于结束IP地址时，提示语检查 ', 'Pass', '2017-10-12 00:27:25', '2017-10-12 00:27:58', '0:00:33', '')]
[2017-10-12 00:28:01] [INFO] <xlrd.book.Book object at 0x0000000003B693C8>
[2017-10-12 00:28:01] [INFO] <xlwt.Workbook.Workbook object at 0x0000000003C15198>
[2017-10-12 00:28:46] [INFO] [(21, '开始ip地址和结束IP地址都合法时，是否可以成功保存 ', 'Pass', '2017-10-12 00:28:08', '2017-10-12 00:28:46', '0:00:38', '')]
[2017-10-12 00:28:49] [INFO] <xlrd.book.Book object at 0x0000000003B693C8>
[2017-10-12 00:28:49] [INFO] <xlwt.Workbook.Workbook object at 0x0000000003C15240>
[2017-10-12 00:29:25] [INFO] [(22, 'DHCP 能否被正确关闭 ', 'Pass', '2017-10-12 00:28:56', '2017-10-12 00:29:25', '0:00:29', '')]
[2017-10-12 00:29:28] [INFO] <xlrd.book.Book object at 0x0000000003B69390>
[2017-10-12 00:29:28] [INFO] <xlwt.Workbook.Workbook object at 0x0000000003C92128>
[2017-10-12 00:29:52] [INFO] [(23, '是否能顺利跳转到无线wifi设置界面 ', 'Pass', '2017-10-12 00:29:34', '2017-10-12 00:29:52', '0:00:18', '')]
[2017-10-12 00:29:55] [INFO] <xlrd.book.Book object at 0x0000000003B4CF98>
[2017-10-12 00:29:55] [INFO] <xlwt.Workbook.Workbook object at 0x0000000003C9EC50>
[2017-10-12 00:30:19] [INFO] wifiname:frt_test
[2017-10-12 00:30:19] [INFO] wifiname:iot123321
[2017-10-12 00:30:19] [INFO] [(24, 'wifi页面默认项检查 ', 'Pass', '2017-10-12 00:30:02', '2017-10-12 00:30:19', '0:00:17', '')]
[2017-10-12 00:30:22] [INFO] <xlrd.book.Book object at 0x0000000003B4CF60>
[2017-10-12 00:30:22] [INFO] <xlwt.Workbook.Workbook object at 0x0000000003C0CCC0>
[2017-10-12 00:35:11] [INFO] [(25, 'wifi名称各种组合是否支持 ', 'Pass', '2017-10-12 00:30:28', '2017-10-12 00:35:11', '0:04:43', '')]
[2017-10-12 00:35:14] [INFO] <xlrd.book.Book object at 0x0000000003B4CF60>
[2017-10-12 00:35:14] [INFO] <xlwt.Workbook.Workbook object at 0x0000000003C52D30>
[2017-10-12 00:35:39] [INFO] 请输入2.4G无线名称。
[2017-10-12 00:35:39] [INFO] [(26, '不输入wifi名称时的提示语检查 ', 'Pass', '2017-10-12 00:35:21', '2017-10-12 00:35:39', '0:00:18', '')]
[2017-10-12 00:35:42] [INFO] <xlrd.book.Book object at 0x0000000003B4CF60>
[2017-10-12 00:35:42] [INFO] <xlwt.Workbook.Workbook object at 0x0000000003CB0E48>
[2017-10-12 00:36:30] [INFO] [(27, '不输入wifi密码时是否可以保存成功 ', 'Pass', '2017-10-12 00:35:47', '2017-10-12 00:36:30', '0:00:43', '')]
[2017-10-12 00:36:30] [INFO] 测试完成后恢复wifi密码
[2017-10-12 00:36:55] [INFO] <xlrd.book.Book object at 0x0000000003B4BF60>
[2017-10-12 00:36:55] [INFO] <xlwt.Workbook.Workbook object at 0x0000000003C23048>
[2017-10-12 00:37:34] [INFO] [(28, '输入错误格式的wifi 密码，提示语检查 ', 'Pass', '2017-10-12 00:37:01', '2017-10-12 00:37:34', '0:00:33', '')]
[2017-10-12 00:37:34] [INFO] 测试完成恢复wifi密码
[2017-10-12 00:38:00] [INFO] <xlrd.book.Book object at 0x0000000003B4BF60>
[2017-10-12 00:38:00] [INFO] <xlwt.Workbook.Workbook object at 0x0000000003CB9F60>
[2017-10-12 00:41:20] [INFO] [(29, '是否支持各种格式的wifi密码 ', 'Pass', '2017-10-12 00:38:06', '2017-10-12 00:41:20', '0:03:14', '')]
[2017-10-12 00:41:20] [INFO] 测试完成恢复wifi密码
[2017-10-12 00:41:51] [INFO] <xlrd.book.Book object at 0x0000000003B4BF60>
[2017-10-12 00:41:51] [INFO] <xlwt.Workbook.Workbook object at 0x0000000003CF2F60>
[2017-10-12 00:42:23] [INFO] no found
[2017-10-12 00:42:23] [INFO] no found
[2017-10-12 00:42:23] [INFO] no found
[2017-10-12 00:42:23] [INFO] no found
[2017-10-12 00:42:23] [INFO] no found
[2017-10-12 00:42:23] [INFO] no found
[2017-10-12 00:42:23] [INFO] no found
[2017-10-12 00:42:23] [INFO] no found
[2017-10-12 00:42:23] [INFO] no found
[2017-10-12 00:42:23] [INFO] no found
[2017-10-12 00:42:23] [INFO] no found
[2017-10-12 00:42:23] [INFO] no found
[2017-10-12 00:42:23] [INFO] no found
[2017-10-12 00:42:23] [INFO] no found
[2017-10-12 00:42:23] [INFO] no found
[2017-10-12 00:42:23] [INFO] no found
[2017-10-12 00:42:23] [INFO] no found
[2017-10-12 00:42:23] [INFO] no found
[2017-10-12 00:42:23] [INFO] no found
[2017-10-12 00:42:23] [INFO] no found
[2017-10-12 00:42:23] [INFO] no found
[2017-10-12 00:42:23] [INFO] no found
[2017-10-12 00:42:23] [INFO] no found
[2017-10-12 00:42:23] [INFO] no found
[2017-10-12 00:42:23] [INFO] no found
[2017-10-12 00:42:23] [INFO] no found
[2017-10-12 00:42:23] [INFO] no found
[2017-10-12 00:42:23] [INFO] no found
[2017-10-12 00:42:23] [INFO] no found
[2017-10-12 00:42:23] [INFO] no found
[2017-10-12 00:42:23] [INFO] no found
[2017-10-12 00:42:23] [INFO] no found
[2017-10-12 00:42:23] [INFO] no found
[2017-10-12 00:42:23] [INFO] no found
[2017-10-12 00:42:23] [INFO] no found
[2017-10-12 00:42:23] [INFO] no found
[2017-10-12 00:42:23] [INFO] no found
[2017-10-12 00:42:23] [INFO] no found
[2017-10-12 00:42:23] [INFO] no found
[2017-10-12 00:42:23] [INFO] no found
[2017-10-12 00:42:23] [INFO] no found
[2017-10-12 00:42:23] [INFO] no found
[2017-10-12 00:42:23] [INFO] no found
[2017-10-12 00:42:23] [INFO] no found
[2017-10-12 00:42:23] [INFO] no found
[2017-10-12 00:42:23] [INFO] no found
[2017-10-12 00:42:23] [INFO] no found
[2017-10-12 00:42:23] [INFO] no found
[2017-10-12 00:42:23] [INFO] no found
[2017-10-12 00:42:23] [INFO] no found
[2017-10-12 00:42:23] [INFO] no found
[2017-10-12 00:42:23] [INFO] no found
[2017-10-12 00:42:23] [INFO] no found
[2017-10-12 00:42:23] [INFO] no found
[2017-10-12 00:42:23] [INFO] no found
[2017-10-12 00:42:23] [INFO] no found
[2017-10-12 00:42:23] [INFO] no found
[2017-10-12 00:42:23] [INFO] no found
[2017-10-12 00:42:23] [INFO] no found
[2017-10-12 00:42:23] [INFO] no found
[2017-10-12 00:42:23] [INFO] no found
[2017-10-12 00:42:23] [INFO] no found
[2017-10-12 00:42:23] [INFO] no found
[2017-10-12 00:42:23] [INFO] no found
[2017-10-12 00:42:23] [INFO] no found
[2017-10-12 00:42:23] [INFO] no found
[2017-10-12 00:42:23] [INFO] no found
[2017-10-12 00:42:23] [INFO] no found
[2017-10-12 00:42:23] [INFO] no found
[2017-10-12 00:42:23] [INFO] no found
[2017-10-12 00:42:23] [INFO] no found
[2017-10-12 00:42:23] [INFO] no found
[2017-10-12 00:42:23] [INFO] no found
[2017-10-12 00:42:23] [INFO] no found
[2017-10-12 00:42:23] [INFO] no found
[2017-10-12 00:42:23] [INFO] no found
[2017-10-12 00:42:23] [INFO] no found
[2017-10-12 00:42:23] [INFO] no found
[2017-10-12 00:42:23] [INFO] no found
[2017-10-12 00:42:23] [INFO] no found
[2017-10-12 00:42:23] [INFO] no found
[2017-10-12 00:42:23] [INFO] no found
[2017-10-12 00:42:23] [INFO] no found
[2017-10-12 00:42:23] [INFO] no found
[2017-10-12 00:42:23] [INFO] no found
[2017-10-12 00:42:23] [INFO] no found
[2017-10-12 00:42:23] [INFO] no found
[2017-10-12 00:42:23] [INFO] no found
[2017-10-12 00:42:23] [INFO] no found
[2017-10-12 00:42:23] [INFO] no found
[2017-10-12 00:42:23] [INFO] no found
[2017-10-12 00:42:23] [INFO] no found
[2017-10-12 00:42:23] [INFO] no found
[2017-10-12 00:42:23] [INFO] no found
[2017-10-12 00:42:23] [INFO] no found
[2017-10-12 00:42:23] [INFO] no found
[2017-10-12 00:42:23] [INFO] no found
[2017-10-12 00:42:23] [INFO] no found
[2017-10-12 00:42:23] [INFO] no found
[2017-10-12 00:42:23] [INFO] no found
[2017-10-12 00:42:23] [INFO] no found
[2017-10-12 00:42:23] [INFO] no found
[2017-10-12 00:42:23] [INFO] no found
[2017-10-12 00:42:23] [INFO] no found
[2017-10-12 00:42:23] [INFO] no found
[2017-10-12 00:42:23] [INFO] no found
[2017-10-12 00:42:23] [INFO] no found
[2017-10-12 00:42:23] [INFO] no found
[2017-10-12 00:42:23] [INFO] no found
[2017-10-12 00:42:23] [INFO] no found
[2017-10-12 00:42:23] [INFO] no found
[2017-10-12 00:42:23] [INFO] no found
[2017-10-12 00:42:23] [INFO] no found
[2017-10-12 00:42:23] [INFO] no found
[2017-10-12 00:42:23] [INFO] no found
[2017-10-12 00:42:23] [INFO] no found
[2017-10-12 00:42:23] [INFO] no found
[2017-10-12 00:42:23] [INFO] no found
[2017-10-12 00:42:23] [INFO] no found
[2017-10-12 00:42:23] [INFO] no found
[2017-10-12 00:42:23] [INFO] no found
[2017-10-12 00:42:23] [INFO] no found
[2017-10-12 00:42:23] [INFO] no found
[2017-10-12 00:42:23] [INFO] no found
[2017-10-12 00:42:23] [INFO] no found
[2017-10-12 00:42:23] [INFO] no found
[2017-10-12 00:42:23] [INFO] no found
[2017-10-12 00:42:23] [INFO] no found
[2017-10-12 00:42:23] [INFO] no found
[2017-10-12 00:42:23] [INFO] no found
[2017-10-12 00:42:23] [INFO] no found
[2017-10-12 00:42:23] [INFO] no found
[2017-10-12 00:42:23] [INFO] no found
[2017-10-12 00:42:23] [INFO] no found
[2017-10-12 00:42:23] [INFO] no found
[2017-10-12 00:42:23] [INFO] no found
[2017-10-12 00:42:23] [INFO] no found
[2017-10-12 00:42:23] [INFO] no found
[2017-10-12 00:42:23] [INFO] no found
[2017-10-12 00:42:23] [INFO] no found
[2017-10-12 00:42:23] [INFO] no found
[2017-10-12 00:42:23] [INFO] no found
[2017-10-12 00:42:23] [INFO] no found
[2017-10-12 00:42:23] [INFO] no found
[2017-10-12 00:42:23] [INFO] [(30, '关闭wifi 后，查看电脑的无线列表 ', 'Pass', '2017-10-12 00:41:57', '2017-10-12 00:42:23', '0:00:26', '')]
[2017-10-12 00:42:23] [INFO] 测试完成后恢复到wifi打开的状态
[2017-10-12 00:42:31] [INFO] <xlrd.book.Book object at 0x0000000003B4BFD0>
[2017-10-12 00:42:31] [INFO] <xlwt.Workbook.Workbook object at 0x0000000003C1C048>
[2017-10-12 00:43:30] [INFO] no found
[2017-10-12 00:43:30] [INFO] no found
[2017-10-12 00:43:30] [INFO] no found
[2017-10-12 00:43:30] [INFO] no found
[2017-10-12 00:43:30] [INFO] no found
[2017-10-12 00:43:30] [INFO] no found
[2017-10-12 00:43:30] [INFO] no found
[2017-10-12 00:43:30] [INFO] no found
[2017-10-12 00:43:30] [INFO] no found
[2017-10-12 00:43:30] [INFO] no found
[2017-10-12 00:43:30] [INFO] no found
[2017-10-12 00:43:30] [INFO] no found
[2017-10-12 00:43:30] [INFO] no found
[2017-10-12 00:43:30] [INFO] no found
[2017-10-12 00:43:30] [INFO] no found
[2017-10-12 00:43:30] [INFO] no found
[2017-10-12 00:43:30] [INFO] no found
[2017-10-12 00:43:30] [INFO] no found
[2017-10-12 00:43:30] [INFO] no found
[2017-10-12 00:43:30] [INFO] no found
[2017-10-12 00:43:30] [INFO] no found
[2017-10-12 00:43:30] [INFO] no found
[2017-10-12 00:43:30] [INFO] no found
[2017-10-12 00:43:30] [INFO] no found
[2017-10-12 00:43:30] [INFO] no found
[2017-10-12 00:43:30] [INFO] no found
[2017-10-12 00:43:30] [INFO] no found
[2017-10-12 00:43:30] [INFO] no found
[2017-10-12 00:43:30] [INFO] no found
[2017-10-12 00:43:30] [INFO] no found
[2017-10-12 00:43:30] [INFO] no found
[2017-10-12 00:43:30] [INFO] no found
[2017-10-12 00:43:30] [INFO] no found
[2017-10-12 00:43:30] [INFO] no found
[2017-10-12 00:43:30] [INFO] no found
[2017-10-12 00:43:30] [INFO] no found
[2017-10-12 00:43:30] [INFO] no found
[2017-10-12 00:43:30] [INFO] no found
[2017-10-12 00:43:30] [INFO] no found
[2017-10-12 00:43:30] [INFO] no found
[2017-10-12 00:43:30] [INFO] no found
[2017-10-12 00:43:30] [INFO] no found
[2017-10-12 00:43:30] [INFO] no found
[2017-10-12 00:43:30] [INFO] no found
[2017-10-12 00:43:30] [INFO] no found
[2017-10-12 00:43:30] [INFO] no found
[2017-10-12 00:43:30] [INFO] no found
[2017-10-12 00:43:30] [INFO] no found
[2017-10-12 00:43:30] [INFO] no found
[2017-10-12 00:43:30] [INFO] no found
[2017-10-12 00:43:30] [INFO] no found
[2017-10-12 00:43:30] [INFO] no found
[2017-10-12 00:43:30] [INFO] no found
[2017-10-12 00:43:30] [INFO] no found
[2017-10-12 00:43:30] [INFO] no found
[2017-10-12 00:43:30] [INFO] no found
[2017-10-12 00:43:30] [INFO] no found
[2017-10-12 00:43:30] [INFO] no found
[2017-10-12 00:43:30] [INFO] no found
[2017-10-12 00:43:30] [INFO] no found
[2017-10-12 00:43:30] [INFO] no found
[2017-10-12 00:43:30] [INFO] no found
[2017-10-12 00:43:30] [INFO] no found
[2017-10-12 00:43:30] [INFO] no found
[2017-10-12 00:43:30] [INFO] no found
[2017-10-12 00:43:30] [INFO] no found
[2017-10-12 00:43:30] [INFO] no found
[2017-10-12 00:43:30] [INFO] no found
[2017-10-12 00:43:30] [INFO] no found
[2017-10-12 00:43:30] [INFO] no found
[2017-10-12 00:43:30] [INFO] no found
[2017-10-12 00:43:30] [INFO] no found
[2017-10-12 00:43:30] [INFO] no found
[2017-10-12 00:43:30] [INFO] no found
[2017-10-12 00:43:30] [INFO] no found
[2017-10-12 00:43:30] [INFO] no found
[2017-10-12 00:43:30] [INFO] no found
[2017-10-12 00:43:30] [INFO] no found
[2017-10-12 00:43:30] [INFO] no found
[2017-10-12 00:43:30] [INFO] no found
[2017-10-12 00:43:30] [INFO] no found
[2017-10-12 00:43:30] [INFO] no found
[2017-10-12 00:43:30] [INFO] no found
[2017-10-12 00:43:30] [INFO] no found
[2017-10-12 00:43:30] [INFO] no found
[2017-10-12 00:43:30] [INFO] no found
[2017-10-12 00:43:30] [INFO] no found
[2017-10-12 00:43:30] [INFO] no found
[2017-10-12 00:43:30] [INFO] no found
[2017-10-12 00:43:30] [INFO] no found
[2017-10-12 00:43:30] [INFO] no found
[2017-10-12 00:43:30] [INFO] no found
[2017-10-12 00:43:30] [INFO] no found
[2017-10-12 00:43:30] [INFO] no found
[2017-10-12 00:43:30] [INFO] no found
[2017-10-12 00:43:30] [INFO] no found
[2017-10-12 00:43:30] [INFO] no found
[2017-10-12 00:43:30] [INFO] no found
[2017-10-12 00:43:30] [INFO] no found
[2017-10-12 00:43:30] [INFO] no found
[2017-10-12 00:43:30] [INFO] no found
[2017-10-12 00:43:30] [INFO] no found
[2017-10-12 00:43:30] [INFO] no found
[2017-10-12 00:43:30] [INFO] no found
[2017-10-12 00:43:30] [INFO] no found
[2017-10-12 00:43:30] [INFO] no found
[2017-10-12 00:43:30] [INFO] no found
[2017-10-12 00:43:30] [INFO] no found
[2017-10-12 00:43:30] [INFO] no found
[2017-10-12 00:43:30] [INFO] no found
[2017-10-12 00:43:30] [INFO] no found
[2017-10-12 00:43:30] [INFO] no found
[2017-10-12 00:43:30] [INFO] no found
[2017-10-12 00:43:30] [INFO] no found
[2017-10-12 00:43:30] [INFO] no found
[2017-10-12 00:43:30] [INFO] no found
[2017-10-12 00:43:30] [INFO] no found
[2017-10-12 00:43:30] [INFO] no found
[2017-10-12 00:43:30] [INFO] no found
[2017-10-12 00:43:30] [INFO] no found
[2017-10-12 00:43:30] [INFO] no found
[2017-10-12 00:43:30] [INFO] no found
[2017-10-12 00:43:30] [INFO] no found
[2017-10-12 00:43:30] [INFO] no found
[2017-10-12 00:43:30] [INFO] no found
[2017-10-12 00:43:30] [INFO] no found
[2017-10-12 00:43:30] [INFO] no found
[2017-10-12 00:43:30] [INFO] no found
[2017-10-12 00:43:30] [INFO] no found
[2017-10-12 00:43:30] [INFO] no found
[2017-10-12 00:43:30] [INFO] no found
[2017-10-12 00:43:30] [INFO] no found
[2017-10-12 00:43:30] [INFO] no found
[2017-10-12 00:43:30] [INFO] no found
[2017-10-12 00:43:30] [INFO] [(31, '关闭SSID,查看电脑列表能否搜索到wifi名称 ', 'Pass', '2017-10-12 00:42:37', '2017-10-12 00:43:30', '0:00:53', '')]
[2017-10-12 00:43:30] [INFO] 测试完成后关闭ssid隐藏
[2017-10-12 00:43:53] [INFO] <xlrd.book.Book object at 0x0000000003B4AFD0>
[2017-10-12 00:43:53] [INFO] <xlwt.Workbook.Workbook object at 0x0000000003C160F0>
[2017-10-12 00:44:25] [INFO] [(32, '不输入原密码时的提示信息检查 ', 'Pass', '2017-10-12 00:43:59', '2017-10-12 00:44:25', '0:00:26', '')]
[2017-10-12 00:44:28] [INFO] <xlrd.book.Book object at 0x0000000003B82D30>
[2017-10-12 00:44:28] [INFO] <xlwt.Workbook.Workbook object at 0x0000000003C15DA0>
[2017-10-12 00:45:02] [INFO] [(33, '不输入新密码时的提示信息检查 ', 'Pass', '2017-10-12 00:44:33', '2017-10-12 00:45:02', '0:00:29', '')]
[2017-10-12 00:45:05] [INFO] <xlrd.book.Book object at 0x0000000003B84D30>
[2017-10-12 00:45:05] [INFO] <xlwt.Workbook.Workbook object at 0x0000000003C1CDD8>
[2017-10-12 00:45:38] [INFO] [(34, '确认密码不输入时提示信息检查 ', 'Pass', '2017-10-12 00:45:10', '2017-10-12 00:45:38', '0:00:28', '')]
[2017-10-12 00:45:41] [INFO] <xlrd.book.Book object at 0x0000000003BBB828>
[2017-10-12 00:45:41] [INFO] <xlwt.Workbook.Workbook object at 0x0000000003C23128>
[2017-10-12 00:46:15] [INFO] [(35, '确认密码与新密码不一致时的提示信息检查 ', 'Pass', '2017-10-12 00:45:47', '2017-10-12 00:46:15', '0:00:28', '')]
[2017-10-12 00:46:18] [INFO] <xlrd.book.Book object at 0x0000000003BBC5F8>
[2017-10-12 00:46:18] [INFO] <xlwt.Workbook.Workbook object at 0x0000000003D44208>
[2017-10-12 00:46:52] [INFO] [(36, '原密码错误时提示信息检查 ', 'Pass', '2017-10-12 00:46:23', '2017-10-12 00:46:52', '0:00:29', '')]
[2017-10-12 00:46:55] [INFO] <xlrd.book.Book object at 0x0000000003BBB8D0>
[2017-10-12 00:46:55] [INFO] <xlwt.Workbook.Workbook object at 0x0000000003CA4208>
[2017-10-12 00:47:29] [INFO] [(37, '新密码格式错误时提示信息检查 ', 'Pass', '2017-10-12 00:47:00', '2017-10-12 00:47:29', '0:00:29', '')]
[2017-10-12 00:47:32] [INFO] <xlrd.book.Book object at 0x0000000003B82CF8>
[2017-10-12 00:47:32] [INFO] <xlwt.Workbook.Workbook object at 0x0000000003CCBEB8>
[2017-10-12 00:48:36] [INFO] [(38, '修改登录密码查看是否可以登录成功', 'Pass', '2017-10-12 00:47:38', '2017-10-12 00:48:36', '0:00:58', '')]
[2017-10-12 00:48:36] [INFO] 测试完成恢复登录密码
[2017-10-12 00:48:51] [INFO] <xlrd.book.Book object at 0x0000000003B83D30>
[2017-10-12 00:48:51] [INFO] <xlwt.Workbook.Workbook object at 0x0000000003C26CC0>
[2017-10-12 00:49:30] [INFO] [(39, '检查时区能否正确改变 ', 'Pass', '2017-10-12 00:48:57', '2017-10-12 00:49:30', '0:00:33', '')]
[2017-10-12 00:49:30] [INFO] 测试完成恢复时区
[2017-10-12 00:49:36] [INFO] <xlrd.book.Book object at 0x0000000003B82D30>
[2017-10-12 00:49:36] [INFO] <xlwt.Workbook.Workbook object at 0x0000000003C9BDA0>
[2017-10-12 00:50:12] [INFO] ./upgrade/upload.exe E:\wifitest\upgrade\eeee.png
[2017-10-12 00:50:12] [INFO] 开始用autoit3脚本控制选择本地文件
[2017-10-12 00:50:25] [INFO] [(40, '上传错误的升级文件时，错误提示 ', 'Pass', '2017-10-12 00:49:41', '2017-10-12 00:50:25', '0:00:44', '')]
[2017-10-12 00:50:28] [INFO] <xlrd.book.Book object at 0x0000000003B82D68>
[2017-10-12 00:50:28] [INFO] <xlwt.Workbook.Workbook object at 0x0000000003C1BF98>
[2017-10-12 00:52:26] [INFO] [(41, '重启功能检查 ', 'Pass', '2017-10-12 00:50:34', '2017-10-12 00:52:26', '0:01:52', '')]
[2017-10-12 00:52:29] [INFO] <xlrd.book.Book object at 0x0000000003B82D68>
[2017-10-12 00:52:29] [INFO] <xlwt.Workbook.Workbook object at 0x0000000003C4A048>
[2017-10-12 00:53:04] [INFO] [(42, '取消重启检查 ', 'Pass', '2017-10-12 00:52:35', '2017-10-12 00:53:04', '0:00:29', '')]
[2017-10-12 00:53:07] [INFO] <xlrd.book.Book object at 0x0000000003B83D30>
[2017-10-12 00:53:07] [INFO] <xlwt.Workbook.Workbook object at 0x0000000003CCE048>
[2017-10-12 00:53:28] [INFO] [(43, '退出系统 ', 'Pass', '2017-10-12 00:53:12', '2017-10-12 00:53:28', '0:00:16', '')]
[2017-10-12 00:53:31] [INFO] <xlrd.book.Book object at 0x0000000003B835C0>
[2017-10-12 00:53:31] [INFO] <xlwt.Workbook.Workbook object at 0x0000000003C0F198>
[2017-10-12 00:53:31] [INFO] 发送邮件
