[2017-10-12 20:19:31] [INFO] test_goto_login: test START 
[2017-10-12 20:19:34] [INFO] [(1, '登录页面跳转测试 ', 'Pass', '2017-10-12 20:19:31', '2017-10-12 20:19:34', '0:00:03', '')]
[2017-10-12 20:19:37] [INFO] <xlrd.book.Book object at 0x0000000003B845C0>
[2017-10-12 20:19:37] [INFO] <xlwt.Workbook.Workbook object at 0x0000000003C0C0F0>
[2017-10-12 20:19:56] [INFO] [(2, '正确密码是否可成功登录测试 ', 'Pass', '2017-10-12 20:19:43', '2017-10-12 20:19:56', '0:00:13', '')]
[2017-10-12 20:19:59] [INFO] <xlrd.book.Book object at 0x0000000003B86518>
[2017-10-12 20:19:59] [INFO] <xlwt.Workbook.Workbook object at 0x0000000003CB4F60>
[2017-10-12 20:20:22] [INFO] [(3, '是否能顺利跳转到wan 界面 ', 'Pass', '2017-10-12 20:20:05', '2017-10-12 20:20:22', '0:00:17', '')]
[2017-10-12 20:20:25] [INFO] <xlrd.book.Book object at 0x0000000003B69198>
[2017-10-12 20:20:25] [INFO] <xlwt.Workbook.Workbook object at 0x0000000003C0D5C0>
[2017-10-12 20:21:00] [INFO] 请输入IP地址。
[2017-10-12 20:21:00] [INFO] [(4, '没有IP地址输入时的错误信息提示 ', 'Pass', '2017-10-12 20:20:30', '2017-10-12 20:21:00', '0:00:30', '')]
[2017-10-12 20:21:03] [INFO] <xlrd.book.Book object at 0x0000000003B6A128>
[2017-10-12 20:21:03] [INFO] <xlwt.Workbook.Workbook object at 0x0000000003C117F0>
[2017-10-12 20:21:18] [INFO] [(5, '不填写密码时的提示信息是否正确 ', 'Pass', '2017-10-12 20:21:08', '2017-10-12 20:21:18', '0:00:10', '')]
[2017-10-12 20:21:21] [INFO] <xlrd.book.Book object at 0x0000000003B85588>
[2017-10-12 20:21:21] [INFO] <xlwt.Workbook.Workbook object at 0x0000000003BF4160>
[2017-10-12 20:21:34] [INFO] [(6, '登录密码错误时提示信息是否正确 ', 'Pass', '2017-10-12 20:21:26', '2017-10-12 20:21:34', '0:00:08', '')]
[2017-10-12 20:21:37] [INFO] <xlrd.book.Book object at 0x0000000003B85588>
[2017-10-12 20:21:37] [INFO] <xlwt.Workbook.Workbook object at 0x0000000003C0B438>
[2017-10-12 20:22:12] [INFO] 请输入子网掩码。
[2017-10-12 20:22:12] [INFO] [(7, '不输入子网掩码时的错误信息提示 ', 'Pass', '2017-10-12 20:21:42', '2017-10-12 20:22:12', '0:00:30', '')]
[2017-10-12 20:22:15] [INFO] <xlrd.book.Book object at 0x0000000003B6A128>
[2017-10-12 20:22:15] [INFO] <xlwt.Workbook.Workbook object at 0x0000000003C129B0>
[2017-10-12 20:22:50] [INFO] 请输入默认网关地址。
[2017-10-12 20:22:50] [INFO] [(8, '不输入默认网关时的错误信息提示 ', 'Pass', '2017-10-12 20:22:20', '2017-10-12 20:22:50', '0:00:30', '')]
[2017-10-12 20:22:53] [INFO] <xlrd.book.Book object at 0x0000000003B69160>
[2017-10-12 20:22:53] [INFO] <xlwt.Workbook.Workbook object at 0x0000000003C16A58>
[2017-10-12 20:23:26] [INFO] IP地址含非法字符，请重新输入。
[2017-10-12 20:23:30] [INFO] IP地址含非法字符，请重新输入。
[2017-10-12 20:23:33] [INFO] IP地址含非法字符，请重新输入。
[2017-10-12 20:23:36] [INFO] IP地址含非法字符，请重新输入。
[2017-10-12 20:23:40] [INFO] IP地址格式错误，请重新输入。
[2017-10-12 20:23:43] [INFO] IP地址含非法字符，请重新输入。
[2017-10-12 20:23:43] [INFO] [(9, '非法格式的IP地址输入时提示信息检查 ', 'Pass', '2017-10-12 20:22:58', '2017-10-12 20:23:43', '0:00:45', '')]
[2017-10-12 20:23:46] [INFO] <xlrd.book.Book object at 0x0000000003B68160>
[2017-10-12 20:23:46] [INFO] <xlwt.Workbook.Workbook object at 0x0000000003D14A20>
[2017-10-12 20:24:21] [INFO] 子网掩码不正确，请重新输入。
[2017-10-12 20:24:27] [INFO] 子网掩码不正确，请重新输入。
[2017-10-12 20:24:32] [INFO] 子网掩码不正确，请重新输入。
[2017-10-12 20:24:37] [INFO] 子网掩码不正确，请重新输入。
[2017-10-12 20:24:43] [INFO] 子网掩码不正确，请重新输入。
[2017-10-12 20:24:48] [INFO] 子网掩码不正确，请重新输入。
[2017-10-12 20:24:48] [INFO] [(10, '非法格式的子网掩码输入时，提示信息检查 ', 'Pass', '2017-10-12 20:23:51', '2017-10-12 20:24:48', '0:00:57', '')]
[2017-10-12 20:24:51] [INFO] <xlrd.book.Book object at 0x0000000003B6A0F0>
[2017-10-12 20:24:51] [INFO] <xlwt.Workbook.Workbook object at 0x0000000003C19668>
[2017-10-12 20:25:27] [INFO] 默认网关错误，请重新输入。
[2017-10-12 20:25:33] [INFO] 默认网关错误，请重新输入。
[2017-10-12 20:25:38] [INFO] 默认网关错误，请重新输入。
[2017-10-12 20:25:44] [INFO] 默认网关错误，请重新输入。
[2017-10-12 20:25:49] [INFO] 默认网关错误，请重新输入。
[2017-10-12 20:25:54] [INFO] 默认网关错误，请重新输入。
[2017-10-12 20:25:54] [INFO] [(11, '非法格式的默认网关输入时，提示信息检查 ', 'Pass', '2017-10-12 20:24:57', '2017-10-12 20:25:54', '0:00:57', '')]
[2017-10-12 20:25:57] [INFO] <xlrd.book.Book object at 0x0000000003B6A128>
[2017-10-12 20:25:57] [INFO] <xlwt.Workbook.Workbook object at 0x0000000003C9F748>
[2017-10-12 20:26:45] [INFO] [(12, '是否可以成功设置静态IP ', 'Pass', '2017-10-12 20:26:03', '2017-10-12 20:26:45', '0:00:42', '')]
[2017-10-12 20:26:45] [INFO] 测试完成后将上网方式恢复为自动获取
[2017-10-12 20:27:09] [INFO] <xlrd.book.Book object at 0x0000000003B6A080>
[2017-10-12 20:27:09] [INFO] <xlwt.Workbook.Workbook object at 0x0000000003C19B00>
[2017-10-12 20:27:37] [INFO] [(13, '是否能顺利跳转到lan页面 ', 'Pass', '2017-10-12 20:27:14', '2017-10-12 20:27:37', '0:00:23', '')]
[2017-10-12 20:27:40] [INFO] <xlrd.book.Book object at 0x0000000003B68470>
[2017-10-12 20:27:40] [INFO] <xlwt.Workbook.Workbook object at 0x0000000003C8BCC0>
[2017-10-12 20:28:03] [INFO] 默认的局域网地址:
[2017-10-12 20:28:03] [INFO] 默认的dhcp状态是：checkbox_off
[2017-10-12 20:28:03] [INFO] 默认的初始IP地址池：
[2017-10-12 20:28:03] [INFO] 默认的结束IP地址池： 
[2017-10-12 20:28:03] [INFO] [(14, 'lan页面默认项检查 ', 'Pass', '2017-10-12 20:27:45', '2017-10-12 20:28:03', '0:00:18', '')]
[2017-10-12 20:28:06] [INFO] <xlrd.book.Book object at 0x0000000003B68320>
[2017-10-12 20:28:06] [INFO] <xlwt.Workbook.Workbook object at 0x0000000003D5DCC0>
[2017-10-12 20:28:40] [INFO] [(15, 'lan页面不输入局域网地址时的提示语检查 ', 'Pass', '2017-10-12 20:28:13', '2017-10-12 20:28:40', '0:00:27', '')]
[2017-10-12 20:28:43] [INFO] <xlrd.book.Book object at 0x0000000003B683C8>
[2017-10-12 20:28:43] [INFO] <xlwt.Workbook.Workbook object at 0x0000000003C10DA0>
[2017-10-12 20:29:13] [INFO] IP地址含非法字符，请重新输入。
[2017-10-12 20:29:16] [INFO] IP地址含非法字符，请重新输入。
[2017-10-12 20:29:18] [INFO] IP地址含非法字符，请重新输入。
[2017-10-12 20:29:20] [INFO] IP地址含非法字符，请重新输入。
[2017-10-12 20:29:22] [INFO] IP地址格式错误，请重新输入。
[2017-10-12 20:29:25] [INFO] IP地址含非法字符，请重新输入。
[2017-10-12 20:29:25] [INFO] [(16, 'lan页面输入格式错误的局域网地址时的提示语检查 ', 'Pass', '2017-10-12 20:28:49', '2017-10-12 20:29:25', '0:00:36', '')]
[2017-10-12 20:29:28] [INFO] <xlrd.book.Book object at 0x0000000003B683C8>
[2017-10-12 20:29:28] [INFO] <xlwt.Workbook.Workbook object at 0x0000000003C14EB8>
[2017-10-12 20:31:03] [INFO] [(17, 'lan页面修改局域网地址是否可以成功 ', 'Pass', '2017-10-12 20:29:33', '2017-10-12 20:31:03', '0:01:30', '')]
[2017-10-12 20:31:03] [INFO] 测试完成后修改到原来的IP
[2017-10-12 20:32:20] [INFO] <xlrd.book.Book object at 0x0000000003B68400>
[2017-10-12 20:32:20] [INFO] <xlwt.Workbook.Workbook object at 0x0000000003CDECC0>
[2017-10-12 20:32:59] [INFO] 地址池开始值错误，请重新输入。
[2017-10-12 20:32:59] [INFO] [(18, '开始IP地址非法时提示信息检查 ', 'Pass', '2017-10-12 20:32:25', '2017-10-12 20:32:59', '0:00:34', '')]
[2017-10-12 20:33:02] [INFO] <xlrd.book.Book object at 0x0000000003B68400>
[2017-10-12 20:33:02] [INFO] <xlwt.Workbook.Workbook object at 0x0000000003C16080>
[2017-10-12 20:33:40] [INFO] 地址池结束值错误，请重新输入。
[2017-10-12 20:33:40] [INFO] [(19, '结束IP地址非法时提示信息检查 ', 'Pass', '2017-10-12 20:33:08', '2017-10-12 20:33:40', '0:00:32', '')]
[2017-10-12 20:33:43] [INFO] <xlrd.book.Book object at 0x0000000003B683C8>
[2017-10-12 20:33:43] [INFO] <xlwt.Workbook.Workbook object at 0x0000000003C160B8>
[2017-10-12 20:34:23] [INFO] 地址池结束值不能小于开始值，请重新输入。
[2017-10-12 20:34:23] [INFO] [(20, '开始IP地址大于结束IP地址时，提示语检查 ', 'Pass', '2017-10-12 20:33:49', '2017-10-12 20:34:23', '0:00:34', '')]
[2017-10-12 20:34:26] [INFO] <xlrd.book.Book object at 0x0000000003B68400>
[2017-10-12 20:34:26] [INFO] <xlwt.Workbook.Workbook object at 0x0000000003C16160>
[2017-10-12 20:35:12] [INFO] [(21, '开始ip地址和结束IP地址都合法时，是否可以成功保存 ', 'Pass', '2017-10-12 20:34:34', '2017-10-12 20:35:12', '0:00:38', '')]
[2017-10-12 20:35:15] [INFO] <xlrd.book.Book object at 0x0000000003B68400>
[2017-10-12 20:35:15] [INFO] <xlwt.Workbook.Workbook object at 0x0000000003CB61D0>
[2017-10-12 20:35:48] [INFO] [(22, 'DHCP 能否被正确关闭 ', 'Pass', '2017-10-12 20:35:21', '2017-10-12 20:35:48', '0:00:27', '')]
[2017-10-12 20:35:52] [INFO] <xlrd.book.Book object at 0x0000000003B683C8>
[2017-10-12 20:35:52] [INFO] <xlwt.Workbook.Workbook object at 0x0000000003C140B8>
[2017-10-12 20:36:15] [INFO] [(23, '是否能顺利跳转到无线wifi设置界面 ', 'Pass', '2017-10-12 20:35:58', '2017-10-12 20:36:15', '0:00:17', '')]
[2017-10-12 20:36:18] [INFO] <xlrd.book.Book object at 0x0000000003B4DFD0>
[2017-10-12 20:36:18] [INFO] <xlwt.Workbook.Workbook object at 0x0000000003C8EBE0>
[2017-10-12 20:36:41] [INFO] wifiname:frt_test
[2017-10-12 20:36:42] [INFO] wifiname:iot123321
[2017-10-12 20:36:42] [INFO] [(24, 'wifi页面默认项检查 ', 'Pass', '2017-10-12 20:36:23', '2017-10-12 20:36:42', '0:00:19', '')]
[2017-10-12 20:36:45] [INFO] <xlrd.book.Book object at 0x0000000003B4DF98>
[2017-10-12 20:36:45] [INFO] <xlwt.Workbook.Workbook object at 0x0000000003C8EC18>
[2017-10-12 20:41:36] [INFO] [(25, 'wifi名称各种组合是否支持 ', 'Pass', '2017-10-12 20:36:52', '2017-10-12 20:41:36', '0:04:44', '')]
[2017-10-12 20:41:39] [INFO] <xlrd.book.Book object at 0x0000000003B4DFD0>
[2017-10-12 20:41:39] [INFO] <xlwt.Workbook.Workbook object at 0x0000000003D81DA0>
[2017-10-12 20:42:04] [INFO] 请输入2.4G无线名称。
[2017-10-12 20:42:04] [INFO] [(26, '不输入wifi名称时的提示语检查 ', 'Pass', '2017-10-12 20:41:46', '2017-10-12 20:42:04', '0:00:18', '')]
[2017-10-12 20:42:07] [INFO] <xlrd.book.Book object at 0x0000000003B4DF98>
[2017-10-12 20:42:07] [INFO] <xlwt.Workbook.Workbook object at 0x0000000003C10DD8>
[2017-10-12 20:42:56] [INFO] [(27, '不输入wifi密码时是否可以保存成功 ', 'Pass', '2017-10-12 20:42:14', '2017-10-12 20:42:56', '0:00:42', '')]
[2017-10-12 20:42:56] [INFO] 测试完成后恢复wifi密码
[2017-10-12 20:43:22] [INFO] <xlrd.book.Book object at 0x0000000003B4CF98>
[2017-10-12 20:43:22] [INFO] <xlwt.Workbook.Workbook object at 0x0000000003C1EF60>
[2017-10-12 20:44:00] [INFO] [(28, '输入错误格式的wifi 密码，提示语检查 ', 'Pass', '2017-10-12 20:43:27', '2017-10-12 20:44:00', '0:00:33', '')]
[2017-10-12 20:44:00] [INFO] 测试完成恢复wifi密码
[2017-10-12 20:44:26] [INFO] <xlrd.book.Book object at 0x0000000003B4CF98>
[2017-10-12 20:44:26] [INFO] <xlwt.Workbook.Workbook object at 0x0000000003C1BF28>
[2017-10-12 20:47:46] [INFO] [(29, '是否支持各种格式的wifi密码 ', 'Pass', '2017-10-12 20:44:33', '2017-10-12 20:47:46', '0:03:13', '')]
[2017-10-12 20:47:46] [INFO] 测试完成恢复wifi密码
[2017-10-12 20:48:17] [INFO] <xlrd.book.Book object at 0x0000000003B4CF98>
[2017-10-12 20:48:17] [INFO] <xlwt.Workbook.Workbook object at 0x0000000003CD2F60>
[2017-10-12 20:48:48] [INFO] no found
[2017-10-12 20:48:48] [INFO] no found
[2017-10-12 20:48:48] [INFO] no found
[2017-10-12 20:48:48] [INFO] no found
[2017-10-12 20:48:48] [INFO] no found
[2017-10-12 20:48:48] [INFO] no found
[2017-10-12 20:48:48] [INFO] no found
[2017-10-12 20:48:48] [INFO] no found
[2017-10-12 20:48:48] [INFO] no found
[2017-10-12 20:48:48] [INFO] no found
[2017-10-12 20:48:48] [INFO] no found
[2017-10-12 20:48:48] [INFO] no found
[2017-10-12 20:48:48] [INFO] no found
[2017-10-12 20:48:48] [INFO] no found
[2017-10-12 20:48:48] [INFO] no found
[2017-10-12 20:48:48] [INFO] no found
[2017-10-12 20:48:48] [INFO] no found
[2017-10-12 20:48:48] [INFO] no found
[2017-10-12 20:48:48] [INFO] no found
[2017-10-12 20:48:48] [INFO] no found
[2017-10-12 20:48:48] [INFO] no found
[2017-10-12 20:48:48] [INFO] no found
[2017-10-12 20:48:48] [INFO] no found
[2017-10-12 20:48:48] [INFO] no found
[2017-10-12 20:48:48] [INFO] no found
[2017-10-12 20:48:48] [INFO] no found
[2017-10-12 20:48:48] [INFO] no found
[2017-10-12 20:48:48] [INFO] no found
[2017-10-12 20:48:48] [INFO] no found
[2017-10-12 20:48:48] [INFO] no found
[2017-10-12 20:48:48] [INFO] no found
[2017-10-12 20:48:48] [INFO] no found
[2017-10-12 20:48:48] [INFO] no found
[2017-10-12 20:48:48] [INFO] no found
[2017-10-12 20:48:48] [INFO] no found
[2017-10-12 20:48:48] [INFO] no found
[2017-10-12 20:48:48] [INFO] no found
[2017-10-12 20:48:48] [INFO] no found
[2017-10-12 20:48:48] [INFO] no found
[2017-10-12 20:48:48] [INFO] no found
[2017-10-12 20:48:48] [INFO] no found
[2017-10-12 20:48:48] [INFO] no found
[2017-10-12 20:48:48] [INFO] no found
[2017-10-12 20:48:48] [INFO] no found
[2017-10-12 20:48:48] [INFO] no found
[2017-10-12 20:48:48] [INFO] no found
[2017-10-12 20:48:48] [INFO] no found
[2017-10-12 20:48:48] [INFO] no found
[2017-10-12 20:48:48] [INFO] no found
[2017-10-12 20:48:48] [INFO] no found
[2017-10-12 20:48:48] [INFO] no found
[2017-10-12 20:48:48] [INFO] no found
[2017-10-12 20:48:48] [INFO] no found
[2017-10-12 20:48:48] [INFO] no found
[2017-10-12 20:48:48] [INFO] no found
[2017-10-12 20:48:48] [INFO] no found
[2017-10-12 20:48:48] [INFO] no found
[2017-10-12 20:48:48] [INFO] no found
[2017-10-12 20:48:48] [INFO] no found
[2017-10-12 20:48:48] [INFO] no found
[2017-10-12 20:48:48] [INFO] no found
[2017-10-12 20:48:48] [INFO] no found
[2017-10-12 20:48:48] [INFO] no found
[2017-10-12 20:48:48] [INFO] no found
[2017-10-12 20:48:48] [INFO] no found
[2017-10-12 20:48:48] [INFO] no found
[2017-10-12 20:48:48] [INFO] no found
[2017-10-12 20:48:48] [INFO] no found
[2017-10-12 20:48:48] [INFO] no found
[2017-10-12 20:48:48] [INFO] no found
[2017-10-12 20:48:48] [INFO] no found
[2017-10-12 20:48:48] [INFO] no found
[2017-10-12 20:48:48] [INFO] no found
[2017-10-12 20:48:48] [INFO] no found
[2017-10-12 20:48:48] [INFO] no found
[2017-10-12 20:48:48] [INFO] no found
[2017-10-12 20:48:48] [INFO] no found
[2017-10-12 20:48:48] [INFO] no found
[2017-10-12 20:48:48] [INFO] no found
[2017-10-12 20:48:48] [INFO] no found
[2017-10-12 20:48:48] [INFO] no found
[2017-10-12 20:48:48] [INFO] no found
[2017-10-12 20:48:48] [INFO] no found
[2017-10-12 20:48:48] [INFO] no found
[2017-10-12 20:48:48] [INFO] no found
[2017-10-12 20:48:48] [INFO] no found
[2017-10-12 20:48:48] [INFO] no found
[2017-10-12 20:48:48] [INFO] no found
[2017-10-12 20:48:48] [INFO] no found
[2017-10-12 20:48:48] [INFO] no found
[2017-10-12 20:48:48] [INFO] no found
[2017-10-12 20:48:48] [INFO] no found
[2017-10-12 20:48:48] [INFO] no found
[2017-10-12 20:48:48] [INFO] no found
[2017-10-12 20:48:48] [INFO] no found
[2017-10-12 20:48:48] [INFO] no found
[2017-10-12 20:48:48] [INFO] no found
[2017-10-12 20:48:48] [INFO] no found
[2017-10-12 20:48:48] [INFO] no found
[2017-10-12 20:48:48] [INFO] no found
[2017-10-12 20:48:48] [INFO] no found
[2017-10-12 20:48:48] [INFO] no found
[2017-10-12 20:48:48] [INFO] no found
[2017-10-12 20:48:48] [INFO] no found
[2017-10-12 20:48:48] [INFO] no found
[2017-10-12 20:48:48] [INFO] no found
[2017-10-12 20:48:48] [INFO] no found
[2017-10-12 20:48:48] [INFO] no found
[2017-10-12 20:48:48] [INFO] no found
[2017-10-12 20:48:48] [INFO] no found
[2017-10-12 20:48:48] [INFO] no found
[2017-10-12 20:48:48] [INFO] no found
[2017-10-12 20:48:48] [INFO] no found
[2017-10-12 20:48:48] [INFO] no found
[2017-10-12 20:48:48] [INFO] no found
[2017-10-12 20:48:48] [INFO] no found
[2017-10-12 20:48:48] [INFO] no found
[2017-10-12 20:48:48] [INFO] no found
[2017-10-12 20:48:48] [INFO] no found
[2017-10-12 20:48:48] [INFO] no found
[2017-10-12 20:48:48] [INFO] no found
[2017-10-12 20:48:48] [INFO] no found
[2017-10-12 20:48:48] [INFO] no found
[2017-10-12 20:48:48] [INFO] no found
[2017-10-12 20:48:48] [INFO] no found
[2017-10-12 20:48:48] [INFO] no found
[2017-10-12 20:48:48] [INFO] no found
[2017-10-12 20:48:48] [INFO] no found
[2017-10-12 20:48:48] [INFO] no found
[2017-10-12 20:48:48] [INFO] no found
[2017-10-12 20:48:48] [INFO] no found
[2017-10-12 20:48:48] [INFO] no found
[2017-10-12 20:48:48] [INFO] no found
[2017-10-12 20:48:48] [INFO] no found
[2017-10-12 20:48:48] [INFO] [(30, '关闭wifi 后，查看电脑的无线列表 ', 'Pass', '2017-10-12 20:48:23', '2017-10-12 20:48:48', '0:00:25', '')]
[2017-10-12 20:48:48] [INFO] 测试完成后恢复到wifi打开的状态
[2017-10-12 20:48:57] [INFO] <xlrd.book.Book object at 0x0000000003B4BFD0>
[2017-10-12 20:48:57] [INFO] <xlwt.Workbook.Workbook object at 0x0000000003C1C048>
[2017-10-12 20:49:57] [INFO] no found
[2017-10-12 20:49:57] [INFO] no found
[2017-10-12 20:49:57] [INFO] no found
[2017-10-12 20:49:57] [INFO] no found
[2017-10-12 20:49:57] [INFO] no found
[2017-10-12 20:49:57] [INFO] no found
[2017-10-12 20:49:57] [INFO] no found
[2017-10-12 20:49:57] [INFO] no found
[2017-10-12 20:49:57] [INFO] no found
[2017-10-12 20:49:57] [INFO] no found
[2017-10-12 20:49:57] [INFO] no found
[2017-10-12 20:49:57] [INFO] no found
[2017-10-12 20:49:57] [INFO] no found
[2017-10-12 20:49:57] [INFO] no found
[2017-10-12 20:49:57] [INFO] no found
[2017-10-12 20:49:57] [INFO] no found
[2017-10-12 20:49:57] [INFO] no found
[2017-10-12 20:49:57] [INFO] no found
[2017-10-12 20:49:57] [INFO] no found
[2017-10-12 20:49:57] [INFO] no found
[2017-10-12 20:49:57] [INFO] no found
[2017-10-12 20:49:57] [INFO] no found
[2017-10-12 20:49:57] [INFO] no found
[2017-10-12 20:49:57] [INFO] no found
[2017-10-12 20:49:57] [INFO] no found
[2017-10-12 20:49:57] [INFO] no found
[2017-10-12 20:49:57] [INFO] no found
[2017-10-12 20:49:57] [INFO] no found
[2017-10-12 20:49:57] [INFO] no found
[2017-10-12 20:49:57] [INFO] no found
[2017-10-12 20:49:57] [INFO] no found
[2017-10-12 20:49:57] [INFO] no found
[2017-10-12 20:49:57] [INFO] no found
[2017-10-12 20:49:57] [INFO] no found
[2017-10-12 20:49:57] [INFO] no found
[2017-10-12 20:49:57] [INFO] no found
[2017-10-12 20:49:57] [INFO] no found
[2017-10-12 20:49:57] [INFO] no found
[2017-10-12 20:49:57] [INFO] no found
[2017-10-12 20:49:57] [INFO] no found
[2017-10-12 20:49:57] [INFO] no found
[2017-10-12 20:49:57] [INFO] no found
[2017-10-12 20:49:57] [INFO] no found
[2017-10-12 20:49:57] [INFO] no found
[2017-10-12 20:49:57] [INFO] no found
[2017-10-12 20:49:57] [INFO] no found
[2017-10-12 20:49:57] [INFO] no found
[2017-10-12 20:49:57] [INFO] no found
[2017-10-12 20:49:57] [INFO] no found
[2017-10-12 20:49:57] [INFO] no found
[2017-10-12 20:49:57] [INFO] no found
[2017-10-12 20:49:57] [INFO] no found
[2017-10-12 20:49:57] [INFO] no found
[2017-10-12 20:49:57] [INFO] no found
[2017-10-12 20:49:57] [INFO] no found
[2017-10-12 20:49:57] [INFO] no found
[2017-10-12 20:49:57] [INFO] no found
[2017-10-12 20:49:57] [INFO] no found
[2017-10-12 20:49:57] [INFO] no found
[2017-10-12 20:49:57] [INFO] no found
[2017-10-12 20:49:57] [INFO] no found
[2017-10-12 20:49:57] [INFO] no found
[2017-10-12 20:49:57] [INFO] no found
[2017-10-12 20:49:57] [INFO] no found
[2017-10-12 20:49:57] [INFO] no found
[2017-10-12 20:49:57] [INFO] no found
[2017-10-12 20:49:57] [INFO] no found
[2017-10-12 20:49:57] [INFO] no found
[2017-10-12 20:49:57] [INFO] no found
[2017-10-12 20:49:57] [INFO] no found
[2017-10-12 20:49:57] [INFO] no found
[2017-10-12 20:49:57] [INFO] no found
[2017-10-12 20:49:57] [INFO] no found
[2017-10-12 20:49:57] [INFO] no found
[2017-10-12 20:49:57] [INFO] no found
[2017-10-12 20:49:57] [INFO] no found
[2017-10-12 20:49:57] [INFO] no found
[2017-10-12 20:49:57] [INFO] no found
[2017-10-12 20:49:57] [INFO] no found
[2017-10-12 20:49:57] [INFO] no found
[2017-10-12 20:49:57] [INFO] no found
[2017-10-12 20:49:57] [INFO] no found
[2017-10-12 20:49:57] [INFO] no found
[2017-10-12 20:49:57] [INFO] no found
[2017-10-12 20:49:57] [INFO] no found
[2017-10-12 20:49:57] [INFO] no found
[2017-10-12 20:49:57] [INFO] no found
[2017-10-12 20:49:57] [INFO] no found
[2017-10-12 20:49:57] [INFO] no found
[2017-10-12 20:49:57] [INFO] no found
[2017-10-12 20:49:57] [INFO] no found
[2017-10-12 20:49:57] [INFO] no found
[2017-10-12 20:49:57] [INFO] no found
[2017-10-12 20:49:57] [INFO] no found
[2017-10-12 20:49:57] [INFO] no found
[2017-10-12 20:49:57] [INFO] no found
[2017-10-12 20:49:57] [INFO] no found
[2017-10-12 20:49:57] [INFO] no found
[2017-10-12 20:49:57] [INFO] no found
[2017-10-12 20:49:57] [INFO] no found
[2017-10-12 20:49:57] [INFO] no found
[2017-10-12 20:49:57] [INFO] no found
[2017-10-12 20:49:57] [INFO] no found
[2017-10-12 20:49:57] [INFO] no found
[2017-10-12 20:49:57] [INFO] no found
[2017-10-12 20:49:57] [INFO] no found
[2017-10-12 20:49:57] [INFO] no found
[2017-10-12 20:49:57] [INFO] no found
[2017-10-12 20:49:57] [INFO] no found
[2017-10-12 20:49:57] [INFO] no found
[2017-10-12 20:49:57] [INFO] no found
[2017-10-12 20:49:57] [INFO] no found
[2017-10-12 20:49:57] [INFO] no found
[2017-10-12 20:49:57] [INFO] no found
[2017-10-12 20:49:57] [INFO] no found
[2017-10-12 20:49:57] [INFO] no found
[2017-10-12 20:49:57] [INFO] no found
[2017-10-12 20:49:57] [INFO] no found
[2017-10-12 20:49:57] [INFO] no found
[2017-10-12 20:49:57] [INFO] no found
[2017-10-12 20:49:57] [INFO] no found
[2017-10-12 20:49:57] [INFO] no found
[2017-10-12 20:49:57] [INFO] no found
[2017-10-12 20:49:57] [INFO] no found
[2017-10-12 20:49:57] [INFO] no found
[2017-10-12 20:49:57] [INFO] no found
[2017-10-12 20:49:57] [INFO] no found
[2017-10-12 20:49:57] [INFO] no found
[2017-10-12 20:49:57] [INFO] no found
[2017-10-12 20:49:57] [INFO] no found
[2017-10-12 20:49:57] [INFO] no found
[2017-10-12 20:49:57] [INFO] no found
[2017-10-12 20:49:57] [INFO] no found
[2017-10-12 20:49:57] [INFO] no found
[2017-10-12 20:49:57] [INFO] no found
[2017-10-12 20:49:57] [INFO] no found
[2017-10-12 20:49:57] [INFO] no found
[2017-10-12 20:49:57] [INFO] no found
[2017-10-12 20:49:57] [INFO] no found
[2017-10-12 20:49:57] [INFO] [(31, '关闭SSID,查看电脑列表能否搜索到wifi名称 ', 'Pass', '2017-10-12 20:49:04', '2017-10-12 20:49:57', '0:00:53', '')]
[2017-10-12 20:49:57] [INFO] 测试完成后关闭ssid隐藏
[2017-10-12 20:50:21] [INFO] <xlrd.book.Book object at 0x0000000003B4BFD0>
[2017-10-12 20:50:21] [INFO] <xlwt.Workbook.Workbook object at 0x0000000003C170F0>
[2017-10-12 20:50:52] [INFO] [(32, '不输入原密码时的提示信息检查 ', 'Pass', '2017-10-12 20:50:26', '2017-10-12 20:50:52', '0:00:26', '')]
[2017-10-12 20:50:55] [INFO] <xlrd.book.Book object at 0x0000000003B83CF8>
[2017-10-12 20:50:55] [INFO] <xlwt.Workbook.Workbook object at 0x0000000003C16CF8>
[2017-10-12 20:51:31] [INFO] [(33, '不输入新密码时的提示信息检查 ', 'Pass', '2017-10-12 20:51:02', '2017-10-12 20:51:31', '0:00:29', '')]
[2017-10-12 20:51:34] [INFO] <xlrd.book.Book object at 0x0000000003B83D68>
[2017-10-12 20:51:34] [INFO] <xlwt.Workbook.Workbook object at 0x0000000003CCCE48>
[2017-10-12 20:52:06] [INFO] [(34, '确认密码不输入时提示信息检查 ', 'Pass', '2017-10-12 20:51:39', '2017-10-12 20:52:06', '0:00:27', '')]
[2017-10-12 20:52:09] [INFO] <xlrd.book.Book object at 0x0000000003BBA668>
[2017-10-12 20:52:09] [INFO] <xlwt.Workbook.Workbook object at 0x0000000003C231D0>
[2017-10-12 20:52:44] [INFO] [(35, '确认密码与新密码不一致时的提示信息检查 ', 'Pass', '2017-10-12 20:52:16', '2017-10-12 20:52:44', '0:00:28', '')]
[2017-10-12 20:52:47] [INFO] <xlrd.book.Book object at 0x0000000003BBB630>
[2017-10-12 20:52:47] [INFO] <xlwt.Workbook.Workbook object at 0x0000000003C24278>
[2017-10-12 20:53:21] [INFO] [(36, '原密码错误时提示信息检查 ', 'Pass', '2017-10-12 20:52:52', '2017-10-12 20:53:21', '0:00:29', '')]
[2017-10-12 20:53:24] [INFO] <xlrd.book.Book object at 0x0000000003BBA828>
[2017-10-12 20:53:24] [INFO] <xlwt.Workbook.Workbook object at 0x0000000003C222B0>
[2017-10-12 20:53:59] [INFO] [(37, '新密码格式错误时提示信息检查 ', 'Pass', '2017-10-12 20:53:31', '2017-10-12 20:53:59', '0:00:28', '')]
[2017-10-12 20:54:02] [INFO] <xlrd.book.Book object at 0x0000000003B82DA0>
[2017-10-12 20:54:02] [INFO] <xlwt.Workbook.Workbook object at 0x0000000003C9F048>
[2017-10-12 20:55:06] [INFO] [(38, '修改登录密码查看是否可以登录成功', 'Pass', '2017-10-12 20:54:07', '2017-10-12 20:55:06', '0:00:59', '')]
[2017-10-12 20:55:06] [INFO] 测试完成恢复登录密码
[2017-10-12 20:55:21] [INFO] <xlrd.book.Book object at 0x0000000003B82D68>
[2017-10-12 20:55:21] [INFO] <xlwt.Workbook.Workbook object at 0x0000000003CB5DD8>
[2017-10-12 20:56:00] [INFO] [(39, '检查时区能否正确改变 ', 'Pass', '2017-10-12 20:55:27', '2017-10-12 20:56:00', '0:00:33', '')]
[2017-10-12 20:56:00] [INFO] 测试完成恢复时区
[2017-10-12 20:56:06] [INFO] <xlrd.book.Book object at 0x0000000003B83CF8>
[2017-10-12 20:56:06] [INFO] <xlwt.Workbook.Workbook object at 0x0000000003C1BDD8>
[2017-10-12 20:56:42] [INFO] ./upgrade/upload.exe E:\wifitest\upgrade\eeee.png
[2017-10-12 20:56:42] [INFO] 开始用autoit3脚本控制选择本地文件
[2017-10-12 20:56:55] [INFO] [(40, '上传错误的升级文件时，错误提示 ', 'Pass', '2017-10-12 20:56:11', '2017-10-12 20:56:55', '0:00:44', '')]
[2017-10-12 20:56:58] [INFO] <xlrd.book.Book object at 0x0000000003B82DA0>
[2017-10-12 20:56:58] [INFO] <xlwt.Workbook.Workbook object at 0x0000000003C1F0B8>
[2017-10-12 20:58:56] [INFO] [(41, '重启功能检查 ', 'Pass', '2017-10-12 20:57:03', '2017-10-12 20:58:56', '0:01:53', '')]
[2017-10-12 20:58:59] [INFO] <xlrd.book.Book object at 0x0000000003B82DA0>
[2017-10-12 20:58:59] [INFO] <xlwt.Workbook.Workbook object at 0x0000000003CE8128>
[2017-10-12 20:59:33] [INFO] [(42, '取消重启检查 ', 'Pass', '2017-10-12 20:59:05', '2017-10-12 20:59:33', '0:00:28', '')]
[2017-10-12 20:59:36] [INFO] <xlrd.book.Book object at 0x0000000003B83D68>
[2017-10-12 20:59:36] [INFO] <xlwt.Workbook.Workbook object at 0x0000000003C1C0F0>
[2017-10-12 20:59:58] [INFO] [(43, '退出系统 ', 'Pass', '2017-10-12 20:59:42', '2017-10-12 20:59:58', '0:00:16', '')]
[2017-10-12 21:00:01] [INFO] <xlrd.book.Book object at 0x0000000003B835F8>
[2017-10-12 21:00:01] [INFO] <xlwt.Workbook.Workbook object at 0x0000000003CB0278>
[2017-10-12 21:00:01] [INFO] 发送邮件
