[2017-10-10 13:21:26] [INFO] no found
[2017-10-10 13:21:26] [INFO] no found
[2017-10-10 13:21:26] [INFO] no found
[2017-10-10 13:21:26] [INFO] no found
[2017-10-10 13:21:26] [INFO] no found
[2017-10-10 13:21:26] [INFO] no found
[2017-10-10 13:21:26] [INFO] no found
[2017-10-10 13:21:26] [INFO] no found
[2017-10-10 13:21:26] [INFO] no found
[2017-10-10 13:21:26] [INFO] no found
[2017-10-10 13:21:26] [INFO] no found
[2017-10-10 13:21:26] [INFO] no found
[2017-10-10 13:21:26] [INFO] no found
[2017-10-10 13:21:26] [INFO] no found
[2017-10-10 13:21:26] [INFO] no found
[2017-10-10 13:21:26] [INFO] no found
[2017-10-10 13:21:26] [INFO] no found
[2017-10-10 13:21:26] [INFO] no found
[2017-10-10 13:21:26] [INFO] no found
[2017-10-10 13:21:26] [INFO] no found
[2017-10-10 13:21:26] [INFO] no found
[2017-10-10 13:21:26] [INFO] no found
[2017-10-10 13:21:26] [INFO] no found
[2017-10-10 13:21:26] [INFO] no found
[2017-10-10 13:21:26] [INFO] no found
[2017-10-10 13:21:26] [INFO] no found
[2017-10-10 13:21:26] [INFO] no found
[2017-10-10 13:21:26] [INFO] no found
[2017-10-10 13:21:26] [INFO] no found
[2017-10-10 13:21:26] [INFO] no found
[2017-10-10 13:21:26] [INFO] no found
[2017-10-10 13:21:26] [INFO] no found
[2017-10-10 13:21:26] [INFO] no found
[2017-10-10 13:21:26] [INFO] no found
[2017-10-10 13:21:26] [INFO] no found
[2017-10-10 13:21:26] [INFO] no found
[2017-10-10 13:21:26] [INFO] no found
[2017-10-10 13:21:26] [INFO] no found
[2017-10-10 13:21:26] [INFO] no found
[2017-10-10 13:21:26] [INFO] no found
[2017-10-10 13:21:26] [INFO] no found
[2017-10-10 13:21:26] [INFO] no found
[2017-10-10 13:21:26] [INFO] no found
[2017-10-10 13:21:26] [INFO] no found
[2017-10-10 13:21:26] [INFO] no found
[2017-10-10 13:21:26] [INFO] no found
[2017-10-10 13:21:26] [INFO] no found
[2017-10-10 13:21:26] [INFO] no found
[2017-10-10 13:21:26] [INFO] no found
[2017-10-10 13:21:26] [INFO] no found
[2017-10-10 13:21:26] [INFO] no found
[2017-10-10 13:21:26] [INFO] no found
[2017-10-10 13:21:26] [INFO] no found
[2017-10-10 13:21:26] [INFO] no found
[2017-10-10 13:21:26] [INFO] no found
[2017-10-10 13:21:26] [INFO] no found
[2017-10-10 13:21:26] [INFO] no found
[2017-10-10 13:21:26] [INFO] no found
[2017-10-10 13:21:26] [INFO] no found
[2017-10-10 13:21:26] [INFO] no found
[2017-10-10 13:21:26] [INFO] no found
[2017-10-10 13:21:26] [INFO] no found
[2017-10-10 13:21:26] [INFO] no found
[2017-10-10 13:21:26] [INFO] no found
[2017-10-10 13:21:26] [INFO] no found
[2017-10-10 13:21:26] [INFO] no found
[2017-10-10 13:21:26] [INFO] no found
[2017-10-10 13:21:26] [INFO] no found
[2017-10-10 13:21:26] [INFO] no found
[2017-10-10 13:21:26] [INFO] no found
[2017-10-10 13:21:26] [INFO] no found
[2017-10-10 13:21:26] [INFO] no found
[2017-10-10 13:21:26] [INFO] no found
[2017-10-10 13:21:26] [INFO] no found
[2017-10-10 13:21:26] [INFO] no found
[2017-10-10 13:21:26] [INFO] no found
[2017-10-10 13:21:26] [INFO] no found
[2017-10-10 13:21:26] [INFO] no found
[2017-10-10 13:21:26] [INFO] no found
[2017-10-10 13:21:26] [INFO] no found
[2017-10-10 13:21:26] [INFO] no found
[2017-10-10 13:21:26] [INFO] no found
[2017-10-10 13:21:26] [INFO] no found
[2017-10-10 13:21:26] [INFO] no found
[2017-10-10 13:21:26] [INFO] no found
[2017-10-10 13:21:26] [INFO] no found
[2017-10-10 13:21:26] [INFO] no found
[2017-10-10 13:21:26] [INFO] no found
[2017-10-10 13:21:26] [INFO] no found
[2017-10-10 13:21:26] [INFO] no found
[2017-10-10 13:21:26] [INFO] no found
[2017-10-10 13:21:26] [INFO] no found
[2017-10-10 13:21:26] [INFO] no found
[2017-10-10 13:21:26] [INFO] no found
[2017-10-10 13:21:26] [INFO] no found
[2017-10-10 13:21:26] [INFO] no found
[2017-10-10 13:21:26] [INFO] no found
[2017-10-10 13:21:26] [INFO] no found
[2017-10-10 13:21:26] [INFO] no found
[2017-10-10 13:21:26] [INFO] no found
[2017-10-10 13:21:26] [INFO] no found
[2017-10-10 13:21:26] [INFO] no found
[2017-10-10 13:21:26] [INFO] no found
[2017-10-10 13:21:26] [INFO] no found
[2017-10-10 13:21:26] [INFO] no found
[2017-10-10 13:21:26] [INFO] no found
[2017-10-10 13:21:26] [INFO] no found
[2017-10-10 13:21:26] [INFO] no found
[2017-10-10 13:21:26] [INFO] no found
[2017-10-10 13:21:26] [INFO] no found
[2017-10-10 13:21:26] [INFO] no found
[2017-10-10 13:21:26] [INFO] no found
[2017-10-10 13:21:26] [INFO] no found
[2017-10-10 13:21:26] [INFO] no found
[2017-10-10 13:21:26] [INFO] no found
[2017-10-10 13:21:26] [INFO] no found
[2017-10-10 13:21:26] [INFO] no found
[2017-10-10 13:21:26] [INFO] no found
[2017-10-10 13:21:26] [INFO] no found
[2017-10-10 13:21:26] [INFO] no found
[2017-10-10 13:21:26] [INFO] no found
[2017-10-10 13:21:26] [INFO] no found
[2017-10-10 13:21:26] [INFO] no found
[2017-10-10 13:21:26] [INFO] no found
[2017-10-10 13:21:26] [INFO] no found
[2017-10-10 13:21:26] [INFO] no found
[2017-10-10 13:21:26] [INFO] no found
[2017-10-10 13:21:26] [INFO] no found
[2017-10-10 13:21:26] [INFO] no found
[2017-10-10 13:21:26] [INFO] no found
[2017-10-10 13:21:26] [INFO] no found
[2017-10-10 13:21:26] [INFO] no found
[2017-10-10 13:21:26] [INFO] no found
[2017-10-10 13:21:26] [INFO] no found
[2017-10-10 13:21:26] [INFO] [(31, '关闭SSID,查看电脑列表能否搜索到wifi名称 ', 'Pass', '2017-10-10 13:20:23', '2017-10-10 13:21:26', '0:01:03', '')]
[2017-10-10 13:21:26] [INFO] 测试完成后关闭ssid隐藏
[2017-10-10 13:21:49] [INFO] <xlrd.book.Book object at 0x0000000003B6E048>
[2017-10-10 13:21:49] [INFO] <xlwt.Workbook.Workbook object at 0x0000000003CB94A8>
[2017-10-10 13:21:49] [INFO] 发送邮件
