[2017-10-10 11:39:51] [INFO] no found
[2017-10-10 11:39:51] [INFO] no found
[2017-10-10 11:39:51] [INFO] no found
[2017-10-10 11:39:51] [INFO] no found
[2017-10-10 11:39:51] [INFO] no found
[2017-10-10 11:39:51] [INFO] no found
[2017-10-10 11:39:51] [INFO] no found
[2017-10-10 11:39:51] [INFO] no found
[2017-10-10 11:39:51] [INFO] no found
[2017-10-10 11:39:51] [INFO] no found
[2017-10-10 11:39:51] [INFO] no found
[2017-10-10 11:39:51] [INFO] no found
[2017-10-10 11:39:51] [INFO] no found
[2017-10-10 11:39:51] [INFO] no found
[2017-10-10 11:39:51] [INFO] no found
[2017-10-10 11:39:51] [INFO] no found
[2017-10-10 11:39:51] [INFO] no found
[2017-10-10 11:39:51] [INFO] no found
[2017-10-10 11:39:51] [INFO] no found
[2017-10-10 11:39:51] [INFO] no found
[2017-10-10 11:39:51] [INFO] no found
[2017-10-10 11:39:51] [INFO] no found
[2017-10-10 11:39:51] [INFO] no found
[2017-10-10 11:39:51] [INFO] no found
[2017-10-10 11:39:51] [INFO] no found
[2017-10-10 11:39:51] [INFO] no found
[2017-10-10 11:39:51] [INFO] no found
[2017-10-10 11:39:51] [INFO] no found
[2017-10-10 11:39:51] [INFO] no found
[2017-10-10 11:39:51] [INFO] no found
[2017-10-10 11:39:51] [INFO] no found
[2017-10-10 11:39:51] [INFO] no found
[2017-10-10 11:39:51] [INFO] no found
[2017-10-10 11:39:51] [INFO] no found
[2017-10-10 11:39:51] [INFO] no found
[2017-10-10 11:39:51] [INFO] no found
[2017-10-10 11:39:51] [INFO] no found
[2017-10-10 11:39:51] [INFO] no found
[2017-10-10 11:39:51] [INFO] no found
[2017-10-10 11:39:51] [INFO] no found
[2017-10-10 11:39:51] [INFO] no found
[2017-10-10 11:39:51] [INFO] no found
[2017-10-10 11:39:51] [INFO] no found
[2017-10-10 11:39:51] [INFO] no found
[2017-10-10 11:39:51] [INFO] no found
[2017-10-10 11:39:51] [INFO] no found
[2017-10-10 11:39:51] [INFO] no found
[2017-10-10 11:39:51] [INFO] no found
[2017-10-10 11:39:51] [INFO] no found
[2017-10-10 11:39:51] [INFO] no found
[2017-10-10 11:39:51] [INFO] no found
[2017-10-10 11:39:51] [INFO] no found
[2017-10-10 11:39:51] [INFO] no found
[2017-10-10 11:39:51] [INFO] no found
[2017-10-10 11:39:51] [INFO] no found
[2017-10-10 11:39:51] [INFO] no found
[2017-10-10 11:39:51] [INFO] no found
[2017-10-10 11:39:51] [INFO] no found
[2017-10-10 11:39:51] [INFO] no found
[2017-10-10 11:39:51] [INFO] no found
[2017-10-10 11:39:51] [INFO] no found
[2017-10-10 11:39:51] [INFO] no found
[2017-10-10 11:39:51] [INFO] no found
[2017-10-10 11:39:51] [INFO] no found
[2017-10-10 11:39:51] [INFO] no found
[2017-10-10 11:39:51] [INFO] no found
[2017-10-10 11:39:51] [INFO] no found
[2017-10-10 11:39:51] [INFO] no found
[2017-10-10 11:39:51] [INFO] no found
[2017-10-10 11:39:51] [INFO] no found
[2017-10-10 11:39:51] [INFO] no found
[2017-10-10 11:39:51] [INFO] no found
[2017-10-10 11:39:51] [INFO] no found
[2017-10-10 11:39:51] [INFO] no found
[2017-10-10 11:39:51] [INFO] no found
[2017-10-10 11:39:51] [INFO] no found
[2017-10-10 11:39:51] [INFO] no found
[2017-10-10 11:39:51] [INFO] no found
[2017-10-10 11:39:51] [INFO] no found
[2017-10-10 11:39:51] [INFO] no found
[2017-10-10 11:39:51] [INFO] no found
[2017-10-10 11:39:51] [INFO] no found
[2017-10-10 11:39:51] [INFO] no found
[2017-10-10 11:39:51] [INFO] no found
[2017-10-10 11:39:51] [INFO] no found
[2017-10-10 11:39:51] [INFO] no found
[2017-10-10 11:39:51] [INFO] no found
[2017-10-10 11:39:51] [INFO] no found
[2017-10-10 11:39:51] [INFO] no found
[2017-10-10 11:39:51] [INFO] no found
[2017-10-10 11:39:51] [INFO] no found
[2017-10-10 11:39:51] [INFO] no found
[2017-10-10 11:39:51] [INFO] no found
[2017-10-10 11:39:51] [INFO] no found
[2017-10-10 11:39:51] [INFO] no found
[2017-10-10 11:39:51] [INFO] no found
[2017-10-10 11:39:51] [INFO] no found
[2017-10-10 11:39:51] [INFO] no found
[2017-10-10 11:39:51] [INFO] no found
[2017-10-10 11:39:51] [INFO] no found
[2017-10-10 11:39:51] [INFO] no found
[2017-10-10 11:39:51] [INFO] no found
[2017-10-10 11:39:51] [INFO] no found
[2017-10-10 11:39:51] [INFO] no found
[2017-10-10 11:39:51] [INFO] no found
[2017-10-10 11:39:51] [INFO] no found
[2017-10-10 11:39:51] [INFO] no found
[2017-10-10 11:39:51] [INFO] no found
[2017-10-10 11:39:51] [INFO] no found
[2017-10-10 11:39:51] [INFO] no found
[2017-10-10 11:39:51] [INFO] no found
[2017-10-10 11:39:51] [INFO] no found
[2017-10-10 11:39:51] [INFO] no found
[2017-10-10 11:39:51] [INFO] no found
[2017-10-10 11:39:51] [INFO] no found
[2017-10-10 11:39:51] [INFO] no found
[2017-10-10 11:39:51] [INFO] no found
[2017-10-10 11:39:51] [INFO] no found
[2017-10-10 11:39:51] [INFO] no found
[2017-10-10 11:39:51] [INFO] no found
[2017-10-10 11:39:51] [INFO] no found
[2017-10-10 11:39:51] [INFO] no found
[2017-10-10 11:39:51] [INFO] no found
[2017-10-10 11:39:51] [INFO] no found
[2017-10-10 11:39:51] [INFO] no found
[2017-10-10 11:39:51] [INFO] no found
[2017-10-10 11:39:51] [INFO] no found
[2017-10-10 11:39:51] [INFO] no found
[2017-10-10 11:39:51] [INFO] no found
[2017-10-10 11:39:51] [INFO] [(31, '关闭SSID,查看电脑列表能否搜索到wifi名称 ', 'Pass', '2017-10-10 11:38:51', '2017-10-10 11:39:51', '0:01:00', '')]
[2017-10-10 11:39:51] [INFO] 测试完成后关闭ssid隐藏
[2017-10-10 11:40:15] [INFO] <xlrd.book.Book object at 0x0000000003B6E080>
[2017-10-10 11:40:15] [INFO] <xlwt.Workbook.Workbook object at 0x0000000003C184E0>
[2017-10-10 11:40:15] [INFO] 发送邮件
