[2017-10-12 22:17:49] [INFO] test_goto_login: test START 
[2017-10-12 22:17:53] [INFO] [(1, '登录页面跳转测试 ', 'Pass', '2017-10-12 22:17:49', '2017-10-12 22:17:53', '0:00:04', '')]
[2017-10-12 22:17:56] [INFO] <xlrd.book.Book object at 0x0000000003B845C0>
[2017-10-12 22:17:56] [INFO] <xlwt.Workbook.Workbook object at 0x0000000003C0C0F0>
[2017-10-12 22:18:16] [INFO] [(2, '正确密码是否可成功登录测试 ', 'Pass', '2017-10-12 22:18:02', '2017-10-12 22:18:16', '0:00:14', '')]
[2017-10-12 22:18:19] [INFO] <xlrd.book.Book object at 0x0000000003B85588>
[2017-10-12 22:18:19] [INFO] <xlwt.Workbook.Workbook object at 0x0000000003C0B048>
[2017-10-12 22:18:42] [INFO] [(3, '是否能顺利跳转到wan 界面 ', 'Pass', '2017-10-12 22:18:24', '2017-10-12 22:18:42', '0:00:18', '')]
[2017-10-12 22:18:45] [INFO] <xlrd.book.Book object at 0x0000000003B69198>
[2017-10-12 22:18:45] [INFO] <xlwt.Workbook.Workbook object at 0x0000000003CBD5F8>
[2017-10-12 22:19:21] [INFO] 请输入IP地址。
[2017-10-12 22:19:21] [INFO] [(4, '没有IP地址输入时的错误信息提示 ', 'Pass', '2017-10-12 22:18:51', '2017-10-12 22:19:21', '0:00:30', '')]
[2017-10-12 22:19:24] [INFO] <xlrd.book.Book object at 0x0000000003B68160>
[2017-10-12 22:19:24] [INFO] <xlwt.Workbook.Workbook object at 0x0000000003D417F0>
[2017-10-12 22:19:39] [INFO] [(5, '不填写密码时的提示信息是否正确 ', 'Pass', '2017-10-12 22:19:29', '2017-10-12 22:19:39', '0:00:10', '')]
[2017-10-12 22:19:42] [INFO] <xlrd.book.Book object at 0x0000000003B85588>
[2017-10-12 22:19:42] [INFO] <xlwt.Workbook.Workbook object at 0x0000000003C84198>
[2017-10-12 22:19:56] [INFO] [(6, '登录密码错误时提示信息是否正确 ', 'Pass', '2017-10-12 22:19:48', '2017-10-12 22:19:56', '0:00:08', '')]
[2017-10-12 22:19:59] [INFO] <xlrd.book.Book object at 0x0000000003B85588>
[2017-10-12 22:19:59] [INFO] <xlwt.Workbook.Workbook object at 0x0000000003C0B400>
[2017-10-12 22:20:34] [INFO] 请输入子网掩码。
[2017-10-12 22:20:34] [INFO] [(7, '不输入子网掩码时的错误信息提示 ', 'Pass', '2017-10-12 22:20:04', '2017-10-12 22:20:34', '0:00:30', '')]
[2017-10-12 22:20:37] [INFO] <xlrd.book.Book object at 0x0000000003B69160>
[2017-10-12 22:20:37] [INFO] <xlwt.Workbook.Workbook object at 0x0000000003C129E8>
[2017-10-12 22:21:13] [INFO] 请输入默认网关地址。
[2017-10-12 22:21:13] [INFO] [(8, '不输入默认网关时的错误信息提示 ', 'Pass', '2017-10-12 22:20:43', '2017-10-12 22:21:13', '0:00:30', '')]
[2017-10-12 22:21:17] [INFO] <xlrd.book.Book object at 0x0000000003B69160>
[2017-10-12 22:21:17] [INFO] <xlwt.Workbook.Workbook object at 0x0000000003C97A20>
[2017-10-12 22:21:50] [INFO] IP地址含非法字符，请重新输入。
[2017-10-12 22:21:53] [INFO] IP地址含非法字符，请重新输入。
[2017-10-12 22:21:56] [INFO] IP地址含非法字符，请重新输入。
[2017-10-12 22:22:00] [INFO] IP地址含非法字符，请重新输入。
[2017-10-12 22:22:03] [INFO] IP地址格式错误，请重新输入。
[2017-10-12 22:22:06] [INFO] IP地址含非法字符，请重新输入。
[2017-10-12 22:22:06] [INFO] [(9, '非法格式的IP地址输入时提示信息检查 ', 'Pass', '2017-10-12 22:21:22', '2017-10-12 22:22:06', '0:00:44', '')]
[2017-10-12 22:22:09] [INFO] <xlrd.book.Book object at 0x0000000003B68160>
[2017-10-12 22:22:09] [INFO] <xlwt.Workbook.Workbook object at 0x0000000003C94A20>
[2017-10-12 22:22:45] [INFO] 子网掩码不正确，请重新输入。
[2017-10-12 22:22:50] [INFO] 子网掩码不正确，请重新输入。
[2017-10-12 22:22:55] [INFO] 子网掩码不正确，请重新输入。
[2017-10-12 22:23:01] [INFO] 子网掩码不正确，请重新输入。
[2017-10-12 22:23:06] [INFO] 子网掩码不正确，请重新输入。
[2017-10-12 22:23:11] [INFO] 子网掩码不正确，请重新输入。
[2017-10-12 22:23:11] [INFO] [(10, '非法格式的子网掩码输入时，提示信息检查 ', 'Pass', '2017-10-12 22:22:15', '2017-10-12 22:23:11', '0:00:56', '')]
[2017-10-12 22:23:14] [INFO] <xlrd.book.Book object at 0x0000000003B6A128>
[2017-10-12 22:23:14] [INFO] <xlwt.Workbook.Workbook object at 0x0000000003C99630>
[2017-10-12 22:23:50] [INFO] 默认网关错误，请重新输入。
[2017-10-12 22:23:55] [INFO] 默认网关错误，请重新输入。
[2017-10-12 22:24:00] [INFO] 默认网关错误，请重新输入。
[2017-10-12 22:24:06] [INFO] 默认网关错误，请重新输入。
[2017-10-12 22:24:11] [INFO] 默认网关错误，请重新输入。
[2017-10-12 22:24:16] [INFO] 默认网关错误，请重新输入。
[2017-10-12 22:24:16] [INFO] [(11, '非法格式的默认网关输入时，提示信息检查 ', 'Pass', '2017-10-12 22:23:19', '2017-10-12 22:24:16', '0:00:57', '')]
[2017-10-12 22:24:20] [INFO] <xlrd.book.Book object at 0x0000000003B6A0B8>
[2017-10-12 22:24:20] [INFO] <xlwt.Workbook.Workbook object at 0x0000000003C206D8>
[2017-10-12 22:25:09] [INFO] [(12, '是否可以成功设置静态IP ', 'Pass', '2017-10-12 22:24:26', '2017-10-12 22:25:09', '0:00:43', '')]
[2017-10-12 22:25:09] [INFO] 测试完成后将上网方式恢复为自动获取
[2017-10-12 22:25:32] [INFO] <xlrd.book.Book object at 0x0000000003B4BE48>
[2017-10-12 22:25:32] [INFO] <xlwt.Workbook.Workbook object at 0x0000000003C9BB38>
[2017-10-12 22:26:00] [INFO] [(13, '是否能顺利跳转到lan页面 ', 'Pass', '2017-10-12 22:25:38', '2017-10-12 22:26:00', '0:00:22', '')]
[2017-10-12 22:26:03] [INFO] <xlrd.book.Book object at 0x0000000003B68470>
[2017-10-12 22:26:03] [INFO] <xlwt.Workbook.Workbook object at 0x0000000003C8BCF8>
[2017-10-12 22:26:27] [INFO] 默认的局域网地址:
[2017-10-12 22:26:27] [INFO] 默认的dhcp状态是：checkbox_off
[2017-10-12 22:26:27] [INFO] 默认的初始IP地址池：
[2017-10-12 22:26:27] [INFO] 默认的结束IP地址池： 
[2017-10-12 22:26:27] [INFO] [(14, 'lan页面默认项检查 ', 'Pass', '2017-10-12 22:26:09', '2017-10-12 22:26:27', '0:00:18', '')]
[2017-10-12 22:26:30] [INFO] <xlrd.book.Book object at 0x0000000003B68390>
[2017-10-12 22:26:30] [INFO] <xlwt.Workbook.Workbook object at 0x0000000003C0DD30>
[2017-10-12 22:27:05] [INFO] [(15, 'lan页面不输入局域网地址时的提示语检查 ', 'Pass', '2017-10-12 22:26:36', '2017-10-12 22:27:05', '0:00:29', '')]
[2017-10-12 22:27:08] [INFO] <xlrd.book.Book object at 0x0000000003B683C8>
[2017-10-12 22:27:08] [INFO] <xlwt.Workbook.Workbook object at 0x0000000003C10DA0>
[2017-10-12 22:27:40] [INFO] IP地址含非法字符，请重新输入。
[2017-10-12 22:27:42] [INFO] IP地址含非法字符，请重新输入。
[2017-10-12 22:27:44] [INFO] IP地址含非法字符，请重新输入。
[2017-10-12 22:27:46] [INFO] IP地址含非法字符，请重新输入。
[2017-10-12 22:27:49] [INFO] IP地址格式错误，请重新输入。
[2017-10-12 22:27:51] [INFO] IP地址含非法字符，请重新输入。
[2017-10-12 22:27:51] [INFO] [(16, 'lan页面输入格式错误的局域网地址时的提示语检查 ', 'Pass', '2017-10-12 22:27:15', '2017-10-12 22:27:51', '0:00:36', '')]
[2017-10-12 22:27:54] [INFO] <xlrd.book.Book object at 0x0000000003B683C8>
[2017-10-12 22:27:54] [INFO] <xlwt.Workbook.Workbook object at 0x0000000003C94EB8>
[2017-10-12 22:29:30] [INFO] [(17, 'lan页面修改局域网地址是否可以成功 ', 'Pass', '2017-10-12 22:27:59', '2017-10-12 22:29:30', '0:01:31', '')]
[2017-10-12 22:29:30] [INFO] 测试完成后修改到原来的IP
[2017-10-12 22:30:47] [INFO] <xlrd.book.Book object at 0x0000000003B68400>
[2017-10-12 22:30:47] [INFO] <xlwt.Workbook.Workbook object at 0x0000000003D6ECC0>
[2017-10-12 22:31:27] [INFO] 地址池开始值错误，请重新输入。
[2017-10-12 22:31:27] [INFO] [(18, '开始IP地址非法时提示信息检查 ', 'Pass', '2017-10-12 22:30:53', '2017-10-12 22:31:27', '0:00:34', '')]
[2017-10-12 22:31:30] [INFO] <xlrd.book.Book object at 0x0000000003B68400>
[2017-10-12 22:31:30] [INFO] <xlwt.Workbook.Workbook object at 0x0000000003C160B8>
[2017-10-12 22:32:06] [INFO] 地址池结束值错误，请重新输入。
[2017-10-12 22:32:06] [INFO] [(19, '结束IP地址非法时提示信息检查 ', 'Pass', '2017-10-12 22:31:35', '2017-10-12 22:32:06', '0:00:31', '')]
[2017-10-12 22:32:09] [INFO] <xlrd.book.Book object at 0x0000000003B683C8>
[2017-10-12 22:32:09] [INFO] <xlwt.Workbook.Workbook object at 0x0000000003C160B8>
[2017-10-12 22:32:48] [INFO] 地址池结束值不能小于开始值，请重新输入。
[2017-10-12 22:32:48] [INFO] [(20, '开始IP地址大于结束IP地址时，提示语检查 ', 'Pass', '2017-10-12 22:32:15', '2017-10-12 22:32:48', '0:00:33', '')]
[2017-10-12 22:32:51] [INFO] <xlrd.book.Book object at 0x0000000003B68400>
[2017-10-12 22:32:51] [INFO] <xlwt.Workbook.Workbook object at 0x0000000003C15198>
[2017-10-12 22:33:36] [INFO] [(21, '开始ip地址和结束IP地址都合法时，是否可以成功保存 ', 'Pass', '2017-10-12 22:32:57', '2017-10-12 22:33:36', '0:00:39', '')]
[2017-10-12 22:33:39] [INFO] <xlrd.book.Book object at 0x0000000003B68400>
[2017-10-12 22:33:39] [INFO] <xlwt.Workbook.Workbook object at 0x0000000003C15240>
[2017-10-12 22:34:12] [INFO] [(22, 'DHCP 能否被正确关闭 ', 'Pass', '2017-10-12 22:33:45', '2017-10-12 22:34:12', '0:00:27', '')]
[2017-10-12 22:34:15] [INFO] <xlrd.book.Book object at 0x0000000003B68390>
[2017-10-12 22:34:15] [INFO] <xlwt.Workbook.Workbook object at 0x0000000003C940B8>
[2017-10-12 22:34:38] [INFO] [(23, '是否能顺利跳转到无线wifi设置界面 ', 'Pass', '2017-10-12 22:34:21', '2017-10-12 22:34:38', '0:00:17', '')]
[2017-10-12 22:34:41] [INFO] <xlrd.book.Book object at 0x0000000003B4DFD0>
[2017-10-12 22:34:41] [INFO] <xlwt.Workbook.Workbook object at 0x0000000003C0EC88>
[2017-10-12 22:35:04] [INFO] wifiname:frt_test
[2017-10-12 22:35:04] [INFO] wifiname:!@#$%^a!
[2017-10-12 22:35:04] [INFO] [(24, 'wifi页面默认项检查 ', 'Failed', '2017-10-12 22:34:47', '2017-10-12 22:35:04', '0:00:17', '')]
[2017-10-12 22:35:07] [INFO] <xlrd.book.Book object at 0x0000000003B4DF28>
[2017-10-12 22:35:07] [INFO] <xlwt.Workbook.Workbook object at 0x0000000003C0ECC0>
[2017-10-12 22:39:55] [INFO] [(25, 'wifi名称各种组合是否支持 ', 'Pass', '2017-10-12 22:35:13', '2017-10-12 22:39:55', '0:04:42', '')]
[2017-10-12 22:39:58] [INFO] <xlrd.book.Book object at 0x0000000003B4DFD0>
[2017-10-12 22:39:58] [INFO] <xlwt.Workbook.Workbook object at 0x0000000003CF1E10>
[2017-10-12 22:40:22] [INFO] 请输入2.4G无线名称。
[2017-10-12 22:40:22] [INFO] [(26, '不输入wifi名称时的提示语检查 ', 'Pass', '2017-10-12 22:40:05', '2017-10-12 22:40:22', '0:00:17', '')]
[2017-10-12 22:40:26] [INFO] <xlrd.book.Book object at 0x0000000003B4DF98>
[2017-10-12 22:40:26] [INFO] <xlwt.Workbook.Workbook object at 0x0000000003C90EB8>
[2017-10-12 22:41:13] [INFO] [(27, '不输入wifi密码时是否可以保存成功 ', 'Pass', '2017-10-12 22:40:31', '2017-10-12 22:41:13', '0:00:42', '')]
[2017-10-12 22:41:13] [INFO] 测试完成后恢复wifi密码
[2017-10-12 22:41:38] [INFO] <xlrd.book.Book object at 0x0000000003B4CF98>
[2017-10-12 22:41:38] [INFO] <xlwt.Workbook.Workbook object at 0x0000000003B4CDA0>
[2017-10-12 22:42:18] [INFO] [(28, '输入错误格式的wifi 密码，提示语检查 ', 'Pass', '2017-10-12 22:41:44', '2017-10-12 22:42:18', '0:00:34', '')]
[2017-10-12 22:42:18] [INFO] 测试完成恢复wifi密码
[2017-10-12 22:42:44] [INFO] <xlrd.book.Book object at 0x0000000003B4CF98>
[2017-10-12 22:42:44] [INFO] <xlwt.Workbook.Workbook object at 0x0000000003C9E080>
[2017-10-12 22:46:03] [INFO] [(29, '是否支持各种格式的wifi密码 ', 'Pass', '2017-10-12 22:42:49', '2017-10-12 22:46:03', '0:03:14', '')]
[2017-10-12 22:46:03] [INFO] 测试完成恢复wifi密码
[2017-10-12 22:46:35] [INFO] <xlrd.book.Book object at 0x0000000003B4CF98>
[2017-10-12 22:46:35] [INFO] <xlwt.Workbook.Workbook object at 0x0000000003CC4080>
[2017-10-12 22:47:06] [INFO] no found
[2017-10-12 22:47:06] [INFO] no found
[2017-10-12 22:47:06] [INFO] no found
[2017-10-12 22:47:06] [INFO] no found
[2017-10-12 22:47:06] [INFO] no found
[2017-10-12 22:47:06] [INFO] no found
[2017-10-12 22:47:06] [INFO] no found
[2017-10-12 22:47:06] [INFO] no found
[2017-10-12 22:47:06] [INFO] no found
[2017-10-12 22:47:06] [INFO] no found
[2017-10-12 22:47:06] [INFO] no found
[2017-10-12 22:47:06] [INFO] no found
[2017-10-12 22:47:06] [INFO] no found
[2017-10-12 22:47:06] [INFO] no found
[2017-10-12 22:47:06] [INFO] no found
[2017-10-12 22:47:06] [INFO] no found
[2017-10-12 22:47:06] [INFO] no found
[2017-10-12 22:47:06] [INFO] no found
[2017-10-12 22:47:06] [INFO] no found
[2017-10-12 22:47:06] [INFO] no found
[2017-10-12 22:47:06] [INFO] no found
[2017-10-12 22:47:06] [INFO] no found
[2017-10-12 22:47:06] [INFO] no found
[2017-10-12 22:47:06] [INFO] no found
[2017-10-12 22:47:06] [INFO] no found
[2017-10-12 22:47:06] [INFO] no found
[2017-10-12 22:47:06] [INFO] no found
[2017-10-12 22:47:06] [INFO] no found
[2017-10-12 22:47:06] [INFO] no found
[2017-10-12 22:47:06] [INFO] no found
[2017-10-12 22:47:06] [INFO] no found
[2017-10-12 22:47:06] [INFO] no found
[2017-10-12 22:47:06] [INFO] no found
[2017-10-12 22:47:06] [INFO] no found
[2017-10-12 22:47:06] [INFO] no found
[2017-10-12 22:47:06] [INFO] no found
[2017-10-12 22:47:06] [INFO] no found
[2017-10-12 22:47:06] [INFO] no found
[2017-10-12 22:47:06] [INFO] no found
[2017-10-12 22:47:06] [INFO] no found
[2017-10-12 22:47:06] [INFO] no found
[2017-10-12 22:47:06] [INFO] no found
[2017-10-12 22:47:06] [INFO] no found
[2017-10-12 22:47:06] [INFO] no found
[2017-10-12 22:47:06] [INFO] no found
[2017-10-12 22:47:06] [INFO] no found
[2017-10-12 22:47:06] [INFO] no found
[2017-10-12 22:47:06] [INFO] no found
[2017-10-12 22:47:06] [INFO] no found
[2017-10-12 22:47:06] [INFO] no found
[2017-10-12 22:47:06] [INFO] no found
[2017-10-12 22:47:06] [INFO] no found
[2017-10-12 22:47:06] [INFO] no found
[2017-10-12 22:47:06] [INFO] no found
[2017-10-12 22:47:06] [INFO] no found
[2017-10-12 22:47:06] [INFO] no found
[2017-10-12 22:47:06] [INFO] no found
[2017-10-12 22:47:06] [INFO] no found
[2017-10-12 22:47:06] [INFO] no found
[2017-10-12 22:47:06] [INFO] no found
[2017-10-12 22:47:06] [INFO] no found
[2017-10-12 22:47:06] [INFO] no found
[2017-10-12 22:47:06] [INFO] no found
[2017-10-12 22:47:06] [INFO] no found
[2017-10-12 22:47:06] [INFO] no found
[2017-10-12 22:47:06] [INFO] no found
[2017-10-12 22:47:06] [INFO] no found
[2017-10-12 22:47:06] [INFO] no found
[2017-10-12 22:47:06] [INFO] no found
[2017-10-12 22:47:06] [INFO] no found
[2017-10-12 22:47:06] [INFO] no found
[2017-10-12 22:47:06] [INFO] no found
[2017-10-12 22:47:06] [INFO] no found
[2017-10-12 22:47:06] [INFO] no found
[2017-10-12 22:47:06] [INFO] no found
[2017-10-12 22:47:06] [INFO] no found
[2017-10-12 22:47:06] [INFO] no found
[2017-10-12 22:47:06] [INFO] no found
[2017-10-12 22:47:06] [INFO] no found
[2017-10-12 22:47:06] [INFO] no found
[2017-10-12 22:47:06] [INFO] no found
[2017-10-12 22:47:06] [INFO] no found
[2017-10-12 22:47:06] [INFO] no found
[2017-10-12 22:47:06] [INFO] no found
[2017-10-12 22:47:06] [INFO] no found
[2017-10-12 22:47:06] [INFO] no found
[2017-10-12 22:47:06] [INFO] no found
[2017-10-12 22:47:06] [INFO] no found
[2017-10-12 22:47:06] [INFO] no found
[2017-10-12 22:47:06] [INFO] no found
[2017-10-12 22:47:06] [INFO] no found
[2017-10-12 22:47:06] [INFO] no found
[2017-10-12 22:47:06] [INFO] no found
[2017-10-12 22:47:06] [INFO] no found
[2017-10-12 22:47:06] [INFO] no found
[2017-10-12 22:47:06] [INFO] no found
[2017-10-12 22:47:06] [INFO] no found
[2017-10-12 22:47:06] [INFO] no found
[2017-10-12 22:47:06] [INFO] no found
[2017-10-12 22:47:06] [INFO] no found
[2017-10-12 22:47:06] [INFO] no found
[2017-10-12 22:47:06] [INFO] no found
[2017-10-12 22:47:06] [INFO] no found
[2017-10-12 22:47:06] [INFO] no found
[2017-10-12 22:47:06] [INFO] no found
[2017-10-12 22:47:06] [INFO] no found
[2017-10-12 22:47:06] [INFO] no found
[2017-10-12 22:47:06] [INFO] no found
[2017-10-12 22:47:06] [INFO] no found
[2017-10-12 22:47:06] [INFO] no found
[2017-10-12 22:47:06] [INFO] no found
[2017-10-12 22:47:06] [INFO] no found
[2017-10-12 22:47:06] [INFO] no found
[2017-10-12 22:47:06] [INFO] no found
[2017-10-12 22:47:06] [INFO] no found
[2017-10-12 22:47:06] [INFO] no found
[2017-10-12 22:47:06] [INFO] no found
[2017-10-12 22:47:06] [INFO] no found
[2017-10-12 22:47:06] [INFO] no found
[2017-10-12 22:47:06] [INFO] no found
[2017-10-12 22:47:06] [INFO] no found
[2017-10-12 22:47:06] [INFO] no found
[2017-10-12 22:47:06] [INFO] no found
[2017-10-12 22:47:06] [INFO] no found
[2017-10-12 22:47:06] [INFO] no found
[2017-10-12 22:47:06] [INFO] no found
[2017-10-12 22:47:06] [INFO] no found
[2017-10-12 22:47:06] [INFO] no found
[2017-10-12 22:47:06] [INFO] no found
[2017-10-12 22:47:06] [INFO] no found
[2017-10-12 22:47:06] [INFO] no found
[2017-10-12 22:47:06] [INFO] no found
[2017-10-12 22:47:06] [INFO] no found
[2017-10-12 22:47:06] [INFO] no found
[2017-10-12 22:47:06] [INFO] no found
[2017-10-12 22:47:06] [INFO] no found
[2017-10-12 22:47:06] [INFO] no found
[2017-10-12 22:47:06] [INFO] no found
[2017-10-12 22:47:06] [INFO] no found
[2017-10-12 22:47:06] [INFO] no found
[2017-10-12 22:47:06] [INFO] no found
[2017-10-12 22:47:06] [INFO] no found
[2017-10-12 22:47:06] [INFO] no found
[2017-10-12 22:47:06] [INFO] no found
[2017-10-12 22:47:06] [INFO] no found
[2017-10-12 22:47:06] [INFO] no found
[2017-10-12 22:47:06] [INFO] no found
[2017-10-12 22:47:06] [INFO] no found
[2017-10-12 22:47:06] [INFO] no found
[2017-10-12 22:47:06] [INFO] [(30, '关闭wifi 后，查看电脑的无线列表 ', 'Pass', '2017-10-12 22:46:41', '2017-10-12 22:47:06', '0:00:25', '')]
[2017-10-12 22:47:06] [INFO] 测试完成后恢复到wifi打开的状态
[2017-10-12 22:47:15] [INFO] <xlrd.book.Book object at 0x0000000003B4BFD0>
[2017-10-12 22:47:15] [INFO] <xlwt.Workbook.Workbook object at 0x0000000003CB90F0>
[2017-10-12 22:48:13] [INFO] no found
[2017-10-12 22:48:13] [INFO] no found
[2017-10-12 22:48:13] [INFO] no found
[2017-10-12 22:48:13] [INFO] no found
[2017-10-12 22:48:13] [INFO] no found
[2017-10-12 22:48:13] [INFO] no found
[2017-10-12 22:48:13] [INFO] no found
[2017-10-12 22:48:13] [INFO] no found
[2017-10-12 22:48:13] [INFO] no found
[2017-10-12 22:48:13] [INFO] no found
[2017-10-12 22:48:13] [INFO] no found
[2017-10-12 22:48:13] [INFO] no found
[2017-10-12 22:48:13] [INFO] no found
[2017-10-12 22:48:13] [INFO] no found
[2017-10-12 22:48:13] [INFO] no found
[2017-10-12 22:48:13] [INFO] no found
[2017-10-12 22:48:13] [INFO] no found
[2017-10-12 22:48:13] [INFO] no found
[2017-10-12 22:48:13] [INFO] no found
[2017-10-12 22:48:13] [INFO] no found
[2017-10-12 22:48:13] [INFO] no found
[2017-10-12 22:48:13] [INFO] no found
[2017-10-12 22:48:13] [INFO] no found
[2017-10-12 22:48:13] [INFO] no found
[2017-10-12 22:48:13] [INFO] no found
[2017-10-12 22:48:13] [INFO] no found
[2017-10-12 22:48:13] [INFO] no found
[2017-10-12 22:48:13] [INFO] no found
[2017-10-12 22:48:13] [INFO] no found
[2017-10-12 22:48:13] [INFO] no found
[2017-10-12 22:48:13] [INFO] no found
[2017-10-12 22:48:13] [INFO] no found
[2017-10-12 22:48:13] [INFO] no found
[2017-10-12 22:48:13] [INFO] no found
[2017-10-12 22:48:13] [INFO] no found
[2017-10-12 22:48:13] [INFO] no found
[2017-10-12 22:48:13] [INFO] no found
[2017-10-12 22:48:13] [INFO] no found
[2017-10-12 22:48:13] [INFO] no found
[2017-10-12 22:48:13] [INFO] no found
[2017-10-12 22:48:13] [INFO] no found
[2017-10-12 22:48:13] [INFO] no found
[2017-10-12 22:48:13] [INFO] no found
[2017-10-12 22:48:13] [INFO] no found
[2017-10-12 22:48:13] [INFO] no found
[2017-10-12 22:48:13] [INFO] no found
[2017-10-12 22:48:13] [INFO] no found
[2017-10-12 22:48:13] [INFO] no found
[2017-10-12 22:48:13] [INFO] no found
[2017-10-12 22:48:13] [INFO] no found
[2017-10-12 22:48:13] [INFO] no found
[2017-10-12 22:48:13] [INFO] no found
[2017-10-12 22:48:13] [INFO] no found
[2017-10-12 22:48:13] [INFO] no found
[2017-10-12 22:48:13] [INFO] no found
[2017-10-12 22:48:13] [INFO] no found
[2017-10-12 22:48:13] [INFO] no found
[2017-10-12 22:48:13] [INFO] no found
[2017-10-12 22:48:13] [INFO] no found
[2017-10-12 22:48:13] [INFO] no found
[2017-10-12 22:48:13] [INFO] no found
[2017-10-12 22:48:13] [INFO] no found
[2017-10-12 22:48:13] [INFO] no found
[2017-10-12 22:48:13] [INFO] no found
[2017-10-12 22:48:13] [INFO] no found
[2017-10-12 22:48:13] [INFO] no found
[2017-10-12 22:48:13] [INFO] no found
[2017-10-12 22:48:13] [INFO] no found
[2017-10-12 22:48:13] [INFO] no found
[2017-10-12 22:48:13] [INFO] no found
[2017-10-12 22:48:13] [INFO] no found
[2017-10-12 22:48:13] [INFO] no found
[2017-10-12 22:48:13] [INFO] no found
[2017-10-12 22:48:13] [INFO] no found
[2017-10-12 22:48:13] [INFO] no found
[2017-10-12 22:48:13] [INFO] no found
[2017-10-12 22:48:13] [INFO] no found
[2017-10-12 22:48:13] [INFO] no found
[2017-10-12 22:48:13] [INFO] no found
[2017-10-12 22:48:13] [INFO] no found
[2017-10-12 22:48:13] [INFO] no found
[2017-10-12 22:48:13] [INFO] no found
[2017-10-12 22:48:13] [INFO] no found
[2017-10-12 22:48:13] [INFO] no found
[2017-10-12 22:48:13] [INFO] no found
[2017-10-12 22:48:13] [INFO] no found
[2017-10-12 22:48:13] [INFO] no found
[2017-10-12 22:48:13] [INFO] no found
[2017-10-12 22:48:13] [INFO] no found
[2017-10-12 22:48:13] [INFO] no found
[2017-10-12 22:48:13] [INFO] no found
[2017-10-12 22:48:13] [INFO] no found
[2017-10-12 22:48:13] [INFO] no found
[2017-10-12 22:48:13] [INFO] no found
[2017-10-12 22:48:13] [INFO] no found
[2017-10-12 22:48:13] [INFO] no found
[2017-10-12 22:48:13] [INFO] no found
[2017-10-12 22:48:13] [INFO] no found
[2017-10-12 22:48:13] [INFO] no found
[2017-10-12 22:48:13] [INFO] no found
[2017-10-12 22:48:13] [INFO] no found
[2017-10-12 22:48:13] [INFO] no found
[2017-10-12 22:48:13] [INFO] no found
[2017-10-12 22:48:13] [INFO] no found
[2017-10-12 22:48:13] [INFO] no found
[2017-10-12 22:48:13] [INFO] no found
[2017-10-12 22:48:13] [INFO] no found
[2017-10-12 22:48:13] [INFO] no found
[2017-10-12 22:48:13] [INFO] no found
[2017-10-12 22:48:13] [INFO] no found
[2017-10-12 22:48:13] [INFO] no found
[2017-10-12 22:48:13] [INFO] no found
[2017-10-12 22:48:13] [INFO] no found
[2017-10-12 22:48:13] [INFO] no found
[2017-10-12 22:48:13] [INFO] no found
[2017-10-12 22:48:13] [INFO] no found
[2017-10-12 22:48:13] [INFO] no found
[2017-10-12 22:48:13] [INFO] no found
[2017-10-12 22:48:13] [INFO] no found
[2017-10-12 22:48:13] [INFO] no found
[2017-10-12 22:48:13] [INFO] no found
[2017-10-12 22:48:13] [INFO] no found
[2017-10-12 22:48:13] [INFO] no found
[2017-10-12 22:48:13] [INFO] no found
[2017-10-12 22:48:13] [INFO] no found
[2017-10-12 22:48:13] [INFO] no found
[2017-10-12 22:48:13] [INFO] no found
[2017-10-12 22:48:13] [INFO] no found
[2017-10-12 22:48:13] [INFO] no found
[2017-10-12 22:48:13] [INFO] no found
[2017-10-12 22:48:13] [INFO] no found
[2017-10-12 22:48:13] [INFO] no found
[2017-10-12 22:48:13] [INFO] no found
[2017-10-12 22:48:13] [INFO] no found
[2017-10-12 22:48:13] [INFO] no found
[2017-10-12 22:48:13] [INFO] no found
[2017-10-12 22:48:13] [INFO] no found
[2017-10-12 22:48:13] [INFO] no found
[2017-10-12 22:48:13] [INFO] no found
[2017-10-12 22:48:13] [INFO] no found
[2017-10-12 22:48:13] [INFO] no found
[2017-10-12 22:48:13] [INFO] no found
[2017-10-12 22:48:13] [INFO] no found
[2017-10-12 22:48:13] [INFO] no found
[2017-10-12 22:48:13] [INFO] no found
[2017-10-12 22:48:13] [INFO] no found
[2017-10-12 22:48:13] [INFO] no found
[2017-10-12 22:48:13] [INFO] no found
[2017-10-12 22:48:13] [INFO] no found
[2017-10-12 22:48:13] [INFO] no found
[2017-10-12 22:48:13] [INFO] no found
[2017-10-12 22:48:13] [INFO] no found
[2017-10-12 22:48:13] [INFO] no found
[2017-10-12 22:48:13] [INFO] no found
[2017-10-12 22:48:13] [INFO] no found
[2017-10-12 22:48:13] [INFO] no found
[2017-10-12 22:48:13] [INFO] no found
[2017-10-12 22:48:13] [INFO] no found
[2017-10-12 22:48:13] [INFO] no found
[2017-10-12 22:48:13] [INFO] no found
[2017-10-12 22:48:13] [INFO] no found
[2017-10-12 22:48:13] [INFO] no found
[2017-10-12 22:48:13] [INFO] no found
[2017-10-12 22:48:13] [INFO] no found
[2017-10-12 22:48:13] [INFO] no found
[2017-10-12 22:48:13] [INFO] no found
[2017-10-12 22:48:13] [INFO] no found
[2017-10-12 22:48:13] [INFO] no found
[2017-10-12 22:48:13] [INFO] no found
[2017-10-12 22:48:13] [INFO] no found
[2017-10-12 22:48:13] [INFO] no found
[2017-10-12 22:48:13] [INFO] no found
[2017-10-12 22:48:13] [INFO] no found
[2017-10-12 22:48:13] [INFO] no found
[2017-10-12 22:48:13] [INFO] no found
[2017-10-12 22:48:13] [INFO] no found
[2017-10-12 22:48:13] [INFO] no found
[2017-10-12 22:48:13] [INFO] no found
[2017-10-12 22:48:13] [INFO] no found
[2017-10-12 22:48:13] [INFO] no found
[2017-10-12 22:48:13] [INFO] no found
[2017-10-12 22:48:13] [INFO] no found
[2017-10-12 22:48:13] [INFO] no found
[2017-10-12 22:48:13] [INFO] no found
[2017-10-12 22:48:13] [INFO] no found
[2017-10-12 22:48:13] [INFO] no found
[2017-10-12 22:48:13] [INFO] no found
[2017-10-12 22:48:13] [INFO] no found
[2017-10-12 22:48:13] [INFO] no found
[2017-10-12 22:48:13] [INFO] [(31, '关闭SSID,查看电脑列表能否搜索到wifi名称 ', 'Pass', '2017-10-12 22:47:20', '2017-10-12 22:48:13', '0:00:53', '')]
[2017-10-12 22:48:13] [INFO] 测试完成后关闭ssid隐藏
[2017-10-12 22:48:37] [INFO] <xlrd.book.Book object at 0x0000000003B4BF98>
[2017-10-12 22:48:37] [INFO] <xlwt.Workbook.Workbook object at 0x0000000003C19128>
[2017-10-12 22:49:08] [INFO] [(32, '不输入原密码时的提示信息检查 ', 'Pass', '2017-10-12 22:48:42', '2017-10-12 22:49:08', '0:00:26', '')]
[2017-10-12 22:49:11] [INFO] <xlrd.book.Book object at 0x0000000003B82D68>
[2017-10-12 22:49:11] [INFO] <xlwt.Workbook.Workbook object at 0x0000000003C15E48>
[2017-10-12 22:49:45] [INFO] [(33, '不输入新密码时的提示信息检查 ', 'Pass', '2017-10-12 22:49:16', '2017-10-12 22:49:45', '0:00:29', '')]
[2017-10-12 22:49:48] [INFO] <xlrd.book.Book object at 0x0000000003B85CF8>
[2017-10-12 22:49:48] [INFO] <xlwt.Workbook.Workbook object at 0x0000000003CACE48>
[2017-10-12 22:50:21] [INFO] [(34, '确认密码不输入时提示信息检查 ', 'Pass', '2017-10-12 22:49:53', '2017-10-12 22:50:21', '0:00:28', '')]
[2017-10-12 22:50:24] [INFO] <xlrd.book.Book object at 0x0000000003BBA6A0>
[2017-10-12 22:50:24] [INFO] <xlwt.Workbook.Workbook object at 0x0000000003CA1240>
[2017-10-12 22:50:58] [INFO] [(35, '确认密码与新密码不一致时的提示信息检查 ', 'Pass', '2017-10-12 22:50:29', '2017-10-12 22:50:58', '0:00:29', '')]
[2017-10-12 22:51:01] [INFO] <xlrd.book.Book object at 0x0000000003BBC5C0>
[2017-10-12 22:51:01] [INFO] <xlwt.Workbook.Workbook object at 0x0000000003C222B0>
[2017-10-12 22:51:35] [INFO] [(36, '原密码错误时提示信息检查 ', 'Pass', '2017-10-12 22:51:07', '2017-10-12 22:51:35', '0:00:28', '')]
[2017-10-12 22:51:38] [INFO] <xlrd.book.Book object at 0x0000000003BBA860>
[2017-10-12 22:51:38] [INFO] <xlwt.Workbook.Workbook object at 0x0000000003C22320>
[2017-10-12 22:52:12] [INFO] [(37, '新密码格式错误时提示信息检查 ', 'Pass', '2017-10-12 22:51:44', '2017-10-12 22:52:12', '0:00:28', '')]
[2017-10-12 22:52:15] [INFO] <xlrd.book.Book object at 0x0000000003B82DA0>
[2017-10-12 22:52:15] [INFO] <xlwt.Workbook.Workbook object at 0x0000000003D5F0B8>
[2017-10-12 22:53:19] [INFO] [(38, '修改登录密码查看是否可以登录成功', 'Pass', '2017-10-12 22:52:20', '2017-10-12 22:53:19', '0:00:59', '')]
[2017-10-12 22:53:19] [INFO] 测试完成恢复登录密码
[2017-10-12 22:53:34] [INFO] <xlrd.book.Book object at 0x0000000003B82D68>
[2017-10-12 22:53:34] [INFO] <xlwt.Workbook.Workbook object at 0x0000000003C24E10>
[2017-10-12 22:54:13] [INFO] [(39, '检查时区能否正确改变 ', 'Pass', '2017-10-12 22:53:39', '2017-10-12 22:54:13', '0:00:34', '')]
[2017-10-12 22:54:13] [INFO] 测试完成恢复时区
[2017-10-12 22:54:18] [INFO] <xlrd.book.Book object at 0x0000000003B82D68>
[2017-10-12 22:54:18] [INFO] <xlwt.Workbook.Workbook object at 0x0000000003C1BEF0>
[2017-10-12 22:54:54] [INFO] ./upgrade/upload.exe E:\wifitest\upgrade\eeee.png
[2017-10-12 22:54:54] [INFO] 开始用autoit3脚本控制选择本地文件
[2017-10-12 22:55:07] [INFO] [(40, '上传错误的升级文件时，错误提示 ', 'Pass', '2017-10-12 22:54:23', '2017-10-12 22:55:07', '0:00:44', '')]
[2017-10-12 22:55:10] [INFO] <xlrd.book.Book object at 0x0000000003B82DA0>
[2017-10-12 22:55:10] [INFO] <xlwt.Workbook.Workbook object at 0x0000000003D4E160>
[2017-10-12 22:57:36] [INFO] [(41, '重启功能检查 ', 'Pass', '2017-10-12 22:55:15', '2017-10-12 22:57:36', '0:02:21', '')]
[2017-10-12 22:57:39] [INFO] <xlrd.book.Book object at 0x0000000003B82DA0>
[2017-10-12 22:57:39] [INFO] <xlwt.Workbook.Workbook object at 0x0000000003CC7160>
[2017-10-12 22:58:13] [INFO] [(42, '取消重启检查 ', 'Pass', '2017-10-12 22:57:45', '2017-10-12 22:58:13', '0:00:28', '')]
[2017-10-12 22:58:17] [INFO] <xlrd.book.Book object at 0x0000000003B83D68>
[2017-10-12 22:58:17] [INFO] <xlwt.Workbook.Workbook object at 0x0000000003C1C160>
[2017-10-12 22:58:38] [INFO] [(43, '退出系统 ', 'Pass', '2017-10-12 22:58:22', '2017-10-12 22:58:38', '0:00:16', '')]
[2017-10-12 22:58:41] [INFO] <xlrd.book.Book object at 0x0000000003B835F8>
[2017-10-12 22:58:41] [INFO] <xlwt.Workbook.Workbook object at 0x0000000003C0F2B0>
[2017-10-12 22:58:41] [INFO] 发送邮件
