[2017-10-12 23:37:02] [INFO] test_goto_login: test START 
[2017-10-12 23:37:05] [INFO] [(1, '登录页面跳转测试 ', 'Pass', '2017-10-12 23:37:02', '2017-10-12 23:37:05', '0:00:03', '')]
[2017-10-12 23:37:09] [INFO] <xlrd.book.Book object at 0x0000000003B845C0>
[2017-10-12 23:37:09] [INFO] <xlwt.Workbook.Workbook object at 0x0000000003CAC0F0>
[2017-10-12 23:37:28] [INFO] [(2, '正确密码是否可成功登录测试 ', 'Pass', '2017-10-12 23:37:14', '2017-10-12 23:37:28', '0:00:14', '')]
[2017-10-12 23:37:31] [INFO] <xlrd.book.Book object at 0x0000000003B86518>
[2017-10-12 23:37:31] [INFO] <xlwt.Workbook.Workbook object at 0x0000000003C04F60>
[2017-10-12 23:37:54] [INFO] [(3, '是否能顺利跳转到wan 界面 ', 'Pass', '2017-10-12 23:37:37', '2017-10-12 23:37:54', '0:00:17', '')]
[2017-10-12 23:37:57] [INFO] <xlrd.book.Book object at 0x0000000003B69198>
[2017-10-12 23:37:57] [INFO] <xlwt.Workbook.Workbook object at 0x0000000003D3D5C0>
[2017-10-12 23:38:33] [INFO] 请输入IP地址。
[2017-10-12 23:38:33] [INFO] [(4, '没有IP地址输入时的错误信息提示 ', 'Pass', '2017-10-12 23:38:03', '2017-10-12 23:38:33', '0:00:30', '')]
[2017-10-12 23:38:36] [INFO] <xlrd.book.Book object at 0x0000000003B6A0F0>
[2017-10-12 23:38:36] [INFO] <xlwt.Workbook.Workbook object at 0x0000000003C91780>
[2017-10-12 23:38:51] [INFO] [(5, '不填写密码时的提示信息是否正确 ', 'Pass', '2017-10-12 23:38:41', '2017-10-12 23:38:51', '0:00:10', '')]
[2017-10-12 23:38:54] [INFO] <xlrd.book.Book object at 0x0000000003B85588>
[2017-10-12 23:38:54] [INFO] <xlwt.Workbook.Workbook object at 0x0000000003BF4160>
[2017-10-12 23:39:08] [INFO] [(6, '登录密码错误时提示信息是否正确 ', 'Pass', '2017-10-12 23:39:00', '2017-10-12 23:39:08', '0:00:08', '')]
[2017-10-12 23:39:11] [INFO] <xlrd.book.Book object at 0x0000000003B86518>
[2017-10-12 23:39:11] [INFO] <xlwt.Workbook.Workbook object at 0x0000000003C0B400>
[2017-10-12 23:39:47] [INFO] 请输入子网掩码。
[2017-10-12 23:39:47] [INFO] [(7, '不输入子网掩码时的错误信息提示 ', 'Pass', '2017-10-12 23:39:16', '2017-10-12 23:39:47', '0:00:31', '')]
[2017-10-12 23:39:50] [INFO] <xlrd.book.Book object at 0x0000000003B69160>
[2017-10-12 23:39:50] [INFO] <xlwt.Workbook.Workbook object at 0x0000000003D529B0>
[2017-10-12 23:40:25] [INFO] 请输入默认网关地址。
[2017-10-12 23:40:25] [INFO] [(8, '不输入默认网关时的错误信息提示 ', 'Pass', '2017-10-12 23:39:55', '2017-10-12 23:40:25', '0:00:30', '')]
[2017-10-12 23:40:28] [INFO] <xlrd.book.Book object at 0x0000000003B69160>
[2017-10-12 23:40:28] [INFO] <xlwt.Workbook.Workbook object at 0x0000000003C16A58>
[2017-10-12 23:41:03] [INFO] IP地址含非法字符，请重新输入。
[2017-10-12 23:41:06] [INFO] IP地址含非法字符，请重新输入。
[2017-10-12 23:41:09] [INFO] IP地址含非法字符，请重新输入。
[2017-10-12 23:41:13] [INFO] IP地址含非法字符，请重新输入。
[2017-10-12 23:41:16] [INFO] IP地址格式错误，请重新输入。
[2017-10-12 23:41:19] [INFO] IP地址含非法字符，请重新输入。
[2017-10-12 23:41:19] [INFO] [(9, '非法格式的IP地址输入时提示信息检查 ', 'Pass', '2017-10-12 23:40:34', '2017-10-12 23:41:19', '0:00:45', '')]
[2017-10-12 23:41:22] [INFO] <xlrd.book.Book object at 0x0000000003B68160>
[2017-10-12 23:41:22] [INFO] <xlwt.Workbook.Workbook object at 0x0000000003C14A58>
[2017-10-12 23:41:59] [INFO] 子网掩码不正确，请重新输入。
[2017-10-12 23:42:04] [INFO] 子网掩码不正确，请重新输入。
[2017-10-12 23:42:09] [INFO] 子网掩码不正确，请重新输入。
[2017-10-12 23:42:15] [INFO] 子网掩码不正确，请重新输入。
[2017-10-12 23:42:20] [INFO] 子网掩码不正确，请重新输入。
[2017-10-12 23:42:26] [INFO] 子网掩码不正确，请重新输入。
[2017-10-12 23:42:26] [INFO] [(10, '非法格式的子网掩码输入时，提示信息检查 ', 'Pass', '2017-10-12 23:41:28', '2017-10-12 23:42:26', '0:00:58', '')]
[2017-10-12 23:42:29] [INFO] <xlrd.book.Book object at 0x0000000003BA9668>
[2017-10-12 23:42:29] [INFO] <xlwt.Workbook.Workbook object at 0x0000000003CAA6A0>
[2017-10-12 23:43:05] [INFO] 默认网关错误，请重新输入。
[2017-10-12 23:43:10] [INFO] 默认网关错误，请重新输入。
[2017-10-12 23:43:16] [INFO] 默认网关错误，请重新输入。
[2017-10-12 23:43:21] [INFO] 默认网关错误，请重新输入。
[2017-10-12 23:43:26] [INFO] 默认网关错误，请重新输入。
[2017-10-12 23:43:32] [INFO] 默认网关错误，请重新输入。
[2017-10-12 23:43:32] [INFO] [(11, '非法格式的默认网关输入时，提示信息检查 ', 'Pass', '2017-10-12 23:42:34', '2017-10-12 23:43:32', '0:00:58', '')]
[2017-10-12 23:43:35] [INFO] <xlrd.book.Book object at 0x0000000003B6A128>
[2017-10-12 23:43:35] [INFO] <xlwt.Workbook.Workbook object at 0x0000000003CA0780>
[2017-10-12 23:44:24] [INFO] [(12, '是否可以成功设置静态IP ', 'Pass', '2017-10-12 23:43:41', '2017-10-12 23:44:24', '0:00:43', '')]
[2017-10-12 23:44:24] [INFO] 测试完成后将上网方式恢复为自动获取
[2017-10-12 23:44:47] [INFO] <xlrd.book.Book object at 0x0000000003B6A0F0>
[2017-10-12 23:44:47] [INFO] <xlwt.Workbook.Workbook object at 0x0000000003C1ABA8>
[2017-10-12 23:45:16] [INFO] [(13, '是否能顺利跳转到lan页面 ', 'Pass', '2017-10-12 23:44:53', '2017-10-12 23:45:16', '0:00:23', '')]
[2017-10-12 23:45:19] [INFO] <xlrd.book.Book object at 0x0000000003B68470>
[2017-10-12 23:45:19] [INFO] <xlwt.Workbook.Workbook object at 0x0000000003D4BCC0>
[2017-10-12 23:45:42] [INFO] 默认的局域网地址:
[2017-10-12 23:45:42] [INFO] 默认的dhcp状态是：checkbox_off
[2017-10-12 23:45:42] [INFO] 默认的初始IP地址池：
[2017-10-12 23:45:42] [INFO] 默认的结束IP地址池： 
[2017-10-12 23:45:42] [INFO] [(14, 'lan页面默认项检查 ', 'Pass', '2017-10-12 23:45:25', '2017-10-12 23:45:42', '0:00:17', '')]
[2017-10-12 23:45:45] [INFO] <xlrd.book.Book object at 0x0000000003B68390>
[2017-10-12 23:45:45] [INFO] <xlwt.Workbook.Workbook object at 0x0000000003D3DD30>
[2017-10-12 23:46:19] [INFO] [(15, 'lan页面不输入局域网地址时的提示语检查 ', 'Pass', '2017-10-12 23:45:51', '2017-10-12 23:46:19', '0:00:28', '')]
[2017-10-12 23:46:22] [INFO] <xlrd.book.Book object at 0x0000000003B683C8>
[2017-10-12 23:46:22] [INFO] <xlwt.Workbook.Workbook object at 0x0000000004540DA0>
[2017-10-12 23:46:52] [INFO] IP地址含非法字符，请重新输入。
[2017-10-12 23:46:55] [INFO] IP地址含非法字符，请重新输入。
[2017-10-12 23:46:57] [INFO] IP地址含非法字符，请重新输入。
[2017-10-12 23:46:59] [INFO] IP地址含非法字符，请重新输入。
[2017-10-12 23:47:01] [INFO] IP地址格式错误，请重新输入。
[2017-10-12 23:47:04] [INFO] IP地址含非法字符，请重新输入。
[2017-10-12 23:47:04] [INFO] [(16, 'lan页面输入格式错误的局域网地址时的提示语检查 ', 'Pass', '2017-10-12 23:46:28', '2017-10-12 23:47:04', '0:00:36', '')]
[2017-10-12 23:47:07] [INFO] <xlrd.book.Book object at 0x0000000003B683C8>
[2017-10-12 23:47:07] [INFO] <xlwt.Workbook.Workbook object at 0x0000000003C13EB8>
[2017-10-12 23:48:43] [INFO] [(17, 'lan页面修改局域网地址是否可以成功 ', 'Pass', '2017-10-12 23:47:12', '2017-10-12 23:48:43', '0:01:31', '')]
[2017-10-12 23:48:43] [INFO] 测试完成后修改到原来的IP
[2017-10-12 23:49:59] [INFO] <xlrd.book.Book object at 0x0000000003B68400>
[2017-10-12 23:49:59] [INFO] <xlwt.Workbook.Workbook object at 0x0000000003C4EC88>
[2017-10-12 23:50:38] [INFO] 地址池开始值错误，请重新输入。
[2017-10-12 23:50:38] [INFO] [(18, '开始IP地址非法时提示信息检查 ', 'Pass', '2017-10-12 23:50:05', '2017-10-12 23:50:38', '0:00:33', '')]
[2017-10-12 23:50:41] [INFO] <xlrd.book.Book object at 0x0000000003B68400>
[2017-10-12 23:50:41] [INFO] <xlwt.Workbook.Workbook object at 0x0000000003C96080>
[2017-10-12 23:51:17] [INFO] 地址池结束值错误，请重新输入。
[2017-10-12 23:51:17] [INFO] [(19, '结束IP地址非法时提示信息检查 ', 'Pass', '2017-10-12 23:50:46', '2017-10-12 23:51:17', '0:00:31', '')]
[2017-10-12 23:51:20] [INFO] <xlrd.book.Book object at 0x0000000003B683C8>
[2017-10-12 23:51:20] [INFO] <xlwt.Workbook.Workbook object at 0x0000000003CA60B8>
[2017-10-12 23:51:58] [INFO] 地址池结束值不能小于开始值，请重新输入。
[2017-10-12 23:51:58] [INFO] [(20, '开始IP地址大于结束IP地址时，提示语检查 ', 'Pass', '2017-10-12 23:51:26', '2017-10-12 23:51:58', '0:00:32', '')]
[2017-10-12 23:52:01] [INFO] <xlrd.book.Book object at 0x0000000003B68390>
[2017-10-12 23:52:01] [INFO] <xlwt.Workbook.Workbook object at 0x0000000003C160B8>
[2017-10-12 23:52:45] [INFO] [(21, '开始ip地址和结束IP地址都合法时，是否可以成功保存 ', 'Pass', '2017-10-12 23:52:07', '2017-10-12 23:52:45', '0:00:38', '')]
[2017-10-12 23:52:48] [INFO] <xlrd.book.Book object at 0x0000000003B68400>
[2017-10-12 23:52:48] [INFO] <xlwt.Workbook.Workbook object at 0x0000000003C15208>
[2017-10-12 23:53:21] [INFO] [(22, 'DHCP 能否被正确关闭 ', 'Pass', '2017-10-12 23:52:54', '2017-10-12 23:53:21', '0:00:27', '')]
[2017-10-12 23:53:24] [INFO] <xlrd.book.Book object at 0x0000000003B683C8>
[2017-10-12 23:53:24] [INFO] <xlwt.Workbook.Workbook object at 0x0000000003C140B8>
[2017-10-12 23:53:46] [INFO] [(23, '是否能顺利跳转到无线wifi设置界面 ', 'Pass', '2017-10-12 23:53:29', '2017-10-12 23:53:46', '0:00:17', '')]
[2017-10-12 23:53:50] [INFO] <xlrd.book.Book object at 0x0000000003B4DFD0>
[2017-10-12 23:53:50] [INFO] <xlwt.Workbook.Workbook object at 0x0000000003C8EC50>
[2017-10-12 23:54:12] [INFO] wifiname:@#￥12
[2017-10-12 23:54:12] [INFO] wifiname:iot123321
[2017-10-12 23:54:12] [INFO] [(24, 'wifi页面默认项检查 ', 'Failed', '2017-10-12 23:53:55', '2017-10-12 23:54:12', '0:00:17', '')]
[2017-10-12 23:54:15] [INFO] <xlrd.book.Book object at 0x0000000003B4DF28>
[2017-10-12 23:54:15] [INFO] <xlwt.Workbook.Workbook object at 0x0000000003C0EC18>
[2017-10-12 23:59:02] [INFO] [(25, 'wifi名称各种组合是否支持 ', 'Pass', '2017-10-12 23:54:20', '2017-10-12 23:59:02', '0:04:42', '')]
[2017-10-12 23:59:05] [INFO] <xlrd.book.Book object at 0x0000000003B4DFD0>
[2017-10-12 23:59:05] [INFO] <xlwt.Workbook.Workbook object at 0x0000000003CF2DA0>
[2017-10-12 23:59:28] [INFO] 请输入2.4G无线名称。
[2017-10-12 23:59:28] [INFO] [(26, '不输入wifi名称时的提示语检查 ', 'Pass', '2017-10-12 23:59:11', '2017-10-12 23:59:28', '0:00:17', '')]
[2017-10-12 23:59:31] [INFO] <xlrd.book.Book object at 0x0000000003B4DF28>
[2017-10-12 23:59:31] [INFO] <xlwt.Workbook.Workbook object at 0x0000000003C90DA0>
[2017-10-13 00:00:19] [INFO] [(27, '不输入wifi密码时是否可以保存成功 ', 'Pass', '2017-10-12 23:59:37', '2017-10-13 00:00:19', '0:00:42', '')]
[2017-10-13 00:00:19] [INFO] 测试完成后恢复wifi密码
[2017-10-13 00:00:44] [INFO] <xlrd.book.Book object at 0x0000000003B4CF98>
[2017-10-13 00:00:44] [INFO] <xlwt.Workbook.Workbook object at 0x0000000003C1EF98>
[2017-10-13 00:01:23] [INFO] [(28, '输入错误格式的wifi 密码，提示语检查 ', 'Pass', '2017-10-13 00:00:50', '2017-10-13 00:01:23', '0:00:33', '')]
[2017-10-13 00:01:23] [INFO] 测试完成恢复wifi密码
[2017-10-13 00:01:49] [INFO] <xlrd.book.Book object at 0x0000000003B4CF98>
[2017-10-13 00:01:49] [INFO] <xlwt.Workbook.Workbook object at 0x0000000003C1AF98>
[2017-10-13 00:05:08] [INFO] [(29, '是否支持各种格式的wifi密码 ', 'Pass', '2017-10-13 00:01:55', '2017-10-13 00:05:08', '0:03:13', '')]
[2017-10-13 00:05:08] [INFO] 测试完成恢复wifi密码
[2017-10-13 00:05:40] [INFO] <xlrd.book.Book object at 0x0000000003B4CF98>
[2017-10-13 00:05:40] [INFO] <xlwt.Workbook.Workbook object at 0x0000000003CC2F98>
[2017-10-13 00:06:11] [INFO] no found
[2017-10-13 00:06:11] [INFO] no found
[2017-10-13 00:06:11] [INFO] no found
[2017-10-13 00:06:11] [INFO] no found
[2017-10-13 00:06:11] [INFO] no found
[2017-10-13 00:06:11] [INFO] no found
[2017-10-13 00:06:11] [INFO] no found
[2017-10-13 00:06:11] [INFO] no found
[2017-10-13 00:06:11] [INFO] no found
[2017-10-13 00:06:11] [INFO] no found
[2017-10-13 00:06:11] [INFO] no found
[2017-10-13 00:06:11] [INFO] no found
[2017-10-13 00:06:11] [INFO] no found
[2017-10-13 00:06:11] [INFO] no found
[2017-10-13 00:06:11] [INFO] no found
[2017-10-13 00:06:11] [INFO] no found
[2017-10-13 00:06:11] [INFO] no found
[2017-10-13 00:06:11] [INFO] no found
[2017-10-13 00:06:11] [INFO] no found
[2017-10-13 00:06:11] [INFO] no found
[2017-10-13 00:06:11] [INFO] no found
[2017-10-13 00:06:11] [INFO] no found
[2017-10-13 00:06:11] [INFO] no found
[2017-10-13 00:06:11] [INFO] no found
[2017-10-13 00:06:11] [INFO] no found
[2017-10-13 00:06:11] [INFO] no found
[2017-10-13 00:06:11] [INFO] no found
[2017-10-13 00:06:11] [INFO] no found
[2017-10-13 00:06:11] [INFO] no found
[2017-10-13 00:06:11] [INFO] no found
[2017-10-13 00:06:11] [INFO] no found
[2017-10-13 00:06:11] [INFO] no found
[2017-10-13 00:06:11] [INFO] no found
[2017-10-13 00:06:11] [INFO] no found
[2017-10-13 00:06:11] [INFO] no found
[2017-10-13 00:06:11] [INFO] no found
[2017-10-13 00:06:11] [INFO] no found
[2017-10-13 00:06:11] [INFO] no found
[2017-10-13 00:06:11] [INFO] no found
[2017-10-13 00:06:11] [INFO] no found
[2017-10-13 00:06:11] [INFO] no found
[2017-10-13 00:06:11] [INFO] no found
[2017-10-13 00:06:11] [INFO] no found
[2017-10-13 00:06:11] [INFO] no found
[2017-10-13 00:06:11] [INFO] no found
[2017-10-13 00:06:11] [INFO] no found
[2017-10-13 00:06:11] [INFO] no found
[2017-10-13 00:06:11] [INFO] no found
[2017-10-13 00:06:11] [INFO] no found
[2017-10-13 00:06:11] [INFO] no found
[2017-10-13 00:06:11] [INFO] no found
[2017-10-13 00:06:11] [INFO] no found
[2017-10-13 00:06:11] [INFO] no found
[2017-10-13 00:06:11] [INFO] no found
[2017-10-13 00:06:11] [INFO] no found
[2017-10-13 00:06:11] [INFO] no found
[2017-10-13 00:06:11] [INFO] no found
[2017-10-13 00:06:11] [INFO] no found
[2017-10-13 00:06:11] [INFO] no found
[2017-10-13 00:06:11] [INFO] no found
[2017-10-13 00:06:11] [INFO] no found
[2017-10-13 00:06:11] [INFO] no found
[2017-10-13 00:06:11] [INFO] no found
[2017-10-13 00:06:11] [INFO] no found
[2017-10-13 00:06:11] [INFO] no found
[2017-10-13 00:06:11] [INFO] no found
[2017-10-13 00:06:11] [INFO] no found
[2017-10-13 00:06:11] [INFO] no found
[2017-10-13 00:06:11] [INFO] no found
[2017-10-13 00:06:11] [INFO] no found
[2017-10-13 00:06:11] [INFO] no found
[2017-10-13 00:06:11] [INFO] no found
[2017-10-13 00:06:11] [INFO] no found
[2017-10-13 00:06:11] [INFO] no found
[2017-10-13 00:06:11] [INFO] no found
[2017-10-13 00:06:11] [INFO] no found
[2017-10-13 00:06:11] [INFO] no found
[2017-10-13 00:06:11] [INFO] no found
[2017-10-13 00:06:11] [INFO] no found
[2017-10-13 00:06:11] [INFO] no found
[2017-10-13 00:06:11] [INFO] no found
[2017-10-13 00:06:11] [INFO] no found
[2017-10-13 00:06:11] [INFO] no found
[2017-10-13 00:06:11] [INFO] no found
[2017-10-13 00:06:11] [INFO] no found
[2017-10-13 00:06:11] [INFO] no found
[2017-10-13 00:06:11] [INFO] no found
[2017-10-13 00:06:11] [INFO] no found
[2017-10-13 00:06:11] [INFO] no found
[2017-10-13 00:06:11] [INFO] no found
[2017-10-13 00:06:11] [INFO] no found
[2017-10-13 00:06:11] [INFO] no found
[2017-10-13 00:06:11] [INFO] no found
[2017-10-13 00:06:11] [INFO] no found
[2017-10-13 00:06:11] [INFO] no found
[2017-10-13 00:06:11] [INFO] no found
[2017-10-13 00:06:11] [INFO] no found
[2017-10-13 00:06:11] [INFO] no found
[2017-10-13 00:06:11] [INFO] no found
[2017-10-13 00:06:11] [INFO] no found
[2017-10-13 00:06:11] [INFO] no found
[2017-10-13 00:06:11] [INFO] no found
[2017-10-13 00:06:11] [INFO] no found
[2017-10-13 00:06:11] [INFO] no found
[2017-10-13 00:06:11] [INFO] no found
[2017-10-13 00:06:11] [INFO] no found
[2017-10-13 00:06:11] [INFO] no found
[2017-10-13 00:06:11] [INFO] no found
[2017-10-13 00:06:11] [INFO] no found
[2017-10-13 00:06:11] [INFO] no found
[2017-10-13 00:06:11] [INFO] no found
[2017-10-13 00:06:11] [INFO] no found
[2017-10-13 00:06:11] [INFO] no found
[2017-10-13 00:06:11] [INFO] no found
[2017-10-13 00:06:11] [INFO] no found
[2017-10-13 00:06:11] [INFO] no found
[2017-10-13 00:06:11] [INFO] no found
[2017-10-13 00:06:11] [INFO] no found
[2017-10-13 00:06:11] [INFO] no found
[2017-10-13 00:06:11] [INFO] no found
[2017-10-13 00:06:11] [INFO] no found
[2017-10-13 00:06:11] [INFO] no found
[2017-10-13 00:06:11] [INFO] no found
[2017-10-13 00:06:11] [INFO] no found
[2017-10-13 00:06:11] [INFO] no found
[2017-10-13 00:06:11] [INFO] no found
[2017-10-13 00:06:11] [INFO] no found
[2017-10-13 00:06:11] [INFO] no found
[2017-10-13 00:06:11] [INFO] no found
[2017-10-13 00:06:11] [INFO] no found
[2017-10-13 00:06:11] [INFO] no found
[2017-10-13 00:06:11] [INFO] no found
[2017-10-13 00:06:11] [INFO] no found
[2017-10-13 00:06:11] [INFO] no found
[2017-10-13 00:06:11] [INFO] no found
[2017-10-13 00:06:11] [INFO] no found
[2017-10-13 00:06:11] [INFO] no found
[2017-10-13 00:06:11] [INFO] no found
[2017-10-13 00:06:11] [INFO] no found
[2017-10-13 00:06:11] [INFO] [(30, '关闭wifi 后，查看电脑的无线列表 ', 'Pass', '2017-10-13 00:05:45', '2017-10-13 00:06:11', '0:00:26', '')]
[2017-10-13 00:06:11] [INFO] 测试完成后恢复到wifi打开的状态
[2017-10-13 00:06:19] [INFO] <xlrd.book.Book object at 0x0000000003B4BFD0>
[2017-10-13 00:06:19] [INFO] <xlwt.Workbook.Workbook object at 0x0000000003CC9048>
[2017-10-13 00:07:18] [INFO] no found
[2017-10-13 00:07:18] [INFO] no found
[2017-10-13 00:07:18] [INFO] no found
[2017-10-13 00:07:18] [INFO] no found
[2017-10-13 00:07:18] [INFO] no found
[2017-10-13 00:07:18] [INFO] no found
[2017-10-13 00:07:18] [INFO] no found
[2017-10-13 00:07:18] [INFO] no found
[2017-10-13 00:07:18] [INFO] no found
[2017-10-13 00:07:18] [INFO] no found
[2017-10-13 00:07:18] [INFO] no found
[2017-10-13 00:07:18] [INFO] no found
[2017-10-13 00:07:18] [INFO] no found
[2017-10-13 00:07:18] [INFO] no found
[2017-10-13 00:07:18] [INFO] no found
[2017-10-13 00:07:18] [INFO] no found
[2017-10-13 00:07:18] [INFO] no found
[2017-10-13 00:07:18] [INFO] no found
[2017-10-13 00:07:18] [INFO] no found
[2017-10-13 00:07:18] [INFO] no found
[2017-10-13 00:07:18] [INFO] no found
[2017-10-13 00:07:18] [INFO] no found
[2017-10-13 00:07:18] [INFO] no found
[2017-10-13 00:07:18] [INFO] no found
[2017-10-13 00:07:18] [INFO] no found
[2017-10-13 00:07:18] [INFO] no found
[2017-10-13 00:07:18] [INFO] no found
[2017-10-13 00:07:18] [INFO] no found
[2017-10-13 00:07:18] [INFO] no found
[2017-10-13 00:07:18] [INFO] no found
[2017-10-13 00:07:18] [INFO] no found
[2017-10-13 00:07:18] [INFO] no found
[2017-10-13 00:07:18] [INFO] no found
[2017-10-13 00:07:18] [INFO] no found
[2017-10-13 00:07:18] [INFO] no found
[2017-10-13 00:07:18] [INFO] no found
[2017-10-13 00:07:18] [INFO] no found
[2017-10-13 00:07:18] [INFO] no found
[2017-10-13 00:07:18] [INFO] no found
[2017-10-13 00:07:18] [INFO] no found
[2017-10-13 00:07:18] [INFO] no found
[2017-10-13 00:07:18] [INFO] no found
[2017-10-13 00:07:18] [INFO] no found
[2017-10-13 00:07:18] [INFO] no found
[2017-10-13 00:07:18] [INFO] no found
[2017-10-13 00:07:18] [INFO] no found
[2017-10-13 00:07:18] [INFO] no found
[2017-10-13 00:07:18] [INFO] no found
[2017-10-13 00:07:18] [INFO] no found
[2017-10-13 00:07:18] [INFO] no found
[2017-10-13 00:07:18] [INFO] no found
[2017-10-13 00:07:18] [INFO] no found
[2017-10-13 00:07:18] [INFO] no found
[2017-10-13 00:07:18] [INFO] no found
[2017-10-13 00:07:18] [INFO] no found
[2017-10-13 00:07:18] [INFO] no found
[2017-10-13 00:07:18] [INFO] no found
[2017-10-13 00:07:18] [INFO] no found
[2017-10-13 00:07:18] [INFO] no found
[2017-10-13 00:07:18] [INFO] no found
[2017-10-13 00:07:18] [INFO] no found
[2017-10-13 00:07:18] [INFO] no found
[2017-10-13 00:07:18] [INFO] no found
[2017-10-13 00:07:18] [INFO] no found
[2017-10-13 00:07:18] [INFO] no found
[2017-10-13 00:07:18] [INFO] no found
[2017-10-13 00:07:18] [INFO] no found
[2017-10-13 00:07:18] [INFO] no found
[2017-10-13 00:07:18] [INFO] no found
[2017-10-13 00:07:18] [INFO] no found
[2017-10-13 00:07:18] [INFO] no found
[2017-10-13 00:07:18] [INFO] no found
[2017-10-13 00:07:18] [INFO] no found
[2017-10-13 00:07:18] [INFO] no found
[2017-10-13 00:07:18] [INFO] no found
[2017-10-13 00:07:18] [INFO] no found
[2017-10-13 00:07:18] [INFO] no found
[2017-10-13 00:07:18] [INFO] no found
[2017-10-13 00:07:18] [INFO] no found
[2017-10-13 00:07:18] [INFO] no found
[2017-10-13 00:07:18] [INFO] no found
[2017-10-13 00:07:18] [INFO] no found
[2017-10-13 00:07:18] [INFO] no found
[2017-10-13 00:07:18] [INFO] no found
[2017-10-13 00:07:18] [INFO] no found
[2017-10-13 00:07:18] [INFO] no found
[2017-10-13 00:07:18] [INFO] no found
[2017-10-13 00:07:18] [INFO] no found
[2017-10-13 00:07:18] [INFO] no found
[2017-10-13 00:07:18] [INFO] no found
[2017-10-13 00:07:18] [INFO] no found
[2017-10-13 00:07:18] [INFO] no found
[2017-10-13 00:07:18] [INFO] no found
[2017-10-13 00:07:18] [INFO] no found
[2017-10-13 00:07:18] [INFO] no found
[2017-10-13 00:07:18] [INFO] no found
[2017-10-13 00:07:18] [INFO] no found
[2017-10-13 00:07:18] [INFO] no found
[2017-10-13 00:07:18] [INFO] no found
[2017-10-13 00:07:18] [INFO] no found
[2017-10-13 00:07:18] [INFO] no found
[2017-10-13 00:07:18] [INFO] no found
[2017-10-13 00:07:18] [INFO] no found
[2017-10-13 00:07:18] [INFO] no found
[2017-10-13 00:07:18] [INFO] no found
[2017-10-13 00:07:18] [INFO] no found
[2017-10-13 00:07:18] [INFO] no found
[2017-10-13 00:07:18] [INFO] no found
[2017-10-13 00:07:18] [INFO] no found
[2017-10-13 00:07:18] [INFO] no found
[2017-10-13 00:07:18] [INFO] no found
[2017-10-13 00:07:18] [INFO] no found
[2017-10-13 00:07:18] [INFO] no found
[2017-10-13 00:07:18] [INFO] no found
[2017-10-13 00:07:18] [INFO] no found
[2017-10-13 00:07:18] [INFO] no found
[2017-10-13 00:07:18] [INFO] no found
[2017-10-13 00:07:18] [INFO] no found
[2017-10-13 00:07:18] [INFO] no found
[2017-10-13 00:07:18] [INFO] no found
[2017-10-13 00:07:18] [INFO] no found
[2017-10-13 00:07:18] [INFO] no found
[2017-10-13 00:07:18] [INFO] no found
[2017-10-13 00:07:18] [INFO] no found
[2017-10-13 00:07:18] [INFO] no found
[2017-10-13 00:07:18] [INFO] no found
[2017-10-13 00:07:18] [INFO] no found
[2017-10-13 00:07:18] [INFO] no found
[2017-10-13 00:07:18] [INFO] no found
[2017-10-13 00:07:18] [INFO] no found
[2017-10-13 00:07:18] [INFO] no found
[2017-10-13 00:07:18] [INFO] no found
[2017-10-13 00:07:18] [INFO] no found
[2017-10-13 00:07:18] [INFO] no found
[2017-10-13 00:07:18] [INFO] no found
[2017-10-13 00:07:18] [INFO] no found
[2017-10-13 00:07:18] [INFO] no found
[2017-10-13 00:07:18] [INFO] no found
[2017-10-13 00:07:18] [INFO] no found
[2017-10-13 00:07:18] [INFO] no found
[2017-10-13 00:07:18] [INFO] no found
[2017-10-13 00:07:18] [INFO] no found
[2017-10-13 00:07:18] [INFO] no found
[2017-10-13 00:07:18] [INFO] no found
[2017-10-13 00:07:18] [INFO] no found
[2017-10-13 00:07:18] [INFO] no found
[2017-10-13 00:07:18] [INFO] no found
[2017-10-13 00:07:18] [INFO] no found
[2017-10-13 00:07:18] [INFO] no found
[2017-10-13 00:07:18] [INFO] no found
[2017-10-13 00:07:18] [INFO] no found
[2017-10-13 00:07:18] [INFO] no found
[2017-10-13 00:07:18] [INFO] no found
[2017-10-13 00:07:18] [INFO] no found
[2017-10-13 00:07:18] [INFO] no found
[2017-10-13 00:07:18] [INFO] no found
[2017-10-13 00:07:18] [INFO] no found
[2017-10-13 00:07:18] [INFO] no found
[2017-10-13 00:07:18] [INFO] no found
[2017-10-13 00:07:18] [INFO] no found
[2017-10-13 00:07:18] [INFO] no found
[2017-10-13 00:07:18] [INFO] no found
[2017-10-13 00:07:18] [INFO] no found
[2017-10-13 00:07:18] [INFO] no found
[2017-10-13 00:07:18] [INFO] [(31, '关闭SSID,查看电脑列表能否搜索到wifi名称 ', 'Pass', '2017-10-13 00:06:24', '2017-10-13 00:07:18', '0:00:54', '')]
[2017-10-13 00:07:18] [INFO] 测试完成后关闭ssid隐藏
[2017-10-13 00:07:41] [INFO] <xlrd.book.Book object at 0x0000000003B4BF98>
[2017-10-13 00:07:41] [INFO] <xlwt.Workbook.Workbook object at 0x0000000003D48080>
[2017-10-13 00:08:13] [INFO] [(32, '不输入原密码时的提示信息检查 ', 'Pass', '2017-10-13 00:07:47', '2017-10-13 00:08:13', '0:00:26', '')]
[2017-10-13 00:08:16] [INFO] <xlrd.book.Book object at 0x0000000003B82D68>
[2017-10-13 00:08:16] [INFO] <xlwt.Workbook.Workbook object at 0x0000000003CA5DA0>
[2017-10-13 00:08:51] [INFO] [(33, '不输入新密码时的提示信息检查 ', 'Pass', '2017-10-13 00:08:22', '2017-10-13 00:08:51', '0:00:29', '')]
[2017-10-13 00:08:54] [INFO] <xlrd.book.Book object at 0x0000000003B83D68>
[2017-10-13 00:08:54] [INFO] <xlwt.Workbook.Workbook object at 0x0000000003C1CE10>
[2017-10-13 00:09:27] [INFO] [(34, '确认密码不输入时提示信息检查 ', 'Pass', '2017-10-13 00:08:59', '2017-10-13 00:09:27', '0:00:28', '')]
[2017-10-13 00:09:30] [INFO] <xlrd.book.Book object at 0x0000000003BBA6A0>
[2017-10-13 00:09:30] [INFO] <xlwt.Workbook.Workbook object at 0x0000000003C23208>
[2017-10-13 00:10:04] [INFO] [(35, '确认密码与新密码不一致时的提示信息检查 ', 'Pass', '2017-10-13 00:09:35', '2017-10-13 00:10:04', '0:00:29', '')]
[2017-10-13 00:10:07] [INFO] <xlrd.book.Book object at 0x0000000003BBB630>
[2017-10-13 00:10:07] [INFO] <xlwt.Workbook.Workbook object at 0x0000000003C24240>
[2017-10-13 00:10:41] [INFO] [(36, '原密码错误时提示信息检查 ', 'Pass', '2017-10-13 00:10:12', '2017-10-13 00:10:41', '0:00:29', '')]
[2017-10-13 00:10:44] [INFO] <xlrd.book.Book object at 0x0000000003BBA860>
[2017-10-13 00:10:44] [INFO] <xlwt.Workbook.Workbook object at 0x0000000003C222B0>
[2017-10-13 00:11:17] [INFO] [(37, '新密码格式错误时提示信息检查 ', 'Pass', '2017-10-13 00:10:49', '2017-10-13 00:11:17', '0:00:28', '')]
[2017-10-13 00:11:20] [INFO] <xlrd.book.Book object at 0x0000000003B82DA0>
[2017-10-13 00:11:20] [INFO] <xlwt.Workbook.Workbook object at 0x0000000003CA0048>
[2017-10-13 00:12:24] [INFO] [(38, '修改登录密码查看是否可以登录成功', 'Pass', '2017-10-13 00:11:25', '2017-10-13 00:12:24', '0:00:59', '')]
[2017-10-13 00:12:24] [INFO] 测试完成恢复登录密码
[2017-10-13 00:12:39] [INFO] <xlrd.book.Book object at 0x0000000003B82D68>
[2017-10-13 00:12:39] [INFO] <xlwt.Workbook.Workbook object at 0x0000000003C25D68>
[2017-10-13 00:13:18] [INFO] [(39, '检查时区能否正确改变 ', 'Pass', '2017-10-13 00:12:45', '2017-10-13 00:13:18', '0:00:33', '')]
[2017-10-13 00:13:18] [INFO] 测试完成恢复时区
[2017-10-13 00:13:24] [INFO] <xlrd.book.Book object at 0x0000000003B82D68>
[2017-10-13 00:13:24] [INFO] <xlwt.Workbook.Workbook object at 0x0000000003C9BE10>
[2017-10-13 00:14:00] [INFO] ./upgrade/upload.exe E:\wifitest\upgrade\eeee.png
[2017-10-13 00:14:00] [INFO] 开始用autoit3脚本控制选择本地文件
[2017-10-13 00:14:13] [INFO] [(40, '上传错误的升级文件时，错误提示 ', 'Pass', '2017-10-13 00:13:29', '2017-10-13 00:14:13', '0:00:44', '')]
[2017-10-13 00:14:16] [INFO] <xlrd.book.Book object at 0x0000000003B82DA0>
[2017-10-13 00:14:16] [INFO] <xlwt.Workbook.Workbook object at 0x0000000003C9F048>
[2017-10-13 00:16:15] [INFO] [(41, '重启功能检查 ', 'Pass', '2017-10-13 00:14:22', '2017-10-13 00:16:15', '0:01:53', '')]
[2017-10-13 00:16:18] [INFO] <xlrd.book.Book object at 0x0000000003B82DA0>
[2017-10-13 00:16:18] [INFO] <xlwt.Workbook.Workbook object at 0x0000000003CDB0B8>
[2017-10-13 00:16:52] [INFO] [(42, '取消重启检查 ', 'Pass', '2017-10-13 00:16:23', '2017-10-13 00:16:52', '0:00:29', '')]
[2017-10-13 00:16:55] [INFO] <xlrd.book.Book object at 0x0000000003B83D68>
[2017-10-13 00:16:55] [INFO] <xlwt.Workbook.Workbook object at 0x0000000003DBC0F0>
[2017-10-13 00:17:16] [INFO] [(43, '退出系统 ', 'Pass', '2017-10-13 00:17:00', '2017-10-13 00:17:16', '0:00:16', '')]
[2017-10-13 00:17:19] [INFO] <xlrd.book.Book object at 0x0000000003B835F8>
[2017-10-13 00:17:19] [INFO] <xlwt.Workbook.Workbook object at 0x0000000003C10240>
[2017-10-13 00:17:19] [INFO] 发送邮件
