[2017-10-12 02:14:59] [INFO] test_goto_login: test START 
[2017-10-12 02:15:02] [INFO] [(1, '登录页面跳转测试 ', 'Pass', '2017-10-12 02:14:59', '2017-10-12 02:15:02', '0:00:03', '')]
[2017-10-12 02:15:05] [INFO] <xlrd.book.Book object at 0x0000000003B83588>
[2017-10-12 02:15:05] [INFO] <xlwt.Workbook.Workbook object at 0x0000000003C8B080>
[2017-10-12 02:15:25] [INFO] [(2, '正确密码是否可成功登录测试 ', 'Pass', '2017-10-12 02:15:11', '2017-10-12 02:15:25', '0:00:14', '')]
[2017-10-12 02:15:28] [INFO] <xlrd.book.Book object at 0x0000000003B86550>
[2017-10-12 02:15:28] [INFO] <xlwt.Workbook.Workbook object at 0x0000000003CA4F98>
[2017-10-12 02:15:51] [INFO] [(3, '是否能顺利跳转到wan 界面 ', 'Pass', '2017-10-12 02:15:34', '2017-10-12 02:15:51', '0:00:17', '')]
[2017-10-12 02:15:54] [INFO] <xlrd.book.Book object at 0x0000000003B68160>
[2017-10-12 02:15:54] [INFO] <xlwt.Workbook.Workbook object at 0x0000000003C8C5C0>
[2017-10-12 02:16:30] [INFO] 请输入IP地址。
[2017-10-12 02:16:30] [INFO] [(4, '没有IP地址输入时的错误信息提示 ', 'Pass', '2017-10-12 02:16:00', '2017-10-12 02:16:30', '0:00:30', '')]
[2017-10-12 02:16:33] [INFO] <xlrd.book.Book object at 0x0000000003B6A128>
[2017-10-12 02:16:33] [INFO] <xlwt.Workbook.Workbook object at 0x0000000003CA17F0>
[2017-10-12 02:16:49] [INFO] [(5, '不填写密码时的提示信息是否正确 ', 'Pass', '2017-10-12 02:16:39', '2017-10-12 02:16:49', '0:00:10', '')]
[2017-10-12 02:16:52] [INFO] <xlrd.book.Book object at 0x0000000003B86550>
[2017-10-12 02:16:52] [INFO] <xlwt.Workbook.Workbook object at 0x0000000003C09630>
[2017-10-12 02:17:06] [INFO] [(6, '登录密码错误时提示信息是否正确 ', 'Pass', '2017-10-12 02:16:58', '2017-10-12 02:17:06', '0:00:08', '')]
[2017-10-12 02:17:09] [INFO] <xlrd.book.Book object at 0x0000000003B86550>
[2017-10-12 02:17:09] [INFO] <xlwt.Workbook.Workbook object at 0x0000000003D3A400>
[2017-10-12 02:17:45] [INFO] 请输入子网掩码。
[2017-10-12 02:17:45] [INFO] [(7, '不输入子网掩码时的错误信息提示 ', 'Pass', '2017-10-12 02:17:15', '2017-10-12 02:17:45', '0:00:30', '')]
[2017-10-12 02:17:48] [INFO] <xlrd.book.Book object at 0x0000000003B68128>
[2017-10-12 02:17:48] [INFO] <xlwt.Workbook.Workbook object at 0x0000000003D23978>
[2017-10-12 02:18:24] [INFO] 请输入默认网关地址。
[2017-10-12 02:18:24] [INFO] [(8, '不输入默认网关时的错误信息提示 ', 'Pass', '2017-10-12 02:17:54', '2017-10-12 02:18:24', '0:00:30', '')]
[2017-10-12 02:18:27] [INFO] <xlrd.book.Book object at 0x0000000003B68128>
[2017-10-12 02:18:27] [INFO] <xlwt.Workbook.Workbook object at 0x0000000003CC7A20>
[2017-10-12 02:19:02] [INFO] IP地址含非法字符，请重新输入。
[2017-10-12 02:19:05] [INFO] IP地址含非法字符，请重新输入。
[2017-10-12 02:19:08] [INFO] IP地址含非法字符，请重新输入。
[2017-10-12 02:19:12] [INFO] IP地址含非法字符，请重新输入。
[2017-10-12 02:19:15] [INFO] IP地址格式错误，请重新输入。
[2017-10-12 02:19:19] [INFO] IP地址含非法字符，请重新输入。
[2017-10-12 02:19:19] [INFO] [(9, '非法格式的IP地址输入时提示信息检查 ', 'Pass', '2017-10-12 02:18:34', '2017-10-12 02:19:19', '0:00:45', '')]
[2017-10-12 02:19:22] [INFO] <xlrd.book.Book object at 0x0000000003B6A128>
[2017-10-12 02:19:22] [INFO] <xlwt.Workbook.Workbook object at 0x0000000003C159E8>
[2017-10-12 02:19:58] [INFO] 子网掩码不正确，请重新输入。
[2017-10-12 02:20:03] [INFO] 子网掩码不正确，请重新输入。
[2017-10-12 02:20:09] [INFO] 子网掩码不正确，请重新输入。
[2017-10-12 02:20:14] [INFO] 子网掩码不正确，请重新输入。
[2017-10-12 02:20:19] [INFO] 子网掩码不正确，请重新输入。
[2017-10-12 02:20:25] [INFO] 子网掩码不正确，请重新输入。
[2017-10-12 02:20:25] [INFO] [(10, '非法格式的子网掩码输入时，提示信息检查 ', 'Pass', '2017-10-12 02:19:28', '2017-10-12 02:20:25', '0:00:57', '')]
[2017-10-12 02:20:28] [INFO] <xlrd.book.Book object at 0x0000000003B4AE48>
[2017-10-12 02:20:28] [INFO] <xlwt.Workbook.Workbook object at 0x0000000003CB95C0>
[2017-10-12 02:21:05] [INFO] 默认网关错误，请重新输入。
[2017-10-12 02:21:10] [INFO] 默认网关错误，请重新输入。
[2017-10-12 02:21:16] [INFO] 默认网关错误，请重新输入。
[2017-10-12 02:21:21] [INFO] 默认网关错误，请重新输入。
[2017-10-12 02:21:26] [INFO] 默认网关错误，请重新输入。
[2017-10-12 02:21:32] [INFO] 默认网关错误，请重新输入。
[2017-10-12 02:21:32] [INFO] [(11, '非法格式的默认网关输入时，提示信息检查 ', 'Pass', '2017-10-12 02:20:35', '2017-10-12 02:21:32', '0:00:57', '')]
[2017-10-12 02:21:35] [INFO] <xlrd.book.Book object at 0x0000000003B6B0F0>
[2017-10-12 02:21:35] [INFO] <xlwt.Workbook.Workbook object at 0x0000000003CB0710>
[2017-10-12 02:22:23] [INFO] [(12, '是否可以成功设置静态IP ', 'Pass', '2017-10-12 02:21:40', '2017-10-12 02:22:23', '0:00:43', '')]
[2017-10-12 02:22:23] [INFO] 测试完成后将上网方式恢复为自动获取
[2017-10-12 02:22:46] [INFO] <xlrd.book.Book object at 0x0000000003B4AFD0>
[2017-10-12 02:22:46] [INFO] <xlwt.Workbook.Workbook object at 0x0000000003CA9A90>
[2017-10-12 02:23:16] [INFO] [(13, '是否能顺利跳转到lan页面 ', 'Pass', '2017-10-12 02:22:54', '2017-10-12 02:23:16', '0:00:22', '')]
[2017-10-12 02:23:19] [INFO] <xlrd.book.Book object at 0x0000000003B69438>
[2017-10-12 02:23:19] [INFO] <xlwt.Workbook.Workbook object at 0x0000000003CABC88>
[2017-10-12 02:23:43] [INFO] 默认的局域网地址:
[2017-10-12 02:23:44] [INFO] 默认的dhcp状态是：checkbox_off
[2017-10-12 02:23:44] [INFO] 默认的初始IP地址池：
[2017-10-12 02:23:44] [INFO] 默认的结束IP地址池： 
[2017-10-12 02:23:44] [INFO] [(14, 'lan页面默认项检查 ', 'Pass', '2017-10-12 02:23:26', '2017-10-12 02:23:44', '0:00:18', '')]
[2017-10-12 02:23:47] [INFO] <xlrd.book.Book object at 0x0000000003B69358>
[2017-10-12 02:23:47] [INFO] <xlwt.Workbook.Workbook object at 0x0000000003C9CCC0>
[2017-10-12 02:24:21] [INFO] [(15, 'lan页面不输入局域网地址时的提示语检查 ', 'Pass', '2017-10-12 02:23:53', '2017-10-12 02:24:21', '0:00:28', '')]
[2017-10-12 02:24:24] [INFO] <xlrd.book.Book object at 0x0000000003B69390>
[2017-10-12 02:24:24] [INFO] <xlwt.Workbook.Workbook object at 0x0000000003C0FDA0>
[2017-10-12 02:24:55] [INFO] IP地址含非法字符，请重新输入。
[2017-10-12 02:24:58] [INFO] IP地址含非法字符，请重新输入。
[2017-10-12 02:25:00] [INFO] IP地址含非法字符，请重新输入。
[2017-10-12 02:25:02] [INFO] IP地址含非法字符，请重新输入。
[2017-10-12 02:25:04] [INFO] IP地址格式错误，请重新输入。
[2017-10-12 02:25:07] [INFO] IP地址含非法字符，请重新输入。
[2017-10-12 02:25:07] [INFO] [(16, 'lan页面输入格式错误的局域网地址时的提示语检查 ', 'Pass', '2017-10-12 02:24:30', '2017-10-12 02:25:07', '0:00:37', '')]
[2017-10-12 02:25:10] [INFO] <xlrd.book.Book object at 0x0000000003B69390>
[2017-10-12 02:25:10] [INFO] <xlwt.Workbook.Workbook object at 0x0000000003C14EB8>
[2017-10-12 02:26:48] [INFO] [(17, 'lan页面修改局域网地址是否可以成功 ', 'Pass', '2017-10-12 02:25:17', '2017-10-12 02:26:48', '0:01:31', '')]
[2017-10-12 02:26:48] [INFO] 测试完成后修改到原来的IP
[2017-10-12 02:28:04] [INFO] <xlrd.book.Book object at 0x0000000003B693C8>
[2017-10-12 02:28:04] [INFO] <xlwt.Workbook.Workbook object at 0x0000000003CFDC50>
[2017-10-12 02:28:45] [INFO] 地址池开始值错误，请重新输入。
[2017-10-12 02:28:45] [INFO] [(18, '开始IP地址非法时提示信息检查 ', 'Pass', '2017-10-12 02:28:12', '2017-10-12 02:28:45', '0:00:33', '')]
[2017-10-12 02:28:48] [INFO] <xlrd.book.Book object at 0x0000000003B69358>
[2017-10-12 02:28:48] [INFO] <xlwt.Workbook.Workbook object at 0x0000000003D10F60>
[2017-10-12 02:29:26] [INFO] 地址池结束值错误，请重新输入。
[2017-10-12 02:29:26] [INFO] [(19, '结束IP地址非法时提示信息检查 ', 'Pass', '2017-10-12 02:28:55', '2017-10-12 02:29:26', '0:00:31', '')]
[2017-10-12 02:29:29] [INFO] <xlrd.book.Book object at 0x0000000003B69390>
[2017-10-12 02:29:29] [INFO] <xlwt.Workbook.Workbook object at 0x0000000003D460B8>
[2017-10-12 02:30:08] [INFO] 地址池结束值不能小于开始值，请重新输入。
[2017-10-12 02:30:08] [INFO] [(20, '开始IP地址大于结束IP地址时，提示语检查 ', 'Pass', '2017-10-12 02:29:35', '2017-10-12 02:30:08', '0:00:33', '')]
[2017-10-12 02:30:11] [INFO] <xlrd.book.Book object at 0x0000000003B693C8>
[2017-10-12 02:30:11] [INFO] <xlwt.Workbook.Workbook object at 0x0000000003D36128>
[2017-10-12 02:30:55] [INFO] [(21, '开始ip地址和结束IP地址都合法时，是否可以成功保存 ', 'Pass', '2017-10-12 02:30:17', '2017-10-12 02:30:55', '0:00:38', '')]
[2017-10-12 02:30:58] [INFO] <xlrd.book.Book object at 0x0000000003B693C8>
[2017-10-12 02:30:58] [INFO] <xlwt.Workbook.Workbook object at 0x0000000003FB6198>
[2017-10-12 02:31:32] [INFO] [(22, 'DHCP 能否被正确关闭 ', 'Pass', '2017-10-12 02:31:04', '2017-10-12 02:31:32', '0:00:28', '')]
[2017-10-12 02:31:35] [INFO] <xlrd.book.Book object at 0x0000000003B69390>
[2017-10-12 02:31:35] [INFO] <xlwt.Workbook.Workbook object at 0x0000000003C12080>
[2017-10-12 02:31:58] [INFO] [(23, '是否能顺利跳转到无线wifi设置界面 ', 'Pass', '2017-10-12 02:31:41', '2017-10-12 02:31:58', '0:00:17', '')]
[2017-10-12 02:32:01] [INFO] <xlrd.book.Book object at 0x0000000003B4CF60>
[2017-10-12 02:32:01] [INFO] <xlwt.Workbook.Workbook object at 0x0000000003C8EBA8>
[2017-10-12 02:32:24] [INFO] wifiname:frt_test
[2017-10-12 02:32:24] [INFO] wifiname:iot123321
[2017-10-12 02:32:24] [INFO] [(24, 'wifi页面默认项检查 ', 'Pass', '2017-10-12 02:32:07', '2017-10-12 02:32:24', '0:00:17', '')]
[2017-10-12 02:32:27] [INFO] <xlrd.book.Book object at 0x0000000003B4CF60>
[2017-10-12 02:32:27] [INFO] <xlwt.Workbook.Workbook object at 0x0000000003C0EC18>
[2017-10-12 02:37:16] [INFO] [(25, 'wifi名称各种组合是否支持 ', 'Pass', '2017-10-12 02:32:33', '2017-10-12 02:37:16', '0:04:43', '')]
[2017-10-12 02:37:19] [INFO] <xlrd.book.Book object at 0x0000000003B4CFD0>
[2017-10-12 02:37:19] [INFO] <xlwt.Workbook.Workbook object at 0x0000000003CE0D30>
[2017-10-12 02:37:43] [INFO] 请输入2.4G无线名称。
[2017-10-12 02:37:43] [INFO] [(26, '不输入wifi名称时的提示语检查 ', 'Pass', '2017-10-12 02:37:25', '2017-10-12 02:37:43', '0:00:18', '')]
[2017-10-12 02:37:46] [INFO] <xlrd.book.Book object at 0x0000000003B4CF60>
[2017-10-12 02:37:46] [INFO] <xlwt.Workbook.Workbook object at 0x0000000003C90D68>
[2017-10-12 02:38:34] [INFO] [(27, '不输入wifi密码时是否可以保存成功 ', 'Pass', '2017-10-12 02:37:51', '2017-10-12 02:38:34', '0:00:43', '')]
[2017-10-12 02:38:34] [INFO] 测试完成后恢复wifi密码
[2017-10-12 02:38:59] [INFO] <xlrd.book.Book object at 0x0000000003B4BF60>
[2017-10-12 02:38:59] [INFO] <xlwt.Workbook.Workbook object at 0x0000000003C1DF28>
[2017-10-12 02:39:37] [INFO] [(28, '输入错误格式的wifi 密码，提示语检查 ', 'Pass', '2017-10-12 02:39:04', '2017-10-12 02:39:37', '0:00:33', '')]
[2017-10-12 02:39:37] [INFO] 测试完成恢复wifi密码
[2017-10-12 02:40:04] [INFO] <xlrd.book.Book object at 0x0000000003B4BEF0>
[2017-10-12 02:40:04] [INFO] <xlwt.Workbook.Workbook object at 0x0000000003C1AE48>
[2017-10-12 02:43:24] [INFO] [(29, '是否支持各种格式的wifi密码 ', 'Pass', '2017-10-12 02:40:09', '2017-10-12 02:43:24', '0:03:15', '')]
[2017-10-12 02:43:24] [INFO] 测试完成恢复wifi密码
[2017-10-12 02:43:56] [INFO] <xlrd.book.Book object at 0x0000000003B4BEF0>
[2017-10-12 02:43:56] [INFO] <xlwt.Workbook.Workbook object at 0x0000000003C43E80>
[2017-10-12 02:44:26] [INFO] no found
[2017-10-12 02:44:26] [INFO] no found
[2017-10-12 02:44:26] [INFO] no found
[2017-10-12 02:44:26] [INFO] no found
[2017-10-12 02:44:26] [INFO] no found
[2017-10-12 02:44:26] [INFO] no found
[2017-10-12 02:44:26] [INFO] no found
[2017-10-12 02:44:26] [INFO] no found
[2017-10-12 02:44:26] [INFO] no found
[2017-10-12 02:44:26] [INFO] no found
[2017-10-12 02:44:26] [INFO] no found
[2017-10-12 02:44:26] [INFO] no found
[2017-10-12 02:44:26] [INFO] no found
[2017-10-12 02:44:26] [INFO] no found
[2017-10-12 02:44:26] [INFO] no found
[2017-10-12 02:44:26] [INFO] no found
[2017-10-12 02:44:26] [INFO] no found
[2017-10-12 02:44:26] [INFO] no found
[2017-10-12 02:44:26] [INFO] no found
[2017-10-12 02:44:26] [INFO] no found
[2017-10-12 02:44:26] [INFO] no found
[2017-10-12 02:44:26] [INFO] no found
[2017-10-12 02:44:26] [INFO] no found
[2017-10-12 02:44:26] [INFO] no found
[2017-10-12 02:44:26] [INFO] no found
[2017-10-12 02:44:26] [INFO] no found
[2017-10-12 02:44:26] [INFO] no found
[2017-10-12 02:44:26] [INFO] no found
[2017-10-12 02:44:26] [INFO] no found
[2017-10-12 02:44:26] [INFO] no found
[2017-10-12 02:44:26] [INFO] no found
[2017-10-12 02:44:26] [INFO] no found
[2017-10-12 02:44:26] [INFO] no found
[2017-10-12 02:44:26] [INFO] no found
[2017-10-12 02:44:26] [INFO] no found
[2017-10-12 02:44:26] [INFO] no found
[2017-10-12 02:44:26] [INFO] no found
[2017-10-12 02:44:26] [INFO] no found
[2017-10-12 02:44:26] [INFO] no found
[2017-10-12 02:44:26] [INFO] no found
[2017-10-12 02:44:26] [INFO] no found
[2017-10-12 02:44:26] [INFO] no found
[2017-10-12 02:44:26] [INFO] no found
[2017-10-12 02:44:26] [INFO] no found
[2017-10-12 02:44:26] [INFO] no found
[2017-10-12 02:44:26] [INFO] no found
[2017-10-12 02:44:26] [INFO] no found
[2017-10-12 02:44:26] [INFO] no found
[2017-10-12 02:44:26] [INFO] no found
[2017-10-12 02:44:26] [INFO] no found
[2017-10-12 02:44:26] [INFO] no found
[2017-10-12 02:44:26] [INFO] no found
[2017-10-12 02:44:26] [INFO] no found
[2017-10-12 02:44:26] [INFO] no found
[2017-10-12 02:44:26] [INFO] no found
[2017-10-12 02:44:26] [INFO] no found
[2017-10-12 02:44:26] [INFO] no found
[2017-10-12 02:44:26] [INFO] no found
[2017-10-12 02:44:26] [INFO] no found
[2017-10-12 02:44:26] [INFO] no found
[2017-10-12 02:44:26] [INFO] no found
[2017-10-12 02:44:26] [INFO] no found
[2017-10-12 02:44:26] [INFO] no found
[2017-10-12 02:44:26] [INFO] no found
[2017-10-12 02:44:26] [INFO] no found
[2017-10-12 02:44:26] [INFO] no found
[2017-10-12 02:44:26] [INFO] no found
[2017-10-12 02:44:26] [INFO] no found
[2017-10-12 02:44:26] [INFO] no found
[2017-10-12 02:44:26] [INFO] no found
[2017-10-12 02:44:26] [INFO] no found
[2017-10-12 02:44:26] [INFO] no found
[2017-10-12 02:44:26] [INFO] no found
[2017-10-12 02:44:26] [INFO] no found
[2017-10-12 02:44:26] [INFO] no found
[2017-10-12 02:44:26] [INFO] no found
[2017-10-12 02:44:26] [INFO] no found
[2017-10-12 02:44:26] [INFO] no found
[2017-10-12 02:44:26] [INFO] no found
[2017-10-12 02:44:26] [INFO] no found
[2017-10-12 02:44:26] [INFO] no found
[2017-10-12 02:44:26] [INFO] no found
[2017-10-12 02:44:26] [INFO] no found
[2017-10-12 02:44:26] [INFO] no found
[2017-10-12 02:44:26] [INFO] no found
[2017-10-12 02:44:26] [INFO] no found
[2017-10-12 02:44:26] [INFO] no found
[2017-10-12 02:44:26] [INFO] no found
[2017-10-12 02:44:26] [INFO] no found
[2017-10-12 02:44:26] [INFO] no found
[2017-10-12 02:44:26] [INFO] no found
[2017-10-12 02:44:26] [INFO] no found
[2017-10-12 02:44:26] [INFO] no found
[2017-10-12 02:44:26] [INFO] no found
[2017-10-12 02:44:26] [INFO] no found
[2017-10-12 02:44:26] [INFO] no found
[2017-10-12 02:44:26] [INFO] no found
[2017-10-12 02:44:26] [INFO] no found
[2017-10-12 02:44:26] [INFO] no found
[2017-10-12 02:44:26] [INFO] no found
[2017-10-12 02:44:26] [INFO] no found
[2017-10-12 02:44:26] [INFO] no found
[2017-10-12 02:44:26] [INFO] no found
[2017-10-12 02:44:26] [INFO] no found
[2017-10-12 02:44:26] [INFO] no found
[2017-10-12 02:44:26] [INFO] no found
[2017-10-12 02:44:26] [INFO] no found
[2017-10-12 02:44:26] [INFO] no found
[2017-10-12 02:44:26] [INFO] no found
[2017-10-12 02:44:26] [INFO] no found
[2017-10-12 02:44:26] [INFO] no found
[2017-10-12 02:44:26] [INFO] no found
[2017-10-12 02:44:26] [INFO] no found
[2017-10-12 02:44:26] [INFO] no found
[2017-10-12 02:44:26] [INFO] no found
[2017-10-12 02:44:26] [INFO] no found
[2017-10-12 02:44:26] [INFO] no found
[2017-10-12 02:44:26] [INFO] no found
[2017-10-12 02:44:26] [INFO] no found
[2017-10-12 02:44:26] [INFO] no found
[2017-10-12 02:44:26] [INFO] no found
[2017-10-12 02:44:26] [INFO] no found
[2017-10-12 02:44:26] [INFO] no found
[2017-10-12 02:44:26] [INFO] no found
[2017-10-12 02:44:26] [INFO] no found
[2017-10-12 02:44:26] [INFO] no found
[2017-10-12 02:44:26] [INFO] no found
[2017-10-12 02:44:26] [INFO] no found
[2017-10-12 02:44:26] [INFO] no found
[2017-10-12 02:44:26] [INFO] no found
[2017-10-12 02:44:26] [INFO] no found
[2017-10-12 02:44:26] [INFO] no found
[2017-10-12 02:44:26] [INFO] no found
[2017-10-12 02:44:26] [INFO] no found
[2017-10-12 02:44:26] [INFO] no found
[2017-10-12 02:44:26] [INFO] no found
[2017-10-12 02:44:26] [INFO] no found
[2017-10-12 02:44:26] [INFO] no found
[2017-10-12 02:44:26] [INFO] no found
[2017-10-12 02:44:26] [INFO] no found
[2017-10-12 02:44:26] [INFO] no found
[2017-10-12 02:44:26] [INFO] no found
[2017-10-12 02:44:26] [INFO] no found
[2017-10-12 02:44:26] [INFO] no found
[2017-10-12 02:44:26] [INFO] no found
[2017-10-12 02:44:26] [INFO] no found
[2017-10-12 02:44:26] [INFO] no found
[2017-10-12 02:44:26] [INFO] no found
[2017-10-12 02:44:26] [INFO] no found
[2017-10-12 02:44:26] [INFO] no found
[2017-10-12 02:44:26] [INFO] no found
[2017-10-12 02:44:26] [INFO] no found
[2017-10-12 02:44:26] [INFO] no found
[2017-10-12 02:44:26] [INFO] no found
[2017-10-12 02:44:26] [INFO] [(30, '关闭wifi 后，查看电脑的无线列表 ', 'Pass', '2017-10-12 02:44:01', '2017-10-12 02:44:26', '0:00:25', '')]
[2017-10-12 02:44:26] [INFO] 测试完成后恢复到wifi打开的状态
[2017-10-12 02:44:35] [INFO] <xlrd.book.Book object at 0x0000000003B4BFD0>
[2017-10-12 02:44:35] [INFO] <xlwt.Workbook.Workbook object at 0x0000000003C15F60>
[2017-10-12 02:45:33] [INFO] no found
[2017-10-12 02:45:33] [INFO] no found
[2017-10-12 02:45:33] [INFO] no found
[2017-10-12 02:45:33] [INFO] no found
[2017-10-12 02:45:33] [INFO] no found
[2017-10-12 02:45:33] [INFO] no found
[2017-10-12 02:45:33] [INFO] no found
[2017-10-12 02:45:33] [INFO] no found
[2017-10-12 02:45:33] [INFO] no found
[2017-10-12 02:45:33] [INFO] no found
[2017-10-12 02:45:33] [INFO] no found
[2017-10-12 02:45:33] [INFO] no found
[2017-10-12 02:45:33] [INFO] no found
[2017-10-12 02:45:33] [INFO] no found
[2017-10-12 02:45:33] [INFO] no found
[2017-10-12 02:45:33] [INFO] no found
[2017-10-12 02:45:33] [INFO] no found
[2017-10-12 02:45:33] [INFO] no found
[2017-10-12 02:45:33] [INFO] no found
[2017-10-12 02:45:33] [INFO] no found
[2017-10-12 02:45:33] [INFO] no found
[2017-10-12 02:45:33] [INFO] no found
[2017-10-12 02:45:33] [INFO] no found
[2017-10-12 02:45:33] [INFO] no found
[2017-10-12 02:45:33] [INFO] no found
[2017-10-12 02:45:33] [INFO] no found
[2017-10-12 02:45:33] [INFO] no found
[2017-10-12 02:45:33] [INFO] no found
[2017-10-12 02:45:33] [INFO] no found
[2017-10-12 02:45:33] [INFO] no found
[2017-10-12 02:45:33] [INFO] no found
[2017-10-12 02:45:33] [INFO] no found
[2017-10-12 02:45:33] [INFO] no found
[2017-10-12 02:45:33] [INFO] no found
[2017-10-12 02:45:33] [INFO] no found
[2017-10-12 02:45:33] [INFO] no found
[2017-10-12 02:45:33] [INFO] no found
[2017-10-12 02:45:33] [INFO] no found
[2017-10-12 02:45:33] [INFO] no found
[2017-10-12 02:45:33] [INFO] no found
[2017-10-12 02:45:33] [INFO] no found
[2017-10-12 02:45:33] [INFO] no found
[2017-10-12 02:45:33] [INFO] no found
[2017-10-12 02:45:33] [INFO] no found
[2017-10-12 02:45:33] [INFO] no found
[2017-10-12 02:45:33] [INFO] no found
[2017-10-12 02:45:33] [INFO] no found
[2017-10-12 02:45:33] [INFO] no found
[2017-10-12 02:45:33] [INFO] no found
[2017-10-12 02:45:33] [INFO] no found
[2017-10-12 02:45:33] [INFO] no found
[2017-10-12 02:45:33] [INFO] no found
[2017-10-12 02:45:33] [INFO] no found
[2017-10-12 02:45:33] [INFO] no found
[2017-10-12 02:45:33] [INFO] no found
[2017-10-12 02:45:33] [INFO] no found
[2017-10-12 02:45:33] [INFO] no found
[2017-10-12 02:45:33] [INFO] no found
[2017-10-12 02:45:33] [INFO] no found
[2017-10-12 02:45:33] [INFO] no found
[2017-10-12 02:45:33] [INFO] no found
[2017-10-12 02:45:33] [INFO] no found
[2017-10-12 02:45:33] [INFO] no found
[2017-10-12 02:45:33] [INFO] no found
[2017-10-12 02:45:33] [INFO] no found
[2017-10-12 02:45:33] [INFO] no found
[2017-10-12 02:45:33] [INFO] no found
[2017-10-12 02:45:33] [INFO] no found
[2017-10-12 02:45:33] [INFO] no found
[2017-10-12 02:45:33] [INFO] no found
[2017-10-12 02:45:33] [INFO] no found
[2017-10-12 02:45:33] [INFO] no found
[2017-10-12 02:45:33] [INFO] no found
[2017-10-12 02:45:33] [INFO] no found
[2017-10-12 02:45:33] [INFO] no found
[2017-10-12 02:45:33] [INFO] no found
[2017-10-12 02:45:33] [INFO] no found
[2017-10-12 02:45:33] [INFO] no found
[2017-10-12 02:45:33] [INFO] no found
[2017-10-12 02:45:33] [INFO] no found
[2017-10-12 02:45:33] [INFO] no found
[2017-10-12 02:45:33] [INFO] no found
[2017-10-12 02:45:33] [INFO] no found
[2017-10-12 02:45:33] [INFO] no found
[2017-10-12 02:45:33] [INFO] no found
[2017-10-12 02:45:33] [INFO] no found
[2017-10-12 02:45:33] [INFO] no found
[2017-10-12 02:45:33] [INFO] no found
[2017-10-12 02:45:33] [INFO] no found
[2017-10-12 02:45:33] [INFO] no found
[2017-10-12 02:45:33] [INFO] no found
[2017-10-12 02:45:33] [INFO] no found
[2017-10-12 02:45:33] [INFO] no found
[2017-10-12 02:45:33] [INFO] no found
[2017-10-12 02:45:33] [INFO] no found
[2017-10-12 02:45:33] [INFO] no found
[2017-10-12 02:45:33] [INFO] no found
[2017-10-12 02:45:33] [INFO] no found
[2017-10-12 02:45:33] [INFO] no found
[2017-10-12 02:45:33] [INFO] no found
[2017-10-12 02:45:33] [INFO] no found
[2017-10-12 02:45:33] [INFO] no found
[2017-10-12 02:45:33] [INFO] no found
[2017-10-12 02:45:33] [INFO] no found
[2017-10-12 02:45:33] [INFO] no found
[2017-10-12 02:45:33] [INFO] no found
[2017-10-12 02:45:33] [INFO] no found
[2017-10-12 02:45:33] [INFO] no found
[2017-10-12 02:45:33] [INFO] no found
[2017-10-12 02:45:33] [INFO] no found
[2017-10-12 02:45:33] [INFO] no found
[2017-10-12 02:45:33] [INFO] no found
[2017-10-12 02:45:33] [INFO] no found
[2017-10-12 02:45:33] [INFO] no found
[2017-10-12 02:45:33] [INFO] no found
[2017-10-12 02:45:33] [INFO] no found
[2017-10-12 02:45:33] [INFO] no found
[2017-10-12 02:45:33] [INFO] no found
[2017-10-12 02:45:33] [INFO] no found
[2017-10-12 02:45:33] [INFO] no found
[2017-10-12 02:45:33] [INFO] no found
[2017-10-12 02:45:33] [INFO] no found
[2017-10-12 02:45:33] [INFO] no found
[2017-10-12 02:45:33] [INFO] no found
[2017-10-12 02:45:33] [INFO] no found
[2017-10-12 02:45:33] [INFO] no found
[2017-10-12 02:45:33] [INFO] no found
[2017-10-12 02:45:33] [INFO] no found
[2017-10-12 02:45:33] [INFO] no found
[2017-10-12 02:45:33] [INFO] no found
[2017-10-12 02:45:33] [INFO] no found
[2017-10-12 02:45:33] [INFO] no found
[2017-10-12 02:45:33] [INFO] no found
[2017-10-12 02:45:33] [INFO] no found
[2017-10-12 02:45:33] [INFO] no found
[2017-10-12 02:45:33] [INFO] no found
[2017-10-12 02:45:33] [INFO] no found
[2017-10-12 02:45:33] [INFO] no found
[2017-10-12 02:45:33] [INFO] no found
[2017-10-12 02:45:33] [INFO] no found
[2017-10-12 02:45:33] [INFO] no found
[2017-10-12 02:45:33] [INFO] no found
[2017-10-12 02:45:33] [INFO] no found
[2017-10-12 02:45:33] [INFO] no found
[2017-10-12 02:45:33] [INFO] [(31, '关闭SSID,查看电脑列表能否搜索到wifi名称 ', 'Pass', '2017-10-12 02:44:40', '2017-10-12 02:45:33', '0:00:53', '')]
[2017-10-12 02:45:33] [INFO] 测试完成后关闭ssid隐藏
[2017-10-12 02:45:56] [INFO] <xlrd.book.Book object at 0x0000000003B4AFD0>
[2017-10-12 02:45:56] [INFO] <xlwt.Workbook.Workbook object at 0x0000000003D29048>
[2017-10-12 02:46:28] [INFO] [(32, '不输入原密码时的提示信息检查 ', 'Pass', '2017-10-12 02:46:02', '2017-10-12 02:46:28', '0:00:26', '')]
[2017-10-12 02:46:31] [INFO] <xlrd.book.Book object at 0x0000000003B82D30>
[2017-10-12 02:46:31] [INFO] <xlwt.Workbook.Workbook object at 0x0000000003C16CC0>
[2017-10-12 02:47:05] [INFO] [(33, '不输入新密码时的提示信息检查 ', 'Pass', '2017-10-12 02:46:36', '2017-10-12 02:47:05', '0:00:29', '')]
[2017-10-12 02:47:08] [INFO] <xlrd.book.Book object at 0x0000000003B84D30>
[2017-10-12 02:47:08] [INFO] <xlwt.Workbook.Workbook object at 0x0000000003C1CD68>
[2017-10-12 02:47:42] [INFO] [(34, '确认密码不输入时提示信息检查 ', 'Pass', '2017-10-12 02:47:14', '2017-10-12 02:47:42', '0:00:28', '')]
[2017-10-12 02:47:45] [INFO] <xlrd.book.Book object at 0x0000000003BBB828>
[2017-10-12 02:47:45] [INFO] <xlwt.Workbook.Workbook object at 0x0000000003C230B8>
[2017-10-12 02:48:18] [INFO] [(35, '确认密码与新密码不一致时的提示信息检查 ', 'Pass', '2017-10-12 02:47:50', '2017-10-12 02:48:18', '0:00:28', '')]
[2017-10-12 02:48:21] [INFO] <xlrd.book.Book object at 0x0000000003BBC588>
[2017-10-12 02:48:21] [INFO] <xlwt.Workbook.Workbook object at 0x0000000003C24160>
[2017-10-12 02:48:55] [INFO] [(36, '原密码错误时提示信息检查 ', 'Pass', '2017-10-12 02:48:27', '2017-10-12 02:48:55', '0:00:28', '')]
[2017-10-12 02:48:58] [INFO] <xlrd.book.Book object at 0x0000000003BBB908>
[2017-10-12 02:48:58] [INFO] <xlwt.Workbook.Workbook object at 0x0000000003CB4208>
[2017-10-12 02:49:32] [INFO] [(37, '新密码格式错误时提示信息检查 ', 'Pass', '2017-10-12 02:49:04', '2017-10-12 02:49:32', '0:00:28', '')]
[2017-10-12 02:49:35] [INFO] <xlrd.book.Book object at 0x0000000003B82D68>
[2017-10-12 02:49:35] [INFO] <xlwt.Workbook.Workbook object at 0x0000000003C1BEF0>
[2017-10-12 02:50:39] [INFO] [(38, '修改登录密码查看是否可以登录成功', 'Pass', '2017-10-12 02:49:41', '2017-10-12 02:50:39', '0:00:58', '')]
[2017-10-12 02:50:39] [INFO] 测试完成恢复登录密码
[2017-10-12 02:50:55] [INFO] <xlrd.book.Book object at 0x0000000003B83D30>
[2017-10-12 02:50:55] [INFO] <xlwt.Workbook.Workbook object at 0x0000000003CA5CF8>
[2017-10-12 02:51:33] [INFO] [(39, '检查时区能否正确改变 ', 'Pass', '2017-10-12 02:51:00', '2017-10-12 02:51:33', '0:00:33', '')]
[2017-10-12 02:51:33] [INFO] 测试完成恢复时区
[2017-10-12 02:51:39] [INFO] <xlrd.book.Book object at 0x0000000003B82D30>
[2017-10-12 02:51:39] [INFO] <xlwt.Workbook.Workbook object at 0x0000000003D4BD68>
[2017-10-12 02:52:15] [INFO] ./upgrade/upload.exe E:\wifitest\upgrade\eeee.png
[2017-10-12 02:52:15] [INFO] 开始用autoit3脚本控制选择本地文件
[2017-10-12 02:52:28] [INFO] [(40, '上传错误的升级文件时，错误提示 ', 'Pass', '2017-10-12 02:51:44', '2017-10-12 02:52:28', '0:00:44', '')]
[2017-10-12 02:52:31] [INFO] <xlrd.book.Book object at 0x0000000003B82D68>
[2017-10-12 02:52:31] [INFO] <xlwt.Workbook.Workbook object at 0x0000000003C1F048>
[2017-10-12 02:54:29] [INFO] [(41, '重启功能检查 ', 'Pass', '2017-10-12 02:52:36', '2017-10-12 02:54:29', '0:01:53', '')]
[2017-10-12 02:54:32] [INFO] <xlrd.book.Book object at 0x0000000003B82D68>
[2017-10-12 02:54:32] [INFO] <xlwt.Workbook.Workbook object at 0x0000000003E0A048>
[2017-10-12 02:55:07] [INFO] [(42, '取消重启检查 ', 'Pass', '2017-10-12 02:54:38', '2017-10-12 02:55:07', '0:00:29', '')]
[2017-10-12 02:55:10] [INFO] <xlrd.book.Book object at 0x0000000003B83D30>
[2017-10-12 02:55:10] [INFO] <xlwt.Workbook.Workbook object at 0x0000000003D2E048>
[2017-10-12 02:55:31] [INFO] [(43, '退出系统 ', 'Pass', '2017-10-12 02:55:15', '2017-10-12 02:55:31', '0:00:16', '')]
[2017-10-12 02:55:34] [INFO] <xlrd.book.Book object at 0x0000000003B835C0>
[2017-10-12 02:55:34] [INFO] <xlwt.Workbook.Workbook object at 0x0000000003CBF160>
[2017-10-12 02:55:34] [INFO] 发送邮件
