[2017-10-13 03:32:41] [INFO] test_goto_login: test START 
[2017-10-13 03:32:45] [INFO] [(1, '登录页面跳转测试 ', 'Pass', '2017-10-13 03:32:41', '2017-10-13 03:32:45', '0:00:04', '')]
[2017-10-13 03:32:49] [INFO] <xlrd.book.Book object at 0x0000000003B845C0>
[2017-10-13 03:32:49] [INFO] <xlwt.Workbook.Workbook object at 0x0000000003C0D0B8>
[2017-10-13 03:33:10] [INFO] [(2, '正确密码是否可成功登录测试 ', 'Pass', '2017-10-13 03:32:56', '2017-10-13 03:33:10', '0:00:14', '')]
[2017-10-13 03:33:13] [INFO] <xlrd.book.Book object at 0x0000000003B85588>
[2017-10-13 03:33:13] [INFO] <xlwt.Workbook.Workbook object at 0x0000000003D3B048>
[2017-10-13 03:33:37] [INFO] [(3, '是否能顺利跳转到wan 界面 ', 'Pass', '2017-10-13 03:33:18', '2017-10-13 03:33:37', '0:00:19', '')]
[2017-10-13 03:33:40] [INFO] <xlrd.book.Book object at 0x0000000003B69198>
[2017-10-13 03:33:40] [INFO] <xlwt.Workbook.Workbook object at 0x0000000003C8D5C0>
[2017-10-13 03:34:17] [INFO] 请输入IP地址。
[2017-10-13 03:34:17] [INFO] [(4, '没有IP地址输入时的错误信息提示 ', 'Pass', '2017-10-13 03:33:48', '2017-10-13 03:34:17', '0:00:29', '')]
[2017-10-13 03:34:20] [INFO] <xlrd.book.Book object at 0x0000000003B4CEB8>
[2017-10-13 03:34:21] [INFO] <xlwt.Workbook.Workbook object at 0x0000000003D51780>
[2017-10-13 03:34:37] [INFO] [(5, '不填写密码时的提示信息是否正确 ', 'Pass', '2017-10-13 03:34:26', '2017-10-13 03:34:37', '0:00:11', '')]
[2017-10-13 03:34:40] [INFO] <xlrd.book.Book object at 0x0000000003B85588>
[2017-10-13 03:34:40] [INFO] <xlwt.Workbook.Workbook object at 0x0000000003C94160>
[2017-10-13 03:34:55] [INFO] [(6, '登录密码错误时提示信息是否正确 ', 'Pass', '2017-10-13 03:34:47', '2017-10-13 03:34:55', '0:00:08', '')]
[2017-10-13 03:34:59] [INFO] <xlrd.book.Book object at 0x0000000003B85588>
[2017-10-13 03:34:59] [INFO] <xlwt.Workbook.Workbook object at 0x0000000003C0B438>
[2017-10-13 03:35:34] [INFO] 请输入子网掩码。
[2017-10-13 03:35:34] [INFO] [(7, '不输入子网掩码时的错误信息提示 ', 'Pass', '2017-10-13 03:35:04', '2017-10-13 03:35:34', '0:00:30', '')]
[2017-10-13 03:35:37] [INFO] <xlrd.book.Book object at 0x0000000003B69160>
[2017-10-13 03:35:37] [INFO] <xlwt.Workbook.Workbook object at 0x0000000003C139E8>
[2017-10-13 03:36:14] [INFO] 请输入默认网关地址。
[2017-10-13 03:36:14] [INFO] [(8, '不输入默认网关时的错误信息提示 ', 'Pass', '2017-10-13 03:35:44', '2017-10-13 03:36:14', '0:00:30', '')]
[2017-10-13 03:36:17] [INFO] <xlrd.book.Book object at 0x0000000003B69160>
[2017-10-13 03:36:17] [INFO] <xlwt.Workbook.Workbook object at 0x0000000003C16A58>
[2017-10-13 03:36:52] [INFO] IP地址含非法字符，请重新输入。
[2017-10-13 03:36:55] [INFO] IP地址含非法字符，请重新输入。
[2017-10-13 03:36:59] [INFO] IP地址含非法字符，请重新输入。
[2017-10-13 03:37:02] [INFO] IP地址含非法字符，请重新输入。
[2017-10-13 03:37:05] [INFO] IP地址格式错误，请重新输入。
[2017-10-13 03:37:09] [INFO] IP地址含非法字符，请重新输入。
[2017-10-13 03:37:09] [INFO] [(9, '非法格式的IP地址输入时提示信息检查 ', 'Pass', '2017-10-13 03:36:24', '2017-10-13 03:37:09', '0:00:45', '')]
[2017-10-13 03:37:12] [INFO] <xlrd.book.Book object at 0x0000000003B68160>
[2017-10-13 03:37:12] [INFO] <xlwt.Workbook.Workbook object at 0x0000000003C14A90>
[2017-10-13 03:37:48] [INFO] 子网掩码不正确，请重新输入。
[2017-10-13 03:37:53] [INFO] 子网掩码不正确，请重新输入。
[2017-10-13 03:37:59] [INFO] 子网掩码不正确，请重新输入。
[2017-10-13 03:38:04] [INFO] 子网掩码不正确，请重新输入。
[2017-10-13 03:38:09] [INFO] 子网掩码不正确，请重新输入。
[2017-10-13 03:38:15] [INFO] 子网掩码不正确，请重新输入。
[2017-10-13 03:38:15] [INFO] [(10, '非法格式的子网掩码输入时，提示信息检查 ', 'Pass', '2017-10-13 03:37:17', '2017-10-13 03:38:15', '0:00:58', '')]
[2017-10-13 03:38:18] [INFO] <xlrd.book.Book object at 0x0000000003B6A0B8>
[2017-10-13 03:38:18] [INFO] <xlwt.Workbook.Workbook object at 0x0000000003C19668>
[2017-10-13 03:38:54] [INFO] 默认网关错误，请重新输入。
[2017-10-13 03:38:59] [INFO] 默认网关错误，请重新输入。
[2017-10-13 03:39:05] [INFO] 默认网关错误，请重新输入。
[2017-10-13 03:39:10] [INFO] 默认网关错误，请重新输入。
[2017-10-13 03:39:15] [INFO] 默认网关错误，请重新输入。
[2017-10-13 03:39:20] [INFO] 默认网关错误，请重新输入。
[2017-10-13 03:39:20] [INFO] [(11, '非法格式的默认网关输入时，提示信息检查 ', 'Pass', '2017-10-13 03:38:24', '2017-10-13 03:39:20', '0:00:56', '')]
[2017-10-13 03:39:24] [INFO] <xlrd.book.Book object at 0x0000000003B4BEF0>
[2017-10-13 03:39:24] [INFO] <xlwt.Workbook.Workbook object at 0x0000000003C1F748>
[2017-10-13 03:40:12] [INFO] [(12, '是否可以成功设置静态IP ', 'Pass', '2017-10-13 03:39:29', '2017-10-13 03:40:12', '0:00:43', '')]
[2017-10-13 03:40:12] [INFO] 测试完成后将上网方式恢复为自动获取
[2017-10-13 03:40:35] [INFO] <xlrd.book.Book object at 0x0000000003B6A0F0>
[2017-10-13 03:40:35] [INFO] <xlwt.Workbook.Workbook object at 0x0000000003C9ABE0>
[2017-10-13 03:41:04] [INFO] [(13, '是否能顺利跳转到lan页面 ', 'Pass', '2017-10-13 03:40:41', '2017-10-13 03:41:04', '0:00:23', '')]
[2017-10-13 03:41:07] [INFO] <xlrd.book.Book object at 0x0000000003B68470>
[2017-10-13 03:41:07] [INFO] <xlwt.Workbook.Workbook object at 0x0000000003CABCF8>
[2017-10-13 03:41:30] [INFO] 默认的局域网地址:
[2017-10-13 03:41:31] [INFO] 默认的dhcp状态是：checkbox_off
[2017-10-13 03:41:31] [INFO] 默认的初始IP地址池：
[2017-10-13 03:41:31] [INFO] 默认的结束IP地址池： 
[2017-10-13 03:41:31] [INFO] [(14, 'lan页面默认项检查 ', 'Pass', '2017-10-13 03:41:13', '2017-10-13 03:41:31', '0:00:18', '')]
[2017-10-13 03:41:34] [INFO] <xlrd.book.Book object at 0x0000000003B68390>
[2017-10-13 03:41:34] [INFO] <xlwt.Workbook.Workbook object at 0x0000000003C0CDA0>
[2017-10-13 03:42:07] [INFO] [(15, 'lan页面不输入局域网地址时的提示语检查 ', 'Pass', '2017-10-13 03:41:39', '2017-10-13 03:42:07', '0:00:28', '')]
[2017-10-13 03:42:10] [INFO] <xlrd.book.Book object at 0x0000000003B683C8>
[2017-10-13 03:42:10] [INFO] <xlwt.Workbook.Workbook object at 0x0000000004530E10>
[2017-10-13 03:42:42] [INFO] IP地址含非法字符，请重新输入。
[2017-10-13 03:42:44] [INFO] IP地址含非法字符，请重新输入。
[2017-10-13 03:42:46] [INFO] IP地址含非法字符，请重新输入。
[2017-10-13 03:42:49] [INFO] IP地址含非法字符，请重新输入。
[2017-10-13 03:42:51] [INFO] IP地址格式错误，请重新输入。
[2017-10-13 03:42:53] [INFO] IP地址含非法字符，请重新输入。
[2017-10-13 03:42:53] [INFO] [(16, 'lan页面输入格式错误的局域网地址时的提示语检查 ', 'Pass', '2017-10-13 03:42:17', '2017-10-13 03:42:53', '0:00:36', '')]
[2017-10-13 03:42:56] [INFO] <xlrd.book.Book object at 0x0000000003B683C8>
[2017-10-13 03:42:56] [INFO] <xlwt.Workbook.Workbook object at 0x0000000003C93F60>
[2017-10-13 03:44:32] [INFO] [(17, 'lan页面修改局域网地址是否可以成功 ', 'Pass', '2017-10-13 03:43:02', '2017-10-13 03:44:32', '0:01:30', '')]
[2017-10-13 03:44:32] [INFO] 测试完成后修改到原来的IP
[2017-10-13 03:45:48] [INFO] <xlrd.book.Book object at 0x0000000003B68400>
[2017-10-13 03:45:48] [INFO] <xlwt.Workbook.Workbook object at 0x0000000003CFED30>
[2017-10-13 03:46:30] [INFO] 地址池开始值错误，请重新输入。
[2017-10-13 03:46:30] [INFO] [(18, '开始IP地址非法时提示信息检查 ', 'Pass', '2017-10-13 03:45:56', '2017-10-13 03:46:30', '0:00:34', '')]
[2017-10-13 03:46:33] [INFO] <xlrd.book.Book object at 0x0000000003B68400>
[2017-10-13 03:46:33] [INFO] <xlwt.Workbook.Workbook object at 0x0000000003C160F0>
[2017-10-13 03:47:11] [INFO] 地址池结束值错误，请重新输入。
[2017-10-13 03:47:11] [INFO] [(19, '结束IP地址非法时提示信息检查 ', 'Pass', '2017-10-13 03:46:39', '2017-10-13 03:47:11', '0:00:32', '')]
[2017-10-13 03:47:14] [INFO] <xlrd.book.Book object at 0x0000000003B683C8>
[2017-10-13 03:47:14] [INFO] <xlwt.Workbook.Workbook object at 0x0000000003C16160>
[2017-10-13 03:47:54] [INFO] 地址池结束值不能小于开始值，请重新输入。
[2017-10-13 03:47:54] [INFO] [(20, '开始IP地址大于结束IP地址时，提示语检查 ', 'Pass', '2017-10-13 03:47:21', '2017-10-13 03:47:54', '0:00:33', '')]
[2017-10-13 03:47:57] [INFO] <xlrd.book.Book object at 0x0000000003B68400>
[2017-10-13 03:47:57] [INFO] <xlwt.Workbook.Workbook object at 0x0000000003CC51D0>
[2017-10-13 03:48:42] [INFO] [(21, '开始ip地址和结束IP地址都合法时，是否可以成功保存 ', 'Pass', '2017-10-13 03:48:03', '2017-10-13 03:48:42', '0:00:39', '')]
[2017-10-13 03:48:45] [INFO] <xlrd.book.Book object at 0x0000000003B68400>
[2017-10-13 03:48:45] [INFO] <xlwt.Workbook.Workbook object at 0x0000000003C152B0>
[2017-10-13 03:49:20] [INFO] [(22, 'DHCP 能否被正确关闭 ', 'Pass', '2017-10-13 03:48:52', '2017-10-13 03:49:20', '0:00:28', '')]
[2017-10-13 03:49:23] [INFO] <xlrd.book.Book object at 0x0000000003B68358>
[2017-10-13 03:49:23] [INFO] <xlwt.Workbook.Workbook object at 0x0000000003D130F0>
[2017-10-13 03:49:46] [INFO] [(23, '是否能顺利跳转到无线wifi设置界面 ', 'Pass', '2017-10-13 03:49:28', '2017-10-13 03:49:46', '0:00:18', '')]
[2017-10-13 03:49:49] [INFO] <xlrd.book.Book object at 0x0000000003B4DFD0>
[2017-10-13 03:49:49] [INFO] <xlwt.Workbook.Workbook object at 0x0000000003C8CCC0>
[2017-10-13 03:50:13] [INFO] wifiname:frt_test
[2017-10-13 03:50:13] [INFO] wifiname:iot123321
[2017-10-13 03:50:13] [INFO] [(24, 'wifi页面默认项检查 ', 'Pass', '2017-10-13 03:49:56', '2017-10-13 03:50:13', '0:00:17', '')]
[2017-10-13 03:50:16] [INFO] <xlrd.book.Book object at 0x0000000003B4DF98>
[2017-10-13 03:50:16] [INFO] <xlwt.Workbook.Workbook object at 0x0000000003C8CD30>
[2017-10-13 03:55:03] [INFO] [(25, 'wifi名称各种组合是否支持 ', 'Pass', '2017-10-13 03:50:21', '2017-10-13 03:55:03', '0:04:42', '')]
[2017-10-13 03:55:06] [INFO] <xlrd.book.Book object at 0x0000000003B4DFD0>
[2017-10-13 03:55:06] [INFO] <xlwt.Workbook.Workbook object at 0x0000000003CF1E10>
[2017-10-13 03:55:32] [INFO] 请输入2.4G无线名称。
[2017-10-13 03:55:32] [INFO] [(26, '不输入wifi名称时的提示语检查 ', 'Pass', '2017-10-13 03:55:14', '2017-10-13 03:55:32', '0:00:18', '')]
[2017-10-13 03:55:35] [INFO] <xlrd.book.Book object at 0x0000000003B4DF98>
[2017-10-13 03:55:35] [INFO] <xlwt.Workbook.Workbook object at 0x0000000003C10E80>
[2017-10-13 03:56:23] [INFO] [(27, '不输入wifi密码时是否可以保存成功 ', 'Pass', '2017-10-13 03:55:41', '2017-10-13 03:56:23', '0:00:42', '')]
[2017-10-13 03:56:23] [INFO] 测试完成后恢复wifi密码
[2017-10-13 03:56:48] [INFO] <xlrd.book.Book object at 0x0000000003B4CF98>
[2017-10-13 03:56:49] [INFO] <xlwt.Workbook.Workbook object at 0x0000000003C24048>
[2017-10-13 03:57:28] [INFO] [(28, '输入错误格式的wifi 密码，提示语检查 ', 'Pass', '2017-10-13 03:56:55', '2017-10-13 03:57:28', '0:00:33', '')]
[2017-10-13 03:57:28] [INFO] 测试完成恢复wifi密码
[2017-10-13 03:57:54] [INFO] <xlrd.book.Book object at 0x0000000003B4CF98>
[2017-10-13 03:57:54] [INFO] <xlwt.Workbook.Workbook object at 0x0000000003C1E080>
[2017-10-13 04:01:15] [INFO] [(29, '是否支持各种格式的wifi密码 ', 'Pass', '2017-10-13 03:58:00', '2017-10-13 04:01:15', '0:03:15', '')]
[2017-10-13 04:01:15] [INFO] 测试完成恢复wifi密码
[2017-10-13 04:01:47] [INFO] <xlrd.book.Book object at 0x0000000003B4CF98>
[2017-10-13 04:01:47] [INFO] <xlwt.Workbook.Workbook object at 0x0000000003C44080>
[2017-10-13 04:02:19] [INFO] no found
[2017-10-13 04:02:19] [INFO] no found
[2017-10-13 04:02:19] [INFO] no found
[2017-10-13 04:02:19] [INFO] no found
[2017-10-13 04:02:19] [INFO] no found
[2017-10-13 04:02:19] [INFO] no found
[2017-10-13 04:02:19] [INFO] no found
[2017-10-13 04:02:19] [INFO] no found
[2017-10-13 04:02:19] [INFO] no found
[2017-10-13 04:02:19] [INFO] no found
[2017-10-13 04:02:19] [INFO] no found
[2017-10-13 04:02:19] [INFO] no found
[2017-10-13 04:02:19] [INFO] no found
[2017-10-13 04:02:19] [INFO] no found
[2017-10-13 04:02:19] [INFO] no found
[2017-10-13 04:02:19] [INFO] no found
[2017-10-13 04:02:19] [INFO] no found
[2017-10-13 04:02:19] [INFO] no found
[2017-10-13 04:02:19] [INFO] no found
[2017-10-13 04:02:19] [INFO] no found
[2017-10-13 04:02:19] [INFO] no found
[2017-10-13 04:02:19] [INFO] no found
[2017-10-13 04:02:19] [INFO] no found
[2017-10-13 04:02:19] [INFO] no found
[2017-10-13 04:02:19] [INFO] no found
[2017-10-13 04:02:19] [INFO] no found
[2017-10-13 04:02:19] [INFO] no found
[2017-10-13 04:02:19] [INFO] no found
[2017-10-13 04:02:19] [INFO] no found
[2017-10-13 04:02:19] [INFO] no found
[2017-10-13 04:02:19] [INFO] no found
[2017-10-13 04:02:19] [INFO] no found
[2017-10-13 04:02:19] [INFO] no found
[2017-10-13 04:02:19] [INFO] no found
[2017-10-13 04:02:19] [INFO] no found
[2017-10-13 04:02:19] [INFO] no found
[2017-10-13 04:02:19] [INFO] no found
[2017-10-13 04:02:19] [INFO] no found
[2017-10-13 04:02:19] [INFO] no found
[2017-10-13 04:02:19] [INFO] no found
[2017-10-13 04:02:19] [INFO] no found
[2017-10-13 04:02:19] [INFO] no found
[2017-10-13 04:02:19] [INFO] no found
[2017-10-13 04:02:19] [INFO] no found
[2017-10-13 04:02:19] [INFO] no found
[2017-10-13 04:02:19] [INFO] no found
[2017-10-13 04:02:19] [INFO] no found
[2017-10-13 04:02:19] [INFO] no found
[2017-10-13 04:02:19] [INFO] no found
[2017-10-13 04:02:19] [INFO] no found
[2017-10-13 04:02:19] [INFO] no found
[2017-10-13 04:02:19] [INFO] no found
[2017-10-13 04:02:19] [INFO] no found
[2017-10-13 04:02:19] [INFO] no found
[2017-10-13 04:02:19] [INFO] no found
[2017-10-13 04:02:19] [INFO] no found
[2017-10-13 04:02:19] [INFO] no found
[2017-10-13 04:02:19] [INFO] no found
[2017-10-13 04:02:19] [INFO] no found
[2017-10-13 04:02:19] [INFO] no found
[2017-10-13 04:02:19] [INFO] no found
[2017-10-13 04:02:19] [INFO] no found
[2017-10-13 04:02:19] [INFO] no found
[2017-10-13 04:02:19] [INFO] no found
[2017-10-13 04:02:19] [INFO] no found
[2017-10-13 04:02:19] [INFO] no found
[2017-10-13 04:02:19] [INFO] no found
[2017-10-13 04:02:19] [INFO] no found
[2017-10-13 04:02:19] [INFO] no found
[2017-10-13 04:02:19] [INFO] no found
[2017-10-13 04:02:19] [INFO] no found
[2017-10-13 04:02:19] [INFO] no found
[2017-10-13 04:02:19] [INFO] no found
[2017-10-13 04:02:19] [INFO] no found
[2017-10-13 04:02:19] [INFO] no found
[2017-10-13 04:02:19] [INFO] no found
[2017-10-13 04:02:19] [INFO] no found
[2017-10-13 04:02:19] [INFO] no found
[2017-10-13 04:02:19] [INFO] no found
[2017-10-13 04:02:19] [INFO] no found
[2017-10-13 04:02:19] [INFO] no found
[2017-10-13 04:02:19] [INFO] no found
[2017-10-13 04:02:19] [INFO] no found
[2017-10-13 04:02:19] [INFO] no found
[2017-10-13 04:02:19] [INFO] no found
[2017-10-13 04:02:19] [INFO] no found
[2017-10-13 04:02:19] [INFO] no found
[2017-10-13 04:02:19] [INFO] no found
[2017-10-13 04:02:19] [INFO] no found
[2017-10-13 04:02:19] [INFO] no found
[2017-10-13 04:02:19] [INFO] no found
[2017-10-13 04:02:19] [INFO] no found
[2017-10-13 04:02:19] [INFO] no found
[2017-10-13 04:02:19] [INFO] no found
[2017-10-13 04:02:19] [INFO] no found
[2017-10-13 04:02:19] [INFO] no found
[2017-10-13 04:02:19] [INFO] no found
[2017-10-13 04:02:19] [INFO] no found
[2017-10-13 04:02:19] [INFO] no found
[2017-10-13 04:02:19] [INFO] no found
[2017-10-13 04:02:19] [INFO] no found
[2017-10-13 04:02:19] [INFO] no found
[2017-10-13 04:02:19] [INFO] no found
[2017-10-13 04:02:19] [INFO] no found
[2017-10-13 04:02:19] [INFO] no found
[2017-10-13 04:02:19] [INFO] no found
[2017-10-13 04:02:19] [INFO] no found
[2017-10-13 04:02:19] [INFO] no found
[2017-10-13 04:02:19] [INFO] no found
[2017-10-13 04:02:19] [INFO] no found
[2017-10-13 04:02:19] [INFO] no found
[2017-10-13 04:02:19] [INFO] no found
[2017-10-13 04:02:19] [INFO] no found
[2017-10-13 04:02:19] [INFO] no found
[2017-10-13 04:02:19] [INFO] no found
[2017-10-13 04:02:19] [INFO] no found
[2017-10-13 04:02:19] [INFO] no found
[2017-10-13 04:02:19] [INFO] no found
[2017-10-13 04:02:19] [INFO] no found
[2017-10-13 04:02:19] [INFO] no found
[2017-10-13 04:02:19] [INFO] no found
[2017-10-13 04:02:19] [INFO] no found
[2017-10-13 04:02:19] [INFO] no found
[2017-10-13 04:02:19] [INFO] no found
[2017-10-13 04:02:19] [INFO] no found
[2017-10-13 04:02:19] [INFO] no found
[2017-10-13 04:02:19] [INFO] no found
[2017-10-13 04:02:19] [INFO] no found
[2017-10-13 04:02:19] [INFO] no found
[2017-10-13 04:02:19] [INFO] no found
[2017-10-13 04:02:19] [INFO] no found
[2017-10-13 04:02:19] [INFO] no found
[2017-10-13 04:02:19] [INFO] no found
[2017-10-13 04:02:19] [INFO] no found
[2017-10-13 04:02:19] [INFO] no found
[2017-10-13 04:02:19] [INFO] no found
[2017-10-13 04:02:19] [INFO] no found
[2017-10-13 04:02:19] [INFO] no found
[2017-10-13 04:02:19] [INFO] no found
[2017-10-13 04:02:19] [INFO] no found
[2017-10-13 04:02:19] [INFO] no found
[2017-10-13 04:02:19] [INFO] no found
[2017-10-13 04:02:19] [INFO] no found
[2017-10-13 04:02:19] [INFO] no found
[2017-10-13 04:02:19] [INFO] no found
[2017-10-13 04:02:19] [INFO] no found
[2017-10-13 04:02:19] [INFO] no found
[2017-10-13 04:02:19] [INFO] no found
[2017-10-13 04:02:19] [INFO] no found
[2017-10-13 04:02:19] [INFO] no found
[2017-10-13 04:02:19] [INFO] no found
[2017-10-13 04:02:19] [INFO] no found
[2017-10-13 04:02:19] [INFO] no found
[2017-10-13 04:02:19] [INFO] no found
[2017-10-13 04:02:19] [INFO] no found
[2017-10-13 04:02:19] [INFO] no found
[2017-10-13 04:02:19] [INFO] no found
[2017-10-13 04:02:19] [INFO] no found
[2017-10-13 04:02:19] [INFO] no found
[2017-10-13 04:02:19] [INFO] [(30, '关闭wifi 后，查看电脑的无线列表 ', 'Pass', '2017-10-13 04:01:53', '2017-10-13 04:02:19', '0:00:26', '')]
[2017-10-13 04:02:19] [INFO] 测试完成后恢复到wifi打开的状态
[2017-10-13 04:02:27] [INFO] <xlrd.book.Book object at 0x0000000003B4BFD0>
[2017-10-13 04:02:27] [INFO] <xlwt.Workbook.Workbook object at 0x0000000003CAA048>
[2017-10-13 04:03:26] [INFO] no found
[2017-10-13 04:03:26] [INFO] no found
[2017-10-13 04:03:26] [INFO] no found
[2017-10-13 04:03:26] [INFO] no found
[2017-10-13 04:03:26] [INFO] no found
[2017-10-13 04:03:26] [INFO] no found
[2017-10-13 04:03:26] [INFO] no found
[2017-10-13 04:03:26] [INFO] no found
[2017-10-13 04:03:26] [INFO] no found
[2017-10-13 04:03:26] [INFO] no found
[2017-10-13 04:03:26] [INFO] no found
[2017-10-13 04:03:26] [INFO] no found
[2017-10-13 04:03:26] [INFO] no found
[2017-10-13 04:03:26] [INFO] no found
[2017-10-13 04:03:26] [INFO] no found
[2017-10-13 04:03:26] [INFO] no found
[2017-10-13 04:03:26] [INFO] no found
[2017-10-13 04:03:26] [INFO] no found
[2017-10-13 04:03:26] [INFO] no found
[2017-10-13 04:03:26] [INFO] no found
[2017-10-13 04:03:26] [INFO] no found
[2017-10-13 04:03:26] [INFO] no found
[2017-10-13 04:03:26] [INFO] no found
[2017-10-13 04:03:26] [INFO] no found
[2017-10-13 04:03:26] [INFO] no found
[2017-10-13 04:03:26] [INFO] no found
[2017-10-13 04:03:26] [INFO] no found
[2017-10-13 04:03:26] [INFO] no found
[2017-10-13 04:03:26] [INFO] no found
[2017-10-13 04:03:26] [INFO] no found
[2017-10-13 04:03:26] [INFO] no found
[2017-10-13 04:03:26] [INFO] no found
[2017-10-13 04:03:26] [INFO] no found
[2017-10-13 04:03:26] [INFO] no found
[2017-10-13 04:03:26] [INFO] no found
[2017-10-13 04:03:26] [INFO] no found
[2017-10-13 04:03:26] [INFO] no found
[2017-10-13 04:03:26] [INFO] no found
[2017-10-13 04:03:26] [INFO] no found
[2017-10-13 04:03:26] [INFO] no found
[2017-10-13 04:03:26] [INFO] no found
[2017-10-13 04:03:26] [INFO] no found
[2017-10-13 04:03:26] [INFO] no found
[2017-10-13 04:03:26] [INFO] no found
[2017-10-13 04:03:26] [INFO] no found
[2017-10-13 04:03:26] [INFO] no found
[2017-10-13 04:03:26] [INFO] no found
[2017-10-13 04:03:26] [INFO] no found
[2017-10-13 04:03:26] [INFO] no found
[2017-10-13 04:03:26] [INFO] no found
[2017-10-13 04:03:26] [INFO] no found
[2017-10-13 04:03:26] [INFO] no found
[2017-10-13 04:03:26] [INFO] no found
[2017-10-13 04:03:26] [INFO] no found
[2017-10-13 04:03:26] [INFO] no found
[2017-10-13 04:03:26] [INFO] no found
[2017-10-13 04:03:26] [INFO] no found
[2017-10-13 04:03:26] [INFO] no found
[2017-10-13 04:03:26] [INFO] no found
[2017-10-13 04:03:26] [INFO] no found
[2017-10-13 04:03:26] [INFO] no found
[2017-10-13 04:03:26] [INFO] no found
[2017-10-13 04:03:26] [INFO] no found
[2017-10-13 04:03:26] [INFO] no found
[2017-10-13 04:03:26] [INFO] no found
[2017-10-13 04:03:26] [INFO] no found
[2017-10-13 04:03:26] [INFO] no found
[2017-10-13 04:03:26] [INFO] no found
[2017-10-13 04:03:26] [INFO] no found
[2017-10-13 04:03:26] [INFO] no found
[2017-10-13 04:03:26] [INFO] no found
[2017-10-13 04:03:26] [INFO] no found
[2017-10-13 04:03:26] [INFO] no found
[2017-10-13 04:03:26] [INFO] no found
[2017-10-13 04:03:26] [INFO] no found
[2017-10-13 04:03:26] [INFO] no found
[2017-10-13 04:03:26] [INFO] no found
[2017-10-13 04:03:26] [INFO] no found
[2017-10-13 04:03:26] [INFO] no found
[2017-10-13 04:03:26] [INFO] no found
[2017-10-13 04:03:26] [INFO] no found
[2017-10-13 04:03:26] [INFO] no found
[2017-10-13 04:03:26] [INFO] no found
[2017-10-13 04:03:26] [INFO] no found
[2017-10-13 04:03:26] [INFO] no found
[2017-10-13 04:03:26] [INFO] no found
[2017-10-13 04:03:26] [INFO] no found
[2017-10-13 04:03:26] [INFO] no found
[2017-10-13 04:03:26] [INFO] no found
[2017-10-13 04:03:26] [INFO] no found
[2017-10-13 04:03:26] [INFO] no found
[2017-10-13 04:03:26] [INFO] no found
[2017-10-13 04:03:26] [INFO] no found
[2017-10-13 04:03:26] [INFO] no found
[2017-10-13 04:03:26] [INFO] no found
[2017-10-13 04:03:26] [INFO] no found
[2017-10-13 04:03:26] [INFO] no found
[2017-10-13 04:03:26] [INFO] no found
[2017-10-13 04:03:26] [INFO] no found
[2017-10-13 04:03:26] [INFO] no found
[2017-10-13 04:03:26] [INFO] no found
[2017-10-13 04:03:26] [INFO] no found
[2017-10-13 04:03:26] [INFO] no found
[2017-10-13 04:03:26] [INFO] no found
[2017-10-13 04:03:26] [INFO] no found
[2017-10-13 04:03:26] [INFO] no found
[2017-10-13 04:03:26] [INFO] no found
[2017-10-13 04:03:26] [INFO] no found
[2017-10-13 04:03:26] [INFO] no found
[2017-10-13 04:03:26] [INFO] no found
[2017-10-13 04:03:26] [INFO] no found
[2017-10-13 04:03:26] [INFO] no found
[2017-10-13 04:03:26] [INFO] no found
[2017-10-13 04:03:26] [INFO] no found
[2017-10-13 04:03:26] [INFO] no found
[2017-10-13 04:03:26] [INFO] no found
[2017-10-13 04:03:26] [INFO] no found
[2017-10-13 04:03:26] [INFO] no found
[2017-10-13 04:03:26] [INFO] no found
[2017-10-13 04:03:26] [INFO] no found
[2017-10-13 04:03:26] [INFO] no found
[2017-10-13 04:03:26] [INFO] no found
[2017-10-13 04:03:26] [INFO] no found
[2017-10-13 04:03:26] [INFO] no found
[2017-10-13 04:03:26] [INFO] no found
[2017-10-13 04:03:26] [INFO] no found
[2017-10-13 04:03:26] [INFO] no found
[2017-10-13 04:03:26] [INFO] no found
[2017-10-13 04:03:26] [INFO] no found
[2017-10-13 04:03:26] [INFO] no found
[2017-10-13 04:03:26] [INFO] no found
[2017-10-13 04:03:26] [INFO] no found
[2017-10-13 04:03:26] [INFO] no found
[2017-10-13 04:03:26] [INFO] no found
[2017-10-13 04:03:26] [INFO] no found
[2017-10-13 04:03:26] [INFO] no found
[2017-10-13 04:03:26] [INFO] no found
[2017-10-13 04:03:26] [INFO] no found
[2017-10-13 04:03:26] [INFO] no found
[2017-10-13 04:03:26] [INFO] [(31, '关闭SSID,查看电脑列表能否搜索到wifi名称 ', 'Pass', '2017-10-13 04:02:33', '2017-10-13 04:03:26', '0:00:53', '')]
[2017-10-13 04:03:26] [INFO] 测试完成后关闭ssid隐藏
[2017-10-13 04:03:49] [INFO] <xlrd.book.Book object at 0x0000000003B4BF98>
[2017-10-13 04:03:49] [INFO] <xlwt.Workbook.Workbook object at 0x0000000003D770F0>
[2017-10-13 04:04:22] [INFO] [(32, '不输入原密码时的提示信息检查 ', 'Pass', '2017-10-13 04:03:56', '2017-10-13 04:04:22', '0:00:26', '')]
[2017-10-13 04:04:25] [INFO] <xlrd.book.Book object at 0x0000000003B82D68>
[2017-10-13 04:04:25] [INFO] <xlwt.Workbook.Workbook object at 0x0000000003D35E48>
[2017-10-13 04:05:00] [INFO] [(33, '不输入新密码时的提示信息检查 ', 'Pass', '2017-10-13 04:04:31', '2017-10-13 04:05:00', '0:00:29', '')]
[2017-10-13 04:05:03] [INFO] <xlrd.book.Book object at 0x0000000003B85CF8>
[2017-10-13 04:05:03] [INFO] <xlwt.Workbook.Workbook object at 0x0000000003C1CE48>
[2017-10-13 04:05:37] [INFO] [(34, '确认密码不输入时提示信息检查 ', 'Pass', '2017-10-13 04:05:09', '2017-10-13 04:05:37', '0:00:28', '')]
[2017-10-13 04:05:40] [INFO] <xlrd.book.Book object at 0x0000000003BBA668>
[2017-10-13 04:05:40] [INFO] <xlwt.Workbook.Workbook object at 0x0000000003C231D0>
[2017-10-13 04:06:14] [INFO] [(35, '确认密码与新密码不一致时的提示信息检查 ', 'Pass', '2017-10-13 04:05:45', '2017-10-13 04:06:14', '0:00:29', '')]
[2017-10-13 04:06:17] [INFO] <xlrd.book.Book object at 0x0000000003BBB6D8>
[2017-10-13 04:06:17] [INFO] <xlwt.Workbook.Workbook object at 0x0000000003D74278>
[2017-10-13 04:06:51] [INFO] [(36, '原密码错误时提示信息检查 ', 'Pass', '2017-10-13 04:06:23', '2017-10-13 04:06:51', '0:00:28', '')]
[2017-10-13 04:06:54] [INFO] <xlrd.book.Book object at 0x0000000003BBA860>
[2017-10-13 04:06:54] [INFO] <xlwt.Workbook.Workbook object at 0x0000000003CA22E8>
[2017-10-13 04:07:28] [INFO] [(37, '新密码格式错误时提示信息检查 ', 'Pass', '2017-10-13 04:07:00', '2017-10-13 04:07:28', '0:00:28', '')]
[2017-10-13 04:07:31] [INFO] <xlrd.book.Book object at 0x0000000003B82DA0>
[2017-10-13 04:07:31] [INFO] <xlwt.Workbook.Workbook object at 0x0000000003C20048>
[2017-10-13 04:08:36] [INFO] [(38, '修改登录密码查看是否可以登录成功', 'Pass', '2017-10-13 04:07:37', '2017-10-13 04:08:36', '0:00:59', '')]
[2017-10-13 04:08:36] [INFO] 测试完成恢复登录密码
[2017-10-13 04:08:51] [INFO] <xlrd.book.Book object at 0x0000000003B83CF8>
[2017-10-13 04:08:51] [INFO] <xlwt.Workbook.Workbook object at 0x0000000003C25D68>
[2017-10-13 04:09:30] [INFO] [(39, '检查时区能否正确改变 ', 'Pass', '2017-10-13 04:08:57', '2017-10-13 04:09:30', '0:00:33', '')]
[2017-10-13 04:09:30] [INFO] 测试完成恢复时区
[2017-10-13 04:09:35] [INFO] <xlrd.book.Book object at 0x0000000003B82D68>
[2017-10-13 04:09:35] [INFO] <xlwt.Workbook.Workbook object at 0x0000000003C1BE48>
[2017-10-13 04:10:12] [INFO] ./upgrade/upload.exe E:\wifitest\upgrade\eeee.png
[2017-10-13 04:10:12] [INFO] 开始用autoit3脚本控制选择本地文件
[2017-10-13 04:10:25] [INFO] [(40, '上传错误的升级文件时，错误提示 ', 'Pass', '2017-10-13 04:09:41', '2017-10-13 04:10:25', '0:00:44', '')]
[2017-10-13 04:10:28] [INFO] <xlrd.book.Book object at 0x0000000003B82DA0>
[2017-10-13 04:10:28] [INFO] <xlwt.Workbook.Workbook object at 0x0000000003C1E0F0>
[2017-10-13 04:12:27] [INFO] [(41, '重启功能检查 ', 'Pass', '2017-10-13 04:10:34', '2017-10-13 04:12:27', '0:01:53', '')]
[2017-10-13 04:12:30] [INFO] <xlrd.book.Book object at 0x0000000003B83D30>
[2017-10-13 04:12:30] [INFO] <xlwt.Workbook.Workbook object at 0x0000000003CCA080>
[2017-10-13 04:13:05] [INFO] [(42, '取消重启检查 ', 'Pass', '2017-10-13 04:12:36', '2017-10-13 04:13:05', '0:00:29', '')]
[2017-10-13 04:13:08] [INFO] <xlrd.book.Book object at 0x0000000003B83D68>
[2017-10-13 04:13:08] [INFO] <xlwt.Workbook.Workbook object at 0x0000000003CCC0F0>
[2017-10-13 04:13:29] [INFO] [(43, '退出系统 ', 'Pass', '2017-10-13 04:13:14', '2017-10-13 04:13:29', '0:00:15', '')]
[2017-10-13 04:13:32] [INFO] <xlrd.book.Book object at 0x0000000003B835F8>
[2017-10-13 04:13:32] [INFO] <xlwt.Workbook.Workbook object at 0x0000000003C10278>
[2017-10-13 04:13:32] [INFO] 发送邮件
