[2017-10-13 01:29:50] [INFO] test_goto_login: test START 
[2017-10-13 01:29:54] [INFO] [(1, '登录页面跳转测试 ', 'Pass', '2017-10-13 01:29:50', '2017-10-13 01:29:54', '0:00:04', '')]
[2017-10-13 01:29:57] [INFO] <xlrd.book.Book object at 0x0000000003B845C0>
[2017-10-13 01:29:57] [INFO] <xlwt.Workbook.Workbook object at 0x0000000003C8C0F0>
[2017-10-13 01:30:17] [INFO] [(2, '正确密码是否可成功登录测试 ', 'Pass', '2017-10-13 01:30:03', '2017-10-13 01:30:17', '0:00:14', '')]
[2017-10-13 01:30:20] [INFO] <xlrd.book.Book object at 0x0000000003B85588>
[2017-10-13 01:30:20] [INFO] <xlwt.Workbook.Workbook object at 0x0000000003C0B048>
[2017-10-13 01:30:44] [INFO] [(3, '是否能顺利跳转到wan 界面 ', 'Pass', '2017-10-13 01:30:26', '2017-10-13 01:30:44', '0:00:18', '')]
[2017-10-13 01:30:47] [INFO] <xlrd.book.Book object at 0x0000000003B69198>
[2017-10-13 01:30:47] [INFO] <xlwt.Workbook.Workbook object at 0x0000000003C0D5F8>
[2017-10-13 01:31:22] [INFO] 请输入IP地址。
[2017-10-13 01:31:22] [INFO] [(4, '没有IP地址输入时的错误信息提示 ', 'Pass', '2017-10-13 01:30:52', '2017-10-13 01:31:22', '0:00:30', '')]
[2017-10-13 01:31:25] [INFO] <xlrd.book.Book object at 0x0000000003B68160>
[2017-10-13 01:31:25] [INFO] <xlwt.Workbook.Workbook object at 0x0000000003C117F0>
[2017-10-13 01:31:41] [INFO] [(5, '不填写密码时的提示信息是否正确 ', 'Pass', '2017-10-13 01:31:31', '2017-10-13 01:31:41', '0:00:10', '')]
[2017-10-13 01:31:44] [INFO] <xlrd.book.Book object at 0x0000000003B85588>
[2017-10-13 01:31:44] [INFO] <xlwt.Workbook.Workbook object at 0x0000000003BF4160>
[2017-10-13 01:31:58] [INFO] [(6, '登录密码错误时提示信息是否正确 ', 'Pass', '2017-10-13 01:31:50', '2017-10-13 01:31:58', '0:00:08', '')]
[2017-10-13 01:32:01] [INFO] <xlrd.book.Book object at 0x0000000003B86518>
[2017-10-13 01:32:01] [INFO] <xlwt.Workbook.Workbook object at 0x0000000003C9B400>
[2017-10-13 01:32:38] [INFO] 请输入子网掩码。
[2017-10-13 01:32:38] [INFO] [(7, '不输入子网掩码时的错误信息提示 ', 'Pass', '2017-10-13 01:32:07', '2017-10-13 01:32:38', '0:00:31', '')]
[2017-10-13 01:32:41] [INFO] <xlrd.book.Book object at 0x0000000003B69160>
[2017-10-13 01:32:41] [INFO] <xlwt.Workbook.Workbook object at 0x0000000003C129B0>
[2017-10-13 01:33:17] [INFO] 请输入默认网关地址。
[2017-10-13 01:33:17] [INFO] [(8, '不输入默认网关时的错误信息提示 ', 'Pass', '2017-10-13 01:32:47', '2017-10-13 01:33:17', '0:00:30', '')]
[2017-10-13 01:33:20] [INFO] <xlrd.book.Book object at 0x0000000003B69160>
[2017-10-13 01:33:20] [INFO] <xlwt.Workbook.Workbook object at 0x0000000003D67A58>
[2017-10-13 01:33:55] [INFO] IP地址含非法字符，请重新输入。
[2017-10-13 01:33:58] [INFO] IP地址含非法字符，请重新输入。
[2017-10-13 01:34:02] [INFO] IP地址含非法字符，请重新输入。
[2017-10-13 01:34:05] [INFO] IP地址含非法字符，请重新输入。
[2017-10-13 01:34:08] [INFO] IP地址格式错误，请重新输入。
[2017-10-13 01:34:12] [INFO] IP地址含非法字符，请重新输入。
[2017-10-13 01:34:12] [INFO] [(9, '非法格式的IP地址输入时提示信息检查 ', 'Pass', '2017-10-13 01:33:27', '2017-10-13 01:34:12', '0:00:45', '')]
[2017-10-13 01:34:15] [INFO] <xlrd.book.Book object at 0x0000000003B68160>
[2017-10-13 01:34:15] [INFO] <xlwt.Workbook.Workbook object at 0x0000000003C14A58>
[2017-10-13 01:34:51] [INFO] 子网掩码不正确，请重新输入。
[2017-10-13 01:34:56] [INFO] 子网掩码不正确，请重新输入。
[2017-10-13 01:35:01] [INFO] 子网掩码不正确，请重新输入。
[2017-10-13 01:35:07] [INFO] 子网掩码不正确，请重新输入。
[2017-10-13 01:35:12] [INFO] 子网掩码不正确，请重新输入。
[2017-10-13 01:35:17] [INFO] 子网掩码不正确，请重新输入。
[2017-10-13 01:35:17] [INFO] [(10, '非法格式的子网掩码输入时，提示信息检查 ', 'Pass', '2017-10-13 01:34:20', '2017-10-13 01:35:17', '0:00:57', '')]
[2017-10-13 01:35:20] [INFO] <xlrd.book.Book object at 0x0000000003B6A128>
[2017-10-13 01:35:20] [INFO] <xlwt.Workbook.Workbook object at 0x0000000003C196D8>
[2017-10-13 01:35:58] [INFO] 默认网关错误，请重新输入。
[2017-10-13 01:36:03] [INFO] 默认网关错误，请重新输入。
[2017-10-13 01:36:09] [INFO] 默认网关错误，请重新输入。
[2017-10-13 01:36:14] [INFO] 默认网关错误，请重新输入。
[2017-10-13 01:36:19] [INFO] 默认网关错误，请重新输入。
[2017-10-13 01:36:24] [INFO] 默认网关错误，请重新输入。
[2017-10-13 01:36:25] [INFO] [(11, '非法格式的默认网关输入时，提示信息检查 ', 'Pass', '2017-10-13 01:35:28', '2017-10-13 01:36:24', '0:00:56', '')]
[2017-10-13 01:36:28] [INFO] <xlrd.book.Book object at 0x0000000003B6A128>
[2017-10-13 01:36:28] [INFO] <xlwt.Workbook.Workbook object at 0x0000000003C9F780>
[2017-10-13 01:37:15] [INFO] [(12, '是否可以成功设置静态IP ', 'Pass', '2017-10-13 01:36:33', '2017-10-13 01:37:15', '0:00:42', '')]
[2017-10-13 01:37:15] [INFO] 测试完成后将上网方式恢复为自动获取
[2017-10-13 01:37:39] [INFO] <xlrd.book.Book object at 0x0000000003B6A080>
[2017-10-13 01:37:39] [INFO] <xlwt.Workbook.Workbook object at 0x0000000003C99B70>
[2017-10-13 01:38:09] [INFO] [(13, '是否能顺利跳转到lan页面 ', 'Pass', '2017-10-13 01:37:46', '2017-10-13 01:38:09', '0:00:23', '')]
[2017-10-13 01:38:12] [INFO] <xlrd.book.Book object at 0x0000000003B68400>
[2017-10-13 01:38:12] [INFO] <xlwt.Workbook.Workbook object at 0x0000000003C8BCC0>
[2017-10-13 01:38:35] [INFO] 默认的局域网地址:
[2017-10-13 01:38:35] [INFO] 默认的dhcp状态是：checkbox_off
[2017-10-13 01:38:35] [INFO] 默认的初始IP地址池：
[2017-10-13 01:38:35] [INFO] 默认的结束IP地址池： 
[2017-10-13 01:38:35] [INFO] [(14, 'lan页面默认项检查 ', 'Pass', '2017-10-13 01:38:18', '2017-10-13 01:38:35', '0:00:17', '')]
[2017-10-13 01:38:38] [INFO] <xlrd.book.Book object at 0x0000000003B68358>
[2017-10-13 01:38:38] [INFO] <xlwt.Workbook.Workbook object at 0x0000000003CADD68>
[2017-10-13 01:39:11] [INFO] [(15, 'lan页面不输入局域网地址时的提示语检查 ', 'Pass', '2017-10-13 01:38:44', '2017-10-13 01:39:11', '0:00:27', '')]
[2017-10-13 01:39:15] [INFO] <xlrd.book.Book object at 0x0000000003B683C8>
[2017-10-13 01:39:15] [INFO] <xlwt.Workbook.Workbook object at 0x000000000448FE48>
[2017-10-13 01:39:45] [INFO] IP地址含非法字符，请重新输入。
[2017-10-13 01:39:48] [INFO] IP地址含非法字符，请重新输入。
[2017-10-13 01:39:50] [INFO] IP地址含非法字符，请重新输入。
[2017-10-13 01:39:52] [INFO] IP地址含非法字符，请重新输入。
[2017-10-13 01:39:54] [INFO] IP地址格式错误，请重新输入。
[2017-10-13 01:39:57] [INFO] IP地址含非法字符，请重新输入。
[2017-10-13 01:39:57] [INFO] [(16, 'lan页面输入格式错误的局域网地址时的提示语检查 ', 'Pass', '2017-10-13 01:39:20', '2017-10-13 01:39:57', '0:00:37', '')]
[2017-10-13 01:40:00] [INFO] <xlrd.book.Book object at 0x0000000003B683C8>
[2017-10-13 01:40:00] [INFO] <xlwt.Workbook.Workbook object at 0x0000000003D53F28>
[2017-10-13 01:41:36] [INFO] [(17, 'lan页面修改局域网地址是否可以成功 ', 'Pass', '2017-10-13 01:40:05', '2017-10-13 01:41:36', '0:01:31', '')]
[2017-10-13 01:41:36] [INFO] 测试完成后修改到原来的IP
[2017-10-13 01:42:52] [INFO] <xlrd.book.Book object at 0x0000000003B68400>
[2017-10-13 01:42:52] [INFO] <xlwt.Workbook.Workbook object at 0x0000000003D6FD30>
[2017-10-13 01:43:31] [INFO] 地址池开始值错误，请重新输入。
[2017-10-13 01:43:31] [INFO] [(18, '开始IP地址非法时提示信息检查 ', 'Pass', '2017-10-13 01:42:58', '2017-10-13 01:43:31', '0:00:33', '')]
[2017-10-13 01:43:34] [INFO] <xlrd.book.Book object at 0x0000000003B68400>
[2017-10-13 01:43:34] [INFO] <xlwt.Workbook.Workbook object at 0x0000000003C160F0>
[2017-10-13 01:44:12] [INFO] 地址池结束值错误，请重新输入。
[2017-10-13 01:44:12] [INFO] [(19, '结束IP地址非法时提示信息检查 ', 'Pass', '2017-10-13 01:43:41', '2017-10-13 01:44:12', '0:00:31', '')]
[2017-10-13 01:44:15] [INFO] <xlrd.book.Book object at 0x0000000003B68358>
[2017-10-13 01:44:15] [INFO] <xlwt.Workbook.Workbook object at 0x0000000003D560B8>
[2017-10-13 01:44:55] [INFO] 地址池结束值不能小于开始值，请重新输入。
[2017-10-13 01:44:55] [INFO] [(20, '开始IP地址大于结束IP地址时，提示语检查 ', 'Pass', '2017-10-13 01:44:21', '2017-10-13 01:44:55', '0:00:34', '')]
[2017-10-13 01:44:58] [INFO] <xlrd.book.Book object at 0x0000000003B68400>
[2017-10-13 01:44:58] [INFO] <xlwt.Workbook.Workbook object at 0x0000000003CC5198>
[2017-10-13 01:45:43] [INFO] [(21, '开始ip地址和结束IP地址都合法时，是否可以成功保存 ', 'Pass', '2017-10-13 01:45:05', '2017-10-13 01:45:43', '0:00:38', '')]
[2017-10-13 01:45:47] [INFO] <xlrd.book.Book object at 0x0000000003B68400>
[2017-10-13 01:45:47] [INFO] <xlwt.Workbook.Workbook object at 0x0000000003CA5240>
[2017-10-13 01:46:20] [INFO] [(22, 'DHCP 能否被正确关闭 ', 'Pass', '2017-10-13 01:45:52', '2017-10-13 01:46:20', '0:00:28', '')]
[2017-10-13 01:46:23] [INFO] <xlrd.book.Book object at 0x0000000003B683C8>
[2017-10-13 01:46:23] [INFO] <xlwt.Workbook.Workbook object at 0x0000000003C130F0>
[2017-10-13 01:46:47] [INFO] [(23, '是否能顺利跳转到无线wifi设置界面 ', 'Pass', '2017-10-13 01:46:30', '2017-10-13 01:46:47', '0:00:17', '')]
[2017-10-13 01:46:50] [INFO] <xlrd.book.Book object at 0x0000000003B4DFD0>
[2017-10-13 01:46:50] [INFO] <xlwt.Workbook.Workbook object at 0x0000000003C0EC88>
[2017-10-13 01:47:13] [INFO] wifiname:frt_test
[2017-10-13 01:47:13] [INFO] wifiname:iot123321
[2017-10-13 01:47:13] [INFO] [(24, 'wifi页面默认项检查 ', 'Pass', '2017-10-13 01:46:56', '2017-10-13 01:47:13', '0:00:17', '')]
[2017-10-13 01:47:16] [INFO] <xlrd.book.Book object at 0x0000000003B4DF28>
[2017-10-13 01:47:16] [INFO] <xlwt.Workbook.Workbook object at 0x0000000003D1EC88>
[2017-10-13 01:52:06] [INFO] [(25, 'wifi名称各种组合是否支持 ', 'Pass', '2017-10-13 01:47:23', '2017-10-13 01:52:06', '0:04:43', '')]
[2017-10-13 01:52:09] [INFO] <xlrd.book.Book object at 0x0000000003B4DFD0>
[2017-10-13 01:52:09] [INFO] <xlwt.Workbook.Workbook object at 0x0000000003CE2DD8>
[2017-10-13 01:52:32] [INFO] 请输入2.4G无线名称。
[2017-10-13 01:52:32] [INFO] [(26, '不输入wifi名称时的提示语检查 ', 'Pass', '2017-10-13 01:52:15', '2017-10-13 01:52:32', '0:00:17', '')]
[2017-10-13 01:52:35] [INFO] <xlrd.book.Book object at 0x0000000003B4DF98>
[2017-10-13 01:52:35] [INFO] <xlwt.Workbook.Workbook object at 0x0000000003C10E48>
[2017-10-13 01:53:24] [INFO] [(27, '不输入wifi密码时是否可以保存成功 ', 'Pass', '2017-10-13 01:52:41', '2017-10-13 01:53:24', '0:00:43', '')]
[2017-10-13 01:53:24] [INFO] 测试完成后恢复wifi密码
[2017-10-13 01:53:50] [INFO] <xlrd.book.Book object at 0x0000000003B4CF98>
[2017-10-13 01:53:50] [INFO] <xlwt.Workbook.Workbook object at 0x0000000003C22080>
[2017-10-13 01:54:28] [INFO] [(28, '输入错误格式的wifi 密码，提示语检查 ', 'Pass', '2017-10-13 01:53:55', '2017-10-13 01:54:28', '0:00:33', '')]
[2017-10-13 01:54:28] [INFO] 测试完成恢复wifi密码
[2017-10-13 01:54:54] [INFO] <xlrd.book.Book object at 0x0000000003B4CF98>
[2017-10-13 01:54:54] [INFO] <xlwt.Workbook.Workbook object at 0x0000000003C1F048>
[2017-10-13 01:58:15] [INFO] [(29, '是否支持各种格式的wifi密码 ', 'Pass', '2017-10-13 01:55:01', '2017-10-13 01:58:15', '0:03:14', '')]
[2017-10-13 01:58:15] [INFO] 测试完成恢复wifi密码
[2017-10-13 01:58:46] [INFO] <xlrd.book.Book object at 0x0000000003B4CF98>
[2017-10-13 01:58:46] [INFO] <xlwt.Workbook.Workbook object at 0x0000000003E46048>
[2017-10-13 01:59:17] [INFO] no found
[2017-10-13 01:59:17] [INFO] no found
[2017-10-13 01:59:17] [INFO] no found
[2017-10-13 01:59:17] [INFO] no found
[2017-10-13 01:59:17] [INFO] no found
[2017-10-13 01:59:17] [INFO] no found
[2017-10-13 01:59:17] [INFO] no found
[2017-10-13 01:59:17] [INFO] no found
[2017-10-13 01:59:17] [INFO] no found
[2017-10-13 01:59:17] [INFO] no found
[2017-10-13 01:59:17] [INFO] no found
[2017-10-13 01:59:17] [INFO] no found
[2017-10-13 01:59:17] [INFO] no found
[2017-10-13 01:59:17] [INFO] no found
[2017-10-13 01:59:17] [INFO] no found
[2017-10-13 01:59:17] [INFO] no found
[2017-10-13 01:59:17] [INFO] no found
[2017-10-13 01:59:17] [INFO] no found
[2017-10-13 01:59:17] [INFO] no found
[2017-10-13 01:59:17] [INFO] no found
[2017-10-13 01:59:17] [INFO] no found
[2017-10-13 01:59:17] [INFO] no found
[2017-10-13 01:59:17] [INFO] no found
[2017-10-13 01:59:17] [INFO] no found
[2017-10-13 01:59:17] [INFO] no found
[2017-10-13 01:59:17] [INFO] no found
[2017-10-13 01:59:17] [INFO] no found
[2017-10-13 01:59:17] [INFO] no found
[2017-10-13 01:59:17] [INFO] no found
[2017-10-13 01:59:17] [INFO] no found
[2017-10-13 01:59:17] [INFO] no found
[2017-10-13 01:59:17] [INFO] no found
[2017-10-13 01:59:17] [INFO] no found
[2017-10-13 01:59:17] [INFO] no found
[2017-10-13 01:59:17] [INFO] no found
[2017-10-13 01:59:17] [INFO] no found
[2017-10-13 01:59:17] [INFO] no found
[2017-10-13 01:59:17] [INFO] no found
[2017-10-13 01:59:17] [INFO] no found
[2017-10-13 01:59:17] [INFO] no found
[2017-10-13 01:59:17] [INFO] no found
[2017-10-13 01:59:17] [INFO] no found
[2017-10-13 01:59:17] [INFO] no found
[2017-10-13 01:59:17] [INFO] no found
[2017-10-13 01:59:17] [INFO] no found
[2017-10-13 01:59:17] [INFO] no found
[2017-10-13 01:59:17] [INFO] no found
[2017-10-13 01:59:17] [INFO] no found
[2017-10-13 01:59:17] [INFO] no found
[2017-10-13 01:59:17] [INFO] no found
[2017-10-13 01:59:17] [INFO] no found
[2017-10-13 01:59:17] [INFO] no found
[2017-10-13 01:59:17] [INFO] no found
[2017-10-13 01:59:17] [INFO] no found
[2017-10-13 01:59:17] [INFO] no found
[2017-10-13 01:59:17] [INFO] no found
[2017-10-13 01:59:17] [INFO] no found
[2017-10-13 01:59:17] [INFO] no found
[2017-10-13 01:59:17] [INFO] no found
[2017-10-13 01:59:17] [INFO] no found
[2017-10-13 01:59:17] [INFO] no found
[2017-10-13 01:59:17] [INFO] no found
[2017-10-13 01:59:17] [INFO] no found
[2017-10-13 01:59:17] [INFO] no found
[2017-10-13 01:59:17] [INFO] no found
[2017-10-13 01:59:17] [INFO] no found
[2017-10-13 01:59:17] [INFO] no found
[2017-10-13 01:59:17] [INFO] no found
[2017-10-13 01:59:17] [INFO] no found
[2017-10-13 01:59:17] [INFO] no found
[2017-10-13 01:59:17] [INFO] no found
[2017-10-13 01:59:17] [INFO] no found
[2017-10-13 01:59:17] [INFO] no found
[2017-10-13 01:59:17] [INFO] no found
[2017-10-13 01:59:17] [INFO] no found
[2017-10-13 01:59:17] [INFO] no found
[2017-10-13 01:59:17] [INFO] no found
[2017-10-13 01:59:17] [INFO] no found
[2017-10-13 01:59:17] [INFO] no found
[2017-10-13 01:59:17] [INFO] no found
[2017-10-13 01:59:17] [INFO] no found
[2017-10-13 01:59:17] [INFO] no found
[2017-10-13 01:59:17] [INFO] no found
[2017-10-13 01:59:17] [INFO] no found
[2017-10-13 01:59:17] [INFO] no found
[2017-10-13 01:59:17] [INFO] no found
[2017-10-13 01:59:17] [INFO] no found
[2017-10-13 01:59:17] [INFO] no found
[2017-10-13 01:59:17] [INFO] no found
[2017-10-13 01:59:17] [INFO] no found
[2017-10-13 01:59:17] [INFO] no found
[2017-10-13 01:59:17] [INFO] no found
[2017-10-13 01:59:17] [INFO] no found
[2017-10-13 01:59:17] [INFO] no found
[2017-10-13 01:59:17] [INFO] no found
[2017-10-13 01:59:17] [INFO] no found
[2017-10-13 01:59:17] [INFO] no found
[2017-10-13 01:59:17] [INFO] no found
[2017-10-13 01:59:17] [INFO] no found
[2017-10-13 01:59:17] [INFO] no found
[2017-10-13 01:59:17] [INFO] no found
[2017-10-13 01:59:17] [INFO] no found
[2017-10-13 01:59:17] [INFO] no found
[2017-10-13 01:59:17] [INFO] no found
[2017-10-13 01:59:17] [INFO] no found
[2017-10-13 01:59:17] [INFO] no found
[2017-10-13 01:59:17] [INFO] no found
[2017-10-13 01:59:17] [INFO] no found
[2017-10-13 01:59:17] [INFO] no found
[2017-10-13 01:59:17] [INFO] no found
[2017-10-13 01:59:17] [INFO] no found
[2017-10-13 01:59:17] [INFO] no found
[2017-10-13 01:59:17] [INFO] no found
[2017-10-13 01:59:17] [INFO] no found
[2017-10-13 01:59:17] [INFO] no found
[2017-10-13 01:59:17] [INFO] no found
[2017-10-13 01:59:17] [INFO] no found
[2017-10-13 01:59:17] [INFO] no found
[2017-10-13 01:59:17] [INFO] no found
[2017-10-13 01:59:17] [INFO] no found
[2017-10-13 01:59:17] [INFO] no found
[2017-10-13 01:59:17] [INFO] no found
[2017-10-13 01:59:17] [INFO] no found
[2017-10-13 01:59:17] [INFO] no found
[2017-10-13 01:59:17] [INFO] no found
[2017-10-13 01:59:17] [INFO] no found
[2017-10-13 01:59:17] [INFO] no found
[2017-10-13 01:59:17] [INFO] no found
[2017-10-13 01:59:17] [INFO] no found
[2017-10-13 01:59:17] [INFO] no found
[2017-10-13 01:59:17] [INFO] no found
[2017-10-13 01:59:17] [INFO] no found
[2017-10-13 01:59:17] [INFO] no found
[2017-10-13 01:59:17] [INFO] no found
[2017-10-13 01:59:17] [INFO] no found
[2017-10-13 01:59:17] [INFO] no found
[2017-10-13 01:59:17] [INFO] no found
[2017-10-13 01:59:17] [INFO] no found
[2017-10-13 01:59:17] [INFO] no found
[2017-10-13 01:59:17] [INFO] no found
[2017-10-13 01:59:17] [INFO] no found
[2017-10-13 01:59:17] [INFO] no found
[2017-10-13 01:59:17] [INFO] no found
[2017-10-13 01:59:17] [INFO] no found
[2017-10-13 01:59:17] [INFO] no found
[2017-10-13 01:59:17] [INFO] no found
[2017-10-13 01:59:17] [INFO] no found
[2017-10-13 01:59:17] [INFO] no found
[2017-10-13 01:59:17] [INFO] no found
[2017-10-13 01:59:17] [INFO] no found
[2017-10-13 01:59:17] [INFO] no found
[2017-10-13 01:59:17] [INFO] no found
[2017-10-13 01:59:17] [INFO] no found
[2017-10-13 01:59:17] [INFO] no found
[2017-10-13 01:59:17] [INFO] no found
[2017-10-13 01:59:17] [INFO] no found
[2017-10-13 01:59:17] [INFO] no found
[2017-10-13 01:59:17] [INFO] no found
[2017-10-13 01:59:17] [INFO] no found
[2017-10-13 01:59:17] [INFO] no found
[2017-10-13 01:59:17] [INFO] no found
[2017-10-13 01:59:17] [INFO] no found
[2017-10-13 01:59:17] [INFO] no found
[2017-10-13 01:59:17] [INFO] no found
[2017-10-13 01:59:17] [INFO] no found
[2017-10-13 01:59:17] [INFO] no found
[2017-10-13 01:59:17] [INFO] no found
[2017-10-13 01:59:17] [INFO] no found
[2017-10-13 01:59:17] [INFO] no found
[2017-10-13 01:59:17] [INFO] no found
[2017-10-13 01:59:17] [INFO] no found
[2017-10-13 01:59:17] [INFO] no found
[2017-10-13 01:59:17] [INFO] no found
[2017-10-13 01:59:17] [INFO] no found
[2017-10-13 01:59:17] [INFO] [(30, '关闭wifi 后，查看电脑的无线列表 ', 'Pass', '2017-10-13 01:58:51', '2017-10-13 01:59:17', '0:00:26', '')]
[2017-10-13 01:59:17] [INFO] 测试完成后恢复到wifi打开的状态
[2017-10-13 01:59:26] [INFO] <xlrd.book.Book object at 0x0000000003B4BFD0>
[2017-10-13 01:59:26] [INFO] <xlwt.Workbook.Workbook object at 0x0000000003C19080>
[2017-10-13 02:00:25] [INFO] no found
[2017-10-13 02:00:25] [INFO] no found
[2017-10-13 02:00:25] [INFO] no found
[2017-10-13 02:00:25] [INFO] no found
[2017-10-13 02:00:25] [INFO] no found
[2017-10-13 02:00:25] [INFO] no found
[2017-10-13 02:00:25] [INFO] no found
[2017-10-13 02:00:25] [INFO] no found
[2017-10-13 02:00:25] [INFO] no found
[2017-10-13 02:00:25] [INFO] no found
[2017-10-13 02:00:25] [INFO] no found
[2017-10-13 02:00:25] [INFO] no found
[2017-10-13 02:00:25] [INFO] no found
[2017-10-13 02:00:25] [INFO] no found
[2017-10-13 02:00:25] [INFO] no found
[2017-10-13 02:00:25] [INFO] no found
[2017-10-13 02:00:25] [INFO] no found
[2017-10-13 02:00:25] [INFO] no found
[2017-10-13 02:00:25] [INFO] no found
[2017-10-13 02:00:25] [INFO] no found
[2017-10-13 02:00:25] [INFO] no found
[2017-10-13 02:00:25] [INFO] no found
[2017-10-13 02:00:25] [INFO] no found
[2017-10-13 02:00:25] [INFO] no found
[2017-10-13 02:00:25] [INFO] no found
[2017-10-13 02:00:25] [INFO] no found
[2017-10-13 02:00:25] [INFO] no found
[2017-10-13 02:00:25] [INFO] no found
[2017-10-13 02:00:25] [INFO] no found
[2017-10-13 02:00:25] [INFO] no found
[2017-10-13 02:00:25] [INFO] no found
[2017-10-13 02:00:25] [INFO] no found
[2017-10-13 02:00:25] [INFO] no found
[2017-10-13 02:00:25] [INFO] no found
[2017-10-13 02:00:25] [INFO] no found
[2017-10-13 02:00:25] [INFO] no found
[2017-10-13 02:00:25] [INFO] no found
[2017-10-13 02:00:25] [INFO] no found
[2017-10-13 02:00:25] [INFO] no found
[2017-10-13 02:00:25] [INFO] no found
[2017-10-13 02:00:25] [INFO] no found
[2017-10-13 02:00:25] [INFO] no found
[2017-10-13 02:00:25] [INFO] no found
[2017-10-13 02:00:25] [INFO] no found
[2017-10-13 02:00:25] [INFO] no found
[2017-10-13 02:00:25] [INFO] no found
[2017-10-13 02:00:25] [INFO] no found
[2017-10-13 02:00:25] [INFO] no found
[2017-10-13 02:00:25] [INFO] no found
[2017-10-13 02:00:25] [INFO] no found
[2017-10-13 02:00:25] [INFO] no found
[2017-10-13 02:00:25] [INFO] no found
[2017-10-13 02:00:25] [INFO] no found
[2017-10-13 02:00:25] [INFO] no found
[2017-10-13 02:00:25] [INFO] no found
[2017-10-13 02:00:25] [INFO] no found
[2017-10-13 02:00:25] [INFO] no found
[2017-10-13 02:00:25] [INFO] no found
[2017-10-13 02:00:25] [INFO] no found
[2017-10-13 02:00:25] [INFO] no found
[2017-10-13 02:00:25] [INFO] no found
[2017-10-13 02:00:25] [INFO] no found
[2017-10-13 02:00:25] [INFO] no found
[2017-10-13 02:00:25] [INFO] no found
[2017-10-13 02:00:25] [INFO] no found
[2017-10-13 02:00:25] [INFO] no found
[2017-10-13 02:00:25] [INFO] no found
[2017-10-13 02:00:25] [INFO] no found
[2017-10-13 02:00:25] [INFO] no found
[2017-10-13 02:00:25] [INFO] no found
[2017-10-13 02:00:25] [INFO] no found
[2017-10-13 02:00:25] [INFO] no found
[2017-10-13 02:00:25] [INFO] no found
[2017-10-13 02:00:25] [INFO] no found
[2017-10-13 02:00:25] [INFO] no found
[2017-10-13 02:00:25] [INFO] no found
[2017-10-13 02:00:25] [INFO] no found
[2017-10-13 02:00:25] [INFO] no found
[2017-10-13 02:00:25] [INFO] no found
[2017-10-13 02:00:25] [INFO] no found
[2017-10-13 02:00:25] [INFO] no found
[2017-10-13 02:00:25] [INFO] no found
[2017-10-13 02:00:25] [INFO] no found
[2017-10-13 02:00:25] [INFO] no found
[2017-10-13 02:00:25] [INFO] no found
[2017-10-13 02:00:25] [INFO] no found
[2017-10-13 02:00:25] [INFO] no found
[2017-10-13 02:00:25] [INFO] no found
[2017-10-13 02:00:25] [INFO] no found
[2017-10-13 02:00:25] [INFO] no found
[2017-10-13 02:00:25] [INFO] no found
[2017-10-13 02:00:25] [INFO] no found
[2017-10-13 02:00:25] [INFO] no found
[2017-10-13 02:00:25] [INFO] no found
[2017-10-13 02:00:25] [INFO] no found
[2017-10-13 02:00:25] [INFO] no found
[2017-10-13 02:00:25] [INFO] no found
[2017-10-13 02:00:25] [INFO] no found
[2017-10-13 02:00:25] [INFO] no found
[2017-10-13 02:00:25] [INFO] no found
[2017-10-13 02:00:25] [INFO] no found
[2017-10-13 02:00:25] [INFO] no found
[2017-10-13 02:00:25] [INFO] no found
[2017-10-13 02:00:25] [INFO] no found
[2017-10-13 02:00:25] [INFO] no found
[2017-10-13 02:00:25] [INFO] no found
[2017-10-13 02:00:25] [INFO] no found
[2017-10-13 02:00:25] [INFO] no found
[2017-10-13 02:00:25] [INFO] no found
[2017-10-13 02:00:25] [INFO] no found
[2017-10-13 02:00:25] [INFO] no found
[2017-10-13 02:00:25] [INFO] no found
[2017-10-13 02:00:25] [INFO] no found
[2017-10-13 02:00:25] [INFO] no found
[2017-10-13 02:00:25] [INFO] no found
[2017-10-13 02:00:25] [INFO] no found
[2017-10-13 02:00:25] [INFO] no found
[2017-10-13 02:00:25] [INFO] no found
[2017-10-13 02:00:25] [INFO] no found
[2017-10-13 02:00:25] [INFO] no found
[2017-10-13 02:00:25] [INFO] no found
[2017-10-13 02:00:25] [INFO] no found
[2017-10-13 02:00:25] [INFO] no found
[2017-10-13 02:00:25] [INFO] no found
[2017-10-13 02:00:25] [INFO] no found
[2017-10-13 02:00:25] [INFO] no found
[2017-10-13 02:00:25] [INFO] no found
[2017-10-13 02:00:25] [INFO] no found
[2017-10-13 02:00:25] [INFO] no found
[2017-10-13 02:00:25] [INFO] no found
[2017-10-13 02:00:25] [INFO] no found
[2017-10-13 02:00:25] [INFO] no found
[2017-10-13 02:00:25] [INFO] no found
[2017-10-13 02:00:25] [INFO] no found
[2017-10-13 02:00:25] [INFO] no found
[2017-10-13 02:00:25] [INFO] no found
[2017-10-13 02:00:25] [INFO] no found
[2017-10-13 02:00:25] [INFO] no found
[2017-10-13 02:00:25] [INFO] no found
[2017-10-13 02:00:25] [INFO] no found
[2017-10-13 02:00:25] [INFO] no found
[2017-10-13 02:00:25] [INFO] no found
[2017-10-13 02:00:25] [INFO] no found
[2017-10-13 02:00:25] [INFO] no found
[2017-10-13 02:00:25] [INFO] no found
[2017-10-13 02:00:25] [INFO] no found
[2017-10-13 02:00:25] [INFO] no found
[2017-10-13 02:00:25] [INFO] no found
[2017-10-13 02:00:25] [INFO] no found
[2017-10-13 02:00:25] [INFO] [(31, '关闭SSID,查看电脑列表能否搜索到wifi名称 ', 'Pass', '2017-10-13 01:59:31', '2017-10-13 02:00:25', '0:00:54', '')]
[2017-10-13 02:00:25] [INFO] 测试完成后关闭ssid隐藏
[2017-10-13 02:00:48] [INFO] <xlrd.book.Book object at 0x0000000003B4BFD0>
[2017-10-13 02:00:48] [INFO] <xlwt.Workbook.Workbook object at 0x0000000003C18128>
[2017-10-13 02:01:20] [INFO] [(32, '不输入原密码时的提示信息检查 ', 'Pass', '2017-10-13 02:00:54', '2017-10-13 02:01:20', '0:00:26', '')]
[2017-10-13 02:01:23] [INFO] <xlrd.book.Book object at 0x0000000003B82D68>
[2017-10-13 02:01:23] [INFO] <xlwt.Workbook.Workbook object at 0x0000000003C15DD8>
[2017-10-13 02:01:57] [INFO] [(33, '不输入新密码时的提示信息检查 ', 'Pass', '2017-10-13 02:01:28', '2017-10-13 02:01:57', '0:00:29', '')]
[2017-10-13 02:02:00] [INFO] <xlrd.book.Book object at 0x0000000003B85CF8>
[2017-10-13 02:02:00] [INFO] <xlwt.Workbook.Workbook object at 0x0000000003C1CE10>
[2017-10-13 02:02:34] [INFO] [(34, '确认密码不输入时提示信息检查 ', 'Pass', '2017-10-13 02:02:06', '2017-10-13 02:02:34', '0:00:28', '')]
[2017-10-13 02:02:37] [INFO] <xlrd.book.Book object at 0x0000000003BBA630>
[2017-10-13 02:02:37] [INFO] <xlwt.Workbook.Workbook object at 0x0000000003DF31D0>
[2017-10-13 02:03:11] [INFO] [(35, '确认密码与新密码不一致时的提示信息检查 ', 'Pass', '2017-10-13 02:02:43', '2017-10-13 02:03:11', '0:00:28', '')]
[2017-10-13 02:03:14] [INFO] <xlrd.book.Book object at 0x0000000003BBB630>
[2017-10-13 02:03:14] [INFO] <xlwt.Workbook.Workbook object at 0x0000000003D522B0>
[2017-10-13 02:03:49] [INFO] [(36, '原密码错误时提示信息检查 ', 'Pass', '2017-10-13 02:03:20', '2017-10-13 02:03:49', '0:00:29', '')]
[2017-10-13 02:03:52] [INFO] <xlrd.book.Book object at 0x0000000003BBA860>
[2017-10-13 02:03:52] [INFO] <xlwt.Workbook.Workbook object at 0x0000000003DE22E8>
[2017-10-13 02:04:26] [INFO] [(37, '新密码格式错误时提示信息检查 ', 'Pass', '2017-10-13 02:03:57', '2017-10-13 02:04:26', '0:00:29', '')]
[2017-10-13 02:04:29] [INFO] <xlrd.book.Book object at 0x0000000003B82DA0>
[2017-10-13 02:04:29] [INFO] <xlwt.Workbook.Workbook object at 0x0000000003CC0048>
[2017-10-13 02:05:33] [INFO] [(38, '修改登录密码查看是否可以登录成功', 'Pass', '2017-10-13 02:04:34', '2017-10-13 02:05:33', '0:00:59', '')]
[2017-10-13 02:05:33] [INFO] 测试完成恢复登录密码
[2017-10-13 02:05:48] [INFO] <xlrd.book.Book object at 0x0000000003B82D68>
[2017-10-13 02:05:48] [INFO] <xlwt.Workbook.Workbook object at 0x0000000003C25DA0>
[2017-10-13 02:06:28] [INFO] [(39, '检查时区能否正确改变 ', 'Pass', '2017-10-13 02:05:55', '2017-10-13 02:06:28', '0:00:33', '')]
[2017-10-13 02:06:28] [INFO] 测试完成恢复时区
[2017-10-13 02:06:33] [INFO] <xlrd.book.Book object at 0x0000000003B82D68>
[2017-10-13 02:06:33] [INFO] <xlwt.Workbook.Workbook object at 0x0000000003C1BE48>
[2017-10-13 02:07:10] [INFO] ./upgrade/upload.exe E:\wifitest\upgrade\eeee.png
[2017-10-13 02:07:10] [INFO] 开始用autoit3脚本控制选择本地文件
[2017-10-13 02:07:23] [INFO] [(40, '上传错误的升级文件时，错误提示 ', 'Pass', '2017-10-13 02:06:39', '2017-10-13 02:07:23', '0:00:44', '')]
[2017-10-13 02:07:26] [INFO] <xlrd.book.Book object at 0x0000000003B82DA0>
[2017-10-13 02:07:26] [INFO] <xlwt.Workbook.Workbook object at 0x0000000003C1E0F0>
[2017-10-13 02:10:06] [INFO] [(41, '重启功能检查 ', 'Pass', '2017-10-13 02:07:31', '2017-10-13 02:10:06', '0:02:35', '')]
[2017-10-13 02:10:09] [INFO] <xlrd.book.Book object at 0x0000000003B82DA0>
[2017-10-13 02:10:09] [INFO] <xlwt.Workbook.Workbook object at 0x0000000003C47128>
[2017-10-13 02:10:44] [INFO] [(42, '取消重启检查 ', 'Pass', '2017-10-13 02:10:15', '2017-10-13 02:10:44', '0:00:29', '')]
[2017-10-13 02:10:47] [INFO] <xlrd.book.Book object at 0x0000000003B83D68>
[2017-10-13 02:10:47] [INFO] <xlwt.Workbook.Workbook object at 0x0000000003C1C128>
[2017-10-13 02:11:08] [INFO] [(43, '退出系统 ', 'Pass', '2017-10-13 02:10:53', '2017-10-13 02:11:08', '0:00:15', '')]
[2017-10-13 02:11:11] [INFO] <xlrd.book.Book object at 0x0000000003B835F8>
[2017-10-13 02:11:11] [INFO] <xlwt.Workbook.Workbook object at 0x0000000003C10240>
[2017-10-13 02:11:12] [INFO] 发送邮件
