[2017-10-11 21:31:10] [INFO] test_goto_login: test START 
[2017-10-11 21:31:14] [INFO] [(1, '登录页面跳转测试 ', 'Pass', '2017-10-11 21:31:10', '2017-10-11 21:31:14', '0:00:04', '')]
[2017-10-11 21:31:17] [INFO] <xlrd.book.Book object at 0x0000000003B83588>
[2017-10-11 21:31:17] [INFO] <xlwt.Workbook.Workbook object at 0x0000000003C0B080>
[2017-10-11 21:31:36] [INFO] [(2, '正确密码是否可成功登录测试 ', 'Pass', '2017-10-11 21:31:22', '2017-10-11 21:31:36', '0:00:14', '')]
[2017-10-11 21:31:39] [INFO] <xlrd.book.Book object at 0x0000000003B864E0>
[2017-10-11 21:31:39] [INFO] <xlwt.Workbook.Workbook object at 0x0000000003C04EF0>
[2017-10-11 21:32:02] [INFO] [(3, '是否能顺利跳转到wan 界面 ', 'Pass', '2017-10-11 21:31:44', '2017-10-11 21:32:02', '0:00:18', '')]
[2017-10-11 21:32:05] [INFO] <xlrd.book.Book object at 0x0000000003B68160>
[2017-10-11 21:32:05] [INFO] <xlwt.Workbook.Workbook object at 0x0000000003C0C588>
[2017-10-11 21:32:40] [INFO] 请输入IP地址。
[2017-10-11 21:32:40] [INFO] [(4, '没有IP地址输入时的错误信息提示 ', 'Pass', '2017-10-11 21:32:11', '2017-10-11 21:32:40', '0:00:29', '')]
[2017-10-11 21:32:44] [INFO] <xlrd.book.Book object at 0x0000000003B6A128>
[2017-10-11 21:32:44] [INFO] <xlwt.Workbook.Workbook object at 0x0000000003C117F0>
[2017-10-11 21:32:59] [INFO] [(5, '不填写密码时的提示信息是否正确 ', 'Pass', '2017-10-11 21:32:49', '2017-10-11 21:32:59', '0:00:10', '')]
[2017-10-11 21:33:02] [INFO] <xlrd.book.Book object at 0x0000000003B86550>
[2017-10-11 21:33:02] [INFO] <xlwt.Workbook.Workbook object at 0x0000000003CB9630>
[2017-10-11 21:33:15] [INFO] [(6, '登录密码错误时提示信息是否正确 ', 'Pass', '2017-10-11 21:33:08', '2017-10-11 21:33:15', '0:00:07', '')]
[2017-10-11 21:33:18] [INFO] <xlrd.book.Book object at 0x0000000003B86550>
[2017-10-11 21:33:18] [INFO] <xlwt.Workbook.Workbook object at 0x0000000003C0A400>
[2017-10-11 21:33:54] [INFO] 请输入子网掩码。
[2017-10-11 21:33:54] [INFO] [(7, '不输入子网掩码时的错误信息提示 ', 'Pass', '2017-10-11 21:33:24', '2017-10-11 21:33:54', '0:00:30', '')]
[2017-10-11 21:33:57] [INFO] <xlrd.book.Book object at 0x0000000003B68128>
[2017-10-11 21:33:57] [INFO] <xlwt.Workbook.Workbook object at 0x0000000003C13978>
[2017-10-11 21:34:33] [INFO] 请输入默认网关地址。
[2017-10-11 21:34:33] [INFO] [(8, '不输入默认网关时的错误信息提示 ', 'Pass', '2017-10-11 21:34:02', '2017-10-11 21:34:33', '0:00:31', '')]
[2017-10-11 21:34:36] [INFO] <xlrd.book.Book object at 0x0000000003B68128>
[2017-10-11 21:34:36] [INFO] <xlwt.Workbook.Workbook object at 0x0000000003C17A58>
[2017-10-11 21:35:09] [INFO] IP地址含非法字符，请重新输入。
[2017-10-11 21:35:12] [INFO] IP地址含非法字符，请重新输入。
[2017-10-11 21:35:15] [INFO] IP地址含非法字符，请重新输入。
[2017-10-11 21:35:19] [INFO] IP地址含非法字符，请重新输入。
[2017-10-11 21:35:22] [INFO] IP地址格式错误，请重新输入。
[2017-10-11 21:35:25] [INFO] IP地址含非法字符，请重新输入。
[2017-10-11 21:35:25] [INFO] [(9, '非法格式的IP地址输入时提示信息检查 ', 'Pass', '2017-10-11 21:34:41', '2017-10-11 21:35:25', '0:00:44', '')]
[2017-10-11 21:35:28] [INFO] <xlrd.book.Book object at 0x0000000003B6A048>
[2017-10-11 21:35:28] [INFO] <xlwt.Workbook.Workbook object at 0x0000000003C15A58>
[2017-10-11 21:36:04] [INFO] 子网掩码不正确，请重新输入。
[2017-10-11 21:36:10] [INFO] 子网掩码不正确，请重新输入。
[2017-10-11 21:36:15] [INFO] 子网掩码不正确，请重新输入。
[2017-10-11 21:36:20] [INFO] 子网掩码不正确，请重新输入。
[2017-10-11 21:36:26] [INFO] 子网掩码不正确，请重新输入。
[2017-10-11 21:36:31] [INFO] 子网掩码不正确，请重新输入。
[2017-10-11 21:36:31] [INFO] [(10, '非法格式的子网掩码输入时，提示信息检查 ', 'Pass', '2017-10-11 21:35:34', '2017-10-11 21:36:31', '0:00:57', '')]
[2017-10-11 21:36:34] [INFO] <xlrd.book.Book object at 0x0000000003B6A0F0>
[2017-10-11 21:36:34] [INFO] <xlwt.Workbook.Workbook object at 0x0000000003C996A0>
[2017-10-11 21:37:10] [INFO] 默认网关错误，请重新输入。
[2017-10-11 21:37:15] [INFO] 默认网关错误，请重新输入。
[2017-10-11 21:37:20] [INFO] 默认网关错误，请重新输入。
[2017-10-11 21:37:26] [INFO] 默认网关错误，请重新输入。
[2017-10-11 21:37:31] [INFO] 默认网关错误，请重新输入。
[2017-10-11 21:37:37] [INFO] 默认网关错误，请重新输入。
[2017-10-11 21:37:37] [INFO] [(11, '非法格式的默认网关输入时，提示信息检查 ', 'Pass', '2017-10-11 21:36:39', '2017-10-11 21:37:37', '0:00:58', '')]
[2017-10-11 21:37:40] [INFO] <xlrd.book.Book object at 0x0000000003B6B0F0>
[2017-10-11 21:37:40] [INFO] <xlwt.Workbook.Workbook object at 0x0000000003C9F748>
[2017-10-11 21:38:27] [INFO] [(12, '是否可以成功设置静态IP ', 'Pass', '2017-10-11 21:37:45', '2017-10-11 21:38:27', '0:00:42', '')]
[2017-10-11 21:38:27] [INFO] 测试完成后将上网方式恢复为自动获取
[2017-10-11 21:38:50] [INFO] <xlrd.book.Book object at 0x0000000003B4AFD0>
[2017-10-11 21:38:50] [INFO] <xlwt.Workbook.Workbook object at 0x0000000003C1AB70>
[2017-10-11 21:39:18] [INFO] [(13, '是否能顺利跳转到lan页面 ', 'Pass', '2017-10-11 21:38:56', '2017-10-11 21:39:18', '0:00:22', '')]
[2017-10-11 21:39:21] [INFO] <xlrd.book.Book object at 0x0000000003B69438>
[2017-10-11 21:39:21] [INFO] <xlwt.Workbook.Workbook object at 0x0000000003C0BD30>
[2017-10-11 21:39:44] [INFO] 默认的局域网地址:
[2017-10-11 21:39:44] [INFO] 默认的dhcp状态是：checkbox_off
[2017-10-11 21:39:44] [INFO] 默认的初始IP地址池：
[2017-10-11 21:39:44] [INFO] 默认的结束IP地址池： 
[2017-10-11 21:39:44] [INFO] [(14, 'lan页面默认项检查 ', 'Pass', '2017-10-11 21:39:26', '2017-10-11 21:39:44', '0:00:18', '')]
[2017-10-11 21:39:47] [INFO] <xlrd.book.Book object at 0x0000000003B69358>
[2017-10-11 21:39:47] [INFO] <xlwt.Workbook.Workbook object at 0x0000000003C0CDA0>
[2017-10-11 21:40:20] [INFO] [(15, 'lan页面不输入局域网地址时的提示语检查 ', 'Pass', '2017-10-11 21:39:52', '2017-10-11 21:40:20', '0:00:28', '')]
[2017-10-11 21:40:23] [INFO] <xlrd.book.Book object at 0x0000000003B69320>
[2017-10-11 21:40:23] [INFO] <xlwt.Workbook.Workbook object at 0x00000000044BFDA0>
[2017-10-11 21:40:54] [INFO] IP地址含非法字符，请重新输入。
[2017-10-11 21:40:56] [INFO] IP地址含非法字符，请重新输入。
[2017-10-11 21:40:58] [INFO] IP地址含非法字符，请重新输入。
[2017-10-11 21:41:00] [INFO] IP地址含非法字符，请重新输入。
[2017-10-11 21:41:03] [INFO] IP地址格式错误，请重新输入。
[2017-10-11 21:41:05] [INFO] IP地址含非法字符，请重新输入。
[2017-10-11 21:41:05] [INFO] [(16, 'lan页面输入格式错误的局域网地址时的提示语检查 ', 'Pass', '2017-10-11 21:40:29', '2017-10-11 21:41:05', '0:00:36', '')]
[2017-10-11 21:41:08] [INFO] <xlrd.book.Book object at 0x0000000003B69320>
[2017-10-11 21:41:08] [INFO] <xlwt.Workbook.Workbook object at 0x0000000003C13E80>
[2017-10-11 21:42:44] [INFO] [(17, 'lan页面修改局域网地址是否可以成功 ', 'Pass', '2017-10-11 21:41:13', '2017-10-11 21:42:44', '0:01:31', '')]
[2017-10-11 21:42:44] [INFO] 测试完成后修改到原来的IP
[2017-10-11 21:44:00] [INFO] <xlrd.book.Book object at 0x0000000003B693C8>
[2017-10-11 21:44:00] [INFO] <xlwt.Workbook.Workbook object at 0x0000000003CEECC0>
[2017-10-11 21:44:40] [INFO] 地址池开始值错误，请重新输入。
[2017-10-11 21:44:40] [INFO] [(18, '开始IP地址非法时提示信息检查 ', 'Pass', '2017-10-11 21:44:07', '2017-10-11 21:44:40', '0:00:33', '')]
[2017-10-11 21:44:43] [INFO] <xlrd.book.Book object at 0x0000000003B69390>
[2017-10-11 21:44:43] [INFO] <xlwt.Workbook.Workbook object at 0x0000000003D660B8>
[2017-10-11 21:45:20] [INFO] 地址池结束值错误，请重新输入。
[2017-10-11 21:45:20] [INFO] [(19, '结束IP地址非法时提示信息检查 ', 'Pass', '2017-10-11 21:44:49', '2017-10-11 21:45:20', '0:00:31', '')]
[2017-10-11 21:45:23] [INFO] <xlrd.book.Book object at 0x0000000003B69358>
[2017-10-11 21:45:24] [INFO] <xlwt.Workbook.Workbook object at 0x0000000003C960F0>
[2017-10-11 21:46:04] [INFO] 地址池结束值不能小于开始值，请重新输入。
[2017-10-11 21:46:04] [INFO] [(20, '开始IP地址大于结束IP地址时，提示语检查 ', 'Pass', '2017-10-11 21:45:29', '2017-10-11 21:46:04', '0:00:35', '')]
[2017-10-11 21:46:07] [INFO] <xlrd.book.Book object at 0x0000000003B693C8>
[2017-10-11 21:46:07] [INFO] <xlwt.Workbook.Workbook object at 0x0000000003C16160>
[2017-10-11 21:46:51] [INFO] [(21, '开始ip地址和结束IP地址都合法时，是否可以成功保存 ', 'Pass', '2017-10-11 21:46:12', '2017-10-11 21:46:51', '0:00:39', '')]
[2017-10-11 21:46:54] [INFO] <xlrd.book.Book object at 0x0000000003B69358>
[2017-10-11 21:46:54] [INFO] <xlwt.Workbook.Workbook object at 0x0000000003C16198>
[2017-10-11 21:47:28] [INFO] [(22, 'DHCP 能否被正确关闭 ', 'Pass', '2017-10-11 21:47:00', '2017-10-11 21:47:28', '0:00:28', '')]
[2017-10-11 21:47:31] [INFO] <xlrd.book.Book object at 0x0000000003B69390>
[2017-10-11 21:47:31] [INFO] <xlwt.Workbook.Workbook object at 0x0000000003C120F0>
[2017-10-11 21:47:54] [INFO] [(23, '是否能顺利跳转到无线wifi设置界面 ', 'Pass', '2017-10-11 21:47:36', '2017-10-11 21:47:54', '0:00:18', '')]
[2017-10-11 21:47:57] [INFO] <xlrd.book.Book object at 0x0000000003B4CF98>
[2017-10-11 21:47:57] [INFO] <xlwt.Workbook.Workbook object at 0x0000000003C0EC50>
[2017-10-11 21:48:20] [INFO] wifiname:frt_test
[2017-10-11 21:48:20] [INFO] wifiname:iot123321
[2017-10-11 21:48:20] [INFO] [(24, 'wifi页面默认项检查 ', 'Pass', '2017-10-11 21:48:03', '2017-10-11 21:48:20', '0:00:17', '')]
[2017-10-11 21:48:23] [INFO] <xlrd.book.Book object at 0x0000000003B4CEF0>
[2017-10-11 21:48:23] [INFO] <xlwt.Workbook.Workbook object at 0x0000000003D6EC18>
[2017-10-11 21:53:14] [INFO] [(25, 'wifi名称各种组合是否支持 ', 'Pass', '2017-10-11 21:48:30', '2017-10-11 21:53:14', '0:04:44', '')]
[2017-10-11 21:53:17] [INFO] <xlrd.book.Book object at 0x0000000003B4CFD0>
[2017-10-11 21:53:17] [INFO] <xlwt.Workbook.Workbook object at 0x0000000003D91DA0>
[2017-10-11 21:53:42] [INFO] 请输入2.4G无线名称。
[2017-10-11 21:53:42] [INFO] [(26, '不输入wifi名称时的提示语检查 ', 'Pass', '2017-10-11 21:53:24', '2017-10-11 21:53:42', '0:00:18', '')]
[2017-10-11 21:53:45] [INFO] <xlrd.book.Book object at 0x0000000003B4CEF0>
[2017-10-11 21:53:45] [INFO] <xlwt.Workbook.Workbook object at 0x0000000003C90DA0>
[2017-10-11 21:54:32] [INFO] [(27, '不输入wifi密码时是否可以保存成功 ', 'Pass', '2017-10-11 21:53:50', '2017-10-11 21:54:32', '0:00:42', '')]
[2017-10-11 21:54:32] [INFO] 测试完成后恢复wifi密码
[2017-10-11 21:54:57] [INFO] <xlrd.book.Book object at 0x0000000003B4BF60>
[2017-10-11 21:54:57] [INFO] <xlwt.Workbook.Workbook object at 0x0000000003C1DF98>
[2017-10-11 21:55:36] [INFO] [(28, '输入错误格式的wifi 密码，提示语检查 ', 'Pass', '2017-10-11 21:55:03', '2017-10-11 21:55:36', '0:00:33', '')]
[2017-10-11 21:55:36] [INFO] 测试完成恢复wifi密码
[2017-10-11 21:56:03] [INFO] <xlrd.book.Book object at 0x0000000003B4BF60>
[2017-10-11 21:56:03] [INFO] <xlwt.Workbook.Workbook object at 0x0000000003C19F60>
[2017-10-11 21:59:23] [INFO] [(29, '是否支持各种格式的wifi密码 ', 'Pass', '2017-10-11 21:56:08', '2017-10-11 21:59:23', '0:03:15', '')]
[2017-10-11 21:59:23] [INFO] 测试完成恢复wifi密码
[2017-10-11 21:59:54] [INFO] <xlrd.book.Book object at 0x0000000003B4BF60>
[2017-10-11 21:59:54] [INFO] <xlwt.Workbook.Workbook object at 0x0000000003D65F60>
[2017-10-11 22:00:25] [INFO] no found
[2017-10-11 22:00:25] [INFO] no found
[2017-10-11 22:00:25] [INFO] no found
[2017-10-11 22:00:25] [INFO] no found
[2017-10-11 22:00:25] [INFO] no found
[2017-10-11 22:00:25] [INFO] no found
[2017-10-11 22:00:25] [INFO] no found
[2017-10-11 22:00:25] [INFO] no found
[2017-10-11 22:00:25] [INFO] no found
[2017-10-11 22:00:25] [INFO] no found
[2017-10-11 22:00:25] [INFO] no found
[2017-10-11 22:00:25] [INFO] no found
[2017-10-11 22:00:25] [INFO] no found
[2017-10-11 22:00:25] [INFO] no found
[2017-10-11 22:00:25] [INFO] no found
[2017-10-11 22:00:25] [INFO] no found
[2017-10-11 22:00:25] [INFO] no found
[2017-10-11 22:00:25] [INFO] no found
[2017-10-11 22:00:25] [INFO] no found
[2017-10-11 22:00:25] [INFO] no found
[2017-10-11 22:00:25] [INFO] no found
[2017-10-11 22:00:25] [INFO] no found
[2017-10-11 22:00:25] [INFO] no found
[2017-10-11 22:00:25] [INFO] no found
[2017-10-11 22:00:25] [INFO] no found
[2017-10-11 22:00:25] [INFO] no found
[2017-10-11 22:00:25] [INFO] no found
[2017-10-11 22:00:25] [INFO] no found
[2017-10-11 22:00:25] [INFO] no found
[2017-10-11 22:00:25] [INFO] no found
[2017-10-11 22:00:25] [INFO] no found
[2017-10-11 22:00:25] [INFO] no found
[2017-10-11 22:00:25] [INFO] no found
[2017-10-11 22:00:25] [INFO] no found
[2017-10-11 22:00:25] [INFO] no found
[2017-10-11 22:00:25] [INFO] no found
[2017-10-11 22:00:25] [INFO] no found
[2017-10-11 22:00:25] [INFO] no found
[2017-10-11 22:00:25] [INFO] no found
[2017-10-11 22:00:25] [INFO] no found
[2017-10-11 22:00:25] [INFO] no found
[2017-10-11 22:00:25] [INFO] no found
[2017-10-11 22:00:25] [INFO] no found
[2017-10-11 22:00:25] [INFO] no found
[2017-10-11 22:00:25] [INFO] no found
[2017-10-11 22:00:25] [INFO] no found
[2017-10-11 22:00:25] [INFO] no found
[2017-10-11 22:00:25] [INFO] no found
[2017-10-11 22:00:25] [INFO] no found
[2017-10-11 22:00:25] [INFO] no found
[2017-10-11 22:00:25] [INFO] no found
[2017-10-11 22:00:25] [INFO] no found
[2017-10-11 22:00:25] [INFO] no found
[2017-10-11 22:00:25] [INFO] no found
[2017-10-11 22:00:25] [INFO] no found
[2017-10-11 22:00:25] [INFO] no found
[2017-10-11 22:00:25] [INFO] no found
[2017-10-11 22:00:25] [INFO] no found
[2017-10-11 22:00:25] [INFO] no found
[2017-10-11 22:00:25] [INFO] no found
[2017-10-11 22:00:25] [INFO] no found
[2017-10-11 22:00:25] [INFO] no found
[2017-10-11 22:00:25] [INFO] no found
[2017-10-11 22:00:25] [INFO] no found
[2017-10-11 22:00:25] [INFO] no found
[2017-10-11 22:00:25] [INFO] no found
[2017-10-11 22:00:25] [INFO] no found
[2017-10-11 22:00:25] [INFO] no found
[2017-10-11 22:00:25] [INFO] no found
[2017-10-11 22:00:25] [INFO] no found
[2017-10-11 22:00:25] [INFO] no found
[2017-10-11 22:00:25] [INFO] no found
[2017-10-11 22:00:25] [INFO] no found
[2017-10-11 22:00:25] [INFO] no found
[2017-10-11 22:00:25] [INFO] no found
[2017-10-11 22:00:25] [INFO] no found
[2017-10-11 22:00:25] [INFO] no found
[2017-10-11 22:00:25] [INFO] no found
[2017-10-11 22:00:25] [INFO] no found
[2017-10-11 22:00:25] [INFO] no found
[2017-10-11 22:00:25] [INFO] no found
[2017-10-11 22:00:25] [INFO] no found
[2017-10-11 22:00:25] [INFO] no found
[2017-10-11 22:00:25] [INFO] no found
[2017-10-11 22:00:25] [INFO] no found
[2017-10-11 22:00:25] [INFO] no found
[2017-10-11 22:00:25] [INFO] no found
[2017-10-11 22:00:25] [INFO] no found
[2017-10-11 22:00:25] [INFO] no found
[2017-10-11 22:00:25] [INFO] no found
[2017-10-11 22:00:25] [INFO] no found
[2017-10-11 22:00:25] [INFO] no found
[2017-10-11 22:00:25] [INFO] no found
[2017-10-11 22:00:25] [INFO] no found
[2017-10-11 22:00:25] [INFO] no found
[2017-10-11 22:00:25] [INFO] no found
[2017-10-11 22:00:25] [INFO] no found
[2017-10-11 22:00:25] [INFO] no found
[2017-10-11 22:00:25] [INFO] no found
[2017-10-11 22:00:25] [INFO] no found
[2017-10-11 22:00:25] [INFO] no found
[2017-10-11 22:00:25] [INFO] no found
[2017-10-11 22:00:25] [INFO] no found
[2017-10-11 22:00:25] [INFO] no found
[2017-10-11 22:00:25] [INFO] no found
[2017-10-11 22:00:25] [INFO] no found
[2017-10-11 22:00:25] [INFO] no found
[2017-10-11 22:00:25] [INFO] no found
[2017-10-11 22:00:25] [INFO] no found
[2017-10-11 22:00:25] [INFO] no found
[2017-10-11 22:00:25] [INFO] no found
[2017-10-11 22:00:25] [INFO] no found
[2017-10-11 22:00:25] [INFO] no found
[2017-10-11 22:00:25] [INFO] no found
[2017-10-11 22:00:25] [INFO] no found
[2017-10-11 22:00:25] [INFO] no found
[2017-10-11 22:00:25] [INFO] no found
[2017-10-11 22:00:25] [INFO] no found
[2017-10-11 22:00:25] [INFO] no found
[2017-10-11 22:00:25] [INFO] no found
[2017-10-11 22:00:25] [INFO] no found
[2017-10-11 22:00:25] [INFO] no found
[2017-10-11 22:00:25] [INFO] no found
[2017-10-11 22:00:25] [INFO] no found
[2017-10-11 22:00:25] [INFO] no found
[2017-10-11 22:00:25] [INFO] no found
[2017-10-11 22:00:25] [INFO] no found
[2017-10-11 22:00:25] [INFO] no found
[2017-10-11 22:00:25] [INFO] no found
[2017-10-11 22:00:25] [INFO] no found
[2017-10-11 22:00:25] [INFO] no found
[2017-10-11 22:00:25] [INFO] no found
[2017-10-11 22:00:25] [INFO] no found
[2017-10-11 22:00:25] [INFO] no found
[2017-10-11 22:00:25] [INFO] no found
[2017-10-11 22:00:25] [INFO] no found
[2017-10-11 22:00:25] [INFO] no found
[2017-10-11 22:00:25] [INFO] no found
[2017-10-11 22:00:25] [INFO] no found
[2017-10-11 22:00:25] [INFO] no found
[2017-10-11 22:00:25] [INFO] no found
[2017-10-11 22:00:25] [INFO] no found
[2017-10-11 22:00:25] [INFO] no found
[2017-10-11 22:00:25] [INFO] no found
[2017-10-11 22:00:25] [INFO] no found
[2017-10-11 22:00:25] [INFO] no found
[2017-10-11 22:00:25] [INFO] no found
[2017-10-11 22:00:25] [INFO] no found
[2017-10-11 22:00:25] [INFO] no found
[2017-10-11 22:00:25] [INFO] no found
[2017-10-11 22:00:25] [INFO] no found
[2017-10-11 22:00:25] [INFO] no found
[2017-10-11 22:00:25] [INFO] no found
[2017-10-11 22:00:25] [INFO] no found
[2017-10-11 22:00:25] [INFO] no found
[2017-10-11 22:00:25] [INFO] no found
[2017-10-11 22:00:25] [INFO] no found
[2017-10-11 22:00:25] [INFO] no found
[2017-10-11 22:00:25] [INFO] no found
[2017-10-11 22:00:25] [INFO] no found
[2017-10-11 22:00:25] [INFO] no found
[2017-10-11 22:00:25] [INFO] no found
[2017-10-11 22:00:25] [INFO] no found
[2017-10-11 22:00:25] [INFO] no found
[2017-10-11 22:00:25] [INFO] no found
[2017-10-11 22:00:25] [INFO] no found
[2017-10-11 22:00:25] [INFO] no found
[2017-10-11 22:00:25] [INFO] no found
[2017-10-11 22:00:25] [INFO] no found
[2017-10-11 22:00:25] [INFO] no found
[2017-10-11 22:00:25] [INFO] no found
[2017-10-11 22:00:25] [INFO] no found
[2017-10-11 22:00:25] [INFO] no found
[2017-10-11 22:00:25] [INFO] no found
[2017-10-11 22:00:25] [INFO] [(30, '关闭wifi 后，查看电脑的无线列表 ', 'Pass', '2017-10-11 22:00:00', '2017-10-11 22:00:25', '0:00:25', '')]
[2017-10-11 22:00:25] [INFO] 测试完成后恢复到wifi打开的状态
[2017-10-11 22:00:34] [INFO] <xlrd.book.Book object at 0x0000000003B4BF60>
[2017-10-11 22:00:34] [INFO] <xlwt.Workbook.Workbook object at 0x0000000003C16F60>
[2017-10-11 22:01:32] [INFO] no found
[2017-10-11 22:01:32] [INFO] no found
[2017-10-11 22:01:32] [INFO] no found
[2017-10-11 22:01:32] [INFO] no found
[2017-10-11 22:01:32] [INFO] no found
[2017-10-11 22:01:32] [INFO] no found
[2017-10-11 22:01:32] [INFO] no found
[2017-10-11 22:01:32] [INFO] no found
[2017-10-11 22:01:32] [INFO] no found
[2017-10-11 22:01:32] [INFO] no found
[2017-10-11 22:01:32] [INFO] no found
[2017-10-11 22:01:32] [INFO] no found
[2017-10-11 22:01:32] [INFO] no found
[2017-10-11 22:01:32] [INFO] no found
[2017-10-11 22:01:32] [INFO] no found
[2017-10-11 22:01:32] [INFO] no found
[2017-10-11 22:01:32] [INFO] no found
[2017-10-11 22:01:32] [INFO] no found
[2017-10-11 22:01:32] [INFO] no found
[2017-10-11 22:01:32] [INFO] no found
[2017-10-11 22:01:32] [INFO] no found
[2017-10-11 22:01:32] [INFO] no found
[2017-10-11 22:01:32] [INFO] no found
[2017-10-11 22:01:32] [INFO] no found
[2017-10-11 22:01:32] [INFO] no found
[2017-10-11 22:01:32] [INFO] no found
[2017-10-11 22:01:32] [INFO] no found
[2017-10-11 22:01:32] [INFO] no found
[2017-10-11 22:01:32] [INFO] no found
[2017-10-11 22:01:32] [INFO] no found
[2017-10-11 22:01:32] [INFO] no found
[2017-10-11 22:01:32] [INFO] no found
[2017-10-11 22:01:32] [INFO] no found
[2017-10-11 22:01:32] [INFO] no found
[2017-10-11 22:01:32] [INFO] no found
[2017-10-11 22:01:32] [INFO] no found
[2017-10-11 22:01:32] [INFO] no found
[2017-10-11 22:01:32] [INFO] no found
[2017-10-11 22:01:32] [INFO] no found
[2017-10-11 22:01:32] [INFO] no found
[2017-10-11 22:01:32] [INFO] no found
[2017-10-11 22:01:32] [INFO] no found
[2017-10-11 22:01:32] [INFO] no found
[2017-10-11 22:01:32] [INFO] no found
[2017-10-11 22:01:32] [INFO] no found
[2017-10-11 22:01:32] [INFO] no found
[2017-10-11 22:01:32] [INFO] no found
[2017-10-11 22:01:32] [INFO] no found
[2017-10-11 22:01:32] [INFO] no found
[2017-10-11 22:01:32] [INFO] no found
[2017-10-11 22:01:32] [INFO] no found
[2017-10-11 22:01:32] [INFO] no found
[2017-10-11 22:01:32] [INFO] no found
[2017-10-11 22:01:32] [INFO] no found
[2017-10-11 22:01:32] [INFO] no found
[2017-10-11 22:01:32] [INFO] no found
[2017-10-11 22:01:32] [INFO] no found
[2017-10-11 22:01:32] [INFO] no found
[2017-10-11 22:01:32] [INFO] no found
[2017-10-11 22:01:32] [INFO] no found
[2017-10-11 22:01:32] [INFO] no found
[2017-10-11 22:01:32] [INFO] no found
[2017-10-11 22:01:32] [INFO] no found
[2017-10-11 22:01:32] [INFO] no found
[2017-10-11 22:01:32] [INFO] no found
[2017-10-11 22:01:32] [INFO] no found
[2017-10-11 22:01:32] [INFO] no found
[2017-10-11 22:01:32] [INFO] no found
[2017-10-11 22:01:32] [INFO] no found
[2017-10-11 22:01:32] [INFO] no found
[2017-10-11 22:01:32] [INFO] no found
[2017-10-11 22:01:32] [INFO] no found
[2017-10-11 22:01:32] [INFO] no found
[2017-10-11 22:01:32] [INFO] no found
[2017-10-11 22:01:32] [INFO] no found
[2017-10-11 22:01:32] [INFO] no found
[2017-10-11 22:01:32] [INFO] no found
[2017-10-11 22:01:32] [INFO] no found
[2017-10-11 22:01:32] [INFO] no found
[2017-10-11 22:01:32] [INFO] no found
[2017-10-11 22:01:32] [INFO] no found
[2017-10-11 22:01:32] [INFO] no found
[2017-10-11 22:01:32] [INFO] no found
[2017-10-11 22:01:32] [INFO] no found
[2017-10-11 22:01:32] [INFO] no found
[2017-10-11 22:01:32] [INFO] no found
[2017-10-11 22:01:32] [INFO] no found
[2017-10-11 22:01:32] [INFO] no found
[2017-10-11 22:01:32] [INFO] no found
[2017-10-11 22:01:32] [INFO] no found
[2017-10-11 22:01:32] [INFO] no found
[2017-10-11 22:01:32] [INFO] no found
[2017-10-11 22:01:32] [INFO] no found
[2017-10-11 22:01:32] [INFO] no found
[2017-10-11 22:01:32] [INFO] no found
[2017-10-11 22:01:32] [INFO] no found
[2017-10-11 22:01:32] [INFO] no found
[2017-10-11 22:01:32] [INFO] no found
[2017-10-11 22:01:32] [INFO] no found
[2017-10-11 22:01:32] [INFO] no found
[2017-10-11 22:01:32] [INFO] no found
[2017-10-11 22:01:32] [INFO] no found
[2017-10-11 22:01:32] [INFO] no found
[2017-10-11 22:01:32] [INFO] no found
[2017-10-11 22:01:32] [INFO] no found
[2017-10-11 22:01:32] [INFO] no found
[2017-10-11 22:01:32] [INFO] no found
[2017-10-11 22:01:32] [INFO] no found
[2017-10-11 22:01:32] [INFO] no found
[2017-10-11 22:01:32] [INFO] no found
[2017-10-11 22:01:32] [INFO] no found
[2017-10-11 22:01:32] [INFO] no found
[2017-10-11 22:01:32] [INFO] no found
[2017-10-11 22:01:32] [INFO] no found
[2017-10-11 22:01:32] [INFO] no found
[2017-10-11 22:01:32] [INFO] no found
[2017-10-11 22:01:32] [INFO] no found
[2017-10-11 22:01:32] [INFO] no found
[2017-10-11 22:01:32] [INFO] no found
[2017-10-11 22:01:32] [INFO] no found
[2017-10-11 22:01:32] [INFO] no found
[2017-10-11 22:01:32] [INFO] no found
[2017-10-11 22:01:32] [INFO] no found
[2017-10-11 22:01:32] [INFO] no found
[2017-10-11 22:01:32] [INFO] no found
[2017-10-11 22:01:32] [INFO] no found
[2017-10-11 22:01:32] [INFO] no found
[2017-10-11 22:01:32] [INFO] no found
[2017-10-11 22:01:32] [INFO] no found
[2017-10-11 22:01:32] [INFO] no found
[2017-10-11 22:01:32] [INFO] no found
[2017-10-11 22:01:32] [INFO] no found
[2017-10-11 22:01:32] [INFO] no found
[2017-10-11 22:01:32] [INFO] no found
[2017-10-11 22:01:32] [INFO] no found
[2017-10-11 22:01:32] [INFO] no found
[2017-10-11 22:01:32] [INFO] no found
[2017-10-11 22:01:32] [INFO] no found
[2017-10-11 22:01:32] [INFO] no found
[2017-10-11 22:01:32] [INFO] [(31, '关闭SSID,查看电脑列表能否搜索到wifi名称 ', 'Pass', '2017-10-11 22:00:39', '2017-10-11 22:01:32', '0:00:53', '')]
[2017-10-11 22:01:32] [INFO] 测试完成后关闭ssid隐藏
[2017-10-11 22:01:56] [INFO] <xlrd.book.Book object at 0x0000000003B4AFD0>
[2017-10-11 22:01:56] [INFO] <xlwt.Workbook.Workbook object at 0x0000000003C190B8>
[2017-10-11 22:02:27] [INFO] [(32, '不输入原密码时的提示信息检查 ', 'Pass', '2017-10-11 22:02:01', '2017-10-11 22:02:27', '0:00:26', '')]
[2017-10-11 22:02:30] [INFO] <xlrd.book.Book object at 0x0000000003B82D30>
[2017-10-11 22:02:30] [INFO] <xlwt.Workbook.Workbook object at 0x0000000003C15D68>
[2017-10-11 22:03:05] [INFO] [(33, '不输入新密码时的提示信息检查 ', 'Pass', '2017-10-11 22:02:36', '2017-10-11 22:03:05', '0:00:29', '')]
[2017-10-11 22:03:08] [INFO] <xlrd.book.Book object at 0x0000000003B84D30>
[2017-10-11 22:03:08] [INFO] <xlwt.Workbook.Workbook object at 0x0000000003C1CE10>
[2017-10-11 22:03:42] [INFO] [(34, '确认密码不输入时提示信息检查 ', 'Pass', '2017-10-11 22:03:14', '2017-10-11 22:03:42', '0:00:28', '')]
[2017-10-11 22:03:45] [INFO] <xlrd.book.Book object at 0x0000000003BBB860>
[2017-10-11 22:03:45] [INFO] <xlwt.Workbook.Workbook object at 0x0000000003C23198>
[2017-10-11 22:04:18] [INFO] [(35, '确认密码与新密码不一致时的提示信息检查 ', 'Pass', '2017-10-11 22:03:50', '2017-10-11 22:04:18', '0:00:28', '')]
[2017-10-11 22:04:22] [INFO] <xlrd.book.Book object at 0x0000000003BBC5F8>
[2017-10-11 22:04:22] [INFO] <xlwt.Workbook.Workbook object at 0x0000000003CC4208>
[2017-10-11 22:04:56] [INFO] [(36, '原密码错误时提示信息检查 ', 'Pass', '2017-10-11 22:04:27', '2017-10-11 22:04:56', '0:00:29', '')]
[2017-10-11 22:04:59] [INFO] <xlrd.book.Book object at 0x0000000003BBB898>
[2017-10-11 22:04:59] [INFO] <xlwt.Workbook.Workbook object at 0x0000000003C24208>
[2017-10-11 22:05:32] [INFO] [(37, '新密码格式错误时提示信息检查 ', 'Pass', '2017-10-11 22:05:04', '2017-10-11 22:05:32', '0:00:28', '')]
[2017-10-11 22:05:35] [INFO] <xlrd.book.Book object at 0x0000000003B82D68>
[2017-10-11 22:05:35] [INFO] <xlwt.Workbook.Workbook object at 0x0000000003D6AF98>
[2017-10-11 22:06:39] [INFO] [(38, '修改登录密码查看是否可以登录成功', 'Pass', '2017-10-11 22:05:41', '2017-10-11 22:06:39', '0:00:58', '')]
[2017-10-11 22:06:39] [INFO] 测试完成恢复登录密码
[2017-10-11 22:06:54] [INFO] <xlrd.book.Book object at 0x0000000003B83D30>
[2017-10-11 22:06:54] [INFO] <xlwt.Workbook.Workbook object at 0x0000000003C25D68>
[2017-10-11 22:07:33] [INFO] [(39, '检查时区能否正确改变 ', 'Pass', '2017-10-11 22:06:59', '2017-10-11 22:07:33', '0:00:34', '')]
[2017-10-11 22:07:33] [INFO] 测试完成恢复时区
[2017-10-11 22:07:39] [INFO] <xlrd.book.Book object at 0x0000000003B82CC0>
[2017-10-11 22:07:39] [INFO] <xlwt.Workbook.Workbook object at 0x0000000003C1BD68>
[2017-10-11 22:08:17] [INFO] ./upgrade/upload.exe E:\wifitest\upgrade\eeee.png
[2017-10-11 22:08:17] [INFO] 开始用autoit3脚本控制选择本地文件
[2017-10-11 22:08:30] [INFO] [(40, '上传错误的升级文件时，错误提示 ', 'Pass', '2017-10-11 22:07:45', '2017-10-11 22:08:30', '0:00:45', '')]
[2017-10-11 22:08:33] [INFO] <xlrd.book.Book object at 0x0000000003B82CF8>
[2017-10-11 22:08:33] [INFO] <xlwt.Workbook.Workbook object at 0x0000000003C1F048>
[2017-10-11 22:10:33] [INFO] [(41, '重启功能检查 ', 'Pass', '2017-10-11 22:08:39', '2017-10-11 22:10:33', '0:01:54', '')]
[2017-10-11 22:10:36] [INFO] <xlrd.book.Book object at 0x0000000003B82D68>
[2017-10-11 22:10:36] [INFO] <xlwt.Workbook.Workbook object at 0x0000000003D6A080>
[2017-10-11 22:11:11] [INFO] [(42, '取消重启检查 ', 'Pass', '2017-10-11 22:10:43', '2017-10-11 22:11:11', '0:00:28', '')]
[2017-10-11 22:11:15] [INFO] <xlrd.book.Book object at 0x0000000003B83D30>
[2017-10-11 22:11:15] [INFO] <xlwt.Workbook.Workbook object at 0x0000000003C9B0B8>
[2017-10-11 22:11:37] [INFO] [(43, '退出系统 ', 'Pass', '2017-10-11 22:11:21', '2017-10-11 22:11:37', '0:00:16', '')]
[2017-10-11 22:11:40] [INFO] <xlrd.book.Book object at 0x0000000003B835C0>
[2017-10-11 22:11:40] [INFO] <xlwt.Workbook.Workbook object at 0x0000000003CB0208>
[2017-10-11 22:11:40] [INFO] 发送邮件
