[2017-10-10 19:19:41] [INFO] test_goto_login: test START 
[2017-10-10 19:19:45] [INFO] [(1, '登录页面跳转测试 ', 'Pass', '2017-10-10 19:19:41', '2017-10-10 19:19:45', '0:00:04', '')]
[2017-10-10 19:19:48] [INFO] <xlrd.book.Book object at 0x0000000003B826A0>
[2017-10-10 19:19:48] [INFO] <xlwt.Workbook.Workbook object at 0x0000000003C8C1D0>
[2017-10-10 19:20:08] [INFO] [(2, '正确密码是否可成功登录测试 ', 'Pass', '2017-10-10 19:19:54', '2017-10-10 19:20:08', '0:00:14', '')]
[2017-10-10 19:20:11] [INFO] <xlrd.book.Book object at 0x0000000003B83668>
[2017-10-10 19:20:11] [INFO] <xlwt.Workbook.Workbook object at 0x0000000003D4A0B8>
[2017-10-10 19:20:33] [INFO] [(3, '是否能顺利跳转到wan 界面 ', 'Pass', '2017-10-10 19:20:16', '2017-10-10 19:20:33', '0:00:17', '')]
[2017-10-10 19:20:36] [INFO] <xlrd.book.Book object at 0x0000000003B69278>
[2017-10-10 19:20:36] [INFO] <xlwt.Workbook.Workbook object at 0x0000000003C9D6A0>
[2017-10-10 19:21:11] [INFO] 请输入IP地址。
[2017-10-10 19:21:11] [INFO] [(4, '没有IP地址输入时的错误信息提示 ', 'Pass', '2017-10-10 19:20:42', '2017-10-10 19:21:11', '0:00:29', '')]
[2017-10-10 19:21:14] [INFO] <xlrd.book.Book object at 0x0000000003B68240>
[2017-10-10 19:21:14] [INFO] <xlwt.Workbook.Workbook object at 0x0000000003C10908>
[2017-10-10 19:21:27] [INFO] [(5, '不填写密码时的提示信息是否正确 ', 'Pass', '2017-10-10 19:21:20', '2017-10-10 19:21:27', '0:00:07', '')]
[2017-10-10 19:21:30] [INFO] <xlrd.book.Book object at 0x0000000003B83668>
[2017-10-10 19:21:30] [INFO] <xlwt.Workbook.Workbook object at 0x0000000003BF4198>
[2017-10-10 19:21:44] [INFO] [(6, '登录密码错误时提示信息是否正确 ', 'Pass', '2017-10-10 19:21:36', '2017-10-10 19:21:44', '0:00:08', '')]
[2017-10-10 19:21:47] [INFO] <xlrd.book.Book object at 0x0000000003B83668>
[2017-10-10 19:21:47] [INFO] <xlwt.Workbook.Workbook object at 0x0000000003C0A518>
[2017-10-10 19:22:22] [INFO] 请输入子网掩码。
[2017-10-10 19:22:22] [INFO] [(7, '不输入子网掩码时的错误信息提示 ', 'Pass', '2017-10-10 19:21:52', '2017-10-10 19:22:22', '0:00:30', '')]
[2017-10-10 19:22:25] [INFO] <xlrd.book.Book object at 0x0000000003B681D0>
[2017-10-10 19:22:25] [INFO] <xlwt.Workbook.Workbook object at 0x0000000003CC3A58>
[2017-10-10 19:23:01] [INFO] 请输入默认网关地址。
[2017-10-10 19:23:01] [INFO] [(8, '不输入默认网关时的错误信息提示 ', 'Pass', '2017-10-10 19:22:31', '2017-10-10 19:23:01', '0:00:30', '')]
[2017-10-10 19:23:04] [INFO] <xlrd.book.Book object at 0x0000000003B68240>
[2017-10-10 19:23:04] [INFO] <xlwt.Workbook.Workbook object at 0x0000000003C17B38>
[2017-10-10 19:23:37] [INFO] IP地址含非法字符，请重新输入。
[2017-10-10 19:23:40] [INFO] IP地址含非法字符，请重新输入。
[2017-10-10 19:23:44] [INFO] IP地址含非法字符，请重新输入。
[2017-10-10 19:23:47] [INFO] IP地址含非法字符，请重新输入。
[2017-10-10 19:23:50] [INFO] IP地址格式错误，请重新输入。
[2017-10-10 19:23:54] [INFO] IP地址含非法字符，请重新输入。
[2017-10-10 19:23:54] [INFO] [(9, '非法格式的IP地址输入时提示信息检查 ', 'Pass', '2017-10-10 19:23:09', '2017-10-10 19:23:54', '0:00:45', '')]
[2017-10-10 19:23:57] [INFO] <xlrd.book.Book object at 0x0000000003B68208>
[2017-10-10 19:23:57] [INFO] <xlwt.Workbook.Workbook object at 0x0000000003C15B00>
[2017-10-10 19:24:32] [INFO] 子网掩码不正确，请重新输入。
[2017-10-10 19:24:37] [INFO] 子网掩码不正确，请重新输入。
[2017-10-10 19:24:43] [INFO] 子网掩码不正确，请重新输入。
[2017-10-10 19:24:48] [INFO] 子网掩码不正确，请重新输入。
[2017-10-10 19:24:53] [INFO] 子网掩码不正确，请重新输入。
[2017-10-10 19:24:59] [INFO] 子网掩码不正确，请重新输入。
[2017-10-10 19:24:59] [INFO] [(10, '非法格式的子网掩码输入时，提示信息检查 ', 'Pass', '2017-10-10 19:24:02', '2017-10-10 19:24:59', '0:00:57', '')]
[2017-10-10 19:25:02] [INFO] <xlrd.book.Book object at 0x0000000003B68208>
[2017-10-10 19:25:02] [INFO] <xlwt.Workbook.Workbook object at 0x0000000003C1C7B8>
[2017-10-10 19:25:38] [INFO] 默认网关错误，请重新输入。
[2017-10-10 19:25:43] [INFO] 默认网关错误，请重新输入。
[2017-10-10 19:25:49] [INFO] 默认网关错误，请重新输入。
[2017-10-10 19:25:54] [INFO] 默认网关错误，请重新输入。
[2017-10-10 19:26:00] [INFO] 默认网关错误，请重新输入。
[2017-10-10 19:26:05] [INFO] 默认网关错误，请重新输入。
[2017-10-10 19:26:05] [INFO] [(11, '非法格式的默认网关输入时，提示信息检查 ', 'Pass', '2017-10-10 19:25:07', '2017-10-10 19:26:05', '0:00:58', '')]
[2017-10-10 19:26:08] [INFO] <xlrd.book.Book object at 0x0000000003B68208>
[2017-10-10 19:26:08] [INFO] <xlwt.Workbook.Workbook object at 0x0000000003D2F828>
[2017-10-10 19:26:56] [INFO] [(12, '是否可以成功设置静态IP ', 'Pass', '2017-10-10 19:26:14', '2017-10-10 19:26:56', '0:00:42', '')]
[2017-10-10 19:26:56] [INFO] 测试完成后将上网方式恢复为自动获取
[2017-10-10 19:27:20] [INFO] <xlrd.book.Book object at 0x0000000003B69198>
[2017-10-10 19:27:20] [INFO] <xlwt.Workbook.Workbook object at 0x0000000003C99C88>
[2017-10-10 19:27:47] [INFO] [(13, '是否能顺利跳转到lan页面 ', 'Pass', '2017-10-10 19:27:25', '2017-10-10 19:27:47', '0:00:22', '')]
[2017-10-10 19:27:50] [INFO] <xlrd.book.Book object at 0x0000000003B6A4A8>
[2017-10-10 19:27:50] [INFO] <xlwt.Workbook.Workbook object at 0x0000000003CBBD30>
[2017-10-10 19:28:11] [INFO] 默认的局域网地址:
[2017-10-10 19:28:11] [INFO] 默认的dhcp状态是：checkbox_off
[2017-10-10 19:28:11] [INFO] 默认的初始IP地址池：
[2017-10-10 19:28:11] [INFO] 默认的结束IP地址池： 
[2017-10-10 19:28:11] [INFO] [(14, 'lan页面默认项检查 ', 'Pass', '2017-10-10 19:27:55', '2017-10-10 19:28:11', '0:00:16', '')]
[2017-10-10 19:28:14] [INFO] <xlrd.book.Book object at 0x0000000003B69470>
[2017-10-10 19:28:14] [INFO] <xlwt.Workbook.Workbook object at 0x0000000003CADE48>
[2017-10-10 19:28:34] [ERROR] Traceback (most recent call last):
  File "E:\wifitest\webpage\BasePage.py", line 48, in findElement
    elem = self.driver.find_element_by_id(value)
  File "C:\python\lib\site-packages\selenium\webdriver\remote\webdriver.py", line 269, in find_element_by_id
    return self.find_element(by=By.ID, value=id_)
  File "C:\python\lib\site-packages\selenium\webdriver\remote\webdriver.py", line 752, in find_element
    'value': value})['value']
  File "C:\python\lib\site-packages\selenium\webdriver\remote\webdriver.py", line 236, in execute
    self.error_handler.check_response(response)
  File "C:\python\lib\site-packages\selenium\webdriver\remote\errorhandler.py", line 192, in check_response
    raise exception_class(message, screen, stacktrace)
selenium.common.exceptions.NoSuchElementException: Message: no such element: Unable to locate element: {"method":"id","selector":"lang_dhcpsever"}
  (Session info: chrome=61.0.3163.100)
  (Driver info: chromedriver=2.31.488763 (092de99f48a300323ecf8c2a4e2e7cab51de5ba8),platform=Windows NT 6.1.7601 SP1 x86_64)


During handling of the above exception, another exception occurred:

Traceback (most recent call last):
  File "E:\wifitest\testcase\test_no_lanip_enter.py", line 37, in test_no_lanip_enter
    self.lanpage.goto_lan()
  File "E:\wifitest\webpage\LanPage.py", line 42, in goto_lan
    lanset=self.findElement(self.lanset)
  File "E:\wifitest\webpage\BasePage.py", line 67, in findElement
    raise ValueError("No such element found" + str(element))
ValueError: No such element found('id', 'lang_dhcpsever')

[2017-10-10 19:28:34] [INFO] [(15, 'lan页面不输入局域网地址时的提示语检查 ', 'error', '2017-10-10 19:28:19', '', '', "No such element found('id', 'lang_dhcpsever')")]
[2017-10-10 19:28:38] [INFO] <xlrd.book.Book object at 0x0000000003B6A4A8>
[2017-10-10 19:28:38] [INFO] <xlwt.Workbook.Workbook object at 0x00000000044B0860>
[2017-10-10 19:29:05] [INFO] IP地址含非法字符，请重新输入。
[2017-10-10 19:29:08] [INFO] IP地址含非法字符，请重新输入。
[2017-10-10 19:29:10] [INFO] IP地址含非法字符，请重新输入。
[2017-10-10 19:29:12] [INFO] IP地址含非法字符，请重新输入。
[2017-10-10 19:29:15] [INFO] IP地址格式错误，请重新输入。
[2017-10-10 19:29:17] [INFO] IP地址含非法字符，请重新输入。
[2017-10-10 19:29:17] [INFO] [(16, 'lan页面输入格式错误的局域网地址时的提示语检查 ', 'Pass', '2017-10-10 19:28:43', '2017-10-10 19:29:17', '0:00:34', '')]
[2017-10-10 19:29:20] [INFO] <xlrd.book.Book object at 0x0000000003B694A8>
[2017-10-10 19:29:20] [INFO] <xlwt.Workbook.Workbook object at 0x0000000003C16F98>
[2017-10-10 19:30:54] [INFO] [(17, 'lan页面修改局域网地址是否可以成功 ', 'Pass', '2017-10-10 19:29:25', '2017-10-10 19:30:54', '0:01:29', '')]
[2017-10-10 19:30:54] [INFO] 测试完成后修改到原来的IP
[2017-10-10 19:32:10] [INFO] <xlrd.book.Book object at 0x0000000003B694A8>
[2017-10-10 19:32:10] [INFO] <xlwt.Workbook.Workbook object at 0x0000000003D8ED68>
[2017-10-10 19:32:47] [INFO] 地址池开始值错误，请重新输入。
[2017-10-10 19:32:47] [INFO] [(18, '开始IP地址非法时提示信息检查 ', 'Pass', '2017-10-10 19:32:16', '2017-10-10 19:32:47', '0:00:31', '')]
[2017-10-10 19:32:50] [INFO] <xlrd.book.Book object at 0x0000000003B5A4E0>
[2017-10-10 19:32:50] [INFO] <xlwt.Workbook.Workbook object at 0x0000000003C151D0>
[2017-10-10 19:33:24] [INFO] 地址池结束值错误，请重新输入。
[2017-10-10 19:33:24] [INFO] [(19, '结束IP地址非法时提示信息检查 ', 'Pass', '2017-10-10 19:32:55', '2017-10-10 19:33:24', '0:00:29', '')]
[2017-10-10 19:33:27] [INFO] <xlrd.book.Book object at 0x0000000003B69470>
[2017-10-10 19:33:27] [INFO] <xlwt.Workbook.Workbook object at 0x0000000003C961D0>
[2017-10-10 19:34:03] [INFO] 地址池结束值不能小于开始值，请重新输入。
[2017-10-10 19:34:03] [INFO] [(20, '开始IP地址大于结束IP地址时，提示语检查 ', 'Pass', '2017-10-10 19:33:33', '2017-10-10 19:34:03', '0:00:30', '')]
[2017-10-10 19:34:06] [INFO] <xlrd.book.Book object at 0x0000000003B69470>
[2017-10-10 19:34:06] [INFO] <xlwt.Workbook.Workbook object at 0x0000000003D36208>
[2017-10-10 19:34:49] [INFO] [(21, '开始ip地址和结束IP地址都合法时，是否可以成功保存 ', 'Pass', '2017-10-10 19:34:12', '2017-10-10 19:34:49', '0:00:37', '')]
[2017-10-10 19:34:52] [INFO] <xlrd.book.Book object at 0x0000000003B5A4E0>
[2017-10-10 19:34:52] [INFO] <xlwt.Workbook.Workbook object at 0x0000000003C172B0>
[2017-10-10 19:35:25] [INFO] [(22, 'DHCP 能否被正确关闭 ', 'Pass', '2017-10-10 19:34:59', '2017-10-10 19:35:25', '0:00:26', '')]
[2017-10-10 19:35:28] [INFO] <xlrd.book.Book object at 0x0000000003B694A8>
[2017-10-10 19:35:28] [INFO] <xlwt.Workbook.Workbook object at 0x0000000003C13198>
[2017-10-10 19:35:53] [INFO] [(23, '是否能顺利跳转到无线wifi设置界面 ', 'Pass', '2017-10-10 19:35:35', '2017-10-10 19:35:53', '0:00:18', '')]
[2017-10-10 19:35:56] [INFO] <xlrd.book.Book object at 0x0000000003B6E0F0>
[2017-10-10 19:35:57] [INFO] <xlwt.Workbook.Workbook object at 0x0000000003C0CCC0>
[2017-10-10 19:36:21] [INFO] wifiname:frt_test
[2017-10-10 19:36:21] [INFO] wifiname:iot123321
[2017-10-10 19:36:21] [INFO] [(24, 'wifi页面默认项检查 ', 'Pass', '2017-10-10 19:36:03', '2017-10-10 19:36:21', '0:00:18', '')]
[2017-10-10 19:36:24] [INFO] <xlrd.book.Book object at 0x0000000003B6D0B8>
[2017-10-10 19:36:24] [INFO] <xlwt.Workbook.Workbook object at 0x0000000003C0CDA0>
[2017-10-10 19:40:38] [INFO] [(25, 'wifi名称各种组合是否支持 ', 'Pass', '2017-10-10 19:36:31', '2017-10-10 19:40:38', '0:04:07', '')]
[2017-10-10 19:40:41] [INFO] <xlrd.book.Book object at 0x0000000003B6F048>
[2017-10-10 19:40:41] [INFO] <xlwt.Workbook.Workbook object at 0x0000000003C53DD8>
[2017-10-10 19:41:05] [INFO] 请输入2.4G无线名称。
[2017-10-10 19:41:05] [INFO] [(26, '不输入wifi名称时的提示语检查 ', 'Pass', '2017-10-10 19:40:47', '2017-10-10 19:41:05', '0:00:18', '')]
[2017-10-10 19:41:08] [INFO] <xlrd.book.Book object at 0x0000000003B6E048>
[2017-10-10 19:41:08] [INFO] <xlwt.Workbook.Workbook object at 0x0000000003D30EB8>
[2017-10-10 19:41:57] [INFO] [(27, '不输入wifi密码时是否可以保存成功 ', 'Pass', '2017-10-10 19:41:14', '2017-10-10 19:41:57', '0:00:43', '')]
[2017-10-10 19:41:57] [INFO] 测试完成后恢复wifi密码
[2017-10-10 19:42:23] [INFO] <xlrd.book.Book object at 0x0000000003B4EFD0>
[2017-10-10 19:42:23] [INFO] <xlwt.Workbook.Workbook object at 0x0000000003D43048>
[2017-10-10 19:43:02] [INFO] [(28, '输入错误格式的wifi 密码，提示语检查 ', 'Pass', '2017-10-10 19:42:29', '2017-10-10 19:43:02', '0:00:33', '')]
[2017-10-10 19:43:02] [INFO] 测试完成恢复wifi密码
[2017-10-10 19:43:28] [INFO] <xlrd.book.Book object at 0x0000000003B6E080>
[2017-10-10 19:43:28] [INFO] <xlwt.Workbook.Workbook object at 0x0000000003C1F0B8>
[2017-10-10 19:46:07] [INFO] [(29, '是否支持各种格式的wifi密码 ', 'Pass', '2017-10-10 19:43:34', '2017-10-10 19:46:07', '0:02:33', '')]
[2017-10-10 19:46:07] [INFO] 测试完成恢复wifi密码
[2017-10-10 19:46:44] [INFO] no found
[2017-10-10 19:46:44] [INFO] no found
[2017-10-10 19:46:44] [INFO] no found
[2017-10-10 19:46:44] [INFO] no found
[2017-10-10 19:46:44] [INFO] no found
[2017-10-10 19:46:44] [INFO] no found
[2017-10-10 19:46:44] [INFO] no found
[2017-10-10 19:46:44] [INFO] no found
[2017-10-10 19:46:44] [INFO] no found
[2017-10-10 19:46:44] [INFO] no found
[2017-10-10 19:46:44] [INFO] no found
[2017-10-10 19:46:44] [INFO] no found
[2017-10-10 19:46:44] [INFO] no found
[2017-10-10 19:46:44] [INFO] no found
[2017-10-10 19:46:44] [INFO] no found
[2017-10-10 19:46:44] [INFO] no found
[2017-10-10 19:46:44] [INFO] no found
[2017-10-10 19:46:44] [INFO] no found
[2017-10-10 19:46:44] [INFO] no found
[2017-10-10 19:46:44] [INFO] no found
[2017-10-10 19:46:44] [INFO] no found
[2017-10-10 19:46:44] [INFO] no found
[2017-10-10 19:46:44] [INFO] no found
[2017-10-10 19:46:44] [INFO] no found
[2017-10-10 19:46:44] [INFO] no found
[2017-10-10 19:46:44] [INFO] no found
[2017-10-10 19:46:44] [INFO] no found
[2017-10-10 19:46:44] [INFO] no found
[2017-10-10 19:46:44] [INFO] no found
[2017-10-10 19:46:44] [INFO] no found
[2017-10-10 19:46:44] [INFO] no found
[2017-10-10 19:46:44] [INFO] no found
[2017-10-10 19:46:44] [INFO] no found
[2017-10-10 19:46:44] [INFO] no found
[2017-10-10 19:46:44] [INFO] no found
[2017-10-10 19:46:44] [INFO] no found
[2017-10-10 19:46:44] [INFO] no found
[2017-10-10 19:46:44] [INFO] no found
[2017-10-10 19:46:44] [INFO] no found
[2017-10-10 19:46:44] [INFO] no found
[2017-10-10 19:46:44] [INFO] no found
[2017-10-10 19:46:44] [INFO] no found
[2017-10-10 19:46:44] [INFO] no found
[2017-10-10 19:46:44] [INFO] no found
[2017-10-10 19:46:44] [INFO] no found
[2017-10-10 19:46:44] [INFO] no found
[2017-10-10 19:46:44] [INFO] no found
[2017-10-10 19:46:44] [INFO] no found
[2017-10-10 19:46:44] [INFO] no found
[2017-10-10 19:46:44] [INFO] no found
[2017-10-10 19:46:44] [INFO] no found
[2017-10-10 19:46:44] [INFO] no found
[2017-10-10 19:46:44] [INFO] no found
[2017-10-10 19:46:44] [INFO] no found
[2017-10-10 19:46:44] [INFO] no found
[2017-10-10 19:46:44] [INFO] no found
[2017-10-10 19:46:44] [INFO] no found
[2017-10-10 19:46:44] [INFO] no found
[2017-10-10 19:46:44] [INFO] no found
[2017-10-10 19:46:44] [INFO] no found
[2017-10-10 19:46:44] [INFO] no found
[2017-10-10 19:46:44] [INFO] no found
[2017-10-10 19:46:44] [INFO] no found
[2017-10-10 19:46:44] [INFO] no found
[2017-10-10 19:46:44] [INFO] no found
[2017-10-10 19:46:44] [INFO] no found
[2017-10-10 19:46:44] [INFO] no found
[2017-10-10 19:46:44] [INFO] no found
[2017-10-10 19:46:44] [INFO] no found
[2017-10-10 19:46:44] [INFO] no found
[2017-10-10 19:46:44] [INFO] no found
[2017-10-10 19:46:44] [INFO] no found
[2017-10-10 19:46:44] [INFO] no found
[2017-10-10 19:46:44] [INFO] no found
[2017-10-10 19:46:44] [INFO] no found
[2017-10-10 19:46:44] [INFO] no found
[2017-10-10 19:46:44] [INFO] no found
[2017-10-10 19:46:44] [INFO] no found
[2017-10-10 19:46:44] [INFO] no found
[2017-10-10 19:46:44] [INFO] no found
[2017-10-10 19:46:44] [INFO] no found
[2017-10-10 19:46:44] [INFO] no found
[2017-10-10 19:46:44] [INFO] no found
[2017-10-10 19:46:44] [INFO] no found
[2017-10-10 19:46:44] [INFO] no found
[2017-10-10 19:46:44] [INFO] no found
[2017-10-10 19:46:44] [INFO] no found
[2017-10-10 19:46:44] [INFO] no found
[2017-10-10 19:46:44] [INFO] no found
[2017-10-10 19:46:44] [INFO] no found
[2017-10-10 19:46:44] [INFO] no found
[2017-10-10 19:46:44] [INFO] no found
[2017-10-10 19:46:44] [INFO] no found
[2017-10-10 19:46:44] [INFO] no found
[2017-10-10 19:46:44] [INFO] no found
[2017-10-10 19:46:44] [INFO] no found
[2017-10-10 19:46:44] [INFO] no found
[2017-10-10 19:46:44] [INFO] no found
[2017-10-10 19:46:44] [INFO] no found
[2017-10-10 19:46:44] [INFO] no found
[2017-10-10 19:46:44] [INFO] no found
[2017-10-10 19:46:44] [INFO] no found
[2017-10-10 19:46:44] [INFO] no found
[2017-10-10 19:46:44] [INFO] no found
[2017-10-10 19:46:44] [INFO] no found
[2017-10-10 19:46:44] [INFO] no found
[2017-10-10 19:46:44] [INFO] no found
[2017-10-10 19:46:44] [INFO] no found
[2017-10-10 19:46:44] [INFO] no found
[2017-10-10 19:46:44] [INFO] no found
[2017-10-10 19:46:44] [INFO] no found
[2017-10-10 19:46:44] [INFO] no found
[2017-10-10 19:46:44] [INFO] no found
[2017-10-10 19:46:44] [INFO] no found
[2017-10-10 19:46:44] [INFO] no found
[2017-10-10 19:46:44] [INFO] no found
[2017-10-10 19:46:44] [INFO] no found
[2017-10-10 19:46:44] [INFO] no found
[2017-10-10 19:46:44] [INFO] no found
[2017-10-10 19:46:44] [INFO] no found
[2017-10-10 19:46:44] [INFO] no found
[2017-10-10 19:46:44] [INFO] no found
[2017-10-10 19:46:44] [INFO] no found
[2017-10-10 19:46:44] [INFO] no found
[2017-10-10 19:46:44] [INFO] no found
[2017-10-10 19:46:44] [INFO] no found
[2017-10-10 19:46:44] [INFO] no found
[2017-10-10 19:46:44] [INFO] no found
[2017-10-10 19:46:44] [INFO] no found
[2017-10-10 19:46:44] [INFO] no found
[2017-10-10 19:46:44] [INFO] no found
[2017-10-10 19:46:44] [INFO] no found
[2017-10-10 19:46:44] [INFO] no found
[2017-10-10 19:46:44] [INFO] no found
[2017-10-10 19:46:44] [INFO] no found
[2017-10-10 19:46:44] [INFO] no found
[2017-10-10 19:46:44] [INFO] no found
[2017-10-10 19:46:44] [INFO] no found
[2017-10-10 19:46:44] [INFO] no found
[2017-10-10 19:46:44] [INFO] no found
[2017-10-10 19:46:44] [INFO] no found
[2017-10-10 19:46:44] [INFO] no found
[2017-10-10 19:46:44] [INFO] no found
[2017-10-10 19:46:44] [INFO] no found
[2017-10-10 19:46:44] [INFO] no found
[2017-10-10 19:46:44] [INFO] no found
[2017-10-10 19:46:44] [INFO] no found
[2017-10-10 19:46:44] [INFO] no found
[2017-10-10 19:46:44] [INFO] no found
[2017-10-10 19:46:44] [INFO] [(30, '关闭wifi 后，查看电脑的无线列表 ', 'Pass', '2017-10-10 19:46:19', '2017-10-10 19:46:44', '0:00:25', '')]
[2017-10-10 19:46:44] [INFO] 测试完成后恢复到wifi打开的状态
[2017-10-10 19:46:53] [INFO] <xlrd.book.Book object at 0x0000000003B6D0F0>
[2017-10-10 19:46:53] [INFO] <xlwt.Workbook.Workbook object at 0x0000000003C18080>
[2017-10-10 19:47:51] [INFO] no found
[2017-10-10 19:47:51] [INFO] no found
[2017-10-10 19:47:51] [INFO] no found
[2017-10-10 19:47:51] [INFO] no found
[2017-10-10 19:47:51] [INFO] no found
[2017-10-10 19:47:51] [INFO] no found
[2017-10-10 19:47:51] [INFO] no found
[2017-10-10 19:47:51] [INFO] no found
[2017-10-10 19:47:51] [INFO] no found
[2017-10-10 19:47:51] [INFO] no found
[2017-10-10 19:47:51] [INFO] no found
[2017-10-10 19:47:51] [INFO] no found
[2017-10-10 19:47:51] [INFO] no found
[2017-10-10 19:47:51] [INFO] no found
[2017-10-10 19:47:51] [INFO] no found
[2017-10-10 19:47:51] [INFO] no found
[2017-10-10 19:47:51] [INFO] no found
[2017-10-10 19:47:51] [INFO] no found
[2017-10-10 19:47:51] [INFO] no found
[2017-10-10 19:47:51] [INFO] no found
[2017-10-10 19:47:51] [INFO] no found
[2017-10-10 19:47:51] [INFO] no found
[2017-10-10 19:47:51] [INFO] no found
[2017-10-10 19:47:51] [INFO] no found
[2017-10-10 19:47:51] [INFO] no found
[2017-10-10 19:47:51] [INFO] no found
[2017-10-10 19:47:51] [INFO] no found
[2017-10-10 19:47:51] [INFO] no found
[2017-10-10 19:47:51] [INFO] no found
[2017-10-10 19:47:51] [INFO] no found
[2017-10-10 19:47:51] [INFO] no found
[2017-10-10 19:47:51] [INFO] no found
[2017-10-10 19:47:51] [INFO] no found
[2017-10-10 19:47:51] [INFO] no found
[2017-10-10 19:47:51] [INFO] no found
[2017-10-10 19:47:51] [INFO] no found
[2017-10-10 19:47:51] [INFO] no found
[2017-10-10 19:47:51] [INFO] no found
[2017-10-10 19:47:51] [INFO] no found
[2017-10-10 19:47:51] [INFO] no found
[2017-10-10 19:47:51] [INFO] no found
[2017-10-10 19:47:51] [INFO] no found
[2017-10-10 19:47:51] [INFO] no found
[2017-10-10 19:47:51] [INFO] no found
[2017-10-10 19:47:51] [INFO] no found
[2017-10-10 19:47:51] [INFO] no found
[2017-10-10 19:47:51] [INFO] no found
[2017-10-10 19:47:51] [INFO] no found
[2017-10-10 19:47:51] [INFO] no found
[2017-10-10 19:47:51] [INFO] no found
[2017-10-10 19:47:51] [INFO] no found
[2017-10-10 19:47:51] [INFO] no found
[2017-10-10 19:47:51] [INFO] no found
[2017-10-10 19:47:51] [INFO] no found
[2017-10-10 19:47:51] [INFO] no found
[2017-10-10 19:47:51] [INFO] no found
[2017-10-10 19:47:51] [INFO] no found
[2017-10-10 19:47:51] [INFO] no found
[2017-10-10 19:47:51] [INFO] no found
[2017-10-10 19:47:51] [INFO] no found
[2017-10-10 19:47:51] [INFO] no found
[2017-10-10 19:47:51] [INFO] no found
[2017-10-10 19:47:51] [INFO] no found
[2017-10-10 19:47:51] [INFO] no found
[2017-10-10 19:47:51] [INFO] no found
[2017-10-10 19:47:51] [INFO] no found
[2017-10-10 19:47:51] [INFO] no found
[2017-10-10 19:47:51] [INFO] no found
[2017-10-10 19:47:51] [INFO] no found
[2017-10-10 19:47:51] [INFO] no found
[2017-10-10 19:47:51] [INFO] no found
[2017-10-10 19:47:51] [INFO] no found
[2017-10-10 19:47:51] [INFO] no found
[2017-10-10 19:47:51] [INFO] no found
[2017-10-10 19:47:51] [INFO] no found
[2017-10-10 19:47:51] [INFO] no found
[2017-10-10 19:47:51] [INFO] no found
[2017-10-10 19:47:51] [INFO] no found
[2017-10-10 19:47:51] [INFO] no found
[2017-10-10 19:47:51] [INFO] no found
[2017-10-10 19:47:51] [INFO] no found
[2017-10-10 19:47:51] [INFO] no found
[2017-10-10 19:47:51] [INFO] no found
[2017-10-10 19:47:51] [INFO] no found
[2017-10-10 19:47:51] [INFO] no found
[2017-10-10 19:47:51] [INFO] no found
[2017-10-10 19:47:51] [INFO] no found
[2017-10-10 19:47:51] [INFO] no found
[2017-10-10 19:47:51] [INFO] no found
[2017-10-10 19:47:51] [INFO] no found
[2017-10-10 19:47:51] [INFO] no found
[2017-10-10 19:47:51] [INFO] no found
[2017-10-10 19:47:51] [INFO] no found
[2017-10-10 19:47:51] [INFO] no found
[2017-10-10 19:47:51] [INFO] no found
[2017-10-10 19:47:51] [INFO] no found
[2017-10-10 19:47:51] [INFO] no found
[2017-10-10 19:47:51] [INFO] no found
[2017-10-10 19:47:51] [INFO] no found
[2017-10-10 19:47:51] [INFO] no found
[2017-10-10 19:47:51] [INFO] no found
[2017-10-10 19:47:51] [INFO] no found
[2017-10-10 19:47:51] [INFO] no found
[2017-10-10 19:47:51] [INFO] no found
[2017-10-10 19:47:51] [INFO] no found
[2017-10-10 19:47:51] [INFO] no found
[2017-10-10 19:47:51] [INFO] no found
[2017-10-10 19:47:51] [INFO] no found
[2017-10-10 19:47:51] [INFO] no found
[2017-10-10 19:47:51] [INFO] no found
[2017-10-10 19:47:51] [INFO] no found
[2017-10-10 19:47:51] [INFO] no found
[2017-10-10 19:47:51] [INFO] no found
[2017-10-10 19:47:51] [INFO] no found
[2017-10-10 19:47:51] [INFO] no found
[2017-10-10 19:47:51] [INFO] no found
[2017-10-10 19:47:51] [INFO] no found
[2017-10-10 19:47:51] [INFO] no found
[2017-10-10 19:47:51] [INFO] no found
[2017-10-10 19:47:51] [INFO] no found
[2017-10-10 19:47:51] [INFO] no found
[2017-10-10 19:47:51] [INFO] no found
[2017-10-10 19:47:51] [INFO] no found
[2017-10-10 19:47:51] [INFO] no found
[2017-10-10 19:47:51] [INFO] no found
[2017-10-10 19:47:51] [INFO] no found
[2017-10-10 19:47:51] [INFO] no found
[2017-10-10 19:47:51] [INFO] no found
[2017-10-10 19:47:51] [INFO] no found
[2017-10-10 19:47:51] [INFO] no found
[2017-10-10 19:47:51] [INFO] no found
[2017-10-10 19:47:51] [INFO] no found
[2017-10-10 19:47:51] [INFO] no found
[2017-10-10 19:47:51] [INFO] no found
[2017-10-10 19:47:51] [INFO] [(31, '关闭SSID,查看电脑列表能否搜索到wifi名称 ', 'Pass', '2017-10-10 19:46:58', '2017-10-10 19:47:51', '0:00:53', '')]
[2017-10-10 19:47:51] [INFO] 测试完成后关闭ssid隐藏
[2017-10-10 19:48:14] [INFO] <xlrd.book.Book object at 0x0000000003B6C0F0>
[2017-10-10 19:48:14] [INFO] <xlwt.Workbook.Workbook object at 0x0000000003CB8198>
[2017-10-10 19:48:42] [INFO] [(32, '不输入原密码时的提示信息检查 ', 'Pass', '2017-10-10 19:48:20', '2017-10-10 19:48:42', '0:00:22', '')]
[2017-10-10 19:48:45] [INFO] <xlrd.book.Book object at 0x0000000003B82DD8>
[2017-10-10 19:48:45] [INFO] <xlwt.Workbook.Workbook object at 0x0000000003C18E48>
[2017-10-10 19:49:17] [INFO] [(33, '不输入新密码时的提示信息检查 ', 'Pass', '2017-10-10 19:48:51', '2017-10-10 19:49:17', '0:00:26', '')]
[2017-10-10 19:49:20] [INFO] <xlrd.book.Book object at 0x0000000003B83DD8>
[2017-10-10 19:49:20] [INFO] <xlwt.Workbook.Workbook object at 0x0000000003C1CE48>
[2017-10-10 19:49:51] [INFO] [(34, '确认密码不输入时提示信息检查 ', 'Pass', '2017-10-10 19:49:25', '2017-10-10 19:49:51', '0:00:26', '')]
[2017-10-10 19:49:54] [INFO] <xlrd.book.Book object at 0x0000000003BBB9B0>
[2017-10-10 19:49:54] [INFO] <xlwt.Workbook.Workbook object at 0x0000000003CC22B0>
[2017-10-10 19:50:24] [INFO] [(35, '确认密码与新密码不一致时的提示信息检查 ', 'Pass', '2017-10-10 19:49:59', '2017-10-10 19:50:24', '0:00:25', '')]
[2017-10-10 19:50:27] [INFO] <xlrd.book.Book object at 0x0000000003BBA6A0>
[2017-10-10 19:50:27] [INFO] <xlwt.Workbook.Workbook object at 0x0000000003CA4278>
[2017-10-10 19:50:58] [INFO] [(36, '原密码错误时提示信息检查 ', 'Pass', '2017-10-10 19:50:33', '2017-10-10 19:50:58', '0:00:25', '')]
[2017-10-10 19:51:01] [INFO] <xlrd.book.Book object at 0x0000000003BBAA20>
[2017-10-10 19:51:01] [INFO] <xlwt.Workbook.Workbook object at 0x0000000003CA4358>
[2017-10-10 19:51:31] [INFO] [(37, '新密码格式错误时提示信息检查 ', 'Pass', '2017-10-10 19:51:06', '2017-10-10 19:51:31', '0:00:25', '')]
[2017-10-10 19:51:34] [INFO] <xlrd.book.Book object at 0x0000000003B82E80>
[2017-10-10 19:51:34] [INFO] <xlwt.Workbook.Workbook object at 0x0000000003CA0080>
[2017-10-10 19:52:35] [INFO] [(38, '修改登录密码查看是否可以登录成功', 'Pass', '2017-10-10 19:51:39', '2017-10-10 19:52:35', '0:00:56', '')]
[2017-10-10 19:52:35] [INFO] 测试完成恢复登录密码
[2017-10-10 19:52:50] [INFO] <xlrd.book.Book object at 0x0000000003B82E10>
[2017-10-10 19:52:50] [INFO] <xlwt.Workbook.Workbook object at 0x0000000003C29DD8>
[2017-10-10 19:53:26] [INFO] [(39, '检查时区能否正确改变 ', 'Pass', '2017-10-10 19:52:56', '2017-10-10 19:53:26', '0:00:30', '')]
[2017-10-10 19:53:26] [INFO] 测试完成恢复时区
[2017-10-10 19:53:32] [INFO] <xlrd.book.Book object at 0x0000000003B83E10>
[2017-10-10 19:53:32] [INFO] <xlwt.Workbook.Workbook object at 0x0000000003C1EE80>
[2017-10-10 19:54:05] [INFO] ./upgrade/upload.exe E:\wifitest\upgrade\eeee.png
[2017-10-10 19:54:05] [INFO] 开始用autoit3脚本控制选择本地文件
[2017-10-10 19:54:18] [INFO] [(41, '重启路由器 ', 'Pass', '2017-10-10 19:53:37', '2017-10-10 19:54:18', '0:00:41', '')]
[2017-10-10 19:54:21] [INFO] <xlrd.book.Book object at 0x0000000003B82E48>
[2017-10-10 19:54:21] [INFO] <xlwt.Workbook.Workbook object at 0x0000000003C200F0>
[2017-10-10 19:56:16] [INFO] [(41, '重启功能检查 ', 'Pass', '2017-10-10 19:54:26', '2017-10-10 19:56:16', '0:01:50', '')]
[2017-10-10 19:56:19] [INFO] <xlrd.book.Book object at 0x0000000003B82E48>
[2017-10-10 19:56:19] [INFO] <xlwt.Workbook.Workbook object at 0x0000000003D6D128>
[2017-10-10 19:56:50] [INFO] [(42, '取消重启检查 ', 'Pass', '2017-10-10 19:56:24', '2017-10-10 19:56:50', '0:00:26', '')]
[2017-10-10 19:56:53] [INFO] <xlrd.book.Book object at 0x0000000003B82E48>
[2017-10-10 19:56:53] [INFO] <xlwt.Workbook.Workbook object at 0x0000000003CCF198>
[2017-10-10 19:57:14] [INFO] [(43, '退出系统 ', 'Pass', '2017-10-10 19:56:58', '2017-10-10 19:57:14', '0:00:16', '')]
[2017-10-10 19:57:17] [INFO] <xlrd.book.Book object at 0x0000000003B826D8>
[2017-10-10 19:57:17] [INFO] <xlwt.Workbook.Workbook object at 0x0000000003CB22B0>
[2017-10-10 19:57:17] [INFO] 发送邮件
