[2017-10-13 09:44:14] [INFO] test_goto_login: test START 
[2017-10-13 09:44:23] [INFO] [(1, '登录页面跳转测试 ', 'Pass', '2017-10-13 09:44:14', '2017-10-13 09:44:23', '0:00:09', '')]
[2017-10-13 09:44:26] [INFO] <xlrd.book.Book object at 0x0000000003B845C0>
[2017-10-13 09:44:26] [INFO] <xlwt.Workbook.Workbook object at 0x0000000003C0C0F0>
[2017-10-13 09:44:56] [INFO] [(2, '正确密码是否可成功登录测试 ', 'Pass', '2017-10-13 09:44:35', '2017-10-13 09:44:56', '0:00:21', '')]
[2017-10-13 09:44:59] [INFO] <xlrd.book.Book object at 0x0000000003B87518>
[2017-10-13 09:44:59] [INFO] <xlwt.Workbook.Workbook object at 0x0000000003C04F60>
[2017-10-13 09:45:34] [INFO] [(3, '是否能顺利跳转到wan 界面 ', 'Pass', '2017-10-13 09:45:06', '2017-10-13 09:45:34', '0:00:28', '')]
[2017-10-13 09:45:37] [INFO] <xlrd.book.Book object at 0x0000000003B69198>
[2017-10-13 09:45:37] [INFO] <xlwt.Workbook.Workbook object at 0x0000000003C0D588>
[2017-10-13 09:46:44] [INFO] 请输入IP地址。
[2017-10-13 09:46:44] [INFO] [(4, '没有IP地址输入时的错误信息提示 ', 'Pass', '2017-10-13 09:45:45', '2017-10-13 09:46:44', '0:00:59', '')]
[2017-10-13 09:46:47] [INFO] <xlrd.book.Book object at 0x0000000003B6A0F0>
[2017-10-13 09:46:47] [INFO] <xlwt.Workbook.Workbook object at 0x0000000003C117B8>
[2017-10-13 09:47:10] [INFO] [(5, '不填写密码时的提示信息是否正确 ', 'Pass', '2017-10-13 09:46:54', '2017-10-13 09:47:10', '0:00:16', '')]
[2017-10-13 09:47:13] [INFO] <xlrd.book.Book object at 0x0000000003B85588>
[2017-10-13 09:47:13] [INFO] <xlwt.Workbook.Workbook object at 0x0000000003C84198>
[2017-10-13 09:47:28] [INFO] [(6, '登录密码错误时提示信息是否正确 ', 'Pass', '2017-10-13 09:47:20', '2017-10-13 09:47:28', '0:00:08', '')]
[2017-10-13 09:47:31] [INFO] <xlrd.book.Book object at 0x0000000003B85588>
[2017-10-13 09:47:31] [INFO] <xlwt.Workbook.Workbook object at 0x0000000003C0B470>
[2017-10-13 09:48:13] [INFO] 请输入子网掩码。
[2017-10-13 09:48:13] [INFO] [(7, '不输入子网掩码时的错误信息提示 ', 'Pass', '2017-10-13 09:47:37', '2017-10-13 09:48:13', '0:00:36', '')]
[2017-10-13 09:48:16] [INFO] <xlrd.book.Book object at 0x0000000003B69160>
[2017-10-13 09:48:16] [INFO] <xlwt.Workbook.Workbook object at 0x0000000003C139B0>
[2017-10-13 09:49:09] [INFO] 请输入默认网关地址。
[2017-10-13 09:49:09] [INFO] [(8, '不输入默认网关时的错误信息提示 ', 'Pass', '2017-10-13 09:48:23', '2017-10-13 09:49:09', '0:00:46', '')]
[2017-10-13 09:49:12] [INFO] <xlrd.book.Book object at 0x0000000003B69160>
[2017-10-13 09:49:12] [INFO] <xlwt.Workbook.Workbook object at 0x0000000003C96A58>
[2017-10-13 09:50:09] [INFO] IP地址含非法字符，请重新输入。
[2017-10-13 09:50:17] [INFO] IP地址含非法字符，请重新输入。
[2017-10-13 09:50:25] [INFO] IP地址含非法字符，请重新输入。
[2017-10-13 09:50:34] [INFO] IP地址含非法字符，请重新输入。
[2017-10-13 09:50:42] [INFO] IP地址格式错误，请重新输入。
[2017-10-13 09:50:50] [INFO] IP地址含非法字符，请重新输入。
[2017-10-13 09:50:50] [INFO] [(9, '非法格式的IP地址输入时提示信息检查 ', 'Pass', '2017-10-13 09:49:20', '2017-10-13 09:50:50', '0:01:30', '')]
[2017-10-13 09:50:54] [INFO] <xlrd.book.Book object at 0x0000000003B69160>
[2017-10-13 09:50:54] [INFO] <xlwt.Workbook.Workbook object at 0x0000000003D54AC8>
[2017-10-13 09:51:47] [INFO] 子网掩码不正确，请重新输入。
[2017-10-13 09:51:57] [INFO] 子网掩码不正确，请重新输入。
[2017-10-13 09:52:08] [INFO] 子网掩码不正确，请重新输入。
[2017-10-13 09:52:18] [INFO] 子网掩码不正确，请重新输入。
[2017-10-13 09:52:28] [INFO] 子网掩码不正确，请重新输入。
[2017-10-13 09:52:39] [INFO] 子网掩码不正确，请重新输入。
[2017-10-13 09:52:39] [INFO] [(10, '非法格式的子网掩码输入时，提示信息检查 ', 'Pass', '2017-10-13 09:51:01', '2017-10-13 09:52:39', '0:01:38', '')]
[2017-10-13 09:52:42] [INFO] <xlrd.book.Book object at 0x0000000003B6A128>
[2017-10-13 09:52:42] [INFO] <xlwt.Workbook.Workbook object at 0x0000000003C1A6D8>
[2017-10-13 09:53:37] [INFO] 默认网关错误，请重新输入。
[2017-10-13 09:53:48] [INFO] 默认网关错误，请重新输入。
[2017-10-13 09:53:58] [INFO] 默认网关错误，请重新输入。
[2017-10-13 09:54:08] [INFO] 默认网关错误，请重新输入。
[2017-10-13 09:54:19] [INFO] 默认网关错误，请重新输入。
[2017-10-13 09:54:29] [INFO] 默认网关错误，请重新输入。
[2017-10-13 09:54:29] [INFO] [(11, '非法格式的默认网关输入时，提示信息检查 ', 'Pass', '2017-10-13 09:52:51', '2017-10-13 09:54:29', '0:01:38', '')]
[2017-10-13 09:54:32] [INFO] <xlrd.book.Book object at 0x0000000003B6A128>
[2017-10-13 09:54:32] [INFO] <xlwt.Workbook.Workbook object at 0x0000000003C207B8>
[2017-10-13 09:55:38] [ERROR] Traceback (most recent call last):
  File "E:\wifitest\testcase\test_set_static_method.py", line 50, in test_set_static_method
    self.assertEqual("手动输入IP(静态IP)",self.webpage.get_internettype())
  File "C:\python\lib\unittest\case.py", line 829, in assertEqual
    assertion_func(first, second, msg=msg)
  File "C:\python\lib\unittest\case.py", line 1202, in assertMultiLineEqual
    self.fail(self._formatMessage(msg, standardMsg))
  File "C:\python\lib\unittest\case.py", line 670, in fail
    raise self.failureException(msg)
AssertionError: '手动输入IP(静态IP)' != ''
- 手动输入IP(静态IP)
+ 


[2017-10-13 09:55:38] [INFO] [(12, '是否可以成功设置静态IP ', 'Fail', '2017-10-13 09:54:39', '2017-10-13 09:55:38', '0:00:59', "'手动输入IP(静态IP)' != ''\n- 手动输入IP(静态IP)\n+ \n")]
[2017-10-13 09:55:38] [INFO] 测试完成后将上网方式恢复为自动获取
[2017-10-13 09:55:46] [ERROR] Traceback (most recent call last):
  File "E:\wifitest\testcase\test_set_static_method.py", line 74, in tearDown
    self.webpage.chose_DHCP()
  File "E:\wifitest\webpage\WanPage.py", line 46, in chose_DHCP
    self.selectbyvalue(self.selectbox,'DHCP')
  File "E:\wifitest\webpage\BasePage.py", line 208, in selectbyvalue
    select.select_by_value(value)
  File "C:\python\lib\site-packages\selenium\webdriver\support\select.py", line 82, in select_by_value
    self._setSelected(opt)
  File "C:\python\lib\site-packages\selenium\webdriver\support\select.py", line 212, in _setSelected
    option.click()
  File "C:\python\lib\site-packages\selenium\webdriver\remote\webelement.py", line 72, in click
    self._execute(Command.CLICK_ELEMENT)
  File "C:\python\lib\site-packages\selenium\webdriver\remote\webelement.py", line 461, in _execute
    return self._parent.execute(command, params)
  File "C:\python\lib\site-packages\selenium\webdriver\remote\webdriver.py", line 236, in execute
    self.error_handler.check_response(response)
  File "C:\python\lib\site-packages\selenium\webdriver\remote\errorhandler.py", line 192, in check_response
    raise exception_class(message, screen, stacktrace)
selenium.common.exceptions.ElementNotVisibleException: Message: element not visible: Element is not currently visible and may not be manipulated
  (Session info: chrome=61.0.3163.100)
  (Driver info: chromedriver=2.31.488763 (092de99f48a300323ecf8c2a4e2e7cab51de5ba8),platform=Windows NT 6.1.7601 SP1 x86_64)


[2017-10-13 09:55:50] [INFO] <xlrd.book.Book object at 0x0000000003B6A0F0>
[2017-10-13 09:55:50] [INFO] <xlwt.Workbook.Workbook object at 0x0000000003CDDE48>
[2017-10-13 09:56:46] [INFO] [(13, '是否能顺利跳转到lan页面 ', 'Pass', '2017-10-13 09:56:06', '2017-10-13 09:56:46', '0:00:40', '')]
[2017-10-13 09:56:49] [INFO] <xlrd.book.Book object at 0x0000000003B68438>
[2017-10-13 09:56:49] [INFO] <xlwt.Workbook.Workbook object at 0x0000000003C0BCF8>
[2017-10-13 09:57:30] [INFO] 默认的局域网地址:
[2017-10-13 09:57:30] [INFO] 默认的dhcp状态是：checkbox_off
[2017-10-13 09:57:30] [INFO] 默认的初始IP地址池：
[2017-10-13 09:57:31] [INFO] 默认的结束IP地址池： 
[2017-10-13 09:57:31] [INFO] [(14, 'lan页面默认项检查 ', 'Pass', '2017-10-13 09:56:57', '2017-10-13 09:57:31', '0:00:34', '')]
[2017-10-13 09:57:34] [INFO] <xlrd.book.Book object at 0x0000000003B68390>
[2017-10-13 09:57:34] [INFO] <xlwt.Workbook.Workbook object at 0x0000000003C8DD68>
[2017-10-13 09:58:29] [INFO] [(15, 'lan页面不输入局域网地址时的提示语检查 ', 'Pass', '2017-10-13 09:57:39', '2017-10-13 09:58:29', '0:00:50', '')]
[2017-10-13 09:58:32] [INFO] <xlrd.book.Book object at 0x0000000003B68358>
[2017-10-13 09:58:32] [INFO] <xlwt.Workbook.Workbook object at 0x0000000003D51DD8>
[2017-10-13 09:59:04] [INFO] IP地址含非法字符，请重新输入。
[2017-10-13 09:59:07] [INFO] IP地址含非法字符，请重新输入。
[2017-10-13 09:59:09] [INFO] IP地址含非法字符，请重新输入。
[2017-10-13 09:59:11] [INFO] IP地址含非法字符，请重新输入。
[2017-10-13 09:59:14] [INFO] IP地址格式错误，请重新输入。
[2017-10-13 09:59:21] [INFO] IP地址含非法字符，请重新输入。
[2017-10-13 09:59:21] [INFO] [(16, 'lan页面输入格式错误的局域网地址时的提示语检查 ', 'Pass', '2017-10-13 09:58:38', '2017-10-13 09:59:21', '0:00:43', '')]
[2017-10-13 09:59:24] [INFO] <xlrd.book.Book object at 0x0000000003B68358>
[2017-10-13 09:59:24] [INFO] <xlwt.Workbook.Workbook object at 0x0000000003CA3EF0>
[2017-10-13 10:01:27] [INFO] [(17, 'lan页面修改局域网地址是否可以成功 ', 'Pass', '2017-10-13 09:59:36', '2017-10-13 10:01:27', '0:01:51', '')]
[2017-10-13 10:01:27] [INFO] 测试完成后修改到原来的IP
[2017-10-13 10:03:04] [INFO] <xlrd.book.Book object at 0x0000000003B68400>
[2017-10-13 10:03:04] [INFO] <xlwt.Workbook.Workbook object at 0x0000000003C4FD30>
[2017-10-13 10:03:43] [INFO] 地址池开始值错误，请重新输入。
[2017-10-13 10:03:43] [INFO] [(18, '开始IP地址非法时提示信息检查 ', 'Pass', '2017-10-13 10:03:10', '2017-10-13 10:03:43', '0:00:33', '')]
[2017-10-13 10:03:46] [INFO] <xlrd.book.Book object at 0x0000000003B68400>
[2017-10-13 10:03:46] [INFO] <xlwt.Workbook.Workbook object at 0x0000000003CB60F0>
[2017-10-13 10:04:23] [INFO] 地址池结束值错误，请重新输入。
[2017-10-13 10:04:23] [INFO] [(19, '结束IP地址非法时提示信息检查 ', 'Pass', '2017-10-13 10:03:51', '2017-10-13 10:04:23', '0:00:32', '')]
[2017-10-13 10:04:26] [INFO] <xlrd.book.Book object at 0x0000000003B683C8>
[2017-10-13 10:04:26] [INFO] <xlwt.Workbook.Workbook object at 0x0000000003CB6160>
[2017-10-13 10:05:24] [INFO] 地址池结束值不能小于开始值，请重新输入。
[2017-10-13 10:05:24] [INFO] [(20, '开始IP地址大于结束IP地址时，提示语检查 ', 'Pass', '2017-10-13 10:04:31', '2017-10-13 10:05:24', '0:00:53', '')]
[2017-10-13 10:05:27] [INFO] <xlrd.book.Book object at 0x0000000003B68400>
[2017-10-13 10:05:27] [INFO] <xlwt.Workbook.Workbook object at 0x0000000003C15208>
[2017-10-13 10:06:32] [INFO] [(21, '开始ip地址和结束IP地址都合法时，是否可以成功保存 ', 'Pass', '2017-10-13 10:05:33', '2017-10-13 10:06:32', '0:00:59', '')]
[2017-10-13 10:06:35] [INFO] <xlrd.book.Book object at 0x0000000003B68400>
[2017-10-13 10:06:35] [INFO] <xlwt.Workbook.Workbook object at 0x0000000003C15278>
[2017-10-13 10:07:29] [INFO] [(22, 'DHCP 能否被正确关闭 ', 'Pass', '2017-10-13 10:06:41', '2017-10-13 10:07:29', '0:00:48', '')]
[2017-10-13 10:07:32] [INFO] <xlrd.book.Book object at 0x0000000003B683C8>
[2017-10-13 10:07:32] [INFO] <xlwt.Workbook.Workbook object at 0x0000000003C130F0>
[2017-10-13 10:08:06] [INFO] [(23, '是否能顺利跳转到无线wifi设置界面 ', 'Pass', '2017-10-13 10:07:38', '2017-10-13 10:08:06', '0:00:28', '')]
[2017-10-13 10:08:09] [INFO] <xlrd.book.Book object at 0x0000000003B4DFD0>
[2017-10-13 10:08:09] [INFO] <xlwt.Workbook.Workbook object at 0x0000000003C9CCC0>
[2017-10-13 10:08:31] [INFO] wifiname:frt_test
[2017-10-13 10:08:31] [INFO] wifiname:iot123321
[2017-10-13 10:08:31] [INFO] [(24, 'wifi页面默认项检查 ', 'Pass', '2017-10-13 10:08:14', '2017-10-13 10:08:31', '0:00:17', '')]
[2017-10-13 10:08:34] [INFO] <xlrd.book.Book object at 0x0000000003B4DF28>
[2017-10-13 10:08:34] [INFO] <xlwt.Workbook.Workbook object at 0x0000000003C0DC88>
[2017-10-13 10:15:07] [INFO] [(25, 'wifi名称各种组合是否支持 ', 'Pass', '2017-10-13 10:08:40', '2017-10-13 10:15:07', '0:06:27', '')]
[2017-10-13 10:15:10] [INFO] <xlrd.book.Book object at 0x0000000003B4DF98>
[2017-10-13 10:15:10] [INFO] <xlwt.Workbook.Workbook object at 0x0000000003E15DA0>
[2017-10-13 10:15:35] [INFO] 请输入2.4G无线名称。
[2017-10-13 10:15:35] [INFO] [(26, '不输入wifi名称时的提示语检查 ', 'Pass', '2017-10-13 10:15:17', '2017-10-13 10:15:35', '0:00:18', '')]
[2017-10-13 10:15:38] [INFO] <xlrd.book.Book object at 0x0000000003B4DF28>
[2017-10-13 10:15:38] [INFO] <xlwt.Workbook.Workbook object at 0x0000000003C10E48>
[2017-10-13 10:16:26] [INFO] [(27, '不输入wifi密码时是否可以保存成功 ', 'Pass', '2017-10-13 10:15:44', '2017-10-13 10:16:26', '0:00:42', '')]
[2017-10-13 10:16:26] [INFO] 测试完成后恢复wifi密码
[2017-10-13 10:16:52] [INFO] <xlrd.book.Book object at 0x0000000003B4CF98>
[2017-10-13 10:16:52] [INFO] <xlwt.Workbook.Workbook object at 0x0000000003C22080>
[2017-10-13 10:17:31] [INFO] [(28, '输入错误格式的wifi 密码，提示语检查 ', 'Pass', '2017-10-13 10:16:59', '2017-10-13 10:17:31', '0:00:32', '')]
[2017-10-13 10:17:31] [INFO] 测试完成恢复wifi密码
[2017-10-13 10:17:57] [INFO] <xlrd.book.Book object at 0x0000000003B4CF98>
[2017-10-13 10:17:57] [INFO] <xlwt.Workbook.Workbook object at 0x0000000003C1F080>
[2017-10-13 10:21:17] [INFO] [(29, '是否支持各种格式的wifi密码 ', 'Pass', '2017-10-13 10:18:04', '2017-10-13 10:21:17', '0:03:13', '')]
[2017-10-13 10:21:17] [INFO] 测试完成恢复wifi密码
[2017-10-13 10:21:49] [INFO] <xlrd.book.Book object at 0x0000000003B4CF28>
[2017-10-13 10:21:49] [INFO] <xlwt.Workbook.Workbook object at 0x0000000003C45048>
[2017-10-13 10:22:22] [INFO] no found
[2017-10-13 10:22:22] [INFO] no found
[2017-10-13 10:22:22] [INFO] no found
[2017-10-13 10:22:22] [INFO] no found
[2017-10-13 10:22:22] [INFO] no found
[2017-10-13 10:22:22] [INFO] no found
[2017-10-13 10:22:22] [INFO] no found
[2017-10-13 10:22:22] [INFO] no found
[2017-10-13 10:22:22] [INFO] no found
[2017-10-13 10:22:22] [INFO] no found
[2017-10-13 10:22:22] [INFO] no found
[2017-10-13 10:22:22] [INFO] no found
[2017-10-13 10:22:22] [INFO] no found
[2017-10-13 10:22:22] [INFO] no found
[2017-10-13 10:22:22] [INFO] no found
[2017-10-13 10:22:22] [INFO] no found
[2017-10-13 10:22:22] [INFO] no found
[2017-10-13 10:22:22] [INFO] no found
[2017-10-13 10:22:22] [INFO] no found
[2017-10-13 10:22:22] [INFO] no found
[2017-10-13 10:22:22] [INFO] no found
[2017-10-13 10:22:22] [INFO] no found
[2017-10-13 10:22:22] [INFO] no found
[2017-10-13 10:22:22] [INFO] no found
[2017-10-13 10:22:22] [INFO] no found
[2017-10-13 10:22:22] [INFO] no found
[2017-10-13 10:22:22] [INFO] no found
[2017-10-13 10:22:22] [INFO] no found
[2017-10-13 10:22:22] [INFO] no found
[2017-10-13 10:22:22] [INFO] no found
[2017-10-13 10:22:22] [INFO] no found
[2017-10-13 10:22:22] [INFO] no found
[2017-10-13 10:22:22] [INFO] no found
[2017-10-13 10:22:22] [INFO] no found
[2017-10-13 10:22:22] [INFO] no found
[2017-10-13 10:22:22] [INFO] no found
[2017-10-13 10:22:22] [INFO] no found
[2017-10-13 10:22:22] [INFO] no found
[2017-10-13 10:22:22] [INFO] no found
[2017-10-13 10:22:22] [INFO] no found
[2017-10-13 10:22:22] [INFO] no found
[2017-10-13 10:22:22] [INFO] no found
[2017-10-13 10:22:22] [INFO] no found
[2017-10-13 10:22:22] [INFO] no found
[2017-10-13 10:22:22] [INFO] no found
[2017-10-13 10:22:22] [INFO] no found
[2017-10-13 10:22:22] [INFO] no found
[2017-10-13 10:22:22] [INFO] no found
[2017-10-13 10:22:22] [INFO] no found
[2017-10-13 10:22:22] [INFO] no found
[2017-10-13 10:22:22] [INFO] no found
[2017-10-13 10:22:22] [INFO] no found
[2017-10-13 10:22:22] [INFO] no found
[2017-10-13 10:22:22] [INFO] no found
[2017-10-13 10:22:22] [INFO] no found
[2017-10-13 10:22:22] [INFO] no found
[2017-10-13 10:22:22] [INFO] no found
[2017-10-13 10:22:22] [INFO] no found
[2017-10-13 10:22:22] [INFO] no found
[2017-10-13 10:22:22] [INFO] no found
[2017-10-13 10:22:22] [INFO] no found
[2017-10-13 10:22:22] [INFO] no found
[2017-10-13 10:22:22] [INFO] no found
[2017-10-13 10:22:22] [INFO] no found
[2017-10-13 10:22:22] [INFO] no found
[2017-10-13 10:22:22] [INFO] no found
[2017-10-13 10:22:22] [INFO] no found
[2017-10-13 10:22:22] [INFO] no found
[2017-10-13 10:22:22] [INFO] no found
[2017-10-13 10:22:22] [INFO] no found
[2017-10-13 10:22:22] [INFO] no found
[2017-10-13 10:22:22] [INFO] no found
[2017-10-13 10:22:22] [INFO] no found
[2017-10-13 10:22:22] [INFO] no found
[2017-10-13 10:22:22] [INFO] no found
[2017-10-13 10:22:22] [INFO] no found
[2017-10-13 10:22:22] [INFO] no found
[2017-10-13 10:22:22] [INFO] no found
[2017-10-13 10:22:22] [INFO] no found
[2017-10-13 10:22:22] [INFO] no found
[2017-10-13 10:22:22] [INFO] no found
[2017-10-13 10:22:22] [INFO] no found
[2017-10-13 10:22:22] [INFO] no found
[2017-10-13 10:22:22] [INFO] no found
[2017-10-13 10:22:22] [INFO] no found
[2017-10-13 10:22:22] [INFO] no found
[2017-10-13 10:22:22] [INFO] no found
[2017-10-13 10:22:22] [INFO] no found
[2017-10-13 10:22:22] [INFO] no found
[2017-10-13 10:22:22] [INFO] no found
[2017-10-13 10:22:22] [INFO] no found
[2017-10-13 10:22:22] [INFO] no found
[2017-10-13 10:22:22] [INFO] no found
[2017-10-13 10:22:22] [INFO] no found
[2017-10-13 10:22:22] [INFO] no found
[2017-10-13 10:22:22] [INFO] no found
[2017-10-13 10:22:22] [INFO] no found
[2017-10-13 10:22:22] [INFO] no found
[2017-10-13 10:22:22] [INFO] no found
[2017-10-13 10:22:22] [INFO] no found
[2017-10-13 10:22:22] [INFO] no found
[2017-10-13 10:22:22] [INFO] no found
[2017-10-13 10:22:22] [INFO] no found
[2017-10-13 10:22:22] [INFO] no found
[2017-10-13 10:22:22] [INFO] no found
[2017-10-13 10:22:22] [INFO] no found
[2017-10-13 10:22:22] [INFO] no found
[2017-10-13 10:22:22] [INFO] no found
[2017-10-13 10:22:22] [INFO] no found
[2017-10-13 10:22:22] [INFO] no found
[2017-10-13 10:22:22] [INFO] no found
[2017-10-13 10:22:22] [INFO] no found
[2017-10-13 10:22:22] [INFO] no found
[2017-10-13 10:22:22] [INFO] no found
[2017-10-13 10:22:22] [INFO] no found
[2017-10-13 10:22:22] [INFO] no found
[2017-10-13 10:22:22] [INFO] no found
[2017-10-13 10:22:22] [INFO] no found
[2017-10-13 10:22:22] [INFO] no found
[2017-10-13 10:22:22] [INFO] no found
[2017-10-13 10:22:22] [INFO] no found
[2017-10-13 10:22:22] [INFO] no found
[2017-10-13 10:22:22] [INFO] no found
[2017-10-13 10:22:22] [INFO] no found
[2017-10-13 10:22:22] [INFO] no found
[2017-10-13 10:22:22] [INFO] no found
[2017-10-13 10:22:22] [INFO] no found
[2017-10-13 10:22:22] [INFO] no found
[2017-10-13 10:22:22] [INFO] no found
[2017-10-13 10:22:22] [INFO] no found
[2017-10-13 10:22:22] [INFO] no found
[2017-10-13 10:22:22] [INFO] no found
[2017-10-13 10:22:22] [INFO] no found
[2017-10-13 10:22:22] [INFO] no found
[2017-10-13 10:22:22] [INFO] [(30, '关闭wifi 后，查看电脑的无线列表 ', 'Pass', '2017-10-13 10:21:56', '2017-10-13 10:22:22', '0:00:26', '')]
[2017-10-13 10:22:22] [INFO] 测试完成后恢复到wifi打开的状态
[2017-10-13 10:22:31] [INFO] <xlrd.book.Book object at 0x0000000003B4BFD0>
[2017-10-13 10:22:31] [INFO] <xlwt.Workbook.Workbook object at 0x0000000003C19128>
[2017-10-13 10:23:32] [INFO] no found
[2017-10-13 10:23:32] [INFO] no found
[2017-10-13 10:23:32] [INFO] no found
[2017-10-13 10:23:32] [INFO] no found
[2017-10-13 10:23:32] [INFO] no found
[2017-10-13 10:23:32] [INFO] no found
[2017-10-13 10:23:32] [INFO] no found
[2017-10-13 10:23:32] [INFO] no found
[2017-10-13 10:23:32] [INFO] no found
[2017-10-13 10:23:32] [INFO] no found
[2017-10-13 10:23:32] [INFO] no found
[2017-10-13 10:23:32] [INFO] no found
[2017-10-13 10:23:32] [INFO] no found
[2017-10-13 10:23:32] [INFO] no found
[2017-10-13 10:23:32] [INFO] no found
[2017-10-13 10:23:32] [INFO] no found
[2017-10-13 10:23:32] [INFO] no found
[2017-10-13 10:23:32] [INFO] no found
[2017-10-13 10:23:32] [INFO] no found
[2017-10-13 10:23:32] [INFO] no found
[2017-10-13 10:23:32] [INFO] no found
[2017-10-13 10:23:32] [INFO] no found
[2017-10-13 10:23:32] [INFO] no found
[2017-10-13 10:23:32] [INFO] no found
[2017-10-13 10:23:32] [INFO] no found
[2017-10-13 10:23:32] [INFO] no found
[2017-10-13 10:23:32] [INFO] no found
[2017-10-13 10:23:32] [INFO] no found
[2017-10-13 10:23:32] [INFO] no found
[2017-10-13 10:23:32] [INFO] no found
[2017-10-13 10:23:32] [INFO] no found
[2017-10-13 10:23:32] [INFO] no found
[2017-10-13 10:23:32] [INFO] no found
[2017-10-13 10:23:32] [INFO] no found
[2017-10-13 10:23:32] [INFO] no found
[2017-10-13 10:23:32] [INFO] no found
[2017-10-13 10:23:32] [INFO] no found
[2017-10-13 10:23:32] [INFO] no found
[2017-10-13 10:23:32] [INFO] no found
[2017-10-13 10:23:32] [INFO] no found
[2017-10-13 10:23:32] [INFO] no found
[2017-10-13 10:23:32] [INFO] no found
[2017-10-13 10:23:32] [INFO] no found
[2017-10-13 10:23:32] [INFO] no found
[2017-10-13 10:23:32] [INFO] no found
[2017-10-13 10:23:32] [INFO] no found
[2017-10-13 10:23:32] [INFO] no found
[2017-10-13 10:23:32] [INFO] no found
[2017-10-13 10:23:32] [INFO] no found
[2017-10-13 10:23:32] [INFO] no found
[2017-10-13 10:23:32] [INFO] no found
[2017-10-13 10:23:32] [INFO] no found
[2017-10-13 10:23:32] [INFO] no found
[2017-10-13 10:23:32] [INFO] no found
[2017-10-13 10:23:32] [INFO] no found
[2017-10-13 10:23:32] [INFO] no found
[2017-10-13 10:23:32] [INFO] no found
[2017-10-13 10:23:32] [INFO] no found
[2017-10-13 10:23:32] [INFO] no found
[2017-10-13 10:23:32] [INFO] no found
[2017-10-13 10:23:32] [INFO] no found
[2017-10-13 10:23:32] [INFO] no found
[2017-10-13 10:23:32] [INFO] no found
[2017-10-13 10:23:32] [INFO] no found
[2017-10-13 10:23:32] [INFO] no found
[2017-10-13 10:23:32] [INFO] no found
[2017-10-13 10:23:32] [INFO] no found
[2017-10-13 10:23:32] [INFO] no found
[2017-10-13 10:23:32] [INFO] no found
[2017-10-13 10:23:32] [INFO] no found
[2017-10-13 10:23:32] [INFO] no found
[2017-10-13 10:23:32] [INFO] no found
[2017-10-13 10:23:32] [INFO] no found
[2017-10-13 10:23:32] [INFO] no found
[2017-10-13 10:23:32] [INFO] no found
[2017-10-13 10:23:32] [INFO] no found
[2017-10-13 10:23:32] [INFO] no found
[2017-10-13 10:23:32] [INFO] no found
[2017-10-13 10:23:32] [INFO] no found
[2017-10-13 10:23:32] [INFO] no found
[2017-10-13 10:23:32] [INFO] no found
[2017-10-13 10:23:32] [INFO] no found
[2017-10-13 10:23:32] [INFO] no found
[2017-10-13 10:23:32] [INFO] no found
[2017-10-13 10:23:32] [INFO] no found
[2017-10-13 10:23:32] [INFO] no found
[2017-10-13 10:23:32] [INFO] no found
[2017-10-13 10:23:32] [INFO] no found
[2017-10-13 10:23:32] [INFO] no found
[2017-10-13 10:23:32] [INFO] no found
[2017-10-13 10:23:32] [INFO] no found
[2017-10-13 10:23:32] [INFO] no found
[2017-10-13 10:23:32] [INFO] no found
[2017-10-13 10:23:32] [INFO] no found
[2017-10-13 10:23:32] [INFO] no found
[2017-10-13 10:23:32] [INFO] no found
[2017-10-13 10:23:32] [INFO] no found
[2017-10-13 10:23:32] [INFO] no found
[2017-10-13 10:23:32] [INFO] no found
[2017-10-13 10:23:32] [INFO] no found
[2017-10-13 10:23:32] [INFO] no found
[2017-10-13 10:23:32] [INFO] no found
[2017-10-13 10:23:32] [INFO] no found
[2017-10-13 10:23:32] [INFO] no found
[2017-10-13 10:23:32] [INFO] no found
[2017-10-13 10:23:32] [INFO] no found
[2017-10-13 10:23:32] [INFO] no found
[2017-10-13 10:23:32] [INFO] no found
[2017-10-13 10:23:32] [INFO] no found
[2017-10-13 10:23:32] [INFO] no found
[2017-10-13 10:23:32] [INFO] no found
[2017-10-13 10:23:32] [INFO] no found
[2017-10-13 10:23:32] [INFO] no found
[2017-10-13 10:23:32] [INFO] no found
[2017-10-13 10:23:32] [INFO] no found
[2017-10-13 10:23:32] [INFO] no found
[2017-10-13 10:23:32] [INFO] no found
[2017-10-13 10:23:32] [INFO] no found
[2017-10-13 10:23:32] [INFO] no found
[2017-10-13 10:23:32] [INFO] no found
[2017-10-13 10:23:32] [INFO] no found
[2017-10-13 10:23:32] [INFO] no found
[2017-10-13 10:23:32] [INFO] no found
[2017-10-13 10:23:32] [INFO] no found
[2017-10-13 10:23:32] [INFO] no found
[2017-10-13 10:23:32] [INFO] no found
[2017-10-13 10:23:32] [INFO] no found
[2017-10-13 10:23:32] [INFO] no found
[2017-10-13 10:23:32] [INFO] no found
[2017-10-13 10:23:32] [INFO] no found
[2017-10-13 10:23:32] [INFO] no found
[2017-10-13 10:23:32] [INFO] no found
[2017-10-13 10:23:32] [INFO] no found
[2017-10-13 10:23:32] [INFO] no found
[2017-10-13 10:23:32] [INFO] no found
[2017-10-13 10:23:32] [INFO] no found
[2017-10-13 10:23:32] [INFO] no found
[2017-10-13 10:23:32] [INFO] no found
[2017-10-13 10:23:32] [INFO] no found
[2017-10-13 10:23:32] [INFO] no found
[2017-10-13 10:23:32] [INFO] no found
[2017-10-13 10:23:32] [INFO] no found
[2017-10-13 10:23:32] [INFO] no found
[2017-10-13 10:23:32] [INFO] no found
[2017-10-13 10:23:32] [INFO] [(31, '关闭SSID,查看电脑列表能否搜索到wifi名称 ', 'Pass', '2017-10-13 10:22:38', '2017-10-13 10:23:32', '0:00:54', '')]
[2017-10-13 10:23:32] [INFO] 测试完成后关闭ssid隐藏
[2017-10-13 10:23:55] [INFO] <xlrd.book.Book object at 0x0000000003B4BFD0>
[2017-10-13 10:23:55] [INFO] <xlwt.Workbook.Workbook object at 0x0000000003C17198>
[2017-10-13 10:24:28] [INFO] [(32, '不输入原密码时的提示信息检查 ', 'Pass', '2017-10-13 10:24:02', '2017-10-13 10:24:28', '0:00:26', '')]
[2017-10-13 10:24:31] [INFO] <xlrd.book.Book object at 0x0000000003B82D68>
[2017-10-13 10:24:31] [INFO] <xlwt.Workbook.Workbook object at 0x0000000003C15E48>
[2017-10-13 10:25:06] [INFO] [(33, '不输入新密码时的提示信息检查 ', 'Pass', '2017-10-13 10:24:37', '2017-10-13 10:25:06', '0:00:29', '')]
[2017-10-13 10:25:09] [INFO] <xlrd.book.Book object at 0x0000000003B83D68>
[2017-10-13 10:25:09] [INFO] <xlwt.Workbook.Workbook object at 0x0000000003CBAEF0>
[2017-10-13 10:25:43] [INFO] [(34, '确认密码不输入时提示信息检查 ', 'Pass', '2017-10-13 10:25:15', '2017-10-13 10:25:43', '0:00:28', '')]
[2017-10-13 10:25:46] [INFO] <xlrd.book.Book object at 0x0000000003BBA6A0>
[2017-10-13 10:25:46] [INFO] <xlwt.Workbook.Workbook object at 0x0000000003C212B0>
[2017-10-13 10:26:20] [INFO] [(35, '确认密码与新密码不一致时的提示信息检查 ', 'Pass', '2017-10-13 10:25:52', '2017-10-13 10:26:20', '0:00:28', '')]
[2017-10-13 10:26:23] [INFO] <xlrd.book.Book object at 0x0000000003BBB630>
[2017-10-13 10:26:23] [INFO] <xlwt.Workbook.Workbook object at 0x0000000003C22320>
[2017-10-13 10:26:58] [INFO] [(36, '原密码错误时提示信息检查 ', 'Pass', '2017-10-13 10:26:29', '2017-10-13 10:26:58', '0:00:29', '')]
[2017-10-13 10:27:01] [INFO] <xlrd.book.Book object at 0x0000000003BBA860>
[2017-10-13 10:27:01] [INFO] <xlwt.Workbook.Workbook object at 0x0000000003C22320>
[2017-10-13 10:27:35] [INFO] [(37, '新密码格式错误时提示信息检查 ', 'Pass', '2017-10-13 10:27:07', '2017-10-13 10:27:35', '0:00:28', '')]
[2017-10-13 10:27:38] [INFO] <xlrd.book.Book object at 0x0000000003B82DA0>
[2017-10-13 10:27:38] [INFO] <xlwt.Workbook.Workbook object at 0x0000000003C9E048>
[2017-10-13 10:28:43] [INFO] [(38, '修改登录密码查看是否可以登录成功', 'Pass', '2017-10-13 10:27:44', '2017-10-13 10:28:43', '0:00:59', '')]
[2017-10-13 10:28:43] [INFO] 测试完成恢复登录密码
[2017-10-13 10:28:58] [INFO] <xlrd.book.Book object at 0x0000000003B82D68>
[2017-10-13 10:28:58] [INFO] <xlwt.Workbook.Workbook object at 0x0000000003C24E10>
[2017-10-13 10:29:38] [INFO] [(39, '检查时区能否正确改变 ', 'Pass', '2017-10-13 10:29:04', '2017-10-13 10:29:38', '0:00:34', '')]
[2017-10-13 10:29:38] [INFO] 测试完成恢复时区
[2017-10-13 10:29:43] [INFO] <xlrd.book.Book object at 0x0000000003B82D68>
[2017-10-13 10:29:43] [INFO] <xlwt.Workbook.Workbook object at 0x0000000003C1AEB8>
[2017-10-13 10:30:20] [INFO] ./upgrade/upload.exe E:\wifitest\upgrade\eeee.png
[2017-10-13 10:30:20] [INFO] 开始用autoit3脚本控制选择本地文件
[2017-10-13 10:30:33] [INFO] [(40, '上传错误的升级文件时，错误提示 ', 'Pass', '2017-10-13 10:29:49', '2017-10-13 10:30:33', '0:00:44', '')]
[2017-10-13 10:30:36] [INFO] <xlrd.book.Book object at 0x0000000003B82DA0>
[2017-10-13 10:30:36] [INFO] <xlwt.Workbook.Workbook object at 0x0000000003C1E0F0>
[2017-10-13 10:32:39] [INFO] [(41, '重启功能检查 ', 'Pass', '2017-10-13 10:30:42', '2017-10-13 10:32:39', '0:01:57', '')]
[2017-10-13 10:32:42] [INFO] <xlrd.book.Book object at 0x0000000003B82DA0>
[2017-10-13 10:32:42] [INFO] <xlwt.Workbook.Workbook object at 0x0000000003D67160>
[2017-10-13 10:33:19] [INFO] [(42, '取消重启检查 ', 'Pass', '2017-10-13 10:32:49', '2017-10-13 10:33:19', '0:00:30', '')]
[2017-10-13 10:33:22] [INFO] <xlrd.book.Book object at 0x0000000003B84CF8>
[2017-10-13 10:33:22] [INFO] <xlwt.Workbook.Workbook object at 0x0000000003C1C0F0>
[2017-10-13 10:33:44] [INFO] [(43, '退出系统 ', 'Pass', '2017-10-13 10:33:28', '2017-10-13 10:33:44', '0:00:16', '')]
[2017-10-13 10:33:47] [INFO] <xlrd.book.Book object at 0x0000000003B835F8>
[2017-10-13 10:33:47] [INFO] <xlwt.Workbook.Workbook object at 0x0000000003C0F2B0>
[2017-10-13 10:33:47] [INFO] 发送邮件
