[2017-10-13 09:27:20] [INFO] test_goto_login: test START 
[2017-10-13 09:27:26] [INFO] [(1, '登录页面跳转测试 ', 'Pass', '2017-10-13 09:27:20', '2017-10-13 09:27:26', '0:00:06', '')]
[2017-10-13 09:27:29] [INFO] <xlrd.book.Book object at 0x0000000003B86550>
[2017-10-13 09:27:29] [INFO] <xlwt.Workbook.Workbook object at 0x0000000003C09048>
[2017-10-13 09:27:52] [INFO] [(2, '正确密码是否可成功登录测试 ', 'Pass', '2017-10-13 09:27:37', '2017-10-13 09:27:52', '0:00:15', '')]
[2017-10-13 09:27:55] [INFO] <xlrd.book.Book object at 0x0000000003B85588>
[2017-10-13 09:27:55] [INFO] <xlwt.Workbook.Workbook object at 0x0000000003C04F98>
[2017-10-13 09:28:20] [INFO] [(3, '是否能顺利跳转到wan 界面 ', 'Pass', '2017-10-13 09:28:02', '2017-10-13 09:28:20', '0:00:18', '')]
[2017-10-13 09:28:23] [INFO] <xlrd.book.Book object at 0x0000000003B69198>
[2017-10-13 09:28:23] [INFO] <xlwt.Workbook.Workbook object at 0x0000000003D4D5C0>
[2017-10-13 09:29:01] [INFO] 请输入IP地址。
[2017-10-13 09:29:01] [INFO] [(4, '没有IP地址输入时的错误信息提示 ', 'Pass', '2017-10-13 09:28:30', '2017-10-13 09:29:01', '0:00:31', '')]
[2017-10-13 09:29:04] [INFO] <xlrd.book.Book object at 0x0000000003B6A0F0>
[2017-10-13 09:29:04] [INFO] <xlwt.Workbook.Workbook object at 0x0000000003C117B8>
[2017-10-13 09:29:21] [INFO] [(5, '不填写密码时的提示信息是否正确 ', 'Pass', '2017-10-13 09:29:11', '2017-10-13 09:29:21', '0:00:10', '')]
[2017-10-13 09:29:24] [INFO] <xlrd.book.Book object at 0x0000000003B85588>
[2017-10-13 09:29:24] [INFO] <xlwt.Workbook.Workbook object at 0x0000000003BF4198>
[2017-10-13 09:29:40] [INFO] [(6, '登录密码错误时提示信息是否正确 ', 'Pass', '2017-10-13 09:29:31', '2017-10-13 09:29:40', '0:00:09', '')]
[2017-10-13 09:29:43] [INFO] <xlrd.book.Book object at 0x0000000003B87518>
[2017-10-13 09:29:43] [INFO] <xlwt.Workbook.Workbook object at 0x0000000003C0B390>
[2017-10-13 09:29:43] [INFO] 发送邮件
