[2017-10-10 16:21:38] [INFO] test_goto_login: test START 
[2017-10-10 16:21:44] [INFO] [(1, '登录页面跳转测试 ', 'Pass', '2017-10-10 16:21:38', '2017-10-10 16:21:44', '0:00:06', '')]
[2017-10-10 16:21:47] [INFO] <xlrd.book.Book object at 0x0000000003B83630>
[2017-10-10 16:21:47] [INFO] <xlwt.Workbook.Workbook object at 0x0000000003C0C160>
[2017-10-10 16:22:11] [INFO] [(2, '正确密码是否可成功登录测试 ', 'Pass', '2017-10-10 16:21:54', '2017-10-10 16:22:11', '0:00:17', '')]
[2017-10-10 16:22:14] [INFO] <xlrd.book.Book object at 0x0000000003B83668>
[2017-10-10 16:22:14] [INFO] <xlwt.Workbook.Workbook object at 0x0000000003C9A128>
[2017-10-10 16:23:12] [INFO] [(3, '是否能顺利跳转到wan 界面 ', 'Pass', '2017-10-10 16:22:22', '2017-10-10 16:23:12', '0:00:50', '')]
[2017-10-10 16:23:16] [INFO] <xlrd.book.Book object at 0x0000000003B69278>
[2017-10-10 16:23:16] [INFO] <xlwt.Workbook.Workbook object at 0x0000000003C8D6D8>
[2017-10-10 16:23:54] [INFO] 请输入IP地址。
[2017-10-10 16:23:54] [INFO] [(4, '没有IP地址输入时的错误信息提示 ', 'Pass', '2017-10-10 16:23:24', '2017-10-10 16:23:54', '0:00:30', '')]
[2017-10-10 16:23:57] [INFO] <xlrd.book.Book object at 0x0000000003B68240>
[2017-10-10 16:23:57] [INFO] <xlwt.Workbook.Workbook object at 0x0000000003C10940>
[2017-10-10 16:24:16] [INFO] [(5, '不填写密码时的提示信息是否正确 ', 'Pass', '2017-10-10 16:24:06', '2017-10-10 16:24:16', '0:00:10', '')]
[2017-10-10 16:24:19] [INFO] <xlrd.book.Book object at 0x0000000003B83668>
[2017-10-10 16:24:19] [INFO] <xlwt.Workbook.Workbook object at 0x0000000003BF4198>
[2017-10-10 16:24:34] [INFO] [(6, '登录密码错误时提示信息是否正确 ', 'Pass', '2017-10-10 16:24:26', '2017-10-10 16:24:34', '0:00:08', '')]
[2017-10-10 16:24:38] [INFO] <xlrd.book.Book object at 0x0000000003B83668>
[2017-10-10 16:24:38] [INFO] <xlwt.Workbook.Workbook object at 0x0000000003C0A588>
[2017-10-10 16:25:17] [INFO] 请输入子网掩码。
[2017-10-10 16:25:17] [INFO] [(7, '不输入子网掩码时的错误信息提示 ', 'Pass', '2017-10-10 16:24:44', '2017-10-10 16:25:17', '0:00:33', '')]
[2017-10-10 16:25:20] [INFO] <xlrd.book.Book object at 0x0000000003B68240>
[2017-10-10 16:25:20] [INFO] <xlwt.Workbook.Workbook object at 0x0000000003C93AC8>
[2017-10-10 16:25:59] [INFO] 请输入默认网关地址。
[2017-10-10 16:25:59] [INFO] [(8, '不输入默认网关时的错误信息提示 ', 'Pass', '2017-10-10 16:25:28', '2017-10-10 16:25:59', '0:00:31', '')]
[2017-10-10 16:26:02] [INFO] <xlrd.book.Book object at 0x0000000003B68240>
[2017-10-10 16:26:02] [INFO] <xlwt.Workbook.Workbook object at 0x0000000003CC7B70>
[2017-10-10 16:26:36] [INFO] IP地址含非法字符，请重新输入。
[2017-10-10 16:26:40] [INFO] IP地址含非法字符，请重新输入。
[2017-10-10 16:26:43] [INFO] IP地址含非法字符，请重新输入。
[2017-10-10 16:26:46] [INFO] IP地址含非法字符，请重新输入。
[2017-10-10 16:26:50] [INFO] IP地址格式错误，请重新输入。
[2017-10-10 16:26:53] [INFO] IP地址含非法字符，请重新输入。
[2017-10-10 16:26:53] [INFO] [(9, '非法格式的IP地址输入时提示信息检查 ', 'Pass', '2017-10-10 16:26:09', '2017-10-10 16:26:53', '0:00:44', '')]
[2017-10-10 16:26:56] [INFO] <xlrd.book.Book object at 0x0000000003B68208>
[2017-10-10 16:26:56] [INFO] <xlwt.Workbook.Workbook object at 0x0000000003C97BA8>
[2017-10-10 16:27:33] [INFO] 子网掩码不正确，请重新输入。
[2017-10-10 16:27:39] [INFO] 子网掩码不正确，请重新输入。
[2017-10-10 16:27:44] [INFO] 子网掩码不正确，请重新输入。
[2017-10-10 16:27:49] [INFO] 子网掩码不正确，请重新输入。
[2017-10-10 16:27:55] [INFO] 子网掩码不正确，请重新输入。
[2017-10-10 16:28:00] [INFO] 子网掩码不正确，请重新输入。
[2017-10-10 16:28:00] [INFO] [(10, '非法格式的子网掩码输入时，提示信息检查 ', 'Pass', '2017-10-10 16:27:02', '2017-10-10 16:28:00', '0:00:58', '')]
[2017-10-10 16:28:03] [INFO] <xlrd.book.Book object at 0x0000000003B68208>
[2017-10-10 16:28:03] [INFO] <xlwt.Workbook.Workbook object at 0x0000000003C1C7F0>
