[2017-10-12 03:36:50] [INFO] test_goto_login: test START 
[2017-10-12 03:36:54] [INFO] [(1, '登录页面跳转测试 ', 'Pass', '2017-10-12 03:36:50', '2017-10-12 03:36:54', '0:00:04', '')]
[2017-10-12 03:36:57] [INFO] <xlrd.book.Book object at 0x0000000003B83588>
[2017-10-12 03:36:57] [INFO] <xlwt.Workbook.Workbook object at 0x0000000003C0B0B8>
[2017-10-12 03:37:17] [INFO] [(2, '正确密码是否可成功登录测试 ', 'Pass', '2017-10-12 03:37:03', '2017-10-12 03:37:17', '0:00:14', '')]
[2017-10-12 03:37:20] [INFO] <xlrd.book.Book object at 0x0000000003B86550>
[2017-10-12 03:37:20] [INFO] <xlwt.Workbook.Workbook object at 0x0000000003C04F98>
[2017-10-12 03:37:43] [INFO] [(3, '是否能顺利跳转到wan 界面 ', 'Pass', '2017-10-12 03:37:25', '2017-10-12 03:37:43', '0:00:18', '')]
[2017-10-12 03:37:46] [INFO] <xlrd.book.Book object at 0x0000000003B68160>
[2017-10-12 03:37:46] [INFO] <xlwt.Workbook.Workbook object at 0x0000000003C0C5C0>
[2017-10-12 03:38:21] [INFO] 请输入IP地址。
[2017-10-12 03:38:21] [INFO] [(4, '没有IP地址输入时的错误信息提示 ', 'Pass', '2017-10-12 03:37:51', '2017-10-12 03:38:21', '0:00:30', '')]
[2017-10-12 03:38:24] [INFO] <xlrd.book.Book object at 0x0000000003B4BEF0>
[2017-10-12 03:38:24] [INFO] <xlwt.Workbook.Workbook object at 0x0000000003CA17B8>
[2017-10-12 03:38:40] [INFO] [(5, '不填写密码时的提示信息是否正确 ', 'Pass', '2017-10-12 03:38:29', '2017-10-12 03:38:40', '0:00:11', '')]
[2017-10-12 03:38:43] [INFO] <xlrd.book.Book object at 0x0000000003B86550>
[2017-10-12 03:38:43] [INFO] <xlwt.Workbook.Workbook object at 0x0000000003C09668>
[2017-10-12 03:38:56] [INFO] [(6, '登录密码错误时提示信息是否正确 ', 'Pass', '2017-10-12 03:38:48', '2017-10-12 03:38:56', '0:00:08', '')]
[2017-10-12 03:38:59] [INFO] <xlrd.book.Book object at 0x0000000003B86550>
[2017-10-12 03:38:59] [INFO] <xlwt.Workbook.Workbook object at 0x0000000003CAA438>
[2017-10-12 03:39:35] [INFO] 请输入子网掩码。
[2017-10-12 03:39:35] [INFO] [(7, '不输入子网掩码时的错误信息提示 ', 'Pass', '2017-10-12 03:39:05', '2017-10-12 03:39:35', '0:00:30', '')]
[2017-10-12 03:39:38] [INFO] <xlrd.book.Book object at 0x0000000003B68128>
[2017-10-12 03:39:38] [INFO] <xlwt.Workbook.Workbook object at 0x0000000003C93978>
[2017-10-12 03:40:14] [INFO] 请输入默认网关地址。
[2017-10-12 03:40:14] [INFO] [(8, '不输入默认网关时的错误信息提示 ', 'Pass', '2017-10-12 03:39:44', '2017-10-12 03:40:14', '0:00:30', '')]
[2017-10-12 03:40:17] [INFO] <xlrd.book.Book object at 0x0000000003B68128>
[2017-10-12 03:40:17] [INFO] <xlwt.Workbook.Workbook object at 0x0000000003CA6A20>
[2017-10-12 03:40:51] [INFO] IP地址含非法字符，请重新输入。
[2017-10-12 03:40:54] [INFO] IP地址含非法字符，请重新输入。
[2017-10-12 03:40:58] [INFO] IP地址含非法字符，请重新输入。
[2017-10-12 03:41:01] [INFO] IP地址含非法字符，请重新输入。
[2017-10-12 03:41:04] [INFO] IP地址格式错误，请重新输入。
[2017-10-12 03:41:07] [INFO] IP地址含非法字符，请重新输入。
[2017-10-12 03:41:07] [INFO] [(9, '非法格式的IP地址输入时提示信息检查 ', 'Pass', '2017-10-12 03:40:23', '2017-10-12 03:41:07', '0:00:44', '')]
[2017-10-12 03:41:10] [INFO] <xlrd.book.Book object at 0x0000000003B6A128>
[2017-10-12 03:41:10] [INFO] <xlwt.Workbook.Workbook object at 0x0000000003C14A20>
[2017-10-12 03:41:47] [INFO] 子网掩码不正确，请重新输入。
[2017-10-12 03:41:52] [INFO] 子网掩码不正确，请重新输入。
[2017-10-12 03:41:57] [INFO] 子网掩码不正确，请重新输入。
[2017-10-12 03:42:03] [INFO] 子网掩码不正确，请重新输入。
[2017-10-12 03:42:08] [INFO] 子网掩码不正确，请重新输入。
[2017-10-12 03:42:14] [INFO] 子网掩码不正确，请重新输入。
[2017-10-12 03:42:14] [INFO] [(10, '非法格式的子网掩码输入时，提示信息检查 ', 'Pass', '2017-10-12 03:41:16', '2017-10-12 03:42:14', '0:00:58', '')]
[2017-10-12 03:42:17] [INFO] <xlrd.book.Book object at 0x0000000003BA9630>
[2017-10-12 03:42:17] [INFO] <xlwt.Workbook.Workbook object at 0x0000000003D495F8>
[2017-10-12 03:42:53] [INFO] 默认网关错误，请重新输入。
[2017-10-12 03:42:58] [INFO] 默认网关错误，请重新输入。
[2017-10-12 03:43:03] [INFO] 默认网关错误，请重新输入。
[2017-10-12 03:43:09] [INFO] 默认网关错误，请重新输入。
[2017-10-12 03:43:14] [INFO] 默认网关错误，请重新输入。
[2017-10-12 03:43:19] [INFO] 默认网关错误，请重新输入。
[2017-10-12 03:43:19] [INFO] [(11, '非法格式的默认网关输入时，提示信息检查 ', 'Pass', '2017-10-12 03:42:22', '2017-10-12 03:43:19', '0:00:57', '')]
[2017-10-12 03:43:22] [INFO] <xlrd.book.Book object at 0x0000000003B6B0F0>
[2017-10-12 03:43:22] [INFO] <xlwt.Workbook.Workbook object at 0x0000000003C20710>
[2017-10-12 03:44:11] [INFO] [(12, '是否可以成功设置静态IP ', 'Pass', '2017-10-12 03:43:28', '2017-10-12 03:44:11', '0:00:43', '')]
[2017-10-12 03:44:11] [INFO] 测试完成后将上网方式恢复为自动获取
[2017-10-12 03:44:34] [INFO] <xlrd.book.Book object at 0x0000000003B6A0B8>
[2017-10-12 03:44:34] [INFO] <xlwt.Workbook.Workbook object at 0x0000000003CA9B70>
[2017-10-12 03:44:57] [ERROR] Traceback (most recent call last):
  File "E:\wifitest\webpage\BasePage.py", line 48, in findElement
    elem = self.driver.find_element_by_id(value)
  File "C:\python\lib\site-packages\selenium\webdriver\remote\webdriver.py", line 269, in find_element_by_id
    return self.find_element(by=By.ID, value=id_)
  File "C:\python\lib\site-packages\selenium\webdriver\remote\webdriver.py", line 752, in find_element
    'value': value})['value']
  File "C:\python\lib\site-packages\selenium\webdriver\remote\webdriver.py", line 236, in execute
    self.error_handler.check_response(response)
  File "C:\python\lib\site-packages\selenium\webdriver\remote\errorhandler.py", line 192, in check_response
    raise exception_class(message, screen, stacktrace)
selenium.common.exceptions.NoSuchElementException: Message: no such element: Unable to locate element: {"method":"id","selector":"lang_dhcpsever"}
  (Session info: chrome=61.0.3163.100)
  (Driver info: chromedriver=2.31.488763 (092de99f48a300323ecf8c2a4e2e7cab51de5ba8),platform=Windows NT 6.1.7601 SP1 x86_64)


During handling of the above exception, another exception occurred:

Traceback (most recent call last):
  File "E:\wifitest\testcase\test_goto_lan.py", line 38, in test_goto_lan
    self.lanpage.goto_lan()
  File "E:\wifitest\webpage\LanPage.py", line 42, in goto_lan
    lanset=self.findElement(self.lanset)
  File "E:\wifitest\webpage\BasePage.py", line 67, in findElement
    raise ValueError("No such element found" + str(element))
ValueError: No such element found('id', 'lang_dhcpsever')

[2017-10-12 03:44:57] [INFO] [(13, '是否能顺利跳转到lan页面 ', 'error', '2017-10-12 03:44:40', '2017-10-12 03:44:57', '0:00:17', "No such element found('id', 'lang_dhcpsever')")]
[2017-10-12 03:45:00] [INFO] <xlrd.book.Book object at 0x0000000003B69438>
[2017-10-12 03:45:00] [INFO] <xlwt.Workbook.Workbook object at 0x0000000003C27DA0>
[2017-10-12 03:45:24] [INFO] 默认的局域网地址:
[2017-10-12 03:45:24] [INFO] 默认的dhcp状态是：checkbox_off
[2017-10-12 03:45:24] [INFO] 默认的初始IP地址池：
[2017-10-12 03:45:24] [INFO] 默认的结束IP地址池： 
[2017-10-12 03:45:24] [INFO] [(14, 'lan页面默认项检查 ', 'Pass', '2017-10-12 03:45:06', '2017-10-12 03:45:24', '0:00:18', '')]
[2017-10-12 03:45:27] [INFO] <xlrd.book.Book object at 0x0000000003B69358>
[2017-10-12 03:45:27] [INFO] <xlwt.Workbook.Workbook object at 0x0000000003C0CD68>
[2017-10-12 03:46:01] [INFO] [(15, 'lan页面不输入局域网地址时的提示语检查 ', 'Pass', '2017-10-12 03:45:33', '2017-10-12 03:46:01', '0:00:28', '')]
[2017-10-12 03:46:04] [INFO] <xlrd.book.Book object at 0x0000000003B69390>
[2017-10-12 03:46:04] [INFO] <xlwt.Workbook.Workbook object at 0x0000000003C0FDA0>
[2017-10-12 03:46:35] [INFO] IP地址含非法字符，请重新输入。
[2017-10-12 03:46:37] [INFO] IP地址含非法字符，请重新输入。
[2017-10-12 03:46:39] [INFO] IP地址含非法字符，请重新输入。
[2017-10-12 03:46:42] [INFO] IP地址含非法字符，请重新输入。
[2017-10-12 03:46:44] [INFO] IP地址格式错误，请重新输入。
[2017-10-12 03:46:46] [INFO] IP地址含非法字符，请重新输入。
[2017-10-12 03:46:46] [INFO] [(16, 'lan页面输入格式错误的局域网地址时的提示语检查 ', 'Pass', '2017-10-12 03:46:10', '2017-10-12 03:46:46', '0:00:36', '')]
[2017-10-12 03:46:49] [INFO] <xlrd.book.Book object at 0x0000000003B69390>
[2017-10-12 03:46:49] [INFO] <xlwt.Workbook.Workbook object at 0x0000000003C13EB8>
[2017-10-12 03:48:26] [INFO] [(17, 'lan页面修改局域网地址是否可以成功 ', 'Pass', '2017-10-12 03:46:55', '2017-10-12 03:48:26', '0:01:31', '')]
[2017-10-12 03:48:26] [INFO] 测试完成后修改到原来的IP
[2017-10-12 03:49:42] [INFO] <xlrd.book.Book object at 0x0000000003B693C8>
[2017-10-12 03:49:42] [INFO] <xlwt.Workbook.Workbook object at 0x0000000003C4ECC0>
[2017-10-12 03:50:21] [INFO] 地址池开始值错误，请重新输入。
[2017-10-12 03:50:21] [INFO] [(18, '开始IP地址非法时提示信息检查 ', 'Pass', '2017-10-12 03:49:48', '2017-10-12 03:50:21', '0:00:33', '')]
[2017-10-12 03:50:24] [INFO] <xlrd.book.Book object at 0x0000000003B693C8>
[2017-10-12 03:50:24] [INFO] <xlwt.Workbook.Workbook object at 0x0000000003CB60B8>
[2017-10-12 03:51:01] [INFO] 地址池结束值错误，请重新输入。
[2017-10-12 03:51:01] [INFO] [(19, '结束IP地址非法时提示信息检查 ', 'Pass', '2017-10-12 03:50:30', '2017-10-12 03:51:01', '0:00:31', '')]
[2017-10-12 03:51:04] [INFO] <xlrd.book.Book object at 0x0000000003B69320>
[2017-10-12 03:51:04] [INFO] <xlwt.Workbook.Workbook object at 0x0000000003CC6048>
[2017-10-12 03:51:43] [INFO] 地址池结束值不能小于开始值，请重新输入。
[2017-10-12 03:51:43] [INFO] [(20, '开始IP地址大于结束IP地址时，提示语检查 ', 'Pass', '2017-10-12 03:51:09', '2017-10-12 03:51:43', '0:00:34', '')]
[2017-10-12 03:51:46] [INFO] <xlrd.book.Book object at 0x0000000003B693C8>
[2017-10-12 03:51:46] [INFO] <xlwt.Workbook.Workbook object at 0x0000000003C96160>
[2017-10-12 03:52:30] [INFO] [(21, '开始ip地址和结束IP地址都合法时，是否可以成功保存 ', 'Pass', '2017-10-12 03:51:52', '2017-10-12 03:52:30', '0:00:38', '')]
[2017-10-12 03:52:33] [INFO] <xlrd.book.Book object at 0x0000000003B693C8>
[2017-10-12 03:52:33] [INFO] <xlwt.Workbook.Workbook object at 0x0000000003C15240>
[2017-10-12 03:53:06] [INFO] [(22, 'DHCP 能否被正确关闭 ', 'Pass', '2017-10-12 03:52:39', '2017-10-12 03:53:06', '0:00:27', '')]
[2017-10-12 03:53:09] [INFO] <xlrd.book.Book object at 0x0000000003B69390>
[2017-10-12 03:53:09] [INFO] <xlwt.Workbook.Workbook object at 0x0000000003DD20F0>
[2017-10-12 03:53:32] [INFO] [(23, '是否能顺利跳转到无线wifi设置界面 ', 'Pass', '2017-10-12 03:53:15', '2017-10-12 03:53:32', '0:00:17', '')]
[2017-10-12 03:53:36] [INFO] <xlrd.book.Book object at 0x0000000003B4CF98>
[2017-10-12 03:53:36] [INFO] <xlwt.Workbook.Workbook object at 0x0000000003D2EC50>
[2017-10-12 03:53:59] [INFO] wifiname:frt_test
[2017-10-12 03:53:59] [INFO] wifiname:iot123321
[2017-10-12 03:53:59] [INFO] [(24, 'wifi页面默认项检查 ', 'Pass', '2017-10-12 03:53:42', '2017-10-12 03:53:59', '0:00:17', '')]
[2017-10-12 03:54:02] [INFO] <xlrd.book.Book object at 0x0000000003B4CF60>
[2017-10-12 03:54:02] [INFO] <xlwt.Workbook.Workbook object at 0x0000000003C0CCF8>
[2017-10-12 03:58:49] [INFO] [(25, 'wifi名称各种组合是否支持 ', 'Pass', '2017-10-12 03:54:08', '2017-10-12 03:58:49', '0:04:41', '')]
[2017-10-12 03:58:52] [INFO] <xlrd.book.Book object at 0x0000000003B4CF60>
[2017-10-12 03:58:52] [INFO] <xlwt.Workbook.Workbook object at 0x0000000003D62D30>
[2017-10-12 03:59:15] [INFO] 请输入2.4G无线名称。
[2017-10-12 03:59:15] [INFO] [(26, '不输入wifi名称时的提示语检查 ', 'Pass', '2017-10-12 03:58:57', '2017-10-12 03:59:15', '0:00:18', '')]
[2017-10-12 03:59:18] [INFO] <xlrd.book.Book object at 0x0000000003B4CF60>
[2017-10-12 03:59:18] [INFO] <xlwt.Workbook.Workbook object at 0x0000000003C10E10>
[2017-10-12 04:00:07] [INFO] [(27, '不输入wifi密码时是否可以保存成功 ', 'Pass', '2017-10-12 03:59:24', '2017-10-12 04:00:07', '0:00:43', '')]
[2017-10-12 04:00:07] [INFO] 测试完成后恢复wifi密码
[2017-10-12 04:00:33] [INFO] <xlrd.book.Book object at 0x0000000003B4BF60>
[2017-10-12 04:00:33] [INFO] <xlwt.Workbook.Workbook object at 0x0000000003CBEF98>
[2017-10-12 04:01:12] [INFO] [(28, '输入错误格式的wifi 密码，提示语检查 ', 'Pass', '2017-10-12 04:00:38', '2017-10-12 04:01:12', '0:00:34', '')]
[2017-10-12 04:01:12] [INFO] 测试完成恢复wifi密码
[2017-10-12 04:01:38] [INFO] <xlrd.book.Book object at 0x0000000003B4BEF0>
[2017-10-12 04:01:38] [INFO] <xlwt.Workbook.Workbook object at 0x0000000003C1AEF0>
[2017-10-12 04:04:56] [INFO] [(29, '是否支持各种格式的wifi密码 ', 'Pass', '2017-10-12 04:01:43', '2017-10-12 04:04:56', '0:03:13', '')]
[2017-10-12 04:04:56] [INFO] 测试完成恢复wifi密码
[2017-10-12 04:05:28] [INFO] <xlrd.book.Book object at 0x0000000003B4BEF0>
[2017-10-12 04:05:28] [INFO] <xlwt.Workbook.Workbook object at 0x0000000003C42EF0>
[2017-10-12 04:05:59] [INFO] no found
[2017-10-12 04:05:59] [INFO] no found
[2017-10-12 04:05:59] [INFO] no found
[2017-10-12 04:05:59] [INFO] no found
[2017-10-12 04:05:59] [INFO] no found
[2017-10-12 04:05:59] [INFO] no found
[2017-10-12 04:05:59] [INFO] no found
[2017-10-12 04:05:59] [INFO] no found
[2017-10-12 04:05:59] [INFO] no found
[2017-10-12 04:05:59] [INFO] no found
[2017-10-12 04:05:59] [INFO] no found
[2017-10-12 04:05:59] [INFO] no found
[2017-10-12 04:05:59] [INFO] no found
[2017-10-12 04:05:59] [INFO] no found
[2017-10-12 04:05:59] [INFO] no found
[2017-10-12 04:05:59] [INFO] no found
[2017-10-12 04:05:59] [INFO] no found
[2017-10-12 04:05:59] [INFO] no found
[2017-10-12 04:05:59] [INFO] no found
[2017-10-12 04:05:59] [INFO] no found
[2017-10-12 04:05:59] [INFO] no found
[2017-10-12 04:05:59] [INFO] no found
[2017-10-12 04:05:59] [INFO] no found
[2017-10-12 04:05:59] [INFO] no found
[2017-10-12 04:05:59] [INFO] no found
[2017-10-12 04:05:59] [INFO] no found
[2017-10-12 04:05:59] [INFO] no found
[2017-10-12 04:05:59] [INFO] no found
[2017-10-12 04:05:59] [INFO] no found
[2017-10-12 04:05:59] [INFO] no found
[2017-10-12 04:05:59] [INFO] no found
[2017-10-12 04:05:59] [INFO] no found
[2017-10-12 04:05:59] [INFO] no found
[2017-10-12 04:05:59] [INFO] no found
[2017-10-12 04:05:59] [INFO] no found
[2017-10-12 04:05:59] [INFO] no found
[2017-10-12 04:05:59] [INFO] no found
[2017-10-12 04:05:59] [INFO] no found
[2017-10-12 04:05:59] [INFO] no found
[2017-10-12 04:05:59] [INFO] no found
[2017-10-12 04:05:59] [INFO] no found
[2017-10-12 04:05:59] [INFO] no found
[2017-10-12 04:05:59] [INFO] no found
[2017-10-12 04:05:59] [INFO] no found
[2017-10-12 04:05:59] [INFO] no found
[2017-10-12 04:05:59] [INFO] no found
[2017-10-12 04:05:59] [INFO] no found
[2017-10-12 04:05:59] [INFO] no found
[2017-10-12 04:05:59] [INFO] no found
[2017-10-12 04:05:59] [INFO] no found
[2017-10-12 04:05:59] [INFO] no found
[2017-10-12 04:05:59] [INFO] no found
[2017-10-12 04:05:59] [INFO] no found
[2017-10-12 04:05:59] [INFO] no found
[2017-10-12 04:05:59] [INFO] no found
[2017-10-12 04:05:59] [INFO] no found
[2017-10-12 04:05:59] [INFO] no found
[2017-10-12 04:05:59] [INFO] no found
[2017-10-12 04:05:59] [INFO] no found
[2017-10-12 04:05:59] [INFO] no found
[2017-10-12 04:05:59] [INFO] no found
[2017-10-12 04:05:59] [INFO] no found
[2017-10-12 04:05:59] [INFO] no found
[2017-10-12 04:05:59] [INFO] no found
[2017-10-12 04:05:59] [INFO] no found
[2017-10-12 04:05:59] [INFO] no found
[2017-10-12 04:05:59] [INFO] no found
[2017-10-12 04:05:59] [INFO] no found
[2017-10-12 04:05:59] [INFO] no found
[2017-10-12 04:05:59] [INFO] no found
[2017-10-12 04:05:59] [INFO] no found
[2017-10-12 04:05:59] [INFO] no found
[2017-10-12 04:05:59] [INFO] no found
[2017-10-12 04:05:59] [INFO] no found
[2017-10-12 04:05:59] [INFO] no found
[2017-10-12 04:05:59] [INFO] no found
[2017-10-12 04:05:59] [INFO] no found
[2017-10-12 04:05:59] [INFO] no found
[2017-10-12 04:05:59] [INFO] no found
[2017-10-12 04:05:59] [INFO] no found
[2017-10-12 04:05:59] [INFO] no found
[2017-10-12 04:05:59] [INFO] no found
[2017-10-12 04:05:59] [INFO] no found
[2017-10-12 04:05:59] [INFO] no found
[2017-10-12 04:05:59] [INFO] no found
[2017-10-12 04:05:59] [INFO] no found
[2017-10-12 04:05:59] [INFO] no found
[2017-10-12 04:05:59] [INFO] no found
[2017-10-12 04:05:59] [INFO] no found
[2017-10-12 04:05:59] [INFO] no found
[2017-10-12 04:05:59] [INFO] no found
[2017-10-12 04:05:59] [INFO] no found
[2017-10-12 04:05:59] [INFO] no found
[2017-10-12 04:05:59] [INFO] no found
[2017-10-12 04:05:59] [INFO] no found
[2017-10-12 04:05:59] [INFO] no found
[2017-10-12 04:05:59] [INFO] no found
[2017-10-12 04:05:59] [INFO] no found
[2017-10-12 04:05:59] [INFO] no found
[2017-10-12 04:05:59] [INFO] no found
[2017-10-12 04:05:59] [INFO] no found
[2017-10-12 04:05:59] [INFO] no found
[2017-10-12 04:05:59] [INFO] no found
[2017-10-12 04:05:59] [INFO] no found
[2017-10-12 04:05:59] [INFO] no found
[2017-10-12 04:05:59] [INFO] no found
[2017-10-12 04:05:59] [INFO] no found
[2017-10-12 04:05:59] [INFO] no found
[2017-10-12 04:05:59] [INFO] no found
[2017-10-12 04:05:59] [INFO] no found
[2017-10-12 04:05:59] [INFO] no found
[2017-10-12 04:05:59] [INFO] no found
[2017-10-12 04:05:59] [INFO] no found
[2017-10-12 04:05:59] [INFO] no found
[2017-10-12 04:05:59] [INFO] no found
[2017-10-12 04:05:59] [INFO] no found
[2017-10-12 04:05:59] [INFO] no found
[2017-10-12 04:05:59] [INFO] no found
[2017-10-12 04:05:59] [INFO] no found
[2017-10-12 04:05:59] [INFO] no found
[2017-10-12 04:05:59] [INFO] no found
[2017-10-12 04:05:59] [INFO] no found
[2017-10-12 04:05:59] [INFO] no found
[2017-10-12 04:05:59] [INFO] no found
[2017-10-12 04:05:59] [INFO] no found
[2017-10-12 04:05:59] [INFO] no found
[2017-10-12 04:05:59] [INFO] no found
[2017-10-12 04:05:59] [INFO] no found
[2017-10-12 04:05:59] [INFO] no found
[2017-10-12 04:05:59] [INFO] no found
[2017-10-12 04:05:59] [INFO] no found
[2017-10-12 04:05:59] [INFO] no found
[2017-10-12 04:05:59] [INFO] no found
[2017-10-12 04:05:59] [INFO] no found
[2017-10-12 04:05:59] [INFO] no found
[2017-10-12 04:05:59] [INFO] no found
[2017-10-12 04:05:59] [INFO] no found
[2017-10-12 04:05:59] [INFO] no found
[2017-10-12 04:05:59] [INFO] no found
[2017-10-12 04:05:59] [INFO] no found
[2017-10-12 04:05:59] [INFO] no found
[2017-10-12 04:05:59] [INFO] no found
[2017-10-12 04:05:59] [INFO] no found
[2017-10-12 04:05:59] [INFO] no found
[2017-10-12 04:05:59] [INFO] [(30, '关闭wifi 后，查看电脑的无线列表 ', 'Pass', '2017-10-12 04:05:34', '2017-10-12 04:05:59', '0:00:25', '')]
[2017-10-12 04:05:59] [INFO] 测试完成后恢复到wifi打开的状态
[2017-10-12 04:06:07] [INFO] <xlrd.book.Book object at 0x0000000003B4BFD0>
[2017-10-12 04:06:07] [INFO] <xlwt.Workbook.Workbook object at 0x0000000003C9C048>
[2017-10-12 04:07:06] [INFO] no found
[2017-10-12 04:07:06] [INFO] no found
[2017-10-12 04:07:06] [INFO] no found
[2017-10-12 04:07:06] [INFO] no found
[2017-10-12 04:07:06] [INFO] no found
[2017-10-12 04:07:06] [INFO] no found
[2017-10-12 04:07:06] [INFO] no found
[2017-10-12 04:07:06] [INFO] no found
[2017-10-12 04:07:06] [INFO] no found
[2017-10-12 04:07:06] [INFO] no found
[2017-10-12 04:07:06] [INFO] no found
[2017-10-12 04:07:06] [INFO] no found
[2017-10-12 04:07:06] [INFO] no found
[2017-10-12 04:07:06] [INFO] no found
[2017-10-12 04:07:06] [INFO] no found
[2017-10-12 04:07:06] [INFO] no found
[2017-10-12 04:07:06] [INFO] no found
[2017-10-12 04:07:06] [INFO] no found
[2017-10-12 04:07:06] [INFO] no found
[2017-10-12 04:07:06] [INFO] no found
[2017-10-12 04:07:06] [INFO] no found
[2017-10-12 04:07:06] [INFO] no found
[2017-10-12 04:07:06] [INFO] no found
[2017-10-12 04:07:06] [INFO] no found
[2017-10-12 04:07:06] [INFO] no found
[2017-10-12 04:07:06] [INFO] no found
[2017-10-12 04:07:06] [INFO] no found
[2017-10-12 04:07:06] [INFO] no found
[2017-10-12 04:07:06] [INFO] no found
[2017-10-12 04:07:06] [INFO] no found
[2017-10-12 04:07:06] [INFO] no found
[2017-10-12 04:07:06] [INFO] no found
[2017-10-12 04:07:06] [INFO] no found
[2017-10-12 04:07:06] [INFO] no found
[2017-10-12 04:07:06] [INFO] no found
[2017-10-12 04:07:06] [INFO] no found
[2017-10-12 04:07:06] [INFO] no found
[2017-10-12 04:07:06] [INFO] no found
[2017-10-12 04:07:06] [INFO] no found
[2017-10-12 04:07:06] [INFO] no found
[2017-10-12 04:07:06] [INFO] no found
[2017-10-12 04:07:06] [INFO] no found
[2017-10-12 04:07:06] [INFO] no found
[2017-10-12 04:07:06] [INFO] no found
[2017-10-12 04:07:06] [INFO] no found
[2017-10-12 04:07:06] [INFO] no found
[2017-10-12 04:07:06] [INFO] no found
[2017-10-12 04:07:06] [INFO] no found
[2017-10-12 04:07:06] [INFO] no found
[2017-10-12 04:07:06] [INFO] no found
[2017-10-12 04:07:06] [INFO] no found
[2017-10-12 04:07:06] [INFO] no found
[2017-10-12 04:07:06] [INFO] no found
[2017-10-12 04:07:06] [INFO] no found
[2017-10-12 04:07:06] [INFO] no found
[2017-10-12 04:07:06] [INFO] no found
[2017-10-12 04:07:06] [INFO] no found
[2017-10-12 04:07:06] [INFO] no found
[2017-10-12 04:07:06] [INFO] no found
[2017-10-12 04:07:06] [INFO] no found
[2017-10-12 04:07:06] [INFO] no found
[2017-10-12 04:07:06] [INFO] no found
[2017-10-12 04:07:06] [INFO] no found
[2017-10-12 04:07:06] [INFO] no found
[2017-10-12 04:07:06] [INFO] no found
[2017-10-12 04:07:06] [INFO] no found
[2017-10-12 04:07:06] [INFO] no found
[2017-10-12 04:07:06] [INFO] no found
[2017-10-12 04:07:06] [INFO] no found
[2017-10-12 04:07:06] [INFO] no found
[2017-10-12 04:07:06] [INFO] no found
[2017-10-12 04:07:06] [INFO] no found
[2017-10-12 04:07:06] [INFO] no found
[2017-10-12 04:07:06] [INFO] no found
[2017-10-12 04:07:06] [INFO] no found
[2017-10-12 04:07:06] [INFO] no found
[2017-10-12 04:07:06] [INFO] no found
[2017-10-12 04:07:06] [INFO] no found
[2017-10-12 04:07:06] [INFO] no found
[2017-10-12 04:07:06] [INFO] no found
[2017-10-12 04:07:06] [INFO] no found
[2017-10-12 04:07:06] [INFO] no found
[2017-10-12 04:07:06] [INFO] no found
[2017-10-12 04:07:06] [INFO] no found
[2017-10-12 04:07:06] [INFO] no found
[2017-10-12 04:07:06] [INFO] no found
[2017-10-12 04:07:06] [INFO] no found
[2017-10-12 04:07:06] [INFO] no found
[2017-10-12 04:07:06] [INFO] no found
[2017-10-12 04:07:06] [INFO] no found
[2017-10-12 04:07:06] [INFO] no found
[2017-10-12 04:07:06] [INFO] no found
[2017-10-12 04:07:06] [INFO] no found
[2017-10-12 04:07:06] [INFO] no found
[2017-10-12 04:07:06] [INFO] no found
[2017-10-12 04:07:06] [INFO] no found
[2017-10-12 04:07:06] [INFO] no found
[2017-10-12 04:07:06] [INFO] no found
[2017-10-12 04:07:06] [INFO] no found
[2017-10-12 04:07:06] [INFO] no found
[2017-10-12 04:07:06] [INFO] no found
[2017-10-12 04:07:06] [INFO] no found
[2017-10-12 04:07:06] [INFO] no found
[2017-10-12 04:07:06] [INFO] no found
[2017-10-12 04:07:06] [INFO] no found
[2017-10-12 04:07:06] [INFO] no found
[2017-10-12 04:07:06] [INFO] no found
[2017-10-12 04:07:06] [INFO] no found
[2017-10-12 04:07:06] [INFO] no found
[2017-10-12 04:07:06] [INFO] no found
[2017-10-12 04:07:06] [INFO] no found
[2017-10-12 04:07:06] [INFO] no found
[2017-10-12 04:07:06] [INFO] no found
[2017-10-12 04:07:06] [INFO] no found
[2017-10-12 04:07:06] [INFO] no found
[2017-10-12 04:07:06] [INFO] no found
[2017-10-12 04:07:06] [INFO] no found
[2017-10-12 04:07:06] [INFO] no found
[2017-10-12 04:07:06] [INFO] no found
[2017-10-12 04:07:06] [INFO] no found
[2017-10-12 04:07:06] [INFO] no found
[2017-10-12 04:07:06] [INFO] no found
[2017-10-12 04:07:06] [INFO] no found
[2017-10-12 04:07:06] [INFO] no found
[2017-10-12 04:07:06] [INFO] no found
[2017-10-12 04:07:06] [INFO] no found
[2017-10-12 04:07:06] [INFO] no found
[2017-10-12 04:07:06] [INFO] no found
[2017-10-12 04:07:06] [INFO] no found
[2017-10-12 04:07:06] [INFO] no found
[2017-10-12 04:07:06] [INFO] no found
[2017-10-12 04:07:06] [INFO] no found
[2017-10-12 04:07:06] [INFO] no found
[2017-10-12 04:07:06] [INFO] no found
[2017-10-12 04:07:06] [INFO] no found
[2017-10-12 04:07:06] [INFO] no found
[2017-10-12 04:07:06] [INFO] no found
[2017-10-12 04:07:06] [INFO] no found
[2017-10-12 04:07:06] [INFO] no found
[2017-10-12 04:07:06] [INFO] no found
[2017-10-12 04:07:06] [INFO] no found
[2017-10-12 04:07:06] [INFO] no found
[2017-10-12 04:07:06] [INFO] no found
[2017-10-12 04:07:06] [INFO] no found
[2017-10-12 04:07:06] [INFO] no found
[2017-10-12 04:07:06] [INFO] no found
[2017-10-12 04:07:06] [INFO] no found
[2017-10-12 04:07:06] [INFO] no found
[2017-10-12 04:07:06] [INFO] no found
[2017-10-12 04:07:06] [INFO] no found
[2017-10-12 04:07:06] [INFO] no found
[2017-10-12 04:07:06] [INFO] no found
[2017-10-12 04:07:06] [INFO] no found
[2017-10-12 04:07:06] [INFO] no found
[2017-10-12 04:07:06] [INFO] [(31, '关闭SSID,查看电脑列表能否搜索到wifi名称 ', 'Pass', '2017-10-12 04:06:13', '2017-10-12 04:07:06', '0:00:53', '')]
[2017-10-12 04:07:06] [INFO] 测试完成后关闭ssid隐藏
[2017-10-12 04:07:30] [INFO] <xlrd.book.Book object at 0x0000000003B4AFD0>
[2017-10-12 04:07:30] [INFO] <xlwt.Workbook.Workbook object at 0x0000000003C1A0B8>
[2017-10-12 04:08:02] [INFO] [(32, '不输入原密码时的提示信息检查 ', 'Pass', '2017-10-12 04:07:37', '2017-10-12 04:08:02', '0:00:25', '')]
[2017-10-12 04:08:06] [INFO] <xlrd.book.Book object at 0x0000000003B82D30>
[2017-10-12 04:08:06] [INFO] <xlwt.Workbook.Workbook object at 0x0000000003C15DA0>
[2017-10-12 04:08:41] [INFO] [(33, '不输入新密码时的提示信息检查 ', 'Pass', '2017-10-12 04:08:12', '2017-10-12 04:08:41', '0:00:29', '')]
[2017-10-12 04:08:44] [INFO] <xlrd.book.Book object at 0x0000000003B84D30>
[2017-10-12 04:08:44] [INFO] <xlwt.Workbook.Workbook object at 0x0000000003C1CE10>
[2017-10-12 04:09:18] [INFO] [(34, '确认密码不输入时提示信息检查 ', 'Pass', '2017-10-12 04:08:50', '2017-10-12 04:09:18', '0:00:28', '')]
[2017-10-12 04:09:21] [INFO] <xlrd.book.Book object at 0x0000000003BBB828>
[2017-10-12 04:09:21] [INFO] <xlwt.Workbook.Workbook object at 0x0000000003CB3160>
[2017-10-12 04:09:55] [INFO] [(35, '确认密码与新密码不一致时的提示信息检查 ', 'Pass', '2017-10-12 04:09:27', '2017-10-12 04:09:55', '0:00:28', '')]
[2017-10-12 04:09:58] [INFO] <xlrd.book.Book object at 0x0000000003BBA588>
[2017-10-12 04:09:58] [INFO] <xlwt.Workbook.Workbook object at 0x0000000003CA41D0>
[2017-10-12 04:10:32] [INFO] [(36, '原密码错误时提示信息检查 ', 'Pass', '2017-10-12 04:10:05', '2017-10-12 04:10:32', '0:00:27', '')]
[2017-10-12 04:10:36] [INFO] <xlrd.book.Book object at 0x0000000003BBC898>
[2017-10-12 04:10:36] [INFO] <xlwt.Workbook.Workbook object at 0x0000000003C24208>
[2017-10-12 04:11:09] [INFO] [(37, '新密码格式错误时提示信息检查 ', 'Pass', '2017-10-12 04:10:42', '2017-10-12 04:11:09', '0:00:27', '')]
[2017-10-12 04:11:12] [INFO] <xlrd.book.Book object at 0x0000000003B82D68>
[2017-10-12 04:11:13] [INFO] <xlwt.Workbook.Workbook object at 0x0000000003CCAF98>
[2017-10-12 04:12:17] [INFO] [(38, '修改登录密码查看是否可以登录成功', 'Pass', '2017-10-12 04:11:19', '2017-10-12 04:12:17', '0:00:58', '')]
[2017-10-12 04:12:17] [INFO] 测试完成恢复登录密码
[2017-10-12 04:12:32] [INFO] <xlrd.book.Book object at 0x0000000003B83D30>
[2017-10-12 04:12:32] [INFO] <xlwt.Workbook.Workbook object at 0x0000000003CB5D68>
[2017-10-12 04:13:11] [INFO] [(39, '检查时区能否正确改变 ', 'Pass', '2017-10-12 04:12:38', '2017-10-12 04:13:11', '0:00:33', '')]
[2017-10-12 04:13:11] [INFO] 测试完成恢复时区
[2017-10-12 04:13:17] [INFO] <xlrd.book.Book object at 0x0000000003B82D30>
[2017-10-12 04:13:17] [INFO] <xlwt.Workbook.Workbook object at 0x0000000003C9BDD8>
[2017-10-12 04:13:54] [INFO] ./upgrade/upload.exe E:\wifitest\upgrade\eeee.png
[2017-10-12 04:13:54] [INFO] 开始用autoit3脚本控制选择本地文件
[2017-10-12 04:14:07] [INFO] [(40, '上传错误的升级文件时，错误提示 ', 'Pass', '2017-10-12 04:13:23', '2017-10-12 04:14:07', '0:00:44', '')]
[2017-10-12 04:14:10] [INFO] <xlrd.book.Book object at 0x0000000003B82D68>
[2017-10-12 04:14:10] [INFO] <xlwt.Workbook.Workbook object at 0x0000000003C1E048>
[2017-10-12 04:16:10] [INFO] [(41, '重启功能检查 ', 'Pass', '2017-10-12 04:14:17', '2017-10-12 04:16:10', '0:01:53', '')]
[2017-10-12 04:16:13] [INFO] <xlrd.book.Book object at 0x0000000003B82D68>
[2017-10-12 04:16:13] [INFO] <xlwt.Workbook.Workbook object at 0x0000000003C4C048>
[2017-10-12 04:16:49] [INFO] [(42, '取消重启检查 ', 'Pass', '2017-10-12 04:16:20', '2017-10-12 04:16:49', '0:00:29', '')]
[2017-10-12 04:16:52] [INFO] <xlrd.book.Book object at 0x0000000003B84CC0>
[2017-10-12 04:16:52] [INFO] <xlwt.Workbook.Workbook object at 0x0000000003C9AF98>
[2017-10-12 04:17:14] [INFO] [(43, '退出系统 ', 'Pass', '2017-10-12 04:16:59', '2017-10-12 04:17:14', '0:00:15', '')]
[2017-10-12 04:17:18] [INFO] <xlrd.book.Book object at 0x0000000003B835C0>
[2017-10-12 04:17:18] [INFO] <xlwt.Workbook.Workbook object at 0x0000000003C0F160>
[2017-10-12 04:17:18] [INFO] 发送邮件
