[2017-10-10 23:47:28] [INFO] test_goto_login: test START 
[2017-10-10 23:47:32] [INFO] [(1, '登录页面跳转测试 ', 'Pass', '2017-10-10 23:47:28', '2017-10-10 23:47:32', '0:00:04', '')]
[2017-10-10 23:47:35] [INFO] <xlrd.book.Book object at 0x0000000003B826A0>
[2017-10-10 23:47:35] [INFO] <xlwt.Workbook.Workbook object at 0x0000000003C8C1D0>
[2017-10-10 23:47:54] [INFO] [(2, '正确密码是否可成功登录测试 ', 'Pass', '2017-10-10 23:47:40', '2017-10-10 23:47:54', '0:00:14', '')]
[2017-10-10 23:47:57] [INFO] <xlrd.book.Book object at 0x0000000003B83668>
[2017-10-10 23:47:57] [INFO] <xlwt.Workbook.Workbook object at 0x0000000003C0A0B8>
[2017-10-10 23:48:20] [INFO] [(3, '是否能顺利跳转到wan 界面 ', 'Pass', '2017-10-10 23:48:02', '2017-10-10 23:48:20', '0:00:18', '')]
[2017-10-10 23:48:23] [INFO] <xlrd.book.Book object at 0x0000000003B69080>
[2017-10-10 23:48:23] [INFO] <xlwt.Workbook.Workbook object at 0x0000000003C0D668>
[2017-10-10 23:48:57] [INFO] 请输入IP地址。
[2017-10-10 23:48:57] [INFO] [(4, '没有IP地址输入时的错误信息提示 ', 'Pass', '2017-10-10 23:48:28', '2017-10-10 23:48:57', '0:00:29', '')]
[2017-10-10 23:49:00] [INFO] <xlrd.book.Book object at 0x0000000003B681D0>
[2017-10-10 23:49:00] [INFO] <xlwt.Workbook.Workbook object at 0x0000000003D50860>
[2017-10-10 23:49:13] [INFO] [(5, '不填写密码时的提示信息是否正确 ', 'Pass', '2017-10-10 23:49:06', '2017-10-10 23:49:13', '0:00:07', '')]
[2017-10-10 23:49:17] [INFO] <xlrd.book.Book object at 0x0000000003B83668>
[2017-10-10 23:49:17] [INFO] <xlwt.Workbook.Workbook object at 0x0000000003BF4160>
[2017-10-10 23:49:30] [INFO] [(6, '登录密码错误时提示信息是否正确 ', 'Pass', '2017-10-10 23:49:22', '2017-10-10 23:49:30', '0:00:08', '')]
[2017-10-10 23:49:33] [INFO] <xlrd.book.Book object at 0x0000000003B83668>
[2017-10-10 23:49:33] [INFO] <xlwt.Workbook.Workbook object at 0x0000000003C0A518>
[2017-10-10 23:50:09] [INFO] 请输入子网掩码。
[2017-10-10 23:50:09] [INFO] [(7, '不输入子网掩码时的错误信息提示 ', 'Pass', '2017-10-10 23:49:39', '2017-10-10 23:50:09', '0:00:30', '')]
[2017-10-10 23:50:12] [INFO] <xlrd.book.Book object at 0x0000000003B68240>
[2017-10-10 23:50:12] [INFO] <xlwt.Workbook.Workbook object at 0x0000000003C14A90>
[2017-10-10 23:50:47] [INFO] 请输入默认网关地址。
[2017-10-10 23:50:47] [INFO] [(8, '不输入默认网关时的错误信息提示 ', 'Pass', '2017-10-10 23:50:17', '2017-10-10 23:50:47', '0:00:30', '')]
[2017-10-10 23:50:50] [INFO] <xlrd.book.Book object at 0x0000000003B68240>
[2017-10-10 23:50:50] [INFO] <xlwt.Workbook.Workbook object at 0x0000000003C96B38>
[2017-10-10 23:51:23] [INFO] IP地址含非法字符，请重新输入。
[2017-10-10 23:51:26] [INFO] IP地址含非法字符，请重新输入。
[2017-10-10 23:51:30] [INFO] IP地址含非法字符，请重新输入。
[2017-10-10 23:51:33] [INFO] IP地址含非法字符，请重新输入。
[2017-10-10 23:51:36] [INFO] IP地址格式错误，请重新输入。
[2017-10-10 23:51:40] [INFO] IP地址含非法字符，请重新输入。
[2017-10-10 23:51:40] [INFO] [(9, '非法格式的IP地址输入时提示信息检查 ', 'Pass', '2017-10-10 23:50:55', '2017-10-10 23:51:40', '0:00:45', '')]
[2017-10-10 23:51:43] [INFO] <xlrd.book.Book object at 0x0000000003B68208>
[2017-10-10 23:51:43] [INFO] <xlwt.Workbook.Workbook object at 0x0000000003C15B38>
[2017-10-10 23:52:19] [INFO] 子网掩码不正确，请重新输入。
[2017-10-10 23:52:24] [INFO] 子网掩码不正确，请重新输入。
[2017-10-10 23:52:29] [INFO] 子网掩码不正确，请重新输入。
[2017-10-10 23:52:35] [INFO] 子网掩码不正确，请重新输入。
[2017-10-10 23:52:40] [INFO] 子网掩码不正确，请重新输入。
[2017-10-10 23:52:45] [INFO] 子网掩码不正确，请重新输入。
[2017-10-10 23:52:45] [INFO] [(10, '非法格式的子网掩码输入时，提示信息检查 ', 'Pass', '2017-10-10 23:51:48', '2017-10-10 23:52:45', '0:00:57', '')]
[2017-10-10 23:52:49] [INFO] <xlrd.book.Book object at 0x0000000003B68208>
[2017-10-10 23:52:49] [INFO] <xlwt.Workbook.Workbook object at 0x0000000003CAC748>
[2017-10-10 23:53:24] [INFO] 默认网关错误，请重新输入。
[2017-10-10 23:53:29] [INFO] 默认网关错误，请重新输入。
[2017-10-10 23:53:34] [INFO] 默认网关错误，请重新输入。
[2017-10-10 23:53:40] [INFO] 默认网关错误，请重新输入。
[2017-10-10 23:53:45] [INFO] 默认网关错误，请重新输入。
[2017-10-10 23:53:50] [INFO] 默认网关错误，请重新输入。
[2017-10-10 23:53:50] [INFO] [(11, '非法格式的默认网关输入时，提示信息检查 ', 'Pass', '2017-10-10 23:52:54', '2017-10-10 23:53:50', '0:00:56', '')]
[2017-10-10 23:53:53] [INFO] <xlrd.book.Book object at 0x0000000003B68208>
[2017-10-10 23:53:53] [INFO] <xlwt.Workbook.Workbook object at 0x0000000003CB0828>
[2017-10-10 23:54:41] [INFO] [(12, '是否可以成功设置静态IP ', 'Pass', '2017-10-10 23:53:59', '2017-10-10 23:54:41', '0:00:42', '')]
[2017-10-10 23:54:41] [INFO] 测试完成后将上网方式恢复为自动获取
[2017-10-10 23:55:04] [INFO] <xlrd.book.Book object at 0x0000000003B69198>
[2017-10-10 23:55:04] [INFO] <xlwt.Workbook.Workbook object at 0x0000000003C99CC0>
[2017-10-10 23:55:30] [INFO] [(13, '是否能顺利跳转到lan页面 ', 'Pass', '2017-10-10 23:55:10', '2017-10-10 23:55:30', '0:00:20', '')]
[2017-10-10 23:55:34] [INFO] <xlrd.book.Book object at 0x0000000003B6A4A8>
[2017-10-10 23:55:34] [INFO] <xlwt.Workbook.Workbook object at 0x0000000003C0BD30>
[2017-10-10 23:55:55] [INFO] 默认的局域网地址:
[2017-10-10 23:55:55] [INFO] 默认的dhcp状态是：checkbox_off
[2017-10-10 23:55:55] [INFO] 默认的初始IP地址池：
[2017-10-10 23:55:55] [INFO] 默认的结束IP地址池： 
[2017-10-10 23:55:55] [INFO] [(14, 'lan页面默认项检查 ', 'Pass', '2017-10-10 23:55:39', '2017-10-10 23:55:55', '0:00:16', '')]
[2017-10-10 23:55:58] [INFO] <xlrd.book.Book object at 0x0000000003B69400>
[2017-10-10 23:55:58] [INFO] <xlwt.Workbook.Workbook object at 0x0000000003C0DDD8>
[2017-10-10 23:56:30] [INFO] [(15, 'lan页面不输入局域网地址时的提示语检查 ', 'Pass', '2017-10-10 23:56:04', '2017-10-10 23:56:30', '0:00:26', '')]
[2017-10-10 23:56:33] [INFO] <xlrd.book.Book object at 0x0000000003B6A4A8>
[2017-10-10 23:56:33] [INFO] <xlwt.Workbook.Workbook object at 0x0000000003C0EEF0>
[2017-10-10 23:57:01] [INFO] IP地址含非法字符，请重新输入。
[2017-10-10 23:57:03] [INFO] IP地址含非法字符，请重新输入。
[2017-10-10 23:57:06] [INFO] IP地址含非法字符，请重新输入。
[2017-10-10 23:57:08] [INFO] IP地址含非法字符，请重新输入。
[2017-10-10 23:57:10] [INFO] IP地址格式错误，请重新输入。
[2017-10-10 23:57:13] [INFO] IP地址含非法字符，请重新输入。
[2017-10-10 23:57:13] [INFO] [(16, 'lan页面输入格式错误的局域网地址时的提示语检查 ', 'Pass', '2017-10-10 23:56:38', '2017-10-10 23:57:13', '0:00:35', '')]
[2017-10-10 23:57:16] [INFO] <xlrd.book.Book object at 0x0000000003B694A8>
[2017-10-10 23:57:16] [INFO] <xlwt.Workbook.Workbook object at 0x0000000003D2A080>
[2017-10-10 23:58:50] [INFO] [(17, 'lan页面修改局域网地址是否可以成功 ', 'Pass', '2017-10-10 23:57:22', '2017-10-10 23:58:50', '0:01:28', '')]
[2017-10-10 23:58:50] [INFO] 测试完成后修改到原来的IP
[2017-10-11 00:00:07] [INFO] <xlrd.book.Book object at 0x0000000003B694A8>
[2017-10-11 00:00:07] [INFO] <xlwt.Workbook.Workbook object at 0x0000000003C4DDA0>
[2017-10-11 00:00:45] [INFO] 地址池开始值错误，请重新输入。
[2017-10-11 00:00:45] [INFO] [(18, '开始IP地址非法时提示信息检查 ', 'Pass', '2017-10-11 00:00:14', '2017-10-11 00:00:45', '0:00:31', '')]
[2017-10-11 00:00:48] [INFO] <xlrd.book.Book object at 0x0000000003B5A4E0>
[2017-10-11 00:00:48] [INFO] <xlwt.Workbook.Workbook object at 0x0000000003D351D0>
[2017-10-11 00:01:23] [INFO] 地址池结束值错误，请重新输入。
[2017-10-11 00:01:23] [INFO] [(19, '结束IP地址非法时提示信息检查 ', 'Pass', '2017-10-11 00:00:54', '2017-10-11 00:01:23', '0:00:29', '')]
[2017-10-11 00:01:26] [INFO] <xlrd.book.Book object at 0x0000000003B694A8>
[2017-10-11 00:01:26] [INFO] <xlwt.Workbook.Workbook object at 0x0000000003C15208>
[2017-10-11 00:02:04] [INFO] 地址池结束值不能小于开始值，请重新输入。
[2017-10-11 00:02:04] [INFO] [(20, '开始IP地址大于结束IP地址时，提示语检查 ', 'Pass', '2017-10-11 00:01:32', '2017-10-11 00:02:04', '0:00:32', '')]
[2017-10-11 00:02:07] [INFO] <xlrd.book.Book object at 0x0000000003B69278>
[2017-10-11 00:02:07] [INFO] <xlwt.Workbook.Workbook object at 0x0000000003C16208>
[2017-10-11 00:02:49] [INFO] [(21, '开始ip地址和结束IP地址都合法时，是否可以成功保存 ', 'Pass', '2017-10-11 00:02:12', '2017-10-11 00:02:49', '0:00:37', '')]
[2017-10-11 00:02:52] [INFO] <xlrd.book.Book object at 0x0000000003B5A4E0>
[2017-10-11 00:02:52] [INFO] <xlwt.Workbook.Workbook object at 0x0000000003C17358>
[2017-10-11 00:03:23] [INFO] [(22, 'DHCP 能否被正确关闭 ', 'Pass', '2017-10-11 00:02:58', '2017-10-11 00:03:23', '0:00:25', '')]
[2017-10-11 00:03:27] [INFO] <xlrd.book.Book object at 0x0000000003B694A8>
[2017-10-11 00:03:27] [INFO] <xlwt.Workbook.Workbook object at 0x0000000003C121D0>
[2017-10-11 00:03:50] [INFO] [(23, '是否能顺利跳转到无线wifi设置界面 ', 'Pass', '2017-10-11 00:03:32', '2017-10-11 00:03:50', '0:00:18', '')]
[2017-10-11 00:03:53] [INFO] <xlrd.book.Book object at 0x0000000003B6D0F0>
[2017-10-11 00:03:53] [INFO] <xlwt.Workbook.Workbook object at 0x0000000003C8CD68>
[2017-10-11 00:04:16] [INFO] wifiname:frt_test
[2017-10-11 00:04:16] [INFO] wifiname:iot123321
[2017-10-11 00:04:16] [INFO] [(24, 'wifi页面默认项检查 ', 'Pass', '2017-10-11 00:03:59', '2017-10-11 00:04:16', '0:00:17', '')]
[2017-10-11 00:04:19] [INFO] <xlrd.book.Book object at 0x0000000003B6F048>
[2017-10-11 00:04:19] [INFO] <xlwt.Workbook.Workbook object at 0x0000000003C0CDD8>
[2017-10-11 00:08:32] [INFO] [(25, 'wifi名称各种组合是否支持 ', 'Pass', '2017-10-11 00:04:25', '2017-10-11 00:08:32', '0:04:07', '')]
[2017-10-11 00:08:36] [INFO] <xlrd.book.Book object at 0x0000000003B6D0F0>
[2017-10-11 00:08:36] [INFO] <xlwt.Workbook.Workbook object at 0x0000000003CD2EB8>
[2017-10-11 00:09:00] [INFO] 请输入2.4G无线名称。
[2017-10-11 00:09:00] [INFO] [(26, '不输入wifi名称时的提示语检查 ', 'Pass', '2017-10-11 00:08:42', '2017-10-11 00:09:00', '0:00:18', '')]
[2017-10-11 00:09:03] [INFO] <xlrd.book.Book object at 0x0000000003B6E048>
[2017-10-11 00:09:03] [INFO] <xlwt.Workbook.Workbook object at 0x0000000003C0FF60>
[2017-10-11 00:09:51] [INFO] [(27, '不输入wifi密码时是否可以保存成功 ', 'Pass', '2017-10-11 00:09:09', '2017-10-11 00:09:51', '0:00:42', '')]
[2017-10-11 00:09:51] [INFO] 测试完成后恢复wifi密码
[2017-10-11 00:10:16] [INFO] <xlrd.book.Book object at 0x0000000003B6E080>
[2017-10-11 00:10:16] [INFO] <xlwt.Workbook.Workbook object at 0x0000000003CD30F0>
[2017-10-11 00:10:56] [INFO] [(28, '输入错误格式的wifi 密码，提示语检查 ', 'Pass', '2017-10-11 00:10:23', '2017-10-11 00:10:56', '0:00:33', '')]
[2017-10-11 00:10:56] [INFO] 测试完成恢复wifi密码
[2017-10-11 00:11:22] [INFO] <xlrd.book.Book object at 0x0000000003B6E080>
[2017-10-11 00:11:22] [INFO] <xlwt.Workbook.Workbook object at 0x0000000003C1F0B8>
[2017-10-11 00:14:19] [INFO] [(29, '是否支持各种格式的wifi密码 ', 'Pass', '2017-10-11 00:11:28', '2017-10-11 00:14:19', '0:02:51', '')]
[2017-10-11 00:14:19] [INFO] 测试完成恢复wifi密码
[2017-10-11 00:14:45] [INFO] <xlrd.book.Book object at 0x0000000003B4EFD0>
[2017-10-11 00:14:46] [INFO] <xlwt.Workbook.Workbook object at 0x0000000003C490B8>
[2017-10-11 00:15:18] [INFO] no found
[2017-10-11 00:15:18] [INFO] no found
[2017-10-11 00:15:18] [INFO] no found
[2017-10-11 00:15:18] [INFO] no found
[2017-10-11 00:15:18] [INFO] no found
[2017-10-11 00:15:18] [INFO] no found
[2017-10-11 00:15:18] [INFO] no found
[2017-10-11 00:15:18] [INFO] no found
[2017-10-11 00:15:18] [INFO] no found
[2017-10-11 00:15:18] [INFO] no found
[2017-10-11 00:15:18] [INFO] no found
[2017-10-11 00:15:18] [INFO] no found
[2017-10-11 00:15:18] [INFO] no found
[2017-10-11 00:15:18] [INFO] no found
[2017-10-11 00:15:18] [INFO] no found
[2017-10-11 00:15:18] [INFO] no found
[2017-10-11 00:15:18] [INFO] no found
[2017-10-11 00:15:18] [INFO] no found
[2017-10-11 00:15:18] [INFO] no found
[2017-10-11 00:15:18] [INFO] no found
[2017-10-11 00:15:18] [INFO] no found
[2017-10-11 00:15:18] [INFO] no found
[2017-10-11 00:15:18] [INFO] no found
[2017-10-11 00:15:18] [INFO] no found
[2017-10-11 00:15:18] [INFO] no found
[2017-10-11 00:15:18] [INFO] no found
[2017-10-11 00:15:18] [INFO] no found
[2017-10-11 00:15:18] [INFO] no found
[2017-10-11 00:15:18] [INFO] no found
[2017-10-11 00:15:18] [INFO] no found
[2017-10-11 00:15:18] [INFO] no found
[2017-10-11 00:15:18] [INFO] no found
[2017-10-11 00:15:18] [INFO] no found
[2017-10-11 00:15:18] [INFO] no found
[2017-10-11 00:15:18] [INFO] no found
[2017-10-11 00:15:18] [INFO] no found
[2017-10-11 00:15:18] [INFO] no found
[2017-10-11 00:15:18] [INFO] no found
[2017-10-11 00:15:18] [INFO] no found
[2017-10-11 00:15:18] [INFO] no found
[2017-10-11 00:15:18] [INFO] no found
[2017-10-11 00:15:18] [INFO] no found
[2017-10-11 00:15:18] [INFO] no found
[2017-10-11 00:15:18] [INFO] no found
[2017-10-11 00:15:18] [INFO] no found
[2017-10-11 00:15:18] [INFO] no found
[2017-10-11 00:15:18] [INFO] no found
[2017-10-11 00:15:18] [INFO] no found
[2017-10-11 00:15:18] [INFO] no found
[2017-10-11 00:15:18] [INFO] no found
[2017-10-11 00:15:18] [INFO] no found
[2017-10-11 00:15:18] [INFO] no found
[2017-10-11 00:15:18] [INFO] no found
[2017-10-11 00:15:18] [INFO] no found
[2017-10-11 00:15:18] [INFO] no found
[2017-10-11 00:15:18] [INFO] no found
[2017-10-11 00:15:18] [INFO] no found
[2017-10-11 00:15:18] [INFO] no found
[2017-10-11 00:15:18] [INFO] no found
[2017-10-11 00:15:18] [INFO] no found
[2017-10-11 00:15:18] [INFO] no found
[2017-10-11 00:15:18] [INFO] no found
[2017-10-11 00:15:18] [INFO] no found
[2017-10-11 00:15:18] [INFO] no found
[2017-10-11 00:15:18] [INFO] no found
[2017-10-11 00:15:18] [INFO] no found
[2017-10-11 00:15:18] [INFO] no found
[2017-10-11 00:15:18] [INFO] no found
[2017-10-11 00:15:18] [INFO] no found
[2017-10-11 00:15:18] [INFO] no found
[2017-10-11 00:15:18] [INFO] no found
[2017-10-11 00:15:18] [INFO] no found
[2017-10-11 00:15:18] [INFO] no found
[2017-10-11 00:15:18] [INFO] no found
[2017-10-11 00:15:18] [INFO] no found
[2017-10-11 00:15:18] [INFO] no found
[2017-10-11 00:15:18] [INFO] no found
[2017-10-11 00:15:18] [INFO] no found
[2017-10-11 00:15:18] [INFO] no found
[2017-10-11 00:15:18] [INFO] no found
[2017-10-11 00:15:18] [INFO] no found
[2017-10-11 00:15:18] [INFO] no found
[2017-10-11 00:15:18] [INFO] no found
[2017-10-11 00:15:18] [INFO] no found
[2017-10-11 00:15:18] [INFO] no found
[2017-10-11 00:15:18] [INFO] no found
[2017-10-11 00:15:18] [INFO] no found
[2017-10-11 00:15:18] [INFO] no found
[2017-10-11 00:15:18] [INFO] no found
[2017-10-11 00:15:18] [INFO] no found
[2017-10-11 00:15:18] [INFO] no found
[2017-10-11 00:15:18] [INFO] no found
[2017-10-11 00:15:18] [INFO] no found
[2017-10-11 00:15:18] [INFO] no found
[2017-10-11 00:15:18] [INFO] no found
[2017-10-11 00:15:18] [INFO] no found
[2017-10-11 00:15:18] [INFO] no found
[2017-10-11 00:15:18] [INFO] no found
[2017-10-11 00:15:18] [INFO] no found
[2017-10-11 00:15:18] [INFO] no found
[2017-10-11 00:15:18] [INFO] no found
[2017-10-11 00:15:18] [INFO] no found
[2017-10-11 00:15:18] [INFO] no found
[2017-10-11 00:15:18] [INFO] no found
[2017-10-11 00:15:18] [INFO] no found
[2017-10-11 00:15:18] [INFO] no found
[2017-10-11 00:15:18] [INFO] no found
[2017-10-11 00:15:18] [INFO] no found
[2017-10-11 00:15:18] [INFO] no found
[2017-10-11 00:15:18] [INFO] no found
[2017-10-11 00:15:18] [INFO] no found
[2017-10-11 00:15:18] [INFO] no found
[2017-10-11 00:15:18] [INFO] no found
[2017-10-11 00:15:18] [INFO] no found
[2017-10-11 00:15:18] [INFO] no found
[2017-10-11 00:15:18] [INFO] no found
[2017-10-11 00:15:18] [INFO] no found
[2017-10-11 00:15:18] [INFO] no found
[2017-10-11 00:15:18] [INFO] no found
[2017-10-11 00:15:18] [INFO] no found
[2017-10-11 00:15:18] [INFO] no found
[2017-10-11 00:15:18] [INFO] no found
[2017-10-11 00:15:18] [INFO] no found
[2017-10-11 00:15:18] [INFO] no found
[2017-10-11 00:15:18] [INFO] no found
[2017-10-11 00:15:18] [INFO] no found
[2017-10-11 00:15:18] [INFO] no found
[2017-10-11 00:15:18] [INFO] no found
[2017-10-11 00:15:18] [INFO] no found
[2017-10-11 00:15:18] [INFO] no found
[2017-10-11 00:15:18] [INFO] no found
[2017-10-11 00:15:18] [INFO] no found
[2017-10-11 00:15:18] [INFO] no found
[2017-10-11 00:15:18] [INFO] no found
[2017-10-11 00:15:18] [INFO] no found
[2017-10-11 00:15:18] [INFO] no found
[2017-10-11 00:15:18] [INFO] no found
[2017-10-11 00:15:18] [INFO] no found
[2017-10-11 00:15:18] [INFO] no found
[2017-10-11 00:15:18] [INFO] [(30, '关闭wifi 后，查看电脑的无线列表 ', 'Pass', '2017-10-11 00:14:52', '2017-10-11 00:15:18', '0:00:26', '')]
[2017-10-11 00:15:18] [INFO] 测试完成后恢复到wifi打开的状态
[2017-10-11 00:15:27] [INFO] <xlrd.book.Book object at 0x0000000003B6E080>
[2017-10-11 00:15:27] [INFO] <xlwt.Workbook.Workbook object at 0x0000000003C9A128>
[2017-10-11 00:16:27] [INFO] no found
[2017-10-11 00:16:27] [INFO] no found
[2017-10-11 00:16:27] [INFO] no found
[2017-10-11 00:16:27] [INFO] no found
[2017-10-11 00:16:27] [INFO] no found
[2017-10-11 00:16:27] [INFO] no found
[2017-10-11 00:16:27] [INFO] no found
[2017-10-11 00:16:27] [INFO] no found
[2017-10-11 00:16:27] [INFO] no found
[2017-10-11 00:16:27] [INFO] no found
[2017-10-11 00:16:27] [INFO] no found
[2017-10-11 00:16:27] [INFO] no found
[2017-10-11 00:16:27] [INFO] no found
[2017-10-11 00:16:27] [INFO] no found
[2017-10-11 00:16:27] [INFO] no found
[2017-10-11 00:16:27] [INFO] no found
[2017-10-11 00:16:27] [INFO] no found
[2017-10-11 00:16:27] [INFO] no found
[2017-10-11 00:16:27] [INFO] no found
[2017-10-11 00:16:27] [INFO] no found
[2017-10-11 00:16:27] [INFO] no found
[2017-10-11 00:16:27] [INFO] no found
[2017-10-11 00:16:27] [INFO] no found
[2017-10-11 00:16:27] [INFO] no found
[2017-10-11 00:16:27] [INFO] no found
[2017-10-11 00:16:27] [INFO] no found
[2017-10-11 00:16:27] [INFO] no found
[2017-10-11 00:16:27] [INFO] no found
[2017-10-11 00:16:27] [INFO] no found
[2017-10-11 00:16:27] [INFO] no found
[2017-10-11 00:16:27] [INFO] no found
[2017-10-11 00:16:27] [INFO] no found
[2017-10-11 00:16:27] [INFO] no found
[2017-10-11 00:16:27] [INFO] no found
[2017-10-11 00:16:27] [INFO] no found
[2017-10-11 00:16:27] [INFO] no found
[2017-10-11 00:16:27] [INFO] no found
[2017-10-11 00:16:27] [INFO] no found
[2017-10-11 00:16:27] [INFO] no found
[2017-10-11 00:16:27] [INFO] no found
[2017-10-11 00:16:27] [INFO] no found
[2017-10-11 00:16:27] [INFO] no found
[2017-10-11 00:16:27] [INFO] no found
[2017-10-11 00:16:27] [INFO] no found
[2017-10-11 00:16:27] [INFO] no found
[2017-10-11 00:16:27] [INFO] no found
[2017-10-11 00:16:27] [INFO] no found
[2017-10-11 00:16:27] [INFO] no found
[2017-10-11 00:16:27] [INFO] no found
[2017-10-11 00:16:27] [INFO] no found
[2017-10-11 00:16:27] [INFO] no found
[2017-10-11 00:16:27] [INFO] no found
[2017-10-11 00:16:27] [INFO] no found
[2017-10-11 00:16:27] [INFO] no found
[2017-10-11 00:16:27] [INFO] no found
[2017-10-11 00:16:27] [INFO] no found
[2017-10-11 00:16:27] [INFO] no found
[2017-10-11 00:16:27] [INFO] no found
[2017-10-11 00:16:27] [INFO] no found
[2017-10-11 00:16:27] [INFO] no found
[2017-10-11 00:16:27] [INFO] no found
[2017-10-11 00:16:27] [INFO] no found
[2017-10-11 00:16:27] [INFO] no found
[2017-10-11 00:16:27] [INFO] no found
[2017-10-11 00:16:27] [INFO] no found
[2017-10-11 00:16:27] [INFO] no found
[2017-10-11 00:16:27] [INFO] no found
[2017-10-11 00:16:27] [INFO] no found
[2017-10-11 00:16:27] [INFO] no found
[2017-10-11 00:16:27] [INFO] no found
[2017-10-11 00:16:27] [INFO] no found
[2017-10-11 00:16:27] [INFO] no found
[2017-10-11 00:16:27] [INFO] no found
[2017-10-11 00:16:27] [INFO] no found
[2017-10-11 00:16:27] [INFO] no found
[2017-10-11 00:16:27] [INFO] no found
[2017-10-11 00:16:27] [INFO] no found
[2017-10-11 00:16:27] [INFO] no found
[2017-10-11 00:16:27] [INFO] no found
[2017-10-11 00:16:27] [INFO] no found
[2017-10-11 00:16:27] [INFO] no found
[2017-10-11 00:16:27] [INFO] no found
[2017-10-11 00:16:27] [INFO] no found
[2017-10-11 00:16:27] [INFO] no found
[2017-10-11 00:16:27] [INFO] no found
[2017-10-11 00:16:27] [INFO] no found
[2017-10-11 00:16:27] [INFO] no found
[2017-10-11 00:16:27] [INFO] no found
[2017-10-11 00:16:27] [INFO] no found
[2017-10-11 00:16:27] [INFO] no found
[2017-10-11 00:16:27] [INFO] no found
[2017-10-11 00:16:27] [INFO] no found
[2017-10-11 00:16:27] [INFO] no found
[2017-10-11 00:16:27] [INFO] no found
[2017-10-11 00:16:27] [INFO] no found
[2017-10-11 00:16:27] [INFO] no found
[2017-10-11 00:16:27] [INFO] no found
[2017-10-11 00:16:27] [INFO] no found
[2017-10-11 00:16:27] [INFO] no found
[2017-10-11 00:16:27] [INFO] no found
[2017-10-11 00:16:27] [INFO] no found
[2017-10-11 00:16:27] [INFO] no found
[2017-10-11 00:16:27] [INFO] no found
[2017-10-11 00:16:27] [INFO] no found
[2017-10-11 00:16:27] [INFO] no found
[2017-10-11 00:16:27] [INFO] no found
[2017-10-11 00:16:27] [INFO] no found
[2017-10-11 00:16:27] [INFO] no found
[2017-10-11 00:16:27] [INFO] no found
[2017-10-11 00:16:27] [INFO] no found
[2017-10-11 00:16:27] [INFO] no found
[2017-10-11 00:16:27] [INFO] no found
[2017-10-11 00:16:27] [INFO] no found
[2017-10-11 00:16:27] [INFO] no found
[2017-10-11 00:16:27] [INFO] no found
[2017-10-11 00:16:27] [INFO] no found
[2017-10-11 00:16:27] [INFO] no found
[2017-10-11 00:16:27] [INFO] no found
[2017-10-11 00:16:27] [INFO] no found
[2017-10-11 00:16:27] [INFO] no found
[2017-10-11 00:16:27] [INFO] no found
[2017-10-11 00:16:27] [INFO] no found
[2017-10-11 00:16:27] [INFO] no found
[2017-10-11 00:16:27] [INFO] no found
[2017-10-11 00:16:27] [INFO] no found
[2017-10-11 00:16:27] [INFO] no found
[2017-10-11 00:16:27] [INFO] no found
[2017-10-11 00:16:27] [INFO] no found
[2017-10-11 00:16:27] [INFO] no found
[2017-10-11 00:16:27] [INFO] [(31, '关闭SSID,查看电脑列表能否搜索到wifi名称 ', 'Pass', '2017-10-11 00:15:34', '2017-10-11 00:16:27', '0:00:53', '')]
[2017-10-11 00:16:27] [INFO] 测试完成后关闭ssid隐藏
[2017-10-11 00:16:50] [INFO] <xlrd.book.Book object at 0x0000000003B6C0F0>
[2017-10-11 00:16:50] [INFO] <xlwt.Workbook.Workbook object at 0x0000000003CA8208>
[2017-10-11 00:17:19] [INFO] [(32, '不输入原密码时的提示信息检查 ', 'Pass', '2017-10-11 00:16:57', '2017-10-11 00:17:19', '0:00:22', '')]
[2017-10-11 00:17:23] [INFO] <xlrd.book.Book object at 0x0000000003B82E48>
[2017-10-11 00:17:23] [INFO] <xlwt.Workbook.Workbook object at 0x0000000003C96EB8>
[2017-10-11 00:17:54] [INFO] [(33, '不输入新密码时的提示信息检查 ', 'Pass', '2017-10-11 00:17:28', '2017-10-11 00:17:54', '0:00:26', '')]
[2017-10-11 00:17:57] [INFO] <xlrd.book.Book object at 0x0000000003B82E48>
[2017-10-11 00:17:57] [INFO] <xlwt.Workbook.Workbook object at 0x0000000003D49F98>
[2017-10-11 00:18:28] [INFO] [(34, '确认密码不输入时提示信息检查 ', 'Pass', '2017-10-11 00:18:03', '2017-10-11 00:18:28', '0:00:25', '')]
[2017-10-11 00:18:31] [INFO] <xlrd.book.Book object at 0x0000000003BBA9B0>
[2017-10-11 00:18:31] [INFO] <xlwt.Workbook.Workbook object at 0x0000000003C222E8>
[2017-10-11 00:19:03] [INFO] [(35, '确认密码与新密码不一致时的提示信息检查 ', 'Pass', '2017-10-11 00:18:37', '2017-10-11 00:19:03', '0:00:26', '')]
[2017-10-11 00:19:06] [INFO] <xlrd.book.Book object at 0x0000000003BBA6D8>
[2017-10-11 00:19:06] [INFO] <xlwt.Workbook.Workbook object at 0x0000000003C24320>
[2017-10-11 00:19:38] [INFO] [(36, '原密码错误时提示信息检查 ', 'Pass', '2017-10-11 00:19:12', '2017-10-11 00:19:38', '0:00:26', '')]
[2017-10-11 00:19:41] [INFO] <xlrd.book.Book object at 0x0000000003BBA9E8>
[2017-10-11 00:19:41] [INFO] <xlwt.Workbook.Workbook object at 0x0000000003C24358>
[2017-10-11 00:20:12] [INFO] [(37, '新密码格式错误时提示信息检查 ', 'Pass', '2017-10-11 00:19:47', '2017-10-11 00:20:12', '0:00:25', '')]
[2017-10-11 00:20:15] [INFO] <xlrd.book.Book object at 0x0000000003B82E80>
[2017-10-11 00:20:15] [INFO] <xlwt.Workbook.Workbook object at 0x0000000003DFF0F0>
[2017-10-11 00:21:18] [INFO] [(38, '修改登录密码查看是否可以登录成功', 'Pass', '2017-10-11 00:20:22', '2017-10-11 00:21:18', '0:00:56', '')]
[2017-10-11 00:21:18] [INFO] 测试完成恢复登录密码
[2017-10-11 00:21:33] [INFO] <xlrd.book.Book object at 0x0000000003B82E10>
[2017-10-11 00:21:33] [INFO] <xlwt.Workbook.Workbook object at 0x0000000003C29E48>
[2017-10-11 00:22:10] [INFO] [(39, '检查时区能否正确改变 ', 'Pass', '2017-10-11 00:21:40', '2017-10-11 00:22:10', '0:00:30', '')]
[2017-10-11 00:22:10] [INFO] 测试完成恢复时区
[2017-10-11 00:22:16] [INFO] <xlrd.book.Book object at 0x0000000003B83DA0>
[2017-10-11 00:22:16] [INFO] <xlwt.Workbook.Workbook object at 0x0000000003C1EE48>
[2017-10-11 00:22:57] [INFO] ./upgrade/upload.exe E:\wifitest\upgrade\eeee.png
[2017-10-11 00:22:57] [INFO] 开始用autoit3脚本控制选择本地文件
[2017-10-11 00:23:10] [INFO] [(41, '重启路由器 ', 'Pass', '2017-10-11 00:22:23', '2017-10-11 00:23:10', '0:00:47', '')]
[2017-10-11 00:23:13] [INFO] <xlrd.book.Book object at 0x0000000003B82E48>
[2017-10-11 00:23:13] [INFO] <xlwt.Workbook.Workbook object at 0x0000000003C20160>
[2017-10-11 00:25:14] [INFO] [(41, '重启功能检查 ', 'Pass', '2017-10-11 00:23:20', '2017-10-11 00:25:14', '0:01:54', '')]
[2017-10-11 00:25:17] [INFO] <xlrd.book.Book object at 0x0000000003B82E48>
[2017-10-11 00:25:17] [INFO] <xlwt.Workbook.Workbook object at 0x0000000003CCE198>
[2017-10-11 00:25:49] [INFO] [(42, '取消重启检查 ', 'Pass', '2017-10-11 00:25:23', '2017-10-11 00:25:49', '0:00:26', '')]
[2017-10-11 00:25:53] [INFO] <xlrd.book.Book object at 0x0000000003B82E48>
[2017-10-11 00:25:53] [INFO] <xlwt.Workbook.Workbook object at 0x0000000003CAE1D0>
[2017-10-11 00:26:14] [INFO] [(43, '退出系统 ', 'Pass', '2017-10-11 00:25:58', '2017-10-11 00:26:14', '0:00:16', '')]
[2017-10-11 00:26:17] [INFO] <xlrd.book.Book object at 0x0000000003B826D8>
[2017-10-11 00:26:17] [INFO] <xlwt.Workbook.Workbook object at 0x0000000003C12320>
[2017-10-11 00:26:17] [INFO] 发送邮件
