[2017-10-11 18:07:23] [INFO] test_goto_login: test START 
[2017-10-11 18:07:28] [INFO] [(1, '登录页面跳转测试 ', 'Pass', '2017-10-11 18:07:23', '2017-10-11 18:07:28', '0:00:05', '')]
[2017-10-11 18:07:31] [INFO] <xlrd.book.Book object at 0x0000000003B83588>
[2017-10-11 18:07:31] [INFO] <xlwt.Workbook.Workbook object at 0x0000000003C0B080>
[2017-10-11 18:07:53] [INFO] [(2, '正确密码是否可成功登录测试 ', 'Pass', '2017-10-11 18:07:37', '2017-10-11 18:07:53', '0:00:16', '')]
[2017-10-11 18:07:56] [INFO] <xlrd.book.Book object at 0x0000000003B864E0>
[2017-10-11 18:07:56] [INFO] <xlwt.Workbook.Workbook object at 0x0000000003C04EF0>
[2017-10-11 18:08:20] [INFO] [(3, '是否能顺利跳转到wan 界面 ', 'Pass', '2017-10-11 18:08:02', '2017-10-11 18:08:20', '0:00:18', '')]
[2017-10-11 18:08:23] [INFO] <xlrd.book.Book object at 0x0000000003B68160>
[2017-10-11 18:08:23] [INFO] <xlwt.Workbook.Workbook object at 0x0000000003C0C588>
[2017-10-11 18:09:00] [INFO] 请输入IP地址。
[2017-10-11 18:09:00] [INFO] [(4, '没有IP地址输入时的错误信息提示 ', 'Pass', '2017-10-11 18:08:30', '2017-10-11 18:09:00', '0:00:30', '')]
[2017-10-11 18:09:03] [INFO] <xlrd.book.Book object at 0x0000000003B6A128>
[2017-10-11 18:09:03] [INFO] <xlwt.Workbook.Workbook object at 0x0000000003C117F0>
[2017-10-11 18:09:19] [INFO] [(5, '不填写密码时的提示信息是否正确 ', 'Pass', '2017-10-11 18:09:09', '2017-10-11 18:09:19', '0:00:10', '')]
[2017-10-11 18:09:23] [INFO] <xlrd.book.Book object at 0x0000000003B86550>
[2017-10-11 18:09:23] [INFO] <xlwt.Workbook.Workbook object at 0x0000000003CA9630>
[2017-10-11 18:09:42] [INFO] [(6, '登录密码错误时提示信息是否正确 ', 'Pass', '2017-10-11 18:09:31', '2017-10-11 18:09:42', '0:00:11', '')]
[2017-10-11 18:09:45] [INFO] <xlrd.book.Book object at 0x0000000003B86550>
[2017-10-11 18:09:45] [INFO] <xlwt.Workbook.Workbook object at 0x0000000003C0A438>
[2017-10-11 18:10:23] [INFO] 请输入子网掩码。
[2017-10-11 18:10:23] [INFO] [(7, '不输入子网掩码时的错误信息提示 ', 'Pass', '2017-10-11 18:09:52', '2017-10-11 18:10:23', '0:00:31', '')]
[2017-10-11 18:10:26] [INFO] <xlrd.book.Book object at 0x0000000003B68128>
[2017-10-11 18:10:26] [INFO] <xlwt.Workbook.Workbook object at 0x0000000003C12978>
[2017-10-11 18:11:01] [INFO] 请输入默认网关地址。
[2017-10-11 18:11:01] [INFO] [(8, '不输入默认网关时的错误信息提示 ', 'Pass', '2017-10-11 18:10:31', '2017-10-11 18:11:01', '0:00:30', '')]
[2017-10-11 18:11:04] [INFO] <xlrd.book.Book object at 0x0000000003B68128>
[2017-10-11 18:11:04] [INFO] <xlwt.Workbook.Workbook object at 0x0000000003C96A20>
[2017-10-11 18:11:37] [INFO] IP地址含非法字符，请重新输入。
[2017-10-11 18:11:41] [INFO] IP地址含非法字符，请重新输入。
[2017-10-11 18:11:44] [INFO] IP地址含非法字符，请重新输入。
[2017-10-11 18:11:47] [INFO] IP地址含非法字符，请重新输入。
[2017-10-11 18:11:51] [INFO] IP地址格式错误，请重新输入。
[2017-10-11 18:11:54] [INFO] IP地址含非法字符，请重新输入。
[2017-10-11 18:11:54] [INFO] [(9, '非法格式的IP地址输入时提示信息检查 ', 'Pass', '2017-10-11 18:11:09', '2017-10-11 18:11:54', '0:00:45', '')]
[2017-10-11 18:11:57] [INFO] <xlrd.book.Book object at 0x0000000003B6A128>
[2017-10-11 18:11:57] [INFO] <xlwt.Workbook.Workbook object at 0x0000000003C159E8>
[2017-10-11 18:12:32] [INFO] 子网掩码不正确，请重新输入。
[2017-10-11 18:12:37] [INFO] 子网掩码不正确，请重新输入。
[2017-10-11 18:12:43] [INFO] 子网掩码不正确，请重新输入。
[2017-10-11 18:12:48] [INFO] 子网掩码不正确，请重新输入。
[2017-10-11 18:12:53] [INFO] 子网掩码不正确，请重新输入。
[2017-10-11 18:12:59] [INFO] 子网掩码不正确，请重新输入。
[2017-10-11 18:12:59] [INFO] [(10, '非法格式的子网掩码输入时，提示信息检查 ', 'Pass', '2017-10-11 18:12:02', '2017-10-11 18:12:59', '0:00:57', '')]
[2017-10-11 18:13:02] [INFO] <xlrd.book.Book object at 0x0000000003B6A0F0>
[2017-10-11 18:13:02] [INFO] <xlwt.Workbook.Workbook object at 0x0000000003C19668>
[2017-10-11 18:13:39] [INFO] 默认网关错误，请重新输入。
[2017-10-11 18:13:44] [INFO] 默认网关错误，请重新输入。
[2017-10-11 18:13:49] [INFO] 默认网关错误，请重新输入。
[2017-10-11 18:13:55] [INFO] 默认网关错误，请重新输入。
[2017-10-11 18:14:00] [INFO] 默认网关错误，请重新输入。
[2017-10-11 18:14:05] [INFO] 默认网关错误，请重新输入。
[2017-10-11 18:14:05] [INFO] [(11, '非法格式的默认网关输入时，提示信息检查 ', 'Pass', '2017-10-11 18:13:08', '2017-10-11 18:14:05', '0:00:57', '')]
[2017-10-11 18:14:08] [INFO] <xlrd.book.Book object at 0x0000000003B6B080>
[2017-10-11 18:14:08] [INFO] <xlwt.Workbook.Workbook object at 0x0000000003CA06A0>
[2017-10-11 18:14:57] [INFO] [(12, '是否可以成功设置静态IP ', 'Pass', '2017-10-11 18:14:14', '2017-10-11 18:14:57', '0:00:43', '')]
[2017-10-11 18:14:57] [INFO] 测试完成后将上网方式恢复为自动获取
[2017-10-11 18:15:20] [INFO] <xlrd.book.Book object at 0x0000000003B6A0B8>
[2017-10-11 18:15:20] [INFO] <xlwt.Workbook.Workbook object at 0x0000000003CB9B70>
[2017-10-11 18:15:49] [INFO] [(13, '是否能顺利跳转到lan页面 ', 'Pass', '2017-10-11 18:15:27', '2017-10-11 18:15:49', '0:00:22', '')]
[2017-10-11 18:15:52] [INFO] <xlrd.book.Book object at 0x0000000003B69400>
[2017-10-11 18:15:52] [INFO] <xlwt.Workbook.Workbook object at 0x0000000003C0BC88>
[2017-10-11 18:16:16] [INFO] 默认的局域网地址:
[2017-10-11 18:16:16] [INFO] 默认的dhcp状态是：checkbox_off
[2017-10-11 18:16:16] [INFO] 默认的初始IP地址池：
[2017-10-11 18:16:16] [INFO] 默认的结束IP地址池： 
[2017-10-11 18:16:16] [INFO] [(14, 'lan页面默认项检查 ', 'Pass', '2017-10-11 18:15:58', '2017-10-11 18:16:16', '0:00:18', '')]
[2017-10-11 18:16:19] [INFO] <xlrd.book.Book object at 0x0000000003B69358>
[2017-10-11 18:16:19] [INFO] <xlwt.Workbook.Workbook object at 0x0000000003C0CCF8>
[2017-10-11 18:16:53] [INFO] [(15, 'lan页面不输入局域网地址时的提示语检查 ', 'Pass', '2017-10-11 18:16:25', '2017-10-11 18:16:53', '0:00:28', '')]
[2017-10-11 18:16:56] [INFO] <xlrd.book.Book object at 0x0000000003B69390>
[2017-10-11 18:16:56] [INFO] <xlwt.Workbook.Workbook object at 0x0000000003CAFDA0>
[2017-10-11 18:17:27] [INFO] IP地址含非法字符，请重新输入。
[2017-10-11 18:17:29] [INFO] IP地址含非法字符，请重新输入。
[2017-10-11 18:17:31] [INFO] IP地址含非法字符，请重新输入。
[2017-10-11 18:17:33] [INFO] IP地址含非法字符，请重新输入。
[2017-10-11 18:17:36] [INFO] IP地址格式错误，请重新输入。
[2017-10-11 18:17:38] [INFO] IP地址含非法字符，请重新输入。
[2017-10-11 18:17:38] [INFO] [(16, 'lan页面输入格式错误的局域网地址时的提示语检查 ', 'Pass', '2017-10-11 18:17:02', '2017-10-11 18:17:38', '0:00:36', '')]
[2017-10-11 18:17:41] [INFO] <xlrd.book.Book object at 0x0000000003B69390>
[2017-10-11 18:17:41] [INFO] <xlwt.Workbook.Workbook object at 0x0000000003C14E80>
[2017-10-11 18:19:18] [INFO] [(17, 'lan页面修改局域网地址是否可以成功 ', 'Pass', '2017-10-11 18:17:47', '2017-10-11 18:19:18', '0:01:31', '')]
[2017-10-11 18:19:18] [INFO] 测试完成后修改到原来的IP
[2017-10-11 18:20:34] [INFO] <xlrd.book.Book object at 0x0000000003B693C8>
[2017-10-11 18:20:34] [INFO] <xlwt.Workbook.Workbook object at 0x0000000003C4EC50>
[2017-10-11 18:21:13] [INFO] 地址池开始值错误，请重新输入。
[2017-10-11 18:21:13] [INFO] [(18, '开始IP地址非法时提示信息检查 ', 'Pass', '2017-10-11 18:20:40', '2017-10-11 18:21:13', '0:00:33', '')]
[2017-10-11 18:21:16] [INFO] <xlrd.book.Book object at 0x0000000003B693C8>
[2017-10-11 18:21:16] [INFO] <xlwt.Workbook.Workbook object at 0x0000000003C16048>
[2017-10-11 18:21:53] [INFO] 地址池结束值错误，请重新输入。
[2017-10-11 18:21:53] [INFO] [(19, '结束IP地址非法时提示信息检查 ', 'Pass', '2017-10-11 18:21:22', '2017-10-11 18:21:53', '0:00:31', '')]
[2017-10-11 18:21:56] [INFO] <xlrd.book.Book object at 0x0000000003B69390>
[2017-10-11 18:21:56] [INFO] <xlwt.Workbook.Workbook object at 0x0000000003CA60B8>
[2017-10-11 18:22:35] [INFO] 地址池结束值不能小于开始值，请重新输入。
[2017-10-11 18:22:35] [INFO] [(20, '开始IP地址大于结束IP地址时，提示语检查 ', 'Pass', '2017-10-11 18:22:02', '2017-10-11 18:22:35', '0:00:33', '')]
[2017-10-11 18:22:38] [INFO] <xlrd.book.Book object at 0x0000000003B693C8>
[2017-10-11 18:22:38] [INFO] <xlwt.Workbook.Workbook object at 0x0000000003C960F0>
[2017-10-11 18:23:22] [INFO] [(21, '开始ip地址和结束IP地址都合法时，是否可以成功保存 ', 'Pass', '2017-10-11 18:22:44', '2017-10-11 18:23:22', '0:00:38', '')]
[2017-10-11 18:23:26] [INFO] <xlrd.book.Book object at 0x0000000003B693C8>
[2017-10-11 18:23:26] [INFO] <xlwt.Workbook.Workbook object at 0x0000000003CB6198>
[2017-10-11 18:23:59] [INFO] [(22, 'DHCP 能否被正确关闭 ', 'Pass', '2017-10-11 18:23:31', '2017-10-11 18:23:59', '0:00:28', '')]
[2017-10-11 18:24:02] [INFO] <xlrd.book.Book object at 0x0000000003B69390>
[2017-10-11 18:24:02] [INFO] <xlwt.Workbook.Workbook object at 0x0000000003C12048>
[2017-10-11 18:24:25] [INFO] [(23, '是否能顺利跳转到无线wifi设置界面 ', 'Pass', '2017-10-11 18:24:08', '2017-10-11 18:24:25', '0:00:17', '')]
[2017-10-11 18:24:28] [INFO] <xlrd.book.Book object at 0x0000000003B4CDA0>
[2017-10-11 18:24:28] [INFO] <xlwt.Workbook.Workbook object at 0x0000000003C0EB70>
[2017-10-11 18:24:52] [INFO] wifiname:frt_test
[2017-10-11 18:24:52] [INFO] wifiname:iot123321
[2017-10-11 18:24:52] [INFO] [(24, 'wifi页面默认项检查 ', 'Pass', '2017-10-11 18:24:35', '2017-10-11 18:24:52', '0:00:17', '')]
[2017-10-11 18:24:55] [INFO] <xlrd.book.Book object at 0x0000000003B4CF60>
[2017-10-11 18:24:55] [INFO] <xlwt.Workbook.Workbook object at 0x0000000003C8EC50>
[2017-10-11 18:29:45] [INFO] [(25, 'wifi名称各种组合是否支持 ', 'Pass', '2017-10-11 18:25:01', '2017-10-11 18:29:45', '0:04:44', '')]
[2017-10-11 18:29:48] [INFO] <xlrd.book.Book object at 0x0000000003B4CFD0>
[2017-10-11 18:29:48] [INFO] <xlwt.Workbook.Workbook object at 0x0000000003CD1CF8>
[2017-10-11 18:30:11] [INFO] 请输入2.4G无线名称。
[2017-10-11 18:30:11] [INFO] [(26, '不输入wifi名称时的提示语检查 ', 'Pass', '2017-10-11 18:29:54', '2017-10-11 18:30:11', '0:00:17', '')]
[2017-10-11 18:30:15] [INFO] <xlrd.book.Book object at 0x0000000003B4CEF0>
[2017-10-11 18:30:15] [INFO] <xlwt.Workbook.Workbook object at 0x0000000003C92CF8>
[2017-10-11 18:31:02] [INFO] [(27, '不输入wifi密码时是否可以保存成功 ', 'Pass', '2017-10-11 18:30:20', '2017-10-11 18:31:02', '0:00:42', '')]
[2017-10-11 18:31:02] [INFO] 测试完成后恢复wifi密码
[2017-10-11 18:31:27] [INFO] <xlrd.book.Book object at 0x0000000003B4BF60>
[2017-10-11 18:31:27] [INFO] <xlwt.Workbook.Workbook object at 0x0000000003C1DEF0>
[2017-10-11 18:32:07] [INFO] [(28, '输入错误格式的wifi 密码，提示语检查 ', 'Pass', '2017-10-11 18:31:34', '2017-10-11 18:32:07', '0:00:33', '')]
[2017-10-11 18:32:07] [INFO] 测试完成恢复wifi密码
[2017-10-11 18:32:33] [INFO] <xlrd.book.Book object at 0x0000000003B4BEF0>
[2017-10-11 18:32:33] [INFO] <xlwt.Workbook.Workbook object at 0x0000000003C1AE80>
[2017-10-11 18:35:56] [INFO] [(29, '是否支持各种格式的wifi密码 ', 'Pass', '2017-10-11 18:32:40', '2017-10-11 18:35:56', '0:03:16', '')]
[2017-10-11 18:35:56] [INFO] 测试完成恢复wifi密码
[2017-10-11 18:36:28] [INFO] <xlrd.book.Book object at 0x0000000003B4BEF0>
[2017-10-11 18:36:28] [INFO] <xlwt.Workbook.Workbook object at 0x0000000003D74E80>
[2017-10-11 18:37:00] [INFO] no found
[2017-10-11 18:37:00] [INFO] no found
[2017-10-11 18:37:00] [INFO] no found
[2017-10-11 18:37:00] [INFO] no found
[2017-10-11 18:37:00] [INFO] no found
[2017-10-11 18:37:00] [INFO] no found
[2017-10-11 18:37:00] [INFO] no found
[2017-10-11 18:37:00] [INFO] no found
[2017-10-11 18:37:00] [INFO] no found
[2017-10-11 18:37:00] [INFO] no found
[2017-10-11 18:37:00] [INFO] no found
[2017-10-11 18:37:00] [INFO] no found
[2017-10-11 18:37:00] [INFO] no found
[2017-10-11 18:37:00] [INFO] no found
[2017-10-11 18:37:00] [INFO] no found
[2017-10-11 18:37:00] [INFO] no found
[2017-10-11 18:37:00] [INFO] no found
[2017-10-11 18:37:00] [INFO] no found
[2017-10-11 18:37:00] [INFO] no found
[2017-10-11 18:37:00] [INFO] no found
[2017-10-11 18:37:00] [INFO] no found
[2017-10-11 18:37:00] [INFO] no found
[2017-10-11 18:37:00] [INFO] no found
[2017-10-11 18:37:00] [INFO] no found
[2017-10-11 18:37:00] [INFO] no found
[2017-10-11 18:37:00] [INFO] no found
[2017-10-11 18:37:00] [INFO] no found
[2017-10-11 18:37:00] [INFO] no found
[2017-10-11 18:37:00] [INFO] no found
[2017-10-11 18:37:00] [INFO] no found
[2017-10-11 18:37:00] [INFO] no found
[2017-10-11 18:37:00] [INFO] no found
[2017-10-11 18:37:00] [INFO] no found
[2017-10-11 18:37:00] [INFO] no found
[2017-10-11 18:37:00] [INFO] no found
[2017-10-11 18:37:00] [INFO] no found
[2017-10-11 18:37:00] [INFO] no found
[2017-10-11 18:37:00] [INFO] no found
[2017-10-11 18:37:00] [INFO] no found
[2017-10-11 18:37:00] [INFO] no found
[2017-10-11 18:37:00] [INFO] no found
[2017-10-11 18:37:00] [INFO] no found
[2017-10-11 18:37:00] [INFO] no found
[2017-10-11 18:37:00] [INFO] no found
[2017-10-11 18:37:00] [INFO] no found
[2017-10-11 18:37:00] [INFO] no found
[2017-10-11 18:37:00] [INFO] no found
[2017-10-11 18:37:00] [INFO] no found
[2017-10-11 18:37:00] [INFO] no found
[2017-10-11 18:37:00] [INFO] no found
[2017-10-11 18:37:00] [INFO] no found
[2017-10-11 18:37:00] [INFO] no found
[2017-10-11 18:37:00] [INFO] no found
[2017-10-11 18:37:00] [INFO] no found
[2017-10-11 18:37:00] [INFO] no found
[2017-10-11 18:37:00] [INFO] no found
[2017-10-11 18:37:00] [INFO] no found
[2017-10-11 18:37:00] [INFO] no found
[2017-10-11 18:37:00] [INFO] no found
[2017-10-11 18:37:00] [INFO] no found
[2017-10-11 18:37:00] [INFO] no found
[2017-10-11 18:37:00] [INFO] no found
[2017-10-11 18:37:00] [INFO] no found
[2017-10-11 18:37:00] [INFO] no found
[2017-10-11 18:37:00] [INFO] no found
[2017-10-11 18:37:00] [INFO] no found
[2017-10-11 18:37:00] [INFO] no found
[2017-10-11 18:37:00] [INFO] no found
[2017-10-11 18:37:00] [INFO] no found
[2017-10-11 18:37:00] [INFO] no found
[2017-10-11 18:37:00] [INFO] no found
[2017-10-11 18:37:00] [INFO] no found
[2017-10-11 18:37:00] [INFO] no found
[2017-10-11 18:37:00] [INFO] no found
[2017-10-11 18:37:00] [INFO] no found
[2017-10-11 18:37:00] [INFO] no found
[2017-10-11 18:37:00] [INFO] no found
[2017-10-11 18:37:00] [INFO] no found
[2017-10-11 18:37:00] [INFO] no found
[2017-10-11 18:37:00] [INFO] no found
[2017-10-11 18:37:00] [INFO] no found
[2017-10-11 18:37:00] [INFO] no found
[2017-10-11 18:37:00] [INFO] no found
[2017-10-11 18:37:00] [INFO] no found
[2017-10-11 18:37:00] [INFO] no found
[2017-10-11 18:37:00] [INFO] no found
[2017-10-11 18:37:00] [INFO] no found
[2017-10-11 18:37:00] [INFO] no found
[2017-10-11 18:37:00] [INFO] no found
[2017-10-11 18:37:00] [INFO] no found
[2017-10-11 18:37:00] [INFO] no found
[2017-10-11 18:37:00] [INFO] no found
[2017-10-11 18:37:00] [INFO] no found
[2017-10-11 18:37:00] [INFO] no found
[2017-10-11 18:37:00] [INFO] no found
[2017-10-11 18:37:00] [INFO] no found
[2017-10-11 18:37:00] [INFO] no found
[2017-10-11 18:37:00] [INFO] no found
[2017-10-11 18:37:00] [INFO] no found
[2017-10-11 18:37:00] [INFO] no found
[2017-10-11 18:37:00] [INFO] no found
[2017-10-11 18:37:00] [INFO] no found
[2017-10-11 18:37:00] [INFO] no found
[2017-10-11 18:37:00] [INFO] no found
[2017-10-11 18:37:00] [INFO] no found
[2017-10-11 18:37:00] [INFO] no found
[2017-10-11 18:37:00] [INFO] no found
[2017-10-11 18:37:00] [INFO] no found
[2017-10-11 18:37:00] [INFO] no found
[2017-10-11 18:37:00] [INFO] no found
[2017-10-11 18:37:00] [INFO] no found
[2017-10-11 18:37:00] [INFO] no found
[2017-10-11 18:37:00] [INFO] no found
[2017-10-11 18:37:00] [INFO] no found
[2017-10-11 18:37:00] [INFO] no found
[2017-10-11 18:37:00] [INFO] no found
[2017-10-11 18:37:00] [INFO] no found
[2017-10-11 18:37:00] [INFO] no found
[2017-10-11 18:37:00] [INFO] no found
[2017-10-11 18:37:00] [INFO] no found
[2017-10-11 18:37:00] [INFO] no found
[2017-10-11 18:37:00] [INFO] no found
[2017-10-11 18:37:00] [INFO] no found
[2017-10-11 18:37:00] [INFO] no found
[2017-10-11 18:37:00] [INFO] no found
[2017-10-11 18:37:00] [INFO] no found
[2017-10-11 18:37:00] [INFO] no found
[2017-10-11 18:37:00] [INFO] no found
[2017-10-11 18:37:00] [INFO] no found
[2017-10-11 18:37:00] [INFO] no found
[2017-10-11 18:37:00] [INFO] no found
[2017-10-11 18:37:00] [INFO] no found
[2017-10-11 18:37:00] [INFO] no found
[2017-10-11 18:37:00] [INFO] no found
[2017-10-11 18:37:00] [INFO] no found
[2017-10-11 18:37:00] [INFO] no found
[2017-10-11 18:37:00] [INFO] no found
[2017-10-11 18:37:00] [INFO] no found
[2017-10-11 18:37:00] [INFO] no found
[2017-10-11 18:37:00] [INFO] no found
[2017-10-11 18:37:00] [INFO] no found
[2017-10-11 18:37:00] [INFO] no found
[2017-10-11 18:37:00] [INFO] no found
[2017-10-11 18:37:00] [INFO] no found
[2017-10-11 18:37:00] [INFO] [(30, '关闭wifi 后，查看电脑的无线列表 ', 'Pass', '2017-10-11 18:36:33', '2017-10-11 18:37:00', '0:00:27', '')]
[2017-10-11 18:37:00] [INFO] 测试完成后恢复到wifi打开的状态
[2017-10-11 18:37:08] [INFO] <xlrd.book.Book object at 0x0000000003B4BF60>
[2017-10-11 18:37:08] [INFO] <xlwt.Workbook.Workbook object at 0x0000000003C15F28>
[2017-10-11 18:38:07] [INFO] no found
[2017-10-11 18:38:07] [INFO] no found
[2017-10-11 18:38:07] [INFO] no found
[2017-10-11 18:38:07] [INFO] no found
[2017-10-11 18:38:07] [INFO] no found
[2017-10-11 18:38:07] [INFO] no found
[2017-10-11 18:38:07] [INFO] no found
[2017-10-11 18:38:07] [INFO] no found
[2017-10-11 18:38:07] [INFO] no found
[2017-10-11 18:38:07] [INFO] no found
[2017-10-11 18:38:07] [INFO] no found
[2017-10-11 18:38:07] [INFO] no found
[2017-10-11 18:38:07] [INFO] no found
[2017-10-11 18:38:07] [INFO] no found
[2017-10-11 18:38:07] [INFO] no found
[2017-10-11 18:38:07] [INFO] no found
[2017-10-11 18:38:07] [INFO] no found
[2017-10-11 18:38:07] [INFO] no found
[2017-10-11 18:38:07] [INFO] no found
[2017-10-11 18:38:07] [INFO] no found
[2017-10-11 18:38:07] [INFO] no found
[2017-10-11 18:38:07] [INFO] no found
[2017-10-11 18:38:07] [INFO] no found
[2017-10-11 18:38:07] [INFO] no found
[2017-10-11 18:38:07] [INFO] no found
[2017-10-11 18:38:07] [INFO] no found
[2017-10-11 18:38:07] [INFO] no found
[2017-10-11 18:38:07] [INFO] no found
[2017-10-11 18:38:07] [INFO] no found
[2017-10-11 18:38:07] [INFO] no found
[2017-10-11 18:38:07] [INFO] no found
[2017-10-11 18:38:07] [INFO] no found
[2017-10-11 18:38:07] [INFO] no found
[2017-10-11 18:38:07] [INFO] no found
[2017-10-11 18:38:07] [INFO] no found
[2017-10-11 18:38:07] [INFO] no found
[2017-10-11 18:38:07] [INFO] no found
[2017-10-11 18:38:07] [INFO] no found
[2017-10-11 18:38:07] [INFO] no found
[2017-10-11 18:38:07] [INFO] no found
[2017-10-11 18:38:07] [INFO] no found
[2017-10-11 18:38:07] [INFO] no found
[2017-10-11 18:38:07] [INFO] no found
[2017-10-11 18:38:07] [INFO] no found
[2017-10-11 18:38:07] [INFO] no found
[2017-10-11 18:38:07] [INFO] no found
[2017-10-11 18:38:07] [INFO] no found
[2017-10-11 18:38:07] [INFO] no found
[2017-10-11 18:38:07] [INFO] no found
[2017-10-11 18:38:07] [INFO] no found
[2017-10-11 18:38:07] [INFO] no found
[2017-10-11 18:38:07] [INFO] no found
[2017-10-11 18:38:07] [INFO] no found
[2017-10-11 18:38:07] [INFO] no found
[2017-10-11 18:38:07] [INFO] no found
[2017-10-11 18:38:07] [INFO] no found
[2017-10-11 18:38:07] [INFO] no found
[2017-10-11 18:38:07] [INFO] no found
[2017-10-11 18:38:07] [INFO] no found
[2017-10-11 18:38:07] [INFO] no found
[2017-10-11 18:38:07] [INFO] no found
[2017-10-11 18:38:07] [INFO] no found
[2017-10-11 18:38:07] [INFO] no found
[2017-10-11 18:38:07] [INFO] no found
[2017-10-11 18:38:07] [INFO] no found
[2017-10-11 18:38:07] [INFO] no found
[2017-10-11 18:38:07] [INFO] no found
[2017-10-11 18:38:07] [INFO] no found
[2017-10-11 18:38:07] [INFO] no found
[2017-10-11 18:38:07] [INFO] no found
[2017-10-11 18:38:07] [INFO] no found
[2017-10-11 18:38:07] [INFO] no found
[2017-10-11 18:38:07] [INFO] no found
[2017-10-11 18:38:07] [INFO] no found
[2017-10-11 18:38:07] [INFO] no found
[2017-10-11 18:38:07] [INFO] no found
[2017-10-11 18:38:07] [INFO] no found
[2017-10-11 18:38:07] [INFO] no found
[2017-10-11 18:38:07] [INFO] no found
[2017-10-11 18:38:07] [INFO] no found
[2017-10-11 18:38:07] [INFO] no found
[2017-10-11 18:38:07] [INFO] no found
[2017-10-11 18:38:07] [INFO] no found
[2017-10-11 18:38:07] [INFO] no found
[2017-10-11 18:38:07] [INFO] no found
[2017-10-11 18:38:07] [INFO] no found
[2017-10-11 18:38:07] [INFO] no found
[2017-10-11 18:38:07] [INFO] no found
[2017-10-11 18:38:07] [INFO] no found
[2017-10-11 18:38:07] [INFO] no found
[2017-10-11 18:38:07] [INFO] no found
[2017-10-11 18:38:07] [INFO] no found
[2017-10-11 18:38:07] [INFO] no found
[2017-10-11 18:38:07] [INFO] no found
[2017-10-11 18:38:07] [INFO] no found
[2017-10-11 18:38:07] [INFO] no found
[2017-10-11 18:38:07] [INFO] no found
[2017-10-11 18:38:07] [INFO] no found
[2017-10-11 18:38:07] [INFO] no found
[2017-10-11 18:38:07] [INFO] no found
[2017-10-11 18:38:07] [INFO] no found
[2017-10-11 18:38:07] [INFO] no found
[2017-10-11 18:38:07] [INFO] no found
[2017-10-11 18:38:07] [INFO] no found
[2017-10-11 18:38:07] [INFO] no found
[2017-10-11 18:38:07] [INFO] no found
[2017-10-11 18:38:07] [INFO] no found
[2017-10-11 18:38:07] [INFO] no found
[2017-10-11 18:38:07] [INFO] no found
[2017-10-11 18:38:07] [INFO] no found
[2017-10-11 18:38:07] [INFO] no found
[2017-10-11 18:38:07] [INFO] no found
[2017-10-11 18:38:07] [INFO] no found
[2017-10-11 18:38:07] [INFO] no found
[2017-10-11 18:38:07] [INFO] no found
[2017-10-11 18:38:07] [INFO] no found
[2017-10-11 18:38:07] [INFO] no found
[2017-10-11 18:38:07] [INFO] no found
[2017-10-11 18:38:07] [INFO] no found
[2017-10-11 18:38:07] [INFO] no found
[2017-10-11 18:38:07] [INFO] no found
[2017-10-11 18:38:07] [INFO] no found
[2017-10-11 18:38:07] [INFO] no found
[2017-10-11 18:38:07] [INFO] no found
[2017-10-11 18:38:07] [INFO] no found
[2017-10-11 18:38:07] [INFO] no found
[2017-10-11 18:38:07] [INFO] no found
[2017-10-11 18:38:07] [INFO] no found
[2017-10-11 18:38:07] [INFO] no found
[2017-10-11 18:38:07] [INFO] no found
[2017-10-11 18:38:07] [INFO] no found
[2017-10-11 18:38:07] [INFO] no found
[2017-10-11 18:38:07] [INFO] no found
[2017-10-11 18:38:07] [INFO] no found
[2017-10-11 18:38:07] [INFO] no found
[2017-10-11 18:38:07] [INFO] no found
[2017-10-11 18:38:07] [INFO] no found
[2017-10-11 18:38:07] [INFO] no found
[2017-10-11 18:38:07] [INFO] no found
[2017-10-11 18:38:07] [INFO] no found
[2017-10-11 18:38:07] [INFO] no found
[2017-10-11 18:38:07] [INFO] no found
[2017-10-11 18:38:07] [INFO] no found
[2017-10-11 18:38:07] [INFO] no found
[2017-10-11 18:38:07] [INFO] no found
[2017-10-11 18:38:07] [INFO] no found
[2017-10-11 18:38:07] [INFO] no found
[2017-10-11 18:38:07] [INFO] no found
[2017-10-11 18:38:07] [INFO] no found
[2017-10-11 18:38:07] [INFO] no found
[2017-10-11 18:38:07] [INFO] no found
[2017-10-11 18:38:07] [INFO] no found
[2017-10-11 18:38:07] [INFO] no found
[2017-10-11 18:38:07] [INFO] no found
[2017-10-11 18:38:07] [INFO] [(31, '关闭SSID,查看电脑列表能否搜索到wifi名称 ', 'Pass', '2017-10-11 18:37:14', '2017-10-11 18:38:07', '0:00:53', '')]
[2017-10-11 18:38:07] [INFO] 测试完成后关闭ssid隐藏
[2017-10-11 18:38:30] [INFO] <xlrd.book.Book object at 0x0000000003B4AFD0>
[2017-10-11 18:38:30] [INFO] <xlwt.Workbook.Workbook object at 0x0000000003D2A080>
[2017-10-11 18:39:01] [INFO] [(32, '不输入原密码时的提示信息检查 ', 'Pass', '2017-10-11 18:38:35', '2017-10-11 18:39:01', '0:00:26', '')]
[2017-10-11 18:39:04] [INFO] <xlrd.book.Book object at 0x0000000003B83CC0>
[2017-10-11 18:39:04] [INFO] <xlwt.Workbook.Workbook object at 0x0000000003CC6C50>
[2017-10-11 18:39:39] [INFO] [(33, '不输入新密码时的提示信息检查 ', 'Pass', '2017-10-11 18:39:10', '2017-10-11 18:39:39', '0:00:29', '')]
[2017-10-11 18:39:42] [INFO] <xlrd.book.Book object at 0x0000000003B84D30>
[2017-10-11 18:39:42] [INFO] <xlwt.Workbook.Workbook object at 0x0000000003D5CDA0>
[2017-10-11 18:40:15] [INFO] [(34, '确认密码不输入时提示信息检查 ', 'Pass', '2017-10-11 18:39:47', '2017-10-11 18:40:15', '0:00:28', '')]
[2017-10-11 18:40:18] [INFO] <xlrd.book.Book object at 0x0000000003BBC7F0>
[2017-10-11 18:40:18] [INFO] <xlwt.Workbook.Workbook object at 0x0000000003D330F0>
[2017-10-11 18:40:51] [INFO] [(35, '确认密码与新密码不一致时的提示信息检查 ', 'Pass', '2017-10-11 18:40:23', '2017-10-11 18:40:51', '0:00:28', '')]
[2017-10-11 18:40:55] [INFO] <xlrd.book.Book object at 0x0000000003BBD5F8>
[2017-10-11 18:40:55] [INFO] <xlwt.Workbook.Workbook object at 0x0000000003D44208>
[2017-10-11 18:41:28] [INFO] [(36, '原密码错误时提示信息检查 ', 'Pass', '2017-10-11 18:41:00', '2017-10-11 18:41:28', '0:00:28', '')]
[2017-10-11 18:41:32] [INFO] <xlrd.book.Book object at 0x0000000003BBC860>
[2017-10-11 18:41:32] [INFO] <xlwt.Workbook.Workbook object at 0x0000000003C24198>
[2017-10-11 18:42:05] [INFO] [(37, '新密码格式错误时提示信息检查 ', 'Pass', '2017-10-11 18:41:37', '2017-10-11 18:42:05', '0:00:28', '')]
[2017-10-11 18:42:08] [INFO] <xlrd.book.Book object at 0x0000000003B82D68>
[2017-10-11 18:42:08] [INFO] <xlwt.Workbook.Workbook object at 0x0000000003C1BEF0>
[2017-10-11 18:43:13] [INFO] [(38, '修改登录密码查看是否可以登录成功', 'Pass', '2017-10-11 18:42:14', '2017-10-11 18:43:13', '0:00:59', '')]
[2017-10-11 18:43:13] [INFO] 测试完成恢复登录密码
[2017-10-11 18:43:28] [INFO] <xlrd.book.Book object at 0x0000000003B83D30>
[2017-10-11 18:43:28] [INFO] <xlwt.Workbook.Workbook object at 0x0000000003D46CF8>
[2017-10-11 18:44:07] [INFO] [(39, '检查时区能否正确改变 ', 'Pass', '2017-10-11 18:43:33', '2017-10-11 18:44:07', '0:00:34', '')]
[2017-10-11 18:44:07] [INFO] 测试完成恢复时区
[2017-10-11 18:44:12] [INFO] <xlrd.book.Book object at 0x0000000003B82D30>
[2017-10-11 18:44:12] [INFO] <xlwt.Workbook.Workbook object at 0x0000000003C1BD68>
[2017-10-11 18:44:50] [INFO] ./upgrade/upload.exe E:\wifitest\upgrade\eeee.png
[2017-10-11 18:44:50] [INFO] 开始用autoit3脚本控制选择本地文件
[2017-10-11 18:45:03] [INFO] [(40, '上传错误的升级文件时，错误提示 ', 'Pass', '2017-10-11 18:44:18', '2017-10-11 18:45:03', '0:00:45', '')]
[2017-10-11 18:45:06] [INFO] <xlrd.book.Book object at 0x0000000003B82D68>
[2017-10-11 18:45:06] [INFO] <xlwt.Workbook.Workbook object at 0x0000000003C1E048>
[2017-10-11 18:47:04] [INFO] [(41, '重启功能检查 ', 'Pass', '2017-10-11 18:45:12', '2017-10-11 18:47:04', '0:01:52', '')]
[2017-10-11 18:47:07] [INFO] <xlrd.book.Book object at 0x0000000003B82D68>
[2017-10-11 18:47:07] [INFO] <xlwt.Workbook.Workbook object at 0x0000000003CD9080>
[2017-10-11 18:47:43] [INFO] [(42, '取消重启检查 ', 'Pass', '2017-10-11 18:47:14', '2017-10-11 18:47:43', '0:00:29', '')]
[2017-10-11 18:47:46] [INFO] <xlrd.book.Book object at 0x0000000003B83D30>
[2017-10-11 18:47:46] [INFO] <xlwt.Workbook.Workbook object at 0x0000000003C1D048>
[2017-10-11 18:48:09] [INFO] [(43, '退出系统 ', 'Pass', '2017-10-11 18:47:52', '2017-10-11 18:48:09', '0:00:17', '')]
[2017-10-11 18:48:12] [INFO] <xlrd.book.Book object at 0x0000000003B835C0>
[2017-10-11 18:48:12] [INFO] <xlwt.Workbook.Workbook object at 0x0000000003C101D0>
[2017-10-11 18:48:12] [INFO] 发送邮件
