[2017-10-12 18:06:02] [INFO] test_goto_login: test START 
[2017-10-12 18:06:09] [INFO] [(1, '登录页面跳转测试 ', 'Pass', '2017-10-12 18:06:02', '2017-10-12 18:06:09', '0:00:07', '')]
[2017-10-12 18:06:14] [INFO] <xlrd.book.Book object at 0x0000000003B845C0>
[2017-10-12 18:06:14] [INFO] <xlwt.Workbook.Workbook object at 0x0000000003C0D080>
[2017-10-12 18:06:40] [INFO] [(2, '正确密码是否可成功登录测试 ', 'Pass', '2017-10-12 18:06:24', '2017-10-12 18:06:40', '0:00:16', '')]
[2017-10-12 18:06:43] [INFO] <xlrd.book.Book object at 0x0000000003B85588>
[2017-10-12 18:06:43] [INFO] <xlwt.Workbook.Workbook object at 0x0000000003C0B048>
[2017-10-12 18:07:18] [INFO] [(3, '是否能顺利跳转到wan 界面 ', 'Pass', '2017-10-12 18:06:59', '2017-10-12 18:07:18', '0:00:19', '')]
[2017-10-12 18:07:21] [INFO] <xlrd.book.Book object at 0x0000000003B69198>
[2017-10-12 18:07:21] [INFO] <xlwt.Workbook.Workbook object at 0x0000000003C8D588>
[2017-10-12 18:08:02] [INFO] 请输入IP地址。
[2017-10-12 18:08:02] [INFO] [(4, '没有IP地址输入时的错误信息提示 ', 'Pass', '2017-10-12 18:07:29', '2017-10-12 18:08:02', '0:00:33', '')]
[2017-10-12 18:08:05] [INFO] <xlrd.book.Book object at 0x0000000003B68160>
[2017-10-12 18:08:05] [INFO] <xlwt.Workbook.Workbook object at 0x0000000003C11828>
[2017-10-12 18:08:23] [INFO] [(5, '不填写密码时的提示信息是否正确 ', 'Pass', '2017-10-12 18:08:13', '2017-10-12 18:08:23', '0:00:10', '')]
[2017-10-12 18:08:26] [INFO] <xlrd.book.Book object at 0x0000000003B85588>
[2017-10-12 18:08:26] [INFO] <xlwt.Workbook.Workbook object at 0x0000000003BF4160>
[2017-10-12 18:08:44] [INFO] [(6, '登录密码错误时提示信息是否正确 ', 'Pass', '2017-10-12 18:08:34', '2017-10-12 18:08:44', '0:00:10', '')]
[2017-10-12 18:08:47] [INFO] <xlrd.book.Book object at 0x0000000003B85588>
[2017-10-12 18:08:47] [INFO] <xlwt.Workbook.Workbook object at 0x0000000003C0B470>
[2017-10-12 18:09:44] [INFO] 请输入子网掩码。
[2017-10-12 18:09:44] [INFO] [(7, '不输入子网掩码时的错误信息提示 ', 'Pass', '2017-10-12 18:08:57', '2017-10-12 18:09:44', '0:00:47', '')]
[2017-10-12 18:09:47] [INFO] <xlrd.book.Book object at 0x0000000003B69160>
[2017-10-12 18:09:47] [INFO] <xlwt.Workbook.Workbook object at 0x0000000003C92978>
[2017-10-12 18:10:48] [INFO] 请输入默认网关地址。
[2017-10-12 18:10:48] [INFO] [(8, '不输入默认网关时的错误信息提示 ', 'Pass', '2017-10-12 18:09:59', '2017-10-12 18:10:48', '0:00:49', '')]
[2017-10-12 18:10:51] [INFO] <xlrd.book.Book object at 0x0000000003B6A0F0>
[2017-10-12 18:10:51] [INFO] <xlwt.Workbook.Workbook object at 0x0000000003C989E8>
[2017-10-12 18:11:40] [INFO] IP地址含非法字符，请重新输入。
[2017-10-12 18:11:49] [INFO] IP地址含非法字符，请重新输入。
[2017-10-12 18:11:57] [INFO] IP地址含非法字符，请重新输入。
[2017-10-12 18:12:05] [INFO] IP地址含非法字符，请重新输入。
[2017-10-12 18:12:14] [INFO] IP地址格式错误，请重新输入。
[2017-10-12 18:12:22] [INFO] IP地址含非法字符，请重新输入。
[2017-10-12 18:12:22] [INFO] [(9, '非法格式的IP地址输入时提示信息检查 ', 'Pass', '2017-10-12 18:10:57', '2017-10-12 18:12:22', '0:01:25', '')]
[2017-10-12 18:12:25] [INFO] <xlrd.book.Book object at 0x0000000003B68160>
[2017-10-12 18:12:25] [INFO] <xlwt.Workbook.Workbook object at 0x0000000003C94A90>
[2017-10-12 18:13:01] [INFO] 子网掩码不正确，请重新输入。
[2017-10-12 18:13:06] [INFO] 子网掩码不正确，请重新输入。
[2017-10-12 18:13:11] [INFO] 子网掩码不正确，请重新输入。
[2017-10-12 18:13:17] [INFO] 子网掩码不正确，请重新输入。
[2017-10-12 18:13:22] [INFO] 子网掩码不正确，请重新输入。
[2017-10-12 18:13:27] [INFO] 子网掩码不正确，请重新输入。
[2017-10-12 18:13:27] [INFO] [(10, '非法格式的子网掩码输入时，提示信息检查 ', 'Pass', '2017-10-12 18:12:31', '2017-10-12 18:13:27', '0:00:56', '')]
[2017-10-12 18:13:30] [INFO] <xlrd.book.Book object at 0x0000000003B6A128>
[2017-10-12 18:13:30] [INFO] <xlwt.Workbook.Workbook object at 0x0000000003C1A6A0>
