[2017-10-10 19:57:25] [INFO] test_goto_login: test START 
[2017-10-10 19:57:29] [INFO] [(1, '登录页面跳转测试 ', 'Pass', '2017-10-10 19:57:25', '2017-10-10 19:57:29', '0:00:04', '')]
[2017-10-10 19:57:32] [INFO] <xlrd.book.Book object at 0x0000000003B826A0>
[2017-10-10 19:57:32] [INFO] <xlwt.Workbook.Workbook object at 0x0000000003C0C1D0>
[2017-10-10 19:57:54] [INFO] [(2, '正确密码是否可成功登录测试 ', 'Pass', '2017-10-10 19:57:38', '2017-10-10 19:57:54', '0:00:16', '')]
[2017-10-10 19:57:57] [INFO] <xlrd.book.Book object at 0x0000000003B83668>
[2017-10-10 19:57:57] [INFO] <xlwt.Workbook.Workbook object at 0x0000000003CBA0F0>
[2017-10-10 19:58:19] [INFO] [(3, '是否能顺利跳转到wan 界面 ', 'Pass', '2017-10-10 19:58:02', '2017-10-10 19:58:19', '0:00:17', '')]
[2017-10-10 19:58:22] [INFO] <xlrd.book.Book object at 0x0000000003B69278>
[2017-10-10 19:58:22] [INFO] <xlwt.Workbook.Workbook object at 0x0000000003C0D6D8>
[2017-10-10 19:58:58] [INFO] 请输入IP地址。
[2017-10-10 19:58:58] [INFO] [(4, '没有IP地址输入时的错误信息提示 ', 'Pass', '2017-10-10 19:58:28', '2017-10-10 19:58:58', '0:00:30', '')]
[2017-10-10 19:59:01] [INFO] <xlrd.book.Book object at 0x0000000003B68240>
[2017-10-10 19:59:01] [INFO] <xlwt.Workbook.Workbook object at 0x0000000003C908D0>
[2017-10-10 19:59:14] [INFO] [(5, '不填写密码时的提示信息是否正确 ', 'Pass', '2017-10-10 19:59:06', '2017-10-10 19:59:14', '0:00:08', '')]
[2017-10-10 19:59:17] [INFO] <xlrd.book.Book object at 0x0000000003B845F8>
[2017-10-10 19:59:17] [INFO] <xlwt.Workbook.Workbook object at 0x0000000003BF50F0>
[2017-10-10 19:59:31] [INFO] [(6, '登录密码错误时提示信息是否正确 ', 'Pass', '2017-10-10 19:59:23', '2017-10-10 19:59:31', '0:00:08', '')]
[2017-10-10 19:59:34] [INFO] <xlrd.book.Book object at 0x0000000003B845F8>
[2017-10-10 19:59:34] [INFO] <xlwt.Workbook.Workbook object at 0x0000000003C8A4A8>
[2017-10-10 20:00:09] [INFO] 请输入子网掩码。
[2017-10-10 20:00:09] [INFO] [(7, '不输入子网掩码时的错误信息提示 ', 'Pass', '2017-10-10 19:59:39', '2017-10-10 20:00:09', '0:00:30', '')]
[2017-10-10 20:00:12] [INFO] <xlrd.book.Book object at 0x0000000003B68240>
[2017-10-10 20:00:12] [INFO] <xlwt.Workbook.Workbook object at 0x0000000003C13A90>
[2017-10-10 20:00:47] [INFO] 请输入默认网关地址。
[2017-10-10 20:00:47] [INFO] [(8, '不输入默认网关时的错误信息提示 ', 'Pass', '2017-10-10 20:00:17', '2017-10-10 20:00:47', '0:00:30', '')]
[2017-10-10 20:00:50] [INFO] <xlrd.book.Book object at 0x0000000003B68208>
[2017-10-10 20:00:50] [INFO] <xlwt.Workbook.Workbook object at 0x0000000003CB6AC8>
[2017-10-10 20:01:24] [INFO] IP地址含非法字符，请重新输入。
[2017-10-10 20:01:27] [INFO] IP地址含非法字符，请重新输入。
[2017-10-10 20:01:30] [INFO] IP地址含非法字符，请重新输入。
[2017-10-10 20:01:34] [INFO] IP地址含非法字符，请重新输入。
[2017-10-10 20:01:37] [INFO] IP地址格式错误，请重新输入。
[2017-10-10 20:01:40] [INFO] IP地址含非法字符，请重新输入。
[2017-10-10 20:01:40] [INFO] [(9, '非法格式的IP地址输入时提示信息检查 ', 'Pass', '2017-10-10 20:00:56', '2017-10-10 20:01:40', '0:00:44', '')]
[2017-10-10 20:01:43] [INFO] <xlrd.book.Book object at 0x0000000003B68198>
[2017-10-10 20:01:43] [INFO] <xlwt.Workbook.Workbook object at 0x0000000003C15A58>
[2017-10-10 20:02:19] [INFO] 子网掩码不正确，请重新输入。
[2017-10-10 20:02:24] [INFO] 子网掩码不正确，请重新输入。
[2017-10-10 20:02:29] [INFO] 子网掩码不正确，请重新输入。
[2017-10-10 20:02:35] [INFO] 子网掩码不正确，请重新输入。
[2017-10-10 20:02:40] [INFO] 子网掩码不正确，请重新输入。
[2017-10-10 20:02:45] [INFO] 子网掩码不正确，请重新输入。
[2017-10-10 20:02:45] [INFO] [(10, '非法格式的子网掩码输入时，提示信息检查 ', 'Pass', '2017-10-10 20:01:48', '2017-10-10 20:02:45', '0:00:57', '')]
[2017-10-10 20:02:48] [INFO] <xlrd.book.Book object at 0x0000000003B681D0>
[2017-10-10 20:02:48] [INFO] <xlwt.Workbook.Workbook object at 0x0000000003C1D710>
[2017-10-10 20:03:25] [INFO] 默认网关错误，请重新输入。
[2017-10-10 20:03:30] [INFO] 默认网关错误，请重新输入。
[2017-10-10 20:03:36] [INFO] 默认网关错误，请重新输入。
[2017-10-10 20:03:41] [INFO] 默认网关错误，请重新输入。
[2017-10-10 20:03:46] [INFO] 默认网关错误，请重新输入。
[2017-10-10 20:03:52] [INFO] 默认网关错误，请重新输入。
[2017-10-10 20:03:52] [INFO] [(11, '非法格式的默认网关输入时，提示信息检查 ', 'Pass', '2017-10-10 20:02:55', '2017-10-10 20:03:52', '0:00:57', '')]
[2017-10-10 20:03:55] [INFO] <xlrd.book.Book object at 0x0000000003B68208>
[2017-10-10 20:03:55] [INFO] <xlwt.Workbook.Workbook object at 0x0000000003C9F7B8>
[2017-10-10 20:04:44] [INFO] [(12, '是否可以成功设置静态IP ', 'Pass', '2017-10-10 20:04:01', '2017-10-10 20:04:44', '0:00:43', '')]
[2017-10-10 20:04:44] [INFO] 测试完成后将上网方式恢复为自动获取
[2017-10-10 20:05:07] [INFO] <xlrd.book.Book object at 0x0000000003B69160>
[2017-10-10 20:05:07] [INFO] <xlwt.Workbook.Workbook object at 0x0000000003C1ABE0>
[2017-10-10 20:05:34] [INFO] [(13, '是否能顺利跳转到lan页面 ', 'Pass', '2017-10-10 20:05:13', '2017-10-10 20:05:34', '0:00:21', '')]
[2017-10-10 20:05:37] [INFO] <xlrd.book.Book object at 0x0000000003B5A518>
[2017-10-10 20:05:37] [INFO] <xlwt.Workbook.Workbook object at 0x0000000003C0BD30>
[2017-10-10 20:05:58] [INFO] 默认的局域网地址:
[2017-10-10 20:05:58] [INFO] 默认的dhcp状态是：checkbox_off
[2017-10-10 20:05:58] [INFO] 默认的初始IP地址池：
[2017-10-10 20:05:58] [INFO] 默认的结束IP地址池： 
[2017-10-10 20:05:58] [INFO] [(14, 'lan页面默认项检查 ', 'Pass', '2017-10-10 20:05:43', '2017-10-10 20:05:58', '0:00:15', '')]
[2017-10-10 20:06:01] [INFO] <xlrd.book.Book object at 0x0000000003B69470>
[2017-10-10 20:06:01] [INFO] <xlwt.Workbook.Workbook object at 0x0000000003C0DDD8>
[2017-10-10 20:06:32] [INFO] [(15, 'lan页面不输入局域网地址时的提示语检查 ', 'Pass', '2017-10-10 20:06:06', '2017-10-10 20:06:32', '0:00:26', '')]
[2017-10-10 20:06:35] [INFO] <xlrd.book.Book object at 0x0000000003B6A438>
[2017-10-10 20:06:35] [INFO] <xlwt.Workbook.Workbook object at 0x0000000003C0FDA0>
[2017-10-10 20:07:03] [INFO] IP地址含非法字符，请重新输入。
[2017-10-10 20:07:05] [INFO] IP地址含非法字符，请重新输入。
[2017-10-10 20:07:07] [INFO] IP地址含非法字符，请重新输入。
[2017-10-10 20:07:10] [INFO] IP地址含非法字符，请重新输入。
[2017-10-10 20:07:12] [INFO] IP地址格式错误，请重新输入。
[2017-10-10 20:07:14] [INFO] IP地址含非法字符，请重新输入。
[2017-10-10 20:07:14] [INFO] [(16, 'lan页面输入格式错误的局域网地址时的提示语检查 ', 'Pass', '2017-10-10 20:06:40', '2017-10-10 20:07:14', '0:00:34', '')]
[2017-10-10 20:07:17] [INFO] <xlrd.book.Book object at 0x0000000003B694A8>
[2017-10-10 20:07:17] [INFO] <xlwt.Workbook.Workbook object at 0x0000000003C15F98>
[2017-10-10 20:08:53] [INFO] [(17, 'lan页面修改局域网地址是否可以成功 ', 'Pass', '2017-10-10 20:07:23', '2017-10-10 20:08:53', '0:01:30', '')]
[2017-10-10 20:08:53] [INFO] 测试完成后修改到原来的IP
[2017-10-10 20:10:09] [INFO] <xlrd.book.Book object at 0x0000000003B69438>
[2017-10-10 20:10:09] [INFO] <xlwt.Workbook.Workbook object at 0x0000000003CDEC88>
[2017-10-10 20:10:47] [INFO] 地址池开始值错误，请重新输入。
[2017-10-10 20:10:47] [INFO] [(18, '开始IP地址非法时提示信息检查 ', 'Pass', '2017-10-10 20:10:15', '2017-10-10 20:10:47', '0:00:32', '')]
[2017-10-10 20:10:50] [INFO] <xlrd.book.Book object at 0x0000000003B69470>
[2017-10-10 20:10:50] [INFO] <xlwt.Workbook.Workbook object at 0x0000000003CB60F0>
[2017-10-10 20:11:24] [INFO] 地址池结束值错误，请重新输入。
[2017-10-10 20:11:24] [INFO] [(19, '结束IP地址非法时提示信息检查 ', 'Pass', '2017-10-10 20:10:56', '2017-10-10 20:11:24', '0:00:28', '')]
[2017-10-10 20:11:27] [INFO] <xlrd.book.Book object at 0x0000000003B694A8>
[2017-10-10 20:11:27] [INFO] <xlwt.Workbook.Workbook object at 0x0000000003C16198>
[2017-10-10 20:12:03] [INFO] 地址池结束值不能小于开始值，请重新输入。
[2017-10-10 20:12:03] [INFO] [(20, '开始IP地址大于结束IP地址时，提示语检查 ', 'Pass', '2017-10-10 20:11:32', '2017-10-10 20:12:03', '0:00:31', '')]
[2017-10-10 20:12:06] [INFO] <xlrd.book.Book object at 0x0000000003B69470>
[2017-10-10 20:12:06] [INFO] <xlwt.Workbook.Workbook object at 0x0000000003C16198>
[2017-10-10 20:12:47] [INFO] [(21, '开始ip地址和结束IP地址都合法时，是否可以成功保存 ', 'Pass', '2017-10-10 20:12:11', '2017-10-10 20:12:47', '0:00:36', '')]
[2017-10-10 20:12:51] [INFO] <xlrd.book.Book object at 0x0000000003B5A4E0>
[2017-10-10 20:12:51] [INFO] <xlwt.Workbook.Workbook object at 0x0000000003CB72B0>
[2017-10-10 20:13:22] [INFO] [(22, 'DHCP 能否被正确关闭 ', 'Pass', '2017-10-10 20:12:56', '2017-10-10 20:13:22', '0:00:26', '')]
[2017-10-10 20:13:25] [INFO] <xlrd.book.Book object at 0x0000000003B69438>
[2017-10-10 20:13:25] [INFO] <xlwt.Workbook.Workbook object at 0x0000000003C130F0>
[2017-10-10 20:13:48] [INFO] [(23, '是否能顺利跳转到无线wifi设置界面 ', 'Pass', '2017-10-10 20:13:30', '2017-10-10 20:13:48', '0:00:18', '')]
[2017-10-10 20:13:51] [INFO] <xlrd.book.Book object at 0x0000000003B6E080>
[2017-10-10 20:13:51] [INFO] <xlwt.Workbook.Workbook object at 0x0000000003C0EC50>
[2017-10-10 20:14:14] [INFO] wifiname:frt_test
[2017-10-10 20:14:14] [INFO] wifiname:iot123321
[2017-10-10 20:14:14] [INFO] [(24, 'wifi页面默认项检查 ', 'Pass', '2017-10-10 20:13:56', '2017-10-10 20:14:14', '0:00:18', '')]
[2017-10-10 20:14:17] [INFO] <xlrd.book.Book object at 0x0000000003B6D0B8>
[2017-10-10 20:14:17] [INFO] <xlwt.Workbook.Workbook object at 0x0000000003C0CD68>
[2017-10-10 20:18:32] [INFO] [(25, 'wifi名称各种组合是否支持 ', 'Pass', '2017-10-10 20:14:23', '2017-10-10 20:18:32', '0:04:09', '')]
[2017-10-10 20:18:35] [INFO] <xlrd.book.Book object at 0x0000000003B6D0F0>
[2017-10-10 20:18:35] [INFO] <xlwt.Workbook.Workbook object at 0x0000000003CD3E10>
[2017-10-10 20:18:58] [INFO] 请输入2.4G无线名称。
[2017-10-10 20:18:58] [INFO] [(26, '不输入wifi名称时的提示语检查 ', 'Pass', '2017-10-10 20:18:41', '2017-10-10 20:18:58', '0:00:17', '')]
[2017-10-10 20:19:01] [INFO] <xlrd.book.Book object at 0x0000000003B6E048>
[2017-10-10 20:19:01] [INFO] <xlwt.Workbook.Workbook object at 0x0000000003CB0E80>
[2017-10-10 20:19:49] [INFO] [(27, '不输入wifi密码时是否可以保存成功 ', 'Pass', '2017-10-10 20:19:07', '2017-10-10 20:19:49', '0:00:42', '')]
[2017-10-10 20:19:49] [INFO] 测试完成后恢复wifi密码
[2017-10-10 20:20:14] [INFO] <xlrd.book.Book object at 0x0000000003B6E080>
[2017-10-10 20:20:14] [INFO] <xlwt.Workbook.Workbook object at 0x0000000003C23048>
[2017-10-10 20:20:53] [INFO] [(28, '输入错误格式的wifi 密码，提示语检查 ', 'Pass', '2017-10-10 20:20:20', '2017-10-10 20:20:53', '0:00:33', '')]
[2017-10-10 20:20:53] [INFO] 测试完成恢复wifi密码
[2017-10-10 20:21:19] [INFO] <xlrd.book.Book object at 0x0000000003B4DFD0>
[2017-10-10 20:21:19] [INFO] <xlwt.Workbook.Workbook object at 0x0000000003C1F048>
[2017-10-10 20:24:15] [INFO] [(29, '是否支持各种格式的wifi密码 ', 'Pass', '2017-10-10 20:21:25', '2017-10-10 20:24:15', '0:02:50', '')]
[2017-10-10 20:24:15] [INFO] 测试完成恢复wifi密码
[2017-10-10 20:24:42] [INFO] <xlrd.book.Book object at 0x0000000003B6E080>
[2017-10-10 20:24:42] [INFO] <xlwt.Workbook.Workbook object at 0x0000000003C46080>
[2017-10-10 20:25:14] [INFO] no found
[2017-10-10 20:25:14] [INFO] no found
[2017-10-10 20:25:14] [INFO] no found
[2017-10-10 20:25:14] [INFO] no found
[2017-10-10 20:25:14] [INFO] no found
[2017-10-10 20:25:14] [INFO] no found
[2017-10-10 20:25:14] [INFO] no found
[2017-10-10 20:25:14] [INFO] no found
[2017-10-10 20:25:14] [INFO] no found
[2017-10-10 20:25:14] [INFO] no found
[2017-10-10 20:25:14] [INFO] no found
[2017-10-10 20:25:14] [INFO] no found
[2017-10-10 20:25:14] [INFO] no found
[2017-10-10 20:25:14] [INFO] no found
[2017-10-10 20:25:14] [INFO] no found
[2017-10-10 20:25:14] [INFO] no found
[2017-10-10 20:25:14] [INFO] no found
[2017-10-10 20:25:14] [INFO] no found
[2017-10-10 20:25:14] [INFO] no found
[2017-10-10 20:25:14] [INFO] no found
[2017-10-10 20:25:14] [INFO] no found
[2017-10-10 20:25:14] [INFO] no found
[2017-10-10 20:25:14] [INFO] no found
[2017-10-10 20:25:14] [INFO] no found
[2017-10-10 20:25:14] [INFO] no found
[2017-10-10 20:25:14] [INFO] no found
[2017-10-10 20:25:14] [INFO] no found
[2017-10-10 20:25:14] [INFO] no found
[2017-10-10 20:25:14] [INFO] no found
[2017-10-10 20:25:14] [INFO] no found
[2017-10-10 20:25:14] [INFO] no found
[2017-10-10 20:25:14] [INFO] no found
[2017-10-10 20:25:14] [INFO] no found
[2017-10-10 20:25:14] [INFO] no found
[2017-10-10 20:25:14] [INFO] no found
[2017-10-10 20:25:14] [INFO] no found
[2017-10-10 20:25:14] [INFO] no found
[2017-10-10 20:25:14] [INFO] no found
[2017-10-10 20:25:14] [INFO] no found
[2017-10-10 20:25:14] [INFO] no found
[2017-10-10 20:25:14] [INFO] no found
[2017-10-10 20:25:14] [INFO] no found
[2017-10-10 20:25:14] [INFO] no found
[2017-10-10 20:25:14] [INFO] no found
[2017-10-10 20:25:14] [INFO] no found
[2017-10-10 20:25:14] [INFO] no found
[2017-10-10 20:25:14] [INFO] no found
[2017-10-10 20:25:14] [INFO] no found
[2017-10-10 20:25:14] [INFO] no found
[2017-10-10 20:25:14] [INFO] no found
[2017-10-10 20:25:14] [INFO] no found
[2017-10-10 20:25:14] [INFO] no found
[2017-10-10 20:25:14] [INFO] no found
[2017-10-10 20:25:14] [INFO] no found
[2017-10-10 20:25:14] [INFO] no found
[2017-10-10 20:25:14] [INFO] no found
[2017-10-10 20:25:14] [INFO] no found
[2017-10-10 20:25:14] [INFO] no found
[2017-10-10 20:25:14] [INFO] no found
[2017-10-10 20:25:14] [INFO] no found
[2017-10-10 20:25:14] [INFO] no found
[2017-10-10 20:25:14] [INFO] no found
[2017-10-10 20:25:14] [INFO] no found
[2017-10-10 20:25:14] [INFO] no found
[2017-10-10 20:25:14] [INFO] no found
[2017-10-10 20:25:14] [INFO] no found
[2017-10-10 20:25:14] [INFO] no found
[2017-10-10 20:25:14] [INFO] no found
[2017-10-10 20:25:14] [INFO] no found
[2017-10-10 20:25:14] [INFO] no found
[2017-10-10 20:25:14] [INFO] no found
[2017-10-10 20:25:14] [INFO] no found
[2017-10-10 20:25:14] [INFO] no found
[2017-10-10 20:25:14] [INFO] no found
[2017-10-10 20:25:14] [INFO] no found
[2017-10-10 20:25:14] [INFO] no found
[2017-10-10 20:25:14] [INFO] no found
[2017-10-10 20:25:14] [INFO] no found
[2017-10-10 20:25:14] [INFO] no found
[2017-10-10 20:25:14] [INFO] no found
[2017-10-10 20:25:14] [INFO] no found
[2017-10-10 20:25:14] [INFO] no found
[2017-10-10 20:25:14] [INFO] no found
[2017-10-10 20:25:14] [INFO] no found
[2017-10-10 20:25:14] [INFO] no found
[2017-10-10 20:25:14] [INFO] no found
[2017-10-10 20:25:14] [INFO] no found
[2017-10-10 20:25:14] [INFO] no found
[2017-10-10 20:25:14] [INFO] no found
[2017-10-10 20:25:14] [INFO] no found
[2017-10-10 20:25:14] [INFO] no found
[2017-10-10 20:25:14] [INFO] no found
[2017-10-10 20:25:14] [INFO] no found
[2017-10-10 20:25:14] [INFO] no found
[2017-10-10 20:25:14] [INFO] no found
[2017-10-10 20:25:14] [INFO] no found
[2017-10-10 20:25:14] [INFO] no found
[2017-10-10 20:25:14] [INFO] no found
[2017-10-10 20:25:14] [INFO] no found
[2017-10-10 20:25:14] [INFO] no found
[2017-10-10 20:25:14] [INFO] no found
[2017-10-10 20:25:14] [INFO] no found
[2017-10-10 20:25:14] [INFO] no found
[2017-10-10 20:25:14] [INFO] no found
[2017-10-10 20:25:14] [INFO] no found
[2017-10-10 20:25:14] [INFO] no found
[2017-10-10 20:25:14] [INFO] no found
[2017-10-10 20:25:14] [INFO] no found
[2017-10-10 20:25:14] [INFO] no found
[2017-10-10 20:25:14] [INFO] no found
[2017-10-10 20:25:14] [INFO] no found
[2017-10-10 20:25:14] [INFO] no found
[2017-10-10 20:25:14] [INFO] no found
[2017-10-10 20:25:14] [INFO] no found
[2017-10-10 20:25:14] [INFO] no found
[2017-10-10 20:25:14] [INFO] no found
[2017-10-10 20:25:14] [INFO] no found
[2017-10-10 20:25:14] [INFO] no found
[2017-10-10 20:25:14] [INFO] no found
[2017-10-10 20:25:14] [INFO] no found
[2017-10-10 20:25:14] [INFO] no found
[2017-10-10 20:25:14] [INFO] no found
[2017-10-10 20:25:14] [INFO] no found
[2017-10-10 20:25:14] [INFO] no found
[2017-10-10 20:25:14] [INFO] [(30, '关闭wifi 后，查看电脑的无线列表 ', 'Pass', '2017-10-10 20:24:49', '2017-10-10 20:25:14', '0:00:25', '')]
[2017-10-10 20:25:14] [INFO] 测试完成后恢复到wifi打开的状态
[2017-10-10 20:25:17] [INFO] <xlrd.book.Book object at 0x0000000003B6D0F0>
[2017-10-10 20:25:17] [INFO] <xlwt.Workbook.Workbook object at 0x0000000003C190B8>
[2017-10-10 20:26:15] [INFO] no found
[2017-10-10 20:26:15] [INFO] no found
[2017-10-10 20:26:15] [INFO] no found
[2017-10-10 20:26:15] [INFO] no found
[2017-10-10 20:26:15] [INFO] no found
[2017-10-10 20:26:15] [INFO] no found
[2017-10-10 20:26:15] [INFO] no found
[2017-10-10 20:26:15] [INFO] no found
[2017-10-10 20:26:15] [INFO] no found
[2017-10-10 20:26:15] [INFO] no found
[2017-10-10 20:26:15] [INFO] no found
[2017-10-10 20:26:15] [INFO] no found
[2017-10-10 20:26:15] [INFO] no found
[2017-10-10 20:26:15] [INFO] no found
[2017-10-10 20:26:15] [INFO] no found
[2017-10-10 20:26:15] [INFO] no found
[2017-10-10 20:26:15] [INFO] no found
[2017-10-10 20:26:15] [INFO] no found
[2017-10-10 20:26:15] [INFO] no found
[2017-10-10 20:26:15] [INFO] no found
[2017-10-10 20:26:15] [INFO] no found
[2017-10-10 20:26:15] [INFO] no found
[2017-10-10 20:26:15] [INFO] no found
[2017-10-10 20:26:15] [INFO] no found
[2017-10-10 20:26:15] [INFO] no found
[2017-10-10 20:26:15] [INFO] no found
[2017-10-10 20:26:15] [INFO] no found
[2017-10-10 20:26:15] [INFO] no found
[2017-10-10 20:26:15] [INFO] no found
[2017-10-10 20:26:15] [INFO] no found
[2017-10-10 20:26:15] [INFO] no found
[2017-10-10 20:26:15] [INFO] no found
[2017-10-10 20:26:15] [INFO] no found
[2017-10-10 20:26:15] [INFO] no found
[2017-10-10 20:26:15] [INFO] no found
[2017-10-10 20:26:15] [INFO] no found
[2017-10-10 20:26:15] [INFO] no found
[2017-10-10 20:26:15] [INFO] no found
[2017-10-10 20:26:15] [INFO] no found
[2017-10-10 20:26:15] [INFO] no found
[2017-10-10 20:26:15] [INFO] no found
[2017-10-10 20:26:15] [INFO] no found
[2017-10-10 20:26:15] [INFO] no found
[2017-10-10 20:26:15] [INFO] no found
[2017-10-10 20:26:15] [INFO] no found
[2017-10-10 20:26:15] [INFO] no found
[2017-10-10 20:26:15] [INFO] no found
[2017-10-10 20:26:15] [INFO] no found
[2017-10-10 20:26:15] [INFO] no found
[2017-10-10 20:26:15] [INFO] no found
[2017-10-10 20:26:15] [INFO] no found
[2017-10-10 20:26:15] [INFO] no found
[2017-10-10 20:26:15] [INFO] no found
[2017-10-10 20:26:15] [INFO] no found
[2017-10-10 20:26:15] [INFO] no found
[2017-10-10 20:26:15] [INFO] no found
[2017-10-10 20:26:15] [INFO] no found
[2017-10-10 20:26:15] [INFO] no found
[2017-10-10 20:26:15] [INFO] no found
[2017-10-10 20:26:15] [INFO] no found
[2017-10-10 20:26:15] [INFO] no found
[2017-10-10 20:26:15] [INFO] no found
[2017-10-10 20:26:15] [INFO] no found
[2017-10-10 20:26:15] [INFO] no found
[2017-10-10 20:26:15] [INFO] no found
[2017-10-10 20:26:15] [INFO] no found
[2017-10-10 20:26:15] [INFO] no found
[2017-10-10 20:26:15] [INFO] no found
[2017-10-10 20:26:15] [INFO] no found
[2017-10-10 20:26:15] [INFO] no found
[2017-10-10 20:26:15] [INFO] no found
[2017-10-10 20:26:15] [INFO] no found
[2017-10-10 20:26:15] [INFO] no found
[2017-10-10 20:26:15] [INFO] no found
[2017-10-10 20:26:15] [INFO] no found
[2017-10-10 20:26:15] [INFO] no found
[2017-10-10 20:26:15] [INFO] no found
[2017-10-10 20:26:15] [INFO] no found
[2017-10-10 20:26:15] [INFO] no found
[2017-10-10 20:26:15] [INFO] no found
[2017-10-10 20:26:15] [INFO] no found
[2017-10-10 20:26:15] [INFO] no found
[2017-10-10 20:26:15] [INFO] no found
[2017-10-10 20:26:15] [INFO] no found
[2017-10-10 20:26:15] [INFO] no found
[2017-10-10 20:26:15] [INFO] no found
[2017-10-10 20:26:15] [INFO] no found
[2017-10-10 20:26:15] [INFO] no found
[2017-10-10 20:26:15] [INFO] no found
[2017-10-10 20:26:15] [INFO] no found
[2017-10-10 20:26:15] [INFO] no found
[2017-10-10 20:26:15] [INFO] no found
[2017-10-10 20:26:15] [INFO] no found
[2017-10-10 20:26:15] [INFO] no found
[2017-10-10 20:26:15] [INFO] no found
[2017-10-10 20:26:15] [INFO] no found
[2017-10-10 20:26:15] [INFO] no found
[2017-10-10 20:26:15] [INFO] no found
[2017-10-10 20:26:15] [INFO] no found
[2017-10-10 20:26:15] [INFO] no found
[2017-10-10 20:26:15] [INFO] no found
[2017-10-10 20:26:15] [INFO] no found
[2017-10-10 20:26:15] [INFO] no found
[2017-10-10 20:26:15] [INFO] no found
[2017-10-10 20:26:15] [INFO] no found
[2017-10-10 20:26:15] [INFO] no found
[2017-10-10 20:26:15] [INFO] no found
[2017-10-10 20:26:15] [INFO] no found
[2017-10-10 20:26:15] [INFO] no found
[2017-10-10 20:26:15] [INFO] no found
[2017-10-10 20:26:15] [INFO] no found
[2017-10-10 20:26:15] [INFO] no found
[2017-10-10 20:26:15] [INFO] no found
[2017-10-10 20:26:15] [INFO] no found
[2017-10-10 20:26:15] [INFO] no found
[2017-10-10 20:26:15] [INFO] no found
[2017-10-10 20:26:15] [INFO] no found
[2017-10-10 20:26:15] [INFO] no found
[2017-10-10 20:26:15] [INFO] no found
[2017-10-10 20:26:15] [INFO] no found
[2017-10-10 20:26:15] [INFO] no found
[2017-10-10 20:26:15] [INFO] no found
[2017-10-10 20:26:15] [INFO] no found
[2017-10-10 20:26:15] [INFO] no found
[2017-10-10 20:26:15] [INFO] no found
[2017-10-10 20:26:15] [INFO] no found
[2017-10-10 20:26:15] [INFO] no found
[2017-10-10 20:26:15] [INFO] no found
[2017-10-10 20:26:15] [INFO] no found
[2017-10-10 20:26:15] [INFO] no found
[2017-10-10 20:26:15] [INFO] no found
[2017-10-10 20:26:15] [INFO] no found
[2017-10-10 20:26:15] [INFO] no found
[2017-10-10 20:26:15] [INFO] no found
[2017-10-10 20:26:15] [INFO] no found
[2017-10-10 20:26:15] [INFO] no found
[2017-10-10 20:26:15] [INFO] no found
[2017-10-10 20:26:15] [INFO] no found
[2017-10-10 20:26:15] [INFO] no found
[2017-10-10 20:26:15] [INFO] [(31, '关闭SSID,查看电脑列表能否搜索到wifi名称 ', 'Pass', '2017-10-10 20:25:22', '2017-10-10 20:26:15', '0:00:53', '')]
[2017-10-10 20:26:15] [INFO] 测试完成后关闭ssid隐藏
[2017-10-10 20:26:38] [INFO] <xlrd.book.Book object at 0x0000000003B6E080>
[2017-10-10 20:26:38] [INFO] <xlwt.Workbook.Workbook object at 0x0000000003C98160>
[2017-10-10 20:27:06] [INFO] [(32, '不输入原密码时的提示信息检查 ', 'Pass', '2017-10-10 20:26:44', '2017-10-10 20:27:06', '0:00:22', '')]
[2017-10-10 20:27:09] [INFO] <xlrd.book.Book object at 0x0000000003B82E48>
[2017-10-10 20:27:09] [INFO] <xlwt.Workbook.Workbook object at 0x0000000003C17EB8>
[2017-10-10 20:27:41] [INFO] [(33, '不输入新密码时的提示信息检查 ', 'Pass', '2017-10-10 20:27:15', '2017-10-10 20:27:41', '0:00:26', '')]
[2017-10-10 20:27:44] [INFO] <xlrd.book.Book object at 0x0000000003B82E48>
[2017-10-10 20:27:44] [INFO] <xlwt.Workbook.Workbook object at 0x0000000003C9AF28>
[2017-10-10 20:28:14] [INFO] [(34, '确认密码不输入时提示信息检查 ', 'Pass', '2017-10-10 20:27:49', '2017-10-10 20:28:14', '0:00:25', '')]
[2017-10-10 20:28:17] [INFO] <xlrd.book.Book object at 0x0000000003BBB978>
[2017-10-10 20:28:17] [INFO] <xlwt.Workbook.Workbook object at 0x0000000003CC22B0>
[2017-10-10 20:28:48] [INFO] [(35, '确认密码与新密码不一致时的提示信息检查 ', 'Pass', '2017-10-10 20:28:23', '2017-10-10 20:28:48', '0:00:25', '')]
[2017-10-10 20:28:51] [INFO] <xlrd.book.Book object at 0x0000000003BBA6D8>
[2017-10-10 20:28:51] [INFO] <xlwt.Workbook.Workbook object at 0x0000000003C24320>
[2017-10-10 20:29:21] [INFO] [(36, '原密码错误时提示信息检查 ', 'Pass', '2017-10-10 20:28:56', '2017-10-10 20:29:21', '0:00:25', '')]
[2017-10-10 20:29:24] [INFO] <xlrd.book.Book object at 0x0000000003BBAA20>
[2017-10-10 20:29:24] [INFO] <xlwt.Workbook.Workbook object at 0x0000000003CB5390>
[2017-10-10 20:29:54] [INFO] [(37, '新密码格式错误时提示信息检查 ', 'Pass', '2017-10-10 20:29:30', '2017-10-10 20:29:54', '0:00:24', '')]
[2017-10-10 20:29:58] [INFO] <xlrd.book.Book object at 0x0000000003B82E80>
[2017-10-10 20:29:58] [INFO] <xlwt.Workbook.Workbook object at 0x0000000003CD00B8>
[2017-10-10 20:30:59] [INFO] [(38, '修改登录密码查看是否可以登录成功', 'Pass', '2017-10-10 20:30:03', '2017-10-10 20:30:59', '0:00:56', '')]
[2017-10-10 20:30:59] [INFO] 测试完成恢复登录密码
[2017-10-10 20:31:14] [INFO] <xlrd.book.Book object at 0x0000000003B83DA0>
[2017-10-10 20:31:14] [INFO] <xlwt.Workbook.Workbook object at 0x0000000003C29DD8>
[2017-10-10 20:31:49] [INFO] [(39, '检查时区能否正确改变 ', 'Pass', '2017-10-10 20:31:19', '2017-10-10 20:31:49', '0:00:30', '')]
[2017-10-10 20:31:49] [INFO] 测试完成恢复时区
[2017-10-10 20:31:54] [INFO] <xlrd.book.Book object at 0x0000000003B83E10>
[2017-10-10 20:31:54] [INFO] <xlwt.Workbook.Workbook object at 0x0000000003DCEF28>
[2017-10-10 20:32:27] [INFO] ./upgrade/upload.exe E:\wifitest\upgrade\eeee.png
[2017-10-10 20:32:27] [INFO] 开始用autoit3脚本控制选择本地文件
[2017-10-10 20:32:40] [INFO] [(41, '重启路由器 ', 'Pass', '2017-10-10 20:31:59', '2017-10-10 20:32:40', '0:00:41', '')]
[2017-10-10 20:32:43] [INFO] <xlrd.book.Book object at 0x0000000003B82E48>
[2017-10-10 20:32:43] [INFO] <xlwt.Workbook.Workbook object at 0x0000000003C20198>
[2017-10-10 20:34:38] [INFO] [(41, '重启功能检查 ', 'Pass', '2017-10-10 20:32:49', '2017-10-10 20:34:38', '0:01:49', '')]
[2017-10-10 20:34:41] [INFO] <xlrd.book.Book object at 0x0000000003B82E48>
[2017-10-10 20:34:41] [INFO] <xlwt.Workbook.Workbook object at 0x0000000003C4E198>
[2017-10-10 20:35:13] [INFO] [(42, '取消重启检查 ', 'Pass', '2017-10-10 20:34:47', '2017-10-10 20:35:13', '0:00:26', '')]
[2017-10-10 20:35:16] [INFO] <xlrd.book.Book object at 0x0000000003B82E48>
[2017-10-10 20:35:16] [INFO] <xlwt.Workbook.Workbook object at 0x0000000003FDF1D0>
[2017-10-10 20:35:37] [INFO] [(43, '退出系统 ', 'Pass', '2017-10-10 20:35:21', '2017-10-10 20:35:37', '0:00:16', '')]
[2017-10-10 20:35:40] [INFO] <xlrd.book.Book object at 0x0000000003B826D8>
[2017-10-10 20:35:40] [INFO] <xlwt.Workbook.Workbook object at 0x0000000003C12320>
[2017-10-10 20:35:40] [INFO] 发送邮件
