[2017-10-10 18:41:18] [INFO] test_goto_login: test START 
[2017-10-10 18:41:22] [INFO] [(1, '登录页面跳转测试 ', 'Pass', '2017-10-10 18:41:18', '2017-10-10 18:41:22', '0:00:04', '')]
[2017-10-10 18:41:25] [INFO] <xlrd.book.Book object at 0x0000000003B83630>
[2017-10-10 18:41:25] [INFO] <xlwt.Workbook.Workbook object at 0x0000000003C0C160>
[2017-10-10 18:41:45] [INFO] [(2, '正确密码是否可成功登录测试 ', 'Pass', '2017-10-10 18:41:30', '2017-10-10 18:41:45', '0:00:15', '')]
[2017-10-10 18:41:48] [INFO] <xlrd.book.Book object at 0x0000000003B83668>
[2017-10-10 18:41:48] [INFO] <xlwt.Workbook.Workbook object at 0x0000000003C0A0F0>
[2017-10-10 18:42:11] [INFO] [(3, '是否能顺利跳转到wan 界面 ', 'Pass', '2017-10-10 18:41:53', '2017-10-10 18:42:11', '0:00:18', '')]
[2017-10-10 18:42:14] [INFO] <xlrd.book.Book object at 0x0000000003B68208>
[2017-10-10 18:42:14] [INFO] <xlwt.Workbook.Workbook object at 0x0000000003C0D668>
[2017-10-10 18:42:49] [INFO] 请输入IP地址。
[2017-10-10 18:42:49] [INFO] [(4, '没有IP地址输入时的错误信息提示 ', 'Pass', '2017-10-10 18:42:19', '2017-10-10 18:42:49', '0:00:30', '')]
[2017-10-10 18:42:52] [INFO] <xlrd.book.Book object at 0x0000000003B68240>
[2017-10-10 18:42:52] [INFO] <xlwt.Workbook.Workbook object at 0x0000000003C10908>
[2017-10-10 18:43:04] [INFO] [(5, '不填写密码时的提示信息是否正确 ', 'Pass', '2017-10-10 18:42:57', '2017-10-10 18:43:04', '0:00:07', '')]
[2017-10-10 18:43:08] [INFO] <xlrd.book.Book object at 0x0000000003B83668>
[2017-10-10 18:43:08] [INFO] <xlwt.Workbook.Workbook object at 0x0000000003BF4198>
[2017-10-10 18:43:20] [INFO] [(6, '登录密码错误时提示信息是否正确 ', 'Pass', '2017-10-10 18:43:13', '2017-10-10 18:43:20', '0:00:07', '')]
[2017-10-10 18:43:23] [INFO] <xlrd.book.Book object at 0x0000000003B83668>
[2017-10-10 18:43:23] [INFO] <xlwt.Workbook.Workbook object at 0x0000000003CBA518>
[2017-10-10 18:43:59] [INFO] 请输入子网掩码。
[2017-10-10 18:43:59] [INFO] [(7, '不输入子网掩码时的错误信息提示 ', 'Pass', '2017-10-10 18:43:29', '2017-10-10 18:43:59', '0:00:30', '')]
[2017-10-10 18:44:02] [INFO] <xlrd.book.Book object at 0x0000000003B68240>
[2017-10-10 18:44:02] [INFO] <xlwt.Workbook.Workbook object at 0x0000000003C13A90>
[2017-10-10 18:44:38] [INFO] 请输入默认网关地址。
[2017-10-10 18:44:38] [INFO] [(8, '不输入默认网关时的错误信息提示 ', 'Pass', '2017-10-10 18:44:07', '2017-10-10 18:44:38', '0:00:31', '')]
[2017-10-10 18:44:41] [INFO] <xlrd.book.Book object at 0x0000000003B68240>
[2017-10-10 18:44:41] [INFO] <xlwt.Workbook.Workbook object at 0x0000000003CA7A90>
[2017-10-10 18:45:14] [INFO] IP地址含非法字符，请重新输入。
[2017-10-10 18:45:17] [INFO] IP地址含非法字符，请重新输入。
[2017-10-10 18:45:20] [INFO] IP地址含非法字符，请重新输入。
[2017-10-10 18:45:24] [INFO] IP地址含非法字符，请重新输入。
[2017-10-10 18:45:27] [INFO] IP地址格式错误，请重新输入。
[2017-10-10 18:45:30] [INFO] IP地址含非法字符，请重新输入。
[2017-10-10 18:45:30] [INFO] [(9, '非法格式的IP地址输入时提示信息检查 ', 'Pass', '2017-10-10 18:44:46', '2017-10-10 18:45:30', '0:00:44', '')]
[2017-10-10 18:45:33] [INFO] <xlrd.book.Book object at 0x0000000003B68208>
[2017-10-10 18:45:33] [INFO] <xlwt.Workbook.Workbook object at 0x0000000003C15B00>
[2017-10-10 18:46:09] [INFO] 子网掩码不正确，请重新输入。
[2017-10-10 18:46:14] [INFO] 子网掩码不正确，请重新输入。
[2017-10-10 18:46:19] [INFO] 子网掩码不正确，请重新输入。
[2017-10-10 18:46:25] [INFO] 子网掩码不正确，请重新输入。
[2017-10-10 18:46:30] [INFO] 子网掩码不正确，请重新输入。
[2017-10-10 18:46:35] [INFO] 子网掩码不正确，请重新输入。
[2017-10-10 18:46:35] [INFO] [(10, '非法格式的子网掩码输入时，提示信息检查 ', 'Pass', '2017-10-10 18:45:39', '2017-10-10 18:46:35', '0:00:56', '')]
[2017-10-10 18:46:38] [INFO] <xlrd.book.Book object at 0x0000000003B68208>
[2017-10-10 18:46:38] [INFO] <xlwt.Workbook.Workbook object at 0x0000000003C1C748>
[2017-10-10 18:47:14] [INFO] 默认网关错误，请重新输入。
[2017-10-10 18:47:19] [INFO] 默认网关错误，请重新输入。
[2017-10-10 18:47:24] [INFO] 默认网关错误，请重新输入。
[2017-10-10 18:47:30] [INFO] 默认网关错误，请重新输入。
[2017-10-10 18:47:35] [INFO] 默认网关错误，请重新输入。
[2017-10-10 18:47:41] [INFO] 默认网关错误，请重新输入。
[2017-10-10 18:47:41] [INFO] [(11, '非法格式的默认网关输入时，提示信息检查 ', 'Pass', '2017-10-10 18:46:44', '2017-10-10 18:47:41', '0:00:57', '')]
[2017-10-10 18:47:44] [INFO] <xlrd.book.Book object at 0x0000000003B68198>
[2017-10-10 18:47:44] [INFO] <xlwt.Workbook.Workbook object at 0x0000000003CA0780>
[2017-10-10 18:48:31] [INFO] [(12, '是否可以成功设置静态IP ', 'Pass', '2017-10-10 18:47:49', '2017-10-10 18:48:31', '0:00:42', '')]
[2017-10-10 18:48:31] [INFO] 测试完成后将上网方式恢复为自动获取
[2017-10-10 18:48:55] [INFO] <xlrd.book.Book object at 0x0000000003B69198>
[2017-10-10 18:48:55] [INFO] <xlwt.Workbook.Workbook object at 0x0000000003C99C88>
[2017-10-10 18:49:20] [INFO] [(13, '是否能顺利跳转到lan页面 ', 'Pass', '2017-10-10 18:49:00', '2017-10-10 18:49:20', '0:00:20', '')]
[2017-10-10 18:49:23] [INFO] <xlrd.book.Book object at 0x0000000003B5A518>
[2017-10-10 18:49:23] [INFO] <xlwt.Workbook.Workbook object at 0x0000000003C0BDA0>
[2017-10-10 18:49:44] [INFO] 默认的局域网地址:
[2017-10-10 18:49:44] [INFO] 默认的dhcp状态是：checkbox_off
[2017-10-10 18:49:44] [INFO] 默认的初始IP地址池：
[2017-10-10 18:49:44] [INFO] 默认的结束IP地址池： 
[2017-10-10 18:49:44] [INFO] [(14, 'lan页面默认项检查 ', 'Pass', '2017-10-10 18:49:29', '2017-10-10 18:49:44', '0:00:15', '')]
[2017-10-10 18:49:47] [INFO] <xlrd.book.Book object at 0x0000000003B69400>
[2017-10-10 18:49:47] [INFO] <xlwt.Workbook.Workbook object at 0x0000000003C0DDA0>
[2017-10-10 18:50:18] [INFO] [(15, 'lan页面不输入局域网地址时的提示语检查 ', 'Pass', '2017-10-10 18:49:52', '2017-10-10 18:50:18', '0:00:26', '')]
[2017-10-10 18:50:21] [INFO] <xlrd.book.Book object at 0x0000000003B6A4A8>
[2017-10-10 18:50:21] [INFO] <xlwt.Workbook.Workbook object at 0x00000000044AEE48>
[2017-10-10 18:50:49] [INFO] IP地址含非法字符，请重新输入。
[2017-10-10 18:50:52] [INFO] IP地址含非法字符，请重新输入。
[2017-10-10 18:50:54] [INFO] IP地址含非法字符，请重新输入。
[2017-10-10 18:50:56] [INFO] IP地址含非法字符，请重新输入。
[2017-10-10 18:50:58] [INFO] IP地址格式错误，请重新输入。
[2017-10-10 18:51:01] [INFO] IP地址含非法字符，请重新输入。
[2017-10-10 18:51:01] [INFO] [(16, 'lan页面输入格式错误的局域网地址时的提示语检查 ', 'Pass', '2017-10-10 18:50:26', '2017-10-10 18:51:01', '0:00:35', '')]
[2017-10-10 18:51:04] [INFO] <xlrd.book.Book object at 0x0000000003B694A8>
[2017-10-10 18:51:04] [INFO] <xlwt.Workbook.Workbook object at 0x0000000003C15F98>
[2017-10-10 18:52:38] [INFO] [(17, 'lan页面修改局域网地址是否可以成功 ', 'Pass', '2017-10-10 18:51:09', '2017-10-10 18:52:38', '0:01:29', '')]
[2017-10-10 18:52:38] [INFO] 测试完成后修改到原来的IP
[2017-10-10 18:53:54] [INFO] <xlrd.book.Book object at 0x0000000003B69400>
[2017-10-10 18:53:54] [INFO] <xlwt.Workbook.Workbook object at 0x0000000003CCECC0>
[2017-10-10 18:54:32] [INFO] 地址池开始值错误，请重新输入。
[2017-10-10 18:54:32] [INFO] [(18, '开始IP地址非法时提示信息检查 ', 'Pass', '2017-10-10 18:54:01', '2017-10-10 18:54:32', '0:00:31', '')]
[2017-10-10 18:54:36] [INFO] <xlrd.book.Book object at 0x0000000003B5A4E0>
[2017-10-10 18:54:36] [INFO] <xlwt.Workbook.Workbook object at 0x0000000003C96198>
[2017-10-10 18:55:10] [INFO] 地址池结束值错误，请重新输入。
[2017-10-10 18:55:10] [INFO] [(19, '结束IP地址非法时提示信息检查 ', 'Pass', '2017-10-10 18:54:41', '2017-10-10 18:55:10', '0:00:29', '')]
[2017-10-10 18:55:13] [INFO] <xlrd.book.Book object at 0x0000000003B694A8>
[2017-10-10 18:55:13] [INFO] <xlwt.Workbook.Workbook object at 0x0000000003C16198>
[2017-10-10 18:55:49] [INFO] 地址池结束值不能小于开始值，请重新输入。
[2017-10-10 18:55:49] [INFO] [(20, '开始IP地址大于结束IP地址时，提示语检查 ', 'Pass', '2017-10-10 18:55:18', '2017-10-10 18:55:49', '0:00:31', '')]
[2017-10-10 18:55:52] [INFO] <xlrd.book.Book object at 0x0000000003B5A4E0>
[2017-10-10 18:55:52] [INFO] <xlwt.Workbook.Workbook object at 0x0000000003C96208>
[2017-10-10 18:56:33] [INFO] [(21, '开始ip地址和结束IP地址都合法时，是否可以成功保存 ', 'Pass', '2017-10-10 18:55:57', '2017-10-10 18:56:33', '0:00:36', '')]
[2017-10-10 18:56:36] [INFO] <xlrd.book.Book object at 0x0000000003B5A4E0>
[2017-10-10 18:56:36] [INFO] <xlwt.Workbook.Workbook object at 0x0000000003C172B0>
[2017-10-10 18:57:07] [INFO] [(22, 'DHCP 能否被正确关闭 ', 'Pass', '2017-10-10 18:56:42', '2017-10-10 18:57:07', '0:00:25', '')]
[2017-10-10 18:57:10] [INFO] <xlrd.book.Book object at 0x0000000003B694A8>
[2017-10-10 18:57:10] [INFO] <xlwt.Workbook.Workbook object at 0x0000000003D13128>
[2017-10-10 18:57:33] [INFO] [(23, '是否能顺利跳转到无线wifi设置界面 ', 'Pass', '2017-10-10 18:57:16', '2017-10-10 18:57:33', '0:00:17', '')]
[2017-10-10 18:57:36] [INFO] <xlrd.book.Book object at 0x0000000003B6D0F0>
[2017-10-10 18:57:36] [INFO] <xlwt.Workbook.Workbook object at 0x0000000003CACCF8>
[2017-10-10 18:57:58] [INFO] wifiname:frt_test
[2017-10-10 18:57:58] [INFO] wifiname:iot123321
[2017-10-10 18:57:58] [INFO] [(24, 'wifi页面默认项检查 ', 'Pass', '2017-10-10 18:57:41', '2017-10-10 18:57:58', '0:00:17', '')]
[2017-10-10 18:58:02] [INFO] <xlrd.book.Book object at 0x0000000003B6D0B8>
[2017-10-10 18:58:02] [INFO] <xlwt.Workbook.Workbook object at 0x0000000003C8DD68>
[2017-10-10 19:02:14] [INFO] [(25, 'wifi名称各种组合是否支持 ', 'Pass', '2017-10-10 18:58:07', '2017-10-10 19:02:14', '0:04:07', '')]
[2017-10-10 19:02:17] [INFO] <xlrd.book.Book object at 0x0000000003B6D0F0>
[2017-10-10 19:02:17] [INFO] <xlwt.Workbook.Workbook object at 0x0000000003C52DD8>
[2017-10-10 19:02:40] [INFO] 请输入2.4G无线名称。
[2017-10-10 19:02:40] [INFO] [(26, '不输入wifi名称时的提示语检查 ', 'Pass', '2017-10-10 19:02:22', '2017-10-10 19:02:40', '0:00:18', '')]
[2017-10-10 19:02:43] [INFO] <xlrd.book.Book object at 0x0000000003B6E048>
[2017-10-10 19:02:43] [INFO] <xlwt.Workbook.Workbook object at 0x0000000003C10E80>
[2017-10-10 19:03:30] [INFO] [(27, '不输入wifi密码时是否可以保存成功 ', 'Pass', '2017-10-10 19:02:48', '2017-10-10 19:03:30', '0:00:42', '')]
[2017-10-10 19:03:30] [INFO] 测试完成后恢复wifi密码
[2017-10-10 19:03:55] [INFO] <xlrd.book.Book object at 0x0000000003B6E080>
[2017-10-10 19:03:55] [INFO] <xlwt.Workbook.Workbook object at 0x0000000003C22080>
[2017-10-10 19:04:33] [INFO] [(28, '输入错误格式的wifi 密码，提示语检查 ', 'Pass', '2017-10-10 19:04:00', '2017-10-10 19:04:33', '0:00:33', '')]
[2017-10-10 19:04:33] [INFO] 测试完成恢复wifi密码
[2017-10-10 19:05:00] [INFO] <xlrd.book.Book object at 0x0000000003B6E080>
[2017-10-10 19:05:00] [INFO] <xlwt.Workbook.Workbook object at 0x0000000003C21048>
[2017-10-10 19:07:56] [INFO] [(29, '是否支持各种格式的wifi密码 ', 'Pass', '2017-10-10 19:05:05', '2017-10-10 19:07:56', '0:02:51', '')]
[2017-10-10 19:07:56] [INFO] 测试完成恢复wifi密码
[2017-10-10 19:08:22] [INFO] <xlrd.book.Book object at 0x0000000003B6E080>
[2017-10-10 19:08:22] [INFO] <xlwt.Workbook.Workbook object at 0x0000000003CE6048>
[2017-10-10 19:08:53] [INFO] no found
[2017-10-10 19:08:53] [INFO] no found
[2017-10-10 19:08:53] [INFO] no found
[2017-10-10 19:08:53] [INFO] no found
[2017-10-10 19:08:53] [INFO] no found
[2017-10-10 19:08:53] [INFO] no found
[2017-10-10 19:08:53] [INFO] no found
[2017-10-10 19:08:53] [INFO] no found
[2017-10-10 19:08:53] [INFO] no found
[2017-10-10 19:08:53] [INFO] no found
[2017-10-10 19:08:53] [INFO] no found
[2017-10-10 19:08:53] [INFO] no found
[2017-10-10 19:08:53] [INFO] no found
[2017-10-10 19:08:53] [INFO] no found
[2017-10-10 19:08:53] [INFO] no found
[2017-10-10 19:08:53] [INFO] no found
[2017-10-10 19:08:53] [INFO] no found
[2017-10-10 19:08:53] [INFO] no found
[2017-10-10 19:08:53] [INFO] no found
[2017-10-10 19:08:53] [INFO] no found
[2017-10-10 19:08:53] [INFO] no found
[2017-10-10 19:08:53] [INFO] no found
[2017-10-10 19:08:53] [INFO] no found
[2017-10-10 19:08:53] [INFO] no found
[2017-10-10 19:08:53] [INFO] no found
[2017-10-10 19:08:53] [INFO] no found
[2017-10-10 19:08:53] [INFO] no found
[2017-10-10 19:08:53] [INFO] no found
[2017-10-10 19:08:53] [INFO] no found
[2017-10-10 19:08:53] [INFO] no found
[2017-10-10 19:08:53] [INFO] no found
[2017-10-10 19:08:53] [INFO] no found
[2017-10-10 19:08:53] [INFO] no found
[2017-10-10 19:08:53] [INFO] no found
[2017-10-10 19:08:53] [INFO] no found
[2017-10-10 19:08:53] [INFO] no found
[2017-10-10 19:08:53] [INFO] no found
[2017-10-10 19:08:53] [INFO] no found
[2017-10-10 19:08:53] [INFO] no found
[2017-10-10 19:08:53] [INFO] no found
[2017-10-10 19:08:53] [INFO] no found
[2017-10-10 19:08:53] [INFO] no found
[2017-10-10 19:08:53] [INFO] no found
[2017-10-10 19:08:53] [INFO] no found
[2017-10-10 19:08:53] [INFO] no found
[2017-10-10 19:08:53] [INFO] no found
[2017-10-10 19:08:53] [INFO] no found
[2017-10-10 19:08:53] [INFO] no found
[2017-10-10 19:08:53] [INFO] no found
[2017-10-10 19:08:53] [INFO] no found
[2017-10-10 19:08:53] [INFO] no found
[2017-10-10 19:08:53] [INFO] no found
[2017-10-10 19:08:53] [INFO] no found
[2017-10-10 19:08:53] [INFO] no found
[2017-10-10 19:08:53] [INFO] no found
[2017-10-10 19:08:53] [INFO] no found
[2017-10-10 19:08:53] [INFO] no found
[2017-10-10 19:08:53] [INFO] no found
[2017-10-10 19:08:53] [INFO] no found
[2017-10-10 19:08:53] [INFO] no found
[2017-10-10 19:08:53] [INFO] no found
[2017-10-10 19:08:53] [INFO] no found
[2017-10-10 19:08:53] [INFO] no found
[2017-10-10 19:08:53] [INFO] no found
[2017-10-10 19:08:53] [INFO] no found
[2017-10-10 19:08:53] [INFO] no found
[2017-10-10 19:08:53] [INFO] no found
[2017-10-10 19:08:53] [INFO] no found
[2017-10-10 19:08:53] [INFO] no found
[2017-10-10 19:08:53] [INFO] no found
[2017-10-10 19:08:53] [INFO] no found
[2017-10-10 19:08:53] [INFO] no found
[2017-10-10 19:08:53] [INFO] no found
[2017-10-10 19:08:53] [INFO] no found
[2017-10-10 19:08:53] [INFO] no found
[2017-10-10 19:08:53] [INFO] no found
[2017-10-10 19:08:53] [INFO] no found
[2017-10-10 19:08:53] [INFO] no found
[2017-10-10 19:08:53] [INFO] no found
[2017-10-10 19:08:53] [INFO] no found
[2017-10-10 19:08:53] [INFO] no found
[2017-10-10 19:08:53] [INFO] no found
[2017-10-10 19:08:53] [INFO] no found
[2017-10-10 19:08:53] [INFO] no found
[2017-10-10 19:08:53] [INFO] no found
[2017-10-10 19:08:53] [INFO] no found
[2017-10-10 19:08:53] [INFO] no found
[2017-10-10 19:08:53] [INFO] no found
[2017-10-10 19:08:53] [INFO] no found
[2017-10-10 19:08:53] [INFO] no found
[2017-10-10 19:08:53] [INFO] no found
[2017-10-10 19:08:53] [INFO] no found
[2017-10-10 19:08:53] [INFO] no found
[2017-10-10 19:08:53] [INFO] no found
[2017-10-10 19:08:53] [INFO] no found
[2017-10-10 19:08:53] [INFO] no found
[2017-10-10 19:08:53] [INFO] no found
[2017-10-10 19:08:53] [INFO] no found
[2017-10-10 19:08:53] [INFO] no found
[2017-10-10 19:08:53] [INFO] no found
[2017-10-10 19:08:53] [INFO] no found
[2017-10-10 19:08:53] [INFO] no found
[2017-10-10 19:08:53] [INFO] no found
[2017-10-10 19:08:53] [INFO] no found
[2017-10-10 19:08:53] [INFO] no found
[2017-10-10 19:08:53] [INFO] no found
[2017-10-10 19:08:53] [INFO] no found
[2017-10-10 19:08:53] [INFO] no found
[2017-10-10 19:08:53] [INFO] no found
[2017-10-10 19:08:53] [INFO] no found
[2017-10-10 19:08:53] [INFO] no found
[2017-10-10 19:08:53] [INFO] no found
[2017-10-10 19:08:53] [INFO] no found
[2017-10-10 19:08:53] [INFO] no found
[2017-10-10 19:08:53] [INFO] no found
[2017-10-10 19:08:53] [INFO] no found
[2017-10-10 19:08:53] [INFO] no found
[2017-10-10 19:08:53] [INFO] no found
[2017-10-10 19:08:53] [INFO] no found
[2017-10-10 19:08:53] [INFO] no found
[2017-10-10 19:08:53] [INFO] no found
[2017-10-10 19:08:53] [INFO] no found
[2017-10-10 19:08:53] [INFO] no found
[2017-10-10 19:08:53] [INFO] no found
[2017-10-10 19:08:53] [INFO] no found
[2017-10-10 19:08:53] [INFO] no found
[2017-10-10 19:08:53] [INFO] no found
[2017-10-10 19:08:53] [INFO] no found
[2017-10-10 19:08:53] [INFO] no found
[2017-10-10 19:08:53] [INFO] no found
[2017-10-10 19:08:53] [INFO] no found
[2017-10-10 19:08:53] [INFO] no found
[2017-10-10 19:08:53] [INFO] no found
[2017-10-10 19:08:53] [INFO] no found
[2017-10-10 19:08:53] [INFO] no found
[2017-10-10 19:08:53] [INFO] no found
[2017-10-10 19:08:53] [INFO] no found
[2017-10-10 19:08:53] [INFO] no found
[2017-10-10 19:08:53] [INFO] no found
[2017-10-10 19:08:53] [INFO] no found
[2017-10-10 19:08:53] [INFO] no found
[2017-10-10 19:08:53] [INFO] no found
[2017-10-10 19:08:53] [INFO] no found
[2017-10-10 19:08:53] [INFO] no found
[2017-10-10 19:08:53] [INFO] no found
[2017-10-10 19:08:53] [INFO] no found
[2017-10-10 19:08:53] [INFO] no found
[2017-10-10 19:08:53] [INFO] no found
[2017-10-10 19:08:53] [INFO] no found
[2017-10-10 19:08:53] [INFO] [(30, '关闭wifi 后，查看电脑的无线列表 ', 'Pass', '2017-10-10 19:08:27', '2017-10-10 19:08:53', '0:00:26', '')]
[2017-10-10 19:08:53] [INFO] 测试完成后恢复到wifi打开的状态
[2017-10-10 19:09:02] [INFO] <xlrd.book.Book object at 0x0000000003B6E0F0>
[2017-10-10 19:09:02] [INFO] <xlwt.Workbook.Workbook object at 0x0000000003C9C0B8>
[2017-10-10 19:10:01] [INFO] no found
[2017-10-10 19:10:01] [INFO] no found
[2017-10-10 19:10:01] [INFO] no found
[2017-10-10 19:10:01] [INFO] no found
[2017-10-10 19:10:01] [INFO] no found
[2017-10-10 19:10:01] [INFO] no found
[2017-10-10 19:10:01] [INFO] no found
[2017-10-10 19:10:01] [INFO] no found
[2017-10-10 19:10:01] [INFO] no found
[2017-10-10 19:10:01] [INFO] no found
[2017-10-10 19:10:01] [INFO] no found
[2017-10-10 19:10:01] [INFO] no found
[2017-10-10 19:10:01] [INFO] no found
[2017-10-10 19:10:01] [INFO] no found
[2017-10-10 19:10:01] [INFO] no found
[2017-10-10 19:10:01] [INFO] no found
[2017-10-10 19:10:01] [INFO] no found
[2017-10-10 19:10:01] [INFO] no found
[2017-10-10 19:10:01] [INFO] no found
[2017-10-10 19:10:01] [INFO] no found
[2017-10-10 19:10:01] [INFO] no found
[2017-10-10 19:10:01] [INFO] no found
[2017-10-10 19:10:01] [INFO] no found
[2017-10-10 19:10:01] [INFO] no found
[2017-10-10 19:10:01] [INFO] no found
[2017-10-10 19:10:01] [INFO] no found
[2017-10-10 19:10:01] [INFO] no found
[2017-10-10 19:10:01] [INFO] no found
[2017-10-10 19:10:01] [INFO] no found
[2017-10-10 19:10:01] [INFO] no found
[2017-10-10 19:10:01] [INFO] no found
[2017-10-10 19:10:01] [INFO] no found
[2017-10-10 19:10:01] [INFO] no found
[2017-10-10 19:10:01] [INFO] no found
[2017-10-10 19:10:01] [INFO] no found
[2017-10-10 19:10:01] [INFO] no found
[2017-10-10 19:10:01] [INFO] no found
[2017-10-10 19:10:01] [INFO] no found
[2017-10-10 19:10:01] [INFO] no found
[2017-10-10 19:10:01] [INFO] no found
[2017-10-10 19:10:01] [INFO] no found
[2017-10-10 19:10:01] [INFO] no found
[2017-10-10 19:10:01] [INFO] no found
[2017-10-10 19:10:01] [INFO] no found
[2017-10-10 19:10:01] [INFO] no found
[2017-10-10 19:10:01] [INFO] no found
[2017-10-10 19:10:01] [INFO] no found
[2017-10-10 19:10:01] [INFO] no found
[2017-10-10 19:10:01] [INFO] no found
[2017-10-10 19:10:01] [INFO] no found
[2017-10-10 19:10:01] [INFO] no found
[2017-10-10 19:10:01] [INFO] no found
[2017-10-10 19:10:01] [INFO] no found
[2017-10-10 19:10:01] [INFO] no found
[2017-10-10 19:10:01] [INFO] no found
[2017-10-10 19:10:01] [INFO] no found
[2017-10-10 19:10:01] [INFO] no found
[2017-10-10 19:10:01] [INFO] no found
[2017-10-10 19:10:01] [INFO] no found
[2017-10-10 19:10:01] [INFO] no found
[2017-10-10 19:10:01] [INFO] no found
[2017-10-10 19:10:01] [INFO] no found
[2017-10-10 19:10:01] [INFO] no found
[2017-10-10 19:10:01] [INFO] no found
[2017-10-10 19:10:01] [INFO] no found
[2017-10-10 19:10:01] [INFO] no found
[2017-10-10 19:10:01] [INFO] no found
[2017-10-10 19:10:01] [INFO] no found
[2017-10-10 19:10:01] [INFO] no found
[2017-10-10 19:10:01] [INFO] no found
[2017-10-10 19:10:01] [INFO] no found
[2017-10-10 19:10:01] [INFO] no found
[2017-10-10 19:10:01] [INFO] no found
[2017-10-10 19:10:01] [INFO] no found
[2017-10-10 19:10:01] [INFO] no found
[2017-10-10 19:10:01] [INFO] no found
[2017-10-10 19:10:01] [INFO] no found
[2017-10-10 19:10:01] [INFO] no found
[2017-10-10 19:10:01] [INFO] no found
[2017-10-10 19:10:01] [INFO] no found
[2017-10-10 19:10:01] [INFO] no found
[2017-10-10 19:10:01] [INFO] no found
[2017-10-10 19:10:01] [INFO] no found
[2017-10-10 19:10:01] [INFO] no found
[2017-10-10 19:10:01] [INFO] no found
[2017-10-10 19:10:01] [INFO] no found
[2017-10-10 19:10:01] [INFO] no found
[2017-10-10 19:10:01] [INFO] no found
[2017-10-10 19:10:01] [INFO] no found
[2017-10-10 19:10:01] [INFO] no found
[2017-10-10 19:10:01] [INFO] no found
[2017-10-10 19:10:01] [INFO] no found
[2017-10-10 19:10:01] [INFO] no found
[2017-10-10 19:10:01] [INFO] no found
[2017-10-10 19:10:01] [INFO] no found
[2017-10-10 19:10:01] [INFO] no found
[2017-10-10 19:10:01] [INFO] no found
[2017-10-10 19:10:01] [INFO] no found
[2017-10-10 19:10:01] [INFO] no found
[2017-10-10 19:10:01] [INFO] no found
[2017-10-10 19:10:01] [INFO] no found
[2017-10-10 19:10:01] [INFO] no found
[2017-10-10 19:10:01] [INFO] no found
[2017-10-10 19:10:01] [INFO] no found
[2017-10-10 19:10:01] [INFO] no found
[2017-10-10 19:10:01] [INFO] no found
[2017-10-10 19:10:01] [INFO] no found
[2017-10-10 19:10:01] [INFO] no found
[2017-10-10 19:10:01] [INFO] no found
[2017-10-10 19:10:01] [INFO] no found
[2017-10-10 19:10:01] [INFO] no found
[2017-10-10 19:10:01] [INFO] no found
[2017-10-10 19:10:01] [INFO] no found
[2017-10-10 19:10:01] [INFO] no found
[2017-10-10 19:10:01] [INFO] no found
[2017-10-10 19:10:01] [INFO] no found
[2017-10-10 19:10:01] [INFO] no found
[2017-10-10 19:10:01] [INFO] no found
[2017-10-10 19:10:01] [INFO] no found
[2017-10-10 19:10:01] [INFO] no found
[2017-10-10 19:10:01] [INFO] no found
[2017-10-10 19:10:01] [INFO] no found
[2017-10-10 19:10:01] [INFO] no found
[2017-10-10 19:10:01] [INFO] no found
[2017-10-10 19:10:01] [INFO] no found
[2017-10-10 19:10:01] [INFO] no found
[2017-10-10 19:10:01] [INFO] no found
[2017-10-10 19:10:01] [INFO] no found
[2017-10-10 19:10:01] [INFO] no found
[2017-10-10 19:10:01] [INFO] no found
[2017-10-10 19:10:01] [INFO] no found
[2017-10-10 19:10:01] [INFO] no found
[2017-10-10 19:10:01] [INFO] no found
[2017-10-10 19:10:01] [INFO] no found
[2017-10-10 19:10:01] [INFO] no found
[2017-10-10 19:10:01] [INFO] no found
[2017-10-10 19:10:01] [INFO] no found
[2017-10-10 19:10:01] [INFO] no found
[2017-10-10 19:10:01] [INFO] no found
[2017-10-10 19:10:01] [INFO] no found
[2017-10-10 19:10:01] [INFO] no found
[2017-10-10 19:10:01] [INFO] no found
[2017-10-10 19:10:01] [INFO] no found
[2017-10-10 19:10:01] [INFO] no found
[2017-10-10 19:10:01] [INFO] no found
[2017-10-10 19:10:01] [INFO] no found
[2017-10-10 19:10:01] [INFO] no found
[2017-10-10 19:10:01] [INFO] no found
[2017-10-10 19:10:01] [INFO] no found
[2017-10-10 19:10:01] [INFO] no found
[2017-10-10 19:10:01] [INFO] no found
[2017-10-10 19:10:01] [INFO] no found
[2017-10-10 19:10:01] [INFO] no found
[2017-10-10 19:10:01] [INFO] no found
[2017-10-10 19:10:01] [INFO] [(31, '关闭SSID,查看电脑列表能否搜索到wifi名称 ', 'Pass', '2017-10-10 19:09:08', '2017-10-10 19:10:01', '0:00:53', '')]
[2017-10-10 19:10:01] [INFO] 测试完成后关闭ssid隐藏
[2017-10-10 19:10:24] [INFO] <xlrd.book.Book object at 0x0000000003B6C0F0>
[2017-10-10 19:10:24] [INFO] <xlwt.Workbook.Workbook object at 0x0000000003C190F0>
[2017-10-10 19:10:52] [INFO] [(32, '不输入原密码时的提示信息检查 ', 'Pass', '2017-10-10 19:10:29', '2017-10-10 19:10:52', '0:00:23', '')]
[2017-10-10 19:10:55] [INFO] <xlrd.book.Book object at 0x0000000003B82E48>
[2017-10-10 19:10:55] [INFO] <xlwt.Workbook.Workbook object at 0x0000000003C18E48>
[2017-10-10 19:11:28] [INFO] [(33, '不输入新密码时的提示信息检查 ', 'Pass', '2017-10-10 19:11:00', '2017-10-10 19:11:28', '0:00:28', '')]
[2017-10-10 19:11:31] [INFO] <xlrd.book.Book object at 0x0000000003B82E48>
[2017-10-10 19:11:31] [INFO] <xlwt.Workbook.Workbook object at 0x0000000003C1AEF0>
[2017-10-10 19:12:02] [INFO] [(34, '确认密码不输入时提示信息检查 ', 'Pass', '2017-10-10 19:11:37', '2017-10-10 19:12:02', '0:00:25', '')]
[2017-10-10 19:12:05] [INFO] <xlrd.book.Book object at 0x0000000003BBA9B0>
[2017-10-10 19:12:05] [INFO] <xlwt.Workbook.Workbook object at 0x0000000003C222B0>
[2017-10-10 19:12:35] [INFO] [(35, '确认密码与新密码不一致时的提示信息检查 ', 'Pass', '2017-10-10 19:12:10', '2017-10-10 19:12:35', '0:00:25', '')]
[2017-10-10 19:12:38] [INFO] <xlrd.book.Book object at 0x0000000003BBB6A0>
[2017-10-10 19:12:38] [INFO] <xlwt.Workbook.Workbook object at 0x0000000003C242B0>
[2017-10-10 19:13:10] [INFO] [(36, '原密码错误时提示信息检查 ', 'Pass', '2017-10-10 19:12:44', '2017-10-10 19:13:10', '0:00:26', '')]
[2017-10-10 19:13:13] [INFO] <xlrd.book.Book object at 0x0000000003BBAA20>
[2017-10-10 19:13:13] [INFO] <xlwt.Workbook.Workbook object at 0x0000000003C24320>
[2017-10-10 19:13:43] [INFO] [(37, '新密码格式错误时提示信息检查 ', 'Pass', '2017-10-10 19:13:18', '2017-10-10 19:13:43', '0:00:25', '')]
[2017-10-10 19:13:46] [INFO] <xlrd.book.Book object at 0x0000000003B82E80>
[2017-10-10 19:13:46] [INFO] <xlwt.Workbook.Workbook object at 0x0000000003C200B8>
[2017-10-10 19:14:47] [INFO] [(38, '修改登录密码查看是否可以登录成功', 'Pass', '2017-10-10 19:13:52', '2017-10-10 19:14:47', '0:00:55', '')]
[2017-10-10 19:14:47] [INFO] 测试完成恢复登录密码
[2017-10-10 19:15:02] [INFO] <xlrd.book.Book object at 0x0000000003B83DA0>
[2017-10-10 19:15:02] [INFO] <xlwt.Workbook.Workbook object at 0x0000000003CD9D68>
[2017-10-10 19:15:38] [INFO] [(39, '检查时区能否正确改变 ', 'Pass', '2017-10-10 19:15:08', '2017-10-10 19:15:38', '0:00:30', '')]
[2017-10-10 19:15:38] [INFO] 测试完成恢复时区
[2017-10-10 19:15:43] [INFO] <xlrd.book.Book object at 0x0000000003B83E10>
[2017-10-10 19:15:43] [INFO] <xlwt.Workbook.Workbook object at 0x0000000003C1EEB8>
[2017-10-10 19:16:16] [INFO] ./upgrade/upload.exe E:\wifitest\upgrade\eeee.png
[2017-10-10 19:16:16] [INFO] 开始用autoit3脚本控制选择本地文件
[2017-10-10 19:16:29] [INFO] [(41, '重启路由器 ', 'Pass', '2017-10-10 19:15:49', '2017-10-10 19:16:29', '0:00:40', '')]
[2017-10-10 19:16:32] [INFO] <xlrd.book.Book object at 0x0000000003B82E48>
[2017-10-10 19:16:33] [INFO] <xlwt.Workbook.Workbook object at 0x0000000003C200F0>
[2017-10-10 19:18:29] [INFO] [(41, '重启功能检查 ', 'Pass', '2017-10-10 19:16:39', '2017-10-10 19:18:29', '0:01:50', '')]
[2017-10-10 19:18:32] [INFO] <xlrd.book.Book object at 0x0000000003B82E48>
[2017-10-10 19:18:32] [INFO] <xlwt.Workbook.Workbook object at 0x0000000003CEB128>
[2017-10-10 19:19:05] [INFO] [(42, '取消重启检查 ', 'Pass', '2017-10-10 19:18:39', '2017-10-10 19:19:05', '0:00:26', '')]
[2017-10-10 19:19:08] [INFO] <xlrd.book.Book object at 0x0000000003B82E48>
[2017-10-10 19:19:08] [INFO] <xlwt.Workbook.Workbook object at 0x0000000003C1F160>
[2017-10-10 19:19:30] [INFO] [(43, '退出系统 ', 'Pass', '2017-10-10 19:19:14', '2017-10-10 19:19:30', '0:00:16', '')]
[2017-10-10 19:19:33] [INFO] <xlrd.book.Book object at 0x0000000003B826D8>
[2017-10-10 19:19:33] [INFO] <xlwt.Workbook.Workbook object at 0x0000000003C122B0>
[2017-10-10 19:19:33] [INFO] 发送邮件
