[2017-10-12 00:53:41] [INFO] test_goto_login: test START 
[2017-10-12 00:53:45] [INFO] [(1, '登录页面跳转测试 ', 'Pass', '2017-10-12 00:53:41', '2017-10-12 00:53:45', '0:00:04', '')]
[2017-10-12 00:53:48] [INFO] <xlrd.book.Book object at 0x0000000003B83588>
[2017-10-12 00:53:48] [INFO] <xlwt.Workbook.Workbook object at 0x0000000003C0B0B8>
[2017-10-12 00:54:08] [INFO] [(2, '正确密码是否可成功登录测试 ', 'Pass', '2017-10-12 00:53:54', '2017-10-12 00:54:08', '0:00:14', '')]
[2017-10-12 00:54:11] [INFO] <xlrd.book.Book object at 0x0000000003B86550>
[2017-10-12 00:54:11] [INFO] <xlwt.Workbook.Workbook object at 0x0000000003C04F98>
[2017-10-12 00:54:34] [INFO] [(3, '是否能顺利跳转到wan 界面 ', 'Pass', '2017-10-12 00:54:17', '2017-10-12 00:54:34', '0:00:17', '')]
[2017-10-12 00:54:37] [INFO] <xlrd.book.Book object at 0x0000000003B68160>
[2017-10-12 00:54:37] [INFO] <xlwt.Workbook.Workbook object at 0x0000000003D2C5C0>
[2017-10-12 00:55:12] [INFO] 请输入IP地址。
[2017-10-12 00:55:12] [INFO] [(4, '没有IP地址输入时的错误信息提示 ', 'Pass', '2017-10-12 00:54:42', '2017-10-12 00:55:12', '0:00:30', '')]
[2017-10-12 00:55:15] [INFO] <xlrd.book.Book object at 0x0000000003B6B080>
[2017-10-12 00:55:15] [INFO] <xlwt.Workbook.Workbook object at 0x0000000003C11748>
[2017-10-12 00:55:30] [INFO] [(5, '不填写密码时的提示信息是否正确 ', 'Pass', '2017-10-12 00:55:20', '2017-10-12 00:55:30', '0:00:10', '')]
[2017-10-12 00:55:33] [INFO] <xlrd.book.Book object at 0x0000000003B86550>
[2017-10-12 00:55:33] [INFO] <xlwt.Workbook.Workbook object at 0x0000000003C89668>
[2017-10-12 00:55:47] [INFO] [(6, '登录密码错误时提示信息是否正确 ', 'Pass', '2017-10-12 00:55:39', '2017-10-12 00:55:47', '0:00:08', '')]
[2017-10-12 00:55:50] [INFO] <xlrd.book.Book object at 0x0000000003B864E0>
[2017-10-12 00:55:50] [INFO] <xlwt.Workbook.Workbook object at 0x0000000003C0A390>
[2017-10-12 00:56:25] [INFO] 请输入子网掩码。
[2017-10-12 00:56:25] [INFO] [(7, '不输入子网掩码时的错误信息提示 ', 'Pass', '2017-10-12 00:55:55', '2017-10-12 00:56:25', '0:00:30', '')]
[2017-10-12 00:56:28] [INFO] <xlrd.book.Book object at 0x0000000003B68128>
[2017-10-12 00:56:28] [INFO] <xlwt.Workbook.Workbook object at 0x0000000003C12978>
[2017-10-12 00:57:04] [INFO] 请输入默认网关地址。
[2017-10-12 00:57:04] [INFO] [(8, '不输入默认网关时的错误信息提示 ', 'Pass', '2017-10-12 00:56:33', '2017-10-12 00:57:04', '0:00:31', '')]
[2017-10-12 00:57:07] [INFO] <xlrd.book.Book object at 0x0000000003B68128>
[2017-10-12 00:57:07] [INFO] <xlwt.Workbook.Workbook object at 0x0000000003C969B0>
[2017-10-12 00:57:40] [INFO] IP地址含非法字符，请重新输入。
[2017-10-12 00:57:44] [INFO] IP地址含非法字符，请重新输入。
[2017-10-12 00:57:47] [INFO] IP地址含非法字符，请重新输入。
[2017-10-12 00:57:50] [INFO] IP地址含非法字符，请重新输入。
[2017-10-12 00:57:53] [INFO] IP地址格式错误，请重新输入。
[2017-10-12 00:57:57] [INFO] IP地址含非法字符，请重新输入。
[2017-10-12 00:57:57] [INFO] [(9, '非法格式的IP地址输入时提示信息检查 ', 'Pass', '2017-10-12 00:57:12', '2017-10-12 00:57:57', '0:00:45', '')]
[2017-10-12 00:58:00] [INFO] <xlrd.book.Book object at 0x0000000003B6A128>
[2017-10-12 00:58:00] [INFO] <xlwt.Workbook.Workbook object at 0x0000000003C15A20>
[2017-10-12 00:58:36] [INFO] 子网掩码不正确，请重新输入。
[2017-10-12 00:58:41] [INFO] 子网掩码不正确，请重新输入。
[2017-10-12 00:58:47] [INFO] 子网掩码不正确，请重新输入。
[2017-10-12 00:58:52] [INFO] 子网掩码不正确，请重新输入。
[2017-10-12 00:58:57] [INFO] 子网掩码不正确，请重新输入。
[2017-10-12 00:59:03] [INFO] 子网掩码不正确，请重新输入。
[2017-10-12 00:59:03] [INFO] [(10, '非法格式的子网掩码输入时，提示信息检查 ', 'Pass', '2017-10-12 00:58:06', '2017-10-12 00:59:03', '0:00:57', '')]
[2017-10-12 00:59:06] [INFO] <xlrd.book.Book object at 0x0000000003B6A0F0>
[2017-10-12 00:59:06] [INFO] <xlwt.Workbook.Workbook object at 0x0000000003C99668>
[2017-10-12 00:59:42] [INFO] 默认网关错误，请重新输入。
[2017-10-12 00:59:48] [INFO] 默认网关错误，请重新输入。
[2017-10-12 00:59:53] [INFO] 默认网关错误，请重新输入。
[2017-10-12 00:59:58] [INFO] 默认网关错误，请重新输入。
[2017-10-12 01:00:04] [INFO] 默认网关错误，请重新输入。
[2017-10-12 01:00:09] [INFO] 默认网关错误，请重新输入。
[2017-10-12 01:00:09] [INFO] [(11, '非法格式的默认网关输入时，提示信息检查 ', 'Pass', '2017-10-12 00:59:11', '2017-10-12 01:00:09', '0:00:58', '')]
[2017-10-12 01:00:12] [INFO] <xlrd.book.Book object at 0x0000000003B6B0B8>
[2017-10-12 01:00:12] [INFO] <xlwt.Workbook.Workbook object at 0x0000000003CAF710>
[2017-10-12 01:01:00] [INFO] [(12, '是否可以成功设置静态IP ', 'Pass', '2017-10-12 01:00:17', '2017-10-12 01:01:00', '0:00:43', '')]
[2017-10-12 01:01:00] [INFO] 测试完成后将上网方式恢复为自动获取
[2017-10-12 01:01:23] [INFO] <xlrd.book.Book object at 0x0000000003B6A0B8>
[2017-10-12 01:01:23] [INFO] <xlwt.Workbook.Workbook object at 0x0000000003C99BA8>
[2017-10-12 01:01:51] [INFO] [(13, '是否能顺利跳转到lan页面 ', 'Pass', '2017-10-12 01:01:29', '2017-10-12 01:01:51', '0:00:22', '')]
[2017-10-12 01:01:54] [INFO] <xlrd.book.Book object at 0x0000000003B69438>
[2017-10-12 01:01:54] [INFO] <xlwt.Workbook.Workbook object at 0x0000000003C8BCF8>
[2017-10-12 01:02:18] [INFO] 默认的局域网地址:
[2017-10-12 01:02:18] [INFO] 默认的dhcp状态是：checkbox_off
[2017-10-12 01:02:18] [INFO] 默认的初始IP地址池：
[2017-10-12 01:02:18] [INFO] 默认的结束IP地址池： 
[2017-10-12 01:02:18] [INFO] [(14, 'lan页面默认项检查 ', 'Pass', '2017-10-12 01:02:00', '2017-10-12 01:02:18', '0:00:18', '')]
[2017-10-12 01:02:21] [INFO] <xlrd.book.Book object at 0x0000000003B69358>
[2017-10-12 01:02:21] [INFO] <xlwt.Workbook.Workbook object at 0x0000000003C0CD30>
[2017-10-12 01:02:55] [INFO] [(15, 'lan页面不输入局域网地址时的提示语检查 ', 'Pass', '2017-10-12 01:02:27', '2017-10-12 01:02:55', '0:00:28', '')]
[2017-10-12 01:02:58] [INFO] <xlrd.book.Book object at 0x0000000003B69390>
[2017-10-12 01:02:58] [INFO] <xlwt.Workbook.Workbook object at 0x0000000003C0FE10>
[2017-10-12 01:03:28] [INFO] IP地址含非法字符，请重新输入。
[2017-10-12 01:03:30] [INFO] IP地址含非法字符，请重新输入。
[2017-10-12 01:03:33] [INFO] IP地址含非法字符，请重新输入。
[2017-10-12 01:03:35] [INFO] IP地址含非法字符，请重新输入。
[2017-10-12 01:03:37] [INFO] IP地址格式错误，请重新输入。
[2017-10-12 01:03:39] [INFO] IP地址含非法字符，请重新输入。
[2017-10-12 01:03:39] [INFO] [(16, 'lan页面输入格式错误的局域网地址时的提示语检查 ', 'Pass', '2017-10-12 01:03:03', '2017-10-12 01:03:39', '0:00:36', '')]
[2017-10-12 01:03:42] [INFO] <xlrd.book.Book object at 0x0000000003B69390>
[2017-10-12 01:03:42] [INFO] <xlwt.Workbook.Workbook object at 0x0000000003C13F28>
[2017-10-12 01:05:18] [INFO] [(17, 'lan页面修改局域网地址是否可以成功 ', 'Pass', '2017-10-12 01:03:48', '2017-10-12 01:05:18', '0:01:30', '')]
[2017-10-12 01:05:18] [INFO] 测试完成后修改到原来的IP
[2017-10-12 01:06:34] [INFO] <xlrd.book.Book object at 0x0000000003B693C8>
[2017-10-12 01:06:34] [INFO] <xlwt.Workbook.Workbook object at 0x0000000003CFDCF8>
[2017-10-12 01:07:13] [INFO] 地址池开始值错误，请重新输入。
[2017-10-12 01:07:13] [INFO] [(18, '开始IP地址非法时提示信息检查 ', 'Pass', '2017-10-12 01:06:40', '2017-10-12 01:07:13', '0:00:33', '')]
[2017-10-12 01:07:16] [INFO] <xlrd.book.Book object at 0x0000000003B693C8>
[2017-10-12 01:07:16] [INFO] <xlwt.Workbook.Workbook object at 0x0000000003CA60F0>
[2017-10-12 01:07:52] [INFO] 地址池结束值错误，请重新输入。
[2017-10-12 01:07:52] [INFO] [(19, '结束IP地址非法时提示信息检查 ', 'Pass', '2017-10-12 01:07:22', '2017-10-12 01:07:52', '0:00:30', '')]
[2017-10-12 01:07:55] [INFO] <xlrd.book.Book object at 0x0000000003B69390>
[2017-10-12 01:07:55] [INFO] <xlwt.Workbook.Workbook object at 0x0000000003C960F0>
[2017-10-12 01:08:33] [INFO] 地址池结束值不能小于开始值，请重新输入。
[2017-10-12 01:08:33] [INFO] [(20, '开始IP地址大于结束IP地址时，提示语检查 ', 'Pass', '2017-10-12 01:08:01', '2017-10-12 01:08:33', '0:00:32', '')]
[2017-10-12 01:08:37] [INFO] <xlrd.book.Book object at 0x0000000003B693C8>
[2017-10-12 01:08:37] [INFO] <xlwt.Workbook.Workbook object at 0x0000000003C16160>
[2017-10-12 01:09:21] [INFO] [(21, '开始ip地址和结束IP地址都合法时，是否可以成功保存 ', 'Pass', '2017-10-12 01:08:42', '2017-10-12 01:09:21', '0:00:39', '')]
[2017-10-12 01:09:24] [INFO] <xlrd.book.Book object at 0x0000000003B69390>
[2017-10-12 01:09:24] [INFO] <xlwt.Workbook.Workbook object at 0x0000000003C16208>
[2017-10-12 01:09:57] [INFO] [(22, 'DHCP 能否被正确关闭 ', 'Pass', '2017-10-12 01:09:29', '2017-10-12 01:09:57', '0:00:28', '')]
[2017-10-12 01:10:00] [INFO] <xlrd.book.Book object at 0x0000000003B69320>
[2017-10-12 01:10:00] [INFO] <xlwt.Workbook.Workbook object at 0x0000000003C92080>
[2017-10-12 01:10:23] [INFO] [(23, '是否能顺利跳转到无线wifi设置界面 ', 'Pass', '2017-10-12 01:10:05', '2017-10-12 01:10:23', '0:00:18', '')]
[2017-10-12 01:10:26] [INFO] <xlrd.book.Book object at 0x0000000003B4CF28>
[2017-10-12 01:10:26] [INFO] <xlwt.Workbook.Workbook object at 0x0000000003C8EBA8>
[2017-10-12 01:10:49] [INFO] wifiname:frt_test
[2017-10-12 01:10:49] [INFO] wifiname:iot123321
[2017-10-12 01:10:49] [INFO] [(24, 'wifi页面默认项检查 ', 'Pass', '2017-10-12 01:10:32', '2017-10-12 01:10:49', '0:00:17', '')]
[2017-10-12 01:10:52] [INFO] <xlrd.book.Book object at 0x0000000003B4CF60>
[2017-10-12 01:10:52] [INFO] <xlwt.Workbook.Workbook object at 0x0000000003C0EC88>
[2017-10-12 01:15:42] [INFO] [(25, 'wifi名称各种组合是否支持 ', 'Pass', '2017-10-12 01:10:58', '2017-10-12 01:15:42', '0:04:44', '')]
[2017-10-12 01:15:45] [INFO] <xlrd.book.Book object at 0x0000000003B4CEF0>
[2017-10-12 01:15:45] [INFO] <xlwt.Workbook.Workbook object at 0x0000000003C51D68>
[2017-10-12 01:16:10] [INFO] 请输入2.4G无线名称。
[2017-10-12 01:16:10] [INFO] [(26, '不输入wifi名称时的提示语检查 ', 'Pass', '2017-10-12 01:15:52', '2017-10-12 01:16:10', '0:00:18', '')]
[2017-10-12 01:16:13] [INFO] <xlrd.book.Book object at 0x0000000003B4CF60>
[2017-10-12 01:16:13] [INFO] <xlwt.Workbook.Workbook object at 0x0000000003C10E10>
[2017-10-12 01:17:01] [INFO] [(27, '不输入wifi密码时是否可以保存成功 ', 'Pass', '2017-10-12 01:16:19', '2017-10-12 01:17:01', '0:00:42', '')]
[2017-10-12 01:17:01] [INFO] 测试完成后恢复wifi密码
[2017-10-12 01:17:27] [INFO] <xlrd.book.Book object at 0x0000000003B4BF60>
[2017-10-12 01:17:27] [INFO] <xlwt.Workbook.Workbook object at 0x0000000003C1DF98>
[2017-10-12 01:18:06] [INFO] [(28, '输入错误格式的wifi 密码，提示语检查 ', 'Pass', '2017-10-12 01:17:33', '2017-10-12 01:18:06', '0:00:33', '')]
[2017-10-12 01:18:06] [INFO] 测试完成恢复wifi密码
[2017-10-12 01:18:33] [INFO] <xlrd.book.Book object at 0x0000000003B4BF60>
[2017-10-12 01:18:33] [INFO] <xlwt.Workbook.Workbook object at 0x0000000003C19F60>
[2017-10-12 01:21:55] [INFO] [(29, '是否支持各种格式的wifi密码 ', 'Pass', '2017-10-12 01:18:40', '2017-10-12 01:21:55', '0:03:15', '')]
[2017-10-12 01:21:55] [INFO] 测试完成恢复wifi密码
[2017-10-12 01:22:26] [INFO] <xlrd.book.Book object at 0x0000000003B4BEF0>
[2017-10-12 01:22:26] [INFO] <xlwt.Workbook.Workbook object at 0x0000000003CD2F28>
[2017-10-12 01:22:58] [INFO] no found
[2017-10-12 01:22:58] [INFO] no found
[2017-10-12 01:22:58] [INFO] no found
[2017-10-12 01:22:58] [INFO] no found
[2017-10-12 01:22:58] [INFO] no found
[2017-10-12 01:22:58] [INFO] no found
[2017-10-12 01:22:58] [INFO] no found
[2017-10-12 01:22:58] [INFO] no found
[2017-10-12 01:22:58] [INFO] no found
[2017-10-12 01:22:58] [INFO] no found
[2017-10-12 01:22:58] [INFO] no found
[2017-10-12 01:22:58] [INFO] no found
[2017-10-12 01:22:58] [INFO] no found
[2017-10-12 01:22:58] [INFO] no found
[2017-10-12 01:22:58] [INFO] no found
[2017-10-12 01:22:58] [INFO] no found
[2017-10-12 01:22:58] [INFO] no found
[2017-10-12 01:22:58] [INFO] no found
[2017-10-12 01:22:58] [INFO] no found
[2017-10-12 01:22:58] [INFO] no found
[2017-10-12 01:22:58] [INFO] no found
[2017-10-12 01:22:58] [INFO] no found
[2017-10-12 01:22:58] [INFO] no found
[2017-10-12 01:22:58] [INFO] no found
[2017-10-12 01:22:58] [INFO] no found
[2017-10-12 01:22:58] [INFO] no found
[2017-10-12 01:22:58] [INFO] no found
[2017-10-12 01:22:58] [INFO] no found
[2017-10-12 01:22:58] [INFO] no found
[2017-10-12 01:22:58] [INFO] no found
[2017-10-12 01:22:58] [INFO] no found
[2017-10-12 01:22:58] [INFO] no found
[2017-10-12 01:22:58] [INFO] no found
[2017-10-12 01:22:58] [INFO] no found
[2017-10-12 01:22:58] [INFO] no found
[2017-10-12 01:22:58] [INFO] no found
[2017-10-12 01:22:58] [INFO] no found
[2017-10-12 01:22:58] [INFO] no found
[2017-10-12 01:22:58] [INFO] no found
[2017-10-12 01:22:58] [INFO] no found
[2017-10-12 01:22:58] [INFO] no found
[2017-10-12 01:22:58] [INFO] no found
[2017-10-12 01:22:58] [INFO] no found
[2017-10-12 01:22:58] [INFO] no found
[2017-10-12 01:22:58] [INFO] no found
[2017-10-12 01:22:58] [INFO] no found
[2017-10-12 01:22:58] [INFO] no found
[2017-10-12 01:22:58] [INFO] no found
[2017-10-12 01:22:58] [INFO] no found
[2017-10-12 01:22:58] [INFO] no found
[2017-10-12 01:22:58] [INFO] no found
[2017-10-12 01:22:58] [INFO] no found
[2017-10-12 01:22:58] [INFO] no found
[2017-10-12 01:22:58] [INFO] no found
[2017-10-12 01:22:58] [INFO] no found
[2017-10-12 01:22:58] [INFO] no found
[2017-10-12 01:22:58] [INFO] no found
[2017-10-12 01:22:58] [INFO] no found
[2017-10-12 01:22:58] [INFO] no found
[2017-10-12 01:22:58] [INFO] no found
[2017-10-12 01:22:58] [INFO] no found
[2017-10-12 01:22:58] [INFO] no found
[2017-10-12 01:22:58] [INFO] no found
[2017-10-12 01:22:58] [INFO] no found
[2017-10-12 01:22:58] [INFO] no found
[2017-10-12 01:22:58] [INFO] no found
[2017-10-12 01:22:58] [INFO] no found
[2017-10-12 01:22:58] [INFO] no found
[2017-10-12 01:22:58] [INFO] no found
[2017-10-12 01:22:58] [INFO] no found
[2017-10-12 01:22:58] [INFO] no found
[2017-10-12 01:22:58] [INFO] no found
[2017-10-12 01:22:58] [INFO] no found
[2017-10-12 01:22:58] [INFO] no found
[2017-10-12 01:22:58] [INFO] no found
[2017-10-12 01:22:58] [INFO] no found
[2017-10-12 01:22:58] [INFO] no found
[2017-10-12 01:22:58] [INFO] no found
[2017-10-12 01:22:58] [INFO] no found
[2017-10-12 01:22:58] [INFO] no found
[2017-10-12 01:22:58] [INFO] no found
[2017-10-12 01:22:58] [INFO] no found
[2017-10-12 01:22:58] [INFO] no found
[2017-10-12 01:22:58] [INFO] no found
[2017-10-12 01:22:58] [INFO] no found
[2017-10-12 01:22:58] [INFO] no found
[2017-10-12 01:22:58] [INFO] no found
[2017-10-12 01:22:58] [INFO] no found
[2017-10-12 01:22:58] [INFO] no found
[2017-10-12 01:22:58] [INFO] no found
[2017-10-12 01:22:58] [INFO] no found
[2017-10-12 01:22:58] [INFO] no found
[2017-10-12 01:22:58] [INFO] no found
[2017-10-12 01:22:58] [INFO] no found
[2017-10-12 01:22:58] [INFO] no found
[2017-10-12 01:22:58] [INFO] no found
[2017-10-12 01:22:58] [INFO] no found
[2017-10-12 01:22:58] [INFO] no found
[2017-10-12 01:22:58] [INFO] no found
[2017-10-12 01:22:58] [INFO] no found
[2017-10-12 01:22:58] [INFO] no found
[2017-10-12 01:22:58] [INFO] no found
[2017-10-12 01:22:58] [INFO] no found
[2017-10-12 01:22:58] [INFO] no found
[2017-10-12 01:22:58] [INFO] no found
[2017-10-12 01:22:58] [INFO] no found
[2017-10-12 01:22:58] [INFO] no found
[2017-10-12 01:22:58] [INFO] no found
[2017-10-12 01:22:58] [INFO] no found
[2017-10-12 01:22:58] [INFO] no found
[2017-10-12 01:22:58] [INFO] no found
[2017-10-12 01:22:58] [INFO] no found
[2017-10-12 01:22:58] [INFO] no found
[2017-10-12 01:22:58] [INFO] no found
[2017-10-12 01:22:58] [INFO] no found
[2017-10-12 01:22:58] [INFO] no found
[2017-10-12 01:22:58] [INFO] no found
[2017-10-12 01:22:58] [INFO] no found
[2017-10-12 01:22:58] [INFO] no found
[2017-10-12 01:22:58] [INFO] no found
[2017-10-12 01:22:58] [INFO] no found
[2017-10-12 01:22:58] [INFO] no found
[2017-10-12 01:22:58] [INFO] no found
[2017-10-12 01:22:58] [INFO] no found
[2017-10-12 01:22:58] [INFO] no found
[2017-10-12 01:22:58] [INFO] no found
[2017-10-12 01:22:58] [INFO] no found
[2017-10-12 01:22:58] [INFO] no found
[2017-10-12 01:22:58] [INFO] no found
[2017-10-12 01:22:58] [INFO] no found
[2017-10-12 01:22:58] [INFO] no found
[2017-10-12 01:22:58] [INFO] no found
[2017-10-12 01:22:58] [INFO] no found
[2017-10-12 01:22:58] [INFO] no found
[2017-10-12 01:22:58] [INFO] no found
[2017-10-12 01:22:58] [INFO] no found
[2017-10-12 01:22:58] [INFO] no found
[2017-10-12 01:22:58] [INFO] no found
[2017-10-12 01:22:58] [INFO] no found
[2017-10-12 01:22:58] [INFO] no found
[2017-10-12 01:22:58] [INFO] no found
[2017-10-12 01:22:58] [INFO] no found
[2017-10-12 01:22:58] [INFO] no found
[2017-10-12 01:22:58] [INFO] no found
[2017-10-12 01:22:58] [INFO] [(30, '关闭wifi 后，查看电脑的无线列表 ', 'Pass', '2017-10-12 01:22:33', '2017-10-12 01:22:58', '0:00:25', '')]
[2017-10-12 01:22:58] [INFO] 测试完成后恢复到wifi打开的状态
[2017-10-12 01:23:06] [INFO] <xlrd.book.Book object at 0x0000000003B4BFD0>
[2017-10-12 01:23:06] [INFO] <xlwt.Workbook.Workbook object at 0x0000000003C1B048>
[2017-10-12 01:24:05] [INFO] no found
[2017-10-12 01:24:05] [INFO] no found
[2017-10-12 01:24:05] [INFO] no found
[2017-10-12 01:24:05] [INFO] no found
[2017-10-12 01:24:05] [INFO] no found
[2017-10-12 01:24:05] [INFO] no found
[2017-10-12 01:24:05] [INFO] no found
[2017-10-12 01:24:05] [INFO] no found
[2017-10-12 01:24:05] [INFO] no found
[2017-10-12 01:24:05] [INFO] no found
[2017-10-12 01:24:05] [INFO] no found
[2017-10-12 01:24:05] [INFO] no found
[2017-10-12 01:24:05] [INFO] no found
[2017-10-12 01:24:05] [INFO] no found
[2017-10-12 01:24:05] [INFO] no found
[2017-10-12 01:24:05] [INFO] no found
[2017-10-12 01:24:05] [INFO] no found
[2017-10-12 01:24:05] [INFO] no found
[2017-10-12 01:24:05] [INFO] no found
[2017-10-12 01:24:05] [INFO] no found
[2017-10-12 01:24:05] [INFO] no found
[2017-10-12 01:24:05] [INFO] no found
[2017-10-12 01:24:05] [INFO] no found
[2017-10-12 01:24:05] [INFO] no found
[2017-10-12 01:24:05] [INFO] no found
[2017-10-12 01:24:05] [INFO] no found
[2017-10-12 01:24:05] [INFO] no found
[2017-10-12 01:24:05] [INFO] no found
[2017-10-12 01:24:05] [INFO] no found
[2017-10-12 01:24:05] [INFO] no found
[2017-10-12 01:24:05] [INFO] no found
[2017-10-12 01:24:05] [INFO] no found
[2017-10-12 01:24:05] [INFO] no found
[2017-10-12 01:24:05] [INFO] no found
[2017-10-12 01:24:05] [INFO] no found
[2017-10-12 01:24:05] [INFO] no found
[2017-10-12 01:24:05] [INFO] no found
[2017-10-12 01:24:05] [INFO] no found
[2017-10-12 01:24:05] [INFO] no found
[2017-10-12 01:24:05] [INFO] no found
[2017-10-12 01:24:05] [INFO] no found
[2017-10-12 01:24:05] [INFO] no found
[2017-10-12 01:24:05] [INFO] no found
[2017-10-12 01:24:05] [INFO] no found
[2017-10-12 01:24:05] [INFO] no found
[2017-10-12 01:24:05] [INFO] no found
[2017-10-12 01:24:05] [INFO] no found
[2017-10-12 01:24:05] [INFO] no found
[2017-10-12 01:24:05] [INFO] no found
[2017-10-12 01:24:05] [INFO] no found
[2017-10-12 01:24:05] [INFO] no found
[2017-10-12 01:24:05] [INFO] no found
[2017-10-12 01:24:05] [INFO] no found
[2017-10-12 01:24:05] [INFO] no found
[2017-10-12 01:24:05] [INFO] no found
[2017-10-12 01:24:05] [INFO] no found
[2017-10-12 01:24:05] [INFO] no found
[2017-10-12 01:24:05] [INFO] no found
[2017-10-12 01:24:05] [INFO] no found
[2017-10-12 01:24:05] [INFO] no found
[2017-10-12 01:24:05] [INFO] no found
[2017-10-12 01:24:05] [INFO] no found
[2017-10-12 01:24:05] [INFO] no found
[2017-10-12 01:24:05] [INFO] no found
[2017-10-12 01:24:05] [INFO] no found
[2017-10-12 01:24:05] [INFO] no found
[2017-10-12 01:24:05] [INFO] no found
[2017-10-12 01:24:05] [INFO] no found
[2017-10-12 01:24:05] [INFO] no found
[2017-10-12 01:24:05] [INFO] no found
[2017-10-12 01:24:05] [INFO] no found
[2017-10-12 01:24:05] [INFO] no found
[2017-10-12 01:24:05] [INFO] no found
[2017-10-12 01:24:05] [INFO] no found
[2017-10-12 01:24:05] [INFO] no found
[2017-10-12 01:24:05] [INFO] no found
[2017-10-12 01:24:05] [INFO] no found
[2017-10-12 01:24:05] [INFO] no found
[2017-10-12 01:24:05] [INFO] no found
[2017-10-12 01:24:05] [INFO] no found
[2017-10-12 01:24:05] [INFO] no found
[2017-10-12 01:24:05] [INFO] no found
[2017-10-12 01:24:05] [INFO] no found
[2017-10-12 01:24:05] [INFO] no found
[2017-10-12 01:24:05] [INFO] no found
[2017-10-12 01:24:05] [INFO] no found
[2017-10-12 01:24:05] [INFO] no found
[2017-10-12 01:24:05] [INFO] no found
[2017-10-12 01:24:05] [INFO] no found
[2017-10-12 01:24:05] [INFO] no found
[2017-10-12 01:24:05] [INFO] no found
[2017-10-12 01:24:05] [INFO] no found
[2017-10-12 01:24:05] [INFO] no found
[2017-10-12 01:24:05] [INFO] no found
[2017-10-12 01:24:05] [INFO] no found
[2017-10-12 01:24:05] [INFO] no found
[2017-10-12 01:24:05] [INFO] no found
[2017-10-12 01:24:05] [INFO] no found
[2017-10-12 01:24:05] [INFO] no found
[2017-10-12 01:24:05] [INFO] no found
[2017-10-12 01:24:05] [INFO] no found
[2017-10-12 01:24:05] [INFO] no found
[2017-10-12 01:24:05] [INFO] no found
[2017-10-12 01:24:05] [INFO] no found
[2017-10-12 01:24:05] [INFO] no found
[2017-10-12 01:24:05] [INFO] no found
[2017-10-12 01:24:05] [INFO] no found
[2017-10-12 01:24:05] [INFO] no found
[2017-10-12 01:24:05] [INFO] no found
[2017-10-12 01:24:05] [INFO] no found
[2017-10-12 01:24:05] [INFO] no found
[2017-10-12 01:24:05] [INFO] no found
[2017-10-12 01:24:05] [INFO] no found
[2017-10-12 01:24:05] [INFO] no found
[2017-10-12 01:24:05] [INFO] no found
[2017-10-12 01:24:05] [INFO] no found
[2017-10-12 01:24:05] [INFO] no found
[2017-10-12 01:24:05] [INFO] no found
[2017-10-12 01:24:05] [INFO] no found
[2017-10-12 01:24:05] [INFO] no found
[2017-10-12 01:24:05] [INFO] no found
[2017-10-12 01:24:05] [INFO] no found
[2017-10-12 01:24:05] [INFO] no found
[2017-10-12 01:24:05] [INFO] no found
[2017-10-12 01:24:05] [INFO] no found
[2017-10-12 01:24:05] [INFO] no found
[2017-10-12 01:24:05] [INFO] no found
[2017-10-12 01:24:05] [INFO] no found
[2017-10-12 01:24:05] [INFO] no found
[2017-10-12 01:24:05] [INFO] no found
[2017-10-12 01:24:05] [INFO] no found
[2017-10-12 01:24:05] [INFO] no found
[2017-10-12 01:24:05] [INFO] no found
[2017-10-12 01:24:05] [INFO] no found
[2017-10-12 01:24:05] [INFO] no found
[2017-10-12 01:24:05] [INFO] no found
[2017-10-12 01:24:05] [INFO] no found
[2017-10-12 01:24:05] [INFO] no found
[2017-10-12 01:24:05] [INFO] no found
[2017-10-12 01:24:05] [INFO] no found
[2017-10-12 01:24:05] [INFO] no found
[2017-10-12 01:24:05] [INFO] no found
[2017-10-12 01:24:05] [INFO] no found
[2017-10-12 01:24:05] [INFO] no found
[2017-10-12 01:24:05] [INFO] no found
[2017-10-12 01:24:05] [INFO] no found
[2017-10-12 01:24:05] [INFO] no found
[2017-10-12 01:24:05] [INFO] no found
[2017-10-12 01:24:05] [INFO] no found
[2017-10-12 01:24:05] [INFO] no found
[2017-10-12 01:24:05] [INFO] no found
[2017-10-12 01:24:05] [INFO] no found
[2017-10-12 01:24:05] [INFO] no found
[2017-10-12 01:24:05] [INFO] no found
[2017-10-12 01:24:05] [INFO] no found
[2017-10-12 01:24:05] [INFO] no found
[2017-10-12 01:24:05] [INFO] no found
[2017-10-12 01:24:05] [INFO] no found
[2017-10-12 01:24:05] [INFO] no found
[2017-10-12 01:24:05] [INFO] [(31, '关闭SSID,查看电脑列表能否搜索到wifi名称 ', 'Pass', '2017-10-12 01:23:12', '2017-10-12 01:24:05', '0:00:53', '')]
[2017-10-12 01:24:05] [INFO] 测试完成后关闭ssid隐藏
[2017-10-12 01:24:28] [INFO] <xlrd.book.Book object at 0x0000000003B4AFD0>
[2017-10-12 01:24:28] [INFO] <xlwt.Workbook.Workbook object at 0x0000000003C170F0>
[2017-10-12 01:25:01] [INFO] [(32, '不输入原密码时的提示信息检查 ', 'Pass', '2017-10-12 01:24:35', '2017-10-12 01:25:01', '0:00:26', '')]
[2017-10-12 01:25:04] [INFO] <xlrd.book.Book object at 0x0000000003B82D30>
[2017-10-12 01:25:04] [INFO] <xlwt.Workbook.Workbook object at 0x0000000003C15DA0>
[2017-10-12 01:25:39] [INFO] [(33, '不输入新密码时的提示信息检查 ', 'Pass', '2017-10-12 01:25:10', '2017-10-12 01:25:39', '0:00:29', '')]
[2017-10-12 01:25:42] [INFO] <xlrd.book.Book object at 0x0000000003B84D30>
[2017-10-12 01:25:42] [INFO] <xlwt.Workbook.Workbook object at 0x0000000003CCCE10>
[2017-10-12 01:26:16] [INFO] [(34, '确认密码不输入时提示信息检查 ', 'Pass', '2017-10-12 01:25:48', '2017-10-12 01:26:16', '0:00:28', '')]
[2017-10-12 01:26:19] [INFO] <xlrd.book.Book object at 0x0000000003BBB898>
[2017-10-12 01:26:19] [INFO] <xlwt.Workbook.Workbook object at 0x0000000003C23208>
[2017-10-12 01:26:54] [INFO] [(35, '确认密码与新密码不一致时的提示信息检查 ', 'Pass', '2017-10-12 01:26:26', '2017-10-12 01:26:54', '0:00:28', '')]
[2017-10-12 01:26:57] [INFO] <xlrd.book.Book object at 0x0000000003BBD5F8>
[2017-10-12 01:26:57] [INFO] <xlwt.Workbook.Workbook object at 0x0000000003CD4240>
[2017-10-12 01:27:32] [INFO] [(36, '原密码错误时提示信息检查 ', 'Pass', '2017-10-12 01:27:03', '2017-10-12 01:27:32', '0:00:29', '')]
[2017-10-12 01:27:35] [INFO] <xlrd.book.Book object at 0x0000000003BBC908>
[2017-10-12 01:27:35] [INFO] <xlwt.Workbook.Workbook object at 0x0000000003C222B0>
[2017-10-12 01:28:10] [INFO] [(37, '新密码格式错误时提示信息检查 ', 'Pass', '2017-10-12 01:27:42', '2017-10-12 01:28:10', '0:00:28', '')]
[2017-10-12 01:28:13] [INFO] <xlrd.book.Book object at 0x0000000003B82D68>
[2017-10-12 01:28:13] [INFO] <xlwt.Workbook.Workbook object at 0x0000000003C1AF98>
[2017-10-12 01:29:18] [INFO] [(38, '修改登录密码查看是否可以登录成功', 'Pass', '2017-10-12 01:28:19', '2017-10-12 01:29:18', '0:00:59', '')]
[2017-10-12 01:29:18] [INFO] 测试完成恢复登录密码
[2017-10-12 01:29:33] [INFO] <xlrd.book.Book object at 0x0000000003B83D30>
[2017-10-12 01:29:33] [INFO] <xlwt.Workbook.Workbook object at 0x0000000003DB5DA0>
[2017-10-12 01:30:13] [INFO] [(39, '检查时区能否正确改变 ', 'Pass', '2017-10-12 01:29:40', '2017-10-12 01:30:13', '0:00:33', '')]
[2017-10-12 01:30:13] [INFO] 测试完成恢复时区
[2017-10-12 01:30:18] [INFO] <xlrd.book.Book object at 0x0000000003B82CC0>
[2017-10-12 01:30:18] [INFO] <xlwt.Workbook.Workbook object at 0x0000000003C9BDD8>
[2017-10-12 01:30:55] [INFO] ./upgrade/upload.exe E:\wifitest\upgrade\eeee.png
[2017-10-12 01:30:55] [INFO] 开始用autoit3脚本控制选择本地文件
[2017-10-12 01:31:08] [INFO] [(40, '上传错误的升级文件时，错误提示 ', 'Pass', '2017-10-12 01:30:24', '2017-10-12 01:31:08', '0:00:44', '')]
[2017-10-12 01:31:12] [INFO] <xlrd.book.Book object at 0x0000000003B82D68>
[2017-10-12 01:31:12] [INFO] <xlwt.Workbook.Workbook object at 0x0000000003C1E0B8>
[2017-10-12 01:33:10] [INFO] [(41, '重启功能检查 ', 'Pass', '2017-10-12 01:31:17', '2017-10-12 01:33:10', '0:01:53', '')]
[2017-10-12 01:33:13] [INFO] <xlrd.book.Book object at 0x0000000003B82D68>
[2017-10-12 01:33:13] [INFO] <xlwt.Workbook.Workbook object at 0x0000000003CE9080>
[2017-10-12 01:33:49] [INFO] [(42, '取消重启检查 ', 'Pass', '2017-10-12 01:33:20', '2017-10-12 01:33:49', '0:00:29', '')]
[2017-10-12 01:33:52] [INFO] <xlrd.book.Book object at 0x0000000003B84CC0>
[2017-10-12 01:33:52] [INFO] <xlwt.Workbook.Workbook object at 0x0000000003CBD048>
[2017-10-12 01:34:14] [INFO] [(43, '退出系统 ', 'Pass', '2017-10-12 01:33:58', '2017-10-12 01:34:14', '0:00:16', '')]
[2017-10-12 01:34:17] [INFO] <xlrd.book.Book object at 0x0000000003B835C0>
[2017-10-12 01:34:17] [INFO] <xlwt.Workbook.Workbook object at 0x0000000003D40208>
[2017-10-12 01:34:17] [INFO] 发送邮件
