[2017-10-11 22:51:30] [INFO] test_goto_login: test START 
[2017-10-11 22:51:34] [INFO] [(1, '登录页面跳转测试 ', 'Pass', '2017-10-11 22:51:30', '2017-10-11 22:51:34', '0:00:04', '')]
[2017-10-11 22:51:37] [INFO] <xlrd.book.Book object at 0x0000000003B85518>
[2017-10-11 22:51:37] [INFO] <xlwt.Workbook.Workbook object at 0x0000000003C8A048>
[2017-10-11 22:51:56] [INFO] [(2, '正确密码是否可成功登录测试 ', 'Pass', '2017-10-11 22:51:42', '2017-10-11 22:51:56', '0:00:14', '')]
[2017-10-11 22:51:59] [INFO] <xlrd.book.Book object at 0x0000000003B86550>
[2017-10-11 22:51:59] [INFO] <xlwt.Workbook.Workbook object at 0x0000000003C84F60>
[2017-10-11 22:52:22] [INFO] [(3, '是否能顺利跳转到wan 界面 ', 'Pass', '2017-10-11 22:52:05', '2017-10-11 22:52:22', '0:00:17', '')]
[2017-10-11 22:52:25] [INFO] <xlrd.book.Book object at 0x0000000003B68160>
[2017-10-11 22:52:25] [INFO] <xlwt.Workbook.Workbook object at 0x0000000003C0C5C0>
[2017-10-11 22:53:03] [INFO] 请输入IP地址。
[2017-10-11 22:53:03] [INFO] [(4, '没有IP地址输入时的错误信息提示 ', 'Pass', '2017-10-11 22:52:33', '2017-10-11 22:53:03', '0:00:30', '')]
[2017-10-11 22:53:06] [INFO] <xlrd.book.Book object at 0x0000000003B6A128>
[2017-10-11 22:53:06] [INFO] <xlwt.Workbook.Workbook object at 0x0000000003C917B8>
[2017-10-11 22:53:23] [INFO] [(5, '不填写密码时的提示信息是否正确 ', 'Pass', '2017-10-11 22:53:13', '2017-10-11 22:53:23', '0:00:10', '')]
[2017-10-11 22:53:26] [INFO] <xlrd.book.Book object at 0x0000000003B86550>
[2017-10-11 22:53:26] [INFO] <xlwt.Workbook.Workbook object at 0x0000000003C09668>
[2017-10-11 22:53:41] [INFO] [(6, '登录密码错误时提示信息是否正确 ', 'Pass', '2017-10-11 22:53:33', '2017-10-11 22:53:41', '0:00:08', '')]
[2017-10-11 22:53:44] [INFO] <xlrd.book.Book object at 0x0000000003B864E0>
[2017-10-11 22:53:44] [INFO] <xlwt.Workbook.Workbook object at 0x0000000003C0A3C8>
[2017-10-11 22:54:20] [INFO] 请输入子网掩码。
[2017-10-11 22:54:20] [INFO] [(7, '不输入子网掩码时的错误信息提示 ', 'Pass', '2017-10-11 22:53:50', '2017-10-11 22:54:20', '0:00:30', '')]
[2017-10-11 22:54:23] [INFO] <xlrd.book.Book object at 0x0000000003B680B8>
[2017-10-11 22:54:23] [INFO] <xlwt.Workbook.Workbook object at 0x0000000003C93940>
[2017-10-11 22:55:00] [INFO] 请输入默认网关地址。
[2017-10-11 22:55:00] [INFO] [(8, '不输入默认网关时的错误信息提示 ', 'Pass', '2017-10-11 22:54:30', '2017-10-11 22:55:00', '0:00:30', '')]
[2017-10-11 22:55:03] [INFO] <xlrd.book.Book object at 0x0000000003B68128>
[2017-10-11 22:55:03] [INFO] <xlwt.Workbook.Workbook object at 0x0000000003CA6A20>
[2017-10-11 22:55:38] [INFO] IP地址含非法字符，请重新输入。
[2017-10-11 22:55:42] [INFO] IP地址含非法字符，请重新输入。
[2017-10-11 22:55:45] [INFO] IP地址含非法字符，请重新输入。
[2017-10-11 22:55:49] [INFO] IP地址含非法字符，请重新输入。
[2017-10-11 22:55:52] [INFO] IP地址格式错误，请重新输入。
[2017-10-11 22:55:55] [INFO] IP地址含非法字符，请重新输入。
[2017-10-11 22:55:55] [INFO] [(9, '非法格式的IP地址输入时提示信息检查 ', 'Pass', '2017-10-11 22:55:10', '2017-10-11 22:55:55', '0:00:45', '')]
[2017-10-11 22:55:58] [INFO] <xlrd.book.Book object at 0x0000000003B6A128>
[2017-10-11 22:55:58] [INFO] <xlwt.Workbook.Workbook object at 0x0000000003C969E8>
[2017-10-11 22:56:34] [INFO] 子网掩码不正确，请重新输入。
[2017-10-11 22:56:40] [INFO] 子网掩码不正确，请重新输入。
[2017-10-11 22:56:45] [INFO] 子网掩码不正确，请重新输入。
[2017-10-11 22:56:50] [INFO] 子网掩码不正确，请重新输入。
[2017-10-11 22:56:55] [INFO] 子网掩码不正确，请重新输入。
[2017-10-11 22:57:01] [INFO] 子网掩码不正确，请重新输入。
[2017-10-11 22:57:01] [INFO] [(10, '非法格式的子网掩码输入时，提示信息检查 ', 'Pass', '2017-10-11 22:56:04', '2017-10-11 22:57:01', '0:00:57', '')]
[2017-10-11 22:57:04] [INFO] <xlrd.book.Book object at 0x0000000003B6A0F0>
[2017-10-11 22:57:04] [INFO] <xlwt.Workbook.Workbook object at 0x0000000003C195F8>
[2017-10-11 22:57:40] [INFO] 默认网关错误，请重新输入。
[2017-10-11 22:57:46] [INFO] 默认网关错误，请重新输入。
[2017-10-11 22:57:51] [INFO] 默认网关错误，请重新输入。
[2017-10-11 22:57:56] [INFO] 默认网关错误，请重新输入。
[2017-10-11 22:58:02] [INFO] 默认网关错误，请重新输入。
[2017-10-11 22:58:07] [INFO] 默认网关错误，请重新输入。
[2017-10-11 22:58:07] [INFO] [(11, '非法格式的默认网关输入时，提示信息检查 ', 'Pass', '2017-10-11 22:57:10', '2017-10-11 22:58:07', '0:00:57', '')]
[2017-10-11 22:58:10] [INFO] <xlrd.book.Book object at 0x0000000003B6B0B8>
[2017-10-11 22:58:10] [INFO] <xlwt.Workbook.Workbook object at 0x0000000003D206D8>
[2017-10-11 22:58:59] [INFO] [(12, '是否可以成功设置静态IP ', 'Pass', '2017-10-11 22:58:17', '2017-10-11 22:58:59', '0:00:42', '')]
[2017-10-11 22:58:59] [INFO] 测试完成后将上网方式恢复为自动获取
[2017-10-11 22:59:23] [INFO] <xlrd.book.Book object at 0x0000000003B6A0B8>
[2017-10-11 22:59:23] [INFO] <xlwt.Workbook.Workbook object at 0x0000000003C18B70>
[2017-10-11 22:59:52] [INFO] [(13, '是否能顺利跳转到lan页面 ', 'Pass', '2017-10-11 22:59:30', '2017-10-11 22:59:52', '0:00:22', '')]
[2017-10-11 22:59:55] [INFO] <xlrd.book.Book object at 0x0000000003B69400>
[2017-10-11 22:59:55] [INFO] <xlwt.Workbook.Workbook object at 0x0000000003C0BC50>
[2017-10-11 23:00:19] [INFO] 默认的局域网地址:
[2017-10-11 23:00:19] [INFO] 默认的dhcp状态是：checkbox_off
[2017-10-11 23:00:19] [INFO] 默认的初始IP地址池：
[2017-10-11 23:00:19] [INFO] 默认的结束IP地址池： 
[2017-10-11 23:00:19] [INFO] [(14, 'lan页面默认项检查 ', 'Pass', '2017-10-11 23:00:01', '2017-10-11 23:00:19', '0:00:18', '')]
[2017-10-11 23:00:22] [INFO] <xlrd.book.Book object at 0x0000000003B69358>
[2017-10-11 23:00:22] [INFO] <xlwt.Workbook.Workbook object at 0x0000000003C9CCF8>
[2017-10-11 23:00:57] [INFO] [(15, 'lan页面不输入局域网地址时的提示语检查 ', 'Pass', '2017-10-11 23:00:29', '2017-10-11 23:00:57', '0:00:28', '')]
[2017-10-11 23:01:00] [INFO] <xlrd.book.Book object at 0x0000000003B69390>
[2017-10-11 23:01:00] [INFO] <xlwt.Workbook.Workbook object at 0x0000000003C0FDA0>
[2017-10-11 23:01:31] [INFO] IP地址含非法字符，请重新输入。
[2017-10-11 23:01:33] [INFO] IP地址含非法字符，请重新输入。
[2017-10-11 23:01:35] [INFO] IP地址含非法字符，请重新输入。
[2017-10-11 23:01:37] [INFO] IP地址含非法字符，请重新输入。
[2017-10-11 23:01:40] [INFO] IP地址格式错误，请重新输入。
[2017-10-11 23:01:42] [INFO] IP地址含非法字符，请重新输入。
[2017-10-11 23:01:42] [INFO] [(16, 'lan页面输入格式错误的局域网地址时的提示语检查 ', 'Pass', '2017-10-11 23:01:06', '2017-10-11 23:01:42', '0:00:36', '')]
[2017-10-11 23:01:45] [INFO] <xlrd.book.Book object at 0x0000000003B69390>
[2017-10-11 23:01:45] [INFO] <xlwt.Workbook.Workbook object at 0x0000000003CA3E80>
[2017-10-11 23:03:21] [INFO] [(17, 'lan页面修改局域网地址是否可以成功 ', 'Pass', '2017-10-11 23:01:51', '2017-10-11 23:03:21', '0:01:30', '')]
[2017-10-11 23:03:21] [INFO] 测试完成后修改到原来的IP
[2017-10-11 23:04:37] [INFO] <xlrd.book.Book object at 0x0000000003B693C8>
[2017-10-11 23:04:37] [INFO] <xlwt.Workbook.Workbook object at 0x0000000003E2DC50>
[2017-10-11 23:05:16] [INFO] 地址池开始值错误，请重新输入。
[2017-10-11 23:05:16] [INFO] [(18, '开始IP地址非法时提示信息检查 ', 'Pass', '2017-10-11 23:04:43', '2017-10-11 23:05:16', '0:00:33', '')]
[2017-10-11 23:05:19] [INFO] <xlrd.book.Book object at 0x0000000003B693C8>
[2017-10-11 23:05:19] [INFO] <xlwt.Workbook.Workbook object at 0x0000000003C15048>
[2017-10-11 23:05:56] [INFO] 地址池结束值错误，请重新输入。
[2017-10-11 23:05:56] [INFO] [(19, '结束IP地址非法时提示信息检查 ', 'Pass', '2017-10-11 23:05:25', '2017-10-11 23:05:56', '0:00:31', '')]
[2017-10-11 23:05:59] [INFO] <xlrd.book.Book object at 0x0000000003B69390>
[2017-10-11 23:05:59] [INFO] <xlwt.Workbook.Workbook object at 0x0000000003C16080>
[2017-10-11 23:06:37] [INFO] 地址池结束值不能小于开始值，请重新输入。
[2017-10-11 23:06:37] [INFO] [(20, '开始IP地址大于结束IP地址时，提示语检查 ', 'Pass', '2017-10-11 23:06:04', '2017-10-11 23:06:37', '0:00:33', '')]
[2017-10-11 23:06:40] [INFO] <xlrd.book.Book object at 0x0000000003B693C8>
[2017-10-11 23:06:40] [INFO] <xlwt.Workbook.Workbook object at 0x0000000003C16160>
[2017-10-11 23:07:24] [INFO] [(21, '开始ip地址和结束IP地址都合法时，是否可以成功保存 ', 'Pass', '2017-10-11 23:06:46', '2017-10-11 23:07:24', '0:00:38', '')]
[2017-10-11 23:07:27] [INFO] <xlrd.book.Book object at 0x0000000003B693C8>
[2017-10-11 23:07:27] [INFO] <xlwt.Workbook.Workbook object at 0x0000000003C97198>
[2017-10-11 23:08:00] [INFO] [(22, 'DHCP 能否被正确关闭 ', 'Pass', '2017-10-11 23:07:32', '2017-10-11 23:08:00', '0:00:28', '')]
[2017-10-11 23:08:03] [INFO] <xlrd.book.Book object at 0x0000000003B69390>
[2017-10-11 23:08:03] [INFO] <xlwt.Workbook.Workbook object at 0x0000000003C12048>
[2017-10-11 23:08:26] [INFO] [(23, '是否能顺利跳转到无线wifi设置界面 ', 'Pass', '2017-10-11 23:08:09', '2017-10-11 23:08:26', '0:00:17', '')]
[2017-10-11 23:08:29] [INFO] <xlrd.book.Book object at 0x0000000003B4CF98>
[2017-10-11 23:08:29] [INFO] <xlwt.Workbook.Workbook object at 0x0000000003C8EBE0>
[2017-10-11 23:08:53] [INFO] wifiname:frt_test
[2017-10-11 23:08:53] [INFO] wifiname:iot123321
[2017-10-11 23:08:53] [INFO] [(24, 'wifi页面默认项检查 ', 'Pass', '2017-10-11 23:08:35', '2017-10-11 23:08:53', '0:00:18', '')]
[2017-10-11 23:08:56] [INFO] <xlrd.book.Book object at 0x0000000003B4CF60>
[2017-10-11 23:08:56] [INFO] <xlwt.Workbook.Workbook object at 0x0000000003C9EC18>
[2017-10-11 23:13:47] [INFO] [(25, 'wifi名称各种组合是否支持 ', 'Pass', '2017-10-11 23:09:03', '2017-10-11 23:13:47', '0:04:44', '')]
[2017-10-11 23:13:50] [INFO] <xlrd.book.Book object at 0x0000000003B4CFD0>
[2017-10-11 23:13:50] [INFO] <xlwt.Workbook.Workbook object at 0x0000000003C52D30>
[2017-10-11 23:14:14] [INFO] 请输入2.4G无线名称。
[2017-10-11 23:14:14] [INFO] [(26, '不输入wifi名称时的提示语检查 ', 'Pass', '2017-10-11 23:13:57', '2017-10-11 23:14:14', '0:00:17', '')]
[2017-10-11 23:14:17] [INFO] <xlrd.book.Book object at 0x0000000003B4CF60>
[2017-10-11 23:14:17] [INFO] <xlwt.Workbook.Workbook object at 0x0000000003C10D68>
[2017-10-11 23:15:06] [INFO] [(27, '不输入wifi密码时是否可以保存成功 ', 'Pass', '2017-10-11 23:14:23', '2017-10-11 23:15:06', '0:00:43', '')]
[2017-10-11 23:15:06] [INFO] 测试完成后恢复wifi密码
[2017-10-11 23:15:31] [INFO] <xlrd.book.Book object at 0x0000000003B4BF60>
[2017-10-11 23:15:31] [INFO] <xlwt.Workbook.Workbook object at 0x0000000003C1DF28>
[2017-10-11 23:16:10] [INFO] [(28, '输入错误格式的wifi 密码，提示语检查 ', 'Pass', '2017-10-11 23:15:37', '2017-10-11 23:16:10', '0:00:33', '')]
[2017-10-11 23:16:10] [INFO] 测试完成恢复wifi密码
[2017-10-11 23:16:37] [INFO] <xlrd.book.Book object at 0x0000000003B4BF60>
[2017-10-11 23:16:37] [INFO] <xlwt.Workbook.Workbook object at 0x0000000003C1AF28>
[2017-10-11 23:19:57] [INFO] [(29, '是否支持各种格式的wifi密码 ', 'Pass', '2017-10-11 23:16:43', '2017-10-11 23:19:57', '0:03:14', '')]
[2017-10-11 23:19:57] [INFO] 测试完成恢复wifi密码
[2017-10-11 23:20:29] [INFO] <xlrd.book.Book object at 0x0000000003B4BF60>
[2017-10-11 23:20:29] [INFO] <xlwt.Workbook.Workbook object at 0x0000000003C44EF0>
[2017-10-11 23:21:01] [INFO] no found
[2017-10-11 23:21:01] [INFO] no found
[2017-10-11 23:21:01] [INFO] no found
[2017-10-11 23:21:01] [INFO] no found
[2017-10-11 23:21:01] [INFO] no found
[2017-10-11 23:21:01] [INFO] no found
[2017-10-11 23:21:01] [INFO] no found
[2017-10-11 23:21:01] [INFO] no found
[2017-10-11 23:21:01] [INFO] no found
[2017-10-11 23:21:01] [INFO] no found
[2017-10-11 23:21:01] [INFO] no found
[2017-10-11 23:21:01] [INFO] no found
[2017-10-11 23:21:01] [INFO] no found
[2017-10-11 23:21:01] [INFO] no found
[2017-10-11 23:21:01] [INFO] no found
[2017-10-11 23:21:01] [INFO] no found
[2017-10-11 23:21:01] [INFO] no found
[2017-10-11 23:21:01] [INFO] no found
[2017-10-11 23:21:01] [INFO] no found
[2017-10-11 23:21:01] [INFO] no found
[2017-10-11 23:21:01] [INFO] no found
[2017-10-11 23:21:01] [INFO] no found
[2017-10-11 23:21:01] [INFO] no found
[2017-10-11 23:21:01] [INFO] no found
[2017-10-11 23:21:01] [INFO] no found
[2017-10-11 23:21:01] [INFO] no found
[2017-10-11 23:21:01] [INFO] no found
[2017-10-11 23:21:01] [INFO] no found
[2017-10-11 23:21:01] [INFO] no found
[2017-10-11 23:21:01] [INFO] no found
[2017-10-11 23:21:01] [INFO] no found
[2017-10-11 23:21:01] [INFO] no found
[2017-10-11 23:21:01] [INFO] no found
[2017-10-11 23:21:01] [INFO] no found
[2017-10-11 23:21:01] [INFO] no found
[2017-10-11 23:21:01] [INFO] no found
[2017-10-11 23:21:01] [INFO] no found
[2017-10-11 23:21:01] [INFO] no found
[2017-10-11 23:21:01] [INFO] no found
[2017-10-11 23:21:01] [INFO] no found
[2017-10-11 23:21:01] [INFO] no found
[2017-10-11 23:21:01] [INFO] no found
[2017-10-11 23:21:01] [INFO] no found
[2017-10-11 23:21:01] [INFO] no found
[2017-10-11 23:21:01] [INFO] no found
[2017-10-11 23:21:01] [INFO] no found
[2017-10-11 23:21:01] [INFO] no found
[2017-10-11 23:21:01] [INFO] no found
[2017-10-11 23:21:01] [INFO] no found
[2017-10-11 23:21:01] [INFO] no found
[2017-10-11 23:21:01] [INFO] no found
[2017-10-11 23:21:01] [INFO] no found
[2017-10-11 23:21:01] [INFO] no found
[2017-10-11 23:21:01] [INFO] no found
[2017-10-11 23:21:01] [INFO] no found
[2017-10-11 23:21:01] [INFO] no found
[2017-10-11 23:21:01] [INFO] no found
[2017-10-11 23:21:01] [INFO] no found
[2017-10-11 23:21:01] [INFO] no found
[2017-10-11 23:21:01] [INFO] no found
[2017-10-11 23:21:01] [INFO] no found
[2017-10-11 23:21:01] [INFO] no found
[2017-10-11 23:21:01] [INFO] no found
[2017-10-11 23:21:01] [INFO] no found
[2017-10-11 23:21:01] [INFO] no found
[2017-10-11 23:21:01] [INFO] no found
[2017-10-11 23:21:01] [INFO] no found
[2017-10-11 23:21:01] [INFO] no found
[2017-10-11 23:21:01] [INFO] no found
[2017-10-11 23:21:01] [INFO] no found
[2017-10-11 23:21:01] [INFO] no found
[2017-10-11 23:21:01] [INFO] no found
[2017-10-11 23:21:01] [INFO] no found
[2017-10-11 23:21:01] [INFO] no found
[2017-10-11 23:21:01] [INFO] no found
[2017-10-11 23:21:01] [INFO] no found
[2017-10-11 23:21:01] [INFO] no found
[2017-10-11 23:21:01] [INFO] no found
[2017-10-11 23:21:01] [INFO] no found
[2017-10-11 23:21:01] [INFO] no found
[2017-10-11 23:21:01] [INFO] no found
[2017-10-11 23:21:01] [INFO] no found
[2017-10-11 23:21:01] [INFO] no found
[2017-10-11 23:21:01] [INFO] no found
[2017-10-11 23:21:01] [INFO] no found
[2017-10-11 23:21:01] [INFO] no found
[2017-10-11 23:21:01] [INFO] no found
[2017-10-11 23:21:01] [INFO] no found
[2017-10-11 23:21:01] [INFO] no found
[2017-10-11 23:21:01] [INFO] no found
[2017-10-11 23:21:01] [INFO] no found
[2017-10-11 23:21:01] [INFO] no found
[2017-10-11 23:21:01] [INFO] no found
[2017-10-11 23:21:01] [INFO] no found
[2017-10-11 23:21:01] [INFO] no found
[2017-10-11 23:21:01] [INFO] no found
[2017-10-11 23:21:01] [INFO] no found
[2017-10-11 23:21:01] [INFO] no found
[2017-10-11 23:21:01] [INFO] no found
[2017-10-11 23:21:01] [INFO] no found
[2017-10-11 23:21:01] [INFO] no found
[2017-10-11 23:21:01] [INFO] no found
[2017-10-11 23:21:01] [INFO] no found
[2017-10-11 23:21:01] [INFO] no found
[2017-10-11 23:21:01] [INFO] no found
[2017-10-11 23:21:01] [INFO] no found
[2017-10-11 23:21:01] [INFO] no found
[2017-10-11 23:21:01] [INFO] no found
[2017-10-11 23:21:01] [INFO] no found
[2017-10-11 23:21:01] [INFO] no found
[2017-10-11 23:21:01] [INFO] no found
[2017-10-11 23:21:01] [INFO] no found
[2017-10-11 23:21:01] [INFO] no found
[2017-10-11 23:21:01] [INFO] no found
[2017-10-11 23:21:01] [INFO] no found
[2017-10-11 23:21:01] [INFO] no found
[2017-10-11 23:21:01] [INFO] no found
[2017-10-11 23:21:01] [INFO] no found
[2017-10-11 23:21:01] [INFO] no found
[2017-10-11 23:21:01] [INFO] no found
[2017-10-11 23:21:01] [INFO] no found
[2017-10-11 23:21:01] [INFO] no found
[2017-10-11 23:21:01] [INFO] no found
[2017-10-11 23:21:01] [INFO] no found
[2017-10-11 23:21:01] [INFO] no found
[2017-10-11 23:21:01] [INFO] no found
[2017-10-11 23:21:01] [INFO] no found
[2017-10-11 23:21:01] [INFO] no found
[2017-10-11 23:21:01] [INFO] no found
[2017-10-11 23:21:01] [INFO] no found
[2017-10-11 23:21:01] [INFO] no found
[2017-10-11 23:21:01] [INFO] no found
[2017-10-11 23:21:01] [INFO] no found
[2017-10-11 23:21:01] [INFO] no found
[2017-10-11 23:21:01] [INFO] [(30, '关闭wifi 后，查看电脑的无线列表 ', 'Pass', '2017-10-11 23:20:36', '2017-10-11 23:21:01', '0:00:25', '')]
[2017-10-11 23:21:01] [INFO] 测试完成后恢复到wifi打开的状态
[2017-10-11 23:21:10] [INFO] <xlrd.book.Book object at 0x0000000003B4BFD0>
[2017-10-11 23:21:10] [INFO] <xlwt.Workbook.Workbook object at 0x0000000003C95F60>
[2017-10-11 23:22:09] [INFO] no found
[2017-10-11 23:22:09] [INFO] no found
[2017-10-11 23:22:09] [INFO] no found
[2017-10-11 23:22:09] [INFO] no found
[2017-10-11 23:22:09] [INFO] no found
[2017-10-11 23:22:09] [INFO] no found
[2017-10-11 23:22:09] [INFO] no found
[2017-10-11 23:22:09] [INFO] no found
[2017-10-11 23:22:09] [INFO] no found
[2017-10-11 23:22:09] [INFO] no found
[2017-10-11 23:22:09] [INFO] no found
[2017-10-11 23:22:09] [INFO] no found
[2017-10-11 23:22:09] [INFO] no found
[2017-10-11 23:22:09] [INFO] no found
[2017-10-11 23:22:09] [INFO] no found
[2017-10-11 23:22:09] [INFO] no found
[2017-10-11 23:22:09] [INFO] no found
[2017-10-11 23:22:09] [INFO] no found
[2017-10-11 23:22:09] [INFO] no found
[2017-10-11 23:22:09] [INFO] no found
[2017-10-11 23:22:09] [INFO] no found
[2017-10-11 23:22:09] [INFO] no found
[2017-10-11 23:22:09] [INFO] no found
[2017-10-11 23:22:09] [INFO] no found
[2017-10-11 23:22:09] [INFO] no found
[2017-10-11 23:22:09] [INFO] no found
[2017-10-11 23:22:09] [INFO] no found
[2017-10-11 23:22:09] [INFO] no found
[2017-10-11 23:22:09] [INFO] no found
[2017-10-11 23:22:09] [INFO] no found
[2017-10-11 23:22:09] [INFO] no found
[2017-10-11 23:22:09] [INFO] no found
[2017-10-11 23:22:09] [INFO] no found
[2017-10-11 23:22:09] [INFO] no found
[2017-10-11 23:22:09] [INFO] no found
[2017-10-11 23:22:09] [INFO] no found
[2017-10-11 23:22:09] [INFO] no found
[2017-10-11 23:22:09] [INFO] no found
[2017-10-11 23:22:09] [INFO] no found
[2017-10-11 23:22:09] [INFO] no found
[2017-10-11 23:22:09] [INFO] no found
[2017-10-11 23:22:09] [INFO] no found
[2017-10-11 23:22:09] [INFO] no found
[2017-10-11 23:22:09] [INFO] no found
[2017-10-11 23:22:09] [INFO] no found
[2017-10-11 23:22:09] [INFO] no found
[2017-10-11 23:22:09] [INFO] no found
[2017-10-11 23:22:09] [INFO] no found
[2017-10-11 23:22:09] [INFO] no found
[2017-10-11 23:22:09] [INFO] no found
[2017-10-11 23:22:09] [INFO] no found
[2017-10-11 23:22:09] [INFO] no found
[2017-10-11 23:22:09] [INFO] no found
[2017-10-11 23:22:09] [INFO] no found
[2017-10-11 23:22:09] [INFO] no found
[2017-10-11 23:22:09] [INFO] no found
[2017-10-11 23:22:09] [INFO] no found
[2017-10-11 23:22:09] [INFO] no found
[2017-10-11 23:22:09] [INFO] no found
[2017-10-11 23:22:09] [INFO] no found
[2017-10-11 23:22:09] [INFO] no found
[2017-10-11 23:22:09] [INFO] no found
[2017-10-11 23:22:09] [INFO] no found
[2017-10-11 23:22:09] [INFO] no found
[2017-10-11 23:22:09] [INFO] no found
[2017-10-11 23:22:09] [INFO] no found
[2017-10-11 23:22:09] [INFO] no found
[2017-10-11 23:22:09] [INFO] no found
[2017-10-11 23:22:09] [INFO] no found
[2017-10-11 23:22:09] [INFO] no found
[2017-10-11 23:22:09] [INFO] no found
[2017-10-11 23:22:09] [INFO] no found
[2017-10-11 23:22:09] [INFO] no found
[2017-10-11 23:22:09] [INFO] no found
[2017-10-11 23:22:09] [INFO] no found
[2017-10-11 23:22:09] [INFO] no found
[2017-10-11 23:22:09] [INFO] no found
[2017-10-11 23:22:09] [INFO] no found
[2017-10-11 23:22:09] [INFO] no found
[2017-10-11 23:22:09] [INFO] no found
[2017-10-11 23:22:09] [INFO] no found
[2017-10-11 23:22:09] [INFO] no found
[2017-10-11 23:22:09] [INFO] no found
[2017-10-11 23:22:09] [INFO] no found
[2017-10-11 23:22:09] [INFO] no found
[2017-10-11 23:22:09] [INFO] no found
[2017-10-11 23:22:09] [INFO] no found
[2017-10-11 23:22:09] [INFO] no found
[2017-10-11 23:22:09] [INFO] no found
[2017-10-11 23:22:09] [INFO] no found
[2017-10-11 23:22:09] [INFO] no found
[2017-10-11 23:22:09] [INFO] no found
[2017-10-11 23:22:09] [INFO] no found
[2017-10-11 23:22:09] [INFO] no found
[2017-10-11 23:22:09] [INFO] no found
[2017-10-11 23:22:09] [INFO] no found
[2017-10-11 23:22:09] [INFO] no found
[2017-10-11 23:22:09] [INFO] no found
[2017-10-11 23:22:09] [INFO] no found
[2017-10-11 23:22:09] [INFO] no found
[2017-10-11 23:22:09] [INFO] no found
[2017-10-11 23:22:09] [INFO] no found
[2017-10-11 23:22:09] [INFO] no found
[2017-10-11 23:22:09] [INFO] no found
[2017-10-11 23:22:09] [INFO] no found
[2017-10-11 23:22:09] [INFO] no found
[2017-10-11 23:22:09] [INFO] no found
[2017-10-11 23:22:09] [INFO] no found
[2017-10-11 23:22:09] [INFO] no found
[2017-10-11 23:22:09] [INFO] no found
[2017-10-11 23:22:09] [INFO] no found
[2017-10-11 23:22:09] [INFO] no found
[2017-10-11 23:22:09] [INFO] no found
[2017-10-11 23:22:09] [INFO] no found
[2017-10-11 23:22:09] [INFO] no found
[2017-10-11 23:22:09] [INFO] no found
[2017-10-11 23:22:09] [INFO] no found
[2017-10-11 23:22:09] [INFO] no found
[2017-10-11 23:22:09] [INFO] no found
[2017-10-11 23:22:09] [INFO] no found
[2017-10-11 23:22:09] [INFO] no found
[2017-10-11 23:22:09] [INFO] no found
[2017-10-11 23:22:09] [INFO] no found
[2017-10-11 23:22:09] [INFO] no found
[2017-10-11 23:22:09] [INFO] no found
[2017-10-11 23:22:09] [INFO] no found
[2017-10-11 23:22:09] [INFO] no found
[2017-10-11 23:22:09] [INFO] no found
[2017-10-11 23:22:09] [INFO] no found
[2017-10-11 23:22:09] [INFO] [(31, '关闭SSID,查看电脑列表能否搜索到wifi名称 ', 'Pass', '2017-10-11 23:21:16', '2017-10-11 23:22:09', '0:00:53', '')]
[2017-10-11 23:22:09] [INFO] 测试完成后关闭ssid隐藏
[2017-10-11 23:22:32] [INFO] <xlrd.book.Book object at 0x0000000003B4AF60>
[2017-10-11 23:22:32] [INFO] <xlwt.Workbook.Workbook object at 0x0000000003D32F98>
[2017-10-11 23:23:05] [INFO] [(32, '不输入原密码时的提示信息检查 ', 'Pass', '2017-10-11 23:22:39', '2017-10-11 23:23:05', '0:00:26', '')]
[2017-10-11 23:23:08] [INFO] <xlrd.book.Book object at 0x0000000003B83CC0>
[2017-10-11 23:23:08] [INFO] <xlwt.Workbook.Workbook object at 0x0000000003DE6C50>
[2017-10-11 23:23:43] [INFO] [(33, '不输入新密码时的提示信息检查 ', 'Pass', '2017-10-11 23:23:14', '2017-10-11 23:23:43', '0:00:29', '')]
[2017-10-11 23:23:46] [INFO] <xlrd.book.Book object at 0x0000000003B84D30>
[2017-10-11 23:23:46] [INFO] <xlwt.Workbook.Workbook object at 0x0000000003C1CDD8>
[2017-10-11 23:24:20] [INFO] [(34, '确认密码不输入时提示信息检查 ', 'Pass', '2017-10-11 23:23:52', '2017-10-11 23:24:20', '0:00:28', '')]
[2017-10-11 23:24:23] [INFO] <xlrd.book.Book object at 0x0000000003BBB898>
[2017-10-11 23:24:23] [INFO] <xlwt.Workbook.Workbook object at 0x0000000003C23198>
[2017-10-11 23:24:58] [INFO] [(35, '确认密码与新密码不一致时的提示信息检查 ', 'Pass', '2017-10-11 23:24:29', '2017-10-11 23:24:58', '0:00:29', '')]
[2017-10-11 23:25:01] [INFO] <xlrd.book.Book object at 0x0000000003BBC588>
[2017-10-11 23:25:01] [INFO] <xlwt.Workbook.Workbook object at 0x0000000003CB4160>
[2017-10-11 23:25:36] [INFO] [(36, '原密码错误时提示信息检查 ', 'Pass', '2017-10-11 23:25:07', '2017-10-11 23:25:36', '0:00:29', '')]
[2017-10-11 23:25:39] [INFO] <xlrd.book.Book object at 0x0000000003BBB908>
[2017-10-11 23:25:39] [INFO] <xlwt.Workbook.Workbook object at 0x0000000003CA4240>
[2017-10-11 23:26:13] [INFO] [(37, '新密码格式错误时提示信息检查 ', 'Pass', '2017-10-11 23:25:45', '2017-10-11 23:26:13', '0:00:28', '')]
[2017-10-11 23:26:16] [INFO] <xlrd.book.Book object at 0x0000000003B82D68>
[2017-10-11 23:26:16] [INFO] <xlwt.Workbook.Workbook object at 0x0000000003CBBF28>
[2017-10-11 23:27:21] [INFO] [(38, '修改登录密码查看是否可以登录成功', 'Pass', '2017-10-11 23:26:22', '2017-10-11 23:27:21', '0:00:59', '')]
[2017-10-11 23:27:21] [INFO] 测试完成恢复登录密码
[2017-10-11 23:27:36] [INFO] <xlrd.book.Book object at 0x0000000003B83CC0>
[2017-10-11 23:27:36] [INFO] <xlwt.Workbook.Workbook object at 0x0000000003C25CC0>
[2017-10-11 23:28:16] [INFO] [(39, '检查时区能否正确改变 ', 'Pass', '2017-10-11 23:27:43', '2017-10-11 23:28:16', '0:00:33', '')]
[2017-10-11 23:28:16] [INFO] 测试完成恢复时区
[2017-10-11 23:28:21] [INFO] <xlrd.book.Book object at 0x0000000003B82D30>
[2017-10-11 23:28:21] [INFO] <xlwt.Workbook.Workbook object at 0x0000000003C9BDA0>
[2017-10-11 23:28:44] [ERROR] Traceback (most recent call last):
  File "E:\wifitest\webpage\BasePage.py", line 48, in findElement
    elem = self.driver.find_element_by_id(value)
  File "C:\python\lib\site-packages\selenium\webdriver\remote\webdriver.py", line 269, in find_element_by_id
    return self.find_element(by=By.ID, value=id_)
  File "C:\python\lib\site-packages\selenium\webdriver\remote\webdriver.py", line 752, in find_element
    'value': value})['value']
  File "C:\python\lib\site-packages\selenium\webdriver\remote\webdriver.py", line 236, in execute
    self.error_handler.check_response(response)
  File "C:\python\lib\site-packages\selenium\webdriver\remote\errorhandler.py", line 192, in check_response
    raise exception_class(message, screen, stacktrace)
selenium.common.exceptions.NoSuchElementException: Message: no such element: Unable to locate element: {"method":"id","selector":"ic_systemSetup"}
  (Session info: chrome=61.0.3163.100)
  (Driver info: chromedriver=2.31.488763 (092de99f48a300323ecf8c2a4e2e7cab51de5ba8),platform=Windows NT 6.1.7601 SP1 x86_64)


During handling of the above exception, another exception occurred:

Traceback (most recent call last):
  File "E:\wifitest\testcase\test_firmware_upgrade.py", line 35, in test_FirmwareUpgrade
    self.setuppage.goto_setup()
  File "E:\wifitest\webpage\SetupPage.py", line 51, in goto_setup
    systemmanage=self.findElement(self.systemmanage)
  File "E:\wifitest\webpage\BasePage.py", line 67, in findElement
    raise ValueError("No such element found" + str(element))
ValueError: No such element found('id', 'ic_systemSetup')

[2017-10-11 23:28:44] [INFO] [(40, '上传错误的升级文件时，错误提示 ', 'error', '2017-10-11 23:28:27', '2017-10-11 23:28:44', '0:00:17', "No such element found('id', 'ic_systemSetup')")]
[2017-10-11 23:28:47] [INFO] <xlrd.book.Book object at 0x0000000003B82D68>
[2017-10-11 23:28:47] [INFO] <xlwt.Workbook.Workbook object at 0x0000000003C4C048>
[2017-10-11 23:30:46] [INFO] [(41, '重启功能检查 ', 'Pass', '2017-10-11 23:28:53', '2017-10-11 23:30:46', '0:01:53', '')]
[2017-10-11 23:30:49] [INFO] <xlrd.book.Book object at 0x0000000003B82D68>
[2017-10-11 23:30:49] [INFO] <xlwt.Workbook.Workbook object at 0x0000000003CD9080>
[2017-10-11 23:31:25] [INFO] [(42, '取消重启检查 ', 'Pass', '2017-10-11 23:30:56', '2017-10-11 23:31:25', '0:00:29', '')]
[2017-10-11 23:31:28] [INFO] <xlrd.book.Book object at 0x0000000003B84CC0>
[2017-10-11 23:31:28] [INFO] <xlwt.Workbook.Workbook object at 0x0000000003C1AF98>
[2017-10-11 23:31:50] [INFO] [(43, '退出系统 ', 'Pass', '2017-10-11 23:31:34', '2017-10-11 23:31:50', '0:00:16', '')]
[2017-10-11 23:31:53] [INFO] <xlrd.book.Book object at 0x0000000003B835C0>
[2017-10-11 23:31:53] [INFO] <xlwt.Workbook.Workbook object at 0x0000000003C0F198>
[2017-10-11 23:31:53] [INFO] 发送邮件
