[2017-10-12 21:38:19] [INFO] test_goto_login: test START 
[2017-10-12 21:38:23] [INFO] [(1, '登录页面跳转测试 ', 'Pass', '2017-10-12 21:38:19', '2017-10-12 21:38:23', '0:00:04', '')]
[2017-10-12 21:38:26] [INFO] <xlrd.book.Book object at 0x0000000003B85550>
[2017-10-12 21:38:26] [INFO] <xlwt.Workbook.Workbook object at 0x0000000003C09048>
[2017-10-12 21:38:45] [INFO] [(2, '正确密码是否可成功登录测试 ', 'Pass', '2017-10-12 21:38:31', '2017-10-12 21:38:45', '0:00:14', '')]
[2017-10-12 21:38:48] [INFO] <xlrd.book.Book object at 0x0000000003B85588>
[2017-10-12 21:38:48] [INFO] <xlwt.Workbook.Workbook object at 0x0000000003C04F98>
[2017-10-12 21:39:11] [INFO] [(3, '是否能顺利跳转到wan 界面 ', 'Pass', '2017-10-12 21:38:53', '2017-10-12 21:39:11', '0:00:18', '')]
[2017-10-12 21:39:14] [INFO] <xlrd.book.Book object at 0x0000000003B69198>
[2017-10-12 21:39:14] [INFO] <xlwt.Workbook.Workbook object at 0x0000000003C0D5C0>
[2017-10-12 21:39:49] [INFO] 请输入IP地址。
[2017-10-12 21:39:49] [INFO] [(4, '没有IP地址输入时的错误信息提示 ', 'Pass', '2017-10-12 21:39:20', '2017-10-12 21:39:49', '0:00:29', '')]
[2017-10-12 21:39:52] [INFO] <xlrd.book.Book object at 0x0000000003B6A0F0>
[2017-10-12 21:39:52] [INFO] <xlwt.Workbook.Workbook object at 0x0000000003C11780>
[2017-10-12 21:40:08] [INFO] [(5, '不填写密码时的提示信息是否正确 ', 'Pass', '2017-10-12 21:39:58', '2017-10-12 21:40:08', '0:00:10', '')]
[2017-10-12 21:40:11] [INFO] <xlrd.book.Book object at 0x0000000003B85588>
[2017-10-12 21:40:11] [INFO] <xlwt.Workbook.Workbook object at 0x0000000003BF4160>
[2017-10-12 21:40:24] [INFO] [(6, '登录密码错误时提示信息是否正确 ', 'Pass', '2017-10-12 21:40:16', '2017-10-12 21:40:24', '0:00:08', '')]
[2017-10-12 21:40:27] [INFO] <xlrd.book.Book object at 0x0000000003B85588>
[2017-10-12 21:40:27] [INFO] <xlwt.Workbook.Workbook object at 0x0000000003C0B438>
[2017-10-12 21:41:03] [INFO] 请输入子网掩码。
[2017-10-12 21:41:03] [INFO] [(7, '不输入子网掩码时的错误信息提示 ', 'Pass', '2017-10-12 21:40:33', '2017-10-12 21:41:03', '0:00:30', '')]
[2017-10-12 21:41:06] [INFO] <xlrd.book.Book object at 0x0000000003B69160>
[2017-10-12 21:41:06] [INFO] <xlwt.Workbook.Workbook object at 0x0000000003C129B0>
[2017-10-12 21:41:41] [INFO] 请输入默认网关地址。
[2017-10-12 21:41:41] [INFO] [(8, '不输入默认网关时的错误信息提示 ', 'Pass', '2017-10-12 21:41:11', '2017-10-12 21:41:41', '0:00:30', '')]
[2017-10-12 21:41:45] [INFO] <xlrd.book.Book object at 0x0000000003B69160>
[2017-10-12 21:41:45] [INFO] <xlwt.Workbook.Workbook object at 0x0000000003CB6A90>
[2017-10-12 21:42:19] [INFO] IP地址含非法字符，请重新输入。
[2017-10-12 21:42:22] [INFO] IP地址含非法字符，请重新输入。
[2017-10-12 21:42:25] [INFO] IP地址含非法字符，请重新输入。
[2017-10-12 21:42:29] [INFO] IP地址含非法字符，请重新输入。
[2017-10-12 21:42:32] [INFO] IP地址格式错误，请重新输入。
[2017-10-12 21:42:35] [INFO] IP地址含非法字符，请重新输入。
[2017-10-12 21:42:35] [INFO] [(9, '非法格式的IP地址输入时提示信息检查 ', 'Pass', '2017-10-12 21:41:50', '2017-10-12 21:42:35', '0:00:45', '')]
[2017-10-12 21:42:38] [INFO] <xlrd.book.Book object at 0x0000000003B68160>
[2017-10-12 21:42:38] [INFO] <xlwt.Workbook.Workbook object at 0x0000000003C14A58>
[2017-10-12 21:43:14] [INFO] 子网掩码不正确，请重新输入。
[2017-10-12 21:43:19] [INFO] 子网掩码不正确，请重新输入。
[2017-10-12 21:43:24] [INFO] 子网掩码不正确，请重新输入。
[2017-10-12 21:43:30] [INFO] 子网掩码不正确，请重新输入。
[2017-10-12 21:43:35] [INFO] 子网掩码不正确，请重新输入。
[2017-10-12 21:43:40] [INFO] 子网掩码不正确，请重新输入。
[2017-10-12 21:43:40] [INFO] [(10, '非法格式的子网掩码输入时，提示信息检查 ', 'Pass', '2017-10-12 21:42:43', '2017-10-12 21:43:40', '0:00:57', '')]
[2017-10-12 21:43:43] [INFO] <xlrd.book.Book object at 0x0000000003B6A128>
[2017-10-12 21:43:43] [INFO] <xlwt.Workbook.Workbook object at 0x0000000003D3A6A0>
[2017-10-12 21:44:21] [INFO] 默认网关错误，请重新输入。
[2017-10-12 21:44:26] [INFO] 默认网关错误，请重新输入。
[2017-10-12 21:44:32] [INFO] 默认网关错误，请重新输入。
[2017-10-12 21:44:37] [INFO] 默认网关错误，请重新输入。
[2017-10-12 21:44:42] [INFO] 默认网关错误，请重新输入。
[2017-10-12 21:44:48] [INFO] 默认网关错误，请重新输入。
[2017-10-12 21:44:48] [INFO] [(11, '非法格式的默认网关输入时，提示信息检查 ', 'Pass', '2017-10-12 21:43:50', '2017-10-12 21:44:48', '0:00:58', '')]
[2017-10-12 21:44:51] [INFO] <xlrd.book.Book object at 0x0000000003B6A128>
[2017-10-12 21:44:51] [INFO] <xlwt.Workbook.Workbook object at 0x0000000003C1F748>
[2017-10-12 21:45:39] [INFO] [(12, '是否可以成功设置静态IP ', 'Pass', '2017-10-12 21:44:56', '2017-10-12 21:45:39', '0:00:43', '')]
[2017-10-12 21:45:39] [INFO] 测试完成后将上网方式恢复为自动获取
[2017-10-12 21:46:02] [INFO] <xlrd.book.Book object at 0x0000000003B6A0F0>
[2017-10-12 21:46:02] [INFO] <xlwt.Workbook.Workbook object at 0x0000000003C1ABE0>
[2017-10-12 21:46:30] [INFO] [(13, '是否能顺利跳转到lan页面 ', 'Pass', '2017-10-12 21:46:08', '2017-10-12 21:46:30', '0:00:22', '')]
[2017-10-12 21:46:33] [INFO] <xlrd.book.Book object at 0x0000000003B68400>
[2017-10-12 21:46:33] [INFO] <xlwt.Workbook.Workbook object at 0x0000000003C0BCC0>
[2017-10-12 21:46:56] [INFO] 默认的局域网地址:
[2017-10-12 21:46:56] [INFO] 默认的dhcp状态是：checkbox_off
[2017-10-12 21:46:56] [INFO] 默认的初始IP地址池：
[2017-10-12 21:46:56] [INFO] 默认的结束IP地址池： 
[2017-10-12 21:46:56] [INFO] [(14, 'lan页面默认项检查 ', 'Pass', '2017-10-12 21:46:39', '2017-10-12 21:46:56', '0:00:17', '')]
[2017-10-12 21:46:59] [INFO] <xlrd.book.Book object at 0x0000000003B68390>
[2017-10-12 21:46:59] [INFO] <xlwt.Workbook.Workbook object at 0x0000000003C0DD68>
[2017-10-12 21:47:33] [INFO] [(15, 'lan页面不输入局域网地址时的提示语检查 ', 'Pass', '2017-10-12 21:47:05', '2017-10-12 21:47:33', '0:00:28', '')]
[2017-10-12 21:47:36] [INFO] <xlrd.book.Book object at 0x0000000003B683C8>
[2017-10-12 21:47:36] [INFO] <xlwt.Workbook.Workbook object at 0x000000000448FE48>
[2017-10-12 21:48:06] [INFO] IP地址含非法字符，请重新输入。
[2017-10-12 21:48:08] [INFO] IP地址含非法字符，请重新输入。
[2017-10-12 21:48:11] [INFO] IP地址含非法字符，请重新输入。
[2017-10-12 21:48:13] [INFO] IP地址含非法字符，请重新输入。
[2017-10-12 21:48:15] [INFO] IP地址格式错误，请重新输入。
[2017-10-12 21:48:17] [INFO] IP地址含非法字符，请重新输入。
[2017-10-12 21:48:17] [INFO] [(16, 'lan页面输入格式错误的局域网地址时的提示语检查 ', 'Pass', '2017-10-12 21:47:41', '2017-10-12 21:48:17', '0:00:36', '')]
[2017-10-12 21:48:21] [INFO] <xlrd.book.Book object at 0x0000000003B683C8>
[2017-10-12 21:48:21] [INFO] <xlwt.Workbook.Workbook object at 0x0000000003C14F28>
[2017-10-12 21:49:57] [INFO] [(17, 'lan页面修改局域网地址是否可以成功 ', 'Pass', '2017-10-12 21:48:26', '2017-10-12 21:49:57', '0:01:31', '')]
[2017-10-12 21:49:57] [INFO] 测试完成后修改到原来的IP
[2017-10-12 21:51:13] [INFO] <xlrd.book.Book object at 0x0000000003B68400>
[2017-10-12 21:51:13] [INFO] <xlwt.Workbook.Workbook object at 0x0000000003B68208>
[2017-10-12 21:51:52] [INFO] 地址池开始值错误，请重新输入。
[2017-10-12 21:51:52] [INFO] [(18, '开始IP地址非法时提示信息检查 ', 'Pass', '2017-10-12 21:51:19', '2017-10-12 21:51:52', '0:00:33', '')]
[2017-10-12 21:51:55] [INFO] <xlrd.book.Book object at 0x0000000003B68400>
[2017-10-12 21:51:55] [INFO] <xlwt.Workbook.Workbook object at 0x0000000003C960F0>
[2017-10-12 21:52:31] [INFO] 地址池结束值错误，请重新输入。
[2017-10-12 21:52:31] [INFO] [(19, '结束IP地址非法时提示信息检查 ', 'Pass', '2017-10-12 21:52:00', '2017-10-12 21:52:31', '0:00:31', '')]
[2017-10-12 21:52:35] [INFO] <xlrd.book.Book object at 0x0000000003B683C8>
[2017-10-12 21:52:35] [INFO] <xlwt.Workbook.Workbook object at 0x0000000003C16128>
[2017-10-12 21:53:13] [INFO] 地址池结束值不能小于开始值，请重新输入。
[2017-10-12 21:53:13] [INFO] [(20, '开始IP地址大于结束IP地址时，提示语检查 ', 'Pass', '2017-10-12 21:52:40', '2017-10-12 21:53:13', '0:00:33', '')]
[2017-10-12 21:53:16] [INFO] <xlrd.book.Book object at 0x0000000003B68400>
[2017-10-12 21:53:16] [INFO] <xlwt.Workbook.Workbook object at 0x0000000003C151D0>
[2017-10-12 21:54:00] [INFO] [(21, '开始ip地址和结束IP地址都合法时，是否可以成功保存 ', 'Pass', '2017-10-12 21:53:21', '2017-10-12 21:54:00', '0:00:39', '')]
[2017-10-12 21:54:03] [INFO] <xlrd.book.Book object at 0x0000000003B68400>
[2017-10-12 21:54:03] [INFO] <xlwt.Workbook.Workbook object at 0x0000000003C95240>
[2017-10-12 21:54:36] [INFO] [(22, 'DHCP 能否被正确关闭 ', 'Pass', '2017-10-12 21:54:08', '2017-10-12 21:54:36', '0:00:28', '')]
[2017-10-12 21:54:39] [INFO] <xlrd.book.Book object at 0x0000000003B683C8>
[2017-10-12 21:54:39] [INFO] <xlwt.Workbook.Workbook object at 0x0000000003C13128>
[2017-10-12 21:55:01] [INFO] [(23, '是否能顺利跳转到无线wifi设置界面 ', 'Pass', '2017-10-12 21:54:44', '2017-10-12 21:55:01', '0:00:17', '')]
[2017-10-12 21:55:04] [INFO] <xlrd.book.Book object at 0x0000000003B4DFD0>
[2017-10-12 21:55:04] [INFO] <xlwt.Workbook.Workbook object at 0x0000000003C0EC50>
[2017-10-12 21:55:27] [INFO] wifiname:1
[2017-10-12 21:55:27] [INFO] wifiname:iot123321
[2017-10-12 21:55:27] [INFO] [(24, 'wifi页面默认项检查 ', 'Failed', '2017-10-12 21:55:09', '2017-10-12 21:55:27', '0:00:18', '')]
[2017-10-12 21:55:30] [INFO] <xlrd.book.Book object at 0x0000000003B4DF98>
[2017-10-12 21:55:30] [INFO] <xlwt.Workbook.Workbook object at 0x0000000003C8ECC0>
[2017-10-12 22:00:19] [INFO] [(25, 'wifi名称各种组合是否支持 ', 'Pass', '2017-10-12 21:55:35', '2017-10-12 22:00:19', '0:04:44', '')]
[2017-10-12 22:00:22] [INFO] <xlrd.book.Book object at 0x0000000003B4DFD0>
[2017-10-12 22:00:22] [INFO] <xlwt.Workbook.Workbook object at 0x0000000003CF1DD8>
[2017-10-12 22:00:45] [INFO] 请输入2.4G无线名称。
[2017-10-12 22:00:45] [INFO] [(26, '不输入wifi名称时的提示语检查 ', 'Pass', '2017-10-12 22:00:27', '2017-10-12 22:00:45', '0:00:18', '')]
[2017-10-12 22:00:48] [INFO] <xlrd.book.Book object at 0x0000000003B4DF98>
[2017-10-12 22:00:48] [INFO] <xlwt.Workbook.Workbook object at 0x0000000003C10E80>
[2017-10-12 22:01:36] [INFO] [(27, '不输入wifi密码时是否可以保存成功 ', 'Pass', '2017-10-12 22:00:54', '2017-10-12 22:01:36', '0:00:42', '')]
[2017-10-12 22:01:36] [INFO] 测试完成后恢复wifi密码
[2017-10-12 22:02:01] [INFO] <xlrd.book.Book object at 0x0000000003B4CF60>
[2017-10-12 22:02:01] [INFO] <xlwt.Workbook.Workbook object at 0x0000000003D54048>
[2017-10-12 22:02:40] [INFO] [(28, '输入错误格式的wifi 密码，提示语检查 ', 'Pass', '2017-10-12 22:02:06', '2017-10-12 22:02:40', '0:00:34', '')]
[2017-10-12 22:02:40] [INFO] 测试完成恢复wifi密码
[2017-10-12 22:03:07] [INFO] <xlrd.book.Book object at 0x0000000003B4CF98>
[2017-10-12 22:03:07] [INFO] <xlwt.Workbook.Workbook object at 0x0000000003C1F048>
[2017-10-12 22:05:41] [ERROR] Traceback (most recent call last):
  File "E:\wifitest\testcase\test_legal_wifi_password.py", line 46, in test_legal_wifi_password
    self.wifipage.click_savebutton()
  File "E:\wifitest\webpage\WifiPage.py", line 60, in click_savebutton
    self.click(savebutton)
  File "E:\wifitest\webpage\BasePage.py", line 134, in click
    element.click()
  File "C:\python\lib\site-packages\selenium\webdriver\remote\webelement.py", line 72, in click
    self._execute(Command.CLICK_ELEMENT)
  File "C:\python\lib\site-packages\selenium\webdriver\remote\webelement.py", line 461, in _execute
    return self._parent.execute(command, params)
  File "C:\python\lib\site-packages\selenium\webdriver\remote\webdriver.py", line 236, in execute
    self.error_handler.check_response(response)
  File "C:\python\lib\site-packages\selenium\webdriver\remote\errorhandler.py", line 192, in check_response
    raise exception_class(message, screen, stacktrace)
selenium.common.exceptions.WebDriverException: Message: unknown error: Element <input type="button" value="保存" id="savebutton" class="styled_button_s" onclick="BtnSaveClick();"> is not clickable at point (470, 407). Other element would receive the click: <div id="CreatePopAlertMessage" style="display: inline;">...</div>
  (Session info: chrome=61.0.3163.100)
  (Driver info: chromedriver=2.31.488763 (092de99f48a300323ecf8c2a4e2e7cab51de5ba8),platform=Windows NT 6.1.7601 SP1 x86_64)


[2017-10-12 22:05:41] [INFO] [(29, '是否支持各种格式的wifi密码 ', 'error', '2017-10-12 22:03:12', '2017-10-12 22:05:41', '0:02:29', 'Message: unknown error: Element <input type="button" value="保存" id="savebutton" class="styled_button_s" onclick="BtnSaveClick();"> is not clickable at point (470, 407). Other element would receive the click: <div id="CreatePopAlertMessage" style="display: inline;">...</div>\n  (Session info: chrome=61.0.3163.100)\n  (Driver info: chromedriver=2.31.488763 (092de99f48a300323ecf8c2a4e2e7cab51de5ba8),platform=Windows NT 6.1.7601 SP1 x86_64)\n')]
[2017-10-12 22:05:41] [INFO] 测试完成恢复wifi密码
[2017-10-12 22:06:22] [INFO] no found
[2017-10-12 22:06:22] [INFO] no found
[2017-10-12 22:06:22] [INFO] no found
[2017-10-12 22:06:22] [INFO] no found
[2017-10-12 22:06:22] [INFO] no found
[2017-10-12 22:06:22] [INFO] no found
[2017-10-12 22:06:22] [INFO] no found
[2017-10-12 22:06:22] [INFO] no found
[2017-10-12 22:06:22] [INFO] no found
[2017-10-12 22:06:22] [INFO] no found
[2017-10-12 22:06:22] [INFO] no found
[2017-10-12 22:06:22] [INFO] no found
[2017-10-12 22:06:22] [INFO] no found
[2017-10-12 22:06:22] [INFO] no found
[2017-10-12 22:06:22] [INFO] no found
[2017-10-12 22:06:22] [INFO] no found
[2017-10-12 22:06:22] [INFO] no found
[2017-10-12 22:06:22] [INFO] no found
[2017-10-12 22:06:22] [INFO] no found
[2017-10-12 22:06:22] [INFO] no found
[2017-10-12 22:06:22] [INFO] no found
[2017-10-12 22:06:22] [INFO] no found
[2017-10-12 22:06:22] [INFO] no found
[2017-10-12 22:06:22] [INFO] no found
[2017-10-12 22:06:22] [INFO] no found
[2017-10-12 22:06:22] [INFO] no found
[2017-10-12 22:06:22] [INFO] no found
[2017-10-12 22:06:22] [INFO] no found
[2017-10-12 22:06:22] [INFO] no found
[2017-10-12 22:06:22] [INFO] no found
[2017-10-12 22:06:22] [INFO] no found
[2017-10-12 22:06:22] [INFO] no found
[2017-10-12 22:06:22] [INFO] no found
[2017-10-12 22:06:22] [INFO] no found
[2017-10-12 22:06:22] [INFO] no found
[2017-10-12 22:06:22] [INFO] no found
[2017-10-12 22:06:22] [INFO] no found
[2017-10-12 22:06:22] [INFO] no found
[2017-10-12 22:06:22] [INFO] no found
[2017-10-12 22:06:22] [INFO] no found
[2017-10-12 22:06:22] [INFO] no found
[2017-10-12 22:06:22] [INFO] no found
[2017-10-12 22:06:22] [INFO] no found
[2017-10-12 22:06:22] [INFO] no found
[2017-10-12 22:06:22] [INFO] no found
[2017-10-12 22:06:22] [INFO] no found
[2017-10-12 22:06:22] [INFO] no found
[2017-10-12 22:06:22] [INFO] no found
[2017-10-12 22:06:22] [INFO] no found
[2017-10-12 22:06:22] [INFO] no found
[2017-10-12 22:06:22] [INFO] no found
[2017-10-12 22:06:22] [INFO] no found
[2017-10-12 22:06:22] [INFO] no found
[2017-10-12 22:06:22] [INFO] no found
[2017-10-12 22:06:22] [INFO] no found
[2017-10-12 22:06:22] [INFO] no found
[2017-10-12 22:06:22] [INFO] no found
[2017-10-12 22:06:22] [INFO] no found
[2017-10-12 22:06:22] [INFO] no found
[2017-10-12 22:06:22] [INFO] no found
[2017-10-12 22:06:22] [INFO] no found
[2017-10-12 22:06:22] [INFO] no found
[2017-10-12 22:06:22] [INFO] no found
[2017-10-12 22:06:22] [INFO] no found
[2017-10-12 22:06:22] [INFO] no found
[2017-10-12 22:06:22] [INFO] no found
[2017-10-12 22:06:22] [INFO] no found
[2017-10-12 22:06:22] [INFO] no found
[2017-10-12 22:06:22] [INFO] no found
[2017-10-12 22:06:22] [INFO] no found
[2017-10-12 22:06:22] [INFO] no found
[2017-10-12 22:06:22] [INFO] no found
[2017-10-12 22:06:22] [INFO] no found
[2017-10-12 22:06:22] [INFO] no found
[2017-10-12 22:06:22] [INFO] no found
[2017-10-12 22:06:22] [INFO] no found
[2017-10-12 22:06:22] [INFO] no found
[2017-10-12 22:06:22] [INFO] no found
[2017-10-12 22:06:22] [INFO] no found
[2017-10-12 22:06:22] [INFO] no found
[2017-10-12 22:06:22] [INFO] no found
[2017-10-12 22:06:22] [INFO] no found
[2017-10-12 22:06:22] [INFO] no found
[2017-10-12 22:06:22] [INFO] no found
[2017-10-12 22:06:22] [INFO] no found
[2017-10-12 22:06:22] [INFO] no found
[2017-10-12 22:06:22] [INFO] no found
[2017-10-12 22:06:22] [INFO] no found
[2017-10-12 22:06:22] [INFO] no found
[2017-10-12 22:06:22] [INFO] no found
[2017-10-12 22:06:22] [INFO] no found
[2017-10-12 22:06:22] [INFO] no found
[2017-10-12 22:06:22] [INFO] no found
[2017-10-12 22:06:22] [INFO] no found
[2017-10-12 22:06:22] [INFO] no found
[2017-10-12 22:06:22] [INFO] no found
[2017-10-12 22:06:22] [INFO] no found
[2017-10-12 22:06:22] [INFO] no found
[2017-10-12 22:06:22] [INFO] no found
[2017-10-12 22:06:22] [INFO] no found
[2017-10-12 22:06:22] [INFO] no found
[2017-10-12 22:06:22] [INFO] no found
[2017-10-12 22:06:22] [INFO] no found
[2017-10-12 22:06:22] [INFO] no found
[2017-10-12 22:06:22] [INFO] no found
[2017-10-12 22:06:22] [INFO] no found
[2017-10-12 22:06:22] [INFO] no found
[2017-10-12 22:06:22] [INFO] no found
[2017-10-12 22:06:22] [INFO] no found
[2017-10-12 22:06:22] [INFO] no found
[2017-10-12 22:06:22] [INFO] no found
[2017-10-12 22:06:22] [INFO] no found
[2017-10-12 22:06:22] [INFO] no found
[2017-10-12 22:06:22] [INFO] no found
[2017-10-12 22:06:22] [INFO] no found
[2017-10-12 22:06:22] [INFO] no found
[2017-10-12 22:06:22] [INFO] no found
[2017-10-12 22:06:22] [INFO] no found
[2017-10-12 22:06:22] [INFO] no found
[2017-10-12 22:06:22] [INFO] no found
[2017-10-12 22:06:22] [INFO] no found
[2017-10-12 22:06:22] [INFO] no found
[2017-10-12 22:06:22] [INFO] no found
[2017-10-12 22:06:22] [INFO] no found
[2017-10-12 22:06:22] [INFO] no found
[2017-10-12 22:06:22] [INFO] no found
[2017-10-12 22:06:22] [INFO] no found
[2017-10-12 22:06:22] [INFO] no found
[2017-10-12 22:06:22] [INFO] no found
[2017-10-12 22:06:22] [INFO] no found
[2017-10-12 22:06:22] [INFO] no found
[2017-10-12 22:06:22] [INFO] no found
[2017-10-12 22:06:22] [INFO] no found
[2017-10-12 22:06:22] [INFO] no found
[2017-10-12 22:06:22] [INFO] no found
[2017-10-12 22:06:22] [INFO] no found
[2017-10-12 22:06:22] [INFO] no found
[2017-10-12 22:06:22] [INFO] no found
[2017-10-12 22:06:22] [INFO] no found
[2017-10-12 22:06:22] [INFO] no found
[2017-10-12 22:06:22] [INFO] no found
[2017-10-12 22:06:22] [INFO] no found
[2017-10-12 22:06:22] [INFO] no found
[2017-10-12 22:06:22] [INFO] no found
[2017-10-12 22:06:22] [INFO] no found
[2017-10-12 22:06:22] [INFO] no found
[2017-10-12 22:06:22] [INFO] no found
[2017-10-12 22:06:22] [INFO] no found
[2017-10-12 22:06:22] [INFO] no found
[2017-10-12 22:06:22] [INFO] [(30, '关闭wifi 后，查看电脑的无线列表 ', 'Pass', '2017-10-12 22:05:56', '2017-10-12 22:06:22', '0:00:26', '')]
[2017-10-12 22:06:22] [INFO] 测试完成后恢复到wifi打开的状态
[2017-10-12 22:06:30] [INFO] <xlrd.book.Book object at 0x0000000003B4BF98>
[2017-10-12 22:06:30] [INFO] <xlwt.Workbook.Workbook object at 0x0000000003C16F98>
[2017-10-12 22:07:32] [INFO] no found
[2017-10-12 22:07:32] [INFO] no found
[2017-10-12 22:07:32] [INFO] no found
[2017-10-12 22:07:32] [INFO] no found
[2017-10-12 22:07:32] [INFO] no found
[2017-10-12 22:07:32] [INFO] no found
[2017-10-12 22:07:32] [INFO] no found
[2017-10-12 22:07:32] [INFO] no found
[2017-10-12 22:07:32] [INFO] no found
[2017-10-12 22:07:32] [INFO] no found
[2017-10-12 22:07:32] [INFO] no found
[2017-10-12 22:07:32] [INFO] no found
[2017-10-12 22:07:32] [INFO] no found
[2017-10-12 22:07:32] [INFO] no found
[2017-10-12 22:07:32] [INFO] no found
[2017-10-12 22:07:32] [INFO] no found
[2017-10-12 22:07:32] [INFO] no found
[2017-10-12 22:07:32] [INFO] no found
[2017-10-12 22:07:32] [INFO] no found
[2017-10-12 22:07:32] [INFO] no found
[2017-10-12 22:07:32] [INFO] no found
[2017-10-12 22:07:32] [INFO] no found
[2017-10-12 22:07:32] [INFO] no found
[2017-10-12 22:07:32] [INFO] no found
[2017-10-12 22:07:32] [INFO] no found
[2017-10-12 22:07:32] [INFO] no found
[2017-10-12 22:07:32] [INFO] no found
[2017-10-12 22:07:32] [INFO] no found
[2017-10-12 22:07:32] [INFO] no found
[2017-10-12 22:07:32] [INFO] no found
[2017-10-12 22:07:32] [INFO] no found
[2017-10-12 22:07:32] [INFO] no found
[2017-10-12 22:07:32] [INFO] no found
[2017-10-12 22:07:32] [INFO] no found
[2017-10-12 22:07:32] [INFO] no found
[2017-10-12 22:07:32] [INFO] no found
[2017-10-12 22:07:32] [INFO] no found
[2017-10-12 22:07:32] [INFO] no found
[2017-10-12 22:07:32] [INFO] no found
[2017-10-12 22:07:32] [INFO] no found
[2017-10-12 22:07:32] [INFO] no found
[2017-10-12 22:07:32] [INFO] no found
[2017-10-12 22:07:32] [INFO] no found
[2017-10-12 22:07:32] [INFO] no found
[2017-10-12 22:07:32] [INFO] no found
[2017-10-12 22:07:32] [INFO] no found
[2017-10-12 22:07:32] [INFO] no found
[2017-10-12 22:07:32] [INFO] no found
[2017-10-12 22:07:32] [INFO] no found
[2017-10-12 22:07:32] [INFO] no found
[2017-10-12 22:07:32] [INFO] no found
[2017-10-12 22:07:32] [INFO] no found
[2017-10-12 22:07:32] [INFO] no found
[2017-10-12 22:07:32] [INFO] no found
[2017-10-12 22:07:32] [INFO] no found
[2017-10-12 22:07:32] [INFO] no found
[2017-10-12 22:07:32] [INFO] no found
[2017-10-12 22:07:32] [INFO] no found
[2017-10-12 22:07:32] [INFO] no found
[2017-10-12 22:07:32] [INFO] no found
[2017-10-12 22:07:32] [INFO] no found
[2017-10-12 22:07:32] [INFO] no found
[2017-10-12 22:07:32] [INFO] no found
[2017-10-12 22:07:32] [INFO] no found
[2017-10-12 22:07:32] [INFO] no found
[2017-10-12 22:07:32] [INFO] no found
[2017-10-12 22:07:32] [INFO] no found
[2017-10-12 22:07:32] [INFO] no found
[2017-10-12 22:07:32] [INFO] no found
[2017-10-12 22:07:32] [INFO] no found
[2017-10-12 22:07:32] [INFO] no found
[2017-10-12 22:07:32] [INFO] no found
[2017-10-12 22:07:32] [INFO] no found
[2017-10-12 22:07:32] [INFO] no found
[2017-10-12 22:07:32] [INFO] no found
[2017-10-12 22:07:32] [INFO] no found
[2017-10-12 22:07:32] [INFO] no found
[2017-10-12 22:07:32] [INFO] no found
[2017-10-12 22:07:32] [INFO] no found
[2017-10-12 22:07:32] [INFO] no found
[2017-10-12 22:07:32] [INFO] no found
[2017-10-12 22:07:32] [INFO] no found
[2017-10-12 22:07:32] [INFO] no found
[2017-10-12 22:07:32] [INFO] no found
[2017-10-12 22:07:32] [INFO] no found
[2017-10-12 22:07:32] [INFO] no found
[2017-10-12 22:07:32] [INFO] no found
[2017-10-12 22:07:32] [INFO] no found
[2017-10-12 22:07:32] [INFO] no found
[2017-10-12 22:07:32] [INFO] no found
[2017-10-12 22:07:32] [INFO] no found
[2017-10-12 22:07:32] [INFO] no found
[2017-10-12 22:07:32] [INFO] no found
[2017-10-12 22:07:32] [INFO] no found
[2017-10-12 22:07:32] [INFO] no found
[2017-10-12 22:07:32] [INFO] no found
[2017-10-12 22:07:32] [INFO] no found
[2017-10-12 22:07:32] [INFO] no found
[2017-10-12 22:07:32] [INFO] no found
[2017-10-12 22:07:32] [INFO] no found
[2017-10-12 22:07:32] [INFO] no found
[2017-10-12 22:07:32] [INFO] no found
[2017-10-12 22:07:32] [INFO] no found
[2017-10-12 22:07:32] [INFO] no found
[2017-10-12 22:07:32] [INFO] no found
[2017-10-12 22:07:32] [INFO] no found
[2017-10-12 22:07:32] [INFO] no found
[2017-10-12 22:07:32] [INFO] no found
[2017-10-12 22:07:32] [INFO] no found
[2017-10-12 22:07:32] [INFO] no found
[2017-10-12 22:07:32] [INFO] no found
[2017-10-12 22:07:32] [INFO] no found
[2017-10-12 22:07:32] [INFO] no found
[2017-10-12 22:07:32] [INFO] no found
[2017-10-12 22:07:32] [INFO] no found
[2017-10-12 22:07:32] [INFO] no found
[2017-10-12 22:07:32] [INFO] no found
[2017-10-12 22:07:32] [INFO] no found
[2017-10-12 22:07:32] [INFO] no found
[2017-10-12 22:07:32] [INFO] no found
[2017-10-12 22:07:32] [INFO] no found
[2017-10-12 22:07:32] [INFO] no found
[2017-10-12 22:07:32] [INFO] no found
[2017-10-12 22:07:32] [INFO] no found
[2017-10-12 22:07:32] [INFO] no found
[2017-10-12 22:07:32] [INFO] no found
[2017-10-12 22:07:32] [INFO] no found
[2017-10-12 22:07:32] [INFO] no found
[2017-10-12 22:07:32] [INFO] no found
[2017-10-12 22:07:32] [INFO] no found
[2017-10-12 22:07:32] [INFO] no found
[2017-10-12 22:07:32] [INFO] no found
[2017-10-12 22:07:32] [INFO] no found
[2017-10-12 22:07:32] [INFO] no found
[2017-10-12 22:07:32] [INFO] no found
[2017-10-12 22:07:32] [INFO] no found
[2017-10-12 22:07:32] [INFO] no found
[2017-10-12 22:07:32] [INFO] no found
[2017-10-12 22:07:32] [INFO] no found
[2017-10-12 22:07:32] [INFO] no found
[2017-10-12 22:07:32] [INFO] no found
[2017-10-12 22:07:32] [INFO] no found
[2017-10-12 22:07:32] [INFO] no found
[2017-10-12 22:07:32] [INFO] no found
[2017-10-12 22:07:32] [INFO] no found
[2017-10-12 22:07:32] [INFO] no found
[2017-10-12 22:07:32] [INFO] no found
[2017-10-12 22:07:32] [INFO] no found
[2017-10-12 22:07:32] [INFO] no found
[2017-10-12 22:07:32] [INFO] [(31, '关闭SSID,查看电脑列表能否搜索到wifi名称 ', 'Pass', '2017-10-12 22:06:38', '2017-10-12 22:07:32', '0:00:54', '')]
[2017-10-12 22:07:32] [INFO] 测试完成后关闭ssid隐藏
[2017-10-12 22:07:55] [INFO] <xlrd.book.Book object at 0x0000000003B4BFD0>
[2017-10-12 22:07:55] [INFO] <xlwt.Workbook.Workbook object at 0x0000000003D48160>
[2017-10-12 22:08:29] [INFO] [(32, '不输入原密码时的提示信息检查 ', 'Pass', '2017-10-12 22:08:02', '2017-10-12 22:08:29', '0:00:27', '')]
[2017-10-12 22:08:32] [INFO] <xlrd.book.Book object at 0x0000000003B82D68>
[2017-10-12 22:08:32] [INFO] <xlwt.Workbook.Workbook object at 0x0000000003C15DD8>
[2017-10-12 22:09:08] [INFO] [(33, '不输入新密码时的提示信息检查 ', 'Pass', '2017-10-12 22:08:39', '2017-10-12 22:09:08', '0:00:29', '')]
[2017-10-12 22:09:11] [INFO] <xlrd.book.Book object at 0x0000000003B85CF8>
[2017-10-12 22:09:11] [INFO] <xlwt.Workbook.Workbook object at 0x0000000003C1CE48>
[2017-10-12 22:09:44] [INFO] [(34, '确认密码不输入时提示信息检查 ', 'Pass', '2017-10-12 22:09:16', '2017-10-12 22:09:44', '0:00:28', '')]
[2017-10-12 22:09:47] [INFO] <xlrd.book.Book object at 0x0000000003BBA668>
[2017-10-12 22:09:47] [INFO] <xlwt.Workbook.Workbook object at 0x0000000003CA3208>
[2017-10-12 22:10:22] [INFO] [(35, '确认密码与新密码不一致时的提示信息检查 ', 'Pass', '2017-10-12 22:09:53', '2017-10-12 22:10:22', '0:00:29', '')]
[2017-10-12 22:10:25] [INFO] <xlrd.book.Book object at 0x0000000003BBB630>
[2017-10-12 22:10:25] [INFO] <xlwt.Workbook.Workbook object at 0x0000000003CD22B0>
[2017-10-12 22:10:59] [INFO] [(36, '原密码错误时提示信息检查 ', 'Pass', '2017-10-12 22:10:31', '2017-10-12 22:10:59', '0:00:28', '')]
[2017-10-12 22:11:02] [INFO] <xlrd.book.Book object at 0x0000000003BBA860>
[2017-10-12 22:11:02] [INFO] <xlwt.Workbook.Workbook object at 0x0000000003CA22E8>
[2017-10-12 22:11:37] [INFO] [(37, '新密码格式错误时提示信息检查 ', 'Pass', '2017-10-12 22:11:09', '2017-10-12 22:11:37', '0:00:28', '')]
[2017-10-12 22:11:40] [INFO] <xlrd.book.Book object at 0x0000000003B82DA0>
[2017-10-12 22:11:40] [INFO] <xlwt.Workbook.Workbook object at 0x0000000003C1F048>
[2017-10-12 22:12:44] [INFO] [(38, '修改登录密码查看是否可以登录成功', 'Pass', '2017-10-12 22:11:45', '2017-10-12 22:12:44', '0:00:59', '')]
[2017-10-12 22:12:44] [INFO] 测试完成恢复登录密码
[2017-10-12 22:12:59] [INFO] <xlrd.book.Book object at 0x0000000003B82D68>
[2017-10-12 22:12:59] [INFO] <xlwt.Workbook.Workbook object at 0x0000000003C25D68>
[2017-10-12 22:13:39] [INFO] [(39, '检查时区能否正确改变 ', 'Pass', '2017-10-12 22:13:06', '2017-10-12 22:13:39', '0:00:33', '')]
[2017-10-12 22:13:39] [INFO] 测试完成恢复时区
[2017-10-12 22:13:44] [INFO] <xlrd.book.Book object at 0x0000000003B82D68>
[2017-10-12 22:13:44] [INFO] <xlwt.Workbook.Workbook object at 0x0000000003C1BE80>
[2017-10-12 22:14:20] [INFO] ./upgrade/upload.exe E:\wifitest\upgrade\eeee.png
[2017-10-12 22:14:20] [INFO] 开始用autoit3脚本控制选择本地文件
[2017-10-12 22:14:34] [INFO] [(40, '上传错误的升级文件时，错误提示 ', 'Pass', '2017-10-12 22:13:50', '2017-10-12 22:14:34', '0:00:44', '')]
[2017-10-12 22:14:37] [INFO] <xlrd.book.Book object at 0x0000000003B83D30>
[2017-10-12 22:14:37] [INFO] <xlwt.Workbook.Workbook object at 0x0000000003C20048>
[2017-10-12 22:16:35] [INFO] [(41, '重启功能检查 ', 'Pass', '2017-10-12 22:14:43', '2017-10-12 22:16:35', '0:01:52', '')]
[2017-10-12 22:16:38] [INFO] <xlrd.book.Book object at 0x0000000003B82DA0>
[2017-10-12 22:16:38] [INFO] <xlwt.Workbook.Workbook object at 0x0000000003DC80F0>
[2017-10-12 22:17:13] [INFO] [(42, '取消重启检查 ', 'Pass', '2017-10-12 22:16:44', '2017-10-12 22:17:13', '0:00:29', '')]
[2017-10-12 22:17:16] [INFO] <xlrd.book.Book object at 0x0000000003B84CF8>
[2017-10-12 22:17:16] [INFO] <xlwt.Workbook.Workbook object at 0x0000000003C1A0B8>
[2017-10-12 22:17:37] [INFO] [(43, '退出系统 ', 'Pass', '2017-10-12 22:17:22', '2017-10-12 22:17:37', '0:00:15', '')]
[2017-10-12 22:17:41] [INFO] <xlrd.book.Book object at 0x0000000003B84588>
[2017-10-12 22:17:41] [INFO] <xlwt.Workbook.Workbook object at 0x0000000003C901D0>
[2017-10-12 22:17:41] [INFO] 发送邮件
