[2017-10-12 18:58:43] [INFO] test_goto_login: test START 
[2017-10-12 18:58:47] [INFO] [(1, '登录页面跳转测试 ', 'Pass', '2017-10-12 18:58:43', '2017-10-12 18:58:47', '0:00:04', '')]
[2017-10-12 18:58:50] [INFO] <xlrd.book.Book object at 0x0000000003B845C0>
[2017-10-12 18:58:50] [INFO] <xlwt.Workbook.Workbook object at 0x0000000003C0C0F0>
[2017-10-12 18:59:09] [INFO] [(2, '正确密码是否可成功登录测试 ', 'Pass', '2017-10-12 18:58:55', '2017-10-12 18:59:09', '0:00:14', '')]
[2017-10-12 18:59:12] [INFO] <xlrd.book.Book object at 0x0000000003B85588>
[2017-10-12 18:59:12] [INFO] <xlwt.Workbook.Workbook object at 0x0000000003C0B048>
[2017-10-12 18:59:34] [INFO] [(3, '是否能顺利跳转到wan 界面 ', 'Pass', '2017-10-12 18:59:17', '2017-10-12 18:59:34', '0:00:17', '')]
[2017-10-12 18:59:37] [INFO] <xlrd.book.Book object at 0x0000000003B69198>
[2017-10-12 18:59:37] [INFO] <xlwt.Workbook.Workbook object at 0x0000000003C0D5F8>
[2017-10-12 19:00:12] [INFO] 请输入IP地址。
[2017-10-12 19:00:12] [INFO] [(4, '没有IP地址输入时的错误信息提示 ', 'Pass', '2017-10-12 18:59:42', '2017-10-12 19:00:12', '0:00:30', '')]
[2017-10-12 19:00:15] [INFO] <xlrd.book.Book object at 0x0000000003B68160>
[2017-10-12 19:00:15] [INFO] <xlwt.Workbook.Workbook object at 0x0000000003C91828>
[2017-10-12 19:00:29] [INFO] [(5, '不填写密码时的提示信息是否正确 ', 'Pass', '2017-10-12 19:00:20', '2017-10-12 19:00:29', '0:00:09', '')]
[2017-10-12 19:00:33] [INFO] <xlrd.book.Book object at 0x0000000003B86518>
[2017-10-12 19:00:33] [INFO] <xlwt.Workbook.Workbook object at 0x0000000003C75080>
[2017-10-12 19:00:46] [INFO] [(6, '登录密码错误时提示信息是否正确 ', 'Pass', '2017-10-12 19:00:38', '2017-10-12 19:00:46', '0:00:08', '')]
[2017-10-12 19:00:49] [INFO] <xlrd.book.Book object at 0x0000000003B85588>
[2017-10-12 19:00:49] [INFO] <xlwt.Workbook.Workbook object at 0x0000000003CAB400>
[2017-10-12 19:01:24] [INFO] 请输入子网掩码。
[2017-10-12 19:01:24] [INFO] [(7, '不输入子网掩码时的错误信息提示 ', 'Pass', '2017-10-12 19:00:54', '2017-10-12 19:01:24', '0:00:30', '')]
[2017-10-12 19:01:27] [INFO] <xlrd.book.Book object at 0x0000000003B69160>
[2017-10-12 19:01:27] [INFO] <xlwt.Workbook.Workbook object at 0x0000000003D329E8>
[2017-10-12 19:02:02] [INFO] 请输入默认网关地址。
[2017-10-12 19:02:02] [INFO] [(8, '不输入默认网关时的错误信息提示 ', 'Pass', '2017-10-12 19:01:32', '2017-10-12 19:02:02', '0:00:30', '')]
[2017-10-12 19:02:05] [INFO] <xlrd.book.Book object at 0x0000000003B6A0F0>
[2017-10-12 19:02:05] [INFO] <xlwt.Workbook.Workbook object at 0x0000000003C169B0>
[2017-10-12 19:02:38] [INFO] IP地址含非法字符，请重新输入。
[2017-10-12 19:02:41] [INFO] IP地址含非法字符，请重新输入。
[2017-10-12 19:02:44] [INFO] IP地址含非法字符，请重新输入。
[2017-10-12 19:02:48] [INFO] IP地址含非法字符，请重新输入。
[2017-10-12 19:02:51] [INFO] IP地址格式错误，请重新输入。
[2017-10-12 19:02:54] [INFO] IP地址含非法字符，请重新输入。
[2017-10-12 19:02:54] [INFO] [(9, '非法格式的IP地址输入时提示信息检查 ', 'Pass', '2017-10-12 19:02:10', '2017-10-12 19:02:54', '0:00:44', '')]
[2017-10-12 19:02:58] [INFO] <xlrd.book.Book object at 0x0000000003B68160>
[2017-10-12 19:02:58] [INFO] <xlwt.Workbook.Workbook object at 0x0000000003C15A58>
[2017-10-12 19:03:33] [INFO] 子网掩码不正确，请重新输入。
[2017-10-12 19:03:38] [INFO] 子网掩码不正确，请重新输入。
[2017-10-12 19:03:43] [INFO] 子网掩码不正确，请重新输入。
[2017-10-12 19:03:49] [INFO] 子网掩码不正确，请重新输入。
[2017-10-12 19:03:54] [INFO] 子网掩码不正确，请重新输入。
[2017-10-12 19:03:59] [INFO] 子网掩码不正确，请重新输入。
[2017-10-12 19:03:59] [INFO] [(10, '非法格式的子网掩码输入时，提示信息检查 ', 'Pass', '2017-10-12 19:03:03', '2017-10-12 19:03:59', '0:00:56', '')]
[2017-10-12 19:04:02] [INFO] <xlrd.book.Book object at 0x0000000003B6A0B8>
[2017-10-12 19:04:02] [INFO] <xlwt.Workbook.Workbook object at 0x0000000003C195F8>
[2017-10-12 19:04:38] [INFO] 默认网关错误，请重新输入。
[2017-10-12 19:04:43] [INFO] 默认网关错误，请重新输入。
[2017-10-12 19:04:49] [INFO] 默认网关错误，请重新输入。
[2017-10-12 19:04:54] [INFO] 默认网关错误，请重新输入。
[2017-10-12 19:04:59] [INFO] 默认网关错误，请重新输入。
[2017-10-12 19:05:05] [INFO] 默认网关错误，请重新输入。
[2017-10-12 19:05:05] [INFO] [(11, '非法格式的默认网关输入时，提示信息检查 ', 'Pass', '2017-10-12 19:04:08', '2017-10-12 19:05:05', '0:00:57', '')]
[2017-10-12 19:05:08] [INFO] <xlrd.book.Book object at 0x0000000003B6A128>
[2017-10-12 19:05:08] [INFO] <xlwt.Workbook.Workbook object at 0x0000000003C1F710>
[2017-10-12 19:05:55] [INFO] [(12, '是否可以成功设置静态IP ', 'Pass', '2017-10-12 19:05:13', '2017-10-12 19:05:55', '0:00:42', '')]
[2017-10-12 19:05:55] [INFO] 测试完成后将上网方式恢复为自动获取
[2017-10-12 19:06:18] [INFO] <xlrd.book.Book object at 0x0000000003B6A0F0>
[2017-10-12 19:06:18] [INFO] <xlwt.Workbook.Workbook object at 0x0000000003CAABE0>
[2017-10-12 19:06:47] [INFO] [(13, '是否能顺利跳转到lan页面 ', 'Pass', '2017-10-12 19:06:24', '2017-10-12 19:06:47', '0:00:23', '')]
[2017-10-12 19:06:50] [INFO] <xlrd.book.Book object at 0x0000000003B68470>
[2017-10-12 19:06:50] [INFO] <xlwt.Workbook.Workbook object at 0x0000000003D0BCC0>
[2017-10-12 19:07:13] [INFO] 默认的局域网地址:
[2017-10-12 19:07:13] [INFO] 默认的dhcp状态是：checkbox_off
[2017-10-12 19:07:13] [INFO] 默认的初始IP地址池：
[2017-10-12 19:07:13] [INFO] 默认的结束IP地址池： 
[2017-10-12 19:07:13] [INFO] [(14, 'lan页面默认项检查 ', 'Pass', '2017-10-12 19:06:55', '2017-10-12 19:07:13', '0:00:18', '')]
[2017-10-12 19:07:16] [INFO] <xlrd.book.Book object at 0x0000000003B68390>
[2017-10-12 19:07:16] [INFO] <xlwt.Workbook.Workbook object at 0x0000000003C0CD30>
[2017-10-12 19:07:49] [INFO] [(15, 'lan页面不输入局域网地址时的提示语检查 ', 'Pass', '2017-10-12 19:07:21', '2017-10-12 19:07:49', '0:00:28', '')]
[2017-10-12 19:07:52] [INFO] <xlrd.book.Book object at 0x0000000003B683C8>
[2017-10-12 19:07:52] [INFO] <xlwt.Workbook.Workbook object at 0x000000000448FE10>
[2017-10-12 19:08:22] [INFO] IP地址含非法字符，请重新输入。
[2017-10-12 19:08:24] [INFO] IP地址含非法字符，请重新输入。
[2017-10-12 19:08:27] [INFO] IP地址含非法字符，请重新输入。
[2017-10-12 19:08:29] [INFO] IP地址含非法字符，请重新输入。
[2017-10-12 19:08:31] [INFO] IP地址格式错误，请重新输入。
[2017-10-12 19:08:33] [INFO] IP地址含非法字符，请重新输入。
[2017-10-12 19:08:33] [INFO] [(16, 'lan页面输入格式错误的局域网地址时的提示语检查 ', 'Pass', '2017-10-12 19:07:57', '2017-10-12 19:08:33', '0:00:36', '')]
[2017-10-12 19:08:37] [INFO] <xlrd.book.Book object at 0x0000000003B683C8>
[2017-10-12 19:08:37] [INFO] <xlwt.Workbook.Workbook object at 0x0000000003C14EF0>
[2017-10-12 19:10:12] [INFO] [(17, 'lan页面修改局域网地址是否可以成功 ', 'Pass', '2017-10-12 19:08:42', '2017-10-12 19:10:12', '0:01:30', '')]
[2017-10-12 19:10:12] [INFO] 测试完成后修改到原来的IP
[2017-10-12 19:11:28] [INFO] <xlrd.book.Book object at 0x0000000003B68400>
[2017-10-12 19:11:28] [INFO] <xlwt.Workbook.Workbook object at 0x0000000003D9ECC0>
[2017-10-12 19:12:07] [INFO] 地址池开始值错误，请重新输入。
[2017-10-12 19:12:07] [INFO] [(18, '开始IP地址非法时提示信息检查 ', 'Pass', '2017-10-12 19:11:34', '2017-10-12 19:12:07', '0:00:33', '')]
[2017-10-12 19:12:10] [INFO] <xlrd.book.Book object at 0x0000000003B68400>
[2017-10-12 19:12:10] [INFO] <xlwt.Workbook.Workbook object at 0x0000000003CA60F0>
[2017-10-12 19:12:46] [INFO] 地址池结束值错误，请重新输入。
[2017-10-12 19:12:46] [INFO] [(19, '结束IP地址非法时提示信息检查 ', 'Pass', '2017-10-12 19:12:15', '2017-10-12 19:12:46', '0:00:31', '')]
[2017-10-12 19:12:49] [INFO] <xlrd.book.Book object at 0x0000000003B683C8>
[2017-10-12 19:12:49] [INFO] <xlwt.Workbook.Workbook object at 0x0000000003C16128>
[2017-10-12 19:13:27] [INFO] 地址池结束值不能小于开始值，请重新输入。
[2017-10-12 19:13:27] [INFO] [(20, '开始IP地址大于结束IP地址时，提示语检查 ', 'Pass', '2017-10-12 19:12:54', '2017-10-12 19:13:27', '0:00:33', '')]
[2017-10-12 19:13:30] [INFO] <xlrd.book.Book object at 0x0000000003B68390>
[2017-10-12 19:13:30] [INFO] <xlwt.Workbook.Workbook object at 0x0000000003CA7160>
[2017-10-12 19:14:14] [INFO] [(21, '开始ip地址和结束IP地址都合法时，是否可以成功保存 ', 'Pass', '2017-10-12 19:13:36', '2017-10-12 19:14:14', '0:00:38', '')]
[2017-10-12 19:14:17] [INFO] <xlrd.book.Book object at 0x0000000003B68400>
[2017-10-12 19:14:17] [INFO] <xlwt.Workbook.Workbook object at 0x0000000003C17208>
[2017-10-12 19:14:50] [INFO] [(22, 'DHCP 能否被正确关闭 ', 'Pass', '2017-10-12 19:14:22', '2017-10-12 19:14:50', '0:00:28', '')]
[2017-10-12 19:14:53] [INFO] <xlrd.book.Book object at 0x0000000003B683C8>
[2017-10-12 19:14:53] [INFO] <xlwt.Workbook.Workbook object at 0x0000000003C940B8>
[2017-10-12 19:15:15] [INFO] [(23, '是否能顺利跳转到无线wifi设置界面 ', 'Pass', '2017-10-12 19:14:58', '2017-10-12 19:15:15', '0:00:17', '')]
[2017-10-12 19:15:19] [INFO] <xlrd.book.Book object at 0x0000000003B4DFD0>
[2017-10-12 19:15:19] [INFO] <xlwt.Workbook.Workbook object at 0x0000000003CAEC18>
[2017-10-12 19:15:41] [INFO] wifiname:frt_test
[2017-10-12 19:15:41] [INFO] wifiname:iot123321
[2017-10-12 19:15:41] [INFO] [(24, 'wifi页面默认项检查 ', 'Pass', '2017-10-12 19:15:24', '2017-10-12 19:15:41', '0:00:17', '')]
[2017-10-12 19:15:44] [INFO] <xlrd.book.Book object at 0x0000000003B4DF98>
[2017-10-12 19:15:44] [INFO] <xlwt.Workbook.Workbook object at 0x0000000003C0ECC0>
[2017-10-12 19:20:32] [INFO] [(25, 'wifi名称各种组合是否支持 ', 'Pass', '2017-10-12 19:15:49', '2017-10-12 19:20:32', '0:04:43', '')]
[2017-10-12 19:20:35] [INFO] <xlrd.book.Book object at 0x0000000003B4DFD0>
[2017-10-12 19:20:35] [INFO] <xlwt.Workbook.Workbook object at 0x0000000003C52DA0>
[2017-10-12 19:20:57] [INFO] 请输入2.4G无线名称。
[2017-10-12 19:20:57] [INFO] [(26, '不输入wifi名称时的提示语检查 ', 'Pass', '2017-10-12 19:20:40', '2017-10-12 19:20:57', '0:00:17', '')]
[2017-10-12 19:21:00] [INFO] <xlrd.book.Book object at 0x0000000003B4DF98>
[2017-10-12 19:21:00] [INFO] <xlwt.Workbook.Workbook object at 0x0000000003C10E10>
[2017-10-12 19:21:48] [INFO] [(27, '不输入wifi密码时是否可以保存成功 ', 'Pass', '2017-10-12 19:21:05', '2017-10-12 19:21:48', '0:00:43', '')]
[2017-10-12 19:21:48] [INFO] 测试完成后恢复wifi密码
[2017-10-12 19:22:13] [INFO] <xlrd.book.Book object at 0x0000000003B4CF98>
[2017-10-12 19:22:13] [INFO] <xlwt.Workbook.Workbook object at 0x0000000003CBDF98>
[2017-10-12 19:22:51] [INFO] [(28, '输入错误格式的wifi 密码，提示语检查 ', 'Pass', '2017-10-12 19:22:18', '2017-10-12 19:22:51', '0:00:33', '')]
[2017-10-12 19:22:51] [INFO] 测试完成恢复wifi密码
[2017-10-12 19:23:18] [INFO] <xlrd.book.Book object at 0x0000000003B4CF28>
[2017-10-12 19:23:18] [INFO] <xlwt.Workbook.Workbook object at 0x0000000003C1BEF0>
[2017-10-12 19:26:38] [INFO] [(29, '是否支持各种格式的wifi密码 ', 'Pass', '2017-10-12 19:23:24', '2017-10-12 19:26:38', '0:03:14', '')]
[2017-10-12 19:26:38] [INFO] 测试完成恢复wifi密码
[2017-10-12 19:27:10] [INFO] <xlrd.book.Book object at 0x0000000003B4CF98>
[2017-10-12 19:27:10] [INFO] <xlwt.Workbook.Workbook object at 0x0000000003C43F98>
[2017-10-12 19:27:43] [INFO] no found
[2017-10-12 19:27:43] [INFO] no found
[2017-10-12 19:27:43] [INFO] no found
[2017-10-12 19:27:43] [INFO] no found
[2017-10-12 19:27:43] [INFO] no found
[2017-10-12 19:27:43] [INFO] no found
[2017-10-12 19:27:43] [INFO] no found
[2017-10-12 19:27:43] [INFO] no found
[2017-10-12 19:27:43] [INFO] no found
[2017-10-12 19:27:43] [INFO] no found
[2017-10-12 19:27:43] [INFO] no found
[2017-10-12 19:27:43] [INFO] no found
[2017-10-12 19:27:43] [INFO] no found
[2017-10-12 19:27:43] [INFO] no found
[2017-10-12 19:27:43] [INFO] no found
[2017-10-12 19:27:43] [INFO] no found
[2017-10-12 19:27:43] [INFO] no found
[2017-10-12 19:27:43] [INFO] no found
[2017-10-12 19:27:43] [INFO] no found
[2017-10-12 19:27:43] [INFO] no found
[2017-10-12 19:27:43] [INFO] no found
[2017-10-12 19:27:43] [INFO] no found
[2017-10-12 19:27:43] [INFO] no found
[2017-10-12 19:27:43] [INFO] no found
[2017-10-12 19:27:43] [INFO] no found
[2017-10-12 19:27:43] [INFO] no found
[2017-10-12 19:27:43] [INFO] no found
[2017-10-12 19:27:43] [INFO] no found
[2017-10-12 19:27:43] [INFO] no found
[2017-10-12 19:27:43] [INFO] no found
[2017-10-12 19:27:43] [INFO] no found
[2017-10-12 19:27:43] [INFO] no found
[2017-10-12 19:27:43] [INFO] no found
[2017-10-12 19:27:43] [INFO] no found
[2017-10-12 19:27:43] [INFO] no found
[2017-10-12 19:27:43] [INFO] no found
[2017-10-12 19:27:43] [INFO] no found
[2017-10-12 19:27:43] [INFO] no found
[2017-10-12 19:27:43] [INFO] no found
[2017-10-12 19:27:43] [INFO] no found
[2017-10-12 19:27:43] [INFO] no found
[2017-10-12 19:27:43] [INFO] no found
[2017-10-12 19:27:43] [INFO] no found
[2017-10-12 19:27:43] [INFO] no found
[2017-10-12 19:27:43] [INFO] no found
[2017-10-12 19:27:43] [INFO] no found
[2017-10-12 19:27:43] [INFO] no found
[2017-10-12 19:27:43] [INFO] no found
[2017-10-12 19:27:43] [INFO] no found
[2017-10-12 19:27:43] [INFO] no found
[2017-10-12 19:27:43] [INFO] no found
[2017-10-12 19:27:43] [INFO] no found
[2017-10-12 19:27:43] [INFO] no found
[2017-10-12 19:27:43] [INFO] no found
[2017-10-12 19:27:43] [INFO] no found
[2017-10-12 19:27:43] [INFO] no found
[2017-10-12 19:27:43] [INFO] no found
[2017-10-12 19:27:43] [INFO] no found
[2017-10-12 19:27:43] [INFO] no found
[2017-10-12 19:27:43] [INFO] no found
[2017-10-12 19:27:43] [INFO] no found
[2017-10-12 19:27:43] [INFO] no found
[2017-10-12 19:27:43] [INFO] no found
[2017-10-12 19:27:43] [INFO] no found
[2017-10-12 19:27:43] [INFO] no found
[2017-10-12 19:27:43] [INFO] no found
[2017-10-12 19:27:43] [INFO] no found
[2017-10-12 19:27:43] [INFO] no found
[2017-10-12 19:27:43] [INFO] no found
[2017-10-12 19:27:43] [INFO] no found
[2017-10-12 19:27:43] [INFO] no found
[2017-10-12 19:27:43] [INFO] no found
[2017-10-12 19:27:43] [INFO] no found
[2017-10-12 19:27:43] [INFO] no found
[2017-10-12 19:27:43] [INFO] no found
[2017-10-12 19:27:43] [INFO] no found
[2017-10-12 19:27:43] [INFO] no found
[2017-10-12 19:27:43] [INFO] no found
[2017-10-12 19:27:43] [INFO] no found
[2017-10-12 19:27:43] [INFO] no found
[2017-10-12 19:27:43] [INFO] no found
[2017-10-12 19:27:43] [INFO] no found
[2017-10-12 19:27:43] [INFO] no found
[2017-10-12 19:27:43] [INFO] no found
[2017-10-12 19:27:43] [INFO] no found
[2017-10-12 19:27:43] [INFO] no found
[2017-10-12 19:27:43] [INFO] no found
[2017-10-12 19:27:43] [INFO] no found
[2017-10-12 19:27:43] [INFO] no found
[2017-10-12 19:27:43] [INFO] no found
[2017-10-12 19:27:43] [INFO] no found
[2017-10-12 19:27:43] [INFO] no found
[2017-10-12 19:27:43] [INFO] no found
[2017-10-12 19:27:43] [INFO] no found
[2017-10-12 19:27:43] [INFO] no found
[2017-10-12 19:27:43] [INFO] no found
[2017-10-12 19:27:43] [INFO] no found
[2017-10-12 19:27:43] [INFO] no found
[2017-10-12 19:27:43] [INFO] no found
[2017-10-12 19:27:43] [INFO] no found
[2017-10-12 19:27:43] [INFO] no found
[2017-10-12 19:27:43] [INFO] no found
[2017-10-12 19:27:43] [INFO] no found
[2017-10-12 19:27:43] [INFO] no found
[2017-10-12 19:27:43] [INFO] no found
[2017-10-12 19:27:43] [INFO] no found
[2017-10-12 19:27:43] [INFO] no found
[2017-10-12 19:27:43] [INFO] no found
[2017-10-12 19:27:43] [INFO] no found
[2017-10-12 19:27:43] [INFO] no found
[2017-10-12 19:27:43] [INFO] no found
[2017-10-12 19:27:43] [INFO] no found
[2017-10-12 19:27:43] [INFO] no found
[2017-10-12 19:27:43] [INFO] no found
[2017-10-12 19:27:43] [INFO] no found
[2017-10-12 19:27:43] [INFO] no found
[2017-10-12 19:27:43] [INFO] no found
[2017-10-12 19:27:43] [INFO] no found
[2017-10-12 19:27:43] [INFO] no found
[2017-10-12 19:27:43] [INFO] no found
[2017-10-12 19:27:43] [INFO] no found
[2017-10-12 19:27:43] [INFO] no found
[2017-10-12 19:27:43] [INFO] no found
[2017-10-12 19:27:43] [INFO] no found
[2017-10-12 19:27:43] [INFO] no found
[2017-10-12 19:27:43] [INFO] no found
[2017-10-12 19:27:43] [INFO] no found
[2017-10-12 19:27:43] [INFO] no found
[2017-10-12 19:27:43] [INFO] no found
[2017-10-12 19:27:43] [INFO] no found
[2017-10-12 19:27:43] [INFO] no found
[2017-10-12 19:27:43] [INFO] no found
[2017-10-12 19:27:43] [INFO] no found
[2017-10-12 19:27:43] [INFO] no found
[2017-10-12 19:27:43] [INFO] no found
[2017-10-12 19:27:43] [INFO] no found
[2017-10-12 19:27:43] [INFO] no found
[2017-10-12 19:27:43] [INFO] no found
[2017-10-12 19:27:43] [INFO] no found
[2017-10-12 19:27:43] [INFO] [(30, '关闭wifi 后，查看电脑的无线列表 ', 'Pass', '2017-10-12 19:27:16', '2017-10-12 19:27:43', '0:00:27', '')]
[2017-10-12 19:27:43] [INFO] 测试完成后恢复到wifi打开的状态
[2017-10-12 19:27:52] [INFO] <xlrd.book.Book object at 0x0000000003B4BFD0>
[2017-10-12 19:27:52] [INFO] <xlwt.Workbook.Workbook object at 0x0000000003C19048>
[2017-10-12 19:28:51] [INFO] no found
[2017-10-12 19:28:51] [INFO] no found
[2017-10-12 19:28:51] [INFO] no found
[2017-10-12 19:28:51] [INFO] no found
[2017-10-12 19:28:51] [INFO] no found
[2017-10-12 19:28:51] [INFO] no found
[2017-10-12 19:28:51] [INFO] no found
[2017-10-12 19:28:51] [INFO] no found
[2017-10-12 19:28:51] [INFO] no found
[2017-10-12 19:28:51] [INFO] no found
[2017-10-12 19:28:51] [INFO] no found
[2017-10-12 19:28:51] [INFO] no found
[2017-10-12 19:28:51] [INFO] no found
[2017-10-12 19:28:51] [INFO] no found
[2017-10-12 19:28:51] [INFO] no found
[2017-10-12 19:28:51] [INFO] no found
[2017-10-12 19:28:51] [INFO] no found
[2017-10-12 19:28:51] [INFO] no found
[2017-10-12 19:28:51] [INFO] no found
[2017-10-12 19:28:51] [INFO] no found
[2017-10-12 19:28:51] [INFO] no found
[2017-10-12 19:28:51] [INFO] no found
[2017-10-12 19:28:51] [INFO] no found
[2017-10-12 19:28:51] [INFO] no found
[2017-10-12 19:28:51] [INFO] no found
[2017-10-12 19:28:51] [INFO] no found
[2017-10-12 19:28:51] [INFO] no found
[2017-10-12 19:28:51] [INFO] no found
[2017-10-12 19:28:51] [INFO] no found
[2017-10-12 19:28:51] [INFO] no found
[2017-10-12 19:28:51] [INFO] no found
[2017-10-12 19:28:51] [INFO] no found
[2017-10-12 19:28:51] [INFO] no found
[2017-10-12 19:28:51] [INFO] no found
[2017-10-12 19:28:51] [INFO] no found
[2017-10-12 19:28:51] [INFO] no found
[2017-10-12 19:28:51] [INFO] no found
[2017-10-12 19:28:51] [INFO] no found
[2017-10-12 19:28:51] [INFO] no found
[2017-10-12 19:28:51] [INFO] no found
[2017-10-12 19:28:51] [INFO] no found
[2017-10-12 19:28:51] [INFO] no found
[2017-10-12 19:28:51] [INFO] no found
[2017-10-12 19:28:51] [INFO] no found
[2017-10-12 19:28:51] [INFO] no found
[2017-10-12 19:28:51] [INFO] no found
[2017-10-12 19:28:51] [INFO] no found
[2017-10-12 19:28:51] [INFO] no found
[2017-10-12 19:28:51] [INFO] no found
[2017-10-12 19:28:51] [INFO] no found
[2017-10-12 19:28:51] [INFO] no found
[2017-10-12 19:28:51] [INFO] no found
[2017-10-12 19:28:51] [INFO] no found
[2017-10-12 19:28:51] [INFO] no found
[2017-10-12 19:28:51] [INFO] no found
[2017-10-12 19:28:51] [INFO] no found
[2017-10-12 19:28:51] [INFO] no found
[2017-10-12 19:28:51] [INFO] no found
[2017-10-12 19:28:51] [INFO] no found
[2017-10-12 19:28:51] [INFO] no found
[2017-10-12 19:28:51] [INFO] no found
[2017-10-12 19:28:51] [INFO] no found
[2017-10-12 19:28:51] [INFO] no found
[2017-10-12 19:28:51] [INFO] no found
[2017-10-12 19:28:51] [INFO] no found
[2017-10-12 19:28:51] [INFO] no found
[2017-10-12 19:28:51] [INFO] no found
[2017-10-12 19:28:51] [INFO] no found
[2017-10-12 19:28:51] [INFO] no found
[2017-10-12 19:28:51] [INFO] no found
[2017-10-12 19:28:51] [INFO] no found
[2017-10-12 19:28:51] [INFO] no found
[2017-10-12 19:28:51] [INFO] no found
[2017-10-12 19:28:51] [INFO] no found
[2017-10-12 19:28:51] [INFO] no found
[2017-10-12 19:28:51] [INFO] no found
[2017-10-12 19:28:51] [INFO] no found
[2017-10-12 19:28:51] [INFO] no found
[2017-10-12 19:28:51] [INFO] no found
[2017-10-12 19:28:51] [INFO] no found
[2017-10-12 19:28:51] [INFO] no found
[2017-10-12 19:28:51] [INFO] no found
[2017-10-12 19:28:51] [INFO] no found
[2017-10-12 19:28:51] [INFO] no found
[2017-10-12 19:28:51] [INFO] no found
[2017-10-12 19:28:51] [INFO] no found
[2017-10-12 19:28:51] [INFO] no found
[2017-10-12 19:28:51] [INFO] no found
[2017-10-12 19:28:51] [INFO] no found
[2017-10-12 19:28:51] [INFO] no found
[2017-10-12 19:28:51] [INFO] no found
[2017-10-12 19:28:51] [INFO] no found
[2017-10-12 19:28:51] [INFO] no found
[2017-10-12 19:28:51] [INFO] no found
[2017-10-12 19:28:51] [INFO] no found
[2017-10-12 19:28:51] [INFO] no found
[2017-10-12 19:28:51] [INFO] no found
[2017-10-12 19:28:51] [INFO] no found
[2017-10-12 19:28:51] [INFO] no found
[2017-10-12 19:28:51] [INFO] no found
[2017-10-12 19:28:51] [INFO] no found
[2017-10-12 19:28:51] [INFO] no found
[2017-10-12 19:28:51] [INFO] no found
[2017-10-12 19:28:51] [INFO] no found
[2017-10-12 19:28:51] [INFO] no found
[2017-10-12 19:28:51] [INFO] no found
[2017-10-12 19:28:51] [INFO] no found
[2017-10-12 19:28:51] [INFO] no found
[2017-10-12 19:28:51] [INFO] no found
[2017-10-12 19:28:51] [INFO] no found
[2017-10-12 19:28:51] [INFO] no found
[2017-10-12 19:28:51] [INFO] no found
[2017-10-12 19:28:51] [INFO] no found
[2017-10-12 19:28:51] [INFO] no found
[2017-10-12 19:28:51] [INFO] no found
[2017-10-12 19:28:51] [INFO] no found
[2017-10-12 19:28:51] [INFO] no found
[2017-10-12 19:28:51] [INFO] no found
[2017-10-12 19:28:51] [INFO] no found
[2017-10-12 19:28:51] [INFO] no found
[2017-10-12 19:28:51] [INFO] no found
[2017-10-12 19:28:51] [INFO] no found
[2017-10-12 19:28:51] [INFO] no found
[2017-10-12 19:28:51] [INFO] no found
[2017-10-12 19:28:51] [INFO] no found
[2017-10-12 19:28:51] [INFO] no found
[2017-10-12 19:28:51] [INFO] no found
[2017-10-12 19:28:51] [INFO] no found
[2017-10-12 19:28:51] [INFO] no found
[2017-10-12 19:28:51] [INFO] no found
[2017-10-12 19:28:51] [INFO] no found
[2017-10-12 19:28:51] [INFO] no found
[2017-10-12 19:28:51] [INFO] no found
[2017-10-12 19:28:51] [INFO] no found
[2017-10-12 19:28:51] [INFO] no found
[2017-10-12 19:28:51] [INFO] no found
[2017-10-12 19:28:51] [INFO] no found
[2017-10-12 19:28:51] [INFO] no found
[2017-10-12 19:28:51] [INFO] no found
[2017-10-12 19:28:51] [INFO] no found
[2017-10-12 19:28:51] [INFO] no found
[2017-10-12 19:28:51] [INFO] no found
[2017-10-12 19:28:51] [INFO] no found
[2017-10-12 19:28:51] [INFO] no found
[2017-10-12 19:28:51] [INFO] no found
[2017-10-12 19:28:51] [INFO] no found
[2017-10-12 19:28:51] [INFO] no found
[2017-10-12 19:28:51] [INFO] no found
[2017-10-12 19:28:51] [INFO] no found
[2017-10-12 19:28:51] [INFO] [(31, '关闭SSID,查看电脑列表能否搜索到wifi名称 ', 'Pass', '2017-10-12 19:27:59', '2017-10-12 19:28:51', '0:00:52', '')]
[2017-10-12 19:28:51] [INFO] 测试完成后关闭ssid隐藏
[2017-10-12 19:29:15] [INFO] <xlrd.book.Book object at 0x0000000003B4BFD0>
[2017-10-12 19:29:15] [INFO] <xlwt.Workbook.Workbook object at 0x0000000003C180B8>
[2017-10-12 19:29:46] [INFO] [(32, '不输入原密码时的提示信息检查 ', 'Pass', '2017-10-12 19:29:20', '2017-10-12 19:29:46', '0:00:26', '')]
[2017-10-12 19:29:49] [INFO] <xlrd.book.Book object at 0x0000000003B82D68>
[2017-10-12 19:29:49] [INFO] <xlwt.Workbook.Workbook object at 0x0000000003CA5DA0>
[2017-10-12 19:30:25] [INFO] [(33, '不输入新密码时的提示信息检查 ', 'Pass', '2017-10-12 19:29:56', '2017-10-12 19:30:25', '0:00:29', '')]
[2017-10-12 19:30:28] [INFO] <xlrd.book.Book object at 0x0000000003B83D68>
[2017-10-12 19:30:28] [INFO] <xlwt.Workbook.Workbook object at 0x0000000003C9CE48>
[2017-10-12 19:31:01] [INFO] [(34, '确认密码不输入时提示信息检查 ', 'Pass', '2017-10-12 19:30:33', '2017-10-12 19:31:01', '0:00:28', '')]
[2017-10-12 19:31:04] [INFO] <xlrd.book.Book object at 0x0000000003BBA6A0>
[2017-10-12 19:31:04] [INFO] <xlwt.Workbook.Workbook object at 0x0000000003C23208>
[2017-10-12 19:31:39] [INFO] [(35, '确认密码与新密码不一致时的提示信息检查 ', 'Pass', '2017-10-12 19:31:10', '2017-10-12 19:31:39', '0:00:29', '')]
[2017-10-12 19:31:42] [INFO] <xlrd.book.Book object at 0x0000000003BBB630>
[2017-10-12 19:31:42] [INFO] <xlwt.Workbook.Workbook object at 0x0000000003C22278>
[2017-10-12 19:32:15] [INFO] [(36, '原密码错误时提示信息检查 ', 'Pass', '2017-10-12 19:31:47', '2017-10-12 19:32:15', '0:00:28', '')]
[2017-10-12 19:32:18] [INFO] <xlrd.book.Book object at 0x0000000003BBA860>
[2017-10-12 19:32:18] [INFO] <xlwt.Workbook.Workbook object at 0x0000000003CD42B0>
[2017-10-12 19:32:53] [INFO] [(37, '新密码格式错误时提示信息检查 ', 'Pass', '2017-10-12 19:32:24', '2017-10-12 19:32:53', '0:00:29', '')]
[2017-10-12 19:32:56] [INFO] <xlrd.book.Book object at 0x0000000003B82DA0>
[2017-10-12 19:32:56] [INFO] <xlwt.Workbook.Workbook object at 0x0000000003C20048>
[2017-10-12 19:34:00] [INFO] [(38, '修改登录密码查看是否可以登录成功', 'Pass', '2017-10-12 19:33:01', '2017-10-12 19:34:00', '0:00:59', '')]
[2017-10-12 19:34:00] [INFO] 测试完成恢复登录密码
[2017-10-12 19:34:14] [INFO] <xlrd.book.Book object at 0x0000000003B82D68>
[2017-10-12 19:34:14] [INFO] <xlwt.Workbook.Workbook object at 0x0000000003C25DA0>
[2017-10-12 19:34:54] [INFO] [(39, '检查时区能否正确改变 ', 'Pass', '2017-10-12 19:34:21', '2017-10-12 19:34:54', '0:00:33', '')]
[2017-10-12 19:34:54] [INFO] 测试完成恢复时区
[2017-10-12 19:35:00] [INFO] <xlrd.book.Book object at 0x0000000003B82D68>
[2017-10-12 19:35:00] [INFO] <xlwt.Workbook.Workbook object at 0x0000000003CABE48>
[2017-10-12 19:35:36] [INFO] ./upgrade/upload.exe E:\wifitest\upgrade\eeee.png
[2017-10-12 19:35:36] [INFO] 开始用autoit3脚本控制选择本地文件
[2017-10-12 19:35:50] [INFO] [(40, '上传错误的升级文件时，错误提示 ', 'Pass', '2017-10-12 19:35:05', '2017-10-12 19:35:50', '0:00:45', '')]
[2017-10-12 19:35:53] [INFO] <xlrd.book.Book object at 0x0000000003B82DA0>
[2017-10-12 19:35:53] [INFO] <xlwt.Workbook.Workbook object at 0x0000000003C9F080>
[2017-10-12 19:37:51] [INFO] [(41, '重启功能检查 ', 'Pass', '2017-10-12 19:35:58', '2017-10-12 19:37:51', '0:01:53', '')]
[2017-10-12 19:37:54] [INFO] <xlrd.book.Book object at 0x0000000003B82DA0>
[2017-10-12 19:37:54] [INFO] <xlwt.Workbook.Workbook object at 0x0000000003D7A0B8>
[2017-10-12 19:38:28] [INFO] [(42, '取消重启检查 ', 'Pass', '2017-10-12 19:37:59', '2017-10-12 19:38:28', '0:00:29', '')]
[2017-10-12 19:38:31] [INFO] <xlrd.book.Book object at 0x0000000003B83D68>
[2017-10-12 19:38:31] [INFO] <xlwt.Workbook.Workbook object at 0x0000000003C1A0B8>
[2017-10-12 19:38:54] [INFO] [(43, '退出系统 ', 'Pass', '2017-10-12 19:38:38', '2017-10-12 19:38:54', '0:00:16', '')]
[2017-10-12 19:38:57] [INFO] <xlrd.book.Book object at 0x0000000003B835F8>
[2017-10-12 19:38:57] [INFO] <xlwt.Workbook.Workbook object at 0x0000000003C90240>
[2017-10-12 19:38:58] [INFO] 发送邮件
