[2017-10-11 23:32:04] [INFO] test_goto_login: test START 
[2017-10-11 23:32:08] [INFO] [(1, '登录页面跳转测试 ', 'Pass', '2017-10-11 23:32:04', '2017-10-11 23:32:08', '0:00:04', '')]
[2017-10-11 23:32:11] [INFO] <xlrd.book.Book object at 0x0000000003B83588>
[2017-10-11 23:32:11] [INFO] <xlwt.Workbook.Workbook object at 0x0000000003C0B080>
[2017-10-11 23:32:31] [INFO] [(2, '正确密码是否可成功登录测试 ', 'Pass', '2017-10-11 23:32:16', '2017-10-11 23:32:31', '0:00:15', '')]
[2017-10-11 23:32:34] [INFO] <xlrd.book.Book object at 0x0000000003B86550>
[2017-10-11 23:32:34] [INFO] <xlwt.Workbook.Workbook object at 0x0000000003C04F98>
[2017-10-11 23:32:57] [INFO] [(3, '是否能顺利跳转到wan 界面 ', 'Pass', '2017-10-11 23:32:39', '2017-10-11 23:32:57', '0:00:18', '')]
[2017-10-11 23:33:00] [INFO] <xlrd.book.Book object at 0x0000000003B68160>
[2017-10-11 23:33:00] [INFO] <xlwt.Workbook.Workbook object at 0x0000000003C0C588>
[2017-10-11 23:33:35] [INFO] 请输入IP地址。
[2017-10-11 23:33:35] [INFO] [(4, '没有IP地址输入时的错误信息提示 ', 'Pass', '2017-10-11 23:33:06', '2017-10-11 23:33:35', '0:00:29', '')]
[2017-10-11 23:33:39] [INFO] <xlrd.book.Book object at 0x0000000003B6A128>
[2017-10-11 23:33:39] [INFO] <xlwt.Workbook.Workbook object at 0x0000000003C117B8>
[2017-10-11 23:33:55] [INFO] [(5, '不填写密码时的提示信息是否正确 ', 'Pass', '2017-10-11 23:33:45', '2017-10-11 23:33:55', '0:00:10', '')]
[2017-10-11 23:33:58] [INFO] <xlrd.book.Book object at 0x0000000003B864E0>
[2017-10-11 23:33:58] [INFO] <xlwt.Workbook.Workbook object at 0x0000000003C095C0>
[2017-10-11 23:34:12] [INFO] [(6, '登录密码错误时提示信息是否正确 ', 'Pass', '2017-10-11 23:34:04', '2017-10-11 23:34:12', '0:00:08', '')]
[2017-10-11 23:34:15] [INFO] <xlrd.book.Book object at 0x0000000003B86550>
[2017-10-11 23:34:15] [INFO] <xlwt.Workbook.Workbook object at 0x0000000003C0A438>
[2017-10-11 23:34:50] [INFO] 请输入子网掩码。
[2017-10-11 23:34:50] [INFO] [(7, '不输入子网掩码时的错误信息提示 ', 'Pass', '2017-10-11 23:34:20', '2017-10-11 23:34:50', '0:00:30', '')]
[2017-10-11 23:34:53] [INFO] <xlrd.book.Book object at 0x0000000003B68128>
[2017-10-11 23:34:53] [INFO] <xlwt.Workbook.Workbook object at 0x0000000003CB2978>
[2017-10-11 23:35:28] [INFO] 请输入默认网关地址。
[2017-10-11 23:35:28] [INFO] [(8, '不输入默认网关时的错误信息提示 ', 'Pass', '2017-10-11 23:34:58', '2017-10-11 23:35:28', '0:00:30', '')]
[2017-10-11 23:35:32] [INFO] <xlrd.book.Book object at 0x0000000003B680F0>
[2017-10-11 23:35:32] [INFO] <xlwt.Workbook.Workbook object at 0x0000000003CB7A20>
[2017-10-11 23:36:06] [INFO] IP地址含非法字符，请重新输入。
[2017-10-11 23:36:09] [INFO] IP地址含非法字符，请重新输入。
[2017-10-11 23:36:12] [INFO] IP地址含非法字符，请重新输入。
[2017-10-11 23:36:16] [INFO] IP地址含非法字符，请重新输入。
[2017-10-11 23:36:19] [INFO] IP地址格式错误，请重新输入。
[2017-10-11 23:36:22] [INFO] IP地址含非法字符，请重新输入。
[2017-10-11 23:36:22] [INFO] [(9, '非法格式的IP地址输入时提示信息检查 ', 'Pass', '2017-10-11 23:35:37', '2017-10-11 23:36:22', '0:00:45', '')]
[2017-10-11 23:36:25] [INFO] <xlrd.book.Book object at 0x0000000003B6A128>
[2017-10-11 23:36:25] [INFO] <xlwt.Workbook.Workbook object at 0x0000000003C16A20>
[2017-10-11 23:37:01] [INFO] 子网掩码不正确，请重新输入。
[2017-10-11 23:37:06] [INFO] 子网掩码不正确，请重新输入。
[2017-10-11 23:37:12] [INFO] 子网掩码不正确，请重新输入。
[2017-10-11 23:37:17] [INFO] 子网掩码不正确，请重新输入。
[2017-10-11 23:37:22] [INFO] 子网掩码不正确，请重新输入。
[2017-10-11 23:37:28] [INFO] 子网掩码不正确，请重新输入。
[2017-10-11 23:37:28] [INFO] [(10, '非法格式的子网掩码输入时，提示信息检查 ', 'Pass', '2017-10-11 23:36:31', '2017-10-11 23:37:28', '0:00:57', '')]
[2017-10-11 23:37:31] [INFO] <xlrd.book.Book object at 0x0000000003B4AFD0>
[2017-10-11 23:37:31] [INFO] <xlwt.Workbook.Workbook object at 0x0000000003C995F8>
[2017-10-11 23:38:06] [INFO] 默认网关错误，请重新输入。
[2017-10-11 23:38:12] [INFO] 默认网关错误，请重新输入。
[2017-10-11 23:38:17] [INFO] 默认网关错误，请重新输入。
[2017-10-11 23:38:22] [INFO] 默认网关错误，请重新输入。
[2017-10-11 23:38:28] [INFO] 默认网关错误，请重新输入。
[2017-10-11 23:38:33] [INFO] 默认网关错误，请重新输入。
[2017-10-11 23:38:33] [INFO] [(11, '非法格式的默认网关输入时，提示信息检查 ', 'Pass', '2017-10-11 23:37:36', '2017-10-11 23:38:33', '0:00:57', '')]
[2017-10-11 23:38:36] [INFO] <xlrd.book.Book object at 0x0000000003B6B080>
[2017-10-11 23:38:36] [INFO] <xlwt.Workbook.Workbook object at 0x0000000003C20668>
[2017-10-11 23:39:24] [INFO] [(12, '是否可以成功设置静态IP ', 'Pass', '2017-10-11 23:38:42', '2017-10-11 23:39:24', '0:00:42', '')]
[2017-10-11 23:39:24] [INFO] 测试完成后将上网方式恢复为自动获取
[2017-10-11 23:39:48] [INFO] <xlrd.book.Book object at 0x0000000003B6A080>
[2017-10-11 23:39:48] [INFO] <xlwt.Workbook.Workbook object at 0x0000000003D39B70>
[2017-10-11 23:40:15] [INFO] [(13, '是否能顺利跳转到lan页面 ', 'Pass', '2017-10-11 23:39:53', '2017-10-11 23:40:15', '0:00:22', '')]
[2017-10-11 23:40:19] [INFO] <xlrd.book.Book object at 0x0000000003B693C8>
[2017-10-11 23:40:19] [INFO] <xlwt.Workbook.Workbook object at 0x0000000003C0BC50>
[2017-10-11 23:40:41] [INFO] 默认的局域网地址:
[2017-10-11 23:40:42] [INFO] 默认的dhcp状态是：checkbox_off
[2017-10-11 23:40:42] [INFO] 默认的初始IP地址池：
[2017-10-11 23:40:42] [INFO] 默认的结束IP地址池： 
[2017-10-11 23:40:42] [INFO] [(14, 'lan页面默认项检查 ', 'Pass', '2017-10-11 23:40:24', '2017-10-11 23:40:42', '0:00:18', '')]
[2017-10-11 23:40:45] [INFO] <xlrd.book.Book object at 0x0000000003B69358>
[2017-10-11 23:40:45] [INFO] <xlwt.Workbook.Workbook object at 0x0000000003C0CCF8>
[2017-10-11 23:41:18] [INFO] [(15, 'lan页面不输入局域网地址时的提示语检查 ', 'Pass', '2017-10-11 23:40:50', '2017-10-11 23:41:18', '0:00:28', '')]
[2017-10-11 23:41:21] [INFO] <xlrd.book.Book object at 0x0000000003B69320>
[2017-10-11 23:41:21] [INFO] <xlwt.Workbook.Workbook object at 0x000000000448FCF8>
[2017-10-11 23:41:51] [INFO] IP地址含非法字符，请重新输入。
[2017-10-11 23:41:53] [INFO] IP地址含非法字符，请重新输入。
[2017-10-11 23:41:56] [INFO] IP地址含非法字符，请重新输入。
[2017-10-11 23:41:58] [INFO] IP地址含非法字符，请重新输入。
[2017-10-11 23:42:00] [INFO] IP地址格式错误，请重新输入。
[2017-10-11 23:42:03] [INFO] IP地址含非法字符，请重新输入。
[2017-10-11 23:42:03] [INFO] [(16, 'lan页面输入格式错误的局域网地址时的提示语检查 ', 'Pass', '2017-10-11 23:41:26', '2017-10-11 23:42:03', '0:00:37', '')]
[2017-10-11 23:42:06] [INFO] <xlrd.book.Book object at 0x0000000003B69390>
[2017-10-11 23:42:06] [INFO] <xlwt.Workbook.Workbook object at 0x0000000003C94E80>
[2017-10-11 23:43:42] [INFO] [(17, 'lan页面修改局域网地址是否可以成功 ', 'Pass', '2017-10-11 23:42:11', '2017-10-11 23:43:42', '0:01:31', '')]
[2017-10-11 23:43:42] [INFO] 测试完成后修改到原来的IP
[2017-10-11 23:44:57] [INFO] <xlrd.book.Book object at 0x0000000003B693C8>
[2017-10-11 23:44:57] [INFO] <xlwt.Workbook.Workbook object at 0x0000000003C4EC50>
[2017-10-11 23:45:36] [INFO] 地址池开始值错误，请重新输入。
[2017-10-11 23:45:36] [INFO] [(18, '开始IP地址非法时提示信息检查 ', 'Pass', '2017-10-11 23:45:03', '2017-10-11 23:45:36', '0:00:33', '')]
[2017-10-11 23:45:39] [INFO] <xlrd.book.Book object at 0x0000000003B693C8>
[2017-10-11 23:45:39] [INFO] <xlwt.Workbook.Workbook object at 0x0000000003C16080>
[2017-10-11 23:46:15] [INFO] 地址池结束值错误，请重新输入。
[2017-10-11 23:46:15] [INFO] [(19, '结束IP地址非法时提示信息检查 ', 'Pass', '2017-10-11 23:45:44', '2017-10-11 23:46:15', '0:00:31', '')]
[2017-10-11 23:46:18] [INFO] <xlrd.book.Book object at 0x0000000003B69390>
[2017-10-11 23:46:18] [INFO] <xlwt.Workbook.Workbook object at 0x0000000003C160B8>
[2017-10-11 23:46:57] [INFO] 地址池结束值不能小于开始值，请重新输入。
[2017-10-11 23:46:57] [INFO] [(20, '开始IP地址大于结束IP地址时，提示语检查 ', 'Pass', '2017-10-11 23:46:24', '2017-10-11 23:46:57', '0:00:33', '')]
[2017-10-11 23:47:00] [INFO] <xlrd.book.Book object at 0x0000000003B693C8>
[2017-10-11 23:47:00] [INFO] <xlwt.Workbook.Workbook object at 0x0000000003C16128>
[2017-10-11 23:47:44] [INFO] [(21, '开始ip地址和结束IP地址都合法时，是否可以成功保存 ', 'Pass', '2017-10-11 23:47:05', '2017-10-11 23:47:44', '0:00:39', '')]
[2017-10-11 23:47:47] [INFO] <xlrd.book.Book object at 0x0000000003B693C8>
[2017-10-11 23:47:47] [INFO] <xlwt.Workbook.Workbook object at 0x0000000003D26160>
[2017-10-11 23:48:20] [INFO] [(22, 'DHCP 能否被正确关闭 ', 'Pass', '2017-10-11 23:47:53', '2017-10-11 23:48:20', '0:00:27', '')]
[2017-10-11 23:48:23] [INFO] <xlrd.book.Book object at 0x0000000003B69390>
[2017-10-11 23:48:23] [INFO] <xlwt.Workbook.Workbook object at 0x0000000003C92080>
[2017-10-11 23:48:46] [INFO] [(23, '是否能顺利跳转到无线wifi设置界面 ', 'Pass', '2017-10-11 23:48:29', '2017-10-11 23:48:46', '0:00:17', '')]
[2017-10-11 23:48:49] [INFO] <xlrd.book.Book object at 0x0000000003B4CF98>
[2017-10-11 23:48:49] [INFO] <xlwt.Workbook.Workbook object at 0x0000000003FEEBE0>
[2017-10-11 23:49:12] [INFO] wifiname:frt_test
[2017-10-11 23:49:12] [INFO] wifiname:iot123321
[2017-10-11 23:49:12] [INFO] [(24, 'wifi页面默认项检查 ', 'Pass', '2017-10-11 23:48:55', '2017-10-11 23:49:12', '0:00:17', '')]
[2017-10-11 23:49:15] [INFO] <xlrd.book.Book object at 0x0000000003B4CF60>
[2017-10-11 23:49:15] [INFO] <xlwt.Workbook.Workbook object at 0x0000000003C8CCC0>
[2017-10-11 23:54:03] [INFO] [(25, 'wifi名称各种组合是否支持 ', 'Pass', '2017-10-11 23:49:20', '2017-10-11 23:54:03', '0:04:43', '')]
[2017-10-11 23:54:06] [INFO] <xlrd.book.Book object at 0x0000000003B4CFD0>
[2017-10-11 23:54:06] [INFO] <xlwt.Workbook.Workbook object at 0x0000000003CD3DA0>
[2017-10-11 23:54:31] [INFO] 请输入2.4G无线名称。
[2017-10-11 23:54:31] [INFO] [(26, '不输入wifi名称时的提示语检查 ', 'Pass', '2017-10-11 23:54:13', '2017-10-11 23:54:31', '0:00:18', '')]
[2017-10-11 23:54:34] [INFO] <xlrd.book.Book object at 0x0000000003B4CEB8>
[2017-10-11 23:54:34] [INFO] <xlwt.Workbook.Workbook object at 0x0000000003C10D68>
[2017-10-11 23:55:21] [INFO] [(27, '不输入wifi密码时是否可以保存成功 ', 'Pass', '2017-10-11 23:54:39', '2017-10-11 23:55:21', '0:00:42', '')]
[2017-10-11 23:55:21] [INFO] 测试完成后恢复wifi密码
[2017-10-11 23:55:46] [INFO] <xlrd.book.Book object at 0x0000000003B4BD68>
[2017-10-11 23:55:46] [INFO] <xlwt.Workbook.Workbook object at 0x0000000003C1DF60>
[2017-10-11 23:56:24] [INFO] [(28, '输入错误格式的wifi 密码，提示语检查 ', 'Pass', '2017-10-11 23:55:51', '2017-10-11 23:56:24', '0:00:33', '')]
[2017-10-11 23:56:24] [INFO] 测试完成恢复wifi密码
[2017-10-11 23:56:51] [INFO] <xlrd.book.Book object at 0x0000000003B4BEF0>
[2017-10-11 23:56:51] [INFO] <xlwt.Workbook.Workbook object at 0x0000000003C1AEF0>
[2017-10-12 00:00:11] [INFO] [(29, '是否支持各种格式的wifi密码 ', 'Pass', '2017-10-11 23:56:56', '2017-10-12 00:00:11', '0:03:15', '')]
[2017-10-12 00:00:11] [INFO] 测试完成恢复wifi密码
[2017-10-12 00:00:43] [INFO] <xlrd.book.Book object at 0x0000000003B4BF60>
[2017-10-12 00:00:43] [INFO] <xlwt.Workbook.Workbook object at 0x0000000003C43F60>
[2017-10-12 00:01:13] [INFO] no found
[2017-10-12 00:01:13] [INFO] no found
[2017-10-12 00:01:13] [INFO] no found
[2017-10-12 00:01:13] [INFO] no found
[2017-10-12 00:01:13] [INFO] no found
[2017-10-12 00:01:13] [INFO] no found
[2017-10-12 00:01:13] [INFO] no found
[2017-10-12 00:01:13] [INFO] no found
[2017-10-12 00:01:13] [INFO] no found
[2017-10-12 00:01:13] [INFO] no found
[2017-10-12 00:01:13] [INFO] no found
[2017-10-12 00:01:13] [INFO] no found
[2017-10-12 00:01:13] [INFO] no found
[2017-10-12 00:01:13] [INFO] no found
[2017-10-12 00:01:13] [INFO] no found
[2017-10-12 00:01:13] [INFO] no found
[2017-10-12 00:01:13] [INFO] no found
[2017-10-12 00:01:13] [INFO] no found
[2017-10-12 00:01:13] [INFO] no found
[2017-10-12 00:01:13] [INFO] no found
[2017-10-12 00:01:13] [INFO] no found
[2017-10-12 00:01:13] [INFO] no found
[2017-10-12 00:01:13] [INFO] no found
[2017-10-12 00:01:13] [INFO] no found
[2017-10-12 00:01:13] [INFO] no found
[2017-10-12 00:01:13] [INFO] no found
[2017-10-12 00:01:13] [INFO] no found
[2017-10-12 00:01:13] [INFO] no found
[2017-10-12 00:01:13] [INFO] no found
[2017-10-12 00:01:13] [INFO] no found
[2017-10-12 00:01:13] [INFO] no found
[2017-10-12 00:01:13] [INFO] no found
[2017-10-12 00:01:13] [INFO] no found
[2017-10-12 00:01:13] [INFO] no found
[2017-10-12 00:01:13] [INFO] no found
[2017-10-12 00:01:13] [INFO] no found
[2017-10-12 00:01:13] [INFO] no found
[2017-10-12 00:01:13] [INFO] no found
[2017-10-12 00:01:13] [INFO] no found
[2017-10-12 00:01:13] [INFO] no found
[2017-10-12 00:01:13] [INFO] no found
[2017-10-12 00:01:13] [INFO] no found
[2017-10-12 00:01:13] [INFO] no found
[2017-10-12 00:01:13] [INFO] no found
[2017-10-12 00:01:13] [INFO] no found
[2017-10-12 00:01:13] [INFO] no found
[2017-10-12 00:01:13] [INFO] no found
[2017-10-12 00:01:13] [INFO] no found
[2017-10-12 00:01:13] [INFO] no found
[2017-10-12 00:01:13] [INFO] no found
[2017-10-12 00:01:13] [INFO] no found
[2017-10-12 00:01:13] [INFO] no found
[2017-10-12 00:01:13] [INFO] no found
[2017-10-12 00:01:13] [INFO] no found
[2017-10-12 00:01:13] [INFO] no found
[2017-10-12 00:01:13] [INFO] no found
[2017-10-12 00:01:13] [INFO] no found
[2017-10-12 00:01:13] [INFO] no found
[2017-10-12 00:01:13] [INFO] no found
[2017-10-12 00:01:13] [INFO] no found
[2017-10-12 00:01:13] [INFO] no found
[2017-10-12 00:01:13] [INFO] no found
[2017-10-12 00:01:13] [INFO] no found
[2017-10-12 00:01:13] [INFO] no found
[2017-10-12 00:01:13] [INFO] no found
[2017-10-12 00:01:13] [INFO] no found
[2017-10-12 00:01:13] [INFO] no found
[2017-10-12 00:01:13] [INFO] no found
[2017-10-12 00:01:13] [INFO] no found
[2017-10-12 00:01:13] [INFO] no found
[2017-10-12 00:01:13] [INFO] no found
[2017-10-12 00:01:13] [INFO] no found
[2017-10-12 00:01:13] [INFO] no found
[2017-10-12 00:01:13] [INFO] no found
[2017-10-12 00:01:13] [INFO] no found
[2017-10-12 00:01:13] [INFO] no found
[2017-10-12 00:01:13] [INFO] no found
[2017-10-12 00:01:13] [INFO] no found
[2017-10-12 00:01:13] [INFO] no found
[2017-10-12 00:01:13] [INFO] no found
[2017-10-12 00:01:13] [INFO] no found
[2017-10-12 00:01:13] [INFO] no found
[2017-10-12 00:01:13] [INFO] no found
[2017-10-12 00:01:13] [INFO] no found
[2017-10-12 00:01:13] [INFO] no found
[2017-10-12 00:01:13] [INFO] no found
[2017-10-12 00:01:13] [INFO] no found
[2017-10-12 00:01:13] [INFO] no found
[2017-10-12 00:01:13] [INFO] no found
[2017-10-12 00:01:13] [INFO] no found
[2017-10-12 00:01:13] [INFO] no found
[2017-10-12 00:01:13] [INFO] no found
[2017-10-12 00:01:13] [INFO] no found
[2017-10-12 00:01:13] [INFO] no found
[2017-10-12 00:01:13] [INFO] no found
[2017-10-12 00:01:13] [INFO] no found
[2017-10-12 00:01:13] [INFO] no found
[2017-10-12 00:01:13] [INFO] no found
[2017-10-12 00:01:13] [INFO] no found
[2017-10-12 00:01:13] [INFO] no found
[2017-10-12 00:01:13] [INFO] no found
[2017-10-12 00:01:13] [INFO] no found
[2017-10-12 00:01:13] [INFO] no found
[2017-10-12 00:01:13] [INFO] no found
[2017-10-12 00:01:13] [INFO] no found
[2017-10-12 00:01:13] [INFO] no found
[2017-10-12 00:01:13] [INFO] no found
[2017-10-12 00:01:13] [INFO] no found
[2017-10-12 00:01:13] [INFO] no found
[2017-10-12 00:01:13] [INFO] no found
[2017-10-12 00:01:13] [INFO] no found
[2017-10-12 00:01:13] [INFO] no found
[2017-10-12 00:01:13] [INFO] no found
[2017-10-12 00:01:13] [INFO] no found
[2017-10-12 00:01:13] [INFO] no found
[2017-10-12 00:01:13] [INFO] no found
[2017-10-12 00:01:13] [INFO] no found
[2017-10-12 00:01:13] [INFO] no found
[2017-10-12 00:01:13] [INFO] no found
[2017-10-12 00:01:13] [INFO] no found
[2017-10-12 00:01:13] [INFO] no found
[2017-10-12 00:01:13] [INFO] no found
[2017-10-12 00:01:13] [INFO] no found
[2017-10-12 00:01:13] [INFO] no found
[2017-10-12 00:01:13] [INFO] no found
[2017-10-12 00:01:13] [INFO] no found
[2017-10-12 00:01:13] [INFO] no found
[2017-10-12 00:01:13] [INFO] no found
[2017-10-12 00:01:13] [INFO] no found
[2017-10-12 00:01:13] [INFO] no found
[2017-10-12 00:01:13] [INFO] no found
[2017-10-12 00:01:13] [INFO] no found
[2017-10-12 00:01:13] [INFO] no found
[2017-10-12 00:01:13] [INFO] no found
[2017-10-12 00:01:13] [INFO] [(30, '关闭wifi 后，查看电脑的无线列表 ', 'Pass', '2017-10-12 00:00:48', '2017-10-12 00:01:13', '0:00:25', '')]
[2017-10-12 00:01:13] [INFO] 测试完成后恢复到wifi打开的状态
[2017-10-12 00:01:22] [INFO] <xlrd.book.Book object at 0x0000000003B4BF60>
[2017-10-12 00:01:22] [INFO] <xlwt.Workbook.Workbook object at 0x0000000003CB4F28>
[2017-10-12 00:02:20] [INFO] no found
[2017-10-12 00:02:20] [INFO] no found
[2017-10-12 00:02:20] [INFO] no found
[2017-10-12 00:02:20] [INFO] no found
[2017-10-12 00:02:20] [INFO] no found
[2017-10-12 00:02:20] [INFO] no found
[2017-10-12 00:02:20] [INFO] no found
[2017-10-12 00:02:20] [INFO] no found
[2017-10-12 00:02:20] [INFO] no found
[2017-10-12 00:02:20] [INFO] no found
[2017-10-12 00:02:20] [INFO] no found
[2017-10-12 00:02:20] [INFO] no found
[2017-10-12 00:02:20] [INFO] no found
[2017-10-12 00:02:20] [INFO] no found
[2017-10-12 00:02:20] [INFO] no found
[2017-10-12 00:02:20] [INFO] no found
[2017-10-12 00:02:20] [INFO] no found
[2017-10-12 00:02:20] [INFO] no found
[2017-10-12 00:02:20] [INFO] no found
[2017-10-12 00:02:20] [INFO] no found
[2017-10-12 00:02:20] [INFO] no found
[2017-10-12 00:02:20] [INFO] no found
[2017-10-12 00:02:20] [INFO] no found
[2017-10-12 00:02:20] [INFO] no found
[2017-10-12 00:02:20] [INFO] no found
[2017-10-12 00:02:20] [INFO] no found
[2017-10-12 00:02:20] [INFO] no found
[2017-10-12 00:02:20] [INFO] no found
[2017-10-12 00:02:20] [INFO] no found
[2017-10-12 00:02:20] [INFO] no found
[2017-10-12 00:02:20] [INFO] no found
[2017-10-12 00:02:20] [INFO] no found
[2017-10-12 00:02:20] [INFO] no found
[2017-10-12 00:02:20] [INFO] no found
[2017-10-12 00:02:20] [INFO] no found
[2017-10-12 00:02:20] [INFO] no found
[2017-10-12 00:02:20] [INFO] no found
[2017-10-12 00:02:20] [INFO] no found
[2017-10-12 00:02:20] [INFO] no found
[2017-10-12 00:02:20] [INFO] no found
[2017-10-12 00:02:20] [INFO] no found
[2017-10-12 00:02:20] [INFO] no found
[2017-10-12 00:02:20] [INFO] no found
[2017-10-12 00:02:20] [INFO] no found
[2017-10-12 00:02:20] [INFO] no found
[2017-10-12 00:02:20] [INFO] no found
[2017-10-12 00:02:20] [INFO] no found
[2017-10-12 00:02:20] [INFO] no found
[2017-10-12 00:02:20] [INFO] no found
[2017-10-12 00:02:20] [INFO] no found
[2017-10-12 00:02:20] [INFO] no found
[2017-10-12 00:02:20] [INFO] no found
[2017-10-12 00:02:20] [INFO] no found
[2017-10-12 00:02:20] [INFO] no found
[2017-10-12 00:02:20] [INFO] no found
[2017-10-12 00:02:20] [INFO] no found
[2017-10-12 00:02:20] [INFO] no found
[2017-10-12 00:02:20] [INFO] no found
[2017-10-12 00:02:20] [INFO] no found
[2017-10-12 00:02:20] [INFO] no found
[2017-10-12 00:02:20] [INFO] no found
[2017-10-12 00:02:20] [INFO] no found
[2017-10-12 00:02:20] [INFO] no found
[2017-10-12 00:02:20] [INFO] no found
[2017-10-12 00:02:20] [INFO] no found
[2017-10-12 00:02:20] [INFO] no found
[2017-10-12 00:02:20] [INFO] no found
[2017-10-12 00:02:20] [INFO] no found
[2017-10-12 00:02:20] [INFO] no found
[2017-10-12 00:02:20] [INFO] no found
[2017-10-12 00:02:20] [INFO] no found
[2017-10-12 00:02:20] [INFO] no found
[2017-10-12 00:02:20] [INFO] no found
[2017-10-12 00:02:20] [INFO] no found
[2017-10-12 00:02:20] [INFO] no found
[2017-10-12 00:02:20] [INFO] no found
[2017-10-12 00:02:20] [INFO] no found
[2017-10-12 00:02:20] [INFO] no found
[2017-10-12 00:02:20] [INFO] no found
[2017-10-12 00:02:20] [INFO] no found
[2017-10-12 00:02:20] [INFO] no found
[2017-10-12 00:02:20] [INFO] no found
[2017-10-12 00:02:20] [INFO] no found
[2017-10-12 00:02:20] [INFO] no found
[2017-10-12 00:02:20] [INFO] no found
[2017-10-12 00:02:20] [INFO] no found
[2017-10-12 00:02:20] [INFO] no found
[2017-10-12 00:02:20] [INFO] no found
[2017-10-12 00:02:20] [INFO] no found
[2017-10-12 00:02:20] [INFO] no found
[2017-10-12 00:02:20] [INFO] no found
[2017-10-12 00:02:20] [INFO] no found
[2017-10-12 00:02:20] [INFO] no found
[2017-10-12 00:02:20] [INFO] no found
[2017-10-12 00:02:20] [INFO] no found
[2017-10-12 00:02:20] [INFO] no found
[2017-10-12 00:02:20] [INFO] no found
[2017-10-12 00:02:20] [INFO] no found
[2017-10-12 00:02:20] [INFO] no found
[2017-10-12 00:02:20] [INFO] no found
[2017-10-12 00:02:20] [INFO] no found
[2017-10-12 00:02:20] [INFO] no found
[2017-10-12 00:02:20] [INFO] no found
[2017-10-12 00:02:20] [INFO] no found
[2017-10-12 00:02:20] [INFO] no found
[2017-10-12 00:02:20] [INFO] no found
[2017-10-12 00:02:20] [INFO] no found
[2017-10-12 00:02:20] [INFO] no found
[2017-10-12 00:02:20] [INFO] no found
[2017-10-12 00:02:20] [INFO] no found
[2017-10-12 00:02:20] [INFO] no found
[2017-10-12 00:02:20] [INFO] no found
[2017-10-12 00:02:20] [INFO] no found
[2017-10-12 00:02:20] [INFO] no found
[2017-10-12 00:02:20] [INFO] no found
[2017-10-12 00:02:20] [INFO] no found
[2017-10-12 00:02:20] [INFO] no found
[2017-10-12 00:02:20] [INFO] no found
[2017-10-12 00:02:20] [INFO] no found
[2017-10-12 00:02:20] [INFO] no found
[2017-10-12 00:02:20] [INFO] no found
[2017-10-12 00:02:20] [INFO] no found
[2017-10-12 00:02:20] [INFO] no found
[2017-10-12 00:02:20] [INFO] no found
[2017-10-12 00:02:20] [INFO] no found
[2017-10-12 00:02:20] [INFO] no found
[2017-10-12 00:02:20] [INFO] no found
[2017-10-12 00:02:20] [INFO] no found
[2017-10-12 00:02:20] [INFO] no found
[2017-10-12 00:02:20] [INFO] no found
[2017-10-12 00:02:20] [INFO] no found
[2017-10-12 00:02:20] [INFO] no found
[2017-10-12 00:02:20] [INFO] no found
[2017-10-12 00:02:20] [INFO] no found
[2017-10-12 00:02:20] [INFO] no found
[2017-10-12 00:02:20] [INFO] no found
[2017-10-12 00:02:20] [INFO] no found
[2017-10-12 00:02:20] [INFO] no found
[2017-10-12 00:02:20] [INFO] no found
[2017-10-12 00:02:20] [INFO] no found
[2017-10-12 00:02:20] [INFO] no found
[2017-10-12 00:02:20] [INFO] no found
[2017-10-12 00:02:20] [INFO] no found
[2017-10-12 00:02:20] [INFO] no found
[2017-10-12 00:02:20] [INFO] no found
[2017-10-12 00:02:20] [INFO] no found
[2017-10-12 00:02:20] [INFO] no found
[2017-10-12 00:02:20] [INFO] no found
[2017-10-12 00:02:20] [INFO] no found
[2017-10-12 00:02:20] [INFO] no found
[2017-10-12 00:02:20] [INFO] no found
[2017-10-12 00:02:20] [INFO] no found
[2017-10-12 00:02:20] [INFO] no found
[2017-10-12 00:02:20] [INFO] no found
[2017-10-12 00:02:20] [INFO] no found
[2017-10-12 00:02:20] [INFO] no found
[2017-10-12 00:02:20] [INFO] no found
[2017-10-12 00:02:20] [INFO] no found
[2017-10-12 00:02:20] [INFO] no found
[2017-10-12 00:02:20] [INFO] no found
[2017-10-12 00:02:20] [INFO] no found
[2017-10-12 00:02:20] [INFO] no found
[2017-10-12 00:02:20] [INFO] no found
[2017-10-12 00:02:20] [INFO] no found
[2017-10-12 00:02:20] [INFO] no found
[2017-10-12 00:02:20] [INFO] no found
[2017-10-12 00:02:20] [INFO] no found
[2017-10-12 00:02:20] [INFO] no found
[2017-10-12 00:02:20] [INFO] no found
[2017-10-12 00:02:20] [INFO] [(31, '关闭SSID,查看电脑列表能否搜索到wifi名称 ', 'Pass', '2017-10-12 00:01:27', '2017-10-12 00:02:20', '0:00:53', '')]
[2017-10-12 00:02:20] [INFO] 测试完成后关闭ssid隐藏
[2017-10-12 00:02:43] [INFO] <xlrd.book.Book object at 0x0000000003B4AFD0>
[2017-10-12 00:02:43] [INFO] <xlwt.Workbook.Workbook object at 0x0000000003C1A0B8>
[2017-10-12 00:03:15] [INFO] [(32, '不输入原密码时的提示信息检查 ', 'Pass', '2017-10-12 00:02:49', '2017-10-12 00:03:15', '0:00:26', '')]
[2017-10-12 00:03:18] [INFO] <xlrd.book.Book object at 0x0000000003B82D30>
[2017-10-12 00:03:18] [INFO] <xlwt.Workbook.Workbook object at 0x0000000003C15D30>
[2017-10-12 00:03:52] [INFO] [(33, '不输入新密码时的提示信息检查 ', 'Pass', '2017-10-12 00:03:23', '2017-10-12 00:03:52', '0:00:29', '')]
[2017-10-12 00:03:55] [INFO] <xlrd.book.Book object at 0x0000000003B84CC0>
[2017-10-12 00:03:55] [INFO] <xlwt.Workbook.Workbook object at 0x0000000003C9CD68>
[2017-10-12 00:04:29] [INFO] [(34, '确认密码不输入时提示信息检查 ', 'Pass', '2017-10-12 00:04:00', '2017-10-12 00:04:29', '0:00:29', '')]
[2017-10-12 00:04:32] [INFO] <xlrd.book.Book object at 0x0000000003BBB898>
[2017-10-12 00:04:32] [INFO] <xlwt.Workbook.Workbook object at 0x0000000003CA3198>
[2017-10-12 00:05:05] [INFO] [(35, '确认密码与新密码不一致时的提示信息检查 ', 'Pass', '2017-10-12 00:04:37', '2017-10-12 00:05:05', '0:00:28', '')]
[2017-10-12 00:05:08] [INFO] <xlrd.book.Book object at 0x0000000003BBD5C0>
[2017-10-12 00:05:08] [INFO] <xlwt.Workbook.Workbook object at 0x0000000003C241D0>
[2017-10-12 00:05:42] [INFO] [(36, '原密码错误时提示信息检查 ', 'Pass', '2017-10-12 00:05:14', '2017-10-12 00:05:42', '0:00:28', '')]
[2017-10-12 00:05:45] [INFO] <xlrd.book.Book object at 0x0000000003BBC898>
[2017-10-12 00:05:45] [INFO] <xlwt.Workbook.Workbook object at 0x0000000003C241D0>
[2017-10-12 00:06:19] [INFO] [(37, '新密码格式错误时提示信息检查 ', 'Pass', '2017-10-12 00:05:50', '2017-10-12 00:06:19', '0:00:29', '')]
[2017-10-12 00:06:22] [INFO] <xlrd.book.Book object at 0x0000000003B82D68>
[2017-10-12 00:06:22] [INFO] <xlwt.Workbook.Workbook object at 0x0000000003C1BF28>
[2017-10-12 00:07:26] [INFO] [(38, '修改登录密码查看是否可以登录成功', 'Pass', '2017-10-12 00:06:27', '2017-10-12 00:07:26', '0:00:59', '')]
[2017-10-12 00:07:26] [INFO] 测试完成恢复登录密码
[2017-10-12 00:07:41] [INFO] <xlrd.book.Book object at 0x0000000003B83D30>
[2017-10-12 00:07:41] [INFO] <xlwt.Workbook.Workbook object at 0x0000000003C25D30>
[2017-10-12 00:08:20] [INFO] [(39, '检查时区能否正确改变 ', 'Pass', '2017-10-12 00:07:47', '2017-10-12 00:08:20', '0:00:33', '')]
[2017-10-12 00:08:20] [INFO] 测试完成恢复时区
[2017-10-12 00:08:25] [INFO] <xlrd.book.Book object at 0x0000000003B82D30>
[2017-10-12 00:08:25] [INFO] <xlwt.Workbook.Workbook object at 0x0000000003C1BDA0>
[2017-10-12 00:09:02] [INFO] ./upgrade/upload.exe E:\wifitest\upgrade\eeee.png
[2017-10-12 00:09:02] [INFO] 开始用autoit3脚本控制选择本地文件
[2017-10-12 00:09:15] [INFO] [(40, '上传错误的升级文件时，错误提示 ', 'Pass', '2017-10-12 00:08:31', '2017-10-12 00:09:15', '0:00:44', '')]
[2017-10-12 00:09:18] [INFO] <xlrd.book.Book object at 0x0000000003B82D68>
[2017-10-12 00:09:18] [INFO] <xlwt.Workbook.Workbook object at 0x0000000003C1E048>
[2017-10-12 00:11:17] [INFO] [(41, '重启功能检查 ', 'Pass', '2017-10-12 00:09:23', '2017-10-12 00:11:17', '0:01:54', '')]
[2017-10-12 00:11:20] [INFO] <xlrd.book.Book object at 0x0000000003B82D68>
[2017-10-12 00:11:20] [INFO] <xlwt.Workbook.Workbook object at 0x0000000003C4A080>
[2017-10-12 00:11:56] [INFO] [(42, '取消重启检查 ', 'Pass', '2017-10-12 00:11:26', '2017-10-12 00:11:56', '0:00:30', '')]
[2017-10-12 00:11:59] [INFO] <xlrd.book.Book object at 0x0000000003B83D30>
[2017-10-12 00:11:59] [INFO] <xlwt.Workbook.Workbook object at 0x0000000003C1B080>
[2017-10-12 00:12:20] [INFO] [(43, '退出系统 ', 'Pass', '2017-10-12 00:12:05', '2017-10-12 00:12:20', '0:00:15', '')]
[2017-10-12 00:12:24] [INFO] <xlrd.book.Book object at 0x0000000003B84550>
[2017-10-12 00:12:24] [INFO] <xlwt.Workbook.Workbook object at 0x0000000003C0F128>
[2017-10-12 00:12:24] [INFO] 发送邮件
