[2017-10-11 19:29:01] [INFO] test_goto_login: test START 
[2017-10-11 19:29:05] [INFO] [(1, '登录页面跳转测试 ', 'Pass', '2017-10-11 19:29:01', '2017-10-11 19:29:05', '0:00:04', '')]
[2017-10-11 19:29:08] [INFO] <xlrd.book.Book object at 0x0000000003B83588>
[2017-10-11 19:29:08] [INFO] <xlwt.Workbook.Workbook object at 0x0000000003C8B0B8>
[2017-10-11 19:29:27] [INFO] [(2, '正确密码是否可成功登录测试 ', 'Pass', '2017-10-11 19:29:13', '2017-10-11 19:29:27', '0:00:14', '')]
[2017-10-11 19:29:30] [INFO] <xlrd.book.Book object at 0x0000000003B864E0>
[2017-10-11 19:29:30] [INFO] <xlwt.Workbook.Workbook object at 0x0000000003C04F28>
[2017-10-11 19:29:52] [INFO] [(3, '是否能顺利跳转到wan 界面 ', 'Pass', '2017-10-11 19:29:35', '2017-10-11 19:29:52', '0:00:17', '')]
[2017-10-11 19:29:55] [INFO] <xlrd.book.Book object at 0x0000000003B68160>
[2017-10-11 19:29:55] [INFO] <xlwt.Workbook.Workbook object at 0x0000000003C0C5C0>
[2017-10-11 19:30:30] [INFO] 请输入IP地址。
[2017-10-11 19:30:30] [INFO] [(4, '没有IP地址输入时的错误信息提示 ', 'Pass', '2017-10-11 19:30:00', '2017-10-11 19:30:30', '0:00:30', '')]
[2017-10-11 19:30:33] [INFO] <xlrd.book.Book object at 0x0000000003B6A128>
[2017-10-11 19:30:33] [INFO] <xlwt.Workbook.Workbook object at 0x0000000003D117F0>
[2017-10-11 19:30:48] [INFO] [(5, '不填写密码时的提示信息是否正确 ', 'Pass', '2017-10-11 19:30:39', '2017-10-11 19:30:48', '0:00:09', '')]
[2017-10-11 19:30:51] [INFO] <xlrd.book.Book object at 0x0000000003B864E0>
[2017-10-11 19:30:51] [INFO] <xlwt.Workbook.Workbook object at 0x0000000003C095F8>
[2017-10-11 19:31:04] [INFO] [(6, '登录密码错误时提示信息是否正确 ', 'Pass', '2017-10-11 19:30:56', '2017-10-11 19:31:04', '0:00:08', '')]
[2017-10-11 19:31:07] [INFO] <xlrd.book.Book object at 0x0000000003B86550>
[2017-10-11 19:31:07] [INFO] <xlwt.Workbook.Workbook object at 0x0000000003C0A438>
[2017-10-11 19:31:42] [INFO] 请输入子网掩码。
[2017-10-11 19:31:42] [INFO] [(7, '不输入子网掩码时的错误信息提示 ', 'Pass', '2017-10-11 19:31:13', '2017-10-11 19:31:42', '0:00:29', '')]
[2017-10-11 19:31:45] [INFO] <xlrd.book.Book object at 0x0000000003B68128>
[2017-10-11 19:31:45] [INFO] <xlwt.Workbook.Workbook object at 0x0000000003C929B0>
[2017-10-11 19:32:21] [INFO] 请输入默认网关地址。
[2017-10-11 19:32:21] [INFO] [(8, '不输入默认网关时的错误信息提示 ', 'Pass', '2017-10-11 19:31:51', '2017-10-11 19:32:21', '0:00:30', '')]
[2017-10-11 19:32:24] [INFO] <xlrd.book.Book object at 0x0000000003B68128>
[2017-10-11 19:32:24] [INFO] <xlwt.Workbook.Workbook object at 0x0000000003C17A20>
[2017-10-11 19:32:57] [INFO] IP地址含非法字符，请重新输入。
[2017-10-11 19:33:01] [INFO] IP地址含非法字符，请重新输入。
[2017-10-11 19:33:04] [INFO] IP地址含非法字符，请重新输入。
[2017-10-11 19:33:07] [INFO] IP地址含非法字符，请重新输入。
[2017-10-11 19:33:11] [INFO] IP地址格式错误，请重新输入。
[2017-10-11 19:33:14] [INFO] IP地址含非法字符，请重新输入。
[2017-10-11 19:33:14] [INFO] [(9, '非法格式的IP地址输入时提示信息检查 ', 'Pass', '2017-10-11 19:32:29', '2017-10-11 19:33:14', '0:00:45', '')]
[2017-10-11 19:33:17] [INFO] <xlrd.book.Book object at 0x0000000003B6A128>
[2017-10-11 19:33:17] [INFO] <xlwt.Workbook.Workbook object at 0x0000000003CC5A20>
[2017-10-11 19:33:52] [INFO] 子网掩码不正确，请重新输入。
[2017-10-11 19:33:58] [INFO] 子网掩码不正确，请重新输入。
[2017-10-11 19:34:03] [INFO] 子网掩码不正确，请重新输入。
[2017-10-11 19:34:08] [INFO] 子网掩码不正确，请重新输入。
[2017-10-11 19:34:14] [INFO] 子网掩码不正确，请重新输入。
[2017-10-11 19:34:19] [INFO] 子网掩码不正确，请重新输入。
[2017-10-11 19:34:19] [INFO] [(10, '非法格式的子网掩码输入时，提示信息检查 ', 'Pass', '2017-10-11 19:33:22', '2017-10-11 19:34:19', '0:00:57', '')]
[2017-10-11 19:34:22] [INFO] <xlrd.book.Book object at 0x0000000003B6B080>
[2017-10-11 19:34:22] [INFO] <xlwt.Workbook.Workbook object at 0x0000000003C99630>
[2017-10-11 19:34:57] [INFO] 默认网关错误，请重新输入。
[2017-10-11 19:35:03] [INFO] 默认网关错误，请重新输入。
[2017-10-11 19:35:08] [INFO] 默认网关错误，请重新输入。
[2017-10-11 19:35:14] [INFO] 默认网关错误，请重新输入。
[2017-10-11 19:35:19] [INFO] 默认网关错误，请重新输入。
[2017-10-11 19:35:24] [INFO] 默认网关错误，请重新输入。
[2017-10-11 19:35:24] [INFO] [(11, '非法格式的默认网关输入时，提示信息检查 ', 'Pass', '2017-10-11 19:34:27', '2017-10-11 19:35:24', '0:00:57', '')]
[2017-10-11 19:35:27] [INFO] <xlrd.book.Book object at 0x0000000003B6B080>
[2017-10-11 19:35:27] [INFO] <xlwt.Workbook.Workbook object at 0x0000000003CA06D8>
[2017-10-11 19:36:15] [INFO] [(12, '是否可以成功设置静态IP ', 'Pass', '2017-10-11 19:35:33', '2017-10-11 19:36:15', '0:00:42', '')]
[2017-10-11 19:36:15] [INFO] 测试完成后将上网方式恢复为自动获取
[2017-10-11 19:36:38] [INFO] <xlrd.book.Book object at 0x0000000003B6A0B8>
[2017-10-11 19:36:38] [INFO] <xlwt.Workbook.Workbook object at 0x0000000003C19B70>
[2017-10-11 19:37:06] [INFO] [(13, '是否能顺利跳转到lan页面 ', 'Pass', '2017-10-11 19:36:44', '2017-10-11 19:37:06', '0:00:22', '')]
[2017-10-11 19:37:09] [INFO] <xlrd.book.Book object at 0x0000000003B69438>
[2017-10-11 19:37:09] [INFO] <xlwt.Workbook.Workbook object at 0x0000000003C8BCC0>
[2017-10-11 19:37:32] [INFO] 默认的局域网地址:
[2017-10-11 19:37:32] [INFO] 默认的dhcp状态是：checkbox_off
[2017-10-11 19:37:32] [INFO] 默认的初始IP地址池：
[2017-10-11 19:37:32] [INFO] 默认的结束IP地址池： 
[2017-10-11 19:37:32] [INFO] [(14, 'lan页面默认项检查 ', 'Pass', '2017-10-11 19:37:15', '2017-10-11 19:37:32', '0:00:17', '')]
[2017-10-11 19:37:35] [INFO] <xlrd.book.Book object at 0x0000000003B69358>
[2017-10-11 19:37:35] [INFO] <xlwt.Workbook.Workbook object at 0x0000000003C0CCF8>
[2017-10-11 19:38:08] [INFO] [(15, 'lan页面不输入局域网地址时的提示语检查 ', 'Pass', '2017-10-11 19:37:40', '2017-10-11 19:38:08', '0:00:28', '')]
[2017-10-11 19:38:11] [INFO] <xlrd.book.Book object at 0x0000000003B69358>
[2017-10-11 19:38:11] [INFO] <xlwt.Workbook.Workbook object at 0x000000000448FD68>
[2017-10-11 19:38:41] [INFO] IP地址含非法字符，请重新输入。
[2017-10-11 19:38:43] [INFO] IP地址含非法字符，请重新输入。
[2017-10-11 19:38:46] [INFO] IP地址含非法字符，请重新输入。
[2017-10-11 19:38:48] [INFO] IP地址含非法字符，请重新输入。
[2017-10-11 19:38:50] [INFO] IP地址格式错误，请重新输入。
[2017-10-11 19:38:52] [INFO] IP地址含非法字符，请重新输入。
[2017-10-11 19:38:52] [INFO] [(16, 'lan页面输入格式错误的局域网地址时的提示语检查 ', 'Pass', '2017-10-11 19:38:16', '2017-10-11 19:38:52', '0:00:36', '')]
[2017-10-11 19:38:55] [INFO] <xlrd.book.Book object at 0x0000000003B69390>
[2017-10-11 19:38:55] [INFO] <xlwt.Workbook.Workbook object at 0x0000000003C13EB8>
[2017-10-11 19:40:31] [INFO] [(17, 'lan页面修改局域网地址是否可以成功 ', 'Pass', '2017-10-11 19:39:01', '2017-10-11 19:40:31', '0:01:30', '')]
[2017-10-11 19:40:31] [INFO] 测试完成后修改到原来的IP
[2017-10-11 19:41:48] [INFO] <xlrd.book.Book object at 0x0000000003B693C8>
[2017-10-11 19:41:48] [INFO] <xlwt.Workbook.Workbook object at 0x0000000003C4DC88>
[2017-10-11 19:42:26] [INFO] 地址池开始值错误，请重新输入。
[2017-10-11 19:42:26] [INFO] [(18, '开始IP地址非法时提示信息检查 ', 'Pass', '2017-10-11 19:41:53', '2017-10-11 19:42:26', '0:00:33', '')]
[2017-10-11 19:42:29] [INFO] <xlrd.book.Book object at 0x0000000003B693C8>
[2017-10-11 19:42:29] [INFO] <xlwt.Workbook.Workbook object at 0x0000000003C96080>
[2017-10-11 19:43:05] [INFO] 地址池结束值错误，请重新输入。
[2017-10-11 19:43:05] [INFO] [(19, '结束IP地址非法时提示信息检查 ', 'Pass', '2017-10-11 19:42:34', '2017-10-11 19:43:05', '0:00:31', '')]
[2017-10-11 19:43:08] [INFO] <xlrd.book.Book object at 0x0000000003B69320>
[2017-10-11 19:43:08] [INFO] <xlwt.Workbook.Workbook object at 0x0000000003D16048>
[2017-10-11 19:43:46] [INFO] 地址池结束值不能小于开始值，请重新输入。
[2017-10-11 19:43:46] [INFO] [(20, '开始IP地址大于结束IP地址时，提示语检查 ', 'Pass', '2017-10-11 19:43:13', '2017-10-11 19:43:46', '0:00:33', '')]
[2017-10-11 19:43:49] [INFO] <xlrd.book.Book object at 0x0000000003B693C8>
[2017-10-11 19:43:49] [INFO] <xlwt.Workbook.Workbook object at 0x0000000003C96160>
[2017-10-11 19:44:33] [INFO] [(21, '开始ip地址和结束IP地址都合法时，是否可以成功保存 ', 'Pass', '2017-10-11 19:43:54', '2017-10-11 19:44:33', '0:00:39', '')]
[2017-10-11 19:44:36] [INFO] <xlrd.book.Book object at 0x0000000003B693C8>
[2017-10-11 19:44:36] [INFO] <xlwt.Workbook.Workbook object at 0x0000000003C16198>
[2017-10-11 19:45:09] [INFO] [(22, 'DHCP 能否被正确关闭 ', 'Pass', '2017-10-11 19:44:41', '2017-10-11 19:45:09', '0:00:28', '')]
[2017-10-11 19:45:12] [INFO] <xlrd.book.Book object at 0x0000000003B692B0>
[2017-10-11 19:45:12] [INFO] <xlwt.Workbook.Workbook object at 0x0000000003D43048>
[2017-10-11 19:45:35] [INFO] [(23, '是否能顺利跳转到无线wifi设置界面 ', 'Pass', '2017-10-11 19:45:18', '2017-10-11 19:45:35', '0:00:17', '')]
[2017-10-11 19:45:38] [INFO] <xlrd.book.Book object at 0x0000000003B4CF98>
[2017-10-11 19:45:38] [INFO] <xlwt.Workbook.Workbook object at 0x0000000003CBEBE0>
[2017-10-11 19:46:02] [INFO] wifiname:frt_test
[2017-10-11 19:46:02] [INFO] wifiname:iot123321
[2017-10-11 19:46:02] [INFO] [(24, 'wifi页面默认项检查 ', 'Pass', '2017-10-11 19:45:44', '2017-10-11 19:46:02', '0:00:18', '')]
[2017-10-11 19:46:05] [INFO] <xlrd.book.Book object at 0x0000000003B4CF60>
[2017-10-11 19:46:05] [INFO] <xlwt.Workbook.Workbook object at 0x0000000003C0EC50>
[2017-10-11 19:50:52] [INFO] [(25, 'wifi名称各种组合是否支持 ', 'Pass', '2017-10-11 19:46:10', '2017-10-11 19:50:52', '0:04:42', '')]
[2017-10-11 19:50:55] [INFO] <xlrd.book.Book object at 0x0000000003B4CFD0>
[2017-10-11 19:50:55] [INFO] <xlwt.Workbook.Workbook object at 0x0000000003C51D30>
[2017-10-11 19:51:19] [INFO] 请输入2.4G无线名称。
[2017-10-11 19:51:19] [INFO] [(26, '不输入wifi名称时的提示语检查 ', 'Pass', '2017-10-11 19:51:02', '2017-10-11 19:51:19', '0:00:17', '')]
[2017-10-11 19:51:22] [INFO] <xlrd.book.Book object at 0x0000000003B4CF60>
[2017-10-11 19:51:23] [INFO] <xlwt.Workbook.Workbook object at 0x0000000003D30DA0>
[2017-10-11 19:51:55] [INFO] [(27, '不输入wifi密码时是否可以保存成功 ', 'Pass', '2017-10-11 19:51:29', '2017-10-11 19:51:55', '0:00:26', '')]
[2017-10-11 19:51:55] [INFO] 测试完成后恢复wifi密码
[2017-10-11 19:52:39] [INFO] [(28, '输入错误格式的wifi 密码，提示语检查 ', 'Pass', '2017-10-11 19:52:05', '2017-10-11 19:52:39', '0:00:34', '')]
[2017-10-11 19:52:39] [INFO] 测试完成恢复wifi密码
[2017-10-11 19:53:05] [INFO] <xlrd.book.Book object at 0x0000000003B4BF60>
[2017-10-11 19:53:05] [INFO] <xlwt.Workbook.Workbook object at 0x0000000003C1AEB8>
[2017-10-11 19:56:26] [INFO] [(29, '是否支持各种格式的wifi密码 ', 'Pass', '2017-10-11 19:53:12', '2017-10-11 19:56:26', '0:03:14', '')]
[2017-10-11 19:56:26] [INFO] 测试完成恢复wifi密码
[2017-10-11 19:56:57] [INFO] <xlrd.book.Book object at 0x0000000003B4BF60>
[2017-10-11 19:56:57] [INFO] <xlwt.Workbook.Workbook object at 0x0000000003C44F28>
[2017-10-11 19:57:29] [INFO] no found
[2017-10-11 19:57:29] [INFO] no found
[2017-10-11 19:57:29] [INFO] no found
[2017-10-11 19:57:29] [INFO] no found
[2017-10-11 19:57:29] [INFO] no found
[2017-10-11 19:57:29] [INFO] no found
[2017-10-11 19:57:29] [INFO] no found
[2017-10-11 19:57:29] [INFO] no found
[2017-10-11 19:57:29] [INFO] no found
[2017-10-11 19:57:29] [INFO] no found
[2017-10-11 19:57:29] [INFO] no found
[2017-10-11 19:57:29] [INFO] no found
[2017-10-11 19:57:29] [INFO] no found
[2017-10-11 19:57:29] [INFO] no found
[2017-10-11 19:57:29] [INFO] no found
[2017-10-11 19:57:29] [INFO] no found
[2017-10-11 19:57:29] [INFO] no found
[2017-10-11 19:57:29] [INFO] no found
[2017-10-11 19:57:29] [INFO] no found
[2017-10-11 19:57:29] [INFO] no found
[2017-10-11 19:57:29] [INFO] no found
[2017-10-11 19:57:29] [INFO] no found
[2017-10-11 19:57:29] [INFO] no found
[2017-10-11 19:57:29] [INFO] no found
[2017-10-11 19:57:29] [INFO] no found
[2017-10-11 19:57:29] [INFO] no found
[2017-10-11 19:57:29] [INFO] no found
[2017-10-11 19:57:29] [INFO] no found
[2017-10-11 19:57:29] [INFO] no found
[2017-10-11 19:57:29] [INFO] no found
[2017-10-11 19:57:29] [INFO] no found
[2017-10-11 19:57:29] [INFO] no found
[2017-10-11 19:57:29] [INFO] no found
[2017-10-11 19:57:29] [INFO] no found
[2017-10-11 19:57:29] [INFO] no found
[2017-10-11 19:57:29] [INFO] no found
[2017-10-11 19:57:29] [INFO] no found
[2017-10-11 19:57:29] [INFO] no found
[2017-10-11 19:57:29] [INFO] no found
[2017-10-11 19:57:29] [INFO] no found
[2017-10-11 19:57:29] [INFO] no found
[2017-10-11 19:57:29] [INFO] no found
[2017-10-11 19:57:29] [INFO] no found
[2017-10-11 19:57:29] [INFO] no found
[2017-10-11 19:57:29] [INFO] no found
[2017-10-11 19:57:29] [INFO] no found
[2017-10-11 19:57:29] [INFO] no found
[2017-10-11 19:57:29] [INFO] no found
[2017-10-11 19:57:29] [INFO] no found
[2017-10-11 19:57:29] [INFO] no found
[2017-10-11 19:57:29] [INFO] no found
[2017-10-11 19:57:29] [INFO] no found
[2017-10-11 19:57:29] [INFO] no found
[2017-10-11 19:57:29] [INFO] no found
[2017-10-11 19:57:29] [INFO] no found
[2017-10-11 19:57:29] [INFO] no found
[2017-10-11 19:57:29] [INFO] no found
[2017-10-11 19:57:29] [INFO] no found
[2017-10-11 19:57:29] [INFO] no found
[2017-10-11 19:57:29] [INFO] no found
[2017-10-11 19:57:29] [INFO] no found
[2017-10-11 19:57:29] [INFO] no found
[2017-10-11 19:57:29] [INFO] no found
[2017-10-11 19:57:29] [INFO] no found
[2017-10-11 19:57:29] [INFO] no found
[2017-10-11 19:57:29] [INFO] no found
[2017-10-11 19:57:29] [INFO] no found
[2017-10-11 19:57:29] [INFO] no found
[2017-10-11 19:57:29] [INFO] no found
[2017-10-11 19:57:29] [INFO] no found
[2017-10-11 19:57:29] [INFO] no found
[2017-10-11 19:57:29] [INFO] no found
[2017-10-11 19:57:29] [INFO] no found
[2017-10-11 19:57:29] [INFO] no found
[2017-10-11 19:57:29] [INFO] no found
[2017-10-11 19:57:29] [INFO] no found
[2017-10-11 19:57:29] [INFO] no found
[2017-10-11 19:57:29] [INFO] no found
[2017-10-11 19:57:29] [INFO] no found
[2017-10-11 19:57:29] [INFO] no found
[2017-10-11 19:57:29] [INFO] no found
[2017-10-11 19:57:29] [INFO] no found
[2017-10-11 19:57:29] [INFO] no found
[2017-10-11 19:57:29] [INFO] no found
[2017-10-11 19:57:29] [INFO] no found
[2017-10-11 19:57:29] [INFO] no found
[2017-10-11 19:57:29] [INFO] no found
[2017-10-11 19:57:29] [INFO] no found
[2017-10-11 19:57:29] [INFO] no found
[2017-10-11 19:57:29] [INFO] no found
[2017-10-11 19:57:29] [INFO] no found
[2017-10-11 19:57:29] [INFO] no found
[2017-10-11 19:57:29] [INFO] no found
[2017-10-11 19:57:29] [INFO] no found
[2017-10-11 19:57:29] [INFO] no found
[2017-10-11 19:57:29] [INFO] no found
[2017-10-11 19:57:29] [INFO] no found
[2017-10-11 19:57:29] [INFO] no found
[2017-10-11 19:57:29] [INFO] no found
[2017-10-11 19:57:29] [INFO] no found
[2017-10-11 19:57:29] [INFO] no found
[2017-10-11 19:57:29] [INFO] no found
[2017-10-11 19:57:29] [INFO] no found
[2017-10-11 19:57:29] [INFO] no found
[2017-10-11 19:57:29] [INFO] no found
[2017-10-11 19:57:29] [INFO] no found
[2017-10-11 19:57:29] [INFO] no found
[2017-10-11 19:57:29] [INFO] no found
[2017-10-11 19:57:29] [INFO] no found
[2017-10-11 19:57:29] [INFO] no found
[2017-10-11 19:57:29] [INFO] no found
[2017-10-11 19:57:29] [INFO] no found
[2017-10-11 19:57:29] [INFO] no found
[2017-10-11 19:57:29] [INFO] no found
[2017-10-11 19:57:29] [INFO] no found
[2017-10-11 19:57:29] [INFO] no found
[2017-10-11 19:57:29] [INFO] no found
[2017-10-11 19:57:29] [INFO] no found
[2017-10-11 19:57:29] [INFO] no found
[2017-10-11 19:57:29] [INFO] no found
[2017-10-11 19:57:29] [INFO] no found
[2017-10-11 19:57:29] [INFO] no found
[2017-10-11 19:57:29] [INFO] no found
[2017-10-11 19:57:29] [INFO] no found
[2017-10-11 19:57:29] [INFO] no found
[2017-10-11 19:57:29] [INFO] no found
[2017-10-11 19:57:29] [INFO] no found
[2017-10-11 19:57:29] [INFO] no found
[2017-10-11 19:57:29] [INFO] no found
[2017-10-11 19:57:29] [INFO] no found
[2017-10-11 19:57:29] [INFO] no found
[2017-10-11 19:57:29] [INFO] no found
[2017-10-11 19:57:29] [INFO] no found
[2017-10-11 19:57:29] [INFO] no found
[2017-10-11 19:57:29] [INFO] no found
[2017-10-11 19:57:29] [INFO] no found
[2017-10-11 19:57:29] [INFO] no found
[2017-10-11 19:57:29] [INFO] no found
[2017-10-11 19:57:29] [INFO] no found
[2017-10-11 19:57:29] [INFO] no found
[2017-10-11 19:57:29] [INFO] no found
[2017-10-11 19:57:29] [INFO] no found
[2017-10-11 19:57:29] [INFO] no found
[2017-10-11 19:57:29] [INFO] no found
[2017-10-11 19:57:29] [INFO] no found
[2017-10-11 19:57:29] [INFO] no found
[2017-10-11 19:57:29] [INFO] no found
[2017-10-11 19:57:29] [INFO] no found
[2017-10-11 19:57:29] [INFO] no found
[2017-10-11 19:57:29] [INFO] [(30, '关闭wifi 后，查看电脑的无线列表 ', 'Pass', '2017-10-11 19:57:04', '2017-10-11 19:57:29', '0:00:25', '')]
[2017-10-11 19:57:29] [INFO] 测试完成后恢复到wifi打开的状态
[2017-10-11 19:57:38] [INFO] <xlrd.book.Book object at 0x0000000003B4BFD0>
[2017-10-11 19:57:38] [INFO] <xlwt.Workbook.Workbook object at 0x0000000003C1A048>
[2017-10-11 19:58:37] [INFO] no found
[2017-10-11 19:58:37] [INFO] no found
[2017-10-11 19:58:37] [INFO] no found
[2017-10-11 19:58:37] [INFO] no found
[2017-10-11 19:58:37] [INFO] no found
[2017-10-11 19:58:37] [INFO] no found
[2017-10-11 19:58:37] [INFO] no found
[2017-10-11 19:58:37] [INFO] no found
[2017-10-11 19:58:37] [INFO] no found
[2017-10-11 19:58:37] [INFO] no found
[2017-10-11 19:58:37] [INFO] no found
[2017-10-11 19:58:37] [INFO] no found
[2017-10-11 19:58:37] [INFO] no found
[2017-10-11 19:58:37] [INFO] no found
[2017-10-11 19:58:37] [INFO] no found
[2017-10-11 19:58:37] [INFO] no found
[2017-10-11 19:58:37] [INFO] no found
[2017-10-11 19:58:37] [INFO] no found
[2017-10-11 19:58:37] [INFO] no found
[2017-10-11 19:58:37] [INFO] no found
[2017-10-11 19:58:37] [INFO] no found
[2017-10-11 19:58:37] [INFO] no found
[2017-10-11 19:58:37] [INFO] no found
[2017-10-11 19:58:37] [INFO] no found
[2017-10-11 19:58:37] [INFO] no found
[2017-10-11 19:58:37] [INFO] no found
[2017-10-11 19:58:37] [INFO] no found
[2017-10-11 19:58:37] [INFO] no found
[2017-10-11 19:58:37] [INFO] no found
[2017-10-11 19:58:37] [INFO] no found
[2017-10-11 19:58:37] [INFO] no found
[2017-10-11 19:58:37] [INFO] no found
[2017-10-11 19:58:37] [INFO] no found
[2017-10-11 19:58:37] [INFO] no found
[2017-10-11 19:58:37] [INFO] no found
[2017-10-11 19:58:37] [INFO] no found
[2017-10-11 19:58:37] [INFO] no found
[2017-10-11 19:58:37] [INFO] no found
[2017-10-11 19:58:37] [INFO] no found
[2017-10-11 19:58:37] [INFO] no found
[2017-10-11 19:58:37] [INFO] no found
[2017-10-11 19:58:37] [INFO] no found
[2017-10-11 19:58:37] [INFO] no found
[2017-10-11 19:58:37] [INFO] no found
[2017-10-11 19:58:37] [INFO] no found
[2017-10-11 19:58:37] [INFO] no found
[2017-10-11 19:58:37] [INFO] no found
[2017-10-11 19:58:37] [INFO] no found
[2017-10-11 19:58:37] [INFO] no found
[2017-10-11 19:58:37] [INFO] no found
[2017-10-11 19:58:37] [INFO] no found
[2017-10-11 19:58:37] [INFO] no found
[2017-10-11 19:58:37] [INFO] no found
[2017-10-11 19:58:37] [INFO] no found
[2017-10-11 19:58:37] [INFO] no found
[2017-10-11 19:58:37] [INFO] no found
[2017-10-11 19:58:37] [INFO] no found
[2017-10-11 19:58:37] [INFO] no found
[2017-10-11 19:58:37] [INFO] no found
[2017-10-11 19:58:37] [INFO] no found
[2017-10-11 19:58:37] [INFO] no found
[2017-10-11 19:58:37] [INFO] no found
[2017-10-11 19:58:37] [INFO] no found
[2017-10-11 19:58:37] [INFO] no found
[2017-10-11 19:58:37] [INFO] no found
[2017-10-11 19:58:37] [INFO] no found
[2017-10-11 19:58:37] [INFO] no found
[2017-10-11 19:58:37] [INFO] no found
[2017-10-11 19:58:37] [INFO] no found
[2017-10-11 19:58:37] [INFO] no found
[2017-10-11 19:58:37] [INFO] no found
[2017-10-11 19:58:37] [INFO] no found
[2017-10-11 19:58:37] [INFO] no found
[2017-10-11 19:58:37] [INFO] no found
[2017-10-11 19:58:37] [INFO] no found
[2017-10-11 19:58:37] [INFO] no found
[2017-10-11 19:58:37] [INFO] no found
[2017-10-11 19:58:37] [INFO] no found
[2017-10-11 19:58:37] [INFO] no found
[2017-10-11 19:58:37] [INFO] no found
[2017-10-11 19:58:37] [INFO] no found
[2017-10-11 19:58:37] [INFO] no found
[2017-10-11 19:58:37] [INFO] no found
[2017-10-11 19:58:37] [INFO] no found
[2017-10-11 19:58:37] [INFO] no found
[2017-10-11 19:58:37] [INFO] no found
[2017-10-11 19:58:37] [INFO] no found
[2017-10-11 19:58:37] [INFO] no found
[2017-10-11 19:58:37] [INFO] no found
[2017-10-11 19:58:37] [INFO] no found
[2017-10-11 19:58:37] [INFO] no found
[2017-10-11 19:58:37] [INFO] no found
[2017-10-11 19:58:37] [INFO] no found
[2017-10-11 19:58:37] [INFO] no found
[2017-10-11 19:58:37] [INFO] no found
[2017-10-11 19:58:37] [INFO] no found
[2017-10-11 19:58:37] [INFO] no found
[2017-10-11 19:58:37] [INFO] no found
[2017-10-11 19:58:37] [INFO] no found
[2017-10-11 19:58:37] [INFO] no found
[2017-10-11 19:58:37] [INFO] no found
[2017-10-11 19:58:37] [INFO] no found
[2017-10-11 19:58:37] [INFO] no found
[2017-10-11 19:58:37] [INFO] no found
[2017-10-11 19:58:37] [INFO] no found
[2017-10-11 19:58:37] [INFO] no found
[2017-10-11 19:58:37] [INFO] no found
[2017-10-11 19:58:37] [INFO] no found
[2017-10-11 19:58:37] [INFO] no found
[2017-10-11 19:58:37] [INFO] no found
[2017-10-11 19:58:37] [INFO] no found
[2017-10-11 19:58:37] [INFO] no found
[2017-10-11 19:58:37] [INFO] no found
[2017-10-11 19:58:37] [INFO] no found
[2017-10-11 19:58:37] [INFO] no found
[2017-10-11 19:58:37] [INFO] no found
[2017-10-11 19:58:37] [INFO] no found
[2017-10-11 19:58:37] [INFO] no found
[2017-10-11 19:58:37] [INFO] no found
[2017-10-11 19:58:37] [INFO] no found
[2017-10-11 19:58:37] [INFO] no found
[2017-10-11 19:58:37] [INFO] no found
[2017-10-11 19:58:37] [INFO] no found
[2017-10-11 19:58:37] [INFO] no found
[2017-10-11 19:58:37] [INFO] no found
[2017-10-11 19:58:37] [INFO] no found
[2017-10-11 19:58:37] [INFO] no found
[2017-10-11 19:58:37] [INFO] no found
[2017-10-11 19:58:37] [INFO] no found
[2017-10-11 19:58:37] [INFO] [(31, '关闭SSID,查看电脑列表能否搜索到wifi名称 ', 'Pass', '2017-10-11 19:57:44', '2017-10-11 19:58:37', '0:00:53', '')]
[2017-10-11 19:58:37] [INFO] 测试完成后关闭ssid隐藏
[2017-10-11 19:59:00] [INFO] <xlrd.book.Book object at 0x0000000003B4AFD0>
[2017-10-11 19:59:00] [INFO] <xlwt.Workbook.Workbook object at 0x0000000003C190B8>
[2017-10-11 19:59:33] [INFO] [(32, '不输入原密码时的提示信息检查 ', 'Pass', '2017-10-11 19:59:07', '2017-10-11 19:59:33', '0:00:26', '')]
[2017-10-11 19:59:36] [INFO] <xlrd.book.Book object at 0x0000000003B82D30>
[2017-10-11 19:59:36] [INFO] <xlwt.Workbook.Workbook object at 0x0000000003C15D68>
[2017-10-11 20:00:12] [INFO] [(33, '不输入新密码时的提示信息检查 ', 'Pass', '2017-10-11 19:59:42', '2017-10-11 20:00:12', '0:00:30', '')]
[2017-10-11 20:00:15] [INFO] <xlrd.book.Book object at 0x0000000003B84D30>
[2017-10-11 20:00:15] [INFO] <xlwt.Workbook.Workbook object at 0x0000000003C9CDD8>
[2017-10-11 20:00:50] [INFO] [(34, '确认密码不输入时提示信息检查 ', 'Pass', '2017-10-11 20:00:22', '2017-10-11 20:00:50', '0:00:28', '')]
[2017-10-11 20:00:53] [INFO] <xlrd.book.Book object at 0x0000000003BBB898>
[2017-10-11 20:00:53] [INFO] <xlwt.Workbook.Workbook object at 0x0000000003C23198>
[2017-10-11 20:01:30] [INFO] [(35, '确认密码与新密码不一致时的提示信息检查 ', 'Pass', '2017-10-11 20:01:01', '2017-10-11 20:01:30', '0:00:29', '')]
[2017-10-11 20:01:33] [INFO] <xlrd.book.Book object at 0x0000000003BBD5C0>
[2017-10-11 20:01:33] [INFO] <xlwt.Workbook.Workbook object at 0x0000000003C24198>
[2017-10-11 20:02:11] [INFO] [(36, '原密码错误时提示信息检查 ', 'Pass', '2017-10-11 20:01:41', '2017-10-11 20:02:11', '0:00:30', '')]
[2017-10-11 20:02:14] [INFO] <xlrd.book.Book object at 0x0000000003BBB8D0>
[2017-10-11 20:02:14] [INFO] <xlwt.Workbook.Workbook object at 0x0000000003CC4208>
[2017-10-11 20:02:50] [INFO] [(37, '新密码格式错误时提示信息检查 ', 'Pass', '2017-10-11 20:02:21', '2017-10-11 20:02:50', '0:00:29', '')]
[2017-10-11 20:02:53] [INFO] <xlrd.book.Book object at 0x0000000003B82D68>
[2017-10-11 20:02:53] [INFO] <xlwt.Workbook.Workbook object at 0x0000000003C1BF60>
[2017-10-11 20:03:59] [INFO] [(38, '修改登录密码查看是否可以登录成功', 'Pass', '2017-10-11 20:03:00', '2017-10-11 20:03:59', '0:00:59', '')]
[2017-10-11 20:03:59] [INFO] 测试完成恢复登录密码
[2017-10-11 20:04:14] [INFO] <xlrd.book.Book object at 0x0000000003B83D30>
[2017-10-11 20:04:14] [INFO] <xlwt.Workbook.Workbook object at 0x0000000003C25D30>
[2017-10-11 20:04:54] [INFO] [(39, '检查时区能否正确改变 ', 'Pass', '2017-10-11 20:04:21', '2017-10-11 20:04:54', '0:00:33', '')]
[2017-10-11 20:04:54] [INFO] 测试完成恢复时区
[2017-10-11 20:05:00] [INFO] <xlrd.book.Book object at 0x0000000003B82CC0>
[2017-10-11 20:05:00] [INFO] <xlwt.Workbook.Workbook object at 0x0000000003C1BD68>
[2017-10-11 20:05:38] [INFO] ./upgrade/upload.exe E:\wifitest\upgrade\eeee.png
[2017-10-11 20:05:38] [INFO] 开始用autoit3脚本控制选择本地文件
[2017-10-11 20:05:52] [INFO] [(40, '上传错误的升级文件时，错误提示 ', 'Pass', '2017-10-11 20:05:07', '2017-10-11 20:05:52', '0:00:45', '')]
[2017-10-11 20:05:55] [INFO] <xlrd.book.Book object at 0x0000000003B82D68>
[2017-10-11 20:05:55] [INFO] <xlwt.Workbook.Workbook object at 0x0000000003C1F048>
[2017-10-11 20:07:53] [INFO] [(41, '重启功能检查 ', 'Pass', '2017-10-11 20:06:00', '2017-10-11 20:07:53', '0:01:53', '')]
[2017-10-11 20:07:56] [INFO] <xlrd.book.Book object at 0x0000000003B82D68>
[2017-10-11 20:07:56] [INFO] <xlwt.Workbook.Workbook object at 0x0000000003C49048>
[2017-10-11 20:08:33] [INFO] [(42, '取消重启检查 ', 'Pass', '2017-10-11 20:08:03', '2017-10-11 20:08:33', '0:00:30', '')]
[2017-10-11 20:08:36] [INFO] <xlrd.book.Book object at 0x0000000003B83D30>
[2017-10-11 20:08:36] [INFO] <xlwt.Workbook.Workbook object at 0x0000000003C1D048>
[2017-10-11 20:08:57] [INFO] [(43, '退出系统 ', 'Pass', '2017-10-11 20:08:42', '2017-10-11 20:08:57', '0:00:15', '')]
[2017-10-11 20:09:00] [INFO] <xlrd.book.Book object at 0x0000000003B835C0>
[2017-10-11 20:09:00] [INFO] <xlwt.Workbook.Workbook object at 0x0000000003C8F160>
[2017-10-11 20:09:01] [INFO] 发送邮件
