[2017-10-13 02:52:05] [INFO] test_goto_login: test START 
[2017-10-13 02:52:09] [INFO] [(1, '登录页面跳转测试 ', 'Pass', '2017-10-13 02:52:05', '2017-10-13 02:52:09', '0:00:04', '')]
[2017-10-13 02:52:12] [INFO] <xlrd.book.Book object at 0x0000000003B845C0>
[2017-10-13 02:52:12] [INFO] <xlwt.Workbook.Workbook object at 0x0000000003C0D0B8>
[2017-10-13 02:52:32] [INFO] [(2, '正确密码是否可成功登录测试 ', 'Pass', '2017-10-13 02:52:17', '2017-10-13 02:52:32', '0:00:15', '')]
[2017-10-13 02:52:35] [INFO] <xlrd.book.Book object at 0x0000000003B85588>
[2017-10-13 02:52:35] [INFO] <xlwt.Workbook.Workbook object at 0x0000000003C0B048>
[2017-10-13 02:52:58] [INFO] [(3, '是否能顺利跳转到wan 界面 ', 'Pass', '2017-10-13 02:52:40', '2017-10-13 02:52:58', '0:00:18', '')]
[2017-10-13 02:53:01] [INFO] <xlrd.book.Book object at 0x0000000003B6B128>
[2017-10-13 02:53:01] [INFO] <xlwt.Workbook.Workbook object at 0x0000000003C0D550>
[2017-10-13 02:53:36] [INFO] 请输入IP地址。
[2017-10-13 02:53:36] [INFO] [(4, '没有IP地址输入时的错误信息提示 ', 'Pass', '2017-10-13 02:53:06', '2017-10-13 02:53:36', '0:00:30', '')]
[2017-10-13 02:53:39] [INFO] <xlrd.book.Book object at 0x0000000003B68160>
[2017-10-13 02:53:39] [INFO] <xlwt.Workbook.Workbook object at 0x0000000003C117B8>
[2017-10-13 02:53:54] [INFO] [(5, '不填写密码时的提示信息是否正确 ', 'Pass', '2017-10-13 02:53:44', '2017-10-13 02:53:54', '0:00:10', '')]
[2017-10-13 02:53:58] [INFO] <xlrd.book.Book object at 0x0000000003B85588>
[2017-10-13 02:53:58] [INFO] <xlwt.Workbook.Workbook object at 0x0000000003BF4198>
[2017-10-13 02:54:12] [INFO] [(6, '登录密码错误时提示信息是否正确 ', 'Pass', '2017-10-13 02:54:04', '2017-10-13 02:54:12', '0:00:08', '')]
[2017-10-13 02:54:15] [INFO] <xlrd.book.Book object at 0x0000000003B85588>
[2017-10-13 02:54:15] [INFO] <xlwt.Workbook.Workbook object at 0x0000000003C0B470>
[2017-10-13 02:54:50] [INFO] 请输入子网掩码。
[2017-10-13 02:54:50] [INFO] [(7, '不输入子网掩码时的错误信息提示 ', 'Pass', '2017-10-13 02:54:20', '2017-10-13 02:54:50', '0:00:30', '')]
[2017-10-13 02:54:53] [INFO] <xlrd.book.Book object at 0x0000000003B69160>
[2017-10-13 02:54:53] [INFO] <xlwt.Workbook.Workbook object at 0x0000000003D129B0>
[2017-10-13 02:55:29] [INFO] 请输入默认网关地址。
[2017-10-13 02:55:29] [INFO] [(8, '不输入默认网关时的错误信息提示 ', 'Pass', '2017-10-13 02:54:59', '2017-10-13 02:55:29', '0:00:30', '')]
[2017-10-13 02:55:32] [INFO] <xlrd.book.Book object at 0x0000000003B6A0F0>
[2017-10-13 02:55:32] [INFO] <xlwt.Workbook.Workbook object at 0x0000000003C179B0>
[2017-10-13 02:56:06] [INFO] IP地址含非法字符，请重新输入。
[2017-10-13 02:56:09] [INFO] IP地址含非法字符，请重新输入。
[2017-10-13 02:56:12] [INFO] IP地址含非法字符，请重新输入。
[2017-10-13 02:56:16] [INFO] IP地址含非法字符，请重新输入。
[2017-10-13 02:56:19] [INFO] IP地址格式错误，请重新输入。
[2017-10-13 02:56:22] [INFO] IP地址含非法字符，请重新输入。
[2017-10-13 02:56:22] [INFO] [(9, '非法格式的IP地址输入时提示信息检查 ', 'Pass', '2017-10-13 02:55:38', '2017-10-13 02:56:22', '0:00:44', '')]
[2017-10-13 02:56:25] [INFO] <xlrd.book.Book object at 0x0000000003B68160>
[2017-10-13 02:56:25] [INFO] <xlwt.Workbook.Workbook object at 0x0000000003C14A58>
[2017-10-13 02:57:01] [INFO] 子网掩码不正确，请重新输入。
[2017-10-13 02:57:06] [INFO] 子网掩码不正确，请重新输入。
[2017-10-13 02:57:11] [INFO] 子网掩码不正确，请重新输入。
[2017-10-13 02:57:17] [INFO] 子网掩码不正确，请重新输入。
[2017-10-13 02:57:22] [INFO] 子网掩码不正确，请重新输入。
[2017-10-13 02:57:27] [INFO] 子网掩码不正确，请重新输入。
[2017-10-13 02:57:27] [INFO] [(10, '非法格式的子网掩码输入时，提示信息检查 ', 'Pass', '2017-10-13 02:56:31', '2017-10-13 02:57:27', '0:00:56', '')]
[2017-10-13 02:57:31] [INFO] <xlrd.book.Book object at 0x0000000003B6A128>
[2017-10-13 02:57:31] [INFO] <xlwt.Workbook.Workbook object at 0x0000000003C1A6A0>
[2017-10-13 02:58:07] [INFO] 默认网关错误，请重新输入。
[2017-10-13 02:58:12] [INFO] 默认网关错误，请重新输入。
[2017-10-13 02:58:17] [INFO] 默认网关错误，请重新输入。
[2017-10-13 02:58:23] [INFO] 默认网关错误，请重新输入。
[2017-10-13 02:58:28] [INFO] 默认网关错误，请重新输入。
[2017-10-13 02:58:33] [INFO] 默认网关错误，请重新输入。
[2017-10-13 02:58:33] [INFO] [(11, '非法格式的默认网关输入时，提示信息检查 ', 'Pass', '2017-10-13 02:57:36', '2017-10-13 02:58:33', '0:00:57', '')]
[2017-10-13 02:58:36] [INFO] <xlrd.book.Book object at 0x0000000003B6A128>
[2017-10-13 02:58:36] [INFO] <xlwt.Workbook.Workbook object at 0x0000000003CAF710>
[2017-10-13 02:59:25] [INFO] [(12, '是否可以成功设置静态IP ', 'Pass', '2017-10-13 02:58:42', '2017-10-13 02:59:25', '0:00:43', '')]
[2017-10-13 02:59:25] [INFO] 测试完成后将上网方式恢复为自动获取
[2017-10-13 02:59:48] [INFO] <xlrd.book.Book object at 0x0000000003B6A0F0>
[2017-10-13 02:59:48] [INFO] <xlwt.Workbook.Workbook object at 0x0000000003C1ABA8>
[2017-10-13 03:00:17] [INFO] [(13, '是否能顺利跳转到lan页面 ', 'Pass', '2017-10-13 02:59:55', '2017-10-13 03:00:17', '0:00:22', '')]
[2017-10-13 03:00:20] [INFO] <xlrd.book.Book object at 0x0000000003B68470>
[2017-10-13 03:00:20] [INFO] <xlwt.Workbook.Workbook object at 0x0000000003C0BCF8>
[2017-10-13 03:00:44] [INFO] 默认的局域网地址:
[2017-10-13 03:00:44] [INFO] 默认的dhcp状态是：checkbox_off
[2017-10-13 03:00:44] [INFO] 默认的初始IP地址池：
[2017-10-13 03:00:44] [INFO] 默认的结束IP地址池： 
[2017-10-13 03:00:44] [INFO] [(14, 'lan页面默认项检查 ', 'Pass', '2017-10-13 03:00:26', '2017-10-13 03:00:44', '0:00:18', '')]
[2017-10-13 03:00:47] [INFO] <xlrd.book.Book object at 0x0000000003B68390>
[2017-10-13 03:00:47] [INFO] <xlwt.Workbook.Workbook object at 0x0000000003C8CD68>
[2017-10-13 03:01:21] [INFO] [(15, 'lan页面不输入局域网地址时的提示语检查 ', 'Pass', '2017-10-13 03:00:53', '2017-10-13 03:01:21', '0:00:28', '')]
[2017-10-13 03:01:24] [INFO] <xlrd.book.Book object at 0x0000000003B683C8>
[2017-10-13 03:01:24] [INFO] <xlwt.Workbook.Workbook object at 0x00000000044A0DA0>
[2017-10-13 03:01:55] [INFO] IP地址含非法字符，请重新输入。
[2017-10-13 03:01:57] [INFO] IP地址含非法字符，请重新输入。
[2017-10-13 03:01:59] [INFO] IP地址含非法字符，请重新输入。
[2017-10-13 03:02:01] [INFO] IP地址含非法字符，请重新输入。
[2017-10-13 03:02:04] [INFO] IP地址格式错误，请重新输入。
[2017-10-13 03:02:06] [INFO] IP地址含非法字符，请重新输入。
[2017-10-13 03:02:06] [INFO] [(16, 'lan页面输入格式错误的局域网地址时的提示语检查 ', 'Pass', '2017-10-13 03:01:30', '2017-10-13 03:02:06', '0:00:36', '')]
[2017-10-13 03:02:09] [INFO] <xlrd.book.Book object at 0x0000000003B683C8>
[2017-10-13 03:02:09] [INFO] <xlwt.Workbook.Workbook object at 0x0000000003C94EB8>
[2017-10-13 03:03:45] [INFO] [(17, 'lan页面修改局域网地址是否可以成功 ', 'Pass', '2017-10-13 03:02:14', '2017-10-13 03:03:45', '0:01:31', '')]
[2017-10-13 03:03:45] [INFO] 测试完成后修改到原来的IP
[2017-10-13 03:05:01] [INFO] <xlrd.book.Book object at 0x0000000003B68400>
[2017-10-13 03:05:01] [INFO] <xlwt.Workbook.Workbook object at 0x0000000003C4FC88>
[2017-10-13 03:05:40] [INFO] 地址池开始值错误，请重新输入。
[2017-10-13 03:05:40] [INFO] [(18, '开始IP地址非法时提示信息检查 ', 'Pass', '2017-10-13 03:05:07', '2017-10-13 03:05:40', '0:00:33', '')]
[2017-10-13 03:05:43] [INFO] <xlrd.book.Book object at 0x0000000003B68400>
[2017-10-13 03:05:43] [INFO] <xlwt.Workbook.Workbook object at 0x0000000003C16080>
[2017-10-13 03:06:19] [INFO] 地址池结束值错误，请重新输入。
[2017-10-13 03:06:19] [INFO] [(19, '结束IP地址非法时提示信息检查 ', 'Pass', '2017-10-13 03:05:49', '2017-10-13 03:06:19', '0:00:30', '')]
[2017-10-13 03:06:23] [INFO] <xlrd.book.Book object at 0x0000000003B683C8>
[2017-10-13 03:06:23] [INFO] <xlwt.Workbook.Workbook object at 0x0000000003DC60B8>
[2017-10-13 03:07:01] [INFO] 地址池结束值不能小于开始值，请重新输入。
[2017-10-13 03:07:01] [INFO] [(20, '开始IP地址大于结束IP地址时，提示语检查 ', 'Pass', '2017-10-13 03:06:28', '2017-10-13 03:07:01', '0:00:33', '')]
[2017-10-13 03:07:04] [INFO] <xlrd.book.Book object at 0x0000000003B68390>
[2017-10-13 03:07:04] [INFO] <xlwt.Workbook.Workbook object at 0x0000000003C160F0>
[2017-10-13 03:07:48] [INFO] [(21, '开始ip地址和结束IP地址都合法时，是否可以成功保存 ', 'Pass', '2017-10-13 03:07:09', '2017-10-13 03:07:48', '0:00:39', '')]
[2017-10-13 03:07:51] [INFO] <xlrd.book.Book object at 0x0000000003B68400>
[2017-10-13 03:07:51] [INFO] <xlwt.Workbook.Workbook object at 0x0000000003C96198>
[2017-10-13 03:08:25] [INFO] [(22, 'DHCP 能否被正确关闭 ', 'Pass', '2017-10-13 03:07:57', '2017-10-13 03:08:25', '0:00:28', '')]
[2017-10-13 03:08:28] [INFO] <xlrd.book.Book object at 0x0000000003B68358>
[2017-10-13 03:08:28] [INFO] <xlwt.Workbook.Workbook object at 0x0000000003C0DF98>
[2017-10-13 03:08:51] [INFO] [(23, '是否能顺利跳转到无线wifi设置界面 ', 'Pass', '2017-10-13 03:08:33', '2017-10-13 03:08:51', '0:00:18', '')]
[2017-10-13 03:08:54] [INFO] <xlrd.book.Book object at 0x0000000003B4DFD0>
[2017-10-13 03:08:54] [INFO] <xlwt.Workbook.Workbook object at 0x0000000003C8EBA8>
[2017-10-13 03:09:17] [INFO] wifiname:frt_test
[2017-10-13 03:09:17] [INFO] wifiname:iot123321
[2017-10-13 03:09:17] [INFO] [(24, 'wifi页面默认项检查 ', 'Pass', '2017-10-13 03:08:59', '2017-10-13 03:09:17', '0:00:18', '')]
[2017-10-13 03:09:20] [INFO] <xlrd.book.Book object at 0x0000000003B4DF98>
[2017-10-13 03:09:20] [INFO] <xlwt.Workbook.Workbook object at 0x0000000003C0EC50>
[2017-10-13 03:14:07] [INFO] [(25, 'wifi名称各种组合是否支持 ', 'Pass', '2017-10-13 03:09:25', '2017-10-13 03:14:07', '0:04:42', '')]
[2017-10-13 03:14:10] [INFO] <xlrd.book.Book object at 0x0000000003B4DFD0>
[2017-10-13 03:14:10] [INFO] <xlwt.Workbook.Workbook object at 0x0000000003CD1CF8>
[2017-10-13 03:14:34] [INFO] 请输入2.4G无线名称。
[2017-10-13 03:14:34] [INFO] [(26, '不输入wifi名称时的提示语检查 ', 'Pass', '2017-10-13 03:14:16', '2017-10-13 03:14:34', '0:00:18', '')]
[2017-10-13 03:14:37] [INFO] <xlrd.book.Book object at 0x0000000003B4DF98>
[2017-10-13 03:14:37] [INFO] <xlwt.Workbook.Workbook object at 0x0000000003C10DA0>
[2017-10-13 03:15:24] [INFO] [(27, '不输入wifi密码时是否可以保存成功 ', 'Pass', '2017-10-13 03:14:42', '2017-10-13 03:15:24', '0:00:42', '')]
[2017-10-13 03:15:24] [INFO] 测试完成后恢复wifi密码
[2017-10-13 03:15:50] [INFO] <xlrd.book.Book object at 0x0000000003B4CF98>
[2017-10-13 03:15:50] [INFO] <xlwt.Workbook.Workbook object at 0x0000000003C1DF28>
[2017-10-13 03:16:29] [INFO] [(28, '输入错误格式的wifi 密码，提示语检查 ', 'Pass', '2017-10-13 03:15:56', '2017-10-13 03:16:29', '0:00:33', '')]
[2017-10-13 03:16:29] [INFO] 测试完成恢复wifi密码
[2017-10-13 03:16:55] [INFO] <xlrd.book.Book object at 0x0000000003B4CF98>
[2017-10-13 03:16:55] [INFO] <xlwt.Workbook.Workbook object at 0x0000000003C1AEF0>
[2017-10-13 03:20:14] [INFO] [(29, '是否支持各种格式的wifi密码 ', 'Pass', '2017-10-13 03:17:00', '2017-10-13 03:20:14', '0:03:14', '')]
[2017-10-13 03:20:14] [INFO] 测试完成恢复wifi密码
[2017-10-13 03:20:47] [INFO] <xlrd.book.Book object at 0x0000000003B4CF28>
[2017-10-13 03:20:47] [INFO] <xlwt.Workbook.Workbook object at 0x0000000003CC5E80>
[2017-10-13 03:21:18] [INFO] no found
[2017-10-13 03:21:18] [INFO] no found
[2017-10-13 03:21:18] [INFO] no found
[2017-10-13 03:21:18] [INFO] no found
[2017-10-13 03:21:18] [INFO] no found
[2017-10-13 03:21:18] [INFO] no found
[2017-10-13 03:21:18] [INFO] no found
[2017-10-13 03:21:18] [INFO] no found
[2017-10-13 03:21:18] [INFO] no found
[2017-10-13 03:21:18] [INFO] no found
[2017-10-13 03:21:18] [INFO] no found
[2017-10-13 03:21:18] [INFO] no found
[2017-10-13 03:21:18] [INFO] no found
[2017-10-13 03:21:18] [INFO] no found
[2017-10-13 03:21:18] [INFO] no found
[2017-10-13 03:21:18] [INFO] no found
[2017-10-13 03:21:18] [INFO] no found
[2017-10-13 03:21:18] [INFO] no found
[2017-10-13 03:21:18] [INFO] no found
[2017-10-13 03:21:18] [INFO] no found
[2017-10-13 03:21:18] [INFO] no found
[2017-10-13 03:21:18] [INFO] no found
[2017-10-13 03:21:18] [INFO] no found
[2017-10-13 03:21:18] [INFO] no found
[2017-10-13 03:21:18] [INFO] no found
[2017-10-13 03:21:18] [INFO] no found
[2017-10-13 03:21:18] [INFO] no found
[2017-10-13 03:21:18] [INFO] no found
[2017-10-13 03:21:18] [INFO] no found
[2017-10-13 03:21:18] [INFO] no found
[2017-10-13 03:21:18] [INFO] no found
[2017-10-13 03:21:18] [INFO] no found
[2017-10-13 03:21:18] [INFO] no found
[2017-10-13 03:21:18] [INFO] no found
[2017-10-13 03:21:18] [INFO] no found
[2017-10-13 03:21:18] [INFO] no found
[2017-10-13 03:21:18] [INFO] no found
[2017-10-13 03:21:18] [INFO] no found
[2017-10-13 03:21:18] [INFO] no found
[2017-10-13 03:21:18] [INFO] no found
[2017-10-13 03:21:18] [INFO] no found
[2017-10-13 03:21:18] [INFO] no found
[2017-10-13 03:21:18] [INFO] no found
[2017-10-13 03:21:18] [INFO] no found
[2017-10-13 03:21:18] [INFO] no found
[2017-10-13 03:21:18] [INFO] no found
[2017-10-13 03:21:18] [INFO] no found
[2017-10-13 03:21:18] [INFO] no found
[2017-10-13 03:21:18] [INFO] no found
[2017-10-13 03:21:18] [INFO] no found
[2017-10-13 03:21:18] [INFO] no found
[2017-10-13 03:21:18] [INFO] no found
[2017-10-13 03:21:18] [INFO] no found
[2017-10-13 03:21:18] [INFO] no found
[2017-10-13 03:21:18] [INFO] no found
[2017-10-13 03:21:18] [INFO] no found
[2017-10-13 03:21:18] [INFO] no found
[2017-10-13 03:21:18] [INFO] no found
[2017-10-13 03:21:18] [INFO] no found
[2017-10-13 03:21:18] [INFO] no found
[2017-10-13 03:21:18] [INFO] no found
[2017-10-13 03:21:18] [INFO] no found
[2017-10-13 03:21:18] [INFO] no found
[2017-10-13 03:21:18] [INFO] no found
[2017-10-13 03:21:18] [INFO] no found
[2017-10-13 03:21:18] [INFO] no found
[2017-10-13 03:21:18] [INFO] no found
[2017-10-13 03:21:18] [INFO] no found
[2017-10-13 03:21:18] [INFO] no found
[2017-10-13 03:21:18] [INFO] no found
[2017-10-13 03:21:18] [INFO] no found
[2017-10-13 03:21:18] [INFO] no found
[2017-10-13 03:21:18] [INFO] no found
[2017-10-13 03:21:18] [INFO] no found
[2017-10-13 03:21:18] [INFO] no found
[2017-10-13 03:21:18] [INFO] no found
[2017-10-13 03:21:18] [INFO] no found
[2017-10-13 03:21:18] [INFO] no found
[2017-10-13 03:21:18] [INFO] no found
[2017-10-13 03:21:18] [INFO] no found
[2017-10-13 03:21:18] [INFO] no found
[2017-10-13 03:21:18] [INFO] no found
[2017-10-13 03:21:18] [INFO] no found
[2017-10-13 03:21:18] [INFO] no found
[2017-10-13 03:21:18] [INFO] no found
[2017-10-13 03:21:18] [INFO] no found
[2017-10-13 03:21:18] [INFO] no found
[2017-10-13 03:21:18] [INFO] no found
[2017-10-13 03:21:18] [INFO] no found
[2017-10-13 03:21:18] [INFO] no found
[2017-10-13 03:21:18] [INFO] no found
[2017-10-13 03:21:18] [INFO] no found
[2017-10-13 03:21:18] [INFO] no found
[2017-10-13 03:21:18] [INFO] no found
[2017-10-13 03:21:18] [INFO] no found
[2017-10-13 03:21:18] [INFO] no found
[2017-10-13 03:21:18] [INFO] no found
[2017-10-13 03:21:18] [INFO] no found
[2017-10-13 03:21:18] [INFO] no found
[2017-10-13 03:21:18] [INFO] no found
[2017-10-13 03:21:18] [INFO] no found
[2017-10-13 03:21:18] [INFO] no found
[2017-10-13 03:21:18] [INFO] no found
[2017-10-13 03:21:18] [INFO] no found
[2017-10-13 03:21:18] [INFO] no found
[2017-10-13 03:21:18] [INFO] no found
[2017-10-13 03:21:18] [INFO] no found
[2017-10-13 03:21:18] [INFO] no found
[2017-10-13 03:21:18] [INFO] no found
[2017-10-13 03:21:18] [INFO] no found
[2017-10-13 03:21:18] [INFO] no found
[2017-10-13 03:21:18] [INFO] no found
[2017-10-13 03:21:18] [INFO] no found
[2017-10-13 03:21:18] [INFO] no found
[2017-10-13 03:21:18] [INFO] no found
[2017-10-13 03:21:18] [INFO] no found
[2017-10-13 03:21:18] [INFO] no found
[2017-10-13 03:21:18] [INFO] no found
[2017-10-13 03:21:18] [INFO] no found
[2017-10-13 03:21:18] [INFO] no found
[2017-10-13 03:21:18] [INFO] no found
[2017-10-13 03:21:18] [INFO] no found
[2017-10-13 03:21:18] [INFO] no found
[2017-10-13 03:21:18] [INFO] no found
[2017-10-13 03:21:18] [INFO] no found
[2017-10-13 03:21:18] [INFO] no found
[2017-10-13 03:21:18] [INFO] no found
[2017-10-13 03:21:18] [INFO] no found
[2017-10-13 03:21:18] [INFO] no found
[2017-10-13 03:21:18] [INFO] no found
[2017-10-13 03:21:18] [INFO] no found
[2017-10-13 03:21:18] [INFO] no found
[2017-10-13 03:21:18] [INFO] no found
[2017-10-13 03:21:18] [INFO] no found
[2017-10-13 03:21:18] [INFO] no found
[2017-10-13 03:21:18] [INFO] no found
[2017-10-13 03:21:18] [INFO] no found
[2017-10-13 03:21:18] [INFO] no found
[2017-10-13 03:21:18] [INFO] no found
[2017-10-13 03:21:18] [INFO] no found
[2017-10-13 03:21:18] [INFO] no found
[2017-10-13 03:21:18] [INFO] no found
[2017-10-13 03:21:18] [INFO] no found
[2017-10-13 03:21:18] [INFO] no found
[2017-10-13 03:21:18] [INFO] no found
[2017-10-13 03:21:18] [INFO] no found
[2017-10-13 03:21:18] [INFO] no found
[2017-10-13 03:21:18] [INFO] no found
[2017-10-13 03:21:18] [INFO] no found
[2017-10-13 03:21:18] [INFO] [(30, '关闭wifi 后，查看电脑的无线列表 ', 'Pass', '2017-10-13 03:20:52', '2017-10-13 03:21:18', '0:00:26', '')]
[2017-10-13 03:21:18] [INFO] 测试完成后恢复到wifi打开的状态
[2017-10-13 03:21:26] [INFO] <xlrd.book.Book object at 0x0000000003B4BFD0>
[2017-10-13 03:21:26] [INFO] <xlwt.Workbook.Workbook object at 0x0000000003D56F60>
[2017-10-13 03:22:25] [INFO] no found
[2017-10-13 03:22:25] [INFO] no found
[2017-10-13 03:22:25] [INFO] no found
[2017-10-13 03:22:25] [INFO] no found
[2017-10-13 03:22:25] [INFO] no found
[2017-10-13 03:22:25] [INFO] no found
[2017-10-13 03:22:25] [INFO] no found
[2017-10-13 03:22:25] [INFO] no found
[2017-10-13 03:22:25] [INFO] no found
[2017-10-13 03:22:25] [INFO] no found
[2017-10-13 03:22:25] [INFO] no found
[2017-10-13 03:22:25] [INFO] no found
[2017-10-13 03:22:25] [INFO] no found
[2017-10-13 03:22:25] [INFO] no found
[2017-10-13 03:22:25] [INFO] no found
[2017-10-13 03:22:25] [INFO] no found
[2017-10-13 03:22:25] [INFO] no found
[2017-10-13 03:22:25] [INFO] no found
[2017-10-13 03:22:25] [INFO] no found
[2017-10-13 03:22:25] [INFO] no found
[2017-10-13 03:22:25] [INFO] no found
[2017-10-13 03:22:25] [INFO] no found
[2017-10-13 03:22:25] [INFO] no found
[2017-10-13 03:22:25] [INFO] no found
[2017-10-13 03:22:25] [INFO] no found
[2017-10-13 03:22:25] [INFO] no found
[2017-10-13 03:22:25] [INFO] no found
[2017-10-13 03:22:25] [INFO] no found
[2017-10-13 03:22:25] [INFO] no found
[2017-10-13 03:22:25] [INFO] no found
[2017-10-13 03:22:25] [INFO] no found
[2017-10-13 03:22:25] [INFO] no found
[2017-10-13 03:22:25] [INFO] no found
[2017-10-13 03:22:25] [INFO] no found
[2017-10-13 03:22:25] [INFO] no found
[2017-10-13 03:22:25] [INFO] no found
[2017-10-13 03:22:25] [INFO] no found
[2017-10-13 03:22:25] [INFO] no found
[2017-10-13 03:22:25] [INFO] no found
[2017-10-13 03:22:25] [INFO] no found
[2017-10-13 03:22:25] [INFO] no found
[2017-10-13 03:22:25] [INFO] no found
[2017-10-13 03:22:25] [INFO] no found
[2017-10-13 03:22:25] [INFO] no found
[2017-10-13 03:22:25] [INFO] no found
[2017-10-13 03:22:25] [INFO] no found
[2017-10-13 03:22:25] [INFO] no found
[2017-10-13 03:22:25] [INFO] no found
[2017-10-13 03:22:25] [INFO] no found
[2017-10-13 03:22:25] [INFO] no found
[2017-10-13 03:22:25] [INFO] no found
[2017-10-13 03:22:25] [INFO] no found
[2017-10-13 03:22:25] [INFO] no found
[2017-10-13 03:22:25] [INFO] no found
[2017-10-13 03:22:25] [INFO] no found
[2017-10-13 03:22:25] [INFO] no found
[2017-10-13 03:22:25] [INFO] no found
[2017-10-13 03:22:25] [INFO] no found
[2017-10-13 03:22:25] [INFO] no found
[2017-10-13 03:22:25] [INFO] no found
[2017-10-13 03:22:25] [INFO] no found
[2017-10-13 03:22:25] [INFO] no found
[2017-10-13 03:22:25] [INFO] no found
[2017-10-13 03:22:25] [INFO] no found
[2017-10-13 03:22:25] [INFO] no found
[2017-10-13 03:22:25] [INFO] no found
[2017-10-13 03:22:25] [INFO] no found
[2017-10-13 03:22:25] [INFO] no found
[2017-10-13 03:22:25] [INFO] no found
[2017-10-13 03:22:25] [INFO] no found
[2017-10-13 03:22:25] [INFO] no found
[2017-10-13 03:22:25] [INFO] no found
[2017-10-13 03:22:25] [INFO] no found
[2017-10-13 03:22:25] [INFO] no found
[2017-10-13 03:22:25] [INFO] no found
[2017-10-13 03:22:25] [INFO] no found
[2017-10-13 03:22:25] [INFO] no found
[2017-10-13 03:22:25] [INFO] no found
[2017-10-13 03:22:25] [INFO] no found
[2017-10-13 03:22:25] [INFO] no found
[2017-10-13 03:22:25] [INFO] no found
[2017-10-13 03:22:25] [INFO] no found
[2017-10-13 03:22:25] [INFO] no found
[2017-10-13 03:22:25] [INFO] no found
[2017-10-13 03:22:25] [INFO] no found
[2017-10-13 03:22:25] [INFO] no found
[2017-10-13 03:22:25] [INFO] no found
[2017-10-13 03:22:25] [INFO] no found
[2017-10-13 03:22:25] [INFO] no found
[2017-10-13 03:22:25] [INFO] no found
[2017-10-13 03:22:25] [INFO] no found
[2017-10-13 03:22:25] [INFO] no found
[2017-10-13 03:22:25] [INFO] no found
[2017-10-13 03:22:25] [INFO] no found
[2017-10-13 03:22:25] [INFO] no found
[2017-10-13 03:22:25] [INFO] no found
[2017-10-13 03:22:25] [INFO] no found
[2017-10-13 03:22:25] [INFO] no found
[2017-10-13 03:22:25] [INFO] no found
[2017-10-13 03:22:25] [INFO] no found
[2017-10-13 03:22:25] [INFO] no found
[2017-10-13 03:22:25] [INFO] no found
[2017-10-13 03:22:25] [INFO] no found
[2017-10-13 03:22:25] [INFO] no found
[2017-10-13 03:22:25] [INFO] no found
[2017-10-13 03:22:25] [INFO] no found
[2017-10-13 03:22:25] [INFO] no found
[2017-10-13 03:22:25] [INFO] no found
[2017-10-13 03:22:25] [INFO] no found
[2017-10-13 03:22:25] [INFO] no found
[2017-10-13 03:22:25] [INFO] no found
[2017-10-13 03:22:25] [INFO] no found
[2017-10-13 03:22:25] [INFO] no found
[2017-10-13 03:22:25] [INFO] no found
[2017-10-13 03:22:25] [INFO] no found
[2017-10-13 03:22:25] [INFO] no found
[2017-10-13 03:22:25] [INFO] no found
[2017-10-13 03:22:25] [INFO] no found
[2017-10-13 03:22:25] [INFO] no found
[2017-10-13 03:22:25] [INFO] no found
[2017-10-13 03:22:25] [INFO] no found
[2017-10-13 03:22:25] [INFO] no found
[2017-10-13 03:22:25] [INFO] no found
[2017-10-13 03:22:25] [INFO] no found
[2017-10-13 03:22:25] [INFO] no found
[2017-10-13 03:22:25] [INFO] no found
[2017-10-13 03:22:25] [INFO] no found
[2017-10-13 03:22:25] [INFO] no found
[2017-10-13 03:22:25] [INFO] no found
[2017-10-13 03:22:25] [INFO] no found
[2017-10-13 03:22:25] [INFO] no found
[2017-10-13 03:22:25] [INFO] no found
[2017-10-13 03:22:25] [INFO] no found
[2017-10-13 03:22:25] [INFO] no found
[2017-10-13 03:22:25] [INFO] no found
[2017-10-13 03:22:25] [INFO] no found
[2017-10-13 03:22:25] [INFO] no found
[2017-10-13 03:22:25] [INFO] no found
[2017-10-13 03:22:25] [INFO] no found
[2017-10-13 03:22:25] [INFO] no found
[2017-10-13 03:22:25] [INFO] no found
[2017-10-13 03:22:25] [INFO] no found
[2017-10-13 03:22:25] [INFO] no found
[2017-10-13 03:22:25] [INFO] no found
[2017-10-13 03:22:25] [INFO] no found
[2017-10-13 03:22:25] [INFO] no found
[2017-10-13 03:22:25] [INFO] no found
[2017-10-13 03:22:25] [INFO] no found
[2017-10-13 03:22:25] [INFO] no found
[2017-10-13 03:22:25] [INFO] no found
[2017-10-13 03:22:25] [INFO] no found
[2017-10-13 03:22:25] [INFO] no found
[2017-10-13 03:22:25] [INFO] no found
[2017-10-13 03:22:25] [INFO] no found
[2017-10-13 03:22:25] [INFO] no found
[2017-10-13 03:22:25] [INFO] no found
[2017-10-13 03:22:25] [INFO] no found
[2017-10-13 03:22:25] [INFO] no found
[2017-10-13 03:22:25] [INFO] no found
[2017-10-13 03:22:25] [INFO] [(31, '关闭SSID,查看电脑列表能否搜索到wifi名称 ', 'Pass', '2017-10-13 03:21:31', '2017-10-13 03:22:25', '0:00:54', '')]
[2017-10-13 03:22:25] [INFO] 测试完成后关闭ssid隐藏
[2017-10-13 03:22:48] [INFO] <xlrd.book.Book object at 0x0000000003B4BF98>
[2017-10-13 03:22:48] [INFO] <xlwt.Workbook.Workbook object at 0x0000000003C9B048>
[2017-10-13 03:23:20] [INFO] [(32, '不输入原密码时的提示信息检查 ', 'Pass', '2017-10-13 03:22:54', '2017-10-13 03:23:20', '0:00:26', '')]
[2017-10-13 03:23:23] [INFO] <xlrd.book.Book object at 0x0000000003B82D68>
[2017-10-13 03:23:23] [INFO] <xlwt.Workbook.Workbook object at 0x0000000003CC6CF8>
[2017-10-13 03:23:57] [INFO] [(33, '不输入新密码时的提示信息检查 ', 'Pass', '2017-10-13 03:23:28', '2017-10-13 03:23:57', '0:00:29', '')]
[2017-10-13 03:24:00] [INFO] <xlrd.book.Book object at 0x0000000003B83D68>
[2017-10-13 03:24:00] [INFO] <xlwt.Workbook.Workbook object at 0x0000000003C1CDA0>
[2017-10-13 03:24:34] [INFO] [(34, '确认密码不输入时提示信息检查 ', 'Pass', '2017-10-13 03:24:06', '2017-10-13 03:24:34', '0:00:28', '')]
[2017-10-13 03:24:37] [INFO] <xlrd.book.Book object at 0x0000000003BBA6A0>
[2017-10-13 03:24:37] [INFO] <xlwt.Workbook.Workbook object at 0x0000000003C23160>
[2017-10-13 03:25:11] [INFO] [(35, '确认密码与新密码不一致时的提示信息检查 ', 'Pass', '2017-10-13 03:24:43', '2017-10-13 03:25:11', '0:00:28', '')]
[2017-10-13 03:25:14] [INFO] <xlrd.book.Book object at 0x0000000003BBB630>
[2017-10-13 03:25:14] [INFO] <xlwt.Workbook.Workbook object at 0x0000000003C241D0>
[2017-10-13 03:25:48] [INFO] [(36, '原密码错误时提示信息检查 ', 'Pass', '2017-10-13 03:25:20', '2017-10-13 03:25:48', '0:00:28', '')]
[2017-10-13 03:25:51] [INFO] <xlrd.book.Book object at 0x0000000003BBA860>
[2017-10-13 03:25:51] [INFO] <xlwt.Workbook.Workbook object at 0x0000000003C24208>
[2017-10-13 03:26:25] [INFO] [(37, '新密码格式错误时提示信息检查 ', 'Pass', '2017-10-13 03:25:57', '2017-10-13 03:26:25', '0:00:28', '')]
[2017-10-13 03:26:28] [INFO] <xlrd.book.Book object at 0x0000000003B83D30>
[2017-10-13 03:26:28] [INFO] <xlwt.Workbook.Workbook object at 0x0000000003C9CEB8>
[2017-10-13 03:27:32] [INFO] [(38, '修改登录密码查看是否可以登录成功', 'Pass', '2017-10-13 03:26:33', '2017-10-13 03:27:32', '0:00:59', '')]
[2017-10-13 03:27:32] [INFO] 测试完成恢复登录密码
[2017-10-13 03:27:47] [INFO] <xlrd.book.Book object at 0x0000000003B83CF8>
[2017-10-13 03:27:47] [INFO] <xlwt.Workbook.Workbook object at 0x0000000003C25C88>
[2017-10-13 03:28:26] [INFO] [(39, '检查时区能否正确改变 ', 'Pass', '2017-10-13 03:27:53', '2017-10-13 03:28:26', '0:00:33', '')]
[2017-10-13 03:28:26] [INFO] 测试完成恢复时区
[2017-10-13 03:28:31] [INFO] <xlrd.book.Book object at 0x0000000003B82D68>
[2017-10-13 03:28:31] [INFO] <xlwt.Workbook.Workbook object at 0x0000000003C1BD68>
[2017-10-13 03:29:08] [INFO] ./upgrade/upload.exe E:\wifitest\upgrade\eeee.png
[2017-10-13 03:29:08] [INFO] 开始用autoit3脚本控制选择本地文件
[2017-10-13 03:29:21] [INFO] [(40, '上传错误的升级文件时，错误提示 ', 'Pass', '2017-10-13 03:28:36', '2017-10-13 03:29:21', '0:00:45', '')]
[2017-10-13 03:29:24] [INFO] <xlrd.book.Book object at 0x0000000003B82DA0>
[2017-10-13 03:29:24] [INFO] <xlwt.Workbook.Workbook object at 0x0000000003CD0048>
[2017-10-13 03:31:23] [INFO] [(41, '重启功能检查 ', 'Pass', '2017-10-13 03:29:30', '2017-10-13 03:31:23', '0:01:53', '')]
[2017-10-13 03:31:26] [INFO] <xlrd.book.Book object at 0x0000000003B83D30>
[2017-10-13 03:31:26] [INFO] <xlwt.Workbook.Workbook object at 0x0000000003D76F60>
[2017-10-13 03:32:01] [INFO] [(42, '取消重启检查 ', 'Pass', '2017-10-13 03:31:32', '2017-10-13 03:32:01', '0:00:29', '')]
[2017-10-13 03:32:04] [INFO] <xlrd.book.Book object at 0x0000000003B84CF8>
[2017-10-13 03:32:04] [INFO] <xlwt.Workbook.Workbook object at 0x0000000003CAAF98>
[2017-10-13 03:32:27] [INFO] [(43, '退出系统 ', 'Pass', '2017-10-13 03:32:12', '2017-10-13 03:32:27', '0:00:15', '')]
[2017-10-13 03:32:30] [INFO] <xlrd.book.Book object at 0x0000000003B835F8>
[2017-10-13 03:32:30] [INFO] <xlwt.Workbook.Workbook object at 0x0000000003C0F198>
[2017-10-13 03:32:30] [INFO] 发送邮件
