[2017-10-10 23:08:58] [INFO] test_goto_login: test START 
[2017-10-10 23:09:01] [INFO] [(1, '登录页面跳转测试 ', 'Pass', '2017-10-10 23:08:58', '2017-10-10 23:09:01', '0:00:03', '')]
[2017-10-10 23:09:04] [INFO] <xlrd.book.Book object at 0x0000000003B826A0>
[2017-10-10 23:09:04] [INFO] <xlwt.Workbook.Workbook object at 0x0000000003C0C160>
[2017-10-10 23:09:24] [INFO] [(2, '正确密码是否可成功登录测试 ', 'Pass', '2017-10-10 23:09:10', '2017-10-10 23:09:24', '0:00:14', '')]
[2017-10-10 23:09:27] [INFO] <xlrd.book.Book object at 0x0000000003B83668>
[2017-10-10 23:09:27] [INFO] <xlwt.Workbook.Workbook object at 0x0000000003C0A0F0>
[2017-10-10 23:09:50] [INFO] [(3, '是否能顺利跳转到wan 界面 ', 'Pass', '2017-10-10 23:09:32', '2017-10-10 23:09:50', '0:00:18', '')]
[2017-10-10 23:09:53] [INFO] <xlrd.book.Book object at 0x0000000003B69278>
[2017-10-10 23:09:53] [INFO] <xlwt.Workbook.Workbook object at 0x0000000003C0D6D8>
[2017-10-10 23:10:28] [INFO] 请输入IP地址。
[2017-10-10 23:10:28] [INFO] [(4, '没有IP地址输入时的错误信息提示 ', 'Pass', '2017-10-10 23:09:58', '2017-10-10 23:10:28', '0:00:30', '')]
[2017-10-10 23:10:31] [INFO] <xlrd.book.Book object at 0x0000000003B68240>
[2017-10-10 23:10:31] [INFO] <xlwt.Workbook.Workbook object at 0x0000000003C10908>
[2017-10-10 23:10:44] [INFO] [(5, '不填写密码时的提示信息是否正确 ', 'Pass', '2017-10-10 23:10:36', '2017-10-10 23:10:44', '0:00:08', '')]
[2017-10-10 23:10:47] [INFO] <xlrd.book.Book object at 0x0000000003B83668>
[2017-10-10 23:10:47] [INFO] <xlwt.Workbook.Workbook object at 0x0000000003CA4160>
[2017-10-10 23:11:00] [INFO] [(6, '登录密码错误时提示信息是否正确 ', 'Pass', '2017-10-10 23:10:53', '2017-10-10 23:11:00', '0:00:07', '')]
[2017-10-10 23:11:03] [INFO] <xlrd.book.Book object at 0x0000000003B83668>
[2017-10-10 23:11:03] [INFO] <xlwt.Workbook.Workbook object at 0x0000000003C0A4E0>
[2017-10-10 23:11:40] [INFO] 请输入子网掩码。
[2017-10-10 23:11:40] [INFO] [(7, '不输入子网掩码时的错误信息提示 ', 'Pass', '2017-10-10 23:11:09', '2017-10-10 23:11:40', '0:00:31', '')]
[2017-10-10 23:11:43] [INFO] <xlrd.book.Book object at 0x0000000003B68240>
[2017-10-10 23:11:43] [INFO] <xlwt.Workbook.Workbook object at 0x0000000003C13A90>
[2017-10-10 23:12:20] [INFO] 请输入默认网关地址。
[2017-10-10 23:12:20] [INFO] [(8, '不输入默认网关时的错误信息提示 ', 'Pass', '2017-10-10 23:11:50', '2017-10-10 23:12:20', '0:00:30', '')]
[2017-10-10 23:12:23] [INFO] <xlrd.book.Book object at 0x0000000003B681D0>
[2017-10-10 23:12:23] [INFO] <xlwt.Workbook.Workbook object at 0x0000000003C16AC8>
[2017-10-10 23:12:58] [INFO] IP地址含非法字符，请重新输入。
[2017-10-10 23:13:01] [INFO] IP地址含非法字符，请重新输入。
[2017-10-10 23:13:04] [INFO] IP地址含非法字符，请重新输入。
[2017-10-10 23:13:08] [INFO] IP地址含非法字符，请重新输入。
[2017-10-10 23:13:11] [INFO] IP地址格式错误，请重新输入。
[2017-10-10 23:13:14] [INFO] IP地址含非法字符，请重新输入。
[2017-10-10 23:13:14] [INFO] [(9, '非法格式的IP地址输入时提示信息检查 ', 'Pass', '2017-10-10 23:12:30', '2017-10-10 23:13:14', '0:00:44', '')]
[2017-10-10 23:13:17] [INFO] <xlrd.book.Book object at 0x0000000003B68208>
[2017-10-10 23:13:17] [INFO] <xlwt.Workbook.Workbook object at 0x0000000003CB5B38>
[2017-10-10 23:13:54] [INFO] 子网掩码不正确，请重新输入。
[2017-10-10 23:13:59] [INFO] 子网掩码不正确，请重新输入。
[2017-10-10 23:14:04] [INFO] 子网掩码不正确，请重新输入。
[2017-10-10 23:14:10] [INFO] 子网掩码不正确，请重新输入。
[2017-10-10 23:14:15] [INFO] 子网掩码不正确，请重新输入。
[2017-10-10 23:14:20] [INFO] 子网掩码不正确，请重新输入。
[2017-10-10 23:14:20] [INFO] [(10, '非法格式的子网掩码输入时，提示信息检查 ', 'Pass', '2017-10-10 23:13:23', '2017-10-10 23:14:20', '0:00:57', '')]
[2017-10-10 23:14:23] [INFO] <xlrd.book.Book object at 0x0000000003B68208>
[2017-10-10 23:14:23] [INFO] <xlwt.Workbook.Workbook object at 0x0000000003C1C780>
[2017-10-10 23:15:00] [INFO] 默认网关错误，请重新输入。
[2017-10-10 23:15:05] [INFO] 默认网关错误，请重新输入。
[2017-10-10 23:15:11] [INFO] 默认网关错误，请重新输入。
[2017-10-10 23:15:16] [INFO] 默认网关错误，请重新输入。
[2017-10-10 23:15:21] [INFO] 默认网关错误，请重新输入。
[2017-10-10 23:15:26] [INFO] 默认网关错误，请重新输入。
[2017-10-10 23:15:26] [INFO] [(11, '非法格式的默认网关输入时，提示信息检查 ', 'Pass', '2017-10-10 23:14:29', '2017-10-10 23:15:26', '0:00:57', '')]
[2017-10-10 23:15:30] [INFO] <xlrd.book.Book object at 0x0000000003B68208>
[2017-10-10 23:15:30] [INFO] <xlwt.Workbook.Workbook object at 0x0000000003CB0828>
[2017-10-10 23:16:19] [INFO] [(12, '是否可以成功设置静态IP ', 'Pass', '2017-10-10 23:15:36', '2017-10-10 23:16:19', '0:00:43', '')]
[2017-10-10 23:16:19] [INFO] 测试完成后将上网方式恢复为自动获取
[2017-10-10 23:16:43] [INFO] <xlrd.book.Book object at 0x0000000003B69198>
[2017-10-10 23:16:43] [INFO] <xlwt.Workbook.Workbook object at 0x0000000003C1AC50>
[2017-10-10 23:17:09] [INFO] [(13, '是否能顺利跳转到lan页面 ', 'Pass', '2017-10-10 23:16:48', '2017-10-10 23:17:09', '0:00:21', '')]
[2017-10-10 23:17:12] [INFO] <xlrd.book.Book object at 0x0000000003B5A518>
[2017-10-10 23:17:12] [INFO] <xlwt.Workbook.Workbook object at 0x0000000003C0BD68>
[2017-10-10 23:17:33] [INFO] 默认的局域网地址:
[2017-10-10 23:17:33] [INFO] 默认的dhcp状态是：checkbox_off
[2017-10-10 23:17:33] [INFO] 默认的初始IP地址池：
[2017-10-10 23:17:33] [INFO] 默认的结束IP地址池： 
[2017-10-10 23:17:33] [INFO] [(14, 'lan页面默认项检查 ', 'Pass', '2017-10-10 23:17:18', '2017-10-10 23:17:33', '0:00:15', '')]
[2017-10-10 23:17:36] [INFO] <xlrd.book.Book object at 0x0000000003B69470>
[2017-10-10 23:17:36] [INFO] <xlwt.Workbook.Workbook object at 0x0000000003CADE10>
[2017-10-10 23:18:07] [INFO] [(15, 'lan页面不输入局域网地址时的提示语检查 ', 'Pass', '2017-10-10 23:17:41', '2017-10-10 23:18:07', '0:00:26', '')]
[2017-10-10 23:18:10] [INFO] <xlrd.book.Book object at 0x0000000003B6A4A8>
[2017-10-10 23:18:10] [INFO] <xlwt.Workbook.Workbook object at 0x0000000003C9EEB8>
[2017-10-10 23:18:39] [INFO] IP地址含非法字符，请重新输入。
[2017-10-10 23:18:41] [INFO] IP地址含非法字符，请重新输入。
[2017-10-10 23:18:44] [INFO] IP地址含非法字符，请重新输入。
[2017-10-10 23:18:46] [INFO] IP地址含非法字符，请重新输入。
[2017-10-10 23:18:48] [INFO] IP地址格式错误，请重新输入。
[2017-10-10 23:18:50] [INFO] IP地址含非法字符，请重新输入。
[2017-10-10 23:18:50] [INFO] [(16, 'lan页面输入格式错误的局域网地址时的提示语检查 ', 'Pass', '2017-10-10 23:18:16', '2017-10-10 23:18:50', '0:00:34', '')]
[2017-10-10 23:18:53] [INFO] <xlrd.book.Book object at 0x0000000003B69438>
[2017-10-10 23:18:53] [INFO] <xlwt.Workbook.Workbook object at 0x0000000003DC5F98>
[2017-10-10 23:20:27] [INFO] [(17, 'lan页面修改局域网地址是否可以成功 ', 'Pass', '2017-10-10 23:18:59', '2017-10-10 23:20:27', '0:01:28', '')]
[2017-10-10 23:20:27] [INFO] 测试完成后修改到原来的IP
[2017-10-10 23:21:43] [INFO] <xlrd.book.Book object at 0x0000000003B694A8>
[2017-10-10 23:21:44] [INFO] <xlwt.Workbook.Workbook object at 0x0000000003D7DDA0>
[2017-10-10 23:22:21] [INFO] 地址池开始值错误，请重新输入。
[2017-10-10 23:22:21] [INFO] [(18, '开始IP地址非法时提示信息检查 ', 'Pass', '2017-10-10 23:21:50', '2017-10-10 23:22:21', '0:00:31', '')]
[2017-10-10 23:22:24] [INFO] <xlrd.book.Book object at 0x0000000003B5A4E0>
[2017-10-10 23:22:24] [INFO] <xlwt.Workbook.Workbook object at 0x0000000003CA6198>
[2017-10-10 23:22:58] [INFO] 地址池结束值错误，请重新输入。
[2017-10-10 23:22:58] [INFO] [(19, '结束IP地址非法时提示信息检查 ', 'Pass', '2017-10-10 23:22:29', '2017-10-10 23:22:58', '0:00:29', '')]
[2017-10-10 23:23:01] [INFO] <xlrd.book.Book object at 0x0000000003B694A8>
[2017-10-10 23:23:01] [INFO] <xlwt.Workbook.Workbook object at 0x0000000003C16198>
[2017-10-10 23:23:38] [INFO] 地址池结束值不能小于开始值，请重新输入。
[2017-10-10 23:23:38] [INFO] [(20, '开始IP地址大于结束IP地址时，提示语检查 ', 'Pass', '2017-10-10 23:23:07', '2017-10-10 23:23:38', '0:00:31', '')]
[2017-10-10 23:23:41] [INFO] <xlrd.book.Book object at 0x0000000003B5A4E0>
[2017-10-10 23:23:41] [INFO] <xlwt.Workbook.Workbook object at 0x0000000003D35240>
[2017-10-10 23:24:22] [INFO] [(21, '开始ip地址和结束IP地址都合法时，是否可以成功保存 ', 'Pass', '2017-10-10 23:23:46', '2017-10-10 23:24:22', '0:00:36', '')]
[2017-10-10 23:24:25] [INFO] <xlrd.book.Book object at 0x0000000003B5A4E0>
[2017-10-10 23:24:25] [INFO] <xlwt.Workbook.Workbook object at 0x0000000003C972E8>
[2017-10-10 23:24:57] [INFO] [(22, 'DHCP 能否被正确关闭 ', 'Pass', '2017-10-10 23:24:31', '2017-10-10 23:24:57', '0:00:26', '')]
[2017-10-10 23:25:00] [INFO] <xlrd.book.Book object at 0x0000000003B69438>
[2017-10-10 23:25:00] [INFO] <xlwt.Workbook.Workbook object at 0x0000000003C93128>
[2017-10-10 23:25:22] [INFO] [(23, '是否能顺利跳转到无线wifi设置界面 ', 'Pass', '2017-10-10 23:25:05', '2017-10-10 23:25:22', '0:00:17', '')]
[2017-10-10 23:25:26] [INFO] <xlrd.book.Book object at 0x0000000003B6D0F0>
[2017-10-10 23:25:26] [INFO] <xlwt.Workbook.Workbook object at 0x0000000003C0CCF8>
[2017-10-10 23:25:48] [INFO] wifiname:frt_test
[2017-10-10 23:25:48] [INFO] wifiname:iot123321
[2017-10-10 23:25:48] [INFO] [(24, 'wifi页面默认项检查 ', 'Pass', '2017-10-10 23:25:31', '2017-10-10 23:25:48', '0:00:17', '')]
[2017-10-10 23:25:51] [INFO] <xlrd.book.Book object at 0x0000000003B6D0B8>
[2017-10-10 23:25:51] [INFO] <xlwt.Workbook.Workbook object at 0x0000000003C0CDA0>
[2017-10-10 23:30:05] [INFO] [(25, 'wifi名称各种组合是否支持 ', 'Pass', '2017-10-10 23:25:57', '2017-10-10 23:30:05', '0:04:08', '')]
[2017-10-10 23:30:08] [INFO] <xlrd.book.Book object at 0x0000000003B6A0F0>
[2017-10-10 23:30:08] [INFO] <xlwt.Workbook.Workbook object at 0x0000000003CF2E10>
[2017-10-10 23:30:31] [INFO] 请输入2.4G无线名称。
[2017-10-10 23:30:31] [INFO] [(26, '不输入wifi名称时的提示语检查 ', 'Pass', '2017-10-10 23:30:14', '2017-10-10 23:30:31', '0:00:17', '')]
[2017-10-10 23:30:34] [INFO] <xlrd.book.Book object at 0x0000000003B6E048>
[2017-10-10 23:30:34] [INFO] <xlwt.Workbook.Workbook object at 0x0000000003C90E80>
[2017-10-10 23:31:22] [INFO] [(27, '不输入wifi密码时是否可以保存成功 ', 'Pass', '2017-10-10 23:30:39', '2017-10-10 23:31:22', '0:00:43', '')]
[2017-10-10 23:31:22] [INFO] 测试完成后恢复wifi密码
[2017-10-10 23:31:47] [INFO] <xlrd.book.Book object at 0x0000000003B6E080>
[2017-10-10 23:31:47] [INFO] <xlwt.Workbook.Workbook object at 0x0000000003CD3080>
[2017-10-10 23:32:26] [INFO] [(28, '输入错误格式的wifi 密码，提示语检查 ', 'Pass', '2017-10-10 23:31:52', '2017-10-10 23:32:26', '0:00:34', '')]
[2017-10-10 23:32:26] [INFO] 测试完成恢复wifi密码
[2017-10-10 23:32:52] [INFO] <xlrd.book.Book object at 0x0000000003B6E080>
[2017-10-10 23:32:52] [INFO] <xlwt.Workbook.Workbook object at 0x0000000003C9F048>
[2017-10-10 23:35:49] [INFO] [(29, '是否支持各种格式的wifi密码 ', 'Pass', '2017-10-10 23:32:57', '2017-10-10 23:35:49', '0:02:52', '')]
[2017-10-10 23:35:49] [INFO] 测试完成恢复wifi密码
[2017-10-10 23:36:15] [INFO] <xlrd.book.Book object at 0x0000000003B4EFD0>
[2017-10-10 23:36:15] [INFO] <xlwt.Workbook.Workbook object at 0x0000000003CC7048>
[2017-10-10 23:36:45] [INFO] no found
[2017-10-10 23:36:45] [INFO] no found
[2017-10-10 23:36:45] [INFO] no found
[2017-10-10 23:36:45] [INFO] no found
[2017-10-10 23:36:45] [INFO] no found
[2017-10-10 23:36:45] [INFO] no found
[2017-10-10 23:36:45] [INFO] no found
[2017-10-10 23:36:45] [INFO] no found
[2017-10-10 23:36:45] [INFO] no found
[2017-10-10 23:36:45] [INFO] no found
[2017-10-10 23:36:45] [INFO] no found
[2017-10-10 23:36:45] [INFO] no found
[2017-10-10 23:36:45] [INFO] no found
[2017-10-10 23:36:45] [INFO] no found
[2017-10-10 23:36:45] [INFO] no found
[2017-10-10 23:36:45] [INFO] no found
[2017-10-10 23:36:45] [INFO] no found
[2017-10-10 23:36:45] [INFO] no found
[2017-10-10 23:36:45] [INFO] no found
[2017-10-10 23:36:45] [INFO] no found
[2017-10-10 23:36:45] [INFO] no found
[2017-10-10 23:36:45] [INFO] no found
[2017-10-10 23:36:45] [INFO] no found
[2017-10-10 23:36:45] [INFO] no found
[2017-10-10 23:36:45] [INFO] no found
[2017-10-10 23:36:45] [INFO] no found
[2017-10-10 23:36:45] [INFO] no found
[2017-10-10 23:36:45] [INFO] no found
[2017-10-10 23:36:45] [INFO] no found
[2017-10-10 23:36:45] [INFO] no found
[2017-10-10 23:36:45] [INFO] no found
[2017-10-10 23:36:45] [INFO] no found
[2017-10-10 23:36:45] [INFO] no found
[2017-10-10 23:36:45] [INFO] no found
[2017-10-10 23:36:45] [INFO] no found
[2017-10-10 23:36:45] [INFO] no found
[2017-10-10 23:36:45] [INFO] no found
[2017-10-10 23:36:45] [INFO] no found
[2017-10-10 23:36:45] [INFO] no found
[2017-10-10 23:36:45] [INFO] no found
[2017-10-10 23:36:45] [INFO] no found
[2017-10-10 23:36:45] [INFO] no found
[2017-10-10 23:36:45] [INFO] no found
[2017-10-10 23:36:45] [INFO] no found
[2017-10-10 23:36:45] [INFO] no found
[2017-10-10 23:36:45] [INFO] no found
[2017-10-10 23:36:45] [INFO] no found
[2017-10-10 23:36:45] [INFO] no found
[2017-10-10 23:36:45] [INFO] no found
[2017-10-10 23:36:45] [INFO] no found
[2017-10-10 23:36:45] [INFO] no found
[2017-10-10 23:36:45] [INFO] no found
[2017-10-10 23:36:45] [INFO] no found
[2017-10-10 23:36:45] [INFO] no found
[2017-10-10 23:36:45] [INFO] no found
[2017-10-10 23:36:45] [INFO] no found
[2017-10-10 23:36:45] [INFO] no found
[2017-10-10 23:36:45] [INFO] no found
[2017-10-10 23:36:45] [INFO] no found
[2017-10-10 23:36:45] [INFO] no found
[2017-10-10 23:36:45] [INFO] no found
[2017-10-10 23:36:45] [INFO] no found
[2017-10-10 23:36:45] [INFO] no found
[2017-10-10 23:36:45] [INFO] no found
[2017-10-10 23:36:45] [INFO] no found
[2017-10-10 23:36:45] [INFO] no found
[2017-10-10 23:36:45] [INFO] no found
[2017-10-10 23:36:45] [INFO] no found
[2017-10-10 23:36:45] [INFO] no found
[2017-10-10 23:36:45] [INFO] no found
[2017-10-10 23:36:45] [INFO] no found
[2017-10-10 23:36:45] [INFO] no found
[2017-10-10 23:36:45] [INFO] no found
[2017-10-10 23:36:45] [INFO] no found
[2017-10-10 23:36:45] [INFO] no found
[2017-10-10 23:36:45] [INFO] no found
[2017-10-10 23:36:45] [INFO] no found
[2017-10-10 23:36:45] [INFO] no found
[2017-10-10 23:36:45] [INFO] no found
[2017-10-10 23:36:45] [INFO] no found
[2017-10-10 23:36:45] [INFO] no found
[2017-10-10 23:36:45] [INFO] no found
[2017-10-10 23:36:45] [INFO] no found
[2017-10-10 23:36:45] [INFO] no found
[2017-10-10 23:36:45] [INFO] no found
[2017-10-10 23:36:45] [INFO] no found
[2017-10-10 23:36:45] [INFO] no found
[2017-10-10 23:36:45] [INFO] no found
[2017-10-10 23:36:45] [INFO] no found
[2017-10-10 23:36:45] [INFO] no found
[2017-10-10 23:36:45] [INFO] no found
[2017-10-10 23:36:45] [INFO] no found
[2017-10-10 23:36:45] [INFO] no found
[2017-10-10 23:36:45] [INFO] no found
[2017-10-10 23:36:45] [INFO] no found
[2017-10-10 23:36:45] [INFO] no found
[2017-10-10 23:36:45] [INFO] no found
[2017-10-10 23:36:45] [INFO] no found
[2017-10-10 23:36:45] [INFO] no found
[2017-10-10 23:36:45] [INFO] no found
[2017-10-10 23:36:45] [INFO] no found
[2017-10-10 23:36:45] [INFO] no found
[2017-10-10 23:36:45] [INFO] no found
[2017-10-10 23:36:45] [INFO] no found
[2017-10-10 23:36:45] [INFO] no found
[2017-10-10 23:36:45] [INFO] no found
[2017-10-10 23:36:45] [INFO] no found
[2017-10-10 23:36:45] [INFO] no found
[2017-10-10 23:36:45] [INFO] no found
[2017-10-10 23:36:45] [INFO] no found
[2017-10-10 23:36:45] [INFO] no found
[2017-10-10 23:36:45] [INFO] no found
[2017-10-10 23:36:45] [INFO] no found
[2017-10-10 23:36:45] [INFO] no found
[2017-10-10 23:36:45] [INFO] no found
[2017-10-10 23:36:45] [INFO] no found
[2017-10-10 23:36:45] [INFO] no found
[2017-10-10 23:36:45] [INFO] no found
[2017-10-10 23:36:45] [INFO] no found
[2017-10-10 23:36:45] [INFO] no found
[2017-10-10 23:36:45] [INFO] no found
[2017-10-10 23:36:45] [INFO] no found
[2017-10-10 23:36:45] [INFO] no found
[2017-10-10 23:36:45] [INFO] no found
[2017-10-10 23:36:45] [INFO] no found
[2017-10-10 23:36:45] [INFO] no found
[2017-10-10 23:36:45] [INFO] no found
[2017-10-10 23:36:45] [INFO] no found
[2017-10-10 23:36:45] [INFO] no found
[2017-10-10 23:36:45] [INFO] no found
[2017-10-10 23:36:45] [INFO] no found
[2017-10-10 23:36:45] [INFO] no found
[2017-10-10 23:36:45] [INFO] no found
[2017-10-10 23:36:45] [INFO] no found
[2017-10-10 23:36:45] [INFO] no found
[2017-10-10 23:36:45] [INFO] no found
[2017-10-10 23:36:45] [INFO] no found
[2017-10-10 23:36:45] [INFO] no found
[2017-10-10 23:36:45] [INFO] no found
[2017-10-10 23:36:45] [INFO] no found
[2017-10-10 23:36:45] [INFO] no found
[2017-10-10 23:36:45] [INFO] no found
[2017-10-10 23:36:45] [INFO] no found
[2017-10-10 23:36:45] [INFO] no found
[2017-10-10 23:36:45] [INFO] no found
[2017-10-10 23:36:45] [INFO] no found
[2017-10-10 23:36:45] [INFO] no found
[2017-10-10 23:36:45] [INFO] no found
[2017-10-10 23:36:45] [INFO] no found
[2017-10-10 23:36:45] [INFO] no found
[2017-10-10 23:36:45] [INFO] no found
[2017-10-10 23:36:45] [INFO] no found
[2017-10-10 23:36:45] [INFO] no found
[2017-10-10 23:36:45] [INFO] no found
[2017-10-10 23:36:45] [INFO] [(30, '关闭wifi 后，查看电脑的无线列表 ', 'Pass', '2017-10-10 23:36:20', '2017-10-10 23:36:45', '0:00:25', '')]
[2017-10-10 23:36:45] [INFO] 测试完成后恢复到wifi打开的状态
[2017-10-10 23:36:54] [INFO] <xlrd.book.Book object at 0x0000000003B6D0F0>
[2017-10-10 23:36:54] [INFO] <xlwt.Workbook.Workbook object at 0x0000000003CAD080>
[2017-10-10 23:37:53] [INFO] no found
[2017-10-10 23:37:53] [INFO] no found
[2017-10-10 23:37:53] [INFO] no found
[2017-10-10 23:37:53] [INFO] no found
[2017-10-10 23:37:53] [INFO] no found
[2017-10-10 23:37:53] [INFO] no found
[2017-10-10 23:37:53] [INFO] no found
[2017-10-10 23:37:53] [INFO] no found
[2017-10-10 23:37:53] [INFO] no found
[2017-10-10 23:37:53] [INFO] no found
[2017-10-10 23:37:53] [INFO] no found
[2017-10-10 23:37:53] [INFO] no found
[2017-10-10 23:37:53] [INFO] no found
[2017-10-10 23:37:53] [INFO] no found
[2017-10-10 23:37:53] [INFO] no found
[2017-10-10 23:37:53] [INFO] no found
[2017-10-10 23:37:53] [INFO] no found
[2017-10-10 23:37:53] [INFO] no found
[2017-10-10 23:37:53] [INFO] no found
[2017-10-10 23:37:53] [INFO] no found
[2017-10-10 23:37:53] [INFO] no found
[2017-10-10 23:37:53] [INFO] no found
[2017-10-10 23:37:53] [INFO] no found
[2017-10-10 23:37:53] [INFO] no found
[2017-10-10 23:37:53] [INFO] no found
[2017-10-10 23:37:53] [INFO] no found
[2017-10-10 23:37:53] [INFO] no found
[2017-10-10 23:37:53] [INFO] no found
[2017-10-10 23:37:53] [INFO] no found
[2017-10-10 23:37:53] [INFO] no found
[2017-10-10 23:37:53] [INFO] no found
[2017-10-10 23:37:53] [INFO] no found
[2017-10-10 23:37:53] [INFO] no found
[2017-10-10 23:37:53] [INFO] no found
[2017-10-10 23:37:53] [INFO] no found
[2017-10-10 23:37:53] [INFO] no found
[2017-10-10 23:37:53] [INFO] no found
[2017-10-10 23:37:53] [INFO] no found
[2017-10-10 23:37:53] [INFO] no found
[2017-10-10 23:37:53] [INFO] no found
[2017-10-10 23:37:53] [INFO] no found
[2017-10-10 23:37:53] [INFO] no found
[2017-10-10 23:37:53] [INFO] no found
[2017-10-10 23:37:53] [INFO] no found
[2017-10-10 23:37:53] [INFO] no found
[2017-10-10 23:37:53] [INFO] no found
[2017-10-10 23:37:53] [INFO] no found
[2017-10-10 23:37:53] [INFO] no found
[2017-10-10 23:37:53] [INFO] no found
[2017-10-10 23:37:53] [INFO] no found
[2017-10-10 23:37:53] [INFO] no found
[2017-10-10 23:37:53] [INFO] no found
[2017-10-10 23:37:53] [INFO] no found
[2017-10-10 23:37:53] [INFO] no found
[2017-10-10 23:37:53] [INFO] no found
[2017-10-10 23:37:53] [INFO] no found
[2017-10-10 23:37:53] [INFO] no found
[2017-10-10 23:37:53] [INFO] no found
[2017-10-10 23:37:53] [INFO] no found
[2017-10-10 23:37:53] [INFO] no found
[2017-10-10 23:37:53] [INFO] no found
[2017-10-10 23:37:53] [INFO] no found
[2017-10-10 23:37:53] [INFO] no found
[2017-10-10 23:37:53] [INFO] no found
[2017-10-10 23:37:53] [INFO] no found
[2017-10-10 23:37:53] [INFO] no found
[2017-10-10 23:37:53] [INFO] no found
[2017-10-10 23:37:53] [INFO] no found
[2017-10-10 23:37:53] [INFO] no found
[2017-10-10 23:37:53] [INFO] no found
[2017-10-10 23:37:53] [INFO] no found
[2017-10-10 23:37:53] [INFO] no found
[2017-10-10 23:37:53] [INFO] no found
[2017-10-10 23:37:53] [INFO] no found
[2017-10-10 23:37:53] [INFO] no found
[2017-10-10 23:37:53] [INFO] no found
[2017-10-10 23:37:53] [INFO] no found
[2017-10-10 23:37:53] [INFO] no found
[2017-10-10 23:37:53] [INFO] no found
[2017-10-10 23:37:53] [INFO] no found
[2017-10-10 23:37:53] [INFO] no found
[2017-10-10 23:37:53] [INFO] no found
[2017-10-10 23:37:53] [INFO] no found
[2017-10-10 23:37:53] [INFO] no found
[2017-10-10 23:37:53] [INFO] no found
[2017-10-10 23:37:53] [INFO] no found
[2017-10-10 23:37:53] [INFO] no found
[2017-10-10 23:37:53] [INFO] no found
[2017-10-10 23:37:53] [INFO] no found
[2017-10-10 23:37:53] [INFO] no found
[2017-10-10 23:37:53] [INFO] no found
[2017-10-10 23:37:53] [INFO] no found
[2017-10-10 23:37:53] [INFO] no found
[2017-10-10 23:37:53] [INFO] no found
[2017-10-10 23:37:53] [INFO] no found
[2017-10-10 23:37:53] [INFO] no found
[2017-10-10 23:37:53] [INFO] no found
[2017-10-10 23:37:53] [INFO] no found
[2017-10-10 23:37:53] [INFO] no found
[2017-10-10 23:37:53] [INFO] no found
[2017-10-10 23:37:53] [INFO] no found
[2017-10-10 23:37:53] [INFO] no found
[2017-10-10 23:37:53] [INFO] no found
[2017-10-10 23:37:53] [INFO] no found
[2017-10-10 23:37:53] [INFO] no found
[2017-10-10 23:37:53] [INFO] no found
[2017-10-10 23:37:53] [INFO] no found
[2017-10-10 23:37:53] [INFO] no found
[2017-10-10 23:37:53] [INFO] no found
[2017-10-10 23:37:53] [INFO] no found
[2017-10-10 23:37:53] [INFO] no found
[2017-10-10 23:37:53] [INFO] no found
[2017-10-10 23:37:53] [INFO] no found
[2017-10-10 23:37:53] [INFO] no found
[2017-10-10 23:37:53] [INFO] no found
[2017-10-10 23:37:53] [INFO] no found
[2017-10-10 23:37:53] [INFO] no found
[2017-10-10 23:37:53] [INFO] no found
[2017-10-10 23:37:53] [INFO] no found
[2017-10-10 23:37:53] [INFO] no found
[2017-10-10 23:37:53] [INFO] no found
[2017-10-10 23:37:53] [INFO] no found
[2017-10-10 23:37:53] [INFO] no found
[2017-10-10 23:37:53] [INFO] no found
[2017-10-10 23:37:53] [INFO] no found
[2017-10-10 23:37:53] [INFO] no found
[2017-10-10 23:37:53] [INFO] no found
[2017-10-10 23:37:53] [INFO] no found
[2017-10-10 23:37:53] [INFO] no found
[2017-10-10 23:37:53] [INFO] no found
[2017-10-10 23:37:53] [INFO] no found
[2017-10-10 23:37:53] [INFO] no found
[2017-10-10 23:37:53] [INFO] no found
[2017-10-10 23:37:53] [INFO] no found
[2017-10-10 23:37:53] [INFO] [(31, '关闭SSID,查看电脑列表能否搜索到wifi名称 ', 'Pass', '2017-10-10 23:37:00', '2017-10-10 23:37:53', '0:00:53', '')]
[2017-10-10 23:37:53] [INFO] 测试完成后关闭ssid隐藏
[2017-10-10 23:38:17] [INFO] <xlrd.book.Book object at 0x0000000003B6C0F0>
[2017-10-10 23:38:17] [INFO] <xlwt.Workbook.Workbook object at 0x0000000003CC8128>
[2017-10-10 23:38:45] [INFO] [(32, '不输入原密码时的提示信息检查 ', 'Pass', '2017-10-10 23:38:22', '2017-10-10 23:38:45', '0:00:23', '')]
[2017-10-10 23:38:48] [INFO] <xlrd.book.Book object at 0x0000000003B82DD8>
[2017-10-10 23:38:48] [INFO] <xlwt.Workbook.Workbook object at 0x0000000003C18DA0>
[2017-10-10 23:39:19] [INFO] [(33, '不输入新密码时的提示信息检查 ', 'Pass', '2017-10-10 23:38:53', '2017-10-10 23:39:19', '0:00:26', '')]
[2017-10-10 23:39:22] [INFO] <xlrd.book.Book object at 0x0000000003B83DD8>
[2017-10-10 23:39:22] [INFO] <xlwt.Workbook.Workbook object at 0x0000000003C1CE80>
[2017-10-10 23:39:53] [INFO] [(34, '确认密码不输入时提示信息检查 ', 'Pass', '2017-10-10 23:39:28', '2017-10-10 23:39:53', '0:00:25', '')]
[2017-10-10 23:39:56] [INFO] <xlrd.book.Book object at 0x0000000003BBB940>
[2017-10-10 23:39:56] [INFO] <xlwt.Workbook.Workbook object at 0x0000000003D52208>
[2017-10-10 23:40:27] [INFO] [(35, '确认密码与新密码不一致时的提示信息检查 ', 'Pass', '2017-10-10 23:40:02', '2017-10-10 23:40:27', '0:00:25', '')]
[2017-10-10 23:40:30] [INFO] <xlrd.book.Book object at 0x0000000003BBA710>
[2017-10-10 23:40:30] [INFO] <xlwt.Workbook.Workbook object at 0x0000000003C242E8>
[2017-10-10 23:41:00] [INFO] [(36, '原密码错误时提示信息检查 ', 'Pass', '2017-10-10 23:40:35', '2017-10-10 23:41:00', '0:00:25', '')]
[2017-10-10 23:41:03] [INFO] <xlrd.book.Book object at 0x0000000003BBAA20>
[2017-10-10 23:41:03] [INFO] <xlwt.Workbook.Workbook object at 0x0000000003CA4320>
[2017-10-10 23:41:33] [INFO] [(37, '新密码格式错误时提示信息检查 ', 'Pass', '2017-10-10 23:41:08', '2017-10-10 23:41:33', '0:00:25', '')]
[2017-10-10 23:41:37] [INFO] <xlrd.book.Book object at 0x0000000003B82E80>
[2017-10-10 23:41:37] [INFO] <xlwt.Workbook.Workbook object at 0x0000000003C20080>
[2017-10-10 23:42:38] [INFO] [(38, '修改登录密码查看是否可以登录成功', 'Pass', '2017-10-10 23:41:42', '2017-10-10 23:42:38', '0:00:56', '')]
[2017-10-10 23:42:38] [INFO] 测试完成恢复登录密码
[2017-10-10 23:42:53] [INFO] <xlrd.book.Book object at 0x0000000003B82E10>
[2017-10-10 23:42:53] [INFO] <xlwt.Workbook.Workbook object at 0x0000000003CA9DA0>
[2017-10-10 23:43:29] [INFO] [(39, '检查时区能否正确改变 ', 'Pass', '2017-10-10 23:42:58', '2017-10-10 23:43:29', '0:00:31', '')]
[2017-10-10 23:43:29] [INFO] 测试完成恢复时区
[2017-10-10 23:43:34] [INFO] <xlrd.book.Book object at 0x0000000003B83E10>
[2017-10-10 23:43:34] [INFO] <xlwt.Workbook.Workbook object at 0x0000000003C1EE10>
[2017-10-10 23:44:07] [INFO] ./upgrade/upload.exe E:\wifitest\upgrade\eeee.png
[2017-10-10 23:44:07] [INFO] 开始用autoit3脚本控制选择本地文件
[2017-10-10 23:44:20] [INFO] [(41, '重启路由器 ', 'Pass', '2017-10-10 23:43:39', '2017-10-10 23:44:20', '0:00:41', '')]
[2017-10-10 23:44:23] [INFO] <xlrd.book.Book object at 0x0000000003B82DD8>
[2017-10-10 23:44:23] [INFO] <xlwt.Workbook.Workbook object at 0x0000000003C21048>
[2017-10-10 23:46:18] [INFO] [(41, '重启功能检查 ', 'Pass', '2017-10-10 23:44:29', '2017-10-10 23:46:18', '0:01:49', '')]
[2017-10-10 23:46:21] [INFO] <xlrd.book.Book object at 0x0000000003B82E48>
[2017-10-10 23:46:21] [INFO] <xlwt.Workbook.Workbook object at 0x0000000003C4C0F0>
[2017-10-10 23:46:53] [INFO] [(42, '取消重启检查 ', 'Pass', '2017-10-10 23:46:27', '2017-10-10 23:46:53', '0:00:26', '')]
[2017-10-10 23:46:56] [INFO] <xlrd.book.Book object at 0x0000000003B82E48>
[2017-10-10 23:46:56] [INFO] <xlwt.Workbook.Workbook object at 0x0000000003C1F128>
[2017-10-10 23:47:17] [INFO] [(43, '退出系统 ', 'Pass', '2017-10-10 23:47:01', '2017-10-10 23:47:17', '0:00:16', '')]
[2017-10-10 23:47:20] [INFO] <xlrd.book.Book object at 0x0000000003B826D8>
[2017-10-10 23:47:20] [INFO] <xlwt.Workbook.Workbook object at 0x0000000003C122B0>
[2017-10-10 23:47:20] [INFO] 发送邮件
