[2017-10-11 18:48:24] [INFO] test_goto_login: test START 
[2017-10-11 18:48:28] [INFO] [(1, '登录页面跳转测试 ', 'Pass', '2017-10-11 18:48:24', '2017-10-11 18:48:28', '0:00:04', '')]
[2017-10-11 18:48:31] [INFO] <xlrd.book.Book object at 0x0000000003B85518>
[2017-10-11 18:48:31] [INFO] <xlwt.Workbook.Workbook object at 0x0000000003C0A048>
[2017-10-11 18:48:50] [INFO] [(2, '正确密码是否可成功登录测试 ', 'Pass', '2017-10-11 18:48:36', '2017-10-11 18:48:50', '0:00:14', '')]
[2017-10-11 18:48:53] [INFO] <xlrd.book.Book object at 0x0000000003B86550>
[2017-10-11 18:48:53] [INFO] <xlwt.Workbook.Workbook object at 0x0000000003C04F60>
[2017-10-11 18:49:16] [INFO] [(3, '是否能顺利跳转到wan 界面 ', 'Pass', '2017-10-11 18:48:59', '2017-10-11 18:49:16', '0:00:17', '')]
[2017-10-11 18:49:19] [INFO] <xlrd.book.Book object at 0x0000000003B68160>
[2017-10-11 18:49:19] [INFO] <xlwt.Workbook.Workbook object at 0x0000000003C8C588>
[2017-10-11 18:49:55] [INFO] 请输入IP地址。
[2017-10-11 18:49:55] [INFO] [(4, '没有IP地址输入时的错误信息提示 ', 'Pass', '2017-10-11 18:49:25', '2017-10-11 18:49:55', '0:00:30', '')]
[2017-10-11 18:49:58] [INFO] <xlrd.book.Book object at 0x0000000003B6A128>
[2017-10-11 18:49:58] [INFO] <xlwt.Workbook.Workbook object at 0x0000000003C127B8>
[2017-10-11 18:50:14] [INFO] [(5, '不填写密码时的提示信息是否正确 ', 'Pass', '2017-10-11 18:50:04', '2017-10-11 18:50:14', '0:00:10', '')]
[2017-10-11 18:50:17] [INFO] <xlrd.book.Book object at 0x0000000003B86550>
[2017-10-11 18:50:17] [INFO] <xlwt.Workbook.Workbook object at 0x0000000003C89668>
[2017-10-11 18:50:31] [INFO] [(6, '登录密码错误时提示信息是否正确 ', 'Pass', '2017-10-11 18:50:23', '2017-10-11 18:50:31', '0:00:08', '')]
[2017-10-11 18:50:34] [INFO] <xlrd.book.Book object at 0x0000000003B86550>
[2017-10-11 18:50:34] [INFO] <xlwt.Workbook.Workbook object at 0x0000000003C8A438>
[2017-10-11 18:51:10] [INFO] 请输入子网掩码。
[2017-10-11 18:51:10] [INFO] [(7, '不输入子网掩码时的错误信息提示 ', 'Pass', '2017-10-11 18:50:39', '2017-10-11 18:51:10', '0:00:31', '')]
[2017-10-11 18:51:13] [INFO] <xlrd.book.Book object at 0x0000000003B68128>
[2017-10-11 18:51:13] [INFO] <xlwt.Workbook.Workbook object at 0x0000000003C12978>
[2017-10-11 18:51:50] [INFO] 请输入默认网关地址。
[2017-10-11 18:51:50] [INFO] [(8, '不输入默认网关时的错误信息提示 ', 'Pass', '2017-10-11 18:51:20', '2017-10-11 18:51:50', '0:00:30', '')]
[2017-10-11 18:51:53] [INFO] <xlrd.book.Book object at 0x0000000003B68128>
[2017-10-11 18:51:53] [INFO] <xlwt.Workbook.Workbook object at 0x0000000003C16A58>
[2017-10-11 18:52:28] [INFO] IP地址含非法字符，请重新输入。
[2017-10-11 18:52:31] [INFO] IP地址含非法字符，请重新输入。
[2017-10-11 18:52:35] [INFO] IP地址含非法字符，请重新输入。
[2017-10-11 18:52:38] [INFO] IP地址含非法字符，请重新输入。
[2017-10-11 18:52:41] [INFO] IP地址格式错误，请重新输入。
[2017-10-11 18:52:44] [INFO] IP地址含非法字符，请重新输入。
[2017-10-11 18:52:44] [INFO] [(9, '非法格式的IP地址输入时提示信息检查 ', 'Pass', '2017-10-11 18:52:00', '2017-10-11 18:52:44', '0:00:44', '')]
[2017-10-11 18:52:47] [INFO] <xlrd.book.Book object at 0x0000000003B6A0B8>
[2017-10-11 18:52:47] [INFO] <xlwt.Workbook.Workbook object at 0x0000000003C169B0>
[2017-10-11 18:53:24] [INFO] 子网掩码不正确，请重新输入。
[2017-10-11 18:53:29] [INFO] 子网掩码不正确，请重新输入。
[2017-10-11 18:53:35] [INFO] 子网掩码不正确，请重新输入。
[2017-10-11 18:53:40] [INFO] 子网掩码不正确，请重新输入。
[2017-10-11 18:53:45] [INFO] 子网掩码不正确，请重新输入。
[2017-10-11 18:53:50] [INFO] 子网掩码不正确，请重新输入。
[2017-10-11 18:53:50] [INFO] [(10, '非法格式的子网掩码输入时，提示信息检查 ', 'Pass', '2017-10-11 18:52:53', '2017-10-11 18:53:50', '0:00:57', '')]
[2017-10-11 18:53:53] [INFO] <xlrd.book.Book object at 0x0000000003B6A0F0>
[2017-10-11 18:53:53] [INFO] <xlwt.Workbook.Workbook object at 0x0000000003CB96A0>
[2017-10-11 18:54:30] [INFO] 默认网关错误，请重新输入。
[2017-10-11 18:54:35] [INFO] 默认网关错误，请重新输入。
[2017-10-11 18:54:40] [INFO] 默认网关错误，请重新输入。
[2017-10-11 18:54:46] [INFO] 默认网关错误，请重新输入。
[2017-10-11 18:54:51] [INFO] 默认网关错误，请重新输入。
[2017-10-11 18:54:56] [INFO] 默认网关错误，请重新输入。
[2017-10-11 18:54:56] [INFO] [(11, '非法格式的默认网关输入时，提示信息检查 ', 'Pass', '2017-10-11 18:53:59', '2017-10-11 18:54:56', '0:00:57', '')]
[2017-10-11 18:54:59] [INFO] <xlrd.book.Book object at 0x0000000003B6B080>
[2017-10-11 18:54:59] [INFO] <xlwt.Workbook.Workbook object at 0x0000000003C1F710>
[2017-10-11 18:55:47] [INFO] [(12, '是否可以成功设置静态IP ', 'Pass', '2017-10-11 18:55:05', '2017-10-11 18:55:47', '0:00:42', '')]
[2017-10-11 18:55:47] [INFO] 测试完成后将上网方式恢复为自动获取
[2017-10-11 18:56:11] [INFO] <xlrd.book.Book object at 0x0000000003B6A0B8>
[2017-10-11 18:56:11] [INFO] <xlwt.Workbook.Workbook object at 0x0000000003D59B70>
[2017-10-11 18:56:39] [INFO] [(13, '是否能顺利跳转到lan页面 ', 'Pass', '2017-10-11 18:56:16', '2017-10-11 18:56:39', '0:00:23', '')]
[2017-10-11 18:56:42] [INFO] <xlrd.book.Book object at 0x0000000003B69438>
[2017-10-11 18:56:42] [INFO] <xlwt.Workbook.Workbook object at 0x0000000003C0BC88>
[2017-10-11 18:57:04] [INFO] 默认的局域网地址:
[2017-10-11 18:57:04] [INFO] 默认的dhcp状态是：checkbox_off
[2017-10-11 18:57:04] [INFO] 默认的初始IP地址池：
[2017-10-11 18:57:04] [INFO] 默认的结束IP地址池： 
[2017-10-11 18:57:04] [INFO] [(14, 'lan页面默认项检查 ', 'Pass', '2017-10-11 18:56:47', '2017-10-11 18:57:04', '0:00:17', '')]
[2017-10-11 18:57:07] [INFO] <xlrd.book.Book object at 0x0000000003B69278>
[2017-10-11 18:57:07] [INFO] <xlwt.Workbook.Workbook object at 0x0000000003C0CCF8>
[2017-10-11 18:57:41] [INFO] [(15, 'lan页面不输入局域网地址时的提示语检查 ', 'Pass', '2017-10-11 18:57:13', '2017-10-11 18:57:41', '0:00:28', '')]
[2017-10-11 18:57:44] [INFO] <xlrd.book.Book object at 0x0000000003B692E8>
[2017-10-11 18:57:44] [INFO] <xlwt.Workbook.Workbook object at 0x0000000003C10CC0>
[2017-10-11 18:58:14] [INFO] IP地址含非法字符，请重新输入。
[2017-10-11 18:58:16] [INFO] IP地址含非法字符，请重新输入。
[2017-10-11 18:58:18] [INFO] IP地址含非法字符，请重新输入。
[2017-10-11 18:58:21] [INFO] IP地址含非法字符，请重新输入。
[2017-10-11 18:58:23] [INFO] IP地址格式错误，请重新输入。
[2017-10-11 18:58:25] [INFO] IP地址含非法字符，请重新输入。
[2017-10-11 18:58:25] [INFO] [(16, 'lan页面输入格式错误的局域网地址时的提示语检查 ', 'Pass', '2017-10-11 18:57:49', '2017-10-11 18:58:25', '0:00:36', '')]
[2017-10-11 18:58:28] [INFO] <xlrd.book.Book object at 0x0000000003B69390>
[2017-10-11 18:58:28] [INFO] <xlwt.Workbook.Workbook object at 0x0000000003C14E80>
[2017-10-11 19:00:04] [INFO] [(17, 'lan页面修改局域网地址是否可以成功 ', 'Pass', '2017-10-11 18:58:34', '2017-10-11 19:00:04', '0:01:30', '')]
[2017-10-11 19:00:04] [INFO] 测试完成后修改到原来的IP
[2017-10-11 19:01:20] [INFO] <xlrd.book.Book object at 0x0000000003B693C8>
[2017-10-11 19:01:20] [INFO] <xlwt.Workbook.Workbook object at 0x0000000003CDEC88>
[2017-10-11 19:01:59] [INFO] 地址池开始值错误，请重新输入。
[2017-10-11 19:01:59] [INFO] [(18, '开始IP地址非法时提示信息检查 ', 'Pass', '2017-10-11 19:01:26', '2017-10-11 19:01:59', '0:00:33', '')]
[2017-10-11 19:02:02] [INFO] <xlrd.book.Book object at 0x0000000003B693C8>
[2017-10-11 19:02:02] [INFO] <xlwt.Workbook.Workbook object at 0x0000000003C16048>
[2017-10-11 19:02:39] [INFO] 地址池结束值错误，请重新输入。
[2017-10-11 19:02:39] [INFO] [(19, '结束IP地址非法时提示信息检查 ', 'Pass', '2017-10-11 19:02:08', '2017-10-11 19:02:39', '0:00:31', '')]
[2017-10-11 19:02:42] [INFO] <xlrd.book.Book object at 0x0000000003B69390>
[2017-10-11 19:02:42] [INFO] <xlwt.Workbook.Workbook object at 0x0000000003CC6080>
[2017-10-11 19:03:20] [INFO] 地址池结束值不能小于开始值，请重新输入。
[2017-10-11 19:03:20] [INFO] [(20, '开始IP地址大于结束IP地址时，提示语检查 ', 'Pass', '2017-10-11 19:02:47', '2017-10-11 19:03:20', '0:00:33', '')]
[2017-10-11 19:03:23] [INFO] <xlrd.book.Book object at 0x0000000003B693C8>
[2017-10-11 19:03:23] [INFO] <xlwt.Workbook.Workbook object at 0x0000000003C160F0>
[2017-10-11 19:04:08] [INFO] [(21, '开始ip地址和结束IP地址都合法时，是否可以成功保存 ', 'Pass', '2017-10-11 19:03:29', '2017-10-11 19:04:08', '0:00:39', '')]
[2017-10-11 19:04:11] [INFO] <xlrd.book.Book object at 0x0000000003B693C8>
[2017-10-11 19:04:11] [INFO] <xlwt.Workbook.Workbook object at 0x0000000003C96160>
[2017-10-11 19:04:44] [INFO] [(22, 'DHCP 能否被正确关闭 ', 'Pass', '2017-10-11 19:04:16', '2017-10-11 19:04:44', '0:00:28', '')]
[2017-10-11 19:04:47] [INFO] <xlrd.book.Book object at 0x0000000003B69320>
[2017-10-11 19:04:47] [INFO] <xlwt.Workbook.Workbook object at 0x0000000003C8CF60>
[2017-10-11 19:05:11] [INFO] [(23, '是否能顺利跳转到无线wifi设置界面 ', 'Pass', '2017-10-11 19:04:54', '2017-10-11 19:05:11', '0:00:17', '')]
[2017-10-11 19:05:14] [INFO] <xlrd.book.Book object at 0x0000000003B4CF98>
[2017-10-11 19:05:14] [INFO] <xlwt.Workbook.Workbook object at 0x0000000003C0EBA8>
[2017-10-11 19:05:39] [INFO] wifiname:frt_test
[2017-10-11 19:05:39] [INFO] wifiname:iot123321
[2017-10-11 19:05:39] [INFO] [(24, 'wifi页面默认项检查 ', 'Pass', '2017-10-11 19:05:21', '2017-10-11 19:05:39', '0:00:18', '')]
[2017-10-11 19:05:42] [INFO] <xlrd.book.Book object at 0x0000000003B4CF60>
[2017-10-11 19:05:42] [INFO] <xlwt.Workbook.Workbook object at 0x0000000003D4EC18>
[2017-10-11 19:10:32] [INFO] [(25, 'wifi名称各种组合是否支持 ', 'Pass', '2017-10-11 19:05:50', '2017-10-11 19:10:32', '0:04:42', '')]
[2017-10-11 19:10:35] [INFO] <xlrd.book.Book object at 0x0000000003B4CFD0>
[2017-10-11 19:10:35] [INFO] <xlwt.Workbook.Workbook object at 0x0000000003CF1D30>
[2017-10-11 19:10:59] [INFO] 请输入2.4G无线名称。
[2017-10-11 19:10:59] [INFO] [(26, '不输入wifi名称时的提示语检查 ', 'Pass', '2017-10-11 19:10:42', '2017-10-11 19:10:59', '0:00:17', '')]
[2017-10-11 19:11:03] [INFO] <xlrd.book.Book object at 0x0000000003B4CF60>
[2017-10-11 19:11:03] [INFO] <xlwt.Workbook.Workbook object at 0x0000000003D50DA0>
[2017-10-11 19:11:50] [INFO] [(27, '不输入wifi密码时是否可以保存成功 ', 'Pass', '2017-10-11 19:11:08', '2017-10-11 19:11:50', '0:00:42', '')]
[2017-10-11 19:11:50] [INFO] 测试完成后恢复wifi密码
[2017-10-11 19:12:16] [INFO] <xlrd.book.Book object at 0x0000000003B4BF60>
[2017-10-11 19:12:16] [INFO] <xlwt.Workbook.Workbook object at 0x0000000003C1EEF0>
[2017-10-11 19:12:54] [INFO] [(28, '输入错误格式的wifi 密码，提示语检查 ', 'Pass', '2017-10-11 19:12:21', '2017-10-11 19:12:54', '0:00:33', '')]
[2017-10-11 19:12:54] [INFO] 测试完成恢复wifi密码
[2017-10-11 19:13:21] [INFO] <xlrd.book.Book object at 0x0000000003B4BF60>
[2017-10-11 19:13:21] [INFO] <xlwt.Workbook.Workbook object at 0x0000000003CBAEB8>
[2017-10-11 19:16:42] [INFO] [(29, '是否支持各种格式的wifi密码 ', 'Pass', '2017-10-11 19:13:26', '2017-10-11 19:16:42', '0:03:16', '')]
[2017-10-11 19:16:42] [INFO] 测试完成恢复wifi密码
[2017-10-11 19:17:13] [INFO] <xlrd.book.Book object at 0x0000000003B4BF60>
[2017-10-11 19:17:13] [INFO] <xlwt.Workbook.Workbook object at 0x0000000003D73EB8>
[2017-10-11 19:17:44] [INFO] no found
[2017-10-11 19:17:44] [INFO] no found
[2017-10-11 19:17:44] [INFO] no found
[2017-10-11 19:17:44] [INFO] no found
[2017-10-11 19:17:44] [INFO] no found
[2017-10-11 19:17:44] [INFO] no found
[2017-10-11 19:17:44] [INFO] no found
[2017-10-11 19:17:44] [INFO] no found
[2017-10-11 19:17:44] [INFO] no found
[2017-10-11 19:17:44] [INFO] no found
[2017-10-11 19:17:44] [INFO] no found
[2017-10-11 19:17:44] [INFO] no found
[2017-10-11 19:17:44] [INFO] no found
[2017-10-11 19:17:44] [INFO] no found
[2017-10-11 19:17:44] [INFO] no found
[2017-10-11 19:17:44] [INFO] no found
[2017-10-11 19:17:44] [INFO] no found
[2017-10-11 19:17:44] [INFO] no found
[2017-10-11 19:17:44] [INFO] no found
[2017-10-11 19:17:44] [INFO] no found
[2017-10-11 19:17:44] [INFO] no found
[2017-10-11 19:17:44] [INFO] no found
[2017-10-11 19:17:44] [INFO] no found
[2017-10-11 19:17:44] [INFO] no found
[2017-10-11 19:17:44] [INFO] no found
[2017-10-11 19:17:44] [INFO] no found
[2017-10-11 19:17:44] [INFO] no found
[2017-10-11 19:17:44] [INFO] no found
[2017-10-11 19:17:44] [INFO] no found
[2017-10-11 19:17:44] [INFO] no found
[2017-10-11 19:17:44] [INFO] no found
[2017-10-11 19:17:44] [INFO] no found
[2017-10-11 19:17:44] [INFO] no found
[2017-10-11 19:17:44] [INFO] no found
[2017-10-11 19:17:44] [INFO] no found
[2017-10-11 19:17:44] [INFO] no found
[2017-10-11 19:17:44] [INFO] no found
[2017-10-11 19:17:44] [INFO] no found
[2017-10-11 19:17:44] [INFO] no found
[2017-10-11 19:17:44] [INFO] no found
[2017-10-11 19:17:44] [INFO] no found
[2017-10-11 19:17:44] [INFO] no found
[2017-10-11 19:17:44] [INFO] no found
[2017-10-11 19:17:44] [INFO] no found
[2017-10-11 19:17:44] [INFO] no found
[2017-10-11 19:17:44] [INFO] no found
[2017-10-11 19:17:44] [INFO] no found
[2017-10-11 19:17:44] [INFO] no found
[2017-10-11 19:17:44] [INFO] no found
[2017-10-11 19:17:44] [INFO] no found
[2017-10-11 19:17:44] [INFO] no found
[2017-10-11 19:17:44] [INFO] no found
[2017-10-11 19:17:44] [INFO] no found
[2017-10-11 19:17:44] [INFO] no found
[2017-10-11 19:17:44] [INFO] no found
[2017-10-11 19:17:44] [INFO] no found
[2017-10-11 19:17:44] [INFO] no found
[2017-10-11 19:17:44] [INFO] no found
[2017-10-11 19:17:44] [INFO] no found
[2017-10-11 19:17:44] [INFO] no found
[2017-10-11 19:17:44] [INFO] no found
[2017-10-11 19:17:44] [INFO] no found
[2017-10-11 19:17:44] [INFO] no found
[2017-10-11 19:17:44] [INFO] no found
[2017-10-11 19:17:44] [INFO] no found
[2017-10-11 19:17:44] [INFO] no found
[2017-10-11 19:17:44] [INFO] no found
[2017-10-11 19:17:44] [INFO] no found
[2017-10-11 19:17:44] [INFO] no found
[2017-10-11 19:17:44] [INFO] no found
[2017-10-11 19:17:44] [INFO] no found
[2017-10-11 19:17:44] [INFO] no found
[2017-10-11 19:17:44] [INFO] no found
[2017-10-11 19:17:44] [INFO] no found
[2017-10-11 19:17:44] [INFO] no found
[2017-10-11 19:17:44] [INFO] no found
[2017-10-11 19:17:44] [INFO] no found
[2017-10-11 19:17:44] [INFO] no found
[2017-10-11 19:17:44] [INFO] no found
[2017-10-11 19:17:44] [INFO] no found
[2017-10-11 19:17:44] [INFO] no found
[2017-10-11 19:17:44] [INFO] no found
[2017-10-11 19:17:44] [INFO] no found
[2017-10-11 19:17:44] [INFO] no found
[2017-10-11 19:17:44] [INFO] no found
[2017-10-11 19:17:44] [INFO] no found
[2017-10-11 19:17:44] [INFO] no found
[2017-10-11 19:17:44] [INFO] no found
[2017-10-11 19:17:44] [INFO] no found
[2017-10-11 19:17:44] [INFO] no found
[2017-10-11 19:17:44] [INFO] no found
[2017-10-11 19:17:44] [INFO] no found
[2017-10-11 19:17:44] [INFO] no found
[2017-10-11 19:17:44] [INFO] no found
[2017-10-11 19:17:44] [INFO] no found
[2017-10-11 19:17:44] [INFO] no found
[2017-10-11 19:17:44] [INFO] no found
[2017-10-11 19:17:44] [INFO] no found
[2017-10-11 19:17:44] [INFO] no found
[2017-10-11 19:17:44] [INFO] no found
[2017-10-11 19:17:44] [INFO] no found
[2017-10-11 19:17:44] [INFO] no found
[2017-10-11 19:17:44] [INFO] no found
[2017-10-11 19:17:44] [INFO] no found
[2017-10-11 19:17:44] [INFO] no found
[2017-10-11 19:17:44] [INFO] no found
[2017-10-11 19:17:44] [INFO] no found
[2017-10-11 19:17:44] [INFO] no found
[2017-10-11 19:17:44] [INFO] no found
[2017-10-11 19:17:44] [INFO] no found
[2017-10-11 19:17:44] [INFO] no found
[2017-10-11 19:17:44] [INFO] no found
[2017-10-11 19:17:44] [INFO] no found
[2017-10-11 19:17:44] [INFO] no found
[2017-10-11 19:17:44] [INFO] no found
[2017-10-11 19:17:44] [INFO] no found
[2017-10-11 19:17:44] [INFO] no found
[2017-10-11 19:17:44] [INFO] no found
[2017-10-11 19:17:44] [INFO] no found
[2017-10-11 19:17:44] [INFO] no found
[2017-10-11 19:17:44] [INFO] no found
[2017-10-11 19:17:44] [INFO] no found
[2017-10-11 19:17:44] [INFO] no found
[2017-10-11 19:17:44] [INFO] no found
[2017-10-11 19:17:44] [INFO] no found
[2017-10-11 19:17:44] [INFO] no found
[2017-10-11 19:17:44] [INFO] no found
[2017-10-11 19:17:44] [INFO] no found
[2017-10-11 19:17:44] [INFO] no found
[2017-10-11 19:17:44] [INFO] no found
[2017-10-11 19:17:44] [INFO] no found
[2017-10-11 19:17:44] [INFO] no found
[2017-10-11 19:17:44] [INFO] no found
[2017-10-11 19:17:44] [INFO] no found
[2017-10-11 19:17:44] [INFO] no found
[2017-10-11 19:17:44] [INFO] no found
[2017-10-11 19:17:44] [INFO] no found
[2017-10-11 19:17:44] [INFO] no found
[2017-10-11 19:17:44] [INFO] no found
[2017-10-11 19:17:44] [INFO] no found
[2017-10-11 19:17:44] [INFO] no found
[2017-10-11 19:17:44] [INFO] no found
[2017-10-11 19:17:44] [INFO] no found
[2017-10-11 19:17:44] [INFO] no found
[2017-10-11 19:17:44] [INFO] no found
[2017-10-11 19:17:44] [INFO] no found
[2017-10-11 19:17:44] [INFO] no found
[2017-10-11 19:17:44] [INFO] no found
[2017-10-11 19:17:44] [INFO] no found
[2017-10-11 19:17:44] [INFO] no found
[2017-10-11 19:17:44] [INFO] no found
[2017-10-11 19:17:44] [INFO] no found
[2017-10-11 19:17:44] [INFO] no found
[2017-10-11 19:17:44] [INFO] no found
[2017-10-11 19:17:44] [INFO] no found
[2017-10-11 19:17:44] [INFO] no found
[2017-10-11 19:17:44] [INFO] no found
[2017-10-11 19:17:44] [INFO] no found
[2017-10-11 19:17:44] [INFO] no found
[2017-10-11 19:17:44] [INFO] [(30, '关闭wifi 后，查看电脑的无线列表 ', 'Pass', '2017-10-11 19:17:18', '2017-10-11 19:17:44', '0:00:26', '')]
[2017-10-11 19:17:44] [INFO] 测试完成后恢复到wifi打开的状态
[2017-10-11 19:17:53] [INFO] <xlrd.book.Book object at 0x0000000003B4BF60>
[2017-10-11 19:17:53] [INFO] <xlwt.Workbook.Workbook object at 0x0000000003CC6EB8>
[2017-10-11 19:18:51] [INFO] no found
[2017-10-11 19:18:51] [INFO] no found
[2017-10-11 19:18:51] [INFO] no found
[2017-10-11 19:18:51] [INFO] no found
[2017-10-11 19:18:51] [INFO] no found
[2017-10-11 19:18:51] [INFO] no found
[2017-10-11 19:18:51] [INFO] no found
[2017-10-11 19:18:51] [INFO] no found
[2017-10-11 19:18:51] [INFO] no found
[2017-10-11 19:18:51] [INFO] no found
[2017-10-11 19:18:51] [INFO] no found
[2017-10-11 19:18:51] [INFO] no found
[2017-10-11 19:18:51] [INFO] no found
[2017-10-11 19:18:51] [INFO] no found
[2017-10-11 19:18:51] [INFO] no found
[2017-10-11 19:18:51] [INFO] no found
[2017-10-11 19:18:51] [INFO] no found
[2017-10-11 19:18:51] [INFO] no found
[2017-10-11 19:18:51] [INFO] no found
[2017-10-11 19:18:51] [INFO] no found
[2017-10-11 19:18:51] [INFO] no found
[2017-10-11 19:18:51] [INFO] no found
[2017-10-11 19:18:51] [INFO] no found
[2017-10-11 19:18:51] [INFO] no found
[2017-10-11 19:18:51] [INFO] no found
[2017-10-11 19:18:51] [INFO] no found
[2017-10-11 19:18:51] [INFO] no found
[2017-10-11 19:18:51] [INFO] no found
[2017-10-11 19:18:51] [INFO] no found
[2017-10-11 19:18:51] [INFO] no found
[2017-10-11 19:18:51] [INFO] no found
[2017-10-11 19:18:51] [INFO] no found
[2017-10-11 19:18:51] [INFO] no found
[2017-10-11 19:18:51] [INFO] no found
[2017-10-11 19:18:51] [INFO] no found
[2017-10-11 19:18:51] [INFO] no found
[2017-10-11 19:18:51] [INFO] no found
[2017-10-11 19:18:51] [INFO] no found
[2017-10-11 19:18:51] [INFO] no found
[2017-10-11 19:18:51] [INFO] no found
[2017-10-11 19:18:51] [INFO] no found
[2017-10-11 19:18:51] [INFO] no found
[2017-10-11 19:18:51] [INFO] no found
[2017-10-11 19:18:51] [INFO] no found
[2017-10-11 19:18:51] [INFO] no found
[2017-10-11 19:18:51] [INFO] no found
[2017-10-11 19:18:51] [INFO] no found
[2017-10-11 19:18:51] [INFO] no found
[2017-10-11 19:18:51] [INFO] no found
[2017-10-11 19:18:51] [INFO] no found
[2017-10-11 19:18:51] [INFO] no found
[2017-10-11 19:18:51] [INFO] no found
[2017-10-11 19:18:51] [INFO] no found
[2017-10-11 19:18:51] [INFO] no found
[2017-10-11 19:18:51] [INFO] no found
[2017-10-11 19:18:51] [INFO] no found
[2017-10-11 19:18:51] [INFO] no found
[2017-10-11 19:18:51] [INFO] no found
[2017-10-11 19:18:51] [INFO] no found
[2017-10-11 19:18:51] [INFO] no found
[2017-10-11 19:18:51] [INFO] no found
[2017-10-11 19:18:51] [INFO] no found
[2017-10-11 19:18:51] [INFO] no found
[2017-10-11 19:18:51] [INFO] no found
[2017-10-11 19:18:51] [INFO] no found
[2017-10-11 19:18:51] [INFO] no found
[2017-10-11 19:18:51] [INFO] no found
[2017-10-11 19:18:51] [INFO] no found
[2017-10-11 19:18:51] [INFO] no found
[2017-10-11 19:18:51] [INFO] no found
[2017-10-11 19:18:51] [INFO] no found
[2017-10-11 19:18:51] [INFO] no found
[2017-10-11 19:18:51] [INFO] no found
[2017-10-11 19:18:51] [INFO] no found
[2017-10-11 19:18:51] [INFO] no found
[2017-10-11 19:18:51] [INFO] no found
[2017-10-11 19:18:51] [INFO] no found
[2017-10-11 19:18:51] [INFO] no found
[2017-10-11 19:18:51] [INFO] no found
[2017-10-11 19:18:51] [INFO] no found
[2017-10-11 19:18:51] [INFO] no found
[2017-10-11 19:18:51] [INFO] no found
[2017-10-11 19:18:51] [INFO] no found
[2017-10-11 19:18:51] [INFO] no found
[2017-10-11 19:18:51] [INFO] no found
[2017-10-11 19:18:51] [INFO] no found
[2017-10-11 19:18:51] [INFO] no found
[2017-10-11 19:18:51] [INFO] no found
[2017-10-11 19:18:51] [INFO] no found
[2017-10-11 19:18:51] [INFO] no found
[2017-10-11 19:18:51] [INFO] no found
[2017-10-11 19:18:51] [INFO] no found
[2017-10-11 19:18:51] [INFO] no found
[2017-10-11 19:18:51] [INFO] no found
[2017-10-11 19:18:51] [INFO] no found
[2017-10-11 19:18:51] [INFO] no found
[2017-10-11 19:18:51] [INFO] no found
[2017-10-11 19:18:51] [INFO] no found
[2017-10-11 19:18:51] [INFO] no found
[2017-10-11 19:18:51] [INFO] no found
[2017-10-11 19:18:51] [INFO] no found
[2017-10-11 19:18:51] [INFO] no found
[2017-10-11 19:18:51] [INFO] no found
[2017-10-11 19:18:51] [INFO] no found
[2017-10-11 19:18:51] [INFO] no found
[2017-10-11 19:18:51] [INFO] no found
[2017-10-11 19:18:51] [INFO] no found
[2017-10-11 19:18:51] [INFO] no found
[2017-10-11 19:18:51] [INFO] no found
[2017-10-11 19:18:51] [INFO] no found
[2017-10-11 19:18:51] [INFO] no found
[2017-10-11 19:18:51] [INFO] no found
[2017-10-11 19:18:51] [INFO] no found
[2017-10-11 19:18:51] [INFO] no found
[2017-10-11 19:18:51] [INFO] no found
[2017-10-11 19:18:51] [INFO] no found
[2017-10-11 19:18:51] [INFO] no found
[2017-10-11 19:18:51] [INFO] no found
[2017-10-11 19:18:51] [INFO] no found
[2017-10-11 19:18:51] [INFO] no found
[2017-10-11 19:18:51] [INFO] no found
[2017-10-11 19:18:51] [INFO] no found
[2017-10-11 19:18:51] [INFO] no found
[2017-10-11 19:18:51] [INFO] no found
[2017-10-11 19:18:51] [INFO] no found
[2017-10-11 19:18:51] [INFO] no found
[2017-10-11 19:18:51] [INFO] no found
[2017-10-11 19:18:51] [INFO] no found
[2017-10-11 19:18:51] [INFO] no found
[2017-10-11 19:18:51] [INFO] no found
[2017-10-11 19:18:51] [INFO] no found
[2017-10-11 19:18:51] [INFO] no found
[2017-10-11 19:18:51] [INFO] no found
[2017-10-11 19:18:51] [INFO] no found
[2017-10-11 19:18:51] [INFO] no found
[2017-10-11 19:18:51] [INFO] no found
[2017-10-11 19:18:51] [INFO] no found
[2017-10-11 19:18:51] [INFO] no found
[2017-10-11 19:18:51] [INFO] no found
[2017-10-11 19:18:51] [INFO] no found
[2017-10-11 19:18:51] [INFO] no found
[2017-10-11 19:18:51] [INFO] no found
[2017-10-11 19:18:51] [INFO] no found
[2017-10-11 19:18:51] [INFO] no found
[2017-10-11 19:18:51] [INFO] no found
[2017-10-11 19:18:51] [INFO] no found
[2017-10-11 19:18:51] [INFO] no found
[2017-10-11 19:18:51] [INFO] no found
[2017-10-11 19:18:51] [INFO] no found
[2017-10-11 19:18:51] [INFO] no found
[2017-10-11 19:18:51] [INFO] no found
[2017-10-11 19:18:51] [INFO] no found
[2017-10-11 19:18:51] [INFO] no found
[2017-10-11 19:18:51] [INFO] no found
[2017-10-11 19:18:51] [INFO] no found
[2017-10-11 19:18:51] [INFO] no found
[2017-10-11 19:18:51] [INFO] no found
[2017-10-11 19:18:51] [INFO] no found
[2017-10-11 19:18:51] [INFO] no found
[2017-10-11 19:18:51] [INFO] [(31, '关闭SSID,查看电脑列表能否搜索到wifi名称 ', 'Pass', '2017-10-11 19:17:58', '2017-10-11 19:18:51', '0:00:53', '')]
[2017-10-11 19:18:51] [INFO] 测试完成后关闭ssid隐藏
[2017-10-11 19:19:14] [INFO] <xlrd.book.Book object at 0x0000000003B4AFD0>
[2017-10-11 19:19:14] [INFO] <xlwt.Workbook.Workbook object at 0x0000000003C1B048>
[2017-10-11 19:19:46] [INFO] [(32, '不输入原密码时的提示信息检查 ', 'Pass', '2017-10-11 19:19:19', '2017-10-11 19:19:46', '0:00:27', '')]
[2017-10-11 19:19:49] [INFO] <xlrd.book.Book object at 0x0000000003B82D30>
[2017-10-11 19:19:49] [INFO] <xlwt.Workbook.Workbook object at 0x0000000003DB6CF8>
[2017-10-11 19:20:23] [INFO] [(33, '不输入新密码时的提示信息检查 ', 'Pass', '2017-10-11 19:19:54', '2017-10-11 19:20:23', '0:00:29', '')]
[2017-10-11 19:20:26] [INFO] <xlrd.book.Book object at 0x0000000003B84D30>
[2017-10-11 19:20:26] [INFO] <xlwt.Workbook.Workbook object at 0x0000000003C1CDA0>
[2017-10-11 19:21:00] [INFO] [(34, '确认密码不输入时提示信息检查 ', 'Pass', '2017-10-11 19:20:31', '2017-10-11 19:21:00', '0:00:29', '')]
[2017-10-11 19:21:03] [INFO] <xlrd.book.Book object at 0x0000000003BBB6D8>
[2017-10-11 19:21:03] [INFO] <xlwt.Workbook.Workbook object at 0x0000000003C23128>
[2017-10-11 19:21:37] [INFO] [(35, '确认密码与新密码不一致时的提示信息检查 ', 'Pass', '2017-10-11 19:21:08', '2017-10-11 19:21:37', '0:00:29', '')]
[2017-10-11 19:21:40] [INFO] <xlrd.book.Book object at 0x0000000003BBC588>
[2017-10-11 19:21:40] [INFO] <xlwt.Workbook.Workbook object at 0x0000000003C24160>
[2017-10-11 19:22:14] [INFO] [(36, '原密码错误时提示信息检查 ', 'Pass', '2017-10-11 19:21:46', '2017-10-11 19:22:14', '0:00:28', '')]
[2017-10-11 19:22:17] [INFO] <xlrd.book.Book object at 0x0000000003BBC898>
[2017-10-11 19:22:17] [INFO] <xlwt.Workbook.Workbook object at 0x0000000003CC4198>
[2017-10-11 19:22:51] [INFO] [(37, '新密码格式错误时提示信息检查 ', 'Pass', '2017-10-11 19:22:23', '2017-10-11 19:22:51', '0:00:28', '')]
[2017-10-11 19:22:54] [INFO] <xlrd.book.Book object at 0x0000000003B82D68>
[2017-10-11 19:22:54] [INFO] <xlwt.Workbook.Workbook object at 0x0000000003C1BEF0>
[2017-10-11 19:23:58] [INFO] [(38, '修改登录密码查看是否可以登录成功', 'Pass', '2017-10-11 19:22:59', '2017-10-11 19:23:58', '0:00:59', '')]
[2017-10-11 19:23:58] [INFO] 测试完成恢复登录密码
[2017-10-11 19:24:13] [INFO] <xlrd.book.Book object at 0x0000000003B83CC0>
[2017-10-11 19:24:13] [INFO] <xlwt.Workbook.Workbook object at 0x0000000003C25C50>
[2017-10-11 19:24:51] [INFO] [(39, '检查时区能否正确改变 ', 'Pass', '2017-10-11 19:24:18', '2017-10-11 19:24:51', '0:00:33', '')]
[2017-10-11 19:24:51] [INFO] 测试完成恢复时区
[2017-10-11 19:24:57] [INFO] <xlrd.book.Book object at 0x0000000003B82D30>
[2017-10-11 19:24:57] [INFO] <xlwt.Workbook.Workbook object at 0x0000000003C9BDA0>
[2017-10-11 19:25:33] [INFO] ./upgrade/upload.exe E:\wifitest\upgrade\eeee.png
[2017-10-11 19:25:33] [INFO] 开始用autoit3脚本控制选择本地文件
[2017-10-11 19:25:46] [INFO] [(40, '上传错误的升级文件时，错误提示 ', 'Pass', '2017-10-11 19:25:02', '2017-10-11 19:25:46', '0:00:44', '')]
[2017-10-11 19:25:49] [INFO] <xlrd.book.Book object at 0x0000000003B82D68>
[2017-10-11 19:25:49] [INFO] <xlwt.Workbook.Workbook object at 0x0000000003CBBF60>
[2017-10-11 19:27:47] [INFO] [(41, '重启功能检查 ', 'Pass', '2017-10-11 19:25:55', '2017-10-11 19:27:47', '0:01:52', '')]
[2017-10-11 19:27:50] [INFO] <xlrd.book.Book object at 0x0000000003B82D68>
[2017-10-11 19:27:50] [INFO] <xlwt.Workbook.Workbook object at 0x0000000003CDB048>
[2017-10-11 19:28:24] [INFO] [(42, '取消重启检查 ', 'Pass', '2017-10-11 19:27:55', '2017-10-11 19:28:24', '0:00:29', '')]
[2017-10-11 19:28:28] [INFO] <xlrd.book.Book object at 0x0000000003B83D30>
[2017-10-11 19:28:28] [INFO] <xlwt.Workbook.Workbook object at 0x0000000003C1AF98>
[2017-10-11 19:28:48] [INFO] [(43, '退出系统 ', 'Pass', '2017-10-11 19:28:33', '2017-10-11 19:28:48', '0:00:15', '')]
[2017-10-11 19:28:51] [INFO] <xlrd.book.Book object at 0x0000000003B835C0>
[2017-10-11 19:28:51] [INFO] <xlwt.Workbook.Workbook object at 0x0000000003D2F160>
[2017-10-11 19:28:52] [INFO] 发送邮件
