[2017-10-10 13:23:13] [INFO] no found
[2017-10-10 13:23:13] [INFO] no found
[2017-10-10 13:23:13] [INFO] no found
[2017-10-10 13:23:13] [INFO] no found
[2017-10-10 13:23:13] [INFO] no found
[2017-10-10 13:23:13] [INFO] no found
[2017-10-10 13:23:13] [INFO] no found
[2017-10-10 13:23:13] [INFO] no found
[2017-10-10 13:23:13] [INFO] no found
[2017-10-10 13:23:13] [INFO] no found
[2017-10-10 13:23:13] [INFO] no found
[2017-10-10 13:23:13] [INFO] no found
[2017-10-10 13:23:13] [INFO] no found
[2017-10-10 13:23:13] [INFO] no found
[2017-10-10 13:23:13] [INFO] no found
[2017-10-10 13:23:13] [INFO] no found
[2017-10-10 13:23:13] [INFO] no found
[2017-10-10 13:23:13] [INFO] no found
[2017-10-10 13:23:13] [INFO] no found
[2017-10-10 13:23:13] [INFO] no found
[2017-10-10 13:23:13] [INFO] no found
[2017-10-10 13:23:13] [INFO] no found
[2017-10-10 13:23:13] [INFO] no found
[2017-10-10 13:23:13] [INFO] no found
[2017-10-10 13:23:13] [INFO] no found
[2017-10-10 13:23:13] [INFO] no found
[2017-10-10 13:23:13] [INFO] no found
[2017-10-10 13:23:13] [INFO] no found
[2017-10-10 13:23:13] [INFO] no found
[2017-10-10 13:23:13] [INFO] no found
[2017-10-10 13:23:13] [INFO] no found
[2017-10-10 13:23:13] [INFO] no found
[2017-10-10 13:23:13] [INFO] no found
[2017-10-10 13:23:13] [INFO] no found
[2017-10-10 13:23:13] [INFO] no found
[2017-10-10 13:23:13] [INFO] no found
[2017-10-10 13:23:13] [INFO] no found
[2017-10-10 13:23:13] [INFO] no found
[2017-10-10 13:23:13] [INFO] no found
[2017-10-10 13:23:13] [INFO] no found
[2017-10-10 13:23:13] [INFO] no found
[2017-10-10 13:23:13] [INFO] no found
[2017-10-10 13:23:13] [INFO] no found
[2017-10-10 13:23:13] [INFO] no found
[2017-10-10 13:23:13] [INFO] no found
[2017-10-10 13:23:13] [INFO] no found
[2017-10-10 13:23:13] [INFO] no found
[2017-10-10 13:23:13] [INFO] no found
[2017-10-10 13:23:13] [INFO] no found
[2017-10-10 13:23:13] [INFO] no found
[2017-10-10 13:23:13] [INFO] no found
[2017-10-10 13:23:13] [INFO] no found
[2017-10-10 13:23:13] [INFO] no found
[2017-10-10 13:23:13] [INFO] no found
[2017-10-10 13:23:13] [INFO] no found
[2017-10-10 13:23:13] [INFO] no found
[2017-10-10 13:23:13] [INFO] no found
[2017-10-10 13:23:13] [INFO] no found
[2017-10-10 13:23:13] [INFO] no found
[2017-10-10 13:23:13] [INFO] no found
[2017-10-10 13:23:13] [INFO] no found
[2017-10-10 13:23:13] [INFO] no found
[2017-10-10 13:23:13] [INFO] no found
[2017-10-10 13:23:13] [INFO] no found
[2017-10-10 13:23:13] [INFO] no found
[2017-10-10 13:23:13] [INFO] no found
[2017-10-10 13:23:13] [INFO] no found
[2017-10-10 13:23:13] [INFO] no found
[2017-10-10 13:23:13] [INFO] no found
[2017-10-10 13:23:13] [INFO] no found
[2017-10-10 13:23:13] [INFO] no found
[2017-10-10 13:23:13] [INFO] no found
[2017-10-10 13:23:13] [INFO] no found
[2017-10-10 13:23:13] [INFO] no found
[2017-10-10 13:23:13] [INFO] no found
[2017-10-10 13:23:13] [INFO] no found
[2017-10-10 13:23:13] [INFO] no found
[2017-10-10 13:23:13] [INFO] no found
[2017-10-10 13:23:13] [INFO] no found
[2017-10-10 13:23:13] [INFO] no found
[2017-10-10 13:23:13] [INFO] no found
[2017-10-10 13:23:13] [INFO] no found
[2017-10-10 13:23:13] [INFO] no found
[2017-10-10 13:23:13] [INFO] no found
[2017-10-10 13:23:13] [INFO] no found
[2017-10-10 13:23:13] [INFO] no found
[2017-10-10 13:23:13] [INFO] no found
[2017-10-10 13:23:13] [INFO] no found
[2017-10-10 13:23:13] [INFO] no found
[2017-10-10 13:23:13] [INFO] no found
[2017-10-10 13:23:13] [INFO] no found
[2017-10-10 13:23:13] [INFO] no found
[2017-10-10 13:23:13] [INFO] no found
[2017-10-10 13:23:13] [INFO] no found
[2017-10-10 13:23:13] [INFO] no found
[2017-10-10 13:23:13] [INFO] no found
[2017-10-10 13:23:13] [INFO] no found
[2017-10-10 13:23:13] [INFO] no found
[2017-10-10 13:23:13] [INFO] no found
[2017-10-10 13:23:13] [INFO] no found
[2017-10-10 13:23:13] [INFO] no found
[2017-10-10 13:23:13] [INFO] no found
[2017-10-10 13:23:13] [INFO] no found
[2017-10-10 13:23:13] [INFO] no found
[2017-10-10 13:23:13] [INFO] no found
[2017-10-10 13:23:13] [INFO] no found
[2017-10-10 13:23:13] [INFO] no found
[2017-10-10 13:23:13] [INFO] no found
[2017-10-10 13:23:13] [INFO] no found
[2017-10-10 13:23:13] [INFO] no found
[2017-10-10 13:23:13] [INFO] no found
[2017-10-10 13:23:13] [INFO] no found
[2017-10-10 13:23:13] [INFO] no found
[2017-10-10 13:23:13] [INFO] no found
[2017-10-10 13:23:13] [INFO] no found
[2017-10-10 13:23:13] [INFO] no found
[2017-10-10 13:23:13] [INFO] no found
[2017-10-10 13:23:13] [INFO] no found
[2017-10-10 13:23:13] [INFO] no found
[2017-10-10 13:23:13] [INFO] no found
[2017-10-10 13:23:13] [INFO] no found
[2017-10-10 13:23:13] [INFO] no found
[2017-10-10 13:23:13] [INFO] no found
[2017-10-10 13:23:13] [INFO] no found
[2017-10-10 13:23:13] [INFO] no found
[2017-10-10 13:23:13] [INFO] no found
[2017-10-10 13:23:13] [INFO] no found
[2017-10-10 13:23:13] [INFO] no found
[2017-10-10 13:23:13] [INFO] no found
[2017-10-10 13:23:13] [INFO] no found
[2017-10-10 13:23:13] [INFO] no found
[2017-10-10 13:23:13] [INFO] no found
[2017-10-10 13:23:13] [INFO] no found
[2017-10-10 13:23:13] [INFO] no found
[2017-10-10 13:23:13] [INFO] [(31, '关闭SSID,查看电脑列表能否搜索到wifi名称 ', 'Pass', '2017-10-10 13:22:05', '2017-10-10 13:23:13', '0:01:08', '')]
[2017-10-10 13:23:13] [INFO] 测试完成后关闭ssid隐藏
[2017-10-10 13:23:37] [INFO] <xlrd.book.Book object at 0x0000000003B6E048>
[2017-10-10 13:23:37] [INFO] <xlwt.Workbook.Workbook object at 0x0000000003C194A8>
[2017-10-10 13:23:37] [INFO] 发送邮件
