[2017-10-12 18:15:53] [INFO] test_goto_login: test START 
[2017-10-12 18:15:58] [INFO] [(1, '登录页面跳转测试 ', 'Pass', '2017-10-12 18:15:53', '2017-10-12 18:15:58', '0:00:05', '')]
[2017-10-12 18:16:01] [INFO] <xlrd.book.Book object at 0x0000000003B845C0>
[2017-10-12 18:16:01] [INFO] <xlwt.Workbook.Workbook object at 0x0000000003C0D0B8>
[2017-10-12 18:16:26] [INFO] [(2, '正确密码是否可成功登录测试 ', 'Pass', '2017-10-12 18:16:07', '2017-10-12 18:16:26', '0:00:19', '')]
[2017-10-12 18:16:29] [INFO] <xlrd.book.Book object at 0x0000000003B85588>
[2017-10-12 18:16:29] [INFO] <xlwt.Workbook.Workbook object at 0x0000000003C0B048>
[2017-10-12 18:16:56] [INFO] [(3, '是否能顺利跳转到wan 界面 ', 'Pass', '2017-10-12 18:16:35', '2017-10-12 18:16:55', '0:00:20', '')]
[2017-10-12 18:16:59] [INFO] <xlrd.book.Book object at 0x0000000003B69198>
[2017-10-12 18:16:59] [INFO] <xlwt.Workbook.Workbook object at 0x0000000003C0D5F8>
[2017-10-12 18:17:50] [INFO] 请输入IP地址。
[2017-10-12 18:17:50] [INFO] [(4, '没有IP地址输入时的错误信息提示 ', 'Pass', '2017-10-12 18:17:04', '2017-10-12 18:17:50', '0:00:46', '')]
[2017-10-12 18:17:53] [INFO] <xlrd.book.Book object at 0x0000000003B68160>
[2017-10-12 18:17:53] [INFO] <xlwt.Workbook.Workbook object at 0x0000000003C117F0>
[2017-10-12 18:18:14] [INFO] [(5, '不填写密码时的提示信息是否正确 ', 'Pass', '2017-10-12 18:17:59', '2017-10-12 18:18:14', '0:00:15', '')]
[2017-10-12 18:18:17] [INFO] <xlrd.book.Book object at 0x0000000003B85588>
[2017-10-12 18:18:17] [INFO] <xlwt.Workbook.Workbook object at 0x0000000003D34160>
[2017-10-12 18:18:37] [INFO] [(6, '登录密码错误时提示信息是否正确 ', 'Pass', '2017-10-12 18:18:23', '2017-10-12 18:18:37', '0:00:14', '')]
[2017-10-12 18:18:41] [INFO] <xlrd.book.Book object at 0x0000000003B85588>
[2017-10-12 18:18:41] [INFO] <xlwt.Workbook.Workbook object at 0x0000000003C0B470>
[2017-10-12 18:19:19] [INFO] 请输入子网掩码。
[2017-10-12 18:19:19] [INFO] [(7, '不输入子网掩码时的错误信息提示 ', 'Pass', '2017-10-12 18:18:47', '2017-10-12 18:19:19', '0:00:32', '')]
[2017-10-12 18:19:22] [INFO] <xlrd.book.Book object at 0x0000000003B69160>
[2017-10-12 18:19:22] [INFO] <xlwt.Workbook.Workbook object at 0x0000000003C129E8>
[2017-10-12 18:20:14] [INFO] 请输入默认网关地址。
[2017-10-12 18:20:14] [INFO] [(8, '不输入默认网关时的错误信息提示 ', 'Pass', '2017-10-12 18:19:29', '2017-10-12 18:20:14', '0:00:45', '')]
[2017-10-12 18:20:18] [INFO] <xlrd.book.Book object at 0x0000000003B69160>
[2017-10-12 18:20:18] [INFO] <xlwt.Workbook.Workbook object at 0x0000000003C17A58>
[2017-10-12 18:21:12] [INFO] IP地址含非法字符，请重新输入。
[2017-10-12 18:21:20] [INFO] IP地址含非法字符，请重新输入。
[2017-10-12 18:21:28] [INFO] IP地址含非法字符，请重新输入。
[2017-10-12 18:21:37] [INFO] IP地址含非法字符，请重新输入。
[2017-10-12 18:21:45] [INFO] IP地址格式错误，请重新输入。
[2017-10-12 18:21:53] [INFO] IP地址含非法字符，请重新输入。
[2017-10-12 18:21:53] [INFO] [(9, '非法格式的IP地址输入时提示信息检查 ', 'Pass', '2017-10-12 18:20:26', '2017-10-12 18:21:53', '0:01:27', '')]
[2017-10-12 18:21:56] [INFO] <xlrd.book.Book object at 0x0000000003B68160>
[2017-10-12 18:21:56] [INFO] <xlwt.Workbook.Workbook object at 0x0000000003C94A90>
[2017-10-12 18:22:51] [INFO] 子网掩码不正确，请重新输入。
[2017-10-12 18:23:01] [INFO] 子网掩码不正确，请重新输入。
[2017-10-12 18:23:12] [INFO] 子网掩码不正确，请重新输入。
[2017-10-12 18:23:22] [INFO] 子网掩码不正确，请重新输入。
[2017-10-12 18:23:33] [INFO] 子网掩码不正确，请重新输入。
[2017-10-12 18:23:43] [INFO] 子网掩码不正确，请重新输入。
[2017-10-12 18:23:43] [INFO] [(10, '非法格式的子网掩码输入时，提示信息检查 ', 'Pass', '2017-10-12 18:22:03', '2017-10-12 18:23:43', '0:01:40', '')]
[2017-10-12 18:23:46] [INFO] <xlrd.book.Book object at 0x0000000003B6A128>
[2017-10-12 18:23:46] [INFO] <xlwt.Workbook.Workbook object at 0x0000000003C1A6D8>
[2017-10-12 18:24:25] [INFO] 默认网关错误，请重新输入。
[2017-10-12 18:24:30] [INFO] 默认网关错误，请重新输入。
[2017-10-12 18:24:36] [INFO] 默认网关错误，请重新输入。
[2017-10-12 18:24:41] [INFO] 默认网关错误，请重新输入。
[2017-10-12 18:24:46] [INFO] 默认网关错误，请重新输入。
[2017-10-12 18:24:52] [INFO] 默认网关错误，请重新输入。
[2017-10-12 18:24:52] [INFO] [(11, '非法格式的默认网关输入时，提示信息检查 ', 'Pass', '2017-10-12 18:23:54', '2017-10-12 18:24:52', '0:00:58', '')]
[2017-10-12 18:24:55] [INFO] <xlrd.book.Book object at 0x0000000003B6A128>
[2017-10-12 18:24:55] [INFO] <xlwt.Workbook.Workbook object at 0x0000000003C1F780>
[2017-10-12 18:25:47] [INFO] [(12, '是否可以成功设置静态IP ', 'Pass', '2017-10-12 18:25:00', '2017-10-12 18:25:47', '0:00:47', '')]
[2017-10-12 18:25:47] [INFO] 测试完成后将上网方式恢复为自动获取
[2017-10-12 18:26:10] [INFO] <xlrd.book.Book object at 0x0000000003B6A0F0>
[2017-10-12 18:26:10] [INFO] <xlwt.Workbook.Workbook object at 0x0000000003C1ABE0>
[2017-10-12 18:26:41] [INFO] [(13, '是否能顺利跳转到lan页面 ', 'Pass', '2017-10-12 18:26:16', '2017-10-12 18:26:41', '0:00:25', '')]
[2017-10-12 18:26:44] [INFO] <xlrd.book.Book object at 0x0000000003B68438>
[2017-10-12 18:26:44] [INFO] <xlwt.Workbook.Workbook object at 0x0000000003CABD30>
[2017-10-12 18:27:09] [INFO] 默认的局域网地址:
[2017-10-12 18:27:09] [INFO] 默认的dhcp状态是：checkbox_off
[2017-10-12 18:27:09] [INFO] 默认的初始IP地址池：
[2017-10-12 18:27:09] [INFO] 默认的结束IP地址池： 
[2017-10-12 18:27:09] [INFO] [(14, 'lan页面默认项检查 ', 'Pass', '2017-10-12 18:26:51', '2017-10-12 18:27:09', '0:00:18', '')]
[2017-10-12 18:27:12] [INFO] <xlrd.book.Book object at 0x0000000003B68390>
[2017-10-12 18:27:12] [INFO] <xlwt.Workbook.Workbook object at 0x0000000003C0CDD8>
[2017-10-12 18:27:46] [INFO] [(15, 'lan页面不输入局域网地址时的提示语检查 ', 'Pass', '2017-10-12 18:27:17', '2017-10-12 18:27:46', '0:00:29', '')]
[2017-10-12 18:27:49] [INFO] <xlrd.book.Book object at 0x0000000003B683C8>
[2017-10-12 18:27:49] [INFO] <xlwt.Workbook.Workbook object at 0x0000000003C0FE80>
[2017-10-12 18:28:21] [INFO] IP地址含非法字符，请重新输入。
[2017-10-12 18:28:23] [INFO] IP地址含非法字符，请重新输入。
[2017-10-12 18:28:25] [INFO] IP地址含非法字符，请重新输入。
[2017-10-12 18:28:28] [INFO] IP地址含非法字符，请重新输入。
[2017-10-12 18:28:30] [INFO] IP地址格式错误，请重新输入。
[2017-10-12 18:28:32] [INFO] IP地址含非法字符，请重新输入。
[2017-10-12 18:28:32] [INFO] [(16, 'lan页面输入格式错误的局域网地址时的提示语检查 ', 'Pass', '2017-10-12 18:27:56', '2017-10-12 18:28:32', '0:00:36', '')]
[2017-10-12 18:28:35] [INFO] <xlrd.book.Book object at 0x0000000003B683C8>
[2017-10-12 18:28:35] [INFO] <xlwt.Workbook.Workbook object at 0x0000000003C13F60>
[2017-10-12 18:30:13] [INFO] [(17, 'lan页面修改局域网地址是否可以成功 ', 'Pass', '2017-10-12 18:28:40', '2017-10-12 18:30:13', '0:01:33', '')]
[2017-10-12 18:30:13] [INFO] 测试完成后修改到原来的IP
[2017-10-12 18:31:29] [INFO] <xlrd.book.Book object at 0x0000000003B68400>
[2017-10-12 18:31:29] [INFO] <xlwt.Workbook.Workbook object at 0x0000000003CDED30>
[2017-10-12 18:32:09] [INFO] 地址池开始值错误，请重新输入。
[2017-10-12 18:32:09] [INFO] [(18, '开始IP地址非法时提示信息检查 ', 'Pass', '2017-10-12 18:31:36', '2017-10-12 18:32:09', '0:00:33', '')]
[2017-10-12 18:32:13] [INFO] <xlrd.book.Book object at 0x0000000003B68390>
[2017-10-12 18:32:13] [INFO] <xlwt.Workbook.Workbook object at 0x0000000003C150B8>
[2017-10-12 18:32:48] [INFO] 地址池结束值错误，请重新输入。
[2017-10-12 18:32:48] [INFO] [(19, '结束IP地址非法时提示信息检查 ', 'Pass', '2017-10-12 18:32:17', '2017-10-12 18:32:48', '0:00:31', '')]
[2017-10-12 18:32:51] [INFO] <xlrd.book.Book object at 0x0000000003B68390>
[2017-10-12 18:32:51] [INFO] <xlwt.Workbook.Workbook object at 0x0000000003C16160>
[2017-10-12 18:33:30] [INFO] 地址池结束值不能小于开始值，请重新输入。
[2017-10-12 18:33:30] [INFO] [(20, '开始IP地址大于结束IP地址时，提示语检查 ', 'Pass', '2017-10-12 18:32:57', '2017-10-12 18:33:30', '0:00:33', '')]
[2017-10-12 18:33:33] [INFO] <xlrd.book.Book object at 0x0000000003B68400>
[2017-10-12 18:33:33] [INFO] <xlwt.Workbook.Workbook object at 0x0000000003C14240>
[2017-10-12 18:34:17] [INFO] [(21, '开始ip地址和结束IP地址都合法时，是否可以成功保存 ', 'Pass', '2017-10-12 18:33:38', '2017-10-12 18:34:17', '0:00:39', '')]
[2017-10-12 18:34:20] [INFO] <xlrd.book.Book object at 0x0000000003B68400>
[2017-10-12 18:34:20] [INFO] <xlwt.Workbook.Workbook object at 0x0000000003C15278>
[2017-10-12 18:34:54] [INFO] [(22, 'DHCP 能否被正确关闭 ', 'Pass', '2017-10-12 18:34:26', '2017-10-12 18:34:54', '0:00:28', '')]
[2017-10-12 18:34:57] [INFO] <xlrd.book.Book object at 0x0000000003B68390>
[2017-10-12 18:34:57] [INFO] <xlwt.Workbook.Workbook object at 0x0000000003CB3128>
[2017-10-12 18:35:20] [INFO] [(23, '是否能顺利跳转到无线wifi设置界面 ', 'Pass', '2017-10-12 18:35:02', '2017-10-12 18:35:20', '0:00:18', '')]
[2017-10-12 18:35:23] [INFO] <xlrd.book.Book object at 0x0000000003B4DFD0>
[2017-10-12 18:35:23] [INFO] <xlwt.Workbook.Workbook object at 0x0000000003C0CCF8>
[2017-10-12 18:35:47] [INFO] wifiname:frt_test
[2017-10-12 18:35:47] [INFO] wifiname:iot123321
[2017-10-12 18:35:47] [INFO] [(24, 'wifi页面默认项检查 ', 'Pass', '2017-10-12 18:35:30', '2017-10-12 18:35:47', '0:00:17', '')]
[2017-10-12 18:35:50] [INFO] <xlrd.book.Book object at 0x0000000003B4DF98>
[2017-10-12 18:35:50] [INFO] <xlwt.Workbook.Workbook object at 0x0000000003C8CD68>
[2017-10-12 18:40:39] [INFO] [(25, 'wifi名称各种组合是否支持 ', 'Pass', '2017-10-12 18:35:55', '2017-10-12 18:40:39', '0:04:44', '')]
[2017-10-12 18:40:42] [INFO] <xlrd.book.Book object at 0x0000000003B4DFD0>
[2017-10-12 18:40:42] [INFO] <xlwt.Workbook.Workbook object at 0x0000000003C51E80>
[2017-10-12 18:41:06] [INFO] 请输入2.4G无线名称。
[2017-10-12 18:41:06] [INFO] [(26, '不输入wifi名称时的提示语检查 ', 'Pass', '2017-10-12 18:40:48', '2017-10-12 18:41:06', '0:00:18', '')]
[2017-10-12 18:41:09] [INFO] <xlrd.book.Book object at 0x0000000003B4DF98>
[2017-10-12 18:41:09] [INFO] <xlwt.Workbook.Workbook object at 0x0000000003C10EB8>
[2017-10-12 18:41:55] [INFO] [(27, '不输入wifi密码时是否可以保存成功 ', 'Pass', '2017-10-12 18:41:14', '2017-10-12 18:41:55', '0:00:41', '')]
[2017-10-12 18:41:55] [INFO] 测试完成后恢复wifi密码
[2017-10-12 18:42:21] [INFO] <xlrd.book.Book object at 0x0000000003B4CF98>
[2017-10-12 18:42:21] [INFO] <xlwt.Workbook.Workbook object at 0x0000000003C22080>
[2017-10-12 18:43:00] [INFO] [(28, '输入错误格式的wifi 密码，提示语检查 ', 'Pass', '2017-10-12 18:42:27', '2017-10-12 18:43:00', '0:00:33', '')]
[2017-10-12 18:43:00] [INFO] 测试完成恢复wifi密码
[2017-10-12 18:43:26] [INFO] <xlrd.book.Book object at 0x0000000003B4CF98>
[2017-10-12 18:43:26] [INFO] <xlwt.Workbook.Workbook object at 0x0000000003D4E080>
[2017-10-12 18:46:45] [INFO] [(29, '是否支持各种格式的wifi密码 ', 'Pass', '2017-10-12 18:43:31', '2017-10-12 18:46:45', '0:03:14', '')]
[2017-10-12 18:46:45] [INFO] 测试完成恢复wifi密码
[2017-10-12 18:47:17] [INFO] <xlrd.book.Book object at 0x0000000003B4CF98>
[2017-10-12 18:47:17] [INFO] <xlwt.Workbook.Workbook object at 0x0000000003CC40B8>
[2017-10-12 18:47:49] [INFO] no found
[2017-10-12 18:47:49] [INFO] no found
[2017-10-12 18:47:49] [INFO] no found
[2017-10-12 18:47:49] [INFO] no found
[2017-10-12 18:47:49] [INFO] no found
[2017-10-12 18:47:49] [INFO] no found
[2017-10-12 18:47:49] [INFO] no found
[2017-10-12 18:47:49] [INFO] no found
[2017-10-12 18:47:49] [INFO] no found
[2017-10-12 18:47:49] [INFO] no found
[2017-10-12 18:47:49] [INFO] no found
[2017-10-12 18:47:49] [INFO] no found
[2017-10-12 18:47:49] [INFO] no found
[2017-10-12 18:47:49] [INFO] no found
[2017-10-12 18:47:49] [INFO] no found
[2017-10-12 18:47:49] [INFO] no found
[2017-10-12 18:47:49] [INFO] no found
[2017-10-12 18:47:49] [INFO] no found
[2017-10-12 18:47:49] [INFO] no found
[2017-10-12 18:47:49] [INFO] no found
[2017-10-12 18:47:49] [INFO] no found
[2017-10-12 18:47:49] [INFO] no found
[2017-10-12 18:47:49] [INFO] no found
[2017-10-12 18:47:49] [INFO] no found
[2017-10-12 18:47:49] [INFO] no found
[2017-10-12 18:47:49] [INFO] no found
[2017-10-12 18:47:49] [INFO] no found
[2017-10-12 18:47:49] [INFO] no found
[2017-10-12 18:47:49] [INFO] no found
[2017-10-12 18:47:49] [INFO] no found
[2017-10-12 18:47:49] [INFO] no found
[2017-10-12 18:47:49] [INFO] no found
[2017-10-12 18:47:49] [INFO] no found
[2017-10-12 18:47:49] [INFO] no found
[2017-10-12 18:47:49] [INFO] no found
[2017-10-12 18:47:49] [INFO] no found
[2017-10-12 18:47:49] [INFO] no found
[2017-10-12 18:47:49] [INFO] no found
[2017-10-12 18:47:49] [INFO] no found
[2017-10-12 18:47:49] [INFO] no found
[2017-10-12 18:47:49] [INFO] no found
[2017-10-12 18:47:49] [INFO] no found
[2017-10-12 18:47:49] [INFO] no found
[2017-10-12 18:47:49] [INFO] no found
[2017-10-12 18:47:49] [INFO] no found
[2017-10-12 18:47:49] [INFO] no found
[2017-10-12 18:47:49] [INFO] no found
[2017-10-12 18:47:49] [INFO] no found
[2017-10-12 18:47:49] [INFO] no found
[2017-10-12 18:47:49] [INFO] no found
[2017-10-12 18:47:49] [INFO] no found
[2017-10-12 18:47:49] [INFO] no found
[2017-10-12 18:47:49] [INFO] no found
[2017-10-12 18:47:49] [INFO] no found
[2017-10-12 18:47:49] [INFO] no found
[2017-10-12 18:47:49] [INFO] no found
[2017-10-12 18:47:49] [INFO] no found
[2017-10-12 18:47:49] [INFO] no found
[2017-10-12 18:47:49] [INFO] no found
[2017-10-12 18:47:49] [INFO] no found
[2017-10-12 18:47:49] [INFO] no found
[2017-10-12 18:47:49] [INFO] no found
[2017-10-12 18:47:49] [INFO] no found
[2017-10-12 18:47:49] [INFO] no found
[2017-10-12 18:47:49] [INFO] no found
[2017-10-12 18:47:49] [INFO] no found
[2017-10-12 18:47:49] [INFO] no found
[2017-10-12 18:47:49] [INFO] no found
[2017-10-12 18:47:49] [INFO] no found
[2017-10-12 18:47:49] [INFO] no found
[2017-10-12 18:47:49] [INFO] no found
[2017-10-12 18:47:49] [INFO] no found
[2017-10-12 18:47:49] [INFO] no found
[2017-10-12 18:47:49] [INFO] no found
[2017-10-12 18:47:49] [INFO] no found
[2017-10-12 18:47:49] [INFO] no found
[2017-10-12 18:47:49] [INFO] no found
[2017-10-12 18:47:49] [INFO] no found
[2017-10-12 18:47:49] [INFO] no found
[2017-10-12 18:47:49] [INFO] no found
[2017-10-12 18:47:49] [INFO] no found
[2017-10-12 18:47:49] [INFO] no found
[2017-10-12 18:47:49] [INFO] no found
[2017-10-12 18:47:49] [INFO] no found
[2017-10-12 18:47:49] [INFO] no found
[2017-10-12 18:47:49] [INFO] no found
[2017-10-12 18:47:49] [INFO] no found
[2017-10-12 18:47:49] [INFO] no found
[2017-10-12 18:47:49] [INFO] no found
[2017-10-12 18:47:49] [INFO] no found
[2017-10-12 18:47:49] [INFO] no found
[2017-10-12 18:47:49] [INFO] no found
[2017-10-12 18:47:49] [INFO] no found
[2017-10-12 18:47:49] [INFO] no found
[2017-10-12 18:47:49] [INFO] no found
[2017-10-12 18:47:49] [INFO] no found
[2017-10-12 18:47:49] [INFO] no found
[2017-10-12 18:47:49] [INFO] no found
[2017-10-12 18:47:49] [INFO] no found
[2017-10-12 18:47:49] [INFO] no found
[2017-10-12 18:47:49] [INFO] no found
[2017-10-12 18:47:49] [INFO] no found
[2017-10-12 18:47:49] [INFO] no found
[2017-10-12 18:47:49] [INFO] no found
[2017-10-12 18:47:49] [INFO] no found
[2017-10-12 18:47:49] [INFO] no found
[2017-10-12 18:47:49] [INFO] no found
[2017-10-12 18:47:49] [INFO] no found
[2017-10-12 18:47:49] [INFO] no found
[2017-10-12 18:47:49] [INFO] no found
[2017-10-12 18:47:49] [INFO] no found
[2017-10-12 18:47:49] [INFO] no found
[2017-10-12 18:47:49] [INFO] no found
[2017-10-12 18:47:49] [INFO] no found
[2017-10-12 18:47:49] [INFO] no found
[2017-10-12 18:47:49] [INFO] no found
[2017-10-12 18:47:49] [INFO] no found
[2017-10-12 18:47:49] [INFO] no found
[2017-10-12 18:47:49] [INFO] no found
[2017-10-12 18:47:49] [INFO] no found
[2017-10-12 18:47:49] [INFO] no found
[2017-10-12 18:47:49] [INFO] no found
[2017-10-12 18:47:49] [INFO] no found
[2017-10-12 18:47:49] [INFO] no found
[2017-10-12 18:47:49] [INFO] [(30, '关闭wifi 后，查看电脑的无线列表 ', 'Pass', '2017-10-12 18:47:22', '2017-10-12 18:47:49', '0:00:27', '')]
[2017-10-12 18:47:49] [INFO] 测试完成后恢复到wifi打开的状态
[2017-10-12 18:47:57] [INFO] <xlrd.book.Book object at 0x0000000003B4BFD0>
[2017-10-12 18:47:57] [INFO] <xlwt.Workbook.Workbook object at 0x0000000003C190F0>
[2017-10-12 18:48:56] [INFO] no found
[2017-10-12 18:48:56] [INFO] no found
[2017-10-12 18:48:56] [INFO] no found
[2017-10-12 18:48:56] [INFO] no found
[2017-10-12 18:48:56] [INFO] no found
[2017-10-12 18:48:56] [INFO] no found
[2017-10-12 18:48:56] [INFO] no found
[2017-10-12 18:48:56] [INFO] no found
[2017-10-12 18:48:56] [INFO] no found
[2017-10-12 18:48:56] [INFO] no found
[2017-10-12 18:48:56] [INFO] no found
[2017-10-12 18:48:56] [INFO] no found
[2017-10-12 18:48:56] [INFO] no found
[2017-10-12 18:48:56] [INFO] no found
[2017-10-12 18:48:56] [INFO] no found
[2017-10-12 18:48:56] [INFO] no found
[2017-10-12 18:48:56] [INFO] no found
[2017-10-12 18:48:56] [INFO] no found
[2017-10-12 18:48:56] [INFO] no found
[2017-10-12 18:48:56] [INFO] no found
[2017-10-12 18:48:56] [INFO] no found
[2017-10-12 18:48:56] [INFO] no found
[2017-10-12 18:48:56] [INFO] no found
[2017-10-12 18:48:56] [INFO] no found
[2017-10-12 18:48:56] [INFO] no found
[2017-10-12 18:48:56] [INFO] no found
[2017-10-12 18:48:56] [INFO] no found
[2017-10-12 18:48:56] [INFO] no found
[2017-10-12 18:48:56] [INFO] no found
[2017-10-12 18:48:56] [INFO] no found
[2017-10-12 18:48:56] [INFO] no found
[2017-10-12 18:48:56] [INFO] no found
[2017-10-12 18:48:56] [INFO] no found
[2017-10-12 18:48:56] [INFO] no found
[2017-10-12 18:48:56] [INFO] no found
[2017-10-12 18:48:56] [INFO] no found
[2017-10-12 18:48:56] [INFO] no found
[2017-10-12 18:48:56] [INFO] no found
[2017-10-12 18:48:56] [INFO] no found
[2017-10-12 18:48:56] [INFO] no found
[2017-10-12 18:48:56] [INFO] no found
[2017-10-12 18:48:56] [INFO] no found
[2017-10-12 18:48:56] [INFO] no found
[2017-10-12 18:48:56] [INFO] no found
[2017-10-12 18:48:56] [INFO] no found
[2017-10-12 18:48:56] [INFO] no found
[2017-10-12 18:48:56] [INFO] no found
[2017-10-12 18:48:56] [INFO] no found
[2017-10-12 18:48:56] [INFO] no found
[2017-10-12 18:48:56] [INFO] no found
[2017-10-12 18:48:56] [INFO] no found
[2017-10-12 18:48:56] [INFO] no found
[2017-10-12 18:48:56] [INFO] no found
[2017-10-12 18:48:56] [INFO] no found
[2017-10-12 18:48:56] [INFO] no found
[2017-10-12 18:48:56] [INFO] no found
[2017-10-12 18:48:56] [INFO] no found
[2017-10-12 18:48:56] [INFO] no found
[2017-10-12 18:48:56] [INFO] no found
[2017-10-12 18:48:56] [INFO] no found
[2017-10-12 18:48:56] [INFO] no found
[2017-10-12 18:48:56] [INFO] no found
[2017-10-12 18:48:56] [INFO] no found
[2017-10-12 18:48:56] [INFO] no found
[2017-10-12 18:48:56] [INFO] no found
[2017-10-12 18:48:56] [INFO] no found
[2017-10-12 18:48:56] [INFO] no found
[2017-10-12 18:48:56] [INFO] no found
[2017-10-12 18:48:56] [INFO] no found
[2017-10-12 18:48:56] [INFO] no found
[2017-10-12 18:48:56] [INFO] no found
[2017-10-12 18:48:56] [INFO] no found
[2017-10-12 18:48:56] [INFO] no found
[2017-10-12 18:48:56] [INFO] no found
[2017-10-12 18:48:56] [INFO] no found
[2017-10-12 18:48:56] [INFO] no found
[2017-10-12 18:48:56] [INFO] no found
[2017-10-12 18:48:56] [INFO] no found
[2017-10-12 18:48:56] [INFO] no found
[2017-10-12 18:48:56] [INFO] no found
[2017-10-12 18:48:56] [INFO] no found
[2017-10-12 18:48:56] [INFO] no found
[2017-10-12 18:48:56] [INFO] no found
[2017-10-12 18:48:56] [INFO] no found
[2017-10-12 18:48:56] [INFO] no found
[2017-10-12 18:48:56] [INFO] no found
[2017-10-12 18:48:56] [INFO] no found
[2017-10-12 18:48:56] [INFO] no found
[2017-10-12 18:48:56] [INFO] no found
[2017-10-12 18:48:56] [INFO] no found
[2017-10-12 18:48:56] [INFO] no found
[2017-10-12 18:48:56] [INFO] no found
[2017-10-12 18:48:56] [INFO] no found
[2017-10-12 18:48:56] [INFO] no found
[2017-10-12 18:48:56] [INFO] no found
[2017-10-12 18:48:56] [INFO] no found
[2017-10-12 18:48:56] [INFO] no found
[2017-10-12 18:48:56] [INFO] no found
[2017-10-12 18:48:56] [INFO] no found
[2017-10-12 18:48:56] [INFO] no found
[2017-10-12 18:48:56] [INFO] no found
[2017-10-12 18:48:56] [INFO] no found
[2017-10-12 18:48:56] [INFO] no found
[2017-10-12 18:48:56] [INFO] no found
[2017-10-12 18:48:56] [INFO] no found
[2017-10-12 18:48:56] [INFO] no found
[2017-10-12 18:48:56] [INFO] no found
[2017-10-12 18:48:56] [INFO] no found
[2017-10-12 18:48:56] [INFO] no found
[2017-10-12 18:48:56] [INFO] no found
[2017-10-12 18:48:56] [INFO] no found
[2017-10-12 18:48:56] [INFO] no found
[2017-10-12 18:48:56] [INFO] no found
[2017-10-12 18:48:56] [INFO] no found
[2017-10-12 18:48:56] [INFO] no found
[2017-10-12 18:48:56] [INFO] no found
[2017-10-12 18:48:56] [INFO] no found
[2017-10-12 18:48:56] [INFO] no found
[2017-10-12 18:48:56] [INFO] no found
[2017-10-12 18:48:56] [INFO] no found
[2017-10-12 18:48:56] [INFO] no found
[2017-10-12 18:48:56] [INFO] no found
[2017-10-12 18:48:56] [INFO] no found
[2017-10-12 18:48:56] [INFO] no found
[2017-10-12 18:48:56] [INFO] no found
[2017-10-12 18:48:56] [INFO] no found
[2017-10-12 18:48:56] [INFO] no found
[2017-10-12 18:48:56] [INFO] no found
[2017-10-12 18:48:56] [INFO] no found
[2017-10-12 18:48:56] [INFO] [(31, '关闭SSID,查看电脑列表能否搜索到wifi名称 ', 'Pass', '2017-10-12 18:48:02', '2017-10-12 18:48:56', '0:00:54', '')]
[2017-10-12 18:48:56] [INFO] 测试完成后关闭ssid隐藏
[2017-10-12 18:49:19] [INFO] <xlrd.book.Book object at 0x0000000003B4BFD0>
[2017-10-12 18:49:19] [INFO] <xlwt.Workbook.Workbook object at 0x0000000003C171D0>
[2017-10-12 18:49:50] [INFO] [(32, '不输入原密码时的提示信息检查 ', 'Pass', '2017-10-12 18:49:24', '2017-10-12 18:49:50', '0:00:26', '')]
[2017-10-12 18:49:53] [INFO] <xlrd.book.Book object at 0x0000000003B82D68>
[2017-10-12 18:49:53] [INFO] <xlwt.Workbook.Workbook object at 0x0000000003D25E80>
[2017-10-12 18:50:28] [INFO] [(33, '不输入新密码时的提示信息检查 ', 'Pass', '2017-10-12 18:49:58', '2017-10-12 18:50:28', '0:00:30', '')]
[2017-10-12 18:50:31] [INFO] <xlrd.book.Book object at 0x0000000003B83D68>
[2017-10-12 18:50:31] [INFO] <xlwt.Workbook.Workbook object at 0x0000000003C1AF28>
[2017-10-12 18:51:04] [INFO] [(34, '确认密码不输入时提示信息检查 ', 'Pass', '2017-10-12 18:50:36', '2017-10-12 18:51:04', '0:00:28', '')]
[2017-10-12 18:51:07] [INFO] <xlrd.book.Book object at 0x0000000003BBA630>
[2017-10-12 18:51:07] [INFO] <xlwt.Workbook.Workbook object at 0x0000000003C21278>
[2017-10-12 18:51:40] [INFO] [(35, '确认密码与新密码不一致时的提示信息检查 ', 'Pass', '2017-10-12 18:51:12', '2017-10-12 18:51:40', '0:00:28', '')]
[2017-10-12 18:51:43] [INFO] <xlrd.book.Book object at 0x0000000003BBB5C0>
[2017-10-12 18:51:43] [INFO] <xlwt.Workbook.Workbook object at 0x0000000003C222B0>
[2017-10-12 18:52:16] [INFO] [(36, '原密码错误时提示信息检查 ', 'Pass', '2017-10-12 18:51:48', '2017-10-12 18:52:16', '0:00:28', '')]
[2017-10-12 18:52:20] [INFO] <xlrd.book.Book object at 0x0000000003BBA828>
[2017-10-12 18:52:20] [INFO] <xlwt.Workbook.Workbook object at 0x0000000003CA2358>
[2017-10-12 18:52:53] [INFO] [(37, '新密码格式错误时提示信息检查 ', 'Pass', '2017-10-12 18:52:25', '2017-10-12 18:52:53', '0:00:28', '')]
[2017-10-12 18:52:56] [INFO] <xlrd.book.Book object at 0x0000000003B82DA0>
[2017-10-12 18:52:56] [INFO] <xlwt.Workbook.Workbook object at 0x0000000003C1F0B8>
[2017-10-12 18:53:59] [INFO] [(38, '修改登录密码查看是否可以登录成功', 'Pass', '2017-10-12 18:53:01', '2017-10-12 18:53:59', '0:00:58', '')]
[2017-10-12 18:53:59] [INFO] 测试完成恢复登录密码
[2017-10-12 18:54:14] [INFO] <xlrd.book.Book object at 0x0000000003B82D68>
[2017-10-12 18:54:14] [INFO] <xlwt.Workbook.Workbook object at 0x0000000003CD4E48>
[2017-10-12 18:54:52] [INFO] [(39, '检查时区能否正确改变 ', 'Pass', '2017-10-12 18:54:19', '2017-10-12 18:54:52', '0:00:33', '')]
[2017-10-12 18:54:52] [INFO] 测试完成恢复时区
[2017-10-12 18:54:58] [INFO] <xlrd.book.Book object at 0x0000000003B82D68>
[2017-10-12 18:54:58] [INFO] <xlwt.Workbook.Workbook object at 0x0000000003C1BEB8>
[2017-10-12 18:55:30] [ERROR] Traceback (most recent call last):
  File "E:\wifitest\webpage\BasePage.py", line 63, in findElement
    elem = self.driver.find_element_by_css_selector(value)
  File "C:\python\lib\site-packages\selenium\webdriver\remote\webdriver.py", line 437, in find_element_by_css_selector
    return self.find_element(by=By.CSS_SELECTOR, value=css_selector)
  File "C:\python\lib\site-packages\selenium\webdriver\remote\webdriver.py", line 752, in find_element
    'value': value})['value']
  File "C:\python\lib\site-packages\selenium\webdriver\remote\webdriver.py", line 236, in execute
    self.error_handler.check_response(response)
  File "C:\python\lib\site-packages\selenium\webdriver\remote\errorhandler.py", line 192, in check_response
    raise exception_class(message, screen, stacktrace)
selenium.common.exceptions.NoSuchElementException: Message: no such element: Unable to locate element: {"method":"css selector","selector":"label.styled_button_s"}
  (Session info: chrome=61.0.3163.100)
  (Driver info: chromedriver=2.31.488763 (092de99f48a300323ecf8c2a4e2e7cab51de5ba8),platform=Windows NT 6.1.7601 SP1 x86_64)


During handling of the above exception, another exception occurred:

Traceback (most recent call last):
  File "E:\wifitest\testcase\test_firmware_upgrade.py", line 41, in test_FirmwareUpgrade
    self.setuppage.click_file()
  File "E:\wifitest\webpage\SetupPage.py", line 137, in click_file
    chosefirmware=self.findElement(self.chosefirmware)
  File "E:\wifitest\webpage\BasePage.py", line 67, in findElement
    raise ValueError("No such element found" + str(element))
ValueError: No such element found('css', 'label.styled_button_s')

[2017-10-12 18:55:30] [INFO] [(40, '上传错误的升级文件时，错误提示 ', 'error', '2017-10-12 18:55:03', '2017-10-12 18:55:30', '0:00:27', "No such element found('css', 'label.styled_button_s')")]
[2017-10-12 18:55:33] [INFO] <xlrd.book.Book object at 0x0000000003B82DA0>
[2017-10-12 18:55:33] [INFO] <xlwt.Workbook.Workbook object at 0x0000000003CCA1D0>
[2017-10-12 18:57:31] [INFO] [(41, '重启功能检查 ', 'Pass', '2017-10-12 18:55:38', '2017-10-12 18:57:31', '0:01:53', '')]
[2017-10-12 18:57:34] [INFO] <xlrd.book.Book object at 0x0000000003B83D30>
[2017-10-12 18:57:34] [INFO] <xlwt.Workbook.Workbook object at 0x0000000003CCA0B8>
[2017-10-12 18:58:08] [INFO] [(42, '取消重启检查 ', 'Pass', '2017-10-12 18:57:39', '2017-10-12 18:58:08', '0:00:29', '')]
[2017-10-12 18:58:11] [INFO] <xlrd.book.Book object at 0x0000000003B83D68>
[2017-10-12 18:58:11] [INFO] <xlwt.Workbook.Workbook object at 0x0000000003D5C128>
[2017-10-12 18:58:32] [INFO] [(43, '退出系统 ', 'Pass', '2017-10-12 18:58:16', '2017-10-12 18:58:32', '0:00:16', '')]
[2017-10-12 18:58:35] [INFO] <xlrd.book.Book object at 0x0000000003B84588>
[2017-10-12 18:58:35] [INFO] <xlwt.Workbook.Workbook object at 0x0000000003C90240>
[2017-10-12 18:58:35] [INFO] 发送邮件
