[2017-10-12 19:39:07] [INFO] test_goto_login: test START 
[2017-10-12 19:39:11] [INFO] [(1, '登录页面跳转测试 ', 'Pass', '2017-10-12 19:39:07', '2017-10-12 19:39:11', '0:00:04', '')]
[2017-10-12 19:39:14] [INFO] <xlrd.book.Book object at 0x0000000003B85550>
[2017-10-12 19:39:14] [INFO] <xlwt.Workbook.Workbook object at 0x0000000003C09048>
[2017-10-12 19:39:34] [INFO] [(2, '正确密码是否可成功登录测试 ', 'Pass', '2017-10-12 19:39:20', '2017-10-12 19:39:34', '0:00:14', '')]
[2017-10-12 19:39:38] [INFO] <xlrd.book.Book object at 0x0000000003B85588>
[2017-10-12 19:39:38] [INFO] <xlwt.Workbook.Workbook object at 0x0000000003C04F98>
[2017-10-12 19:40:00] [INFO] [(3, '是否能顺利跳转到wan 界面 ', 'Pass', '2017-10-12 19:39:43', '2017-10-12 19:40:00', '0:00:17', '')]
[2017-10-12 19:40:03] [INFO] <xlrd.book.Book object at 0x0000000003B69160>
[2017-10-12 19:40:03] [INFO] <xlwt.Workbook.Workbook object at 0x0000000003C0D5C0>
[2017-10-12 19:40:40] [INFO] 请输入IP地址。
[2017-10-12 19:40:40] [INFO] [(4, '没有IP地址输入时的错误信息提示 ', 'Pass', '2017-10-12 19:40:10', '2017-10-12 19:40:40', '0:00:30', '')]
[2017-10-12 19:40:43] [INFO] <xlrd.book.Book object at 0x0000000003B68160>
[2017-10-12 19:40:43] [INFO] <xlwt.Workbook.Workbook object at 0x0000000003C91828>
[2017-10-12 19:40:57] [INFO] [(5, '不填写密码时的提示信息是否正确 ', 'Pass', '2017-10-12 19:40:48', '2017-10-12 19:40:57', '0:00:09', '')]
[2017-10-12 19:41:00] [INFO] <xlrd.book.Book object at 0x0000000003B86518>
[2017-10-12 19:41:00] [INFO] <xlwt.Workbook.Workbook object at 0x0000000003B86588>
[2017-10-12 19:41:14] [INFO] [(6, '登录密码错误时提示信息是否正确 ', 'Pass', '2017-10-12 19:41:06', '2017-10-12 19:41:14', '0:00:08', '')]
[2017-10-12 19:41:17] [INFO] <xlrd.book.Book object at 0x0000000003B86518>
[2017-10-12 19:41:17] [INFO] <xlwt.Workbook.Workbook object at 0x0000000003CAB3C8>
[2017-10-12 19:41:52] [INFO] 请输入子网掩码。
[2017-10-12 19:41:52] [INFO] [(7, '不输入子网掩码时的错误信息提示 ', 'Pass', '2017-10-12 19:41:23', '2017-10-12 19:41:52', '0:00:29', '')]
[2017-10-12 19:41:55] [INFO] <xlrd.book.Book object at 0x0000000003B6A128>
[2017-10-12 19:41:55] [INFO] <xlwt.Workbook.Workbook object at 0x0000000003C129B0>
[2017-10-12 19:42:32] [INFO] 请输入默认网关地址。
[2017-10-12 19:42:32] [INFO] [(8, '不输入默认网关时的错误信息提示 ', 'Pass', '2017-10-12 19:42:02', '2017-10-12 19:42:32', '0:00:30', '')]
[2017-10-12 19:42:35] [INFO] <xlrd.book.Book object at 0x0000000003B69160>
[2017-10-12 19:42:35] [INFO] <xlwt.Workbook.Workbook object at 0x0000000003DA6A90>
[2017-10-12 19:43:07] [INFO] IP地址含非法字符，请重新输入。
[2017-10-12 19:43:11] [INFO] IP地址含非法字符，请重新输入。
[2017-10-12 19:43:14] [INFO] IP地址含非法字符，请重新输入。
[2017-10-12 19:43:17] [INFO] IP地址含非法字符，请重新输入。
[2017-10-12 19:43:21] [INFO] IP地址格式错误，请重新输入。
[2017-10-12 19:43:24] [INFO] IP地址含非法字符，请重新输入。
[2017-10-12 19:43:24] [INFO] [(9, '非法格式的IP地址输入时提示信息检查 ', 'Pass', '2017-10-12 19:42:40', '2017-10-12 19:43:24', '0:00:44', '')]
[2017-10-12 19:43:27] [INFO] <xlrd.book.Book object at 0x0000000003B68160>
[2017-10-12 19:43:27] [INFO] <xlwt.Workbook.Workbook object at 0x0000000003C14A58>
[2017-10-12 19:44:03] [INFO] 子网掩码不正确，请重新输入。
[2017-10-12 19:44:09] [INFO] 子网掩码不正确，请重新输入。
[2017-10-12 19:44:14] [INFO] 子网掩码不正确，请重新输入。
[2017-10-12 19:44:19] [INFO] 子网掩码不正确，请重新输入。
[2017-10-12 19:44:24] [INFO] 子网掩码不正确，请重新输入。
[2017-10-12 19:44:30] [INFO] 子网掩码不正确，请重新输入。
[2017-10-12 19:44:30] [INFO] [(10, '非法格式的子网掩码输入时，提示信息检查 ', 'Pass', '2017-10-12 19:43:33', '2017-10-12 19:44:30', '0:00:57', '')]
[2017-10-12 19:44:33] [INFO] <xlrd.book.Book object at 0x0000000003BA9668>
[2017-10-12 19:44:33] [INFO] <xlwt.Workbook.Workbook object at 0x0000000003C1A6A0>
[2017-10-12 19:45:08] [INFO] 默认网关错误，请重新输入。
[2017-10-12 19:45:13] [INFO] 默认网关错误，请重新输入。
[2017-10-12 19:45:19] [INFO] 默认网关错误，请重新输入。
[2017-10-12 19:45:24] [INFO] 默认网关错误，请重新输入。
[2017-10-12 19:45:29] [INFO] 默认网关错误，请重新输入。
[2017-10-12 19:45:35] [INFO] 默认网关错误，请重新输入。
[2017-10-12 19:45:35] [INFO] [(11, '非法格式的默认网关输入时，提示信息检查 ', 'Pass', '2017-10-12 19:44:38', '2017-10-12 19:45:35', '0:00:57', '')]
[2017-10-12 19:45:38] [INFO] <xlrd.book.Book object at 0x0000000003B6A128>
[2017-10-12 19:45:38] [INFO] <xlwt.Workbook.Workbook object at 0x0000000003C1F748>
[2017-10-12 19:46:27] [INFO] [(12, '是否可以成功设置静态IP ', 'Pass', '2017-10-12 19:45:45', '2017-10-12 19:46:27', '0:00:42', '')]
[2017-10-12 19:46:27] [INFO] 测试完成后将上网方式恢复为自动获取
[2017-10-12 19:46:50] [INFO] <xlrd.book.Book object at 0x0000000003B6A0F0>
[2017-10-12 19:46:50] [INFO] <xlwt.Workbook.Workbook object at 0x0000000003C1ABA8>
[2017-10-12 19:47:19] [INFO] [(13, '是否能顺利跳转到lan页面 ', 'Pass', '2017-10-12 19:46:56', '2017-10-12 19:47:19', '0:00:23', '')]
[2017-10-12 19:47:22] [INFO] <xlrd.book.Book object at 0x0000000003B68470>
[2017-10-12 19:47:22] [INFO] <xlwt.Workbook.Workbook object at 0x0000000003C8BCC0>
[2017-10-12 19:47:46] [INFO] 默认的局域网地址:
[2017-10-12 19:47:46] [INFO] 默认的dhcp状态是：checkbox_off
[2017-10-12 19:47:46] [INFO] 默认的初始IP地址池：
[2017-10-12 19:47:46] [INFO] 默认的结束IP地址池： 
[2017-10-12 19:47:46] [INFO] [(14, 'lan页面默认项检查 ', 'Pass', '2017-10-12 19:47:28', '2017-10-12 19:47:46', '0:00:18', '')]
[2017-10-12 19:47:50] [INFO] <xlrd.book.Book object at 0x0000000003B68390>
[2017-10-12 19:47:50] [INFO] <xlwt.Workbook.Workbook object at 0x0000000003C0DD30>
[2017-10-12 19:48:22] [INFO] [(15, 'lan页面不输入局域网地址时的提示语检查 ', 'Pass', '2017-10-12 19:47:55', '2017-10-12 19:48:22', '0:00:27', '')]
[2017-10-12 19:48:25] [INFO] <xlrd.book.Book object at 0x0000000003B683C8>
[2017-10-12 19:48:25] [INFO] <xlwt.Workbook.Workbook object at 0x0000000004490DD8>
[2017-10-12 19:48:56] [INFO] IP地址含非法字符，请重新输入。
[2017-10-12 19:48:58] [INFO] IP地址含非法字符，请重新输入。
[2017-10-12 19:49:00] [INFO] IP地址含非法字符，请重新输入。
[2017-10-12 19:49:03] [INFO] IP地址含非法字符，请重新输入。
[2017-10-12 19:49:05] [INFO] IP地址格式错误，请重新输入。
[2017-10-12 19:49:07] [INFO] IP地址含非法字符，请重新输入。
[2017-10-12 19:49:07] [INFO] [(16, 'lan页面输入格式错误的局域网地址时的提示语检查 ', 'Pass', '2017-10-12 19:48:31', '2017-10-12 19:49:07', '0:00:36', '')]
[2017-10-12 19:49:10] [INFO] <xlrd.book.Book object at 0x0000000003B683C8>
[2017-10-12 19:49:10] [INFO] <xlwt.Workbook.Workbook object at 0x0000000003C93F28>
[2017-10-12 19:50:46] [INFO] [(17, 'lan页面修改局域网地址是否可以成功 ', 'Pass', '2017-10-12 19:49:15', '2017-10-12 19:50:46', '0:01:31', '')]
[2017-10-12 19:50:46] [INFO] 测试完成后修改到原来的IP
[2017-10-12 19:52:02] [INFO] <xlrd.book.Book object at 0x0000000003B68400>
[2017-10-12 19:52:02] [INFO] <xlwt.Workbook.Workbook object at 0x0000000003CEFCC0>
[2017-10-12 19:52:42] [INFO] 地址池开始值错误，请重新输入。
[2017-10-12 19:52:42] [INFO] [(18, '开始IP地址非法时提示信息检查 ', 'Pass', '2017-10-12 19:52:09', '2017-10-12 19:52:42', '0:00:33', '')]
[2017-10-12 19:52:45] [INFO] <xlrd.book.Book object at 0x0000000003B68400>
[2017-10-12 19:52:45] [INFO] <xlwt.Workbook.Workbook object at 0x0000000003C160B8>
[2017-10-12 19:53:21] [INFO] 地址池结束值错误，请重新输入。
[2017-10-12 19:53:21] [INFO] [(19, '结束IP地址非法时提示信息检查 ', 'Pass', '2017-10-12 19:52:50', '2017-10-12 19:53:21', '0:00:31', '')]
[2017-10-12 19:53:24] [INFO] <xlrd.book.Book object at 0x0000000003B683C8>
[2017-10-12 19:53:24] [INFO] <xlwt.Workbook.Workbook object at 0x0000000003C160F0>
[2017-10-12 19:54:03] [INFO] 地址池结束值不能小于开始值，请重新输入。
[2017-10-12 19:54:03] [INFO] [(20, '开始IP地址大于结束IP地址时，提示语检查 ', 'Pass', '2017-10-12 19:53:29', '2017-10-12 19:54:03', '0:00:34', '')]
[2017-10-12 19:54:06] [INFO] <xlrd.book.Book object at 0x0000000003B68400>
[2017-10-12 19:54:06] [INFO] <xlwt.Workbook.Workbook object at 0x0000000003C151D0>
[2017-10-12 19:54:50] [INFO] [(21, '开始ip地址和结束IP地址都合法时，是否可以成功保存 ', 'Pass', '2017-10-12 19:54:11', '2017-10-12 19:54:50', '0:00:39', '')]
[2017-10-12 19:54:53] [INFO] <xlrd.book.Book object at 0x0000000003B68400>
[2017-10-12 19:54:53] [INFO] <xlwt.Workbook.Workbook object at 0x0000000003C15240>
[2017-10-12 19:55:26] [INFO] [(22, 'DHCP 能否被正确关闭 ', 'Pass', '2017-10-12 19:54:58', '2017-10-12 19:55:26', '0:00:28', '')]
[2017-10-12 19:55:29] [INFO] <xlrd.book.Book object at 0x0000000003B68390>
[2017-10-12 19:55:29] [INFO] <xlwt.Workbook.Workbook object at 0x0000000003C120F0>
[2017-10-12 19:55:51] [INFO] [(23, '是否能顺利跳转到无线wifi设置界面 ', 'Pass', '2017-10-12 19:55:34', '2017-10-12 19:55:51', '0:00:17', '')]
[2017-10-12 19:55:54] [INFO] <xlrd.book.Book object at 0x0000000003B4DFD0>
[2017-10-12 19:55:54] [INFO] <xlwt.Workbook.Workbook object at 0x0000000003C0EC88>
[2017-10-12 19:56:17] [INFO] wifiname:frt_test
[2017-10-12 19:56:17] [INFO] wifiname:iot123321
[2017-10-12 19:56:17] [INFO] [(24, 'wifi页面默认项检查 ', 'Pass', '2017-10-12 19:56:00', '2017-10-12 19:56:17', '0:00:17', '')]
[2017-10-12 19:56:20] [INFO] <xlrd.book.Book object at 0x0000000003B4DF98>
[2017-10-12 19:56:20] [INFO] <xlwt.Workbook.Workbook object at 0x0000000003C8CCF8>
[2017-10-12 20:01:08] [INFO] [(25, 'wifi名称各种组合是否支持 ', 'Pass', '2017-10-12 19:56:25', '2017-10-12 20:01:08', '0:04:43', '')]
[2017-10-12 20:01:11] [INFO] <xlrd.book.Book object at 0x0000000003B4DFD0>
[2017-10-12 20:01:11] [INFO] <xlwt.Workbook.Workbook object at 0x0000000003C51E10>
[2017-10-12 20:01:33] [INFO] 请输入2.4G无线名称。
[2017-10-12 20:01:33] [INFO] [(26, '不输入wifi名称时的提示语检查 ', 'Pass', '2017-10-12 20:01:16', '2017-10-12 20:01:33', '0:00:17', '')]
[2017-10-12 20:01:36] [INFO] <xlrd.book.Book object at 0x0000000003B4DF98>
[2017-10-12 20:01:36] [INFO] <xlwt.Workbook.Workbook object at 0x0000000003C10E48>
[2017-10-12 20:02:23] [INFO] [(27, '不输入wifi密码时是否可以保存成功 ', 'Pass', '2017-10-12 20:01:41', '2017-10-12 20:02:23', '0:00:42', '')]
[2017-10-12 20:02:23] [INFO] 测试完成后恢复wifi密码
[2017-10-12 20:02:48] [INFO] <xlrd.book.Book object at 0x0000000003B4CF98>
[2017-10-12 20:02:49] [INFO] <xlwt.Workbook.Workbook object at 0x0000000003CA3048>
[2017-10-12 20:03:27] [INFO] [(28, '输入错误格式的wifi 密码，提示语检查 ', 'Pass', '2017-10-12 20:02:54', '2017-10-12 20:03:27', '0:00:33', '')]
[2017-10-12 20:03:27] [INFO] 测试完成恢复wifi密码
[2017-10-12 20:03:53] [INFO] <xlrd.book.Book object at 0x0000000003B4CF98>
[2017-10-12 20:03:53] [INFO] <xlwt.Workbook.Workbook object at 0x0000000003DEAF98>
[2017-10-12 20:07:13] [INFO] [(29, '是否支持各种格式的wifi密码 ', 'Pass', '2017-10-12 20:03:58', '2017-10-12 20:07:13', '0:03:15', '')]
[2017-10-12 20:07:13] [INFO] 测试完成恢复wifi密码
[2017-10-12 20:07:45] [INFO] <xlrd.book.Book object at 0x0000000003B4CF98>
[2017-10-12 20:07:45] [INFO] <xlwt.Workbook.Workbook object at 0x0000000003C42F98>
[2017-10-12 20:08:16] [INFO] no found
[2017-10-12 20:08:16] [INFO] no found
[2017-10-12 20:08:16] [INFO] no found
[2017-10-12 20:08:16] [INFO] no found
[2017-10-12 20:08:16] [INFO] no found
[2017-10-12 20:08:16] [INFO] no found
[2017-10-12 20:08:16] [INFO] no found
[2017-10-12 20:08:16] [INFO] no found
[2017-10-12 20:08:16] [INFO] no found
[2017-10-12 20:08:16] [INFO] no found
[2017-10-12 20:08:16] [INFO] no found
[2017-10-12 20:08:16] [INFO] no found
[2017-10-12 20:08:16] [INFO] no found
[2017-10-12 20:08:16] [INFO] no found
[2017-10-12 20:08:16] [INFO] no found
[2017-10-12 20:08:16] [INFO] no found
[2017-10-12 20:08:16] [INFO] no found
[2017-10-12 20:08:16] [INFO] no found
[2017-10-12 20:08:16] [INFO] no found
[2017-10-12 20:08:16] [INFO] no found
[2017-10-12 20:08:16] [INFO] no found
[2017-10-12 20:08:16] [INFO] no found
[2017-10-12 20:08:16] [INFO] no found
[2017-10-12 20:08:16] [INFO] no found
[2017-10-12 20:08:16] [INFO] no found
[2017-10-12 20:08:16] [INFO] no found
[2017-10-12 20:08:16] [INFO] no found
[2017-10-12 20:08:16] [INFO] no found
[2017-10-12 20:08:16] [INFO] no found
[2017-10-12 20:08:16] [INFO] no found
[2017-10-12 20:08:16] [INFO] no found
[2017-10-12 20:08:16] [INFO] no found
[2017-10-12 20:08:16] [INFO] no found
[2017-10-12 20:08:16] [INFO] no found
[2017-10-12 20:08:16] [INFO] no found
[2017-10-12 20:08:16] [INFO] no found
[2017-10-12 20:08:16] [INFO] no found
[2017-10-12 20:08:16] [INFO] no found
[2017-10-12 20:08:16] [INFO] no found
[2017-10-12 20:08:16] [INFO] no found
[2017-10-12 20:08:16] [INFO] no found
[2017-10-12 20:08:16] [INFO] no found
[2017-10-12 20:08:16] [INFO] no found
[2017-10-12 20:08:16] [INFO] no found
[2017-10-12 20:08:16] [INFO] no found
[2017-10-12 20:08:16] [INFO] no found
[2017-10-12 20:08:16] [INFO] no found
[2017-10-12 20:08:16] [INFO] no found
[2017-10-12 20:08:16] [INFO] no found
[2017-10-12 20:08:16] [INFO] no found
[2017-10-12 20:08:16] [INFO] no found
[2017-10-12 20:08:16] [INFO] no found
[2017-10-12 20:08:16] [INFO] no found
[2017-10-12 20:08:16] [INFO] no found
[2017-10-12 20:08:16] [INFO] no found
[2017-10-12 20:08:16] [INFO] no found
[2017-10-12 20:08:16] [INFO] no found
[2017-10-12 20:08:16] [INFO] no found
[2017-10-12 20:08:16] [INFO] no found
[2017-10-12 20:08:16] [INFO] no found
[2017-10-12 20:08:16] [INFO] no found
[2017-10-12 20:08:16] [INFO] no found
[2017-10-12 20:08:16] [INFO] no found
[2017-10-12 20:08:16] [INFO] no found
[2017-10-12 20:08:16] [INFO] no found
[2017-10-12 20:08:16] [INFO] no found
[2017-10-12 20:08:16] [INFO] no found
[2017-10-12 20:08:16] [INFO] no found
[2017-10-12 20:08:16] [INFO] no found
[2017-10-12 20:08:16] [INFO] no found
[2017-10-12 20:08:16] [INFO] no found
[2017-10-12 20:08:16] [INFO] no found
[2017-10-12 20:08:16] [INFO] no found
[2017-10-12 20:08:16] [INFO] no found
[2017-10-12 20:08:16] [INFO] no found
[2017-10-12 20:08:16] [INFO] no found
[2017-10-12 20:08:16] [INFO] no found
[2017-10-12 20:08:16] [INFO] no found
[2017-10-12 20:08:16] [INFO] no found
[2017-10-12 20:08:16] [INFO] no found
[2017-10-12 20:08:16] [INFO] no found
[2017-10-12 20:08:16] [INFO] no found
[2017-10-12 20:08:16] [INFO] no found
[2017-10-12 20:08:16] [INFO] no found
[2017-10-12 20:08:16] [INFO] no found
[2017-10-12 20:08:16] [INFO] no found
[2017-10-12 20:08:16] [INFO] no found
[2017-10-12 20:08:16] [INFO] no found
[2017-10-12 20:08:16] [INFO] no found
[2017-10-12 20:08:16] [INFO] no found
[2017-10-12 20:08:16] [INFO] no found
[2017-10-12 20:08:16] [INFO] no found
[2017-10-12 20:08:16] [INFO] no found
[2017-10-12 20:08:16] [INFO] no found
[2017-10-12 20:08:16] [INFO] no found
[2017-10-12 20:08:16] [INFO] no found
[2017-10-12 20:08:16] [INFO] no found
[2017-10-12 20:08:16] [INFO] no found
[2017-10-12 20:08:16] [INFO] no found
[2017-10-12 20:08:16] [INFO] no found
[2017-10-12 20:08:16] [INFO] no found
[2017-10-12 20:08:16] [INFO] no found
[2017-10-12 20:08:16] [INFO] no found
[2017-10-12 20:08:16] [INFO] no found
[2017-10-12 20:08:16] [INFO] no found
[2017-10-12 20:08:16] [INFO] no found
[2017-10-12 20:08:16] [INFO] no found
[2017-10-12 20:08:16] [INFO] no found
[2017-10-12 20:08:16] [INFO] no found
[2017-10-12 20:08:16] [INFO] no found
[2017-10-12 20:08:16] [INFO] no found
[2017-10-12 20:08:16] [INFO] no found
[2017-10-12 20:08:16] [INFO] no found
[2017-10-12 20:08:16] [INFO] no found
[2017-10-12 20:08:16] [INFO] no found
[2017-10-12 20:08:16] [INFO] no found
[2017-10-12 20:08:16] [INFO] no found
[2017-10-12 20:08:16] [INFO] no found
[2017-10-12 20:08:16] [INFO] no found
[2017-10-12 20:08:16] [INFO] no found
[2017-10-12 20:08:16] [INFO] no found
[2017-10-12 20:08:16] [INFO] no found
[2017-10-12 20:08:16] [INFO] no found
[2017-10-12 20:08:16] [INFO] no found
[2017-10-12 20:08:16] [INFO] no found
[2017-10-12 20:08:16] [INFO] no found
[2017-10-12 20:08:16] [INFO] no found
[2017-10-12 20:08:16] [INFO] no found
[2017-10-12 20:08:16] [INFO] no found
[2017-10-12 20:08:16] [INFO] no found
[2017-10-12 20:08:16] [INFO] no found
[2017-10-12 20:08:16] [INFO] no found
[2017-10-12 20:08:16] [INFO] no found
[2017-10-12 20:08:16] [INFO] no found
[2017-10-12 20:08:16] [INFO] no found
[2017-10-12 20:08:16] [INFO] no found
[2017-10-12 20:08:16] [INFO] no found
[2017-10-12 20:08:16] [INFO] no found
[2017-10-12 20:08:16] [INFO] no found
[2017-10-12 20:08:16] [INFO] no found
[2017-10-12 20:08:16] [INFO] no found
[2017-10-12 20:08:16] [INFO] no found
[2017-10-12 20:08:16] [INFO] no found
[2017-10-12 20:08:16] [INFO] no found
[2017-10-12 20:08:16] [INFO] [(30, '关闭wifi 后，查看电脑的无线列表 ', 'Pass', '2017-10-12 20:07:50', '2017-10-12 20:08:16', '0:00:26', '')]
[2017-10-12 20:08:16] [INFO] 测试完成后恢复到wifi打开的状态
[2017-10-12 20:08:25] [INFO] <xlrd.book.Book object at 0x0000000003B4BFD0>
[2017-10-12 20:08:25] [INFO] <xlwt.Workbook.Workbook object at 0x0000000003C19048>
[2017-10-12 20:09:23] [INFO] no found
[2017-10-12 20:09:23] [INFO] no found
[2017-10-12 20:09:23] [INFO] no found
[2017-10-12 20:09:23] [INFO] no found
[2017-10-12 20:09:23] [INFO] no found
[2017-10-12 20:09:23] [INFO] no found
[2017-10-12 20:09:23] [INFO] no found
[2017-10-12 20:09:23] [INFO] no found
[2017-10-12 20:09:23] [INFO] no found
[2017-10-12 20:09:23] [INFO] no found
[2017-10-12 20:09:23] [INFO] no found
[2017-10-12 20:09:23] [INFO] no found
[2017-10-12 20:09:23] [INFO] no found
[2017-10-12 20:09:23] [INFO] no found
[2017-10-12 20:09:23] [INFO] no found
[2017-10-12 20:09:23] [INFO] no found
[2017-10-12 20:09:23] [INFO] no found
[2017-10-12 20:09:23] [INFO] no found
[2017-10-12 20:09:23] [INFO] no found
[2017-10-12 20:09:23] [INFO] no found
[2017-10-12 20:09:23] [INFO] no found
[2017-10-12 20:09:23] [INFO] no found
[2017-10-12 20:09:23] [INFO] no found
[2017-10-12 20:09:23] [INFO] no found
[2017-10-12 20:09:23] [INFO] no found
[2017-10-12 20:09:23] [INFO] no found
[2017-10-12 20:09:23] [INFO] no found
[2017-10-12 20:09:23] [INFO] no found
[2017-10-12 20:09:23] [INFO] no found
[2017-10-12 20:09:23] [INFO] no found
[2017-10-12 20:09:23] [INFO] no found
[2017-10-12 20:09:23] [INFO] no found
[2017-10-12 20:09:23] [INFO] no found
[2017-10-12 20:09:23] [INFO] no found
[2017-10-12 20:09:23] [INFO] no found
[2017-10-12 20:09:23] [INFO] no found
[2017-10-12 20:09:23] [INFO] no found
[2017-10-12 20:09:23] [INFO] no found
[2017-10-12 20:09:23] [INFO] no found
[2017-10-12 20:09:23] [INFO] no found
[2017-10-12 20:09:23] [INFO] no found
[2017-10-12 20:09:23] [INFO] no found
[2017-10-12 20:09:23] [INFO] no found
[2017-10-12 20:09:23] [INFO] no found
[2017-10-12 20:09:23] [INFO] no found
[2017-10-12 20:09:23] [INFO] no found
[2017-10-12 20:09:23] [INFO] no found
[2017-10-12 20:09:23] [INFO] no found
[2017-10-12 20:09:23] [INFO] no found
[2017-10-12 20:09:23] [INFO] no found
[2017-10-12 20:09:23] [INFO] no found
[2017-10-12 20:09:23] [INFO] no found
[2017-10-12 20:09:23] [INFO] no found
[2017-10-12 20:09:23] [INFO] no found
[2017-10-12 20:09:23] [INFO] no found
[2017-10-12 20:09:23] [INFO] no found
[2017-10-12 20:09:23] [INFO] no found
[2017-10-12 20:09:23] [INFO] no found
[2017-10-12 20:09:23] [INFO] no found
[2017-10-12 20:09:23] [INFO] no found
[2017-10-12 20:09:23] [INFO] no found
[2017-10-12 20:09:23] [INFO] no found
[2017-10-12 20:09:23] [INFO] no found
[2017-10-12 20:09:23] [INFO] no found
[2017-10-12 20:09:23] [INFO] no found
[2017-10-12 20:09:23] [INFO] no found
[2017-10-12 20:09:23] [INFO] no found
[2017-10-12 20:09:23] [INFO] no found
[2017-10-12 20:09:23] [INFO] no found
[2017-10-12 20:09:23] [INFO] no found
[2017-10-12 20:09:23] [INFO] no found
[2017-10-12 20:09:23] [INFO] no found
[2017-10-12 20:09:23] [INFO] no found
[2017-10-12 20:09:23] [INFO] no found
[2017-10-12 20:09:23] [INFO] no found
[2017-10-12 20:09:23] [INFO] no found
[2017-10-12 20:09:23] [INFO] no found
[2017-10-12 20:09:23] [INFO] no found
[2017-10-12 20:09:23] [INFO] no found
[2017-10-12 20:09:23] [INFO] no found
[2017-10-12 20:09:23] [INFO] no found
[2017-10-12 20:09:23] [INFO] no found
[2017-10-12 20:09:23] [INFO] no found
[2017-10-12 20:09:23] [INFO] no found
[2017-10-12 20:09:23] [INFO] no found
[2017-10-12 20:09:23] [INFO] no found
[2017-10-12 20:09:23] [INFO] no found
[2017-10-12 20:09:23] [INFO] no found
[2017-10-12 20:09:23] [INFO] no found
[2017-10-12 20:09:23] [INFO] no found
[2017-10-12 20:09:23] [INFO] no found
[2017-10-12 20:09:23] [INFO] no found
[2017-10-12 20:09:23] [INFO] no found
[2017-10-12 20:09:23] [INFO] no found
[2017-10-12 20:09:23] [INFO] no found
[2017-10-12 20:09:23] [INFO] no found
[2017-10-12 20:09:23] [INFO] no found
[2017-10-12 20:09:23] [INFO] no found
[2017-10-12 20:09:23] [INFO] no found
[2017-10-12 20:09:23] [INFO] no found
[2017-10-12 20:09:23] [INFO] no found
[2017-10-12 20:09:23] [INFO] no found
[2017-10-12 20:09:23] [INFO] no found
[2017-10-12 20:09:23] [INFO] no found
[2017-10-12 20:09:23] [INFO] no found
[2017-10-12 20:09:23] [INFO] no found
[2017-10-12 20:09:23] [INFO] no found
[2017-10-12 20:09:23] [INFO] no found
[2017-10-12 20:09:23] [INFO] no found
[2017-10-12 20:09:23] [INFO] no found
[2017-10-12 20:09:23] [INFO] no found
[2017-10-12 20:09:23] [INFO] no found
[2017-10-12 20:09:23] [INFO] no found
[2017-10-12 20:09:23] [INFO] no found
[2017-10-12 20:09:23] [INFO] no found
[2017-10-12 20:09:23] [INFO] no found
[2017-10-12 20:09:23] [INFO] no found
[2017-10-12 20:09:23] [INFO] no found
[2017-10-12 20:09:23] [INFO] no found
[2017-10-12 20:09:23] [INFO] no found
[2017-10-12 20:09:23] [INFO] no found
[2017-10-12 20:09:23] [INFO] no found
[2017-10-12 20:09:23] [INFO] no found
[2017-10-12 20:09:23] [INFO] no found
[2017-10-12 20:09:23] [INFO] no found
[2017-10-12 20:09:23] [INFO] no found
[2017-10-12 20:09:23] [INFO] no found
[2017-10-12 20:09:23] [INFO] no found
[2017-10-12 20:09:23] [INFO] no found
[2017-10-12 20:09:23] [INFO] no found
[2017-10-12 20:09:23] [INFO] no found
[2017-10-12 20:09:23] [INFO] no found
[2017-10-12 20:09:23] [INFO] no found
[2017-10-12 20:09:23] [INFO] no found
[2017-10-12 20:09:23] [INFO] no found
[2017-10-12 20:09:23] [INFO] no found
[2017-10-12 20:09:23] [INFO] no found
[2017-10-12 20:09:23] [INFO] no found
[2017-10-12 20:09:23] [INFO] no found
[2017-10-12 20:09:23] [INFO] [(31, '关闭SSID,查看电脑列表能否搜索到wifi名称 ', 'Pass', '2017-10-12 20:08:29', '2017-10-12 20:09:23', '0:00:54', '')]
[2017-10-12 20:09:23] [INFO] 测试完成后关闭ssid隐藏
[2017-10-12 20:09:46] [INFO] <xlrd.book.Book object at 0x0000000003B4BFD0>
[2017-10-12 20:09:46] [INFO] <xlwt.Workbook.Workbook object at 0x0000000003C17128>
[2017-10-12 20:10:18] [INFO] [(32, '不输入原密码时的提示信息检查 ', 'Pass', '2017-10-12 20:09:52', '2017-10-12 20:10:18', '0:00:26', '')]
[2017-10-12 20:10:21] [INFO] <xlrd.book.Book object at 0x0000000003B82D68>
[2017-10-12 20:10:21] [INFO] <xlwt.Workbook.Workbook object at 0x0000000003CB5DD8>
[2017-10-12 20:10:55] [INFO] [(33, '不输入新密码时的提示信息检查 ', 'Pass', '2017-10-12 20:10:26', '2017-10-12 20:10:55', '0:00:29', '')]
[2017-10-12 20:10:58] [INFO] <xlrd.book.Book object at 0x0000000003B83D68>
[2017-10-12 20:10:58] [INFO] <xlwt.Workbook.Workbook object at 0x0000000003D1CE10>
[2017-10-12 20:11:31] [INFO] [(34, '确认密码不输入时提示信息检查 ', 'Pass', '2017-10-12 20:11:03', '2017-10-12 20:11:31', '0:00:28', '')]
[2017-10-12 20:11:35] [INFO] <xlrd.book.Book object at 0x0000000003BBA6A0>
[2017-10-12 20:11:35] [INFO] <xlwt.Workbook.Workbook object at 0x0000000003C231D0>
[2017-10-12 20:12:08] [INFO] [(35, '确认密码与新密码不一致时的提示信息检查 ', 'Pass', '2017-10-12 20:11:40', '2017-10-12 20:12:08', '0:00:28', '')]
[2017-10-12 20:12:11] [INFO] <xlrd.book.Book object at 0x0000000003BBB630>
[2017-10-12 20:12:11] [INFO] <xlwt.Workbook.Workbook object at 0x0000000003C24240>
[2017-10-12 20:12:44] [INFO] [(36, '原密码错误时提示信息检查 ', 'Pass', '2017-10-12 20:12:16', '2017-10-12 20:12:44', '0:00:28', '')]
[2017-10-12 20:12:47] [INFO] <xlrd.book.Book object at 0x0000000003BBA860>
[2017-10-12 20:12:47] [INFO] <xlwt.Workbook.Workbook object at 0x0000000003C24278>
[2017-10-12 20:13:21] [INFO] [(37, '新密码格式错误时提示信息检查 ', 'Pass', '2017-10-12 20:12:52', '2017-10-12 20:13:21', '0:00:29', '')]
[2017-10-12 20:13:24] [INFO] <xlrd.book.Book object at 0x0000000003B82DA0>
[2017-10-12 20:13:24] [INFO] <xlwt.Workbook.Workbook object at 0x0000000003C1CF98>
[2017-10-12 20:14:27] [INFO] [(38, '修改登录密码查看是否可以登录成功', 'Pass', '2017-10-12 20:13:29', '2017-10-12 20:14:27', '0:00:58', '')]
[2017-10-12 20:14:27] [INFO] 测试完成恢复登录密码
[2017-10-12 20:14:42] [INFO] <xlrd.book.Book object at 0x0000000003B83CF8>
[2017-10-12 20:14:42] [INFO] <xlwt.Workbook.Workbook object at 0x0000000003CA5CC0>
[2017-10-12 20:15:21] [INFO] [(39, '检查时区能否正确改变 ', 'Pass', '2017-10-12 20:14:48', '2017-10-12 20:15:21', '0:00:33', '')]
[2017-10-12 20:15:21] [INFO] 测试完成恢复时区
[2017-10-12 20:15:27] [INFO] <xlrd.book.Book object at 0x0000000003B82D68>
[2017-10-12 20:15:27] [INFO] <xlwt.Workbook.Workbook object at 0x0000000003C1BDA0>
[2017-10-12 20:16:02] [INFO] ./upgrade/upload.exe E:\wifitest\upgrade\eeee.png
[2017-10-12 20:16:02] [INFO] 开始用autoit3脚本控制选择本地文件
[2017-10-12 20:16:15] [INFO] [(40, '上传错误的升级文件时，错误提示 ', 'Pass', '2017-10-12 20:15:32', '2017-10-12 20:16:15', '0:00:43', '')]
[2017-10-12 20:16:18] [INFO] <xlrd.book.Book object at 0x0000000003B82DA0>
[2017-10-12 20:16:18] [INFO] <xlwt.Workbook.Workbook object at 0x0000000003C9F048>
[2017-10-12 20:18:17] [INFO] [(41, '重启功能检查 ', 'Pass', '2017-10-12 20:16:24', '2017-10-12 20:18:17', '0:01:53', '')]
[2017-10-12 20:18:20] [INFO] <xlrd.book.Book object at 0x0000000003B82DA0>
[2017-10-12 20:18:20] [INFO] <xlwt.Workbook.Workbook object at 0x0000000003C4A0B8>
[2017-10-12 20:18:56] [INFO] [(42, '取消重启检查 ', 'Pass', '2017-10-12 20:18:26', '2017-10-12 20:18:56', '0:00:30', '')]
[2017-10-12 20:18:59] [INFO] <xlrd.book.Book object at 0x0000000003B84CF8>
[2017-10-12 20:18:59] [INFO] <xlwt.Workbook.Workbook object at 0x0000000003C9E048>
[2017-10-12 20:19:20] [INFO] [(43, '退出系统 ', 'Pass', '2017-10-12 20:19:04', '2017-10-12 20:19:20', '0:00:16', '')]
[2017-10-12 20:19:23] [INFO] <xlrd.book.Book object at 0x0000000003B835F8>
[2017-10-12 20:19:23] [INFO] <xlwt.Workbook.Workbook object at 0x0000000003C101D0>
[2017-10-12 20:19:23] [INFO] 发送邮件
