[2017-10-10 13:19:46] [INFO] no found
[2017-10-10 13:19:46] [INFO] no found
[2017-10-10 13:19:46] [INFO] no found
[2017-10-10 13:19:46] [INFO] no found
[2017-10-10 13:19:46] [INFO] no found
[2017-10-10 13:19:46] [INFO] no found
[2017-10-10 13:19:46] [INFO] no found
[2017-10-10 13:19:46] [INFO] no found
[2017-10-10 13:19:46] [INFO] no found
[2017-10-10 13:19:46] [INFO] no found
[2017-10-10 13:19:46] [INFO] no found
[2017-10-10 13:19:46] [INFO] no found
[2017-10-10 13:19:46] [INFO] no found
[2017-10-10 13:19:46] [INFO] no found
[2017-10-10 13:19:46] [INFO] no found
[2017-10-10 13:19:46] [INFO] no found
[2017-10-10 13:19:46] [INFO] no found
[2017-10-10 13:19:46] [INFO] no found
[2017-10-10 13:19:46] [INFO] no found
[2017-10-10 13:19:46] [INFO] no found
[2017-10-10 13:19:46] [INFO] no found
[2017-10-10 13:19:46] [INFO] no found
[2017-10-10 13:19:46] [INFO] no found
[2017-10-10 13:19:46] [INFO] no found
[2017-10-10 13:19:46] [INFO] no found
[2017-10-10 13:19:46] [INFO] no found
[2017-10-10 13:19:46] [INFO] no found
[2017-10-10 13:19:46] [INFO] no found
[2017-10-10 13:19:46] [INFO] no found
[2017-10-10 13:19:46] [INFO] no found
[2017-10-10 13:19:46] [INFO] no found
[2017-10-10 13:19:46] [INFO] no found
[2017-10-10 13:19:46] [INFO] no found
[2017-10-10 13:19:46] [INFO] no found
[2017-10-10 13:19:46] [INFO] no found
[2017-10-10 13:19:46] [INFO] no found
[2017-10-10 13:19:46] [INFO] no found
[2017-10-10 13:19:46] [INFO] no found
[2017-10-10 13:19:46] [INFO] no found
[2017-10-10 13:19:46] [INFO] no found
[2017-10-10 13:19:46] [INFO] no found
[2017-10-10 13:19:46] [INFO] no found
[2017-10-10 13:19:46] [INFO] no found
[2017-10-10 13:19:46] [INFO] no found
[2017-10-10 13:19:46] [INFO] no found
[2017-10-10 13:19:46] [INFO] no found
[2017-10-10 13:19:46] [INFO] no found
[2017-10-10 13:19:46] [INFO] no found
[2017-10-10 13:19:46] [INFO] no found
[2017-10-10 13:19:46] [INFO] no found
[2017-10-10 13:19:46] [INFO] no found
[2017-10-10 13:19:46] [INFO] no found
[2017-10-10 13:19:46] [INFO] no found
[2017-10-10 13:19:46] [INFO] no found
[2017-10-10 13:19:46] [INFO] no found
[2017-10-10 13:19:46] [INFO] no found
[2017-10-10 13:19:46] [INFO] no found
[2017-10-10 13:19:46] [INFO] no found
[2017-10-10 13:19:46] [INFO] no found
[2017-10-10 13:19:46] [INFO] no found
[2017-10-10 13:19:46] [INFO] no found
[2017-10-10 13:19:46] [INFO] no found
[2017-10-10 13:19:46] [INFO] no found
[2017-10-10 13:19:46] [INFO] no found
[2017-10-10 13:19:46] [INFO] no found
[2017-10-10 13:19:46] [INFO] no found
[2017-10-10 13:19:46] [INFO] no found
[2017-10-10 13:19:46] [INFO] no found
[2017-10-10 13:19:46] [INFO] no found
[2017-10-10 13:19:46] [INFO] no found
[2017-10-10 13:19:46] [INFO] no found
[2017-10-10 13:19:46] [INFO] no found
[2017-10-10 13:19:46] [INFO] no found
[2017-10-10 13:19:46] [INFO] no found
[2017-10-10 13:19:46] [INFO] no found
[2017-10-10 13:19:46] [INFO] no found
[2017-10-10 13:19:46] [INFO] no found
[2017-10-10 13:19:46] [INFO] no found
[2017-10-10 13:19:46] [INFO] no found
[2017-10-10 13:19:46] [INFO] no found
[2017-10-10 13:19:46] [INFO] no found
[2017-10-10 13:19:46] [INFO] no found
[2017-10-10 13:19:46] [INFO] no found
[2017-10-10 13:19:46] [INFO] no found
[2017-10-10 13:19:46] [INFO] no found
[2017-10-10 13:19:46] [INFO] no found
[2017-10-10 13:19:46] [INFO] no found
[2017-10-10 13:19:46] [INFO] no found
[2017-10-10 13:19:46] [INFO] no found
[2017-10-10 13:19:46] [INFO] no found
[2017-10-10 13:19:46] [INFO] no found
[2017-10-10 13:19:46] [INFO] no found
[2017-10-10 13:19:46] [INFO] no found
[2017-10-10 13:19:46] [INFO] no found
[2017-10-10 13:19:46] [INFO] no found
[2017-10-10 13:19:46] [INFO] no found
[2017-10-10 13:19:46] [INFO] no found
[2017-10-10 13:19:46] [INFO] no found
[2017-10-10 13:19:46] [INFO] no found
[2017-10-10 13:19:46] [INFO] no found
[2017-10-10 13:19:46] [INFO] no found
[2017-10-10 13:19:46] [INFO] no found
[2017-10-10 13:19:46] [INFO] no found
[2017-10-10 13:19:46] [INFO] no found
[2017-10-10 13:19:46] [INFO] no found
[2017-10-10 13:19:46] [INFO] no found
[2017-10-10 13:19:46] [INFO] no found
[2017-10-10 13:19:46] [INFO] no found
[2017-10-10 13:19:46] [INFO] no found
[2017-10-10 13:19:46] [INFO] no found
[2017-10-10 13:19:46] [INFO] no found
[2017-10-10 13:19:46] [INFO] no found
[2017-10-10 13:19:46] [INFO] no found
[2017-10-10 13:19:46] [INFO] no found
[2017-10-10 13:19:46] [INFO] no found
[2017-10-10 13:19:46] [INFO] no found
[2017-10-10 13:19:46] [INFO] no found
[2017-10-10 13:19:46] [INFO] no found
[2017-10-10 13:19:46] [INFO] no found
[2017-10-10 13:19:46] [INFO] no found
[2017-10-10 13:19:46] [INFO] no found
[2017-10-10 13:19:46] [INFO] no found
[2017-10-10 13:19:46] [INFO] no found
[2017-10-10 13:19:46] [INFO] no found
[2017-10-10 13:19:46] [INFO] no found
[2017-10-10 13:19:46] [INFO] no found
[2017-10-10 13:19:46] [INFO] no found
[2017-10-10 13:19:46] [INFO] no found
[2017-10-10 13:19:46] [INFO] no found
[2017-10-10 13:19:46] [INFO] no found
[2017-10-10 13:19:46] [INFO] no found
[2017-10-10 13:19:46] [INFO] no found
[2017-10-10 13:19:46] [INFO] no found
[2017-10-10 13:19:46] [INFO] no found
[2017-10-10 13:19:46] [INFO] no found
[2017-10-10 13:19:46] [INFO] no found
[2017-10-10 13:19:46] [INFO] no found
[2017-10-10 13:19:46] [INFO] no found
[2017-10-10 13:19:46] [INFO] no found
[2017-10-10 13:19:46] [INFO] no found
[2017-10-10 13:19:46] [INFO] no found
[2017-10-10 13:19:46] [INFO] no found
[2017-10-10 13:19:46] [INFO] no found
[2017-10-10 13:19:46] [INFO] no found
[2017-10-10 13:19:46] [INFO] [(31, '关闭SSID,查看电脑列表能否搜索到wifi名称 ', 'Pass', '2017-10-10 13:18:50', '2017-10-10 13:19:46', '0:00:56', '')]
[2017-10-10 13:19:46] [INFO] 测试完成后关闭ssid隐藏
[2017-10-10 13:20:10] [INFO] <xlrd.book.Book object at 0x0000000003B690F0>
[2017-10-10 13:20:10] [INFO] <xlwt.Workbook.Workbook object at 0x0000000003C18550>
[2017-10-10 13:20:10] [INFO] 发送邮件
