[2017-10-13 02:11:20] [INFO] test_goto_login: test START 
[2017-10-13 02:11:24] [INFO] [(1, '登录页面跳转测试 ', 'Pass', '2017-10-13 02:11:20', '2017-10-13 02:11:24', '0:00:04', '')]
[2017-10-13 02:11:27] [INFO] <xlrd.book.Book object at 0x0000000003B845C0>
[2017-10-13 02:11:27] [INFO] <xlwt.Workbook.Workbook object at 0x0000000003C0C0F0>
[2017-10-13 02:11:46] [INFO] [(2, '正确密码是否可成功登录测试 ', 'Pass', '2017-10-13 02:11:32', '2017-10-13 02:11:46', '0:00:14', '')]
[2017-10-13 02:11:49] [INFO] <xlrd.book.Book object at 0x0000000003B85588>
[2017-10-13 02:11:49] [INFO] <xlwt.Workbook.Workbook object at 0x0000000003C0B048>
[2017-10-13 02:12:12] [INFO] [(3, '是否能顺利跳转到wan 界面 ', 'Pass', '2017-10-13 02:11:55', '2017-10-13 02:12:12', '0:00:17', '')]
[2017-10-13 02:12:15] [INFO] <xlrd.book.Book object at 0x0000000003B69160>
[2017-10-13 02:12:15] [INFO] <xlwt.Workbook.Workbook object at 0x0000000003C9D5C0>
[2017-10-13 02:12:50] [INFO] 请输入IP地址。
[2017-10-13 02:12:50] [INFO] [(4, '没有IP地址输入时的错误信息提示 ', 'Pass', '2017-10-13 02:12:20', '2017-10-13 02:12:50', '0:00:30', '')]
[2017-10-13 02:12:53] [INFO] <xlrd.book.Book object at 0x0000000003B68160>
[2017-10-13 02:12:53] [INFO] <xlwt.Workbook.Workbook object at 0x0000000003D317F0>
[2017-10-13 02:13:09] [INFO] [(5, '不填写密码时的提示信息是否正确 ', 'Pass', '2017-10-13 02:12:58', '2017-10-13 02:13:09', '0:00:11', '')]
[2017-10-13 02:13:12] [INFO] <xlrd.book.Book object at 0x0000000003B85588>
[2017-10-13 02:13:12] [INFO] <xlwt.Workbook.Workbook object at 0x0000000003BF4198>
[2017-10-13 02:13:25] [INFO] [(6, '登录密码错误时提示信息是否正确 ', 'Pass', '2017-10-13 02:13:18', '2017-10-13 02:13:25', '0:00:07', '')]
[2017-10-13 02:13:28] [INFO] <xlrd.book.Book object at 0x0000000003B85588>
[2017-10-13 02:13:28] [INFO] <xlwt.Workbook.Workbook object at 0x0000000003C0B470>
[2017-10-13 02:14:04] [INFO] 请输入子网掩码。
[2017-10-13 02:14:04] [INFO] [(7, '不输入子网掩码时的错误信息提示 ', 'Pass', '2017-10-13 02:13:34', '2017-10-13 02:14:04', '0:00:30', '')]
[2017-10-13 02:14:07] [INFO] <xlrd.book.Book object at 0x0000000003B69160>
[2017-10-13 02:14:07] [INFO] <xlwt.Workbook.Workbook object at 0x0000000003C12978>
[2017-10-13 02:14:43] [INFO] 请输入默认网关地址。
[2017-10-13 02:14:43] [INFO] [(8, '不输入默认网关时的错误信息提示 ', 'Pass', '2017-10-13 02:14:13', '2017-10-13 02:14:43', '0:00:30', '')]
[2017-10-13 02:14:46] [INFO] <xlrd.book.Book object at 0x0000000003B69160>
[2017-10-13 02:14:46] [INFO] <xlwt.Workbook.Workbook object at 0x0000000003C16A20>
[2017-10-13 02:15:20] [INFO] IP地址含非法字符，请重新输入。
[2017-10-13 02:15:23] [INFO] IP地址含非法字符，请重新输入。
[2017-10-13 02:15:26] [INFO] IP地址含非法字符，请重新输入。
[2017-10-13 02:15:29] [INFO] IP地址含非法字符，请重新输入。
[2017-10-13 02:15:33] [INFO] IP地址格式错误，请重新输入。
[2017-10-13 02:15:36] [INFO] IP地址含非法字符，请重新输入。
[2017-10-13 02:15:36] [INFO] [(9, '非法格式的IP地址输入时提示信息检查 ', 'Pass', '2017-10-13 02:14:52', '2017-10-13 02:15:36', '0:00:44', '')]
[2017-10-13 02:15:39] [INFO] <xlrd.book.Book object at 0x0000000003B68160>
[2017-10-13 02:15:39] [INFO] <xlwt.Workbook.Workbook object at 0x0000000003C15A20>
[2017-10-13 02:16:16] [INFO] 子网掩码不正确，请重新输入。
[2017-10-13 02:16:21] [INFO] 子网掩码不正确，请重新输入。
[2017-10-13 02:16:27] [INFO] 子网掩码不正确，请重新输入。
[2017-10-13 02:16:32] [INFO] 子网掩码不正确，请重新输入。
[2017-10-13 02:16:37] [INFO] 子网掩码不正确，请重新输入。
[2017-10-13 02:16:43] [INFO] 子网掩码不正确，请重新输入。
[2017-10-13 02:16:43] [INFO] [(10, '非法格式的子网掩码输入时，提示信息检查 ', 'Pass', '2017-10-13 02:15:45', '2017-10-13 02:16:43', '0:00:58', '')]
[2017-10-13 02:16:46] [INFO] <xlrd.book.Book object at 0x0000000003B6A128>
[2017-10-13 02:16:46] [INFO] <xlwt.Workbook.Workbook object at 0x0000000003CA9668>
[2017-10-13 02:17:22] [INFO] 默认网关错误，请重新输入。
[2017-10-13 02:17:27] [INFO] 默认网关错误，请重新输入。
[2017-10-13 02:17:32] [INFO] 默认网关错误，请重新输入。
[2017-10-13 02:17:38] [INFO] 默认网关错误，请重新输入。
[2017-10-13 02:17:43] [INFO] 默认网关错误，请重新输入。
[2017-10-13 02:17:48] [INFO] 默认网关错误，请重新输入。
[2017-10-13 02:17:48] [INFO] [(11, '非法格式的默认网关输入时，提示信息检查 ', 'Pass', '2017-10-13 02:16:51', '2017-10-13 02:17:48', '0:00:57', '')]
[2017-10-13 02:17:51] [INFO] <xlrd.book.Book object at 0x0000000003B6A128>
[2017-10-13 02:17:51] [INFO] <xlwt.Workbook.Workbook object at 0x0000000003DEF710>
[2017-10-13 02:18:41] [INFO] [(12, '是否可以成功设置静态IP ', 'Pass', '2017-10-13 02:17:58', '2017-10-13 02:18:41', '0:00:43', '')]
[2017-10-13 02:18:41] [INFO] 测试完成后将上网方式恢复为自动获取
[2017-10-13 02:19:04] [INFO] <xlrd.book.Book object at 0x0000000003B6A0F0>
[2017-10-13 02:19:04] [INFO] <xlwt.Workbook.Workbook object at 0x0000000003CBABA8>
[2017-10-13 02:19:32] [INFO] [(13, '是否能顺利跳转到lan页面 ', 'Pass', '2017-10-13 02:19:10', '2017-10-13 02:19:32', '0:00:22', '')]
[2017-10-13 02:19:35] [INFO] <xlrd.book.Book object at 0x0000000003B68470>
[2017-10-13 02:19:35] [INFO] <xlwt.Workbook.Workbook object at 0x0000000003C8BCF8>
[2017-10-13 02:19:59] [INFO] 默认的局域网地址:
[2017-10-13 02:19:59] [INFO] 默认的dhcp状态是：checkbox_off
[2017-10-13 02:19:59] [INFO] 默认的初始IP地址池：
[2017-10-13 02:19:59] [INFO] 默认的结束IP地址池： 
[2017-10-13 02:19:59] [INFO] [(14, 'lan页面默认项检查 ', 'Pass', '2017-10-13 02:19:41', '2017-10-13 02:19:59', '0:00:18', '')]
[2017-10-13 02:20:02] [INFO] <xlrd.book.Book object at 0x0000000003B68320>
[2017-10-13 02:20:02] [INFO] <xlwt.Workbook.Workbook object at 0x0000000003CBDCF8>
[2017-10-13 02:20:35] [INFO] [(15, 'lan页面不输入局域网地址时的提示语检查 ', 'Pass', '2017-10-13 02:20:07', '2017-10-13 02:20:35', '0:00:28', '')]
[2017-10-13 02:20:38] [INFO] <xlrd.book.Book object at 0x0000000003B683C8>
[2017-10-13 02:20:38] [INFO] <xlwt.Workbook.Workbook object at 0x0000000004520DD8>
[2017-10-13 02:21:09] [INFO] IP地址含非法字符，请重新输入。
[2017-10-13 02:21:11] [INFO] IP地址含非法字符，请重新输入。
[2017-10-13 02:21:13] [INFO] IP地址含非法字符，请重新输入。
[2017-10-13 02:21:15] [INFO] IP地址含非法字符，请重新输入。
[2017-10-13 02:21:18] [INFO] IP地址格式错误，请重新输入。
[2017-10-13 02:21:20] [INFO] IP地址含非法字符，请重新输入。
[2017-10-13 02:21:20] [INFO] [(16, 'lan页面输入格式错误的局域网地址时的提示语检查 ', 'Pass', '2017-10-13 02:20:44', '2017-10-13 02:21:20', '0:00:36', '')]
[2017-10-13 02:21:23] [INFO] <xlrd.book.Book object at 0x0000000003B683C8>
[2017-10-13 02:21:23] [INFO] <xlwt.Workbook.Workbook object at 0x0000000003C14F28>
[2017-10-13 02:23:00] [INFO] [(17, 'lan页面修改局域网地址是否可以成功 ', 'Pass', '2017-10-13 02:21:29', '2017-10-13 02:23:00', '0:01:31', '')]
[2017-10-13 02:23:00] [INFO] 测试完成后修改到原来的IP
[2017-10-13 02:24:16] [INFO] <xlrd.book.Book object at 0x0000000003B68400>
[2017-10-13 02:24:16] [INFO] <xlwt.Workbook.Workbook object at 0x0000000003D5ECF8>
[2017-10-13 02:24:55] [INFO] 地址池开始值错误，请重新输入。
[2017-10-13 02:24:55] [INFO] [(18, '开始IP地址非法时提示信息检查 ', 'Pass', '2017-10-13 02:24:22', '2017-10-13 02:24:55', '0:00:33', '')]
[2017-10-13 02:24:58] [INFO] <xlrd.book.Book object at 0x0000000003B68400>
[2017-10-13 02:24:58] [INFO] <xlwt.Workbook.Workbook object at 0x0000000003CB60F0>
[2017-10-13 02:25:35] [INFO] 地址池结束值错误，请重新输入。
[2017-10-13 02:25:35] [INFO] [(19, '结束IP地址非法时提示信息检查 ', 'Pass', '2017-10-13 02:25:04', '2017-10-13 02:25:35', '0:00:31', '')]
[2017-10-13 02:25:38] [INFO] <xlrd.book.Book object at 0x0000000003B683C8>
[2017-10-13 02:25:38] [INFO] <xlwt.Workbook.Workbook object at 0x0000000003C160F0>
[2017-10-13 02:26:18] [INFO] 地址池结束值不能小于开始值，请重新输入。
[2017-10-13 02:26:18] [INFO] [(20, '开始IP地址大于结束IP地址时，提示语检查 ', 'Pass', '2017-10-13 02:25:45', '2017-10-13 02:26:18', '0:00:33', '')]
[2017-10-13 02:26:21] [INFO] <xlrd.book.Book object at 0x0000000003B68400>
[2017-10-13 02:26:21] [INFO] <xlwt.Workbook.Workbook object at 0x0000000003C96198>
[2017-10-13 02:27:05] [INFO] [(21, '开始ip地址和结束IP地址都合法时，是否可以成功保存 ', 'Pass', '2017-10-13 02:26:27', '2017-10-13 02:27:05', '0:00:38', '')]
[2017-10-13 02:27:08] [INFO] <xlrd.book.Book object at 0x0000000003B68400>
[2017-10-13 02:27:08] [INFO] <xlwt.Workbook.Workbook object at 0x0000000003CC5240>
[2017-10-13 02:27:42] [INFO] [(22, 'DHCP 能否被正确关闭 ', 'Pass', '2017-10-13 02:27:14', '2017-10-13 02:27:42', '0:00:28', '')]
[2017-10-13 02:27:45] [INFO] <xlrd.book.Book object at 0x0000000003B683C8>
[2017-10-13 02:27:45] [INFO] <xlwt.Workbook.Workbook object at 0x0000000003C140B8>
[2017-10-13 02:28:08] [INFO] [(23, '是否能顺利跳转到无线wifi设置界面 ', 'Pass', '2017-10-13 02:27:50', '2017-10-13 02:28:08', '0:00:18', '')]
[2017-10-13 02:28:11] [INFO] <xlrd.book.Book object at 0x0000000003B4DF60>
[2017-10-13 02:28:11] [INFO] <xlwt.Workbook.Workbook object at 0x0000000003C0EBA8>
[2017-10-13 02:28:34] [INFO] wifiname:frt_test
[2017-10-13 02:28:34] [INFO] wifiname:iot123321
[2017-10-13 02:28:34] [INFO] [(24, 'wifi页面默认项检查 ', 'Pass', '2017-10-13 02:28:17', '2017-10-13 02:28:34', '0:00:17', '')]
[2017-10-13 02:28:37] [INFO] <xlrd.book.Book object at 0x0000000003B4DF60>
[2017-10-13 02:28:37] [INFO] <xlwt.Workbook.Workbook object at 0x0000000003C9EC88>
[2017-10-13 02:33:25] [INFO] [(25, 'wifi名称各种组合是否支持 ', 'Pass', '2017-10-13 02:28:42', '2017-10-13 02:33:25', '0:04:43', '')]
[2017-10-13 02:33:28] [INFO] <xlrd.book.Book object at 0x0000000003B4DFD0>
[2017-10-13 02:33:28] [INFO] <xlwt.Workbook.Workbook object at 0x0000000003C51D68>
[2017-10-13 02:33:52] [INFO] 请输入2.4G无线名称。
[2017-10-13 02:33:52] [INFO] [(26, '不输入wifi名称时的提示语检查 ', 'Pass', '2017-10-13 02:33:34', '2017-10-13 02:33:52', '0:00:18', '')]
[2017-10-13 02:33:55] [INFO] <xlrd.book.Book object at 0x0000000003B4DF98>
[2017-10-13 02:33:55] [INFO] <xlwt.Workbook.Workbook object at 0x0000000003C10DD8>
[2017-10-13 02:34:42] [INFO] [(27, '不输入wifi密码时是否可以保存成功 ', 'Pass', '2017-10-13 02:34:00', '2017-10-13 02:34:42', '0:00:42', '')]
[2017-10-13 02:34:42] [INFO] 测试完成后恢复wifi密码
[2017-10-13 02:35:08] [INFO] <xlrd.book.Book object at 0x0000000003B4CF98>
[2017-10-13 02:35:08] [INFO] <xlwt.Workbook.Workbook object at 0x0000000003C1EF60>
[2017-10-13 02:35:47] [INFO] [(28, '输入错误格式的wifi 密码，提示语检查 ', 'Pass', '2017-10-13 02:35:14', '2017-10-13 02:35:47', '0:00:33', '')]
[2017-10-13 02:35:47] [INFO] 测试完成恢复wifi密码
[2017-10-13 02:36:14] [INFO] <xlrd.book.Book object at 0x0000000003B4CF98>
[2017-10-13 02:36:14] [INFO] <xlwt.Workbook.Workbook object at 0x0000000003C1BF60>
[2017-10-13 02:39:35] [INFO] [(29, '是否支持各种格式的wifi密码 ', 'Pass', '2017-10-13 02:36:19', '2017-10-13 02:39:35', '0:03:16', '')]
[2017-10-13 02:39:35] [INFO] 测试完成恢复wifi密码
[2017-10-13 02:40:06] [INFO] <xlrd.book.Book object at 0x0000000003B4CF98>
[2017-10-13 02:40:06] [INFO] <xlwt.Workbook.Workbook object at 0x0000000003CE6F28>
[2017-10-13 02:40:38] [INFO] no found
[2017-10-13 02:40:38] [INFO] no found
[2017-10-13 02:40:38] [INFO] no found
[2017-10-13 02:40:38] [INFO] no found
[2017-10-13 02:40:38] [INFO] no found
[2017-10-13 02:40:38] [INFO] no found
[2017-10-13 02:40:38] [INFO] no found
[2017-10-13 02:40:38] [INFO] no found
[2017-10-13 02:40:38] [INFO] no found
[2017-10-13 02:40:38] [INFO] no found
[2017-10-13 02:40:38] [INFO] no found
[2017-10-13 02:40:38] [INFO] no found
[2017-10-13 02:40:38] [INFO] no found
[2017-10-13 02:40:38] [INFO] no found
[2017-10-13 02:40:38] [INFO] no found
[2017-10-13 02:40:38] [INFO] no found
[2017-10-13 02:40:38] [INFO] no found
[2017-10-13 02:40:38] [INFO] no found
[2017-10-13 02:40:38] [INFO] no found
[2017-10-13 02:40:38] [INFO] no found
[2017-10-13 02:40:38] [INFO] no found
[2017-10-13 02:40:38] [INFO] no found
[2017-10-13 02:40:38] [INFO] no found
[2017-10-13 02:40:38] [INFO] no found
[2017-10-13 02:40:38] [INFO] no found
[2017-10-13 02:40:38] [INFO] no found
[2017-10-13 02:40:38] [INFO] no found
[2017-10-13 02:40:38] [INFO] no found
[2017-10-13 02:40:38] [INFO] no found
[2017-10-13 02:40:38] [INFO] no found
[2017-10-13 02:40:38] [INFO] no found
[2017-10-13 02:40:38] [INFO] no found
[2017-10-13 02:40:38] [INFO] no found
[2017-10-13 02:40:38] [INFO] no found
[2017-10-13 02:40:38] [INFO] no found
[2017-10-13 02:40:38] [INFO] no found
[2017-10-13 02:40:38] [INFO] no found
[2017-10-13 02:40:38] [INFO] no found
[2017-10-13 02:40:38] [INFO] no found
[2017-10-13 02:40:38] [INFO] no found
[2017-10-13 02:40:38] [INFO] no found
[2017-10-13 02:40:38] [INFO] no found
[2017-10-13 02:40:38] [INFO] no found
[2017-10-13 02:40:38] [INFO] no found
[2017-10-13 02:40:38] [INFO] no found
[2017-10-13 02:40:38] [INFO] no found
[2017-10-13 02:40:38] [INFO] no found
[2017-10-13 02:40:38] [INFO] no found
[2017-10-13 02:40:38] [INFO] no found
[2017-10-13 02:40:38] [INFO] no found
[2017-10-13 02:40:38] [INFO] no found
[2017-10-13 02:40:38] [INFO] no found
[2017-10-13 02:40:38] [INFO] no found
[2017-10-13 02:40:38] [INFO] no found
[2017-10-13 02:40:38] [INFO] no found
[2017-10-13 02:40:38] [INFO] no found
[2017-10-13 02:40:38] [INFO] no found
[2017-10-13 02:40:38] [INFO] no found
[2017-10-13 02:40:38] [INFO] no found
[2017-10-13 02:40:38] [INFO] no found
[2017-10-13 02:40:38] [INFO] no found
[2017-10-13 02:40:38] [INFO] no found
[2017-10-13 02:40:38] [INFO] no found
[2017-10-13 02:40:38] [INFO] no found
[2017-10-13 02:40:38] [INFO] no found
[2017-10-13 02:40:38] [INFO] no found
[2017-10-13 02:40:38] [INFO] no found
[2017-10-13 02:40:38] [INFO] no found
[2017-10-13 02:40:38] [INFO] no found
[2017-10-13 02:40:38] [INFO] no found
[2017-10-13 02:40:38] [INFO] no found
[2017-10-13 02:40:38] [INFO] no found
[2017-10-13 02:40:38] [INFO] no found
[2017-10-13 02:40:38] [INFO] no found
[2017-10-13 02:40:38] [INFO] no found
[2017-10-13 02:40:38] [INFO] no found
[2017-10-13 02:40:38] [INFO] no found
[2017-10-13 02:40:38] [INFO] no found
[2017-10-13 02:40:38] [INFO] no found
[2017-10-13 02:40:38] [INFO] no found
[2017-10-13 02:40:38] [INFO] no found
[2017-10-13 02:40:38] [INFO] no found
[2017-10-13 02:40:38] [INFO] no found
[2017-10-13 02:40:38] [INFO] no found
[2017-10-13 02:40:38] [INFO] no found
[2017-10-13 02:40:38] [INFO] no found
[2017-10-13 02:40:38] [INFO] no found
[2017-10-13 02:40:38] [INFO] no found
[2017-10-13 02:40:38] [INFO] no found
[2017-10-13 02:40:38] [INFO] no found
[2017-10-13 02:40:38] [INFO] no found
[2017-10-13 02:40:38] [INFO] no found
[2017-10-13 02:40:38] [INFO] no found
[2017-10-13 02:40:38] [INFO] no found
[2017-10-13 02:40:38] [INFO] no found
[2017-10-13 02:40:38] [INFO] no found
[2017-10-13 02:40:38] [INFO] no found
[2017-10-13 02:40:38] [INFO] no found
[2017-10-13 02:40:38] [INFO] no found
[2017-10-13 02:40:38] [INFO] no found
[2017-10-13 02:40:38] [INFO] no found
[2017-10-13 02:40:38] [INFO] no found
[2017-10-13 02:40:38] [INFO] no found
[2017-10-13 02:40:38] [INFO] no found
[2017-10-13 02:40:38] [INFO] no found
[2017-10-13 02:40:38] [INFO] no found
[2017-10-13 02:40:38] [INFO] no found
[2017-10-13 02:40:38] [INFO] no found
[2017-10-13 02:40:38] [INFO] no found
[2017-10-13 02:40:38] [INFO] no found
[2017-10-13 02:40:38] [INFO] no found
[2017-10-13 02:40:38] [INFO] no found
[2017-10-13 02:40:38] [INFO] no found
[2017-10-13 02:40:38] [INFO] no found
[2017-10-13 02:40:38] [INFO] no found
[2017-10-13 02:40:38] [INFO] no found
[2017-10-13 02:40:38] [INFO] no found
[2017-10-13 02:40:38] [INFO] no found
[2017-10-13 02:40:38] [INFO] no found
[2017-10-13 02:40:38] [INFO] no found
[2017-10-13 02:40:38] [INFO] no found
[2017-10-13 02:40:38] [INFO] no found
[2017-10-13 02:40:38] [INFO] no found
[2017-10-13 02:40:38] [INFO] no found
[2017-10-13 02:40:38] [INFO] no found
[2017-10-13 02:40:38] [INFO] no found
[2017-10-13 02:40:38] [INFO] no found
[2017-10-13 02:40:38] [INFO] no found
[2017-10-13 02:40:38] [INFO] no found
[2017-10-13 02:40:38] [INFO] no found
[2017-10-13 02:40:38] [INFO] no found
[2017-10-13 02:40:38] [INFO] no found
[2017-10-13 02:40:38] [INFO] no found
[2017-10-13 02:40:38] [INFO] no found
[2017-10-13 02:40:38] [INFO] [(30, '关闭wifi 后，查看电脑的无线列表 ', 'Pass', '2017-10-13 02:40:12', '2017-10-13 02:40:38', '0:00:26', '')]
[2017-10-13 02:40:38] [INFO] 测试完成后恢复到wifi打开的状态
[2017-10-13 02:40:47] [INFO] <xlrd.book.Book object at 0x0000000003B4BFD0>
[2017-10-13 02:40:47] [INFO] <xlwt.Workbook.Workbook object at 0x0000000003C1C048>
[2017-10-13 02:41:45] [INFO] no found
[2017-10-13 02:41:45] [INFO] no found
[2017-10-13 02:41:45] [INFO] no found
[2017-10-13 02:41:45] [INFO] no found
[2017-10-13 02:41:45] [INFO] no found
[2017-10-13 02:41:45] [INFO] no found
[2017-10-13 02:41:45] [INFO] no found
[2017-10-13 02:41:45] [INFO] no found
[2017-10-13 02:41:45] [INFO] no found
[2017-10-13 02:41:45] [INFO] no found
[2017-10-13 02:41:45] [INFO] no found
[2017-10-13 02:41:45] [INFO] no found
[2017-10-13 02:41:45] [INFO] no found
[2017-10-13 02:41:45] [INFO] no found
[2017-10-13 02:41:45] [INFO] no found
[2017-10-13 02:41:45] [INFO] no found
[2017-10-13 02:41:45] [INFO] no found
[2017-10-13 02:41:45] [INFO] no found
[2017-10-13 02:41:45] [INFO] no found
[2017-10-13 02:41:45] [INFO] no found
[2017-10-13 02:41:45] [INFO] no found
[2017-10-13 02:41:45] [INFO] no found
[2017-10-13 02:41:45] [INFO] no found
[2017-10-13 02:41:45] [INFO] no found
[2017-10-13 02:41:45] [INFO] no found
[2017-10-13 02:41:45] [INFO] no found
[2017-10-13 02:41:45] [INFO] no found
[2017-10-13 02:41:45] [INFO] no found
[2017-10-13 02:41:45] [INFO] no found
[2017-10-13 02:41:45] [INFO] no found
[2017-10-13 02:41:45] [INFO] no found
[2017-10-13 02:41:45] [INFO] no found
[2017-10-13 02:41:45] [INFO] no found
[2017-10-13 02:41:45] [INFO] no found
[2017-10-13 02:41:45] [INFO] no found
[2017-10-13 02:41:45] [INFO] no found
[2017-10-13 02:41:45] [INFO] no found
[2017-10-13 02:41:45] [INFO] no found
[2017-10-13 02:41:45] [INFO] no found
[2017-10-13 02:41:45] [INFO] no found
[2017-10-13 02:41:45] [INFO] no found
[2017-10-13 02:41:45] [INFO] no found
[2017-10-13 02:41:45] [INFO] no found
[2017-10-13 02:41:45] [INFO] no found
[2017-10-13 02:41:45] [INFO] no found
[2017-10-13 02:41:45] [INFO] no found
[2017-10-13 02:41:45] [INFO] no found
[2017-10-13 02:41:45] [INFO] no found
[2017-10-13 02:41:45] [INFO] no found
[2017-10-13 02:41:45] [INFO] no found
[2017-10-13 02:41:45] [INFO] no found
[2017-10-13 02:41:45] [INFO] no found
[2017-10-13 02:41:45] [INFO] no found
[2017-10-13 02:41:45] [INFO] no found
[2017-10-13 02:41:45] [INFO] no found
[2017-10-13 02:41:45] [INFO] no found
[2017-10-13 02:41:45] [INFO] no found
[2017-10-13 02:41:45] [INFO] no found
[2017-10-13 02:41:45] [INFO] no found
[2017-10-13 02:41:45] [INFO] no found
[2017-10-13 02:41:45] [INFO] no found
[2017-10-13 02:41:45] [INFO] no found
[2017-10-13 02:41:45] [INFO] no found
[2017-10-13 02:41:45] [INFO] no found
[2017-10-13 02:41:45] [INFO] no found
[2017-10-13 02:41:45] [INFO] no found
[2017-10-13 02:41:45] [INFO] no found
[2017-10-13 02:41:45] [INFO] no found
[2017-10-13 02:41:45] [INFO] no found
[2017-10-13 02:41:45] [INFO] no found
[2017-10-13 02:41:45] [INFO] no found
[2017-10-13 02:41:45] [INFO] no found
[2017-10-13 02:41:45] [INFO] no found
[2017-10-13 02:41:45] [INFO] no found
[2017-10-13 02:41:45] [INFO] no found
[2017-10-13 02:41:45] [INFO] no found
[2017-10-13 02:41:45] [INFO] no found
[2017-10-13 02:41:45] [INFO] no found
[2017-10-13 02:41:45] [INFO] no found
[2017-10-13 02:41:45] [INFO] no found
[2017-10-13 02:41:45] [INFO] no found
[2017-10-13 02:41:45] [INFO] no found
[2017-10-13 02:41:45] [INFO] no found
[2017-10-13 02:41:45] [INFO] no found
[2017-10-13 02:41:45] [INFO] no found
[2017-10-13 02:41:45] [INFO] no found
[2017-10-13 02:41:45] [INFO] no found
[2017-10-13 02:41:45] [INFO] no found
[2017-10-13 02:41:45] [INFO] no found
[2017-10-13 02:41:45] [INFO] no found
[2017-10-13 02:41:45] [INFO] no found
[2017-10-13 02:41:45] [INFO] no found
[2017-10-13 02:41:45] [INFO] no found
[2017-10-13 02:41:45] [INFO] no found
[2017-10-13 02:41:45] [INFO] no found
[2017-10-13 02:41:45] [INFO] no found
[2017-10-13 02:41:45] [INFO] no found
[2017-10-13 02:41:45] [INFO] no found
[2017-10-13 02:41:45] [INFO] no found
[2017-10-13 02:41:45] [INFO] no found
[2017-10-13 02:41:45] [INFO] no found
[2017-10-13 02:41:45] [INFO] no found
[2017-10-13 02:41:45] [INFO] no found
[2017-10-13 02:41:45] [INFO] no found
[2017-10-13 02:41:45] [INFO] no found
[2017-10-13 02:41:45] [INFO] no found
[2017-10-13 02:41:45] [INFO] no found
[2017-10-13 02:41:45] [INFO] no found
[2017-10-13 02:41:45] [INFO] no found
[2017-10-13 02:41:45] [INFO] no found
[2017-10-13 02:41:45] [INFO] no found
[2017-10-13 02:41:45] [INFO] no found
[2017-10-13 02:41:45] [INFO] no found
[2017-10-13 02:41:45] [INFO] no found
[2017-10-13 02:41:45] [INFO] no found
[2017-10-13 02:41:45] [INFO] no found
[2017-10-13 02:41:45] [INFO] no found
[2017-10-13 02:41:45] [INFO] no found
[2017-10-13 02:41:45] [INFO] no found
[2017-10-13 02:41:45] [INFO] no found
[2017-10-13 02:41:45] [INFO] no found
[2017-10-13 02:41:45] [INFO] no found
[2017-10-13 02:41:45] [INFO] no found
[2017-10-13 02:41:45] [INFO] no found
[2017-10-13 02:41:45] [INFO] no found
[2017-10-13 02:41:45] [INFO] no found
[2017-10-13 02:41:45] [INFO] no found
[2017-10-13 02:41:45] [INFO] no found
[2017-10-13 02:41:45] [INFO] no found
[2017-10-13 02:41:45] [INFO] no found
[2017-10-13 02:41:45] [INFO] no found
[2017-10-13 02:41:45] [INFO] no found
[2017-10-13 02:41:45] [INFO] no found
[2017-10-13 02:41:45] [INFO] no found
[2017-10-13 02:41:45] [INFO] no found
[2017-10-13 02:41:45] [INFO] no found
[2017-10-13 02:41:45] [INFO] no found
[2017-10-13 02:41:45] [INFO] no found
[2017-10-13 02:41:45] [INFO] no found
[2017-10-13 02:41:45] [INFO] no found
[2017-10-13 02:41:45] [INFO] no found
[2017-10-13 02:41:45] [INFO] no found
[2017-10-13 02:41:45] [INFO] no found
[2017-10-13 02:41:45] [INFO] no found
[2017-10-13 02:41:45] [INFO] no found
[2017-10-13 02:41:45] [INFO] no found
[2017-10-13 02:41:45] [INFO] no found
[2017-10-13 02:41:45] [INFO] no found
[2017-10-13 02:41:45] [INFO] no found
[2017-10-13 02:41:45] [INFO] [(31, '关闭SSID,查看电脑列表能否搜索到wifi名称 ', 'Pass', '2017-10-13 02:40:52', '2017-10-13 02:41:45', '0:00:53', '')]
[2017-10-13 02:41:45] [INFO] 测试完成后关闭ssid隐藏
[2017-10-13 02:42:08] [INFO] <xlrd.book.Book object at 0x0000000003B4BFD0>
[2017-10-13 02:42:08] [INFO] <xlwt.Workbook.Workbook object at 0x0000000003D380F0>
[2017-10-13 02:42:41] [INFO] [(32, '不输入原密码时的提示信息检查 ', 'Pass', '2017-10-13 02:42:15', '2017-10-13 02:42:41', '0:00:26', '')]
[2017-10-13 02:42:44] [INFO] <xlrd.book.Book object at 0x0000000003B82D68>
[2017-10-13 02:42:44] [INFO] <xlwt.Workbook.Workbook object at 0x0000000003C15D68>
[2017-10-13 02:43:19] [INFO] [(33, '不输入新密码时的提示信息检查 ', 'Pass', '2017-10-13 02:42:49', '2017-10-13 02:43:19', '0:00:30', '')]
[2017-10-13 02:43:22] [INFO] <xlrd.book.Book object at 0x0000000003B83D68>
[2017-10-13 02:43:22] [INFO] <xlwt.Workbook.Workbook object at 0x0000000003C9CDD8>
[2017-10-13 02:43:55] [INFO] [(34, '确认密码不输入时提示信息检查 ', 'Pass', '2017-10-13 02:43:27', '2017-10-13 02:43:55', '0:00:28', '')]
[2017-10-13 02:43:58] [INFO] <xlrd.book.Book object at 0x0000000003BBA6A0>
[2017-10-13 02:43:58] [INFO] <xlwt.Workbook.Workbook object at 0x0000000003CC3160>
[2017-10-13 02:44:32] [INFO] [(35, '确认密码与新密码不一致时的提示信息检查 ', 'Pass', '2017-10-13 02:44:04', '2017-10-13 02:44:32', '0:00:28', '')]
[2017-10-13 02:44:35] [INFO] <xlrd.book.Book object at 0x0000000003BBC5C0>
[2017-10-13 02:44:35] [INFO] <xlwt.Workbook.Workbook object at 0x0000000003C25160>
[2017-10-13 02:45:10] [INFO] [(36, '原密码错误时提示信息检查 ', 'Pass', '2017-10-13 02:44:41', '2017-10-13 02:45:10', '0:00:29', '')]
[2017-10-13 02:45:13] [INFO] <xlrd.book.Book object at 0x0000000003BBA860>
[2017-10-13 02:45:13] [INFO] <xlwt.Workbook.Workbook object at 0x0000000003C25240>
[2017-10-13 02:45:48] [INFO] [(37, '新密码格式错误时提示信息检查 ', 'Pass', '2017-10-13 02:45:19', '2017-10-13 02:45:48', '0:00:29', '')]
[2017-10-13 02:45:51] [INFO] <xlrd.book.Book object at 0x0000000003B82DA0>
[2017-10-13 02:45:51] [INFO] <xlwt.Workbook.Workbook object at 0x0000000003C1CF98>
[2017-10-13 02:46:57] [INFO] [(38, '修改登录密码查看是否可以登录成功', 'Pass', '2017-10-13 02:45:58', '2017-10-13 02:46:57', '0:00:59', '')]
[2017-10-13 02:46:57] [INFO] 测试完成恢复登录密码
[2017-10-13 02:47:12] [INFO] <xlrd.book.Book object at 0x0000000003B82D68>
[2017-10-13 02:47:12] [INFO] <xlwt.Workbook.Workbook object at 0x0000000003C25D68>
[2017-10-13 02:47:51] [INFO] [(39, '检查时区能否正确改变 ', 'Pass', '2017-10-13 02:47:18', '2017-10-13 02:47:51', '0:00:33', '')]
[2017-10-13 02:47:51] [INFO] 测试完成恢复时区
[2017-10-13 02:47:57] [INFO] <xlrd.book.Book object at 0x0000000003B82D68>
[2017-10-13 02:47:57] [INFO] <xlwt.Workbook.Workbook object at 0x0000000003C1BDD8>
[2017-10-13 02:48:34] [INFO] ./upgrade/upload.exe E:\wifitest\upgrade\eeee.png
[2017-10-13 02:48:34] [INFO] 开始用autoit3脚本控制选择本地文件
[2017-10-13 02:48:47] [INFO] [(40, '上传错误的升级文件时，错误提示 ', 'Pass', '2017-10-13 02:48:03', '2017-10-13 02:48:47', '0:00:44', '')]
[2017-10-13 02:48:50] [INFO] <xlrd.book.Book object at 0x0000000003B82DA0>
[2017-10-13 02:48:50] [INFO] <xlwt.Workbook.Workbook object at 0x0000000003C1F048>
[2017-10-13 02:50:49] [INFO] [(41, '重启功能检查 ', 'Pass', '2017-10-13 02:48:55', '2017-10-13 02:50:49', '0:01:54', '')]
[2017-10-13 02:50:52] [INFO] <xlrd.book.Book object at 0x0000000003B82DA0>
[2017-10-13 02:50:52] [INFO] <xlwt.Workbook.Workbook object at 0x0000000003C4A080>
[2017-10-13 02:51:28] [INFO] [(42, '取消重启检查 ', 'Pass', '2017-10-13 02:50:59', '2017-10-13 02:51:28', '0:00:29', '')]
[2017-10-13 02:51:31] [INFO] <xlrd.book.Book object at 0x0000000003B84CF8>
[2017-10-13 02:51:31] [INFO] <xlwt.Workbook.Workbook object at 0x0000000003C1AF98>
[2017-10-13 02:51:53] [INFO] [(43, '退出系统 ', 'Pass', '2017-10-13 02:51:37', '2017-10-13 02:51:53', '0:00:16', '')]
[2017-10-13 02:51:56] [INFO] <xlrd.book.Book object at 0x0000000003B835F8>
[2017-10-13 02:51:56] [INFO] <xlwt.Workbook.Workbook object at 0x0000000003CC0198>
[2017-10-13 02:51:57] [INFO] 发送邮件
